
TreeMix v. 1.13
$Revision: 231 $

npop:7 nsnp:17505003
Estimating covariance matrix in 14587 blocks of size 1200
SEED: 1607913359
Starting from:
(B:0.0898208,(G:0.142441,E:0.142343):0.0898208);
Adding A [4/7]
ln(likelihood): -16648.887 
((G:0.137128,E:0.137042):0.0876494,(B:0,A:0.0014565):0.0876494);
Adding D [5/7]
ln(likelihood): -2525.9949 
((A:0.0220158,((G:0.120965,E:0.120833):0.0389022,D:0.118944):0.132631):0.0104552,B:0.0104552);
Adding C [6/7]
ln(likelihood): -3390.9253 
((A:0.0205907,((G:0.120756,E:0.120635):0.0389099,D:0.118737):0.135735):0.00322119,(B:0.0145008,C:0.0174765):0.00322119);
Adding F [7/7]
ln(likelihood): 213.42122 
(((((G:0.121772,E:0.121662):0.0388811,D:0.119769):0.116071,F:0.0537454):0.0222315,(B:0.0105126,C:0.0134884):0.00644608):0.00863554,A:0.00863554);
Testing global rearrangements
G:0.121772 ((G:0.121772,E:0.121662):0.0388811,D:0.119769):0.116071
-4535.7629 213.42122
G:0.121772 F:0.0537454
-156138.39 213.42122
G:0.121772 B:0.0105126
-261964.97 213.42122
G:0.121772 (B:0.0105126,C:0.0134884):0.00644608
-241487.18 213.42122
G:0.121772 C:0.0134884
-261964.97 213.42122
G:0.121772 A:0.00863554
-241487.18 213.42122
D:0.119769 G:0.121772
-4535.7629 213.42122
F:0.0537454 D:0.119769
-92671.342 213.42122
F:0.0537454 B:0.0105126
-10000.715 213.42122
F:0.0537454 (B:0.0105126,C:0.0134884):0.00644608
-6786.6453 213.42122
F:0.0537454 C:0.0134884
-10000.715 213.42122
B:0.0105126 A:0.00863554
-349.39654 213.42122
A:0.00863554 G:0.121772
-281158.68 213.42122
A:0.00863554 (G:0.121772,E:0.121662):0.0388811
-159503.11 213.42122
A:0.00863554 E:0.121662
-281158.68 213.42122
A:0.00863554 ((G:0.121772,E:0.121662):0.0388811,D:0.119769):0.116071
-6786.6453 213.42122
A:0.00863554 D:0.119769
-159503.11 213.42122
A:0.00863554 (((G:0.121772,E:0.121662):0.0388811,D:0.119769):0.116071,F:0.0537454):0.0222315
213.42122 213.42122
A:0.00863554 F:0.0537454
-6786.6453 213.42122
DONE.
