
TreeMix v. 1.13
$Revision: 231 $

npop:7 nsnp:17505003
Estimating covariance matrix in 87525 blocks of size 200
SEED: 1607913084
Starting from:
(D:0.126217,(A:0,C:0):0.126217);
Adding G [4/7]
ln(likelihood): -18264.662 
((A:0.0127189,C:0.0134721):0.068193,(D:0.129137,G:0.158513):0.068193);
Adding F [5/7]
ln(likelihood): -8483.8211 
((D:0.124195,G:0.155339):0.0585466,((A:0.0174841,C:0.0185358):0.0199848,F:0.0584051):0.0585466);
Adding B [6/7]
ln(likelihood): -17964.415 
((D:0.120605,((A:0.0172985,(C:0.0135156,B:0.0105401):0.00644603):0.0222129,F:0.0537826):0.113798):0.0832859,G:0.0832859);
Adding E [7/7]
ln(likelihood): 235.95888 
(((D:0.119767,((A:0.0172709,(C:0.0134881,B:0.0105126):0.00644603):0.0222317,F:0.0537457):0.116067):0.0388862,G:0.121772):0.0608308,E:0.0608308);
Testing global rearrangements
D:0.119767 A:0.0172709
-841014.51 235.95888
D:0.119767 (A:0.0172709,(C:0.0134881,B:0.0105126):0.00644603):0.0222317
-528689.42 235.95888
D:0.119767 C:0.0134881
-912224.25 235.95888
D:0.119767 (C:0.0134881,B:0.0105126):0.00644603
-841014.51 235.95888
D:0.119767 B:0.0105126
-912224.25 235.95888
D:0.119767 E:0.0608308
-26531.935 235.95888
A:0.0172709 D:0.119767
-893624.18 235.95888
A:0.0172709 B:0.0105126
-2832.2662 235.95888
F:0.0537457 A:0.0172709
-38796.275 235.95888
F:0.0537457 G:0.121772
-989429.03 235.95888
F:0.0537457 E:0.0608308
-989429.03 235.95888
G:0.121772 D:0.119767
-26531.935 235.95888
G:0.121772 E:0.0608308
235.95888 235.95888
E:0.0608308 D:0.119767
-26531.935 235.95888
E:0.0608308 F:0.0537457
-871214.1 235.95888
E:0.0608308 G:0.121772
235.95888 235.95888
Targeting migration to vicinity of:
D E
G F
D A
D C

G F
D E
F G
G F
E D
Trying D E
D:0.119767 E:0.0608308
1->2 0.078036837 236.65766 235.95888
2->1 0.067334965 236.65766 236.65766
p1->2 0.99991387 235.95889 236.65766
Trying E D
E:8.20026e+06 D:0.119767
Trying F G
((A:0.0172709,(C:0.0134881,B:0.0105126):0.00644603):0.0222317,F:0.0537457):0.116067 G:0.121772
1->2 0.016479636 236.65766 236.65766
2->1 0.17986722 236.65766 236.65766
p2->1 4.0751289e-05 235.95887 236.65766
F:0.0537457 G:0.121772
1->2 0.0019156102 236.7578 236.65766
2->1 0.0034849585 236.481 236.7578
p2->1 0.0036258015 236.50107 236.7578
Trying G F
G:0.121772 ((A:0.0172709,(C:0.0134881,B:0.0105126):0.00644603):0.0217149,F:0.054656):0.116572
G:0.121772 F:0.054656
Migration added
Local updates around node 1: 0 ln(lk):236.7578 
Local updates around node 2: 0 ln(lk):236.7578 
Updates in migration position: 0 ln(lk):236.7578 
Switches in migration direction: 0 ln(lk):236.7578 
ln(likelihood):236.7578 
Targeting migration to vicinity of:
F E
D A
D C
D B

D A
D C
D B
D A
D C
D B
D A
D C
D B
F E
Trying D A
D:0.119647 A:0.0172709
1->2 9.6039679e-05 236.76986 236.7578
2->1 0.0063318266 237.19877 236.76986
p1->2 6.2255936e-07 236.75781 237.19877
p2->1 0.099995285 237.19877 237.19877
D:0.162186 ((C:0.0134881,B:0.0105126):0.00644603,A:0.0172709):0.022278
1->2 0.003381049 237.19877 237.19877
p1->2 4.0751289e-05 236.75779 237.19877
Trying D B
D:0.119647 B:0.0105126
1->2 5.7946159e-05 236.7649 237.19877
2->1 0.0049197529 237.16785 237.19877
p1->2 6.2255936e-07 236.75781 237.19877
p2->1 0.0063318266 237.19877 237.19877
D:0.122037 (C:0.0134881,B:0.0105126):0.00644603
1->2 0.00017933312 236.80236 237.19877
p1->2 6.2255936e-07 236.75781 237.19877
D:0.119647 (A:0.0172709,(C:0.0134881,B:0.0105126):0.0064461):0.0222091
Trying D C
D:0.119647 C:0.0134881
1->2 5.7946159e-05 236.76498 237.19877
2->1 0.0049197529 237.16785 237.19877
p1->2 6.2255936e-07 236.75781 237.19877
D:0.119647 (B:0.0105125,C:0.0134882):0.00644607
D:0.119647 (A:0.0172709,(B:0.0105125,C:0.0134882):0.00644607):0.022209
Trying F E
F:0.0537683 E:0.0606973
1->2 0.00079110416 236.8706 237.19877
2->1 0.0036049047 237.19887 237.19877
p1->2 0.65043545 236.75561 237.19887
Migration added
Local updates around node 1: 0 ln(lk):237.19887 
Local updates around node 2: 0 ln(lk):237.19887 
Updates in migration position: 0 ln(lk):237.19887 
Switches in migration direction: 0 ln(lk):237.19887 
ln(likelihood):237.19909 
Targeting migration to vicinity of:
D E
G B
A G
C G

A G
C G
B G
A G
C G
B G
D E
G A
G C
G B
Trying A G
A:0.0172709 G:0.122508
1->2 3.0968394e-07 237.19909 237.19909
2->1 3.8719494e-07 237.19909 237.19909
p1->2 3.0968394e-07 237.19909 237.19909
p2->1 3.8719494e-07 237.19909 237.19909
((B:0.0105126,C:0.0134881):0.00644599,A:0.017271):0.0217459 G:0.122508
2->1 0.0008357527 237.19909 237.19909
p1->2 0.0008357527 237.19909 237.19909
p2->1 4.0751289e-05 237.19909 237.19909
Trying B G
B:0.0105126 G:0.122508
1->2 3.0968394e-07 237.19909 237.19909
2->1 3.8719494e-07 237.19909 237.19909
p1->2 3.0968394e-07 237.19909 237.19909
p2->1 3.8719494e-07 237.19909 237.19909
(A:0.0172709,(C:0.013488,B:0.0105126):0.00644606):0.0217459 G:0.122508
(C:0.013488,B:0.0105126):0.00644606 G:0.122508
2->1 3.8719494e-07 237.19909 237.19909
p2->1 3.8719494e-07 237.19909 237.19909
Trying C G
C:0.0134881 G:0.122508
1->2 3.0968394e-07 237.19909 237.19909
2->1 3.8719494e-07 237.19909 237.19909
p2->1 3.8719494e-07 237.19909 237.19909
(A:0.0172709,(B:0.0105126,C:0.0134881):0.00644606):0.0217459 G:0.122508
(B:0.0105126,C:0.0134881):0.00644606 G:0.122508
Trying D E
D:0.119618 E:0.120002
1->2 0.0008357527 237.19909 237.19909
2->1 6.2255936e-07 237.19909 237.19909
p1->2 0.099995285 237.19909 237.19909
Trying G A
G:0.122508 A:0.0172709
G:0.122508 (A:0.0172709,(B:0.0105126,C:0.0134881):0.00644603):0.0217459
Trying G B
G:0.122508 B:0.0105126
G:0.122508 (A:0.0172709,(B:0.0105126,C:0.0134881):0.00644603):0.0217459
G:0.122508 (B:0.0105126,C:0.0134881):0.00644603
Trying G C
G:0.122508 C:0.0134881
G:0.122508 (A:0.0172709,(B:0.0105126,C:0.0134881):0.00644603):0.0217459
G:0.122508 (B:0.0105126,C:0.0134881):0.00644603
Migration added
Local updates around node 1: 0 ln(lk):237.19909 
Local updates around node 2: 0 ln(lk):237.19909 
Updates in migration position: 0 ln(lk):237.19909 
Switches in migration direction: 0 ln(lk):237.19909 
ln(likelihood):237.19909 
Targeting migration to vicinity of:
D G
C E
B E
A E

A E
C E
B E
A E
C E
B E
A E
C E
B E
D G
G D
Trying A E
((B:0.0105126,C:0.0134881):0.00644603,A:0.0172709):0.02206 E:0.0918285
1->2 6.2716344e-06 237.19909 237.19909
2->1 6.2716344e-06 237.19909 237.19909
p1->2 0.099995285 237.19909 237.19909
A:0.0172709 E:0.121851
1->2 6.2716344e-06 237.19909 237.19909
2->1 3.0968394e-07 237.19909 237.19909
Trying B E
B:0.0105126 E:0.0918259
1->2 3.0968394e-07 237.19909 237.19909
2->1 3.0968394e-07 237.19909 237.19909
p1->2 6.2716344e-06 237.19909 237.19909
(C:0.0134881,B:0.0105126):0.00644603 E:0.091791
2->1 3.0968394e-07 237.19909 237.19909
(A:0.0172709,(C:0.0134881,B:0.0105126):0.00644608):0.02206 E:0.0918233
Trying C E
(C:0.0134881,B:0.0105126):0.00644608 E:0.0918233
C:0.0134881 E:0.0918233
1->2 3.0968394e-07 237.19909 237.19909
2->1 3.0968394e-07 237.19909 237.19909
(A:0.0172709,(B:0.0105126,C:0.0134881):0.00644606):0.02206 E:0.0918259
Trying D G
D:0.119587 G:0.122509
1->2 0.0008357527 237.19909 237.19909
2->1 0.099995285 237.19909 237.19909
p1->2 0.0008357527 237.19909 237.19909
p2->1 4.0751289e-05 237.19909 237.19909
Trying G D
G:0.122509 D:0.119598
Migration added
Local updates around node 1: 0 ln(lk):237.19909 
Local updates around node 2: 0 ln(lk):237.19909 
Updates in migration position: 0 ln(lk):237.19909 
Switches in migration direction: 0 ln(lk):237.19909 
ln(likelihood):237.19909 
DONE.
