
TreeMix v. 1.13
$Revision: 231 $

npop:7 nsnp:17505003
Estimating covariance matrix in 43762 blocks of size 400
SEED: 1607913359
Starting from:
(B:0.0898213,(G:0.142442,E:0.142344):0.0898213);
Adding A [4/7]
ln(likelihood): -48095.09 
((G:0.137129,E:0.137042):0.0876498,(B:0,A:0.00145571):0.0876498);
Adding D [5/7]
ln(likelihood): -7377.2447 
((A:0.0220155,((G:0.120966,E:0.120832):0.0389059,D:0.118943):0.132628):0.0104551,B:0.0104551);
Adding C [6/7]
ln(likelihood): -10024.646 
((A:0.0205904,((G:0.120756,E:0.120634):0.0389136,D:0.118736):0.135733):0.00322117,(B:0.0145006,C:0.0174763):0.00322117);
Adding F [7/7]
ln(likelihood): 227.72986 
((A:0.0172708,(((G:0.121772,E:0.121662):0.0388848,D:0.119767):0.116069,F:0.0537455):0.0222315):0.00322303,(B:0.0105125,C:0.0134882):0.00322303);
Testing global rearrangements
A:0.0172708 G:0.121772
-817967.95 227.72986
A:0.0172708 D:0.119767
-465465.61 227.72986
G:0.121772 D:0.119767
-13662.402 227.72986
D:0.119767 A:0.0172708
-436629.67 227.72986
D:0.119767 F:0.0537455
-272564.45 227.72986
D:0.119767 B:0.0105125
-474801.91 227.72986
D:0.119767 (B:0.0105125,C:0.0134882):0.00322303
-436629.67 227.72986
D:0.119767 C:0.0134882
-474801.91 227.72986
F:0.0537455 A:0.0172708
-20153.003 227.72986
F:0.0537455 B:0.0105125
-29437.422 227.72986
F:0.0537455 (B:0.0105125,C:0.0134882):0.00322303
-20153.003 227.72986
F:0.0537455 C:0.0134882
-29437.422 227.72986
B:0.0105125 A:0.0172708
-1395.7338 227.72986
DONE.
