
TreeMix v. 1.13
$Revision: 231 $

npop:7 nsnp:17505003
Estimating covariance matrix in 7956 blocks of size 2200
SEED: 1607912815
Starting from:
(B:0.0713386,(G:0.161208,D:0.133789):0.0713386);
Adding F [4/7]
ln(likelihood): -3342.4866 
((G:0.163712,D:0.134388):0.0573538,(B:0.0214807,F:0.0511309):0.0573538);
Adding C [5/7]
ln(likelihood): -690.51483 
((G:0.155,D:0.123873):0.0585741,(F:0.0580869,(B:0.0101584,C:0.0131343):0.0269327):0.0585741);
Adding E [6/7]
ln(likelihood): 38.295839 
((B:0.00929998,C:0.0122759):0.0145447,(F:0.0543489,(D:0.120334,(G:0.122336,E:0.122216):0.0388604):0.116551):0.0145447);
Adding A [7/7]
ln(likelihood): 205.20278 
((B:0.0105129,((F:0.0537443,(D:0.119772,(G:0.121773,E:0.121663):0.03887):0.116079):0.0222313,A:0.0172709):0.00644631):0.00674439,C:0.00674439);
Testing global rearrangements
B:0.0105129 D:0.119772
-94149.034 205.20278
B:0.0105129 G:0.121773
-164010.87 205.20278
F:0.0537443 B:0.0105129
-5412.8399 205.20278
F:0.0537443 A:0.0172709
-3642.0229 205.20278
D:0.119772 F:0.0537443
-50743.973 205.20278
D:0.119772 E:0.121663
-2400.7598 205.20278
A:0.0172709 D:0.119772
-87562.016 205.20278
C:0.00674439 A:0.0172709
-104.95451 205.20278
Targeting migration to vicinity of:
D E
G F
B D
D A

G F
D E
F G
E D
G F
E D
Trying D E
D:0.119772 E:0.121663
1->2 0.0057424628 205.27048 205.20278
2->1 0.3970964 205.27048 205.27048
p1->2 4.0751289e-05 205.20278 205.27048
Trying E D
E:0.121674 D:0.119772
Trying F G
F:0.0537443 G:0.121771
1->2 0.0019267334 205.27997 205.27048
2->1 0.0035051624 205.25296 205.27997
p1->2 0.0019631728 205.27048 205.27997
p2->1 0.0057424628 205.25514 205.27997
F:0.0551359 (E:0.121663,G:0.121773):0.0389053
1->2 0.3970964 205.25514 205.27997
p1->2 4.0751289e-05 205.20278 205.27997
Trying G F
G:0.121773 F:0.0537443
(E:0.121663,G:0.121773):0.038878 F:0.0537443
Migration added
Local updates around node 1: 0 ln(lk):205.27997 
Local updates around node 2: 0 ln(lk):205.27997 
Updates in migration position: 0 ln(lk):205.27997 
Switches in migration direction: 0 ln(lk):205.27997 
ln(likelihood):205.27997 
Targeting migration to vicinity of:
F E
D A
B D
D C

B D
C D
A D
D B
D A
E F
D B
D C
F E
A D
Trying A D
A:0.0172709 D:0.119651
1->2 0.0063318266 205.32275 205.27997
2->1 9.7509241e-05 205.28115 205.32275
p1->2 0.0063318266 205.32275 205.32275
p2->1 4.0751289e-05 205.27997 205.32275
Trying B D
B:0.0105129 D:0.119651
1->2 0.0049197529 205.31977 205.32275
2->1 5.6539659e-05 205.28065 205.32275
p1->2 0.0049197529 205.31977 205.32275
p2->1 3.0968394e-07 205.27997 205.32275
Trying C D
C:0.00674439 D:0.119651
1->2 0.0049197529 205.31977 205.32275
2->1 5.6868579e-05 205.28066 205.32275
p2->1 4.5131677e-07 205.27997 205.32275
Trying D A
D:0.119651 A:0.0172709
Trying D B
D:0.119651 B:0.0105129
Trying D C
D:0.119651 C:0.0067444
Trying E F
E:0.121394 F:0.0537669
1->2 0.0036049047 205.32276 205.32275
2->1 0.00081076915 205.29098 205.32276
p1->2 0.015326404 205.32277 205.32276
p2->1 6.2353583e-06 205.27997 205.32277
Trying F E
F:0.0537669 E:0.121397
Migration added
Local updates around node 1: 0 ln(lk):205.32277 
Local updates around node 2: 0 ln(lk):205.32277 
Updates in migration position: 0 ln(lk):205.32277 
Switches in migration direction: 0 ln(lk):205.32277 
ln(likelihood):205.32277 
DONE.
