
TreeMix v. 1.13
$Revision: 231 $

npop:7 nsnp:17505003
Estimating covariance matrix in 6251 blocks of size 2800
SEED: 1607913359
Starting from:
(B:0.0898188,(G:0.142439,E:0.142342):0.0898188);
Adding A [4/7]
ln(likelihood): -7186.897 
((G:0.137126,E:0.13704):0.0876478,(B:0,A:0.00145786):0.0876478);
Adding D [5/7]
ln(likelihood): -1044.0047 
((A:0.0220151,((G:0.120966,E:0.120834):0.0388881,D:0.118949):0.132641):0.0104555,B:0.0104555);
Adding C [6/7]
ln(likelihood): -1392.125 
((A:0.0205901,((G:0.120757,E:0.120636):0.0388957,D:0.118742):0.135745):0.00322132,(B:0.014501,C:0.0174769):0.00322132);
Adding F [7/7]
ln(likelihood): 201.89327 
((A:0.0172706,(((G:0.121773,E:0.121663):0.0388669,D:0.119774):0.116082,F:0.0537442):0.0222309):0.00322317,(B:0.0105129,C:0.0134889):0.00322317);
Testing global rearrangements
A:0.0172706 G:0.121773
-121585.9 201.89327
A:0.0172706 D:0.119774
-68884.2 201.89327
G:0.121773 D:0.119774
-1848.4694 201.89327
D:0.119774 A:0.0172706
-64414.691 201.89327
D:0.119774 F:0.0537442
-39887.965 201.89327
D:0.119774 B:0.0105129
-70233.652 201.89327
D:0.119774 (B:0.0105129,C:0.0134889):0.00322317
-64414.691 201.89327
D:0.119774 C:0.0134889
-70233.652 201.89327
F:0.0537442 A:0.0172706
-2826.6313 201.89327
F:0.0537442 B:0.0105129
-4221.1569 201.89327
F:0.0537442 (B:0.0105129,C:0.0134889):0.00322317
-2826.6313 201.89327
F:0.0537442 C:0.0134889
-4221.1569 201.89327
B:0.0105129 A:0.0172706
-42.391843 201.89327
DONE.
