
TreeMix v. 1.13
$Revision: 231 $

npop:7 nsnp:17505003
Estimating covariance matrix in 12503 blocks of size 1400
SEED: 1607912815
Starting from:
(B:0.0713355,(G:0.161213,D:0.133786):0.0713355);
Adding F [4/7]
ln(likelihood): -5257.4215 
((G:0.163718,D:0.134386):0.0573506,(B:0.0214817,F:0.0511331):0.0573506);
Adding C [5/7]
ln(likelihood): -1132.293 
((G:0.155007,D:0.123871):0.0585709,(F:0.0580884,(B:0.0101584,C:0.0131343):0.026933):0.0585709);
Adding E [6/7]
ln(likelihood): -20.598812 
((B:0.00929972,C:0.0122756):0.0145446,(F:0.0543499,(D:0.120331,(G:0.122336,E:0.122215):0.0388697):0.116544):0.0145446);
Adding A [7/7]
ln(likelihood): 211.34616 
((F:0.0537453,((B:0.0105126,C:0.0134885):0.00644611,A:0.017271):0.0222314):0.0580363,(D:0.119769,(G:0.121772,E:0.121662):0.0388793):0.0580363);
Testing global rearrangements
F:0.0537453 B:0.0105126
-8566.2182 211.34616
F:0.0537453 A:0.017271
-5803.0959 211.34616
F:0.0537453 G:0.121772
-150624.53 211.34616
F:0.0537453 (G:0.121772,E:0.121662):0.0388793
-79537.603 211.34616
F:0.0537453 E:0.121662
-150624.53 211.34616
B:0.0105126 F:0.0537453
-8296.361 211.34616
B:0.0105126 A:0.017271
-272.59709 211.34616
A:0.017271 F:0.0537453
-5803.0959 211.34616
A:0.017271 D:0.119769
-137004.34 211.34616
A:0.017271 (D:0.119769,(G:0.121772,E:0.121662):0.0388793):0.0580363
-5803.0959 211.34616
A:0.017271 G:0.121772
-241570.03 211.34616
A:0.017271 (G:0.121772,E:0.121662):0.0388793
-137004.34 211.34616
A:0.017271 E:0.121662
-241570.03 211.34616
D:0.119769 G:0.121772
-3867.0561 211.34616
D:0.119769 E:0.121662
-3867.0561 211.34616
Targeting migration to vicinity of:
D E
G F
B D
D A

G F
D E
E D
G F
Trying D E
D:0.119769 E:0.121662
1->2 0.17986722 211.45207 211.34616
2->1 0.17986722 211.45207 211.45207
p1->2 4.0751289e-05 211.34616 211.45207
Trying E D
E:0.121674 D:0.119769
Trying G F
(G:0.121771,E:0.121674):0.0388809 F:0.0537453
1->2 0.078036837 211.4281 211.45207
2->1 0.20468213 211.4281 211.45207
p1->2 0.92138368 211.34616 211.45207
p2->1 0.00070473342 211.34616 211.45207
G:0.121772 (((B:0.0105126,C:0.0134885):0.00644611,A:0.017271):0.0222314,F:0.0537453):0.116073
1->2 0.051593695 211.45207 211.45207
2->1 0.099995285 211.45207 211.45207
p1->2 0.00026379287 211.34616 211.45207
G:0.121772 F:0.0537453
1->2 0.0035051624 211.42471 211.45207
2->1 0.0019267334 211.46693 211.45207
Migration added
Local updates around node 1: 0 ln(lk):211.46693 
Local updates around node 2: 0 ln(lk):211.46693 
Updates in migration position: 0 ln(lk):211.46693 
Switches in migration direction: 0 ln(lk):211.46693 
ln(likelihood):211.46693 
Targeting migration to vicinity of:
F E
B D
D A
D C

B D
C D
A D
D B
D C
D A
E F
D B
D C
D A
F E
A D
Trying A D
A:0.017271 D:0.119649
1->2 0.0063318266 211.53388 211.46693
2->1 9.8076482e-05 211.46878 211.53388
p1->2 0.099995285 211.53388 211.53388
p2->1 0.0053747296 211.46693 211.53388
((B:0.0105126,C:0.0134885):0.0063261,A:0.0175788):0.0223289 D:0.119649
2->1 0.0026463708 211.53388 211.53388
p1->2 0.078036837 211.46693 211.53388
p2->1 0.0008357527 211.46693 211.53388
Trying B D
(B:0.0105126,C:0.0134885):0.00644611 D:0.119649
1->2 0.0063318266 211.53388 211.53388
2->1 0.00017933312 211.47377 211.53388
p2->1 0.099995285 211.46693 211.53388
B:0.0105126 D:0.119649
1->2 0.0049197529 211.52922 211.53388
2->1 5.7946159e-05 211.468 211.53388
p2->1 3.6306955e-07 211.46693 211.53388
(A:0.017271,(C:0.0134885,B:0.0105127):0.00644612):0.0222089 D:0.119649
Trying C D
(C:0.0134885,B:0.0105127):0.00644612 D:0.119649
C:0.0134885 D:0.119649
1->2 0.0049197529 211.52922 211.53388
2->1 5.7946159e-05 211.46802 211.53388
p2->1 4.7680956e-07 211.46693 211.53388
(A:0.017271,(B:0.0105126,C:0.0134885):0.00644612):0.0222089 D:0.119649
Trying D A
D:0.119649 A:0.017271
D:0.119649 (A:0.017271,(B:0.0105126,C:0.0134885):0.00644612):0.0222089
Trying D B
D:0.119649 (B:0.0105126,C:0.0134885):0.00644612
D:0.119649 B:0.0105126
D:0.119649 (A:0.017271,(B:0.0105126,C:0.0134885):0.00644612):0.0222089
Trying D C
D:0.119649 (B:0.0105126,C:0.0134885):0.00644612
D:0.119649 C:0.0134885
D:0.119649 (A:0.017271,(B:0.0105126,C:0.0134885):0.00644612):0.0222089
Trying E F
E:0.121394 F:0.0537679
1->2 0.0035920499 211.53389 211.53388
2->1 0.00079855864 211.48419 211.53389
p1->2 0.015326404 211.5339 211.53389
p2->1 0.016859977 211.46656 211.5339
Trying F E
F:0.0537687 E:0.126285
Migration added
Local updates around node 1: 0 ln(lk):211.5339 
Local updates around node 2: 0 ln(lk):211.5339 
Updates in migration position: 0 ln(lk):211.5339 
Switches in migration direction: 0 ln(lk):211.5339 
ln(likelihood):211.5339 
DONE.
