
TreeMix v. 1.13
$Revision: 231 $

npop:7 nsnp:17505003
Estimating covariance matrix in 4606 blocks of size 3800
SEED: 1607912681
Starting from:
((F:0.0768921,D:0.178633):0.0276255,B:0.0276255);
Adding A [4/7]
ln(likelihood): -4481.1937 
((F:0.0505948,(B:0.0125756,A:0.0147969):0.00583503):0.121115,D:0.121115);
Adding C [5/7]
ln(likelihood): -3970.1224 
((F:0.0573514,(A:0.0208543,(B:0.0140967,C:0.0170726):0.00644634):0.0234553):0.122843,D:0.122843);
Adding E [6/7]
ln(likelihood): -886.77396 
(((F:0.0537707,(A:0.0172877,(B:0.0105301,C:0.013506):0.00644634):0.0222122):0.113983,D:0.120488):0.0831717,E:0.0831717);
Adding G [7/7]
ln(likelihood): 197.6916 
(E:0.0608315,(((F:0.0537442,(A:0.0172706,(B:0.0105129,C:0.0134889):0.00644634):0.0222309):0.116082,D:0.119774):0.0388669,G:0.121773):0.0608315);
Testing global rearrangements
E:0.0608315 F:0.0537442
-49236.343 197.6916
E:0.0608315 D:0.119774
-1316.1492 197.6916
F:0.0537442 D:0.119774
-29394.823 197.6916
A:0.0172706 F:0.0537442
-2039.1591 197.6916
B:0.0105129 A:0.0172706
17.145518 197.6916
D:0.119774 E:0.0608315
-1316.1492 197.6916
D:0.119774 A:0.0172706
-47515.673 197.6916
G:0.121773 D:0.119774
-1316.1492 197.6916
Targeting migration to vicinity of:
D E
F G
D B
D C

D E
F G
D E
F G
Trying D E
D:0.119774 E:0.0608315
1->2 0.099995285 197.73093 197.6916
2->1 0.099995285 197.73093 197.73093
p1->2 0.0008357527 197.6916 197.73093
Trying F G
(F:0.0537442,(A:0.0172706,(B:0.0105129,C:0.0134889):0.00644634):0.0222309):0.116082 G:0.121773
1->2 0.099995285 197.73093 197.73093
2->1 0.091048792 197.73093 197.73093
p2->1 4.0751289e-05 197.6916 197.73093
F:0.0537442 G:0.121773
1->2 0.0019267334 197.73643 197.73093
2->1 0.0035051624 197.72074 197.73643
p2->1 0.0036258015 197.72201 197.73643
Migration added
Local updates around node 1: 0 ln(lk):197.73643 
Local updates around node 2: 0 ln(lk):197.73643 
Updates in migration position: 0 ln(lk):197.73643 
Switches in migration direction: 0 ln(lk):197.73643 
ln(likelihood):197.73643 
DONE.
