
TreeMix v. 1.13
$Revision: 231 $

npop:7 nsnp:17505003
Estimating covariance matrix in 4376 blocks of size 4000
SEED: 1607913222
Starting from:
((E:0.141515,G:0.141613):0.0913579,C:0.0913579);
Adding F [4/7]
ln(likelihood): -5594.2262 
(C:0.0239247,((E:0.116911,G:0.116997):0.128053,F:0.0714067):0.0239247);
Adding A [5/7]
ln(likelihood): -1496.8071 
((F:0.0534245,(C:0.0160709,A:0.0150187):0.0150258):0.0764071,(E:0.131627,G:0.131703):0.0764071);
Adding B [6/7]
ln(likelihood): -2298.0043 
((F:0.057062,(A:0.0203667,(C:0.0165844,B:0.0136086):0.00644613):0.0245882):0.0785199,(E:0.116096,G:0.116162):0.0785199);
Adding D [7/7]
ln(likelihood): 196.98233 
((E:0.121663,G:0.121772):0.0194386,((F:0.0537451,(A:0.0172709,(C:0.0134885,B:0.0105128):0.00644613):0.0222314):0.116074,D:0.11977):0.0194386);
Testing global rearrangements
E:0.121663 F:0.0537451
-46770.884 196.98233
E:0.121663 D:0.11977
-1242.1259 196.98233
F:0.0537451 D:0.11977
-27914.937 196.98233
A:0.0172709 F:0.0537451
-1928.4612 196.98233
C:0.0134885 A:0.0172709
25.447856 196.98233
D:0.11977 E:0.121663
-1242.1259 196.98233
D:0.11977 A:0.0172709
-45133.739 196.98233
Targeting migration to vicinity of:
E D
G F
B D
A D

G F
E D
G F
E D
Trying E D
E:0.121663 D:0.11977
1->2 0.12586832 197.0197 196.98233
2->1 0.014303165 197.0197 197.0197
p1->2 0.016859977 196.98233 197.0197
p2->1 0.099995285 196.98233 197.0197
Trying G F
G:0.121772 (F:0.0537451,(A:0.0172709,(C:0.0134885,B:0.0105128):0.00644613):0.0222314):0.116074
1->2 0.099995285 197.0197 197.0197
2->1 0.17986722 197.0197 197.0197
p1->2 0.099995285 196.98233 197.0197
p2->1 0.099995285 196.98233 197.0197
G:0.150334 F:0.0537451
1->2 0.0035051624 197.01001 197.0197
2->1 0.0019267334 197.02493 197.0197
p1->2 0.051593695 197.01123 197.02493
(E:0.121663,G:0.121772):0.0375476 F:0.0665106
2->1 0.10924691 197.01123 197.02493
p2->1 0.99991387 196.98233 197.02493
Migration added
Local updates around node 1: 0 ln(lk):197.02493 
Local updates around node 2: 0 ln(lk):197.02493 
Updates in migration position: 0 ln(lk):197.02493 
Switches in migration direction: 0 ln(lk):197.02493 
ln(likelihood):197.02493 
Targeting migration to vicinity of:
E F
B D
A D
C D

C D
A D
B D
C D
A D
B D
C D
A D
B D
E F
Trying A D
(A:0.0172709,(C:0.0134885,B:0.0105128):0.00644613):0.0222088 D:0.119649
1->2 0.099995285 197.04855 197.02493
2->1 0.0026463708 197.04855 197.04855
p2->1 4.0751289e-05 197.02493 197.04855
A:0.0172709 D:0.119649
1->2 0.0063318266 197.04855 197.04855
2->1 9.8076482e-05 197.02558 197.04855
p2->1 6.2255936e-07 197.02493 197.04855
Trying B D
((C:0.0134885,B:0.0105128):0.00644607,A:0.017271):0.0222089 D:0.119649
B:0.0105128 D:0.119649
1->2 0.0049197529 197.0469 197.04855
2->1 5.7946159e-05 197.0253 197.04855
p1->2 0.0063318266 197.04855 197.04855
p2->1 6.2255936e-07 197.02493 197.04855
(C:0.0134885,B:0.0105128):0.00644617 D:0.119649
2->1 0.00017933312 197.02734 197.04855
p2->1 6.2255936e-07 197.02493 197.04855
Trying C D
(A:0.0172708,(C:0.0134885,B:0.0105128):0.0064462):0.0222089 D:0.119649
(C:0.0134885,B:0.0105128):0.0064462 D:0.119649
C:0.0134885 D:0.119649
1->2 0.0049197529 197.0469 197.04855
2->1 5.7946159e-05 197.02531 197.04855
p2->1 6.2255936e-07 197.02493 197.04855
Trying E F
E:0.121394 F:0.0537676
1->2 0.0035920499 197.04855 197.04855
2->1 0.00080320082 197.03101 197.04855
p1->2 0.015326404 197.04855 197.04855
p2->1 0.099995285 197.02479 197.04855
Migration added
Local updates around node 1: 0 ln(lk):197.04855 
Local updates around node 2: 0 ln(lk):197.04855 
Updates in migration position: 0 ln(lk):197.04855 
Switches in migration direction: 0 ln(lk):197.04855 
ln(likelihood):197.04855 
Targeting migration to vicinity of:
G D
E B
E A
C E

C E
A E
B E
E C
E A
E B
E C
E A
E B
G D
Trying A E
(A:0.0172709,(B:0.0105128,C:0.0134885):0.00644613):0.0205289 E:0.121405
1->2 3.0968394e-07 197.04855 197.04855
2->1 0.0008357527 197.04855 197.04855
p1->2 0.0008357527 197.04855 197.04855
p2->1 0.0008357527 197.04855 197.04855
A:0.0172709 E:0.121405
1->2 3.0968394e-07 197.04855 197.04855
2->1 3.0968394e-07 197.04855 197.04855
p2->1 3.0968394e-07 197.04855 197.04855
Trying B E
B:0.0105128 E:0.121405
1->2 3.0968394e-07 197.04855 197.04855
2->1 3.0968394e-07 197.04855 197.04855
p1->2 3.0968394e-07 197.04855 197.04855
p2->1 3.0968394e-07 197.04855 197.04855
(C:0.0134885,B:0.0105128):0.00644615 E:0.121405
2->1 3.0968394e-07 197.04855 197.04855
p2->1 3.0968394e-07 197.04855 197.04855
(A:0.0172708,(C:0.0134885,B:0.0105128):0.00644617):0.0205289 E:0.121405
Trying C E
(C:0.0134885,B:0.0105128):0.00644617 E:0.121405
(A:0.0172708,(C:0.0134885,B:0.0105128):0.00644617):0.0205289 E:0.121405
C:0.0134885 E:0.121405
1->2 3.0968394e-07 197.04855 197.04855
2->1 3.0968394e-07 197.04855 197.04855
p2->1 3.0968394e-07 197.04855 197.04855
Trying E A
E:0.121405 (A:0.0172709,(B:0.0105127,C:0.0134886):0.00644615):0.0205289
E:0.121405 A:0.0172709
Trying E B
E:0.121405 B:0.0105127
E:0.121405 (B:0.0105127,C:0.0134886):0.00644615
E:0.121405 (A:0.0172709,(B:0.0105127,C:0.0134886):0.00644615):0.0205289
Trying E C
E:0.121405 (B:0.0105127,C:0.0134886):0.00644615
E:0.121405 (A:0.0172709,(B:0.0105127,C:0.0134886):0.00644615):0.0205289
E:0.121405 C:0.0134886
Trying G D
G:0.122503 D:0.119621
1->2 0.0008357527 197.04855 197.04855
2->1 0.099995285 197.04855 197.04855
p1->2 0.099995285 197.04855 197.04855
p2->1 0.099995285 197.04855 197.04855
Migration added
Local updates around node 1: 0 ln(lk):197.04855 
Local updates around node 2: 0 ln(lk):197.04855 
Updates in migration position: 0 ln(lk):197.04855 
Switches in migration direction: 0 ln(lk):197.04855 
ln(likelihood):197.04855 
Targeting migration to vicinity of:
F D
D D
E D
E E

F D
D F
D D
E D
E E
F D
D F
D D
Trying D D
D:0.119587 D:0.119587
p1->2 0.099995285 197.04855 197.04855
Trying D F
D:0.147637 F:0.0568655
1->2 0.099995285 197.04855 197.04855
2->1 0.099995285 197.04855 197.04855
p1->2 0.099995285 197.04855 197.04855
Trying E D
E:0.121404 D:0.119562
1->2 0.3970964 197.04855 197.04855
2->1 0.0008357527 197.04855 197.04855
p1->2 0.099995285 197.04855 197.04855
p2->1 0.099995285 197.04855 197.04855
Trying E E
E:0.153114 E:0.153114
p1->2 0.099995285 197.04855 197.04855
E:0.14988 (G:0.122504,E:0.14988):0.032753
(G:0.122504,E:0.14988):0.032753 (G:0.122504,E:0.14988):0.032753
Trying F D
F:0.0568655 D:0.119587
ln(likelihood):197.04855 
Targeting migration to vicinity of:
D D
E D
F D
G D

F D
D F
D D
E D
F D
D F
D D
E D
Trying D D
D:0.119587 D:0.119587
p1->2 0.099995285 197.04855 197.04855
Trying D F
D:0.147637 F:0.0568615
1->2 0.099995285 197.04855 197.04855
2->1 0.099995285 197.04855 197.04855
p1->2 0.099995285 197.04855 197.04855
Trying E D
E:0.121404 D:0.119561
1->2 0.66425264 197.04855 197.04855
2->1 0.0008357527 197.04855 197.04855
p1->2 0.099995285 197.04855 197.04855
p2->1 0.099995285 197.04855 197.04855
Trying F D
F:0.0568615 D:0.119585
ln(likelihood):197.04855 
DONE.
