
TreeMix v. 1.13
$Revision: 231 $

npop:7 nsnp:17505003
Estimating covariance matrix in 7293 blocks of size 2400
SEED: 1607912949
Starting from:
((E:0.141667,G:0.141765):0.0907666,A:0.0907666);
Adding C [4/7]
ln(likelihood): -8390.2673 
((E:0.136899,G:0.136985):0.0878435,(A:0.00131617,C:0.00207038):0.0878435);
Adding B [5/7]
ln(likelihood): -147.6958 
((E:0.125151,G:0.125226):0.0883793,(A:0.0164735,(C:0.0133652,B:0.0103892):0.00509879):0.0883793);
Adding F [6/7]
ln(likelihood): -3900.5685 
((E:0.116095,G:0.116161):0.0785191,((A:0.020367,(C:0.0165849,B:0.013609):0.00644631):0.0245885,F:0.0570616):0.0785191);
Adding D [7/7]
ln(likelihood): 204.0106 
(((A:0.0172709,(C:0.0134888,B:0.0105129):0.00644631):0.0222313,F:0.0537443):0.0580395,((E:0.121663,G:0.121773):0.03887,D:0.119772):0.0580395);
Testing global rearrangements
A:0.0172709 ((A:0.0172709,(C:0.0134888,B:0.0105129):0.00644631):0.0222313,F:0.0537443):0.0580395
-3325.5233 204.0106
A:0.0172709 G:0.121773
-141722.9 204.0106
A:0.0172709 D:0.119772
-80308.845 204.0106
C:0.0134888 A:0.0172709
-80.552187 204.0106
F:0.0537443 A:0.0172709
-3325.5233 204.0106
F:0.0537443 E:0.121663
-88244.682 204.0106
F:0.0537443 (E:0.121663,G:0.121773):0.03887
-46527.978 204.0106
F:0.0537443 G:0.121773
-88244.682 204.0106
E:0.121663 D:0.119772
-2186.2375 204.0106
D:0.119772 A:0.0172709
-75105.32 204.0106
D:0.119772 (A:0.0172709,(C:0.0134888,B:0.0105129):0.00644631):0.0222313
-46527.978 204.0106
D:0.119772 C:0.0134888
-81880.135 204.0106
D:0.119772 (C:0.0134888,B:0.0105129):0.00644631
-75105.32 204.0106
D:0.119772 B:0.0105129
-81880.135 204.0106
D:0.119772 ((A:0.0172709,(C:0.0134888,B:0.0105129):0.00644631):0.0222313,F:0.0537443):0.0580395
204.0106 204.0106
D:0.119772 F:0.0537443
-46527.978 204.0106
Targeting migration to vicinity of:
E D
G F
B D
A D

F G
E D
D E
G F
Trying D E
D:0.119772 E:0.121663
1->2 0.016859977 204.07269 204.0106
2->1 0.099995285 204.07269 204.07269
p1->2 4.0751289e-05 204.0106 204.07269
Trying E D
E:0.121674 D:0.119772
Trying F G
((A:0.0172709,(C:0.0134888,B:0.0105129):0.00644631):0.0222313,F:0.0537443):0.0580395 G:0.121771
1->2 0.016859977 204.07269 204.07269
2->1 0.016859977 204.07269 204.07269
p2->1 0.99775207 204.0106 204.07269
F:0.0537443 G:0.121773
1->2 0.0019267334 204.08139 204.07269
2->1 0.0035051624 204.05662 204.08139
p2->1 0.096514925 204.05863 204.08139
F:0.079673 (E:0.121663,G:0.121773):0.0389053
1->2 0.39919356 204.05863 204.08139
p1->2 0.016979244 204.0106 204.08139
p2->1 0.0008357527 204.0106 204.08139
Trying G F
G:0.121773 ((A:0.0172709,(C:0.0134888,B:0.0105129):0.00644631):0.0222313,F:0.0538343):0
G:0.121773 F:0.0538343
(E:0.121663,G:0.121773):0.03887 F:0.0538343
Migration added
Local updates around node 1: 0 ln(lk):204.08139 
Local updates around node 2: 0 ln(lk):204.08139 
Updates in migration position: 0 ln(lk):204.08139 
Switches in migration direction: 0 ln(lk):204.08139 
ln(likelihood):204.08139 
Targeting migration to vicinity of:
E F
B D
A D
C D

A D
C D
B D
F E
A D
C D
B D
A D
C D
B D
E F
D A
Trying A D
(A:0.0172709,(C:0.0134888,B:0.0105129):0.00644631):0.0222088 D:0.119651
1->2 0.099995285 204.12064 204.08139
2->1 0.0026463708 204.12064 204.12064
p1->2 0.099995285 204.08139 204.12064
p2->1 0.0008357527 204.08139 204.12064
A:0.0172709 D:0.119651
1->2 0.0063318266 204.12064 204.12064
2->1 9.8076482e-05 204.08248 204.12064
p2->1 0.033863567 204.08139 204.12064
Trying B D
(C:0.0134888,B:0.0105129):0.00566788 D:0.119651
1->2 0.0063318266 204.12064 204.12064
2->1 0.00017933312 204.0854 204.12064
p2->1 0.3970964 204.08139 204.12064
B:0.0105129 D:0.119651
1->2 0.0049197529 204.11791 204.12064
2->1 5.7946159e-05 204.08202 204.12064
p2->1 3.6306955e-07 204.08139 204.12064
(A:0.0172709,(C:0.0134888,B:0.0105129):0.00644632):0.0222088 D:0.119651
Trying C D
(C:0.0134888,B:0.0105129):0.00644632 D:0.119651
(A:0.0172709,(C:0.0134888,B:0.0105129):0.00644632):0.0222088 D:0.119651
C:0.0134888 D:0.119651
1->2 0.0049197529 204.11791 204.12064
2->1 5.7946159e-05 204.08203 204.12064
p2->1 4.7680956e-07 204.08139 204.12064
Trying D A
D:0.119651 (A:0.0172709,(B:0.0105129,C:0.0134888):0.00644632):0.0222088
D:0.119651 A:0.0172709
Trying E F
E:0.121394 F:0.0537669
1->2 0.0036049047 204.12064 204.12064
2->1 0.00079855864 204.0915 204.12064
p1->2 0.015326404 204.12065 204.12064
p2->1 0.10015381 204.08117 204.12065
Trying F E
F:0.0537678 E:0.154765
Migration added
Local updates around node 1: 0 ln(lk):204.12065 
Local updates around node 2: 0 ln(lk):204.12065 
Updates in migration position: 0 ln(lk):204.12065 
Switches in migration direction: 0 ln(lk):204.12065 
ln(likelihood):204.12065 
Targeting migration to vicinity of:
G D
E B
A E
E C

A E
C E
B E
E A
E C
E B
E A
E C
E B
G D
D G
Trying A E
(A:0.0172709,(B:0.0105129,C:0.0134888):0.00644631):0.0205287 E:0.121405
1->2 3.0968394e-07 204.12065 204.12065
2->1 0.0008357527 204.12065 204.12065
p1->2 0.0008357527 204.12065 204.12065
p2->1 0.0008357527 204.12065 204.12065
A:0.0172709 E:0.121405
1->2 3.0968394e-07 204.12065 204.12065
2->1 3.0968394e-07 204.12065 204.12065
p2->1 3.0968394e-07 204.12065 204.12065
Trying B E
(B:0.0105129,C:0.0134888):0.00644628 E:0.121405
1->2 3.0968394e-07 204.12065 204.12065
2->1 3.0968394e-07 204.12065 204.12065
p2->1 3.0968394e-07 204.12065 204.12065
B:0.0105129 E:0.121405
1->2 3.0968394e-07 204.12065 204.12065
2->1 3.0968394e-07 204.12065 204.12065
p2->1 3.0968394e-07 204.12065 204.12065
(A:0.0172709,(C:0.0134888,B:0.0105129):0.00644633):0.0205288 E:0.121405
Trying C E
(C:0.0134888,B:0.0105129):0.00644633 E:0.121405
(A:0.0172709,(C:0.0134888,B:0.0105129):0.00644633):0.0205288 E:0.121405
C:0.0134888 E:0.121405
1->2 3.0968394e-07 204.12065 204.12065
2->1 3.0968394e-07 204.12065 204.12065
p2->1 3.0968394e-07 204.12065 204.12065
Trying D G
D:0.119623 G:0.122503
1->2 0.099995285 204.12065 204.12065
2->1 0.0008357527 204.12065 204.12065
p1->2 4.0751289e-05 204.12065 204.12065
p2->1 0.099995285 204.12065 204.12065
Trying E A
E:0.121405 (A:0.0172709,(B:0.0105129,C:0.0134888):0.00644631):0.0205293
E:0.121405 A:0.0172709
Trying E B
E:0.121405 (B:0.0105129,C:0.0134888):0.00644631
E:0.121405 B:0.0105129
E:0.121405 (A:0.0172709,(B:0.0105129,C:0.0134888):0.00644631):0.0205293
Trying E C
E:0.121405 (B:0.0105129,C:0.0134888):0.00644631
E:0.121405 (A:0.0172709,(B:0.0105129,C:0.0134888):0.00644631):0.0205293
E:0.121405 C:0.0134888
Trying G D
G:0.122503 D:0.149
Migration added
Local updates around node 1: 0 ln(lk):204.12065 
Local updates around node 2: 0 ln(lk):204.12065 
Updates in migration position: 0 ln(lk):204.12065 
Switches in migration direction: 0 ln(lk):204.12065 
ln(likelihood):204.12065 
DONE.
