
TreeMix v. 1.13
$Revision: 231 $

npop:7 nsnp:17505003
Estimating covariance matrix in 9725 blocks of size 1800
SEED: 1607913084
Starting from:
(D:0.126217,(A:0,C:0):0.126217);
Adding G [4/7]
ln(likelihood): -2175.0618 
((A:0.0127189,C:0.0134721):0.068193,(D:0.129137,G:0.158513):0.068193);
Adding F [5/7]
ln(likelihood): -970.36607 
((D:0.124195,G:0.155339):0.0585466,((A:0.0174841,C:0.0185358):0.0199848,F:0.0584051):0.0585466);
Adding B [6/7]
ln(likelihood): -2098.4789 
((D:0.120605,((A:0.0172985,(C:0.0135156,B:0.0105401):0.00644603):0.0222129,F:0.0537826):0.113798):0.0832859,G:0.0832859);
Adding E [7/7]
ln(likelihood): 207.93582 
(((D:0.119767,((A:0.0172709,(C:0.0134881,B:0.0105126):0.00644603):0.0222317,F:0.0537457):0.116067):0.0388862,G:0.121772):0.0608308,E:0.0608308);
Testing global rearrangements
D:0.119767 A:0.0172709
-99907.134 207.93582
D:0.119767 (A:0.0172709,(C:0.0134881,B:0.0105126):0.00644603):0.0222317
-61945.618 207.93582
D:0.119767 C:0.0134881
-108894.97 207.93582
D:0.119767 (C:0.0134881,B:0.0105126):0.00644603
-99907.134 207.93582
D:0.119767 B:0.0105126
-108894.97 207.93582
D:0.119767 E:0.0608308
-2973.1239 207.93582
A:0.0172709 D:0.119767
-106801.72 207.93582
A:0.0172709 ((A:0.0172709,(C:0.0134881,B:0.0105126):0.00644603):0.0222317,F:0.0537457):0.116067
-4483.5753 207.93582
C:0.0134881 A:0.0172709
-169.93494 207.93582
F:0.0537457 A:0.0172709
-4483.5753 207.93582
F:0.0537457 G:0.121772
-117401.03 207.93582
F:0.0537457 E:0.0608308
-117401.03 207.93582
G:0.121772 D:0.119767
-2973.1239 207.93582
G:0.121772 E:0.0608308
207.93582 207.93582
E:0.0608308 D:0.119767
-2973.1239 207.93582
E:0.0608308 F:0.0537457
-103545.38 207.93582
E:0.0608308 G:0.121772
207.93582 207.93582
Targeting migration to vicinity of:
D E
G F
D B
D A

G F
D E
F G
G F
E D
Trying D E
D:0.119767 E:0.0608308
1->2 0.051593695 208.01838 207.93582
2->1 0.17998619 208.01838 208.01838
p1->2 0.99991387 207.93582 208.01838
Trying E D
E:8.20026e+06 D:0.119767
Trying F G
((A:0.0172709,(C:0.0134881,B:0.0105126):0.00644603):0.0222317,F:0.0537457):0.116067 G:0.121772
1->2 0.099995285 208.01838 208.01838
2->1 0.099995285 208.01838 208.01838
p2->1 4.0751289e-05 207.93582 208.01838
F:0.0537457 G:0.121772
1->2 0.0019267334 208.02996 208.01838
2->1 0.0035051624 207.99704 208.02996
p2->1 0.0036258015 207.99969 208.02996
Trying G F
G:0.121772 ((A:0.0172709,(C:0.0134881,B:0.0105126):0.00644603):0.0217149,F:0.054656):0.116572
G:0.121772 F:0.054656
Migration added
Local updates around node 1: 0 ln(lk):208.02996 
Local updates around node 2: 0 ln(lk):208.02996 
Updates in migration position: 0 ln(lk):208.02996 
Switches in migration direction: 0 ln(lk):208.02996 
ln(likelihood):208.02996 
Targeting migration to vicinity of:
F E
D B
D A
D C

D A
D C
D B
D A
D C
D B
D A
D C
D B
F E
Trying D A
D:0.119646 A:0.0172709
1->2 9.8076482e-05 208.0314 208.02996
2->1 0.0063318266 208.08215 208.0314
p1->2 6.2255936e-07 208.02996 208.08215
p2->1 0.099995285 208.08215 208.08215
D:0.162185 ((C:0.0134881,B:0.0105126):0.00644603,A:0.0172709):0.0222782
1->2 0.003381049 208.08215 208.08215
p1->2 4.0751289e-05 208.02996 208.08215
Trying D B
D:0.119646 (C:0.0134881,B:0.0105126):0.00644603
1->2 0.00018207697 208.03529 208.08215
2->1 0.0063318266 208.08215 208.08215
p1->2 6.2255936e-07 208.02996 208.08215
D:0.119646 B:0.0105126
1->2 5.7946159e-05 208.03079 208.08215
2->1 0.0049197529 208.07852 208.08215
p1->2 6.2255936e-07 208.02996 208.08215
D:0.119646 (A:0.0172709,(C:0.013488,B:0.0105127):0.00644607):0.0222091
Trying D C
D:0.119646 (C:0.013488,B:0.0105127):0.00644607
D:0.119646 C:0.013488
1->2 5.7946159e-05 208.0308 208.08215
2->1 0.0049197529 208.07852 208.08215
p1->2 6.2255936e-07 208.02996 208.08215
D:0.119646 (A:0.0172709,(B:0.0105125,C:0.0134882):0.00644607):0.0222091
Trying F E
F:0.0537682 E:0.0606966
1->2 0.00080320082 208.04341 208.08215
2->1 0.0035920499 208.08215 208.08215
p1->2 5.4313232e-06 208.02996 208.08215
Migration added
Local updates around node 1: 0 ln(lk):208.08215 
Local updates around node 2: 0 ln(lk):208.08215 
Updates in migration position: 0 ln(lk):208.08215 
Switches in migration direction: 0 ln(lk):208.08215 
ln(likelihood):208.08217 
Targeting migration to vicinity of:
D E
A G
G B
C G

A G
C G
B G
A G
C G
B G
D E
G A
G C
G B
Trying A G
(A:0.0172709,(B:0.0105126,C:0.0134881):0.00644603):0.0218896 G:0.122509
1->2 3.0968394e-07 208.08217 208.08217
2->1 0.0008357527 208.08217 208.08217
p1->2 0.0008357527 208.08217 208.08217
p2->1 4.0751289e-05 208.08217 208.08217
A:0.0172709 G:0.122509
1->2 3.0968394e-07 208.08217 208.08217
2->1 3.8719494e-07 208.08217 208.08217
p2->1 3.8719494e-07 208.08217 208.08217
Trying B G
((B:0.0105126,C:0.0134881):0.00644599,A:0.017271):0.0218896 G:0.122509
B:0.0105126 G:0.122509
1->2 3.0968394e-07 208.08217 208.08217
2->1 3.8719494e-07 208.08217 208.08217
p1->2 3.0968394e-07 208.08217 208.08217
p2->1 3.8719494e-07 208.08217 208.08217
(C:0.013488,B:0.0105126):0.00644606 G:0.122509
2->1 3.8719494e-07 208.08217 208.08217
p2->1 3.8719494e-07 208.08217 208.08217
Trying C G
(A:0.0172709,(C:0.0134881,B:0.0105126):0.00644608):0.0218896 G:0.122509
C:0.0134881 G:0.122509
1->2 3.0968394e-07 208.08217 208.08217
2->1 3.8719494e-07 208.08217 208.08217
p2->1 3.8719494e-07 208.08217 208.08217
(B:0.0105126,C:0.0134881):0.00644606 G:0.122509
Trying D E
D:0.119618 E:0.107913
1->2 0.099995285 208.08217 208.08217
2->1 3.0968394e-07 208.08217 208.08217
p1->2 0.099995285 208.08217 208.08217
Trying G A
G:0.122509 (A:0.0172709,(B:0.0105126,C:0.0134881):0.00644603):0.0218896
G:0.122509 A:0.0172709
Trying G B
G:0.122509 (A:0.0172709,(B:0.0105126,C:0.0134881):0.00644603):0.0218896
G:0.122509 B:0.0105126
G:0.122509 (B:0.0105126,C:0.0134881):0.00644603
Trying G C
G:0.122509 (A:0.0172709,(B:0.0105126,C:0.0134881):0.00644603):0.0218896
G:0.122509 C:0.0134881
G:0.122509 (B:0.0105126,C:0.0134881):0.00644603
Migration added
Local updates around node 1: 0 ln(lk):208.08217 
Local updates around node 2: 0 ln(lk):208.08217 
Updates in migration position: 0 ln(lk):208.08217 
Switches in migration direction: 0 ln(lk):208.08217 
ln(likelihood):208.08217 
Targeting migration to vicinity of:
D G
B E
A E
C E

A E
C E
B E
A E
C E
B E
A E
C E
B E
D G
G D
Trying A E
A:0.0172709 E:0.0916664
1->2 6.2716344e-06 208.08217 208.08217
2->1 3.0968394e-07 208.08217 208.08217
p1->2 6.2716344e-06 208.08217 208.08217
((B:0.0105126,C:0.0134881):0.00644603,A:0.0172709):0.0220606 E:0.0916787
2->1 6.2716344e-06 208.08217 208.08217
p1->2 0.099995285 208.08217 208.08217
Trying B E
((B:0.0105126,C:0.0134881):0.00644603,A:0.0172709):0.0220606 E:0.121682
(B:0.0105126,C:0.0134881):0.00644603 E:0.121682
1->2 6.2716344e-06 208.08217 208.08217
2->1 3.2717654e-07 208.08217 208.08217
B:0.0105126 E:0.0916577
1->2 2.0549846e-06 208.08217 208.08217
2->1 3.8719494e-07 208.08217 208.08217
Trying C E
(A:0.0172709,(C:0.013488,B:0.0105126):0.00644606):0.0220607 E:0.091662
C:0.013488 E:0.091662
1->2 2.0549846e-06 208.08217 208.08217
2->1 3.8719494e-07 208.08217 208.08217
(B:0.0105125,C:0.0134881):0.00644606 E:0.091662
Trying D G
D:0.119587 G:0.12251
1->2 0.0008357527 208.08217 208.08217
2->1 0.099995285 208.08217 208.08217
p1->2 0.0055198548 208.08217 208.08217
p2->1 4.0751289e-05 208.08217 208.08217
Trying G D
G:0.12251 D:0.119598
Migration added
Local updates around node 1: 0 ln(lk):208.08217 
Local updates around node 2: 0 ln(lk):208.08217 
Updates in migration position: 0 ln(lk):208.08217 
Switches in migration direction: 0 ln(lk):208.08217 
ln(likelihood):208.08217 
DONE.
