
TreeMix v. 1.13
$Revision: 231 $

npop:7 nsnp:17505003
Estimating covariance matrix in 7956 blocks of size 2200
SEED: 1607913084
Starting from:
(D:0.126223,(A:0,C:0):0.126223);
Adding G [4/7]
ln(likelihood): -1773.1322 
((A:0.0127166,C:0.0134708):0.0681986,(D:0.129142,G:0.158502):0.0681986);
Adding F [5/7]
ln(likelihood): -778.60828 
((D:0.1242,G:0.155327):0.0585522,((A:0.0174837,C:0.0185363):0.0199838,F:0.0584029):0.0585522);
Adding B [6/7]
ln(likelihood): -1697.1171 
((D:0.12061,((A:0.0172982,(C:0.0135161,B:0.0105402):0.00644631):0.0222126,F:0.053781):0.113809):0.0832786,G:0.0832786);
Adding E [7/7]
ln(likelihood): 205.20278 
(((D:0.119772,((A:0.0172709,(C:0.0134888,B:0.0105129):0.00644631):0.0222313,F:0.0537443):0.116079):0.03887,G:0.121773):0.0608314,E:0.0608314);
Testing global rearrangements
D:0.119772 A:0.0172709
-81894.335 205.20278
D:0.119772 (A:0.0172709,(C:0.0134888,B:0.0105129):0.00644631):0.0222313
-50743.973 205.20278
D:0.119772 C:0.0134888
-89280.67 205.20278
D:0.119772 (C:0.0134888,B:0.0105129):0.00644631
-81894.335 205.20278
D:0.119772 B:0.0105129
-89280.67 205.20278
D:0.119772 E:0.0608314
-2400.7598 205.20278
A:0.0172709 D:0.119772
-87562.016 205.20278
A:0.0172709 ((A:0.0172709,(C:0.0134888,B:0.0105129):0.00644631):0.0222313,F:0.0537443):0.116079
-3642.0229 205.20278
C:0.0134888 A:0.0172709
-104.95451 205.20278
F:0.0537443 A:0.0172709
-3642.0229 205.20278
F:0.0537443 G:0.121773
-96214.243 205.20278
F:0.0537443 E:0.0608314
-96214.243 205.20278
G:0.121773 D:0.119772
-2400.7598 205.20278
G:0.121773 E:0.0608314
205.20278 205.20278
E:0.0608314 D:0.119772
-2400.7598 205.20278
E:0.0608314 F:0.0537443
-84855.971 205.20278
Targeting migration to vicinity of:
D E
G F
D B
D A

G F
D E
F G
G F
E D
Trying D E
D:0.119772 E:0.0608314
1->2 0.016859977 205.27048 205.20278
2->1 0.078036837 205.27048 205.27048
p1->2 0.99991387 205.20278 205.27048
Trying E D
E:8.20034e+06 D:0.119772
Trying F G
((A:0.0172709,(C:0.0134888,B:0.0105129):0.00644631):0.0222313,F:0.0537443):0.116079 G:0.121773
1->2 0.3970964 205.27048 205.27048
2->1 0.016823286 205.27048 205.27048
p2->1 4.0751289e-05 205.20278 205.27048
F:0.0537443 G:0.121773
1->2 0.0019267334 205.27997 205.27048
2->1 0.0035051624 205.25296 205.27997
p2->1 0.0036258015 205.25514 205.27997
Trying G F
G:0.121773 ((A:0.0172709,(C:0.0134888,B:0.0105129):0.00644631):0.0217146,F:0.0546546):0.116584
G:0.121773 F:0.0546546
Migration added
Local updates around node 1: 0 ln(lk):205.27997 
Local updates around node 2: 0 ln(lk):205.27997 
Updates in migration position: 0 ln(lk):205.27997 
Switches in migration direction: 0 ln(lk):205.27997 
ln(likelihood):205.27997 
Targeting migration to vicinity of:
F E
D B
D A
D C

D A
D C
D B
D A
D C
D B
D A
D C
D B
F E
Trying D A
D:0.119651 A:0.0172709
1->2 9.8076482e-05 205.28115 205.27997
2->1 0.0063318266 205.32275 205.28115
p1->2 6.2255936e-07 205.27997 205.32275
p2->1 0.099995285 205.32275 205.32275
D:0.162193 ((C:0.0134888,B:0.0105129):0.00644631,A:0.0172709):0.0222778
1->2 0.003381049 205.32275 205.32275
p1->2 4.0751289e-05 205.27996 205.32275
Trying D B
D:0.119651 B:0.0105129
1->2 5.7946159e-05 205.28065 205.32275
2->1 0.0049197529 205.31977 205.32275
p1->2 6.2255936e-07 205.27997 205.32275
p2->1 0.0063318266 205.32275 205.32275
D:0.122041 (C:0.0134888,B:0.0105129):0.00644631
1->2 0.00018207697 205.28434 205.32275
p1->2 6.2255936e-07 205.27997 205.32275
D:0.119651 (A:0.0172708,(C:0.0134888,B:0.0105129):0.00644638):0.0222088
Trying D C
D:0.119651 C:0.0134888
1->2 5.7946159e-05 205.28066 205.32275
2->1 0.0049197529 205.31977 205.32275
p1->2 6.2255936e-07 205.27997 205.32275
D:0.119651 (B:0.0105128,C:0.0134889):0.00644635
D:0.119651 (A:0.0172708,(B:0.0105128,C:0.0134889):0.00644635):0.0222088
Trying F E
F:0.0537669 E:0.0606972
1->2 0.00080320082 205.29099 205.32275
2->1 0.0036049047 205.32276 205.32275
p1->2 5.2196087e-06 205.27997 205.32276
Migration added
Local updates around node 1: 0 ln(lk):205.32276 
Local updates around node 2: 0 ln(lk):205.32276 
Updates in migration position: 0 ln(lk):205.32276 
Switches in migration direction: 0 ln(lk):205.32276 
ln(likelihood):205.32277 
Targeting migration to vicinity of:
D G
A E
B E
C E

A E
C E
B E
A E
C E
B E
A E
C E
B E
D G
G D
Trying A E
A:0.0172709 E:0.108015
1->2 3.0968394e-07 205.32277 205.32277
2->1 3.0968394e-07 205.32277 205.32277
p1->2 3.0968394e-07 205.32277 205.32277
((B:0.0105129,C:0.0134888):0.00644631,A:0.0172709):0.0218883 E:0.108016
2->1 3.0968394e-07 205.32277 205.32277
p1->2 0.0008357527 205.32277 205.32277
Trying B E
B:0.0105129 E:0.10824
1->2 3.0968394e-07 205.32277 205.32277
2->1 3.0968394e-07 205.32277 205.32277
p1->2 3.0968394e-07 205.32277 205.32277
(A:0.0172709,(C:0.0134888,B:0.0105129):0.00644631):0.0218883 E:0.108015
(C:0.0134888,B:0.0105129):0.00644631 E:0.108015
2->1 3.0968394e-07 205.32277 205.32277
Trying C E
C:0.0134888 E:0.108012
1->2 3.0968394e-07 205.32277 205.32277
2->1 3.0968394e-07 205.32277 205.32277
(A:0.0172708,(B:0.0105128,C:0.0134888):0.00644633):0.0218883 E:0.108013
(B:0.0105128,C:0.0134888):0.00644633 E:0.108013
Trying D G
D:0.119623 G:0.12251
1->2 0.099995285 205.32277 205.32277
2->1 0.099995285 205.32277 205.32277
p2->1 4.0751289e-05 205.32277 205.32277
Trying G D
G:0.12251 D:0.119634
Migration added
Local updates around node 1: 0 ln(lk):205.32277 
Local updates around node 2: 0 ln(lk):205.32277 
Updates in migration position: 0 ln(lk):205.32277 
Switches in migration direction: 0 ln(lk):205.32277 
ln(likelihood):205.32277 
Targeting migration to vicinity of:
G B
G B
G B
G B

G B
Trying G B
G:0.122478 B:0.0105129
1->2 3.8719494e-07 205.32277 205.32277
2->1 3.0968394e-07 205.32277 205.32277
p1->2 3.8719494e-07 205.32277 205.32277
p2->1 4.0751289e-05 205.32277 205.32277
ln(likelihood):205.32277 
DONE.
