
TreeMix v. 1.13
$Revision: 231 $

npop:7 nsnp:17505003
Estimating covariance matrix in 29175 blocks of size 600
SEED: 1607913222
Starting from:
((E:0.141516,G:0.141614):0.0913591,C:0.0913591);
Adding F [4/7]
ln(likelihood): -36168.24 
(C:0.0239244,((E:0.11691,G:0.116997):0.128057,F:0.0714063):0.0239244);
Adding A [5/7]
ln(likelihood): -10213.084 
((F:0.0534244,(C:0.01607,A:0.0150183):0.0150253):0.0764081,(E:0.131628,G:0.131704):0.0764081);
Adding B [6/7]
ln(likelihood): -15406.411 
((F:0.0570622,(A:0.0203663,(C:0.0165835,B:0.013608):0.00644603):0.024588):0.078521,(E:0.116097,G:0.116163):0.078521);
Adding D [7/7]
ln(likelihood): 222.57884 
((E:0.121662,G:0.121772):0.0194431,((F:0.0537457,(A:0.0172709,(C:0.0134881,B:0.0105126):0.00644603):0.0222317):0.116067,D:0.119767):0.0194431);
Testing global rearrangements
E:0.121662 F:0.0537457
-305490.26 222.57884
E:0.121662 D:0.119767
-9154.6152 222.57884
F:0.0537457 A:0.0172709
-13564.426 222.57884
F:0.0537457 B:0.0105126
-19869.453 222.57884
F:0.0537457 D:0.119767
-183549.02 222.57884
A:0.0172709 F:0.0537457
-13564.426 222.57884
A:0.0172709 C:0.0134881
-880.52503 222.57884
D:0.119767 E:0.121662
-9154.6152 222.57884
D:0.119767 A:0.0172709
-294755.09 222.57884
Targeting migration to vicinity of:
E D
G F
A D
C D

G F
E D
G F
E D
Trying E D
E:0.121662 D:0.119767
1->2 0.17986722 222.82257 222.57884
2->1 0.033863567 222.82257 222.82257
p1->2 0.0008357527 222.57884 222.82257
p2->1 0.051593695 222.57884 222.82257
Trying G F
G:0.121772 (F:0.0537457,(A:0.0172709,(C:0.0134881,B:0.0105126):0.00644603):0.0222317):0.116067
1->2 0.16770932 222.82257 222.82257
2->1 0.010928518 222.82257 222.82257
p1->2 0.073474407 222.57884 222.82257
p2->1 0.099995285 222.57884 222.82257
G:0.150334 F:0.0537457
1->2 0.0035051624 222.75994 222.82257
2->1 0.0019267334 222.85694 222.82257
p1->2 0.017555457 222.76755 222.85694
(E:0.121662,G:0.121772):0.0349107 F:0.0578909
2->1 0.022054944 222.76755 222.85694
p2->1 8.3172708e-05 222.57884 222.85694
Migration added
Local updates around node 1: 0 ln(lk):222.85694 
Local updates around node 2: 0 ln(lk):222.85694 
Updates in migration position: 0 ln(lk):222.85694 
Switches in migration direction: 0 ln(lk):222.85694 
ln(likelihood):222.85693 
Targeting migration to vicinity of:
E F
A D
C D
B D

C D
A D
B D
C D
A D
B D
C D
A D
B D
E F
Trying A D
(A:0.0172709,(C:0.0134881,B:0.0105126):0.00644603):0.022209 D:0.119647
1->2 0.099995285 223.0109 222.85693
2->1 0.0051777032 223.0109 223.0109
p2->1 4.0751289e-05 222.85693 223.0109
A:0.0172709 D:0.119647
1->2 0.0063318266 223.0109 223.0109
2->1 9.8076482e-05 222.86118 223.0109
p2->1 6.2255936e-07 222.85693 223.0109
Trying B D
((C:0.0134881,B:0.0105126):0.00644597,A:0.017271):0.0222091 D:0.119647
B:0.0105126 D:0.119647
1->2 0.0049197529 223.00016 223.0109
2->1 5.7946159e-05 222.8594 223.0109
p1->2 0.0063318266 223.0109 223.0109
p2->1 6.2255936e-07 222.85693 223.0109
(C:0.013488,B:0.0105127):0.00644607 D:0.119647
2->1 0.00017933312 222.87262 223.0109
p2->1 6.2255936e-07 222.85694 223.0109
Trying C D
(A:0.0172709,(C:0.0134881,B:0.0105126):0.00644611):0.0222091 D:0.119647
(C:0.0134881,B:0.0105126):0.00644611 D:0.119647
C:0.0134881 D:0.119647
1->2 0.0049197529 223.00016 223.0109
2->1 5.7946159e-05 222.85943 223.0109
p2->1 6.2255936e-07 222.85693 223.0109
Trying E F
E:0.121395 F:0.0537683
1->2 0.0036049047 223.01093 223.0109
2->1 0.00079110416 222.89586 223.01093
p1->2 0.022054944 223.01102 223.01093
p2->1 3.0968394e-07 222.85693 223.01102
(G:0.122507,E:0.121395):0.0195405 F:0.0537684
2->1 0.39868736 223.0109 223.01102
p2->1 0.051593695 222.85693 223.01102
Migration added
Local updates around node 1: 0 ln(lk):223.01102 
Local updates around node 2: 0 ln(lk):223.01102 
Updates in migration position: 0 ln(lk):223.01102 
Switches in migration direction: 0 ln(lk):223.01102 
ln(likelihood):223.01102 
Targeting migration to vicinity of:
E D
G B
G C
G A

E D
G C
G A
G B
G C
G A
G B
G C
G A
G B
Trying E D
E:0.121404 D:0.119618
1->2 0.099995285 223.01102 223.01102
2->1 0.0008357527 223.01102 223.01102
p1->2 0.94421214 223.01102 223.01102
p2->1 0.099995285 223.01102 223.01102
Trying G A
G:0.118679 (A:0.0172709,(B:0.0105126,C:0.0134881):0.00644603):0.0197183
1->2 0.0008357527 223.01102 223.01102
2->1 3.0968394e-07 223.01102 223.01102
p1->2 0.0053747296 223.01102 223.01102
p2->1 0.099995285 223.01102 223.01102
G:0.156136 A:0.0172709
1->2 3.0968394e-07 223.01102 223.01102
2->1 3.0968394e-07 223.01102 223.01102
p1->2 3.0968394e-07 223.01102 223.01102
Trying G B
G:0.122499 B:0.0105126
1->2 3.0968394e-07 223.01102 223.01102
2->1 3.0968394e-07 223.01102 223.01102
p1->2 3.0968394e-07 223.01102 223.01102
p2->1 3.0968394e-07 223.01102 223.01102
G:0.122499 (C:0.0134881,B:0.0105126):0.00644603
1->2 3.0968394e-07 223.01102 223.01102
p1->2 3.0968394e-07 223.01102 223.01102
G:0.122499 (A:0.0172709,(C:0.0134881,B:0.0105126):0.00644607):0.0197183
Trying G C
G:0.122499 (C:0.0134881,B:0.0105126):0.00644607
G:0.122499 (A:0.0172709,(C:0.0134881,B:0.0105126):0.00644607):0.0197183
G:0.122499 C:0.0134881
1->2 3.0968394e-07 223.01102 223.01102
2->1 3.0968394e-07 223.01102 223.01102
p1->2 3.0968394e-07 223.01102 223.01102
Migration added
Local updates around node 1: 0 ln(lk):223.01102 
Local updates around node 2: 0 ln(lk):223.01102 
Updates in migration position: 0 ln(lk):223.01102 
Switches in migration direction: 0 ln(lk):223.01102 
ln(likelihood):223.01102 
Targeting migration to vicinity of:
F D
F B
F F
F A

F F
F A
F B
A F
D F
D A
F A
F B
D A
F F
F D
A F
A D
D F
F F
F A
F D
A F
A D
D F
D A
Trying A D
A:0.0172709 D:0.152505
1->2 0.0008357527 223.01102 223.01102
2->1 3.8719494e-07 223.01102 223.01102
p1->2 0.099995285 223.01102 223.01102
p2->1 3.8719494e-07 223.01102 223.01102
Trying A F
A:0.017271 F:0.0547596
1->2 0.099995285 223.01102 223.01102
2->1 8.3010218e-07 223.01102 223.01102
p1->2 0.099995285 223.01102 223.01102
p2->1 0.0010948586 223.01102 223.01102
Trying D A
D:0.152505 A:0.0173326
Trying D F
D:0.152505 F:0.0547596
1->2 0.0008357527 223.01102 223.01102
2->1 0.0008357527 223.01102 223.01102
p1->2 0.0008357527 223.01102 223.01102
Trying F A
F:0.054946 A:0.0172709
Trying F B
F:0.054946 B:0.0105126
1->2 4.4451434e-07 223.01102 223.01102
2->1 3.0968394e-07 223.01102 223.01102
p1->2 4.4451434e-07 223.01102 223.01102
p2->1 0.099995285 223.01102 223.01102
Trying F D
F:0.0703532 D:0.15251
Trying F F
F:0.0703532 F:0.0703532
p1->2 0.099995285 223.01102 223.01102
ln(likelihood):223.01102 
Targeting migration to vicinity of:
F D
F B
F A
F F

F F
F A
F B
A F
D F
F A
F B
F F
F D
A F
D F
F F
F A
F D
A F
D F
Trying A F
A:0.0172709 F:0.0547589
1->2 0.099995285 223.01102 223.01102
2->1 8.3010218e-07 223.01102 223.01102
p1->2 0.099995285 223.01102 223.01102
p2->1 0.0010948586 223.01102 223.01102
Trying D F
D:0.152502 F:0.0547589
1->2 0.0008357527 223.01102 223.01102
2->1 0.0008357527 223.01102 223.01102
p1->2 0.0008357527 223.01102 223.01102
Trying F A
F:0.0549453 A:0.0172709
Trying F B
F:0.0549453 B:0.0105126
1->2 4.4451434e-07 223.01102 223.01102
2->1 3.0968394e-07 223.01102 223.01102
p1->2 4.4451434e-07 223.01102 223.01102
p2->1 0.099995285 223.01102 223.01102
Trying F D
F:0.0703522 D:0.152507
Trying F F
F:0.0703522 F:0.0703522
p1->2 0.099995285 223.01102 223.01102
ln(likelihood):223.01102 
DONE.
