
TreeMix v. 1.13
$Revision: 231 $

npop:7 nsnp:17505003
Estimating covariance matrix in 8752 blocks of size 2000
SEED: 1607913084
Starting from:
(D:0.12622,(A:0,C:0):0.12622);
Adding G [4/7]
ln(likelihood): -1954.4819 
((A:0.0127176,C:0.0134714):0.068196,(D:0.129139,G:0.158506):0.068196);
Adding F [5/7]
ln(likelihood): -864.86713 
((D:0.124198,G:0.155332):0.0585497,((A:0.0174839,C:0.0185361):0.0199842,F:0.0584041):0.0585497);
Adding B [6/7]
ln(likelihood): -1877.9055 
((D:0.120608,((A:0.0172983,(C:0.013516,B:0.0105402):0.00644613):0.0222126,F:0.0537819):0.113804):0.0832816,G:0.0832816);
Adding E [7/7]
ln(likelihood): 206.50167 
(((D:0.11977,((A:0.0172709,(C:0.0134885,B:0.0105128):0.00644613):0.0222314,F:0.0537451):0.116074):0.0388772,G:0.121772):0.0608313,E:0.0608313);
Testing global rearrangements
D:0.11977 A:0.0172709
-90013.586 206.50167
D:0.11977 (A:0.0172709,(C:0.0134885,B:0.0105128):0.00644613):0.0222314
-55786.208 206.50167
D:0.11977 C:0.0134885
-98120.66 206.50167
D:0.11977 (C:0.0134885,B:0.0105128):0.00644613
-90013.586 206.50167
D:0.11977 B:0.0105128
-98120.66 206.50167
D:0.11977 E:0.0608313
-2658.0782 206.50167
A:0.0172709 D:0.11977
-96238.629 206.50167
A:0.0172709 ((A:0.0172709,(C:0.0134885,B:0.0105128):0.00644613):0.0222314,F:0.0537451):0.116074
-4021.3864 206.50167
C:0.0134885 A:0.0172709
-134.19337 206.50167
F:0.0537451 A:0.0172709
-4021.3864 206.50167
F:0.0537451 G:0.121772
-105752.59 206.50167
F:0.0537451 E:0.0608313
-105752.59 206.50167
G:0.121772 D:0.11977
-2658.0782 206.50167
G:0.121772 E:0.0608313
206.50167 206.50167
E:0.0608313 D:0.11977
-2658.0782 206.50167
E:0.0608313 F:0.0537451
-93270.649 206.50167
Targeting migration to vicinity of:
D E
G F
D A
D B

G F
D E
F G
G F
E D
Trying D E
D:0.11977 E:0.0608313
1->2 0.016859977 206.57606 206.50167
2->1 0.016859977 206.57606 206.57606
p1->2 0.99991387 206.50167 206.57606
Trying E D
E:8.20032e+06 D:0.11977
Trying F G
((A:0.0172709,(C:0.0134885,B:0.0105128):0.00644613):0.0222314,F:0.0537451):0.116074 G:0.121772
1->2 0.3970964 206.57606 206.57606
2->1 0.17948262 206.57606 206.57606
p2->1 4.0751289e-05 206.50167 206.57606
F:0.0537451 G:0.121772
1->2 0.0019267334 206.58649 206.57606
2->1 0.0035051624 206.55681 206.58649
p2->1 0.0036258015 206.55921 206.58649
Trying G F
G:0.121772 ((A:0.0172709,(C:0.0134885,B:0.0105128):0.00644613):0.0217147,F:0.0546554):0.116579
G:0.121772 F:0.0546554
Migration added
Local updates around node 1: 0 ln(lk):206.58649 
Local updates around node 2: 0 ln(lk):206.58649 
Updates in migration position: 0 ln(lk):206.58649 
Switches in migration direction: 0 ln(lk):206.58649 
ln(likelihood):206.58649 
Targeting migration to vicinity of:
F E
D A
D B
D C

D A
D C
D B
D A
D C
D B
D A
D C
D B
F E
Trying D A
D:0.119649 A:0.0172709
1->2 9.8076482e-05 206.58779 206.58649
2->1 0.0063318266 206.63351 206.58779
p1->2 6.2255936e-07 206.58649 206.63351
p2->1 0.099995285 206.63351 206.63351
D:0.16219 ((C:0.0134885,B:0.0105128):0.00644613,A:0.0172709):0.0222779
1->2 0.003381049 206.63351 206.63351
p1->2 4.0751289e-05 206.58649 206.63351
Trying D B
D:0.119649 B:0.0105128
1->2 5.7946159e-05 206.58724 206.63351
2->1 0.0049197529 206.63024 206.63351
p1->2 6.2255936e-07 206.58649 206.63351
p2->1 0.0063318266 206.63351 206.63351
D:0.122039 (C:0.0134885,B:0.0105128):0.00644613
1->2 0.00018207697 206.59129 206.63351
p1->2 6.2255936e-07 206.58649 206.63351
D:0.119649 (A:0.0172708,(C:0.0134885,B:0.0105128):0.0064462):0.0222089
Trying D C
D:0.119649 C:0.0134885
1->2 5.7946159e-05 206.58725 206.63351
2->1 0.0049197529 206.63024 206.63351
p1->2 6.2255936e-07 206.58649 206.63351
D:0.119649 (B:0.0105127,C:0.0134886):0.00644617
D:0.119649 (A:0.0172708,(B:0.0105127,C:0.0134886):0.00644617):0.0222089
Trying F E
F:0.0537676 E:0.0606971
1->2 0.00080320082 206.5986 206.63351
2->1 0.0035920499 206.63351 206.63351
p1->2 0.099995285 206.58622 206.63351
Migration added
Local updates around node 1: 0 ln(lk):206.63351 
Local updates around node 2: 0 ln(lk):206.63351 
Updates in migration position: 0 ln(lk):206.63351 
Switches in migration direction: 0 ln(lk):206.63351 
ln(likelihood):206.63352 
Targeting migration to vicinity of:
D E
G B
A G
C G

A G
C G
B G
A G
C G
B G
D E
G A
G C
G B
Trying A G
A:0.0172709 G:0.122509
1->2 3.0968394e-07 206.63352 206.63352
2->1 3.8719494e-07 206.63352 206.63352
p1->2 3.0968394e-07 206.63352 206.63352
p2->1 3.8719494e-07 206.63352 206.63352
((B:0.0105128,C:0.0134885):0.00644608,A:0.0172709):0.0218893 G:0.122509
2->1 0.0008357527 206.63352 206.63352
p1->2 0.0008357527 206.63352 206.63352
p2->1 4.0751289e-05 206.63352 206.63352
Trying B G
B:0.0105128 G:0.122509
1->2 3.0968394e-07 206.63352 206.63352
2->1 3.8719494e-07 206.63352 206.63352
p1->2 3.0968394e-07 206.63352 206.63352
p2->1 3.8719494e-07 206.63352 206.63352
(A:0.0172709,(C:0.0134885,B:0.0105128):0.00644616):0.0218893 G:0.122509
(C:0.0134885,B:0.0105128):0.00644616 G:0.122509
2->1 3.8719494e-07 206.63352 206.63352
p2->1 3.8719494e-07 206.63352 206.63352
Trying C G
C:0.0134885 G:0.122509
1->2 3.0968394e-07 206.63352 206.63352
2->1 3.8719494e-07 206.63352 206.63352
p2->1 3.8719494e-07 206.63352 206.63352
(A:0.0172709,(B:0.0105127,C:0.0134886):0.00644616):0.0218893 G:0.122509
(B:0.0105127,C:0.0134886):0.00644616 G:0.122509
Trying D E
D:0.119621 E:0.107907
1->2 0.099995285 206.63352 206.63352
2->1 3.0968394e-07 206.63352 206.63352
p1->2 0.099995285 206.63352 206.63352
Trying G A
G:0.122509 A:0.0172709
G:0.122509 (A:0.0172709,(B:0.0105128,C:0.0134885):0.00644613):0.0218893
Trying G B
G:0.122509 B:0.0105128
G:0.122509 (A:0.0172709,(B:0.0105128,C:0.0134885):0.00644613):0.0218893
G:0.122509 (B:0.0105128,C:0.0134885):0.00644613
Trying G C
G:0.122509 C:0.0134885
G:0.122509 (A:0.0172709,(B:0.0105128,C:0.0134885):0.00644613):0.0218893
G:0.122509 (B:0.0105128,C:0.0134885):0.00644613
Migration added
Local updates around node 1: 0 ln(lk):206.63352 
Local updates around node 2: 0 ln(lk):206.63352 
Updates in migration position: 0 ln(lk):206.63352 
Switches in migration direction: 0 ln(lk):206.63352 
ln(likelihood):206.63352 
Targeting migration to vicinity of:
D G
A E
B E
C E

A E
C E
B E
A E
C E
B E
A E
C E
B E
D G
G D
Trying A E
((B:0.0105128,C:0.0134885):0.00644613,A:0.0172709):0.0220604 E:0.0916626
1->2 6.2716344e-06 206.63352 206.63352
2->1 6.2716344e-06 206.63352 206.63352
p1->2 0.099995285 206.63352 206.63352
A:0.0172709 E:0.121677
1->2 6.2716344e-06 206.63352 206.63352
2->1 3.0968394e-07 206.63352 206.63352
Trying B E
B:0.0105128 E:0.0916584
1->2 2.0549846e-06 206.63352 206.63352
2->1 3.8719494e-07 206.63352 206.63352
p1->2 6.2716344e-06 206.63352 206.63352
(C:0.0134885,B:0.0105128):0.00644613 E:0.0916352
2->1 3.2717654e-07 206.63352 206.63352
(A:0.0172708,(C:0.0134885,B:0.0105128):0.00644618):0.0220604 E:0.0916539
Trying C E
(C:0.0134885,B:0.0105128):0.00644618 E:0.0916539
C:0.0134885 E:0.0916539
1->2 2.0549846e-06 206.63352 206.63352
2->1 3.8719494e-07 206.63352 206.63352
(A:0.0172709,(B:0.0105127,C:0.0134886):0.00644616):0.0220604 E:0.0916582
Trying D G
D:0.11959 G:0.12251
1->2 0.0008357527 206.63352 206.63352
2->1 0.099995285 206.63352 206.63352
p1->2 0.0054881019 206.63352 206.63352
p2->1 4.0751289e-05 206.63352 206.63352
Trying G D
G:0.12251 D:0.119601
Migration added
Local updates around node 1: 0 ln(lk):206.63352 
Local updates around node 2: 0 ln(lk):206.63352 
Updates in migration position: 0 ln(lk):206.63352 
Switches in migration direction: 0 ln(lk):206.63352 
ln(likelihood):206.63352 
DONE.
