
TreeMix v. 1.13
$Revision: 231 $

npop:7 nsnp:17505003
Estimating covariance matrix in 4606 blocks of size 3800
SEED: 1607913359
Starting from:
(B:0.0898188,(G:0.142439,E:0.142342):0.0898188);
Adding A [4/7]
ln(likelihood): -5294.1931 
((G:0.137126,E:0.13704):0.0876478,(B:0,A:0.00145786):0.0876478);
Adding D [5/7]
ln(likelihood): -746.65381 
((A:0.0220151,((G:0.120966,E:0.120834):0.0388881,D:0.118949):0.132641):0.0104555,B:0.0104555);
Adding C [6/7]
ln(likelihood): -992.95373 
((A:0.0205901,((G:0.120757,E:0.120636):0.0388957,D:0.118742):0.135745):0.00322132,(B:0.014501,C:0.0174769):0.00322132);
Adding F [7/7]
ln(likelihood): 197.6916 
((A:0.0172706,(((G:0.121773,E:0.121663):0.0388669,D:0.119774):0.116082,F:0.0537442):0.0222309):0.00322317,(B:0.0105129,C:0.0134889):0.00322317);
Testing global rearrangements
A:0.0172706 G:0.121773
-89765.102 197.6916
A:0.0172706 D:0.119774
-50824.43 197.6916
G:0.121773 D:0.119774
-1316.1492 197.6916
D:0.119774 A:0.0172706
-47515.673 197.6916
D:0.119774 F:0.0537442
-29394.823 197.6916
D:0.119774 B:0.0105129
-51819.76 197.6916
D:0.119774 (B:0.0105129,C:0.0134889):0.00322317
-47515.673 197.6916
D:0.119774 C:0.0134889
-51819.76 197.6916
F:0.0537442 A:0.0172706
-2039.1591 197.6916
F:0.0537442 B:0.0105129
-3069.7911 197.6916
F:0.0537442 (B:0.0105129,C:0.0134889):0.00322317
-2039.1591 197.6916
F:0.0537442 C:0.0134889
-3069.7911 197.6916
B:0.0105129 A:0.0172706
17.145518 197.6916
DONE.
