
TreeMix v. 1.13
$Revision: 231 $

npop:7 nsnp:17505003
Estimating covariance matrix in 12503 blocks of size 1400
SEED: 1607913358
Starting from:
(D:0.12622,(A:0,C:0):0.12622);
Adding G [4/7]
ln(likelihood): -2806.0974 
((A:0.012718,C:0.0134716):0.0681954,(D:0.129139,G:0.158508):0.0681954);
Adding B [5/7]
ln(likelihood): -4617.965 
((A:0.0214326,(C:0.015825,B:0.0128492):0.0100963):0.0704931,(D:0.117716,G:0.148888):0.0704931);
Adding E [6/7]
ln(likelihood): -2896.0204 
((A:0.0205907,(D:0.118738,(G:0.120756,E:0.120635):0.0389081):0.135737):0.00322121,(C:0.0174766,B:0.0145008):0.00322121);
Adding F [7/7]
ln(likelihood): 211.34616 
((A:0.017271,((D:0.119769,(G:0.121772,E:0.121662):0.0388793):0.116073,F:0.0537453):0.0222314):0.00322306,(C:0.0134885,B:0.0105126):0.00322306);
Testing global rearrangements
A:0.017271 D:0.119769
-137004.34 211.34616
A:0.017271 G:0.121772
-241570.03 211.34616
A:0.017271 C:0.0134885
-272.59709 211.34616
A:0.017271 (C:0.0134885,B:0.0105126):0.00322306
211.34616 211.34616
A:0.017271 B:0.0105126
-272.59709 211.34616
D:0.119769 A:0.017271
-128189.43 211.34616
D:0.119769 E:0.121662
-3867.0561 211.34616
F:0.0537453 D:0.119769
-79537.603 211.34616
F:0.0537453 B:0.0105126
-8566.2182 211.34616
C:0.0134885 A:0.017271
-272.59709 211.34616
DONE.
