
TreeMix v. 1.13
$Revision: 231 $

npop:7 nsnp:17505003
Estimating covariance matrix in 29175 blocks of size 600
SEED: 1607913084
Starting from:
(D:0.126217,(A:0,C:0):0.126217);
Adding G [4/7]
ln(likelihood): -6493.7475 
((A:0.0127189,C:0.0134721):0.068193,(D:0.129137,G:0.158513):0.068193);
Adding F [5/7]
ln(likelihood): -3006.8442 
((D:0.124195,G:0.155339):0.0585466,((A:0.0174841,C:0.0185358):0.0199848,F:0.0584051):0.0585466);
Adding B [6/7]
ln(likelihood): -6393.9495 
((D:0.120605,((A:0.0172985,(C:0.0135156,B:0.0105401):0.00644603):0.0222129,F:0.0537826):0.113798):0.0832859,G:0.0832859);
Adding E [7/7]
ln(likelihood): 222.57884 
(E:0.0608308,((D:0.119767,((A:0.0172709,(C:0.0134881,B:0.0105126):0.00644603):0.0222317,F:0.0537457):0.116067):0.0388862,G:0.121772):0.0608308);
Testing global rearrangements
E:0.0608308 D:0.119767
-9154.6152 222.57884
E:0.0608308 F:0.0537457
-305490.26 222.57884
D:0.119767 E:0.0608308
-9154.6152 222.57884
D:0.119767 ((D:0.119767,((A:0.0172709,(C:0.0134881,B:0.0105126):0.00644603):0.0222317,F:0.0537457):0.116067):0.0388862,G:0.121772):0.0608308
-9154.6152 222.57884
A:0.0172709 D:0.119767
-314566.37 222.57884
A:0.0172709 C:0.0134881
-880.52503 222.57884
A:0.0172709 F:0.0537457
-13564.426 222.57884
C:0.0134881 A:0.0172709
-880.52503 222.57884
F:0.0537457 E:0.0608308
-346484.73 222.57884
F:0.0537457 A:0.0172709
-13564.426 222.57884
F:0.0537457 G:0.121772
-346484.73 222.57884
G:0.121772 E:0.0608308
222.57884 222.57884
G:0.121772 D:0.119767
-9154.6152 222.57884
Targeting migration to vicinity of:
D E
G F
D A
D C

G F
D E
F G
G F
E D
Trying D E
D:0.119767 E:0.0608308
1->2 0.051593695 222.82257 222.57884
2->1 0.0053747296 222.82257 222.82257
p1->2 3.6591351e-05 222.57884 222.82257
Trying E D
E:0.0608352 D:0.119767
Trying F G
((A:0.0172709,(C:0.0134881,B:0.0105126):0.00644603):0.0222317,F:0.0537457):0.116067 G:0.121772
1->2 0.099995285 222.82257 222.82257
2->1 0.24605633 222.82257 222.82257
p2->1 4.0751289e-05 222.57883 222.82257
F:0.0537457 G:0.121772
1->2 0.0019267334 222.85694 222.82257
2->1 0.0035051624 222.75994 222.85694
p2->1 0.0036258015 222.76755 222.85694
Trying G F
G:0.121772 ((A:0.0172709,(C:0.0134881,B:0.0105126):0.00644603):0.0217149,F:0.054656):0.116572
G:0.121772 F:0.054656
Migration added
Local updates around node 1: 0 ln(lk):222.85694 
Local updates around node 2: 0 ln(lk):222.85694 
Updates in migration position: 0 ln(lk):222.85694 
Switches in migration direction: 0 ln(lk):222.85694 
ln(likelihood):222.85693 
Targeting migration to vicinity of:
F E
D A
D C
D B

D A
D C
D B
D A
D C
D B
D A
D C
D B
F E
Trying D A
D:0.119647 A:0.0172709
1->2 9.8076482e-05 222.86118 222.85693
2->1 0.0063318266 223.0109 222.86118
p1->2 6.2255936e-07 222.85694 223.0109
p2->1 0.099995285 223.0109 223.0109
D:0.162186 ((C:0.0134881,B:0.0105126):0.00644603,A:0.0172709):0.022278
1->2 0.0053747296 223.0109 223.0109
p1->2 4.0751289e-05 222.85693 223.0109
Trying D B
D:0.119647 B:0.0105126
1->2 5.7946159e-05 222.8594 223.0109
2->1 0.0049197529 223.00016 223.0109
p1->2 6.2255936e-07 222.85694 223.0109
p2->1 0.0063318266 223.0109 223.0109
D:0.122037 (C:0.0134881,B:0.0105126):0.00644603
1->2 0.00017933312 222.87262 223.0109
p1->2 6.2255936e-07 222.85694 223.0109
D:0.119647 (A:0.0172709,(C:0.0134881,B:0.0105126):0.0064461):0.0222091
Trying D C
D:0.119647 C:0.0134881
1->2 5.7946159e-05 222.85943 223.0109
2->1 0.0049197529 223.00016 223.0109
p1->2 6.2255936e-07 222.85694 223.0109
D:0.119647 (B:0.0105125,C:0.0134882):0.00644607
D:0.119647 (A:0.0172709,(B:0.0105125,C:0.0134882):0.00644607):0.022209
Trying F E
F:0.0537683 E:0.0606974
1->2 0.00079110416 222.89586 223.0109
2->1 0.0036049047 223.01093 223.0109
p1->2 3.0968394e-07 222.85693 223.01093
Migration added
Local updates around node 1: 0 ln(lk):223.01093 
Local updates around node 2: 0 ln(lk):223.01093 
Updates in migration position: 0 ln(lk):223.01093 
Switches in migration direction: 0 ln(lk):223.01093 
ln(likelihood):223.01102 
Targeting migration to vicinity of:
D E
G B
C G
A G

A G
C G
B G
A G
C G
B G
D E
G A
G C
G B
Trying A G
(F:0.054647,(A:0.0172709,(B:0.0105126,C:0.0134881):0.00644603):0.0217195):0.116682 G:0.122508
1->2 0.0008357527 223.01102 223.01102
p2->1 4.0751289e-05 223.01102 223.01102
A:0.0172709 G:0.122508
1->2 1.431666e-06 223.01102 223.01102
2->1 3.8719494e-07 223.01102 223.01102
p1->2 1.512534e-06 223.01102 223.01102
p2->1 3.8719494e-07 223.01102 223.01102
((B:0.0105126,C:0.0134881):0.00644599,A:0.017271):0.0217195 G:0.122508
2->1 0.0008357527 223.01102 223.01102
p2->1 0.00095040275 223.01102 223.01102
Trying B G
(F:0.0545361,((B:0.0105126,C:0.0134881):0.00644603,A:0.0172709):0.021872):0.11683 G:0.122508
B:0.0105126 G:0.122508
1->2 1.375859e-06 223.01102 223.01102
2->1 3.8719494e-07 223.01102 223.01102
p1->2 1.431666e-06 223.01102 223.01102
p2->1 3.8719494e-07 223.01102 223.01102
(A:0.0172709,(C:0.013488,B:0.0105126):0.00644606):0.0217195 G:0.122508
(C:0.013488,B:0.0105126):0.00644606 G:0.122508
2->1 3.0968394e-07 223.01102 223.01102
p2->1 3.8719494e-07 223.01102 223.01102
Trying C G
(F:0.054647,(A:0.0172709,(C:0.0134881,B:0.0105126):0.00644608):0.0217195):0.116682 G:0.122508
C:0.0134881 G:0.122508
1->2 1.375859e-06 223.01102 223.01102
2->1 3.8719494e-07 223.01102 223.01102
p2->1 3.8719494e-07 223.01102 223.01102
(A:0.0172709,(B:0.0105126,C:0.0134881):0.00644606):0.0217195 G:0.122508
(B:0.0105126,C:0.0134881):0.00644606 G:0.122508
Trying D E
D:0.119618 E:0.121322
1->2 0.0008357527 223.01102 223.01102
2->1 0.0008357527 223.01102 223.01102
p1->2 0.099995285 223.01102 223.01102
Trying G A
G:0.122508 A:0.0172709
G:0.122508 (A:0.0172709,(B:0.0105126,C:0.0134881):0.00644603):0.0217195
Trying G B
G:0.122508 B:0.0105126
G:0.122508 (A:0.0172709,(B:0.0105126,C:0.0134881):0.00644603):0.0217195
G:0.122508 (B:0.0105126,C:0.0134881):0.00644603
Trying G C
G:0.122508 C:0.0134881
G:0.122508 (A:0.0172709,(B:0.0105126,C:0.0134881):0.00644603):0.0217195
G:0.122508 (B:0.0105126,C:0.0134881):0.00644603
Migration added
Local updates around node 1: 0 ln(lk):223.01102 
Local updates around node 2: 0 ln(lk):223.01102 
Updates in migration position: 0 ln(lk):223.01102 
Switches in migration direction: 0 ln(lk):223.01102 
ln(likelihood):223.01102 
Targeting migration to vicinity of:
F B
F F
D F
A F

A F
F D
F A
F F
B F
D D
D F
F D
F A
F F
F A
F B
D D
D F
A F
F D
F A
F F
Trying A F
A:0.0172709 F:0.0540446
1->2 0.099995285 223.01102 223.01102
2->1 3.9084634e-07 223.01102 223.01102
p1->2 0.099995285 223.01102 223.01102
p2->1 0.0010948586 223.01102 223.01102
Trying B F
B:0.0105126 F:0.0540446
1->2 3.0968394e-07 223.01102 223.01102
2->1 3.3026194e-07 223.01102 223.01102
p1->2 0.099995285 223.01102 223.01102
p2->1 4.4036156e-07 223.01102 223.01102
Trying D D
D:0.119618 D:0.119618
p1->2 0.099995285 223.01102 223.01102
Trying D F
D:0.147674 F:0.0540446
1->2 0.0008357527 223.01102 223.01102
2->1 1.9748804e-06 223.01102 223.01102
p1->2 0.0008357527 223.01102 223.01102
p2->1 0.099995285 223.01102 223.01102
Trying F A
F:0.0540446 A:0.0172709
Trying F B
F:0.0540446 B:0.0105126
Trying F D
F:0.0540446 D:0.147737
Trying F F
F:0.0540446 F:0.0540446
p1->2 0.099995285 223.01102 223.01102
ln(likelihood):223.01102 
DONE.
