
TreeMix v. 1.13
$Revision: 231 $

npop:7 nsnp:17505003
Estimating covariance matrix in 5148 blocks of size 3400
SEED: 1607913359
Starting from:
(B:0.0898193,(G:0.14244,E:0.142342):0.0898193);
Adding A [4/7]
ln(likelihood): -5919.188 
((G:0.137127,E:0.13704):0.0876482,(B:0,A:0.00145776):0.0876482);
Adding D [5/7]
ln(likelihood): -844.8246 
((A:0.0220155,((G:0.120966,E:0.120833):0.0388912,D:0.118947):0.132639):0.0104554,B:0.0104554);
Adding C [6/7]
ln(likelihood): -1124.6426 
((A:0.0205905,((G:0.120756,E:0.120635):0.0388989,D:0.118741):0.135743):0.0032213,(B:0.014501,C:0.0174769):0.0032213);
Adding F [7/7]
ln(likelihood): 199.22207 
((A:0.0172709,(((G:0.121773,E:0.121663):0.03887,D:0.119772):0.116079,F:0.0537443):0.0222313):0.00322316,(B:0.0105129,C:0.0134888):0.00322316);
Testing global rearrangements
A:0.0172709 G:0.121773
-100259.1 199.22207
A:0.0172709 D:0.119772
-56777.317 199.22207
G:0.121773 D:0.119772
-1491.809 199.22207
D:0.119772 A:0.0172709
-53085.123 199.22207
D:0.119772 F:0.0537443
-32851.894 199.22207
D:0.119772 B:0.0105129
-57889.426 199.22207
D:0.119772 (B:0.0105129,C:0.0134888):0.00322316
-53085.123 199.22207
D:0.119772 C:0.0134888
-57889.426 199.22207
F:0.0537443 A:0.0172709
-2298.8189 199.22207
F:0.0537443 B:0.0105129
-3449.5666 199.22207
F:0.0537443 (B:0.0105129,C:0.0134888):0.00322316
-2298.8189 199.22207
F:0.0537443 C:0.0134888
-3449.5666 199.22207
B:0.0105129 A:0.0172709
-2.3564418 199.22207
DONE.
