
TreeMix v. 1.13
$Revision: 231 $

npop:7 nsnp:17505003
Estimating covariance matrix in 4376 blocks of size 4000
SEED: 1607912815
Starting from:
(B:0.0713362,(G:0.161212,D:0.133786):0.0713362);
Adding F [4/7]
ln(likelihood): -1818.1916 
((G:0.163716,D:0.134386):0.0573512,(B:0.0214815,F:0.0511326):0.0573512);
Adding C [5/7]
ln(likelihood): -338.5765 
((G:0.155005,D:0.123871):0.0585716,(F:0.0580881,(B:0.0101585,C:0.0131343):0.0269329):0.0585716);
Adding E [6/7]
ln(likelihood): 83.058095 
((B:0.00929985,C:0.0122756):0.0145446,(F:0.0543497,(D:0.120331,(G:0.122336,E:0.122215):0.0388676):0.116545):0.0145446);
Adding A [7/7]
ln(likelihood): 196.98233 
((F:0.0537451,(D:0.11977,(G:0.121772,E:0.121663):0.0388772):0.116074):0.0111157,((B:0.0105128,C:0.0134885):0.00644613,A:0.0172709):0.0111157);
Testing global rearrangements
F:0.0537451 G:0.121772
-53036.921 196.98233
F:0.0537451 (G:0.121772,E:0.121663):0.0388772
-27914.937 196.98233
F:0.0537451 E:0.121663
-53036.921 196.98233
D:0.11977 G:0.121772
-1242.1259 196.98233
D:0.11977 E:0.121663
-1242.1259 196.98233
B:0.0105128 D:0.11977
-51936.437 196.98233
B:0.0105128 ((B:0.0105128,C:0.0134885):0.00644613,A:0.0172709):0.0111157
25.447856 196.98233
A:0.0172709 F:0.0537451
-1928.4612 196.98233
A:0.0172709 (F:0.0537451,(D:0.11977,(G:0.121772,E:0.121663):0.0388772):0.116074):0.0111157
196.98233 196.98233
A:0.0172709 D:0.11977
-48277.995 196.98233
A:0.0172709 (D:0.11977,(G:0.121772,E:0.121663):0.0388772):0.116074
-1928.4612 196.98233
A:0.0172709 G:0.121772
-85281.911 196.98233
A:0.0172709 (G:0.121772,E:0.121663):0.0388772
-48277.995 196.98233
A:0.0172709 E:0.121663
-85281.911 196.98233
Targeting migration to vicinity of:
D E
G F
B D
D A

D E
F G
E D
G F
E D
Trying D E
D:0.11977 E:0.121663
1->2 0.0057424628 197.0197 196.98233
2->1 0.3970964 197.0197 197.0197
p1->2 4.0751289e-05 196.98233 197.0197
Trying E D
E:0.121674 D:0.11977
Trying F G
F:0.0537451 (G:0.121771,E:0.121674):0.0388788
1->2 0.099995285 197.01123 197.0197
2->1 0.10127305 197.01123 197.0197
p1->2 4.0751289e-05 196.98233 197.0197
F:0.0537451 G:0.121772
1->2 0.0019267334 197.02493 197.0197
2->1 0.0035051624 197.01001 197.02493
p1->2 0.0019631728 197.0197 197.02493
Trying G F
(E:0.121403,G:0.122511):0.0390679 F:0.0537451
G:0.122511 F:0.0537451
Migration added
Local updates around node 1: 0 ln(lk):197.02493 
Local updates around node 2: 0 ln(lk):197.02493 
Updates in migration position: 0 ln(lk):197.02493 
Switches in migration direction: 0 ln(lk):197.02493 
ln(likelihood):197.02493 
Targeting migration to vicinity of:
F E
D A
B D
D C

B D
C D
A D
D B
D C
D A
D B
D C
D A
F E
Trying A D
((B:0.0105128,C:0.0134885):0.00644613,A:0.0172709):0.0111044 D:0.119649
1->2 0.25018033 197.04855 197.02493
2->1 0.001199187 197.04855 197.04855
p2->1 0.99990094 197.02493 197.04855
A:0.0172709 D:0.119649
1->2 0.0063318266 197.04855 197.04855
2->1 9.7509241e-05 197.02558 197.04855
p2->1 0.22485073 197.02493 197.04855
Trying B D
(B:0.0105128,C:0.0134885):3.92285e-06 D:0.119649
1->2 0.0063318266 197.04855 197.04855
2->1 0.00018037626 197.02734 197.04855
p2->1 0.43606377 197.02493 197.04855
(A:9.78954e-05,(B:0.0105128,C:0.0134885):0.0507213):0.0196909 D:0.119649
B:0.0105128 D:0.119649
1->2 0.0049197529 197.0469 197.04855
2->1 5.6539659e-05 197.0253 197.04855
p2->1 3.0968394e-07 197.02493 197.04855
Trying C D
(C:0.0134885,B:0.0105128):0.00644614 D:0.119649
C:0.0134885 D:0.119649
1->2 0.0049197529 197.0469 197.04855
2->1 5.7404843e-05 197.02531 197.04855
p2->1 4.5131677e-07 197.02493 197.04855
(A:0.0172709,(B:0.0105127,C:0.0134886):0.00644614):0.0111044 D:0.119649
Trying D A
D:0.119649 (A:0.0172709,(B:0.0105127,C:0.0134886):0.00644614):0.0111044
D:0.119649 A:0.0172709
Trying D B
D:0.119649 (B:0.0105127,C:0.0134886):0.00644614
D:0.119649 (A:0.0172709,(B:0.0105127,C:0.0134886):0.00644614):0.0111044
D:0.119649 B:0.0105127
Trying D C
D:0.119649 (B:0.0105127,C:0.0134886):0.00644614
D:0.119649 C:0.0134886
D:0.119649 (A:0.0172709,(B:0.0105127,C:0.0134886):0.00644614):0.0111044
Trying F E
F:0.0537677 E:0.121394
1->2 0.00081076915 197.03101 197.04855
2->1 0.0035920499 197.04855 197.04855
p1->2 6.2353583e-06 197.02493 197.04855
p2->1 0.015326404 197.04855 197.04855
Migration added
Local updates around node 1: 0 ln(lk):197.04855 
Local updates around node 2: 0 ln(lk):197.04855 
Updates in migration position: 0 ln(lk):197.04855 
Switches in migration direction: 0 ln(lk):197.04855 
ln(likelihood):197.04855 
DONE.
