
TreeMix v. 1.13
$Revision: 231 $

npop:7 nsnp:17505003
Estimating covariance matrix in 5835 blocks of size 3000
SEED: 1607913222
Starting from:
((E:0.141516,G:0.141614):0.0913591,C:0.0913591);
Adding F [4/7]
ln(likelihood): -7458.9951 
(C:0.0239244,((E:0.11691,G:0.116997):0.128057,F:0.0714063):0.0239244);
Adding A [5/7]
ln(likelihood): -2025.2059 
((F:0.0534244,(C:0.01607,A:0.0150183):0.0150253):0.0764081,(E:0.131628,G:0.131704):0.0764081);
Adding B [6/7]
ln(likelihood): -3100.533 
((F:0.0570622,(A:0.0203663,(C:0.0165835,B:0.013608):0.00644603):0.024588):0.078521,(E:0.116097,G:0.116163):0.078521);
Adding D [7/7]
ln(likelihood): 200.94859 
((E:0.121662,G:0.121772):0.0194431,((F:0.0537457,(A:0.0172709,(C:0.0134881,B:0.0105126):0.00644603):0.0222317):0.116067,D:0.119767):0.0194431);
Testing global rearrangements
E:0.121662 F:0.0537457
-62329.341 200.94859
E:0.121662 D:0.119767
-1715.8489 200.94859
F:0.0537457 D:0.119767
-37230.363 200.94859
A:0.0172709 F:0.0537457
-2628.0091 200.94859
C:0.0134881 A:0.0172709
-27.211863 200.94859
D:0.119767 E:0.121662
-1715.8489 200.94859
D:0.119767 A:0.0172709
-60135.082 200.94859
Targeting migration to vicinity of:
E D
G F
B D
A D

G F
E D
G F
E D
Trying E D
E:0.121662 D:0.119767
1->2 0.17986722 200.99833 200.94859
2->1 0.099995285 200.99833 200.99833
p1->2 0.17986722 200.94859 200.99833
p2->1 0.016859977 200.94859 200.99833
Trying G F
G:0.121772 (F:0.0537457,(A:0.0172709,(C:0.0134881,B:0.0105126):0.00644603):0.0222317):0.116067
1->2 0.099995285 200.99833 200.99833
2->1 0.0048566568 200.99833 200.99833
p1->2 0.099995285 200.94859 200.99833
p2->1 0.90047115 200.94859 200.99833
G:12.2928 F:0.0537457
1->2 0.0035051624 200.98545 200.99833
2->1 0.0019267334 201.0053 200.99833
p1->2 0.016859977 200.98706 201.0053
(E:0.121662,G:0.121772):0.0347453 F:0.0577256
2->1 0.10924691 200.98706 201.0053
p2->1 0.99991387 200.94859 201.0053
Migration added
Local updates around node 1: 0 ln(lk):201.0053 
Local updates around node 2: 0 ln(lk):201.0053 
Updates in migration position: 0 ln(lk):201.0053 
Switches in migration direction: 0 ln(lk):201.0053 
ln(likelihood):201.00529 
Targeting migration to vicinity of:
E F
B D
A D
C D

C D
A D
B D
C D
A D
B D
C D
A D
B D
E F
Trying A D
(A:0.0172709,(C:0.0134881,B:0.0105126):0.00644603):0.0222091 D:0.119646
1->2 0.099995285 201.03674 201.00529
2->1 0.0026463708 201.03674 201.03674
p2->1 4.0751289e-05 201.00529 201.03674
A:0.0172709 D:0.119646
1->2 0.0063318266 201.03674 201.03674
2->1 9.8076482e-05 201.00617 201.03674
p2->1 6.2255936e-07 201.0053 201.03674
Trying B D
((C:0.0134881,B:0.0105126):0.00644597,A:0.017271):0.0222092 D:0.119646
B:0.0105126 D:0.119646
1->2 0.0049197529 201.03455 201.03674
2->1 5.7946159e-05 201.0058 201.03674
p1->2 0.0063318266 201.03674 201.03674
p2->1 6.2255936e-07 201.0053 201.03674
(C:0.013488,B:0.0105127):0.00644607 D:0.119646
2->1 0.00017933312 201.00851 201.03674
p2->1 6.2255936e-07 201.0053 201.03674
Trying C D
(A:0.0172709,(C:0.0134881,B:0.0105126):0.00644611):0.0222092 D:0.119646
(C:0.0134881,B:0.0105126):0.00644611 D:0.119646
C:0.0134881 D:0.119646
1->2 0.0049197529 201.03455 201.03674
2->1 5.7946159e-05 201.0058 201.03674
p2->1 6.2255936e-07 201.0053 201.03674
Trying E F
E:0.121393 F:0.0537682
1->2 0.0035920499 201.03674 201.03674
2->1 0.00080320082 201.01339 201.03674
p1->2 0.015326404 201.03675 201.03674
p2->1 0.096514925 201.00512 201.03675
Migration added
Local updates around node 1: 0 ln(lk):201.03675 
Local updates around node 2: 0 ln(lk):201.03675 
Updates in migration position: 0 ln(lk):201.03675 
Switches in migration direction: 0 ln(lk):201.03675 
ln(likelihood):201.03675 
Targeting migration to vicinity of:
G D
E B
E A
C E

C E
A E
B E
E C
E A
E B
E C
E A
E B
G D
Trying A E
(A:0.0172709,(B:0.0105126,C:0.0134881):0.00644603):0.0205293 E:0.121404
1->2 3.0968394e-07 201.03675 201.03675
2->1 0.0008357527 201.03675 201.03675
p1->2 0.0008357527 201.03675 201.03675
p2->1 0.0008357527 201.03675 201.03675
A:0.0172709 E:0.121404
1->2 3.0968394e-07 201.03675 201.03675
2->1 3.0968394e-07 201.03675 201.03675
p2->1 3.0968394e-07 201.03675 201.03675
Trying B E
B:0.0105126 E:0.121404
1->2 3.0968394e-07 201.03675 201.03675
2->1 3.0968394e-07 201.03675 201.03675
p1->2 3.0968394e-07 201.03675 201.03675
p2->1 3.0968394e-07 201.03675 201.03675
(C:0.0134881,B:0.0105126):0.00644605 E:0.121404
2->1 3.0968394e-07 201.03675 201.03675
p2->1 3.0968394e-07 201.03675 201.03675
(A:0.0172709,(C:0.0134881,B:0.0105126):0.00644607):0.0205293 E:0.121404
Trying C E
(C:0.0134881,B:0.0105126):0.00644607 E:0.121404
(A:0.0172709,(C:0.0134881,B:0.0105126):0.00644607):0.0205293 E:0.121404
C:0.0134881 E:0.121404
1->2 3.0968394e-07 201.03675 201.03675
2->1 3.0968394e-07 201.03675 201.03675
p2->1 3.0968394e-07 201.03675 201.03675
Trying E A
E:0.121404 (A:0.0172709,(B:0.0105126,C:0.0134881):0.00644605):0.0205293
E:0.121404 A:0.0172709
Trying E B
E:0.121404 B:0.0105126
E:0.121404 (B:0.0105126,C:0.0134881):0.00644605
E:0.121404 (A:0.0172709,(B:0.0105126,C:0.0134881):0.00644605):0.0205293
Trying E C
E:0.121404 (B:0.0105126,C:0.0134881):0.00644605
E:0.121404 (A:0.0172709,(B:0.0105126,C:0.0134881):0.00644605):0.0205293
E:0.121404 C:0.0134881
Trying G D
G:0.122503 D:0.119618
1->2 0.0008357527 201.03675 201.03675
2->1 0.099995285 201.03675 201.03675
p1->2 0.099995285 201.03675 201.03675
p2->1 0.099995285 201.03675 201.03675
Migration added
Local updates around node 1: 0 ln(lk):201.03675 
Local updates around node 2: 0 ln(lk):201.03675 
Updates in migration position: 0 ln(lk):201.03675 
Switches in migration direction: 0 ln(lk):201.03675 
ln(likelihood):201.03675 
Targeting migration to vicinity of:
G B
G B
G B
G B

ln(likelihood):201.03675 
Targeting migration to vicinity of:
D D
D D
D D
D D

D D
Trying D D
D:0.119584 D:0.119584
p1->2 0.099995285 201.03675 201.03675
D:0.147633 ((F:0.0568621,(A:0.0172709,(B:0.0105126,C:0.0134881):0.00644603):0.0206664):0.118001,D:0.147633):0.00640635
((F:0.0568621,(A:0.0172709,(B:0.0105126,C:0.0134881):0.00644603):0.0206664):0.118001,D:0.147633):0.00640635 ((F:0.0568621,(A:0.0172709,(B:0.0105126,C:0.0134881):0.00644603):0.0206664):0.118001,D:0.147633):0.00640635
ln(likelihood):201.03675 
DONE.
