
TreeMix v. 1.13
$Revision: 231 $

npop:7 nsnp:17505003
Estimating covariance matrix in 7956 blocks of size 2200
SEED: 1607912681
Starting from:
((F:0.0768918,D:0.17863):0.0276258,B:0.0276258);
Adding A [4/7]
ln(likelihood): -7745.4613 
((F:0.0505952,(B:0.0125757,A:0.0147974):0.00583552):0.121113,D:0.121113);
Adding C [5/7]
ln(likelihood): -6888.8382 
((F:0.0573516,(A:0.0208547,(B:0.0140967,C:0.0170726):0.00644631):0.0234557):0.122841,D:0.122841);
Adding E [6/7]
ln(likelihood): -1622.908 
(((F:0.0537709,(A:0.0172881,(B:0.0105301,C:0.013506):0.00644631):0.0222126):0.113981,D:0.120486):0.083173,E:0.083173);
Adding G [7/7]
ln(likelihood): 205.20278 
(E:0.0608314,(((F:0.0537443,(A:0.0172709,(B:0.0105129,C:0.0134888):0.00644631):0.0222313):0.116079,D:0.119772):0.03887,G:0.121773):0.0608314);
Testing global rearrangements
E:0.0608314 F:0.0537443
-84855.971 205.20278
E:0.0608314 D:0.119772
-2400.7598 205.20278
F:0.0537443 D:0.119772
-50743.973 205.20278
A:0.0172709 F:0.0537443
-3642.0229 205.20278
B:0.0105129 A:0.0172709
-104.95451 205.20278
D:0.119772 E:0.0608314
-2400.7598 205.20278
D:0.119772 A:0.0172709
-81894.335 205.20278
G:0.121773 D:0.119772
-2400.7598 205.20278
Targeting migration to vicinity of:
D E
F G
D B
D A

G F
D E
F G
D E
F G
Trying D E
D:0.119772 E:0.0608314
1->2 0.16563053 205.27048 205.20278
2->1 0.099995285 205.27048 205.27048
p1->2 0.085796408 205.20278 205.27048
Trying F G
(F:0.0537443,(A:0.0172709,(B:0.0105129,C:0.0134888):0.00644631):0.0222313):0.116079 G:0.121773
1->2 0.17986722 205.27048 205.27048
2->1 0.099995285 205.27048 205.27048
p2->1 4.0751289e-05 205.20278 205.27048
F:0.0537443 G:0.121773
1->2 0.0019267334 205.27997 205.27048
2->1 0.0035051624 205.25296 205.27997
p2->1 0.0036258015 205.25514 205.27997
Trying G F
G:0.121773 ((A:0.0172709,(B:0.0105129,C:0.0134888):0.00644631):0.0217146,F:0.0546546):0.116584
G:0.121773 F:0.0546546
Migration added
Local updates around node 1: 0 ln(lk):205.27997 
Local updates around node 2: 0 ln(lk):205.27997 
Updates in migration position: 0 ln(lk):205.27997 
Switches in migration direction: 0 ln(lk):205.27997 
ln(likelihood):205.27997 
DONE.
