
TreeMix v. 1.13
$Revision: 231 $

npop:7 nsnp:17505003
Estimating covariance matrix in 4862 blocks of size 3600
SEED: 1607913084
Starting from:
(D:0.126223,(A:0,C:0):0.126223);
Adding G [4/7]
ln(likelihood): -1062.8044 
((A:0.0127166,C:0.0134708):0.0681986,(D:0.129142,G:0.158502):0.0681986);
Adding F [5/7]
ln(likelihood): -440.50824 
((D:0.1242,G:0.155327):0.0585522,((A:0.0174837,C:0.0185363):0.0199838,F:0.0584029):0.0585522);
Adding B [6/7]
ln(likelihood): -988.05828 
((D:0.12061,((A:0.0172982,(C:0.0135161,B:0.0105402):0.00644631):0.0222126,F:0.053781):0.113809):0.0832786,G:0.0832786);
Adding E [7/7]
ln(likelihood): 198.43348 
((D:0.119772,(G:0.121773,E:0.121663):0.03887):0.0580395,((A:0.0172709,(C:0.0134888,B:0.0105129):0.00644631):0.0222313,F:0.0537443):0.0580395);
Testing global rearrangements
D:0.119772 E:0.121663
-1399.1102 198.43348
D:0.119772 A:0.0172709
-50134.866 198.43348
D:0.119772 (A:0.0172709,(C:0.0134888,B:0.0105129):0.00644631):0.0222313
-31019.707 198.43348
D:0.119772 C:0.0134888
-54672.705 198.43348
D:0.119772 (C:0.0134888,B:0.0105129):0.00644631
-50134.866 198.43348
D:0.119772 B:0.0105129
-54672.705 198.43348
G:0.121773 D:0.119772
-1399.1102 198.43348
A:0.0172709 D:0.119772
-53623.153 198.43348
A:0.0172709 ((A:0.0172709,(C:0.0134888,B:0.0105129):0.00644631):0.0222313,F:0.0537443):0.0580395
-2161.178 198.43348
C:0.0134888 A:0.0172709
8.0268298 198.43348
F:0.0537443 G:0.121773
-58908.973 198.43348
F:0.0537443 (G:0.121773,E:0.121663):0.03887
-31019.707 198.43348
F:0.0537443 E:0.121663
-58908.973 198.43348
F:0.0537443 A:0.0172709
-2161.178 198.43348
Targeting migration to vicinity of:
D E
G F
D B
D A

G F
D E
E D
G F
Trying D E
D:0.119772 E:0.121663
1->2 0.099995285 198.47497 198.43348
2->1 0.3970964 198.47497 198.47497
p1->2 4.0751289e-05 198.43348 198.47497
Trying E D
E:0.121674 D:0.119772
Trying G F
G:0.121771 ((A:0.0172709,(C:0.0134888,B:0.0105129):0.00644631):0.0222313,F:0.0537443):0.0580395
1->2 0.099995285 198.47497 198.47497
2->1 0.099995285 198.47497 198.47497
p1->2 0.99775207 198.43348 198.47497
G:0.121773 F:0.0537443
1->2 0.0035051624 198.46423 198.47497
2->1 0.0019267334 198.48078 198.47497
p1->2 0.016859977 198.46557 198.48078
(E:0.121663,G:0.121773):0.0389053 F:0.0577244
2->1 0.098679066 198.46557 198.48078
p1->2 0.099995285 198.43348 198.48078
p2->1 0.12586832 198.43348 198.48078
Migration added
Local updates around node 1: 0 ln(lk):198.48078 
Local updates around node 2: 0 ln(lk):198.48078 
Updates in migration position: 0 ln(lk):198.48078 
Switches in migration direction: 0 ln(lk):198.48078 
ln(likelihood):198.48078 
Targeting migration to vicinity of:
F E
D B
D A
D C

D A
D C
D B
E F
D A
D C
D B
D A
D C
D B
A D
F E
Trying A D
A:0.0172709 D:0.119651
1->2 0.0063318266 198.50701 198.48078
2->1 9.8076482e-05 198.48151 198.50701
p1->2 0.099995285 198.50701 198.50701
p2->1 0.099995285 198.48078 198.50701
((C:0.0134888,B:0.0105129):0.0039788,A:0.0240635):0.0246763 D:0.119651
2->1 0.0026463708 198.50701 198.50701
p1->2 0.17986722 198.48078 198.50701
p2->1 0.10015381 198.48078 198.50701
Trying D A
D:0.119651 A:0.0172709
D:0.119651 ((C:0.0134888,B:0.0105129):0.00644631,A:0.0172709):0.0274276
Trying D B
D:0.119651 B:0.0105129
1->2 5.7946159e-05 198.4812 198.50701
2->1 0.0049197529 198.50518 198.50701
p1->2 3.6306955e-07 198.48078 198.50701
p2->1 0.0063318266 198.50701 198.50701
D:0.122041 (C:0.0134888,B:0.0105129):0.00644631
1->2 0.00017933312 198.48346 198.50701
p1->2 0.099995285 198.48078 198.50701
D:0.119651 (A:0.0148034,(C:0.0134888,B:0.0105129):0.0107):0.0246763
Trying D C
D:0.119651 C:0.0134888
1->2 5.7946159e-05 198.48121 198.50701
2->1 0.0049197529 198.50518 198.50701
p1->2 4.7680956e-07 198.48078 198.50701
D:0.119651 (B:0.0105129,C:0.0134888):0.00644632
D:0.119651 (A:0.0172709,(B:0.0105129,C:0.0134888):0.00644632):0.0222088
Trying E F
E:0.121394 F:0.0537669
1->2 0.0036049047 198.50701 198.50701
2->1 0.00079855864 198.48753 198.50701
p1->2 0.015326404 198.50702 198.50701
p2->1 4.9871328e-06 198.48078 198.50702
Trying F E
F:0.0537669 E:0.121396
Migration added
Local updates around node 1: 0 ln(lk):198.50702 
Local updates around node 2: 0 ln(lk):198.50702 
Updates in migration position: 0 ln(lk):198.50702 
Switches in migration direction: 0 ln(lk):198.50702 
ln(likelihood):198.50702 
Targeting migration to vicinity of:
D G
B E
A E
C E

A E
C E
B E
A E
C E
B E
A E
C E
B E
D G
G D
Trying A E
(A:0.0172709,(B:0.0105129,C:0.0134888):0.00644631):0.0205287 E:0.121405
1->2 3.0968394e-07 198.50702 198.50702
2->1 0.0008357527 198.50702 198.50702
p1->2 0.0008357527 198.50702 198.50702
p2->1 0.0008357527 198.50702 198.50702
A:0.0172709 E:0.121405
1->2 3.0968394e-07 198.50702 198.50702
2->1 3.0968394e-07 198.50702 198.50702
p2->1 3.0968394e-07 198.50702 198.50702
Trying B E
(B:0.0105129,C:0.0134888):0.00644628 E:0.121405
1->2 3.0968394e-07 198.50702 198.50702
2->1 3.0968394e-07 198.50702 198.50702
p2->1 3.0968394e-07 198.50702 198.50702
B:0.0105129 E:0.121405
1->2 3.0968394e-07 198.50702 198.50702
2->1 3.0968394e-07 198.50702 198.50702
p2->1 3.0968394e-07 198.50702 198.50702
(A:0.0172709,(C:0.0134888,B:0.0105129):0.00644633):0.0205288 E:0.121405
Trying C E
C:0.0134888 E:0.121405
1->2 3.0968394e-07 198.50702 198.50702
2->1 3.0968394e-07 198.50702 198.50702
p2->1 3.0968394e-07 198.50702 198.50702
(B:0.0105128,C:0.0134888):0.00644633 E:0.121405
(A:0.0172709,(B:0.0105128,C:0.0134888):0.00644633):0.0205288 E:0.121405
Trying D G
D:0.119623 G:0.122503
1->2 0.099995285 198.50702 198.50702
2->1 0.0008357527 198.50702 198.50702
p1->2 4.0751289e-05 198.50702 198.50702
p2->1 0.099995285 198.50702 198.50702
Trying G D
G:0.122503 D:0.149
Migration added
Local updates around node 1: 0 ln(lk):198.50702 
Local updates around node 2: 0 ln(lk):198.50702 
Updates in migration position: 0 ln(lk):198.50702 
Switches in migration direction: 0 ln(lk):198.50702 
ln(likelihood):198.50702 
Targeting migration to vicinity of:
D F
D B
D F
D F

D F
Trying D F
D:0.11959 F:0.0568648
1->2 0.099995285 198.50702 198.50702
2->1 0.099995285 198.50702 198.50702
p1->2 0.099995285 198.50702 198.50702
p2->1 0.099995285 198.50702 198.50702
ln(likelihood):198.50702 
DONE.
