
TreeMix v. 1.13
$Revision: 231 $

npop:7 nsnp:17505003
Estimating covariance matrix in 12503 blocks of size 1400
SEED: 1607913222
Starting from:
((E:0.141515,G:0.141613):0.0913583,C:0.0913583);
Adding F [4/7]
ln(likelihood): -15877.766 
(C:0.0239246,((E:0.11691,G:0.116997):0.128054,F:0.0714067):0.0239246);
Adding A [5/7]
ln(likelihood): -4412.9031 
((F:0.0534245,(C:0.0160708,A:0.0150187):0.0150257):0.0764074,(E:0.131627,G:0.131703):0.0764074);
Adding B [6/7]
ln(likelihood): -6718.2363 
((F:0.0570621,(A:0.0203667,(C:0.0165842,B:0.0136084):0.00644611):0.0245881):0.0785203,(E:0.116096,G:0.116162):0.0785203);
Adding D [7/7]
ln(likelihood): 211.34616 
(((F:0.0537453,(A:0.017271,(C:0.0134885,B:0.0105126):0.00644611):0.0222314):0.116073,(E:0.121662,G:0.121772):0.0388793):0.0598847,D:0.0598847);
Testing global rearrangements
F:0.0537453 E:0.121662
-150624.53 211.34616
F:0.0537453 (E:0.121662,G:0.121772):0.0388793
-79537.603 211.34616
F:0.0537453 G:0.121772
-150624.53 211.34616
A:0.017271 F:0.0537453
-5803.0959 211.34616
A:0.017271 C:0.0134885
-272.59709 211.34616
A:0.017271 B:0.0105126
-272.59709 211.34616
E:0.121662 F:0.0537453
-132844.9 211.34616
E:0.121662 A:0.017271
-205213.75 211.34616
E:0.121662 D:0.0598847
-3867.0561 211.34616
D:0.0598847 F:0.0537453
-79537.603 211.34616
D:0.0598847 (F:0.0537453,(A:0.017271,(C:0.0134885,B:0.0105126):0.00644611):0.0222314):0.116073
211.34616 211.34616
D:0.0598847 A:0.017271
-128189.43 211.34616
D:0.0598847 (A:0.017271,(C:0.0134885,B:0.0105126):0.00644611):0.0222314
-79537.603 211.34616
D:0.0598847 C:0.0134885
-139684.29 211.34616
D:0.0598847 (C:0.0134885,B:0.0105126):0.00644611
-128189.43 211.34616
D:0.0598847 B:0.0105126
-139684.29 211.34616
Targeting migration to vicinity of:
E D
G F
B D
A D

E D
G F
Trying E D
E:0.121662 D:0.0598847
1->2 0.10046206 211.45207 211.34616
2->1 0.099995285 211.45207 211.45207
p1->2 0.99965066 211.34616 211.45207
Trying G F
(G:0.121772,E:0.121662):0.0388793 F:0.0537453
1->2 0.033863567 211.4281 211.45207
2->1 0.016859977 211.4281 211.45207
p1->2 4.0751289e-05 211.34616 211.45207
G:0.121772 F:0.0537544
1->2 0.0035051624 211.42471 211.45207
2->1 0.0019267334 211.46693 211.45207
p2->1 0.099995285 211.45207 211.46693
G:0.155345 ((A:0.017271,(C:0.0134885,B:0.0105126):0.00644611):0.0222314,F:0.0537453):0.116186
1->2 0.016859977 211.45207 211.46693
p2->1 4.0751289e-05 211.34616 211.46693
Migration added
Local updates around node 1: 0 ln(lk):211.46693 
Local updates around node 2: 0 ln(lk):211.46693 
Updates in migration position: 0 ln(lk):211.46693 
Switches in migration direction: 0 ln(lk):211.46693 
ln(likelihood):211.46693 
Targeting migration to vicinity of:
E F
B D
A D
C D

C D
A D
B D
C D
A D
B D
C D
A D
B D
E F
Trying A D
A:0.017271 D:0.0598244
1->2 0.0063318266 211.53388 211.46693
2->1 9.8076482e-05 211.46878 211.53388
p1->2 0.25082162 211.53388 211.53388
((C:0.0134885,B:0.0105126):0.00644611,A:0.017271):0.0222779 D:0.132637
2->1 0.0011743098 211.53388 211.53388
p1->2 4.1615585e-05 211.46693 211.53388
Trying B D
((C:0.0134885,B:0.0105126):0.00644611,A:0.017271):0.0222089 D:0.0598294
(C:0.0134885,B:0.0105126):0.00644611 D:0.0598294
1->2 0.0063318266 211.53388 211.53388
2->1 0.00017933312 211.47377 211.53388
B:0.0105126 D:0.0598302
1->2 0.0049197529 211.52922 211.53388
2->1 5.7946159e-05 211.468 211.53388
Trying C D
(A:0.017267,(C:0.0134817,B:0.0105207):0.00645052):0.0222118 D:0.0598253
(C:0.0134817,B:0.0105207):0.00645052 D:0.0598253
C:0.0134817 D:0.0598253
1->2 0.0049197529 211.52922 211.53388
2->1 5.7946159e-05 211.46802 211.53388
Trying E F
E:0.121394 F:0.0537645
1->2 0.0035920499 211.53389 211.53388
2->1 0.00080320082 211.48419 211.53389
p1->2 0.015326404 211.5339 211.53389
p2->1 0.099995285 211.46656 211.5339
Migration added
Local updates around node 1: 0 ln(lk):211.5339 
Local updates around node 2: 0 ln(lk):211.5339 
Updates in migration position: 0 ln(lk):211.5339 
Switches in migration direction: 0 ln(lk):211.5339 
ln(likelihood):211.5339 
Targeting migration to vicinity of:
G D
E A
E B
C E

C E
A E
B E
E C
E A
E B
E C
E A
E B
G D
Trying A E
(A:0.017271,(B:0.0105126,C:0.0134885):0.00644611):0.0205289 E:0.121404
1->2 3.3026194e-07 211.5339 211.5339
2->1 0.0008357527 211.5339 211.5339
p1->2 0.0008357527 211.5339 211.5339
p2->1 0.0008357527 211.5339 211.5339
A:0.017271 E:0.121404
1->2 3.3026194e-07 211.5339 211.5339
2->1 3.0968394e-07 211.5339 211.5339
p2->1 3.8135897e-07 211.5339 211.5339
Trying B E
B:0.0105126 E:0.121404
1->2 3.3026194e-07 211.5339 211.5339
2->1 3.0968394e-07 211.5339 211.5339
p1->2 3.3026194e-07 211.5339 211.5339
p2->1 3.8719494e-07 211.5339 211.5339
(C:0.0134885,B:0.0105127):0.00644614 E:0.121404
2->1 3.0968394e-07 211.5339 211.5339
p2->1 3.8135897e-07 211.5339 211.5339
(A:0.017271,(C:0.0134885,B:0.0105126):0.00644616):0.020529 E:0.121404
Trying C E
(C:0.0134885,B:0.0105126):0.00644616 E:0.121404
(A:0.017271,(C:0.0134885,B:0.0105126):0.00644616):0.020529 E:0.121404
C:0.0134885 E:0.121404
1->2 3.3026194e-07 211.5339 211.5339
2->1 3.0968394e-07 211.5339 211.5339
p2->1 3.8719494e-07 211.5339 211.5339
Trying E A
E:0.121404 (A:0.017271,(B:0.0105126,C:0.0134885):0.00644614):0.020529
E:0.121404 A:0.017271
Trying E B
E:0.121404 B:0.0105126
E:0.121404 (B:0.0105126,C:0.0134885):0.00644614
E:0.121404 (A:0.017271,(B:0.0105126,C:0.0134885):0.00644614):0.020529
Trying E C
E:0.121404 (B:0.0105126,C:0.0134885):0.00644614
E:0.121404 (A:0.017271,(B:0.0105126,C:0.0134885):0.00644614):0.020529
E:0.121404 C:0.0134885
Trying G D
G:0.122503 D:0.0598101
1->2 0.0008357527 211.5339 211.5339
2->1 0.099995285 211.5339 211.5339
p1->2 0.099995285 211.5339 211.5339
Migration added
Local updates around node 1: 0 ln(lk):211.5339 
Local updates around node 2: 0 ln(lk):211.5339 
Updates in migration position: 0 ln(lk):211.5339 
Switches in migration direction: 0 ln(lk):211.5339 
ln(likelihood):211.5339 
Targeting migration to vicinity of:
E A
B D
A B
B B

C A
A C
A A
A B
B A
B B
C A
A C
A A
A B
B A
B B
A D
B D
E A
E B
Trying A A
A:0.017271 A:0.017271
p1->2 1.789998e-06 211.5339 211.5339
Trying A B
(F:0.0568657,(A:0.0172711,(B:0.0105126,C:0.0134885):0.00644611):0.0206639):0.118008 B:0.0105126
1->2 4.4451434e-07 211.5339 211.5339
p1->2 3.8719494e-07 211.5339 211.5339
A:0.017271 B:0.0105127
1->2 0.0012983129 211.5339 211.5339
2->1 0.0012983129 211.5339 211.5339
p1->2 1.789998e-06 211.5339 211.5339
A:0.017271 (C:0.0134885,B:0.0105127):0.00644613
p1->2 1.789998e-06 211.5339 211.5339
((C:0.0134885,B:0.0105126):0.00644614,A:0.017271):0.0206639 B:0.0105126
((C:0.0134885,B:0.0105126):0.00644614,A:0.017271):0.0206639 (C:0.0134885,B:0.0105126):0.00644614
p1->2 4.1615585e-05 211.5339 211.5339
((G:0.122504,E:0.121404):0.0391374,(F:0.0568657,((C:0.0134885,B:0.0105126):0.00644751,A:0.0172702):0.0206647):0.118008):0.0597935 B:0.0105126
Trying A C
A:0.0172702 (C:0.0134885,B:0.0105126):0.00644751
A:0.0172702 C:0.0134885
1->2 0.0012983129 211.5339 211.5339
2->1 0.0012983129 211.5339 211.5339
p1->2 1.789998e-06 211.5339 211.5339
((B:0.0105126,C:0.0134885):0.00644613,A:0.017271):0.0206639 (B:0.0105126,C:0.0134885):0.00644613
((B:0.0105126,C:0.0134885):0.00644613,A:0.017271):0.0206639 C:0.0134885
p1->2 4.4451434e-07 211.5339 211.5339
Trying A D
A:0.017271 D:0.0597935
1->2 0.0008357527 211.5339 211.5339
2->1 3.6306955e-07 211.5339 211.5339
p1->2 0.0008357527 211.5339 211.5339
Trying B A
B:0.0105126 A:0.017271
(B:0.0105126,C:0.0134885):0.00644611 A:0.017271
Trying B B
(F:0.0568657,((B:0.0105126,C:0.0134885):0.00644611,A:0.017271):0.0206639):0.118106 B:0.0105126
((B:0.0105126,C:0.0134885):0.00644611,A:0.017271):0.0206639 B:0.0105126
((B:0.0105126,C:0.0134885):0.00644611,A:0.017271):0.0206639 (B:0.0105126,C:0.0134885):0.00644611
B:0.0105126 B:0.0105126
p1->2 0.0012983129 211.5339 211.5339
((G:0.122504,E:0.121404):0.0391374,(F:0.0568657,(A:0.017271,(B:0.01054,C:0.0134885):0.00644611):0.0206639):0.118008):0.0597935 B:0.01054
Trying B D
B:0.01054 D:0.0597935
1->2 3.0968394e-07 211.5339 211.5339
2->1 3.6306955e-07 211.5339 211.5339
p1->2 0.0008357527 211.5339 211.5339
Trying C A
(C:0.0134885,B:0.0105126):0.00644611 A:0.017271
C:0.0134885 A:0.017271
Trying E A
E:0.121404 A:0.017271
1->2 3.0968394e-07 211.5339 211.5339
2->1 1.9748804e-06 211.5339 211.5339
p1->2 3.0968394e-07 211.5339 211.5339
p2->1 1.9748804e-06 211.5339 211.5339
Trying E B
(G:0.122504,E:0.121404):0.0391375 B:0.0105126
1->2 3.8719494e-07 211.5339 211.5339
E:0.121404 B:0.0105127
1->2 3.0968394e-07 211.5339 211.5339
2->1 3.0968394e-07 211.5339 211.5339
p2->1 1.9748804e-06 211.5339 211.5339
((G:0.122504,E:0.121404):0.0391375,(F:0.0568657,(A:0.017271,(C:0.0134885,B:0.0105126):0.00644611):0.0206639):0.118008):0.0597935 B:0.0105126
ln(likelihood):211.5339 
Targeting migration to vicinity of:
E A
A B
B D
B B

C A
A C
A A
A B
B A
B B
C A
A C
A A
A B
B A
B B
B D
E A
Trying A A
A:0.017271 A:0.017271
p1->2 1.789998e-06 211.5339 211.5339
Trying A B
(A:0.0172711,(B:0.0105126,C:0.0134885):0.00644611):0.0206661 B:0.0105126
1->2 1.789998e-06 211.5339 211.5339
p1->2 4.4451434e-07 211.5339 211.5339
(A:0.017271,(B:0.0105127,C:0.0134885):0.00644612):0.0206661 (B:0.0105127,C:0.0134885):0.00644612
1->2 1.789998e-06 211.5339 211.5339
p1->2 4.1615585e-05 211.5339 211.5339
A:0.0172702 B:0.0105126
1->2 0.0012983129 211.5339 211.5339
2->1 0.0012983129 211.5339 211.5339
A:0.0173243 (C:0.0134885,B:0.0105126):0.00645449
Trying A C
((C:0.0134885,B:0.0105126):0.00645449,A:0.0173243):0.0206577 (C:0.0134885,B:0.0105126):0.00645449
((C:0.0134885,B:0.0105126):0.00645449,A:0.0173243):0.0206577 C:0.0134885
1->2 1.789998e-06 211.5339 211.5339
p1->2 4.4451434e-07 211.5339 211.5339
A:0.017271 (C:0.0134885,B:0.0105126):0.00644612
A:0.017271 C:0.0134885
1->2 0.0012983129 211.5339 211.5339
2->1 0.0012983129 211.5339 211.5339
Trying B A
B:0.0105126 A:0.0173243
(B:0.0105126,C:0.0134885):0.00645449 A:0.0173243
Trying B B
B:0.0105126 B:0.0105126
p1->2 0.0012983129 211.5339 211.5339
(A:0.017271,(B:0.01054,C:0.0134885):0.00644611):0.0206661 B:0.01054
(A:0.017271,(B:0.01054,C:0.0134885):0.00644611):0.0206661 (B:0.01054,C:0.0134885):0.00644611
Trying B D
B:0.01054 D:0.0597933
1->2 3.0968394e-07 211.5339 211.5339
2->1 3.6306955e-07 211.5339 211.5339
p1->2 0.0008357527 211.5339 211.5339
Trying C A
(C:0.0134885,B:0.0105126):0.00644611 A:0.017271
C:0.0134885 A:0.017271
Trying E A
E:0.121404 A:0.017271
1->2 3.0968394e-07 211.5339 211.5339
2->1 1.9748804e-06 211.5339 211.5339
p1->2 3.0968394e-07 211.5339 211.5339
p2->1 6.2716344e-06 211.5339 211.5339
ln(likelihood):211.5339 
DONE.
