
TreeMix v. 1.13
$Revision: 231 $

npop:7 nsnp:17505003
Estimating covariance matrix in 14587 blocks of size 1200
SEED: 1607913084
Starting from:
(D:0.126219,(A:0,C:0):0.126219);
Adding G [4/7]
ln(likelihood): -3275.1664 
((A:0.0127183,C:0.0134718):0.0681948,(D:0.129138,G:0.158509):0.0681948);
Adding F [5/7]
ln(likelihood): -1491.4121 
((D:0.124197,G:0.155335):0.0585484,((A:0.0174842,C:0.018536):0.0199844,F:0.0584045):0.0585484);
Adding B [6/7]
ln(likelihood): -3195.1378 
((D:0.120607,((A:0.0172986,(C:0.0135159,B:0.0105401):0.00644608):0.0222128,F:0.0537822):0.113802):0.0832834,G:0.0832834);
Adding E [7/7]
ln(likelihood): 213.42122 
(((D:0.119769,((A:0.0172711,(C:0.0134884,B:0.0105126):0.00644608):0.0222315,F:0.0537454):0.116071):0.0388811,G:0.121772):0.0608309,E:0.0608309);
Testing global rearrangements
D:0.119769 A:0.0172711
-149271.6 213.42122
D:0.119769 (A:0.0172711,(C:0.0134884,B:0.0105126):0.00644608):0.0222315
-92671.342 213.42122
D:0.119769 C:0.0134884
-162629.94 213.42122
D:0.119769 (C:0.0134884,B:0.0105126):0.00644608
-149271.6 213.42122
D:0.119769 B:0.0105126
-162629.94 213.42122
D:0.119769 E:0.0608309
-4535.7629 213.42122
A:0.0172711 D:0.119769
-159503.11 213.42122
A:0.0172711 C:0.0134884
-349.39654 213.42122
F:0.0537454 A:0.0172711
-6786.6453 213.42122
F:0.0537454 G:0.121772
-175409.47 213.42122
F:0.0537454 E:0.0608309
-175409.47 213.42122
G:0.121772 D:0.119769
-4535.7629 213.42122
G:0.121772 E:0.0608309
213.42122 213.42122
E:0.0608309 D:0.119769
-4535.7629 213.42122
E:0.0608309 F:0.0537454
-154700.57 213.42122
Targeting migration to vicinity of:
D E
G F
D B
D A

G F
D E
F G
G F
E D
Trying D E
D:0.119769 E:0.0608309
1->2 0.099995285 213.54455 213.42122
2->1 0.022054944 213.54455 213.54455
p1->2 0.99991387 213.42122 213.54455
Trying E D
E:8.20028e+06 D:0.119769
Trying F G
((A:0.0172711,(C:0.0134884,B:0.0105126):0.00644608):0.0222315,F:0.0537453):0.116071 G:0.121772
1->2 0.0055198548 213.54455 213.54455
2->1 0.0054058302 213.54455 213.54455
p2->1 4.0751289e-05 213.42122 213.54455
F:0.0537454 G:0.121772
1->2 0.0019267334 213.56187 213.54455
2->1 0.0035051624 213.51272 213.56187
p2->1 0.0036258015 213.51666 213.56187
Trying G F
G:0.121772 ((A:0.0172711,(C:0.0134884,B:0.0105126):0.00644608):0.0217148,F:0.0546557):0.116576
G:0.121772 F:0.0546557
Migration added
Local updates around node 1: 0 ln(lk):213.56187 
Local updates around node 2: 0 ln(lk):213.56187 
Updates in migration position: 0 ln(lk):213.56187 
Switches in migration direction: 0 ln(lk):213.56187 
ln(likelihood):213.56187 
Targeting migration to vicinity of:
F E
D B
D A
D C

D A
D C
D B
D A
D C
D B
D A
D C
D B
F E
Trying D A
D:0.119648 A:0.0172711
1->2 9.8076482e-05 213.56402 213.56187
2->1 0.0063318266 213.63983 213.56402
p1->2 6.2255936e-07 213.56187 213.63983
p2->1 0.099995285 213.63983 213.63983
D:0.162188 ((C:0.0134884,B:0.0105126):0.00644608,A:0.0172711):0.022278
1->2 0.003381049 213.63983 213.63983
p1->2 4.0751289e-05 213.56187 213.63983
Trying D B
D:0.119648 (C:0.0134884,B:0.0105126):0.00644608
1->2 0.00018207697 213.56983 213.63983
2->1 0.0063318266 213.63983 213.63983
p1->2 6.2255936e-07 213.56187 213.63983
D:0.119648 B:0.0105126
1->2 5.7946159e-05 213.56312 213.63983
2->1 0.0049197529 213.6344 213.63983
p1->2 6.2255936e-07 213.56187 213.63983
D:0.119648 (A:0.0172711,(C:0.0134883,B:0.0105127):0.00644612):0.022209
Trying D C
D:0.119648 (C:0.0134883,B:0.0105127):0.00644612
D:0.119648 C:0.0134883
1->2 5.7946159e-05 213.56313 213.63983
2->1 0.0049197529 213.6344 213.63983
p1->2 6.2255936e-07 213.56187 213.63983
D:0.119648 (A:0.0172711,(B:0.0105126,C:0.0134885):0.00644612):0.022209
Trying F E
F:0.0537679 E:0.0606967
1->2 0.00080320082 213.58198 213.63983
2->1 0.0035920499 213.63984 213.63983
p1->2 0.051593695 213.56144 213.63984
Migration added
Local updates around node 1: 0 ln(lk):213.63984 
Local updates around node 2: 0 ln(lk):213.63984 
Updates in migration position: 0 ln(lk):213.63984 
Switches in migration direction: 0 ln(lk):213.63984 
ln(likelihood):213.63986 
Targeting migration to vicinity of:
D E
A G
C G
G B

A G
C G
B G
A G
C G
B G
D E
G A
G C
G B
Trying A G
(A:0.0172711,(B:0.0105126,C:0.0134884):0.00644608):0.0218894 G:0.122509
1->2 3.0968394e-07 213.63986 213.63986
2->1 0.0008357527 213.63986 213.63986
p1->2 0.0008357527 213.63986 213.63986
p2->1 4.0751289e-05 213.63986 213.63986
A:0.0172711 G:0.122509
1->2 3.0968394e-07 213.63986 213.63986
2->1 3.8719494e-07 213.63986 213.63986
p2->1 3.8719494e-07 213.63986 213.63986
Trying B G
((B:0.0105126,C:0.0134884):0.00644604,A:0.0172711):0.0218894 G:0.122509
B:0.0105126 G:0.122509
1->2 3.0968394e-07 213.63986 213.63986
2->1 3.8719494e-07 213.63986 213.63986
p1->2 3.0968394e-07 213.63986 213.63986
p2->1 3.8719494e-07 213.63986 213.63986
(C:0.0134884,B:0.0105127):0.00644611 G:0.122509
2->1 3.8719494e-07 213.63986 213.63986
p2->1 3.8719494e-07 213.63986 213.63986
Trying C G
(A:0.017271,(C:0.0134884,B:0.0105126):0.00644613):0.0218894 G:0.122509
C:0.0134884 G:0.122509
1->2 3.0968394e-07 213.63986 213.63986
2->1 3.8719494e-07 213.63986 213.63986
p2->1 3.8719494e-07 213.63986 213.63986
(B:0.0105126,C:0.0134885):0.00644611 G:0.122509
Trying D E
D:0.119619 E:0.107909
1->2 0.099995285 213.63986 213.63986
2->1 3.0968394e-07 213.63986 213.63986
p1->2 0.099995285 213.63986 213.63986
Trying G A
G:0.122509 (A:0.0172711,(B:0.0105126,C:0.0134884):0.00644608):0.0218894
G:0.122509 A:0.0172711
Trying G B
G:0.122509 (A:0.0172711,(B:0.0105126,C:0.0134884):0.00644608):0.0218894
G:0.122509 B:0.0105126
G:0.122509 (B:0.0105126,C:0.0134884):0.00644608
Trying G C
G:0.122509 (A:0.0172711,(B:0.0105126,C:0.0134884):0.00644608):0.0218894
G:0.122509 C:0.0134884
G:0.122509 (B:0.0105126,C:0.0134884):0.00644608
Migration added
Local updates around node 1: 0 ln(lk):213.63986 
Local updates around node 2: 0 ln(lk):213.63986 
Updates in migration position: 0 ln(lk):213.63986 
Switches in migration direction: 0 ln(lk):213.63986 
ln(likelihood):213.63986 
Targeting migration to vicinity of:
D G
B E
A E
C E

A E
C E
B E
A E
C E
B E
A E
C E
B E
D G
G D
Trying A E
A:0.0172711 E:0.0916639
1->2 6.2716344e-06 213.63986 213.63986
2->1 3.0968394e-07 213.63986 213.63986
p1->2 6.2716344e-06 213.63986 213.63986
((B:0.0105126,C:0.0134884):0.00644608,A:0.0172711):0.0220605 E:0.0916762
2->1 6.2716344e-06 213.63986 213.63986
p1->2 0.099995285 213.63986 213.63986
Trying B E
((B:0.0105126,C:0.0134884):0.00644608,A:0.0172711):0.0220605 E:0.121679
(B:0.0105126,C:0.0134884):0.00644608 E:0.121679
1->2 6.2716344e-06 213.63986 213.63986
2->1 3.2717654e-07 213.63986 213.63986
B:0.0105126 E:0.0916552
1->2 2.0549846e-06 213.63986 213.63986
2->1 3.8719494e-07 213.63986 213.63986
Trying C E
(A:0.0172711,(C:0.0134884,B:0.0105127):0.00644611):0.0220605 E:0.0916596
C:0.0134884 E:0.0916596
1->2 2.0549846e-06 213.63986 213.63986
2->1 3.8719494e-07 213.63986 213.63986
(B:0.0105126,C:0.0134885):0.00644611 E:0.0916596
Trying D G
D:0.119589 G:0.12251
1->2 0.0008357527 213.63986 213.63986
2->1 0.099995285 213.63986 213.63986
p1->2 0.0054881019 213.63986 213.63986
p2->1 4.0751289e-05 213.63986 213.63986
Trying G D
G:0.12251 D:0.1196
Migration added
Local updates around node 1: 0 ln(lk):213.63986 
Local updates around node 2: 0 ln(lk):213.63986 
Updates in migration position: 0 ln(lk):213.63986 
Switches in migration direction: 0 ln(lk):213.63986 
ln(likelihood):213.63986 
DONE.
