
TreeMix v. 1.13
$Revision: 231 $

npop:7 nsnp:17505003
Estimating covariance matrix in 5470 blocks of size 3200
SEED: 1607913222
Starting from:
((E:0.141515,G:0.141613):0.0913579,C:0.0913579);
Adding F [4/7]
ln(likelihood): -6994.0372 
(C:0.0239247,((E:0.116911,G:0.116997):0.128053,F:0.0714067):0.0239247);
Adding A [5/7]
ln(likelihood): -1892.5472 
((F:0.0534245,(C:0.0160709,A:0.0150187):0.0150258):0.0764071,(E:0.131627,G:0.131703):0.0764071);
Adding B [6/7]
ln(likelihood): -2900.2263 
((F:0.057062,(A:0.0203667,(C:0.0165844,B:0.0136086):0.00644613):0.0245882):0.0785199,(E:0.116096,G:0.116162):0.0785199);
Adding D [7/7]
ln(likelihood): 200.05812 
((F:0.0537451,(A:0.0172709,(C:0.0134885,B:0.0105128):0.00644613):0.0222314):0.0580369,((E:0.121663,G:0.121772):0.0388772,D:0.11977):0.0580369);
Testing global rearrangements
F:0.0537451 E:0.121663
-66259.661 200.05812
F:0.0537451 (E:0.121663,G:0.121772):0.0388772
-34904.003 200.05812
F:0.0537451 G:0.121772
-66259.661 200.05812
A:0.0172709 F:0.0537451
-2452.7966 200.05812
C:0.0134885 A:0.0172709
-13.968495 200.05812
E:0.121663 F:0.0537451
-58433.967 200.05812
E:0.121663 A:0.0172709
-90416.349 200.05812
E:0.121663 D:0.11977
-1596.508 200.05812
D:0.11977 F:0.0537451
-34904.003 200.05812
D:0.11977 (F:0.0537451,(A:0.0172709,(C:0.0134885,B:0.0105128):0.00644613):0.0222314):0.0580369
200.05812 200.05812
D:0.11977 A:0.0172709
-56387.995 200.05812
D:0.11977 (A:0.0172709,(C:0.0134885,B:0.0105128):0.00644613):0.0222314
-34904.003 200.05812
D:0.11977 C:0.0134885
-61489.001 200.05812
D:0.11977 (C:0.0134885,B:0.0105128):0.00644613
-56387.995 200.05812
D:0.11977 B:0.0105128
-61489.001 200.05812
Targeting migration to vicinity of:
E D
G F
B D
C D

E D
D E
G F
Trying D E
D:0.11977 E:0.121663
1->2 0.17986722 200.10478 200.05812
2->1 0.016859977 200.10478 200.10478
p1->2 4.0751289e-05 200.05812 200.10478
Trying E D
E:0.121674 D:0.11977
Trying G F
G:0.121771 (F:0.0537451,(A:0.0172709,(C:0.0134885,B:0.0105128):0.00644613):0.0222314):0.0580369
1->2 0.66425264 200.10478 200.10478
2->1 0.14470783 200.10478 200.10478
p1->2 0.99775207 200.05812 200.10478
G:0.121772 F:0.0537451
1->2 0.0035051624 200.0927 200.10478
2->1 0.0019267334 200.11131 200.10478
p1->2 0.099995285 200.09421 200.11131
(E:0.121663,G:0.121772):0.0389124 F:0.0807892
2->1 0.10015381 200.09421 200.11131
p1->2 0.92138368 200.05812 200.11131
p2->1 0.9139567 200.05812 200.11131
Migration added
Local updates around node 1: 0 ln(lk):200.11131 
Local updates around node 2: 0 ln(lk):200.11131 
Updates in migration position: 0 ln(lk):200.11131 
Switches in migration direction: 0 ln(lk):200.11131 
ln(likelihood):200.11131 
Targeting migration to vicinity of:
E F
B D
C D
A D

C D
F E
A D
B D
C D
A D
B D
C D
A D
B D
E F
D A
Trying A D
(A:0.0172709,(C:0.0134885,B:0.0105128):0.00644613):0.0222088 D:0.119649
1->2 0.099995285 200.1408 200.11131
2->1 0.0026463708 200.1408 200.1408
p1->2 0.099995285 200.11131 200.1408
p2->1 0.099995285 200.11131 200.1408
A:0.0172709 D:0.119649
1->2 0.0063318266 200.1408 200.1408
2->1 9.8076482e-05 200.11212 200.1408
p2->1 0.099995285 200.11131 200.1408
Trying B D
((C:0.0134885,B:0.0105128):0.00397861,A:0.0240635):0.0246764 D:0.119649
B:0.0105128 D:0.119649
1->2 0.0049197529 200.13874 200.1408
2->1 5.7946159e-05 200.11178 200.1408
p1->2 0.0063318266 200.1408 200.1408
p2->1 3.6306955e-07 200.11131 200.1408
(C:0.0134885,B:0.0105128):0.00644614 D:0.119649
2->1 0.00017933312 200.11432 200.1408
p2->1 0.099995285 200.11131 200.1408
Trying C D
(A:0.0148034,(C:0.0134885,B:0.0105128):0.0106998):0.0246764 D:0.119649
(C:0.0134885,B:0.0105128):0.0106998 D:0.119649
C:0.0134885 D:0.119649
1->2 0.0049197529 200.13874 200.1408
2->1 5.7946159e-05 200.11179 200.1408
p2->1 4.7680956e-07 200.11131 200.1408
Trying D A
D:0.119649 (A:0.0172709,(B:0.0105127,C:0.0134886):0.00644614):0.0222088
D:0.119649 A:0.0172709
Trying E F
E:0.121394 F:0.0537677
1->2 0.0035920499 200.1408 200.1408
2->1 0.00079855864 200.1189 200.1408
p1->2 0.015326404 200.14081 200.1408
p2->1 0.3970964 200.11114 200.14081
Trying F E
F:0.0537686 E:0.376673
Migration added
Local updates around node 1: 0 ln(lk):200.14081 
Local updates around node 2: 0 ln(lk):200.14081 
Updates in migration position: 0 ln(lk):200.14081 
Switches in migration direction: 0 ln(lk):200.14081 
ln(likelihood):200.14081 
Targeting migration to vicinity of:
G D
E B
E A
C E

C E
A E
B E
E C
E A
E B
E C
E A
E B
G D
D G
Trying A E
(A:0.0172709,(B:0.0105128,C:0.0134885):0.00644613):0.0205289 E:0.121405
1->2 3.0968394e-07 200.14081 200.14081
2->1 0.0008357527 200.14081 200.14081
p1->2 0.0008357527 200.14081 200.14081
p2->1 0.0008357527 200.14081 200.14081
A:0.0172709 E:0.121405
1->2 3.0968394e-07 200.14081 200.14081
2->1 3.0968394e-07 200.14081 200.14081
p2->1 3.0968394e-07 200.14081 200.14081
Trying B E
B:0.0105128 E:0.121405
1->2 3.0968394e-07 200.14081 200.14081
2->1 3.0968394e-07 200.14081 200.14081
p1->2 3.0968394e-07 200.14081 200.14081
p2->1 3.0968394e-07 200.14081 200.14081
(C:0.0134885,B:0.0105128):0.00644615 E:0.121405
2->1 3.0968394e-07 200.14081 200.14081
p2->1 3.0968394e-07 200.14081 200.14081
(A:0.0172708,(C:0.0134885,B:0.0105128):0.00644617):0.0205289 E:0.121405
Trying C E
(C:0.0134885,B:0.0105128):0.00644617 E:0.121405
(A:0.0172708,(C:0.0134885,B:0.0105128):0.00644617):0.0205289 E:0.121405
C:0.0134885 E:0.121405
1->2 3.0968394e-07 200.14081 200.14081
2->1 3.0968394e-07 200.14081 200.14081
p2->1 3.0968394e-07 200.14081 200.14081
Trying D G
D:0.119621 G:0.122503
1->2 0.099995285 200.14081 200.14081
2->1 0.0008357527 200.14081 200.14081
p1->2 4.0751289e-05 200.14081 200.14081
p2->1 0.099995285 200.14081 200.14081
Trying E A
E:0.121405 (A:0.0172709,(B:0.0105128,C:0.0134885):0.00644613):0.0205295
E:0.121405 A:0.0172709
Trying E B
E:0.121405 B:0.0105128
E:0.121405 (B:0.0105128,C:0.0134885):0.00644613
E:0.121405 (A:0.0172709,(B:0.0105128,C:0.0134885):0.00644613):0.0205295
Trying E C
E:0.121405 (B:0.0105128,C:0.0134885):0.00644613
E:0.121405 (A:0.0172709,(B:0.0105128,C:0.0134885):0.00644613):0.0205295
E:0.121405 C:0.0134885
Trying G D
G:0.122503 D:0.149002
Migration added
Local updates around node 1: 0 ln(lk):200.14081 
Local updates around node 2: 0 ln(lk):200.14081 
Updates in migration position: 0 ln(lk):200.14081 
Switches in migration direction: 0 ln(lk):200.14081 
ln(likelihood):200.14081 
Targeting migration to vicinity of:
D D
D D
D D
D D

ln(likelihood):200.14081 
Targeting migration to vicinity of:
G B
G B
G B
G B

ln(likelihood):200.14081 
DONE.
