
TreeMix v. 1.13
$Revision: 231 $

npop:7 nsnp:17505003
Estimating covariance matrix in 21881 blocks of size 800
SEED: 1607912815
Starting from:
(B:0.0713337,(G:0.161217,D:0.133784):0.0713337);
Adding F [4/7]
ln(likelihood): -9144.2727 
((G:0.163722,D:0.134384):0.0573487,(B:0.0214822,F:0.051134):0.0573487);
Adding C [5/7]
ln(likelihood): -2022.5699 
((G:0.155011,D:0.123869):0.0585691,(F:0.0580889,(B:0.0101584,C:0.0131341):0.0269332):0.0585691);
Adding E [6/7]
ln(likelihood): -142.48349 
((B:0.00929959,C:0.0122753):0.0145446,(F:0.0543501,(D:0.120329,(G:0.122336,E:0.122214):0.0388752):0.11654):0.0145446);
Adding A [7/7]
ln(likelihood): 218.8228 
((F:0.0537455,((B:0.0105125,C:0.0134882):0.00644605,A:0.0172708):0.0222315):0.0580343,(D:0.119767,(G:0.121772,E:0.121662):0.0388848):0.0580343);
Testing global rearrangements
F:0.0537455 B:0.0105125
-14978.23 218.8228
F:0.0537455 (B:0.0105125,C:0.0134882):0.00644605
-10202.384 218.8228
F:0.0537455 C:0.0134882
-14978.23 218.8228
F:0.0537455 A:0.0172708
-10202.384 218.8228
F:0.0537455 G:0.121772
-261531.02 218.8228
F:0.0537455 (G:0.121772,E:0.121662):0.0388848
-138368.16 218.8228
F:0.0537455 E:0.121662
-261531.02 218.8228
B:0.0105125 F:0.0537455
-14501.602 218.8228
B:0.0105125 A:0.0172708
-617.11703 218.8228
A:0.0172708 F:0.0537455
-10202.384 218.8228
A:0.0172708 D:0.119767
-237640.96 218.8228
A:0.0172708 (D:0.119767,(G:0.121772,E:0.121662):0.0388848):0.0580343
-10202.384 218.8228
A:0.0172708 G:0.121772
-418536.66 218.8228
A:0.0172708 (G:0.121772,E:0.121662):0.0388848
-237640.96 218.8228
A:0.0172708 E:0.121662
-418536.66 218.8228
D:0.119767 G:0.121772
-6860.2898 218.8228
D:0.119767 E:0.121662
-6860.2898 218.8228
Targeting migration to vicinity of:
D E
G F
D A
B D

G F
D E
E D
G F
Trying D E
D:0.119767 E:0.121662
1->2 0.39654556 219.00671 218.8228
2->1 0.0026463708 219.00671 219.00671
p1->2 4.0751289e-05 218.8228 219.00671
Trying E D
E:0.121673 D:0.119767
Trying G F
(G:0.121771,E:0.121673):0.0388864 F:0.0537455
1->2 0.090205498 218.96514 219.00671
2->1 0.033863567 218.96514 219.00671
p1->2 0.39359215 218.8228 219.00671
p2->1 0.99523711 218.8228 219.00671
G:0.121772 (((B:0.0105125,C:0.0134882):0.00644605,A:0.0172708):0.0222315,F:0.0537455):0.116069
1->2 0.080882974 219.00671 219.00671
2->1 0.099995285 219.00671 219.00671
p1->2 0.99202049 218.8228 219.00671
G:0.121772 F:0.0537455
1->2 0.0035051624 218.95933 219.00671
2->1 0.0019267334 219.03259 219.00671
Migration added
Local updates around node 1: 0 ln(lk):219.03259 
Local updates around node 2: 0 ln(lk):219.03259 
Updates in migration position: 0 ln(lk):219.03259 
Switches in migration direction: 0 ln(lk):219.03259 
ln(likelihood):219.03259 
Targeting migration to vicinity of:
F E
D A
B D
D C

B D
C D
A D
D B
D C
D A
E F
D B
D C
D A
F E
A D
Trying A D
A:0.0172708 D:0.119647
1->2 0.0063318266 219.14882 219.03259
2->1 9.8076482e-05 219.0358 219.14882
p1->2 0.099995285 219.14882 219.14882
p2->1 0.0008357527 219.03259 219.14882
((B:0.0105125,C:0.0134882):0.00642747,A:0.0173183):0.0222275 D:0.119647
2->1 0.0026463708 219.14882 219.14882
p1->2 0.099995285 219.03259 219.14882
p2->1 0.0008357527 219.03259 219.14882
Trying B D
(B:0.0105125,C:0.0134882):0.00644605 D:0.119647
1->2 0.0063318266 219.14882 219.14882
2->1 0.00017933312 219.04444 219.14882
p2->1 0.099995285 219.03259 219.14882
B:0.0105125 D:0.119647
1->2 0.0049197529 219.14072 219.14882
2->1 5.7946159e-05 219.03445 219.14882
p2->1 3.6306955e-07 219.03259 219.14882
(A:0.0172708,(C:0.0134882,B:0.0105125):0.00644606):0.0222089 D:0.119647
Trying C D
(C:0.0134882,B:0.0105125):0.00644606 D:0.119647
C:0.0134882 D:0.119647
1->2 0.0049197529 219.14072 219.14882
2->1 5.7946159e-05 219.03447 219.14882
p2->1 4.7680956e-07 219.03259 219.14882
(A:0.0172708,(B:0.0105125,C:0.0134882):0.00644606):0.0222089 D:0.119647
Trying D A
D:0.119647 A:0.0172708
D:0.119647 (A:0.0172708,(B:0.0105125,C:0.0134882):0.00644606):0.0222089
Trying D B
D:0.119647 (B:0.0105125,C:0.0134882):0.00644606
D:0.119647 B:0.0105125
D:0.119647 (A:0.0172708,(B:0.0105125,C:0.0134882):0.00644606):0.0222089
Trying D C
D:0.119647 (B:0.0105125,C:0.0134882):0.00644606
D:0.119647 C:0.0134882
D:0.119647 (A:0.0172708,(B:0.0105125,C:0.0134882):0.00644606):0.0222089
Trying E F
E:0.121393 F:0.0537681
1->2 0.0035920499 219.14883 219.14882
2->1 0.00079855864 219.0626 219.14883
p1->2 0.015326404 219.14886 219.14883
p2->1 0.099995285 219.03195 219.14886
Trying F E
F:0.053769 E:0.154704
Migration added
Local updates around node 1: 0 ln(lk):219.14886 
Local updates around node 2: 0 ln(lk):219.14886 
Updates in migration position: 0 ln(lk):219.14886 
Switches in migration direction: 0 ln(lk):219.14886 
ln(likelihood):219.14886 
DONE.
