
TreeMix v. 1.13
$Revision: 231 $

npop:7 nsnp:17505003
Estimating covariance matrix in 4862 blocks of size 3600
SEED: 1607912815
Starting from:
(B:0.0713386,(G:0.161208,D:0.133789):0.0713386);
Adding F [4/7]
ln(likelihood): -2025.7581 
((G:0.163712,D:0.134388):0.0573538,(B:0.0214807,F:0.0511309):0.0573538);
Adding C [5/7]
ln(likelihood): -386.33699 
((G:0.155,D:0.123873):0.0585741,(F:0.0580869,(B:0.0101584,C:0.0131343):0.0269327):0.0585741);
Adding E [6/7]
ln(likelihood): 77.1989 
((B:0.00929998,C:0.0122759):0.0145447,(F:0.0543489,(D:0.120334,(G:0.122336,E:0.122216):0.0388604):0.116551):0.0145447);
Adding A [7/7]
ln(likelihood): 198.43348 
((F:0.0537443,(D:0.119772,(G:0.121773,E:0.121663):0.03887):0.116079):0.0111157,((B:0.0105129,C:0.0134888):0.00644631,A:0.0172709):0.0111157);
Testing global rearrangements
F:0.0537443 G:0.121773
-58908.973 198.43348
F:0.0537443 (G:0.121773,E:0.121663):0.03887
-31019.707 198.43348
F:0.0537443 E:0.121663
-58908.973 198.43348
D:0.119772 G:0.121773
-1399.1102 198.43348
D:0.119772 E:0.121663
-1399.1102 198.43348
B:0.0105129 D:0.119772
-57680.171 198.43348
B:0.0105129 ((B:0.0105129,C:0.0134888):0.00644631,A:0.0172709):0.0111157
8.0268298 198.43348
A:0.0172709 F:0.0537443
-2161.178 198.43348
A:0.0172709 (F:0.0537443,(D:0.119772,(G:0.121773,E:0.121663):0.03887):0.116079):0.0111157
198.43348 198.43348
A:0.0172709 D:0.119772
-53623.153 198.43348
A:0.0172709 (D:0.119772,(G:0.121773,E:0.121663):0.03887):0.116079
-2161.178 198.43348
A:0.0172709 G:0.121773
-94698.39 198.43348
A:0.0172709 (G:0.121773,E:0.121663):0.03887
-53623.153 198.43348
A:0.0172709 E:0.121663
-94698.39 198.43348
Targeting migration to vicinity of:
D E
G F
B D
D A

D E
F G
E D
G F
E D
Trying D E
D:0.119772 E:0.121663
1->2 0.0057424628 198.47497 198.43348
2->1 0.43606377 198.47497 198.47497
p1->2 4.0751289e-05 198.43348 198.47497
Trying E D
E:0.121674 D:0.119772
Trying F G
F:0.0537443 (G:0.121771,E:0.121674):0.0388716
1->2 0.0055198548 198.46557 198.47497
2->1 0.099995285 198.46557 198.47497
p1->2 4.0751289e-05 198.43348 198.47497
F:0.0537443 G:0.121773
1->2 0.0019267334 198.48078 198.47497
2->1 0.0035051624 198.46423 198.48078
p1->2 0.0019631728 198.47497 198.48078
Trying G F
(E:0.121404,G:0.122512):0.0390608 F:0.0537443
G:0.122512 F:0.0537443
Migration added
Local updates around node 1: 0 ln(lk):198.48078 
Local updates around node 2: 0 ln(lk):198.48078 
Updates in migration position: 0 ln(lk):198.48078 
Switches in migration direction: 0 ln(lk):198.48078 
ln(likelihood):198.48078 
Targeting migration to vicinity of:
F E
D A
B D
D C

B D
C D
A D
D B
D C
D A
D B
D C
D A
F E
Trying A D
((B:0.0105129,C:0.0134888):0.00644631,A:0.0172709):0.0111044 D:0.119651
1->2 0.25018033 198.50701 198.48078
2->1 0.0011811337 198.50701 198.50701
p2->1 0.99990094 198.48078 198.50701
A:0.0172709 D:0.119652
1->2 0.0063318266 198.50701 198.50701
2->1 9.7509241e-05 198.48151 198.50701
p2->1 0.22439626 198.48078 198.50701
Trying B D
(B:0.0105129,C:0.0134888):2.09121e-05 D:0.119651
1->2 0.0063318266 198.50701 198.50701
2->1 0.00018037626 198.48347 198.50701
p2->1 0.43747017 198.48076 198.50701
(A:0,(B:0.0105129,C:0.0134888):0.0510744):0.0197399 D:0.119651
B:0.0105129 D:0.119651
1->2 0.0049197529 198.50518 198.50701
2->1 5.6539659e-05 198.4812 198.50701
p2->1 3.0968394e-07 198.48078 198.50701
Trying C D
(C:0.0134888,B:0.0105129):0.00644632 D:0.119651
C:0.0134888 D:0.119651
1->2 0.0049197529 198.50518 198.50701
2->1 5.7404843e-05 198.48121 198.50701
p2->1 4.5131677e-07 198.48078 198.50701
(A:0.0172709,(B:0.0105129,C:0.0134888):0.00644632):0.0111044 D:0.119651
Trying D A
D:0.119651 (A:0.0172709,(B:0.0105129,C:0.0134888):0.00644632):0.0111044
D:0.119651 A:0.0172709
Trying D B
D:0.119651 (B:0.0105129,C:0.0134888):0.00644632
D:0.119651 (A:0.0172709,(B:0.0105129,C:0.0134888):0.00644632):0.0111044
D:0.119651 B:0.0105129
Trying D C
D:0.119651 (B:0.0105129,C:0.0134888):0.00644632
D:0.119651 C:0.0134888
D:0.119651 (A:0.0172709,(B:0.0105129,C:0.0134888):0.00644632):0.0111044
Trying F E
F:0.0537669 E:0.121394
1->2 0.00081076915 198.48753 198.50701
2->1 0.0036049047 198.50701 198.50701
p1->2 6.2353583e-06 198.48078 198.50701
p2->1 0.015326404 198.50702 198.50701
Migration added
Local updates around node 1: 0 ln(lk):198.50702 
Local updates around node 2: 0 ln(lk):198.50702 
Updates in migration position: 0 ln(lk):198.50702 
Switches in migration direction: 0 ln(lk):198.50702 
ln(likelihood):198.50702 
DONE.
