
TreeMix v. 1.13
$Revision: 231 $

npop:7 nsnp:17505003
Estimating covariance matrix in 21881 blocks of size 800
SEED: 1607913358
Starting from:
(D:0.126217,(A:0,C:0):0.126217);
Adding G [4/7]
ln(likelihood): -4900.9987 
((A:0.0127185,C:0.013472):0.0681935,(D:0.129137,G:0.158512):0.0681935);
Adding B [5/7]
ln(likelihood): -8055.6358 
((A:0.0214327,(C:0.0158249,B:0.0128492):0.0100964):0.0704912,(D:0.117715,G:0.148892):0.0704912);
Adding E [6/7]
ln(likelihood): -5103.464 
((A:0.0205904,(D:0.118736,(G:0.120756,E:0.120634):0.0389136):0.135733):0.00322117,(C:0.0174763,B:0.0145006):0.00322117);
Adding F [7/7]
ln(likelihood): 218.8228 
((((D:0.119767,(G:0.121772,E:0.121662):0.0388848):0.116069,F:0.0537455):0.0222315,(C:0.0134882,B:0.0105125):0.00644605):0.0086354,A:0.0086354);
Testing global rearrangements
D:0.119767 E:0.121662
-6860.2898 218.8228
D:0.119767 C:0.0134882
-242330.69 218.8228
D:0.119767 (C:0.0134882,B:0.0105125):0.00644605
-222534.05 218.8228
D:0.119767 B:0.0105125
-242330.69 218.8228
D:0.119767 A:0.0086354
-222534.05 218.8228
G:0.121772 D:0.119767
-6860.2898 218.8228
F:0.0537455 D:0.119767
-138368.16 218.8228
F:0.0537455 C:0.0134882
-14978.23 218.8228
F:0.0537455 (C:0.0134882,B:0.0105125):0.00644605
-10202.384 218.8228
F:0.0537455 B:0.0105125
-14978.23 218.8228
F:0.0537455 A:0.0086354
-10202.384 218.8228
C:0.0134882 A:0.0086354
-617.11703 218.8228
A:0.0086354 D:0.119767
-237640.96 218.8228
A:0.0086354 (D:0.119767,(G:0.121772,E:0.121662):0.0388848):0.116069
-10202.384 218.8228
A:0.0086354 G:0.121772
-418536.66 218.8228
A:0.0086354 (G:0.121772,E:0.121662):0.0388848
-237640.96 218.8228
A:0.0086354 E:0.121662
-418536.66 218.8228
A:0.0086354 ((D:0.119767,(G:0.121772,E:0.121662):0.0388848):0.116069,F:0.0537455):0.0222315
218.8228 218.8228
A:0.0086354 F:0.0537455
-10202.384 218.8228
DONE.
