
TreeMix v. 1.13
$Revision: 231 $

npop:7 nsnp:17505003
Estimating covariance matrix in 6251 blocks of size 2800
SEED: 1607912681
Starting from:
((F:0.0768921,D:0.178633):0.0276255,B:0.0276255);
Adding A [4/7]
ln(likelihood): -6087.7387 
((F:0.0505948,(B:0.0125756,A:0.0147969):0.00583503):0.121115,D:0.121115);
Adding C [5/7]
ln(likelihood): -5406.3906 
((F:0.0573514,(A:0.0208543,(B:0.0140967,C:0.0170726):0.00644634):0.0234553):0.122843,D:0.122843);
Adding E [6/7]
ln(likelihood): -1248.356 
(((F:0.0537707,(A:0.0172877,(B:0.0105301,C:0.013506):0.00644634):0.0222122):0.113983,D:0.120488):0.0831717,E:0.0831717);
Adding G [7/7]
ln(likelihood): 201.89327 
(E:0.0608315,(((F:0.0537442,(A:0.0172706,(B:0.0105129,C:0.0134889):0.00644634):0.0222309):0.116082,D:0.119774):0.0388669,G:0.121773):0.0608315);
Testing global rearrangements
E:0.0608315 F:0.0537442
-66742.356 201.89327
E:0.0608315 D:0.119774
-1848.4694 201.89327
F:0.0537442 D:0.119774
-39887.965 201.89327
A:0.0172706 F:0.0537442
-2826.6313 201.89327
B:0.0105129 A:0.0172706
-42.391843 201.89327
D:0.119774 E:0.0608315
-1848.4694 201.89327
D:0.119774 A:0.0172706
-64414.691 201.89327
G:0.121773 D:0.119774
-1848.4694 201.89327
Targeting migration to vicinity of:
D E
F G
D B
D A

G F
D E
F G
D E
F G
Trying D E
D:0.119774 E:0.0608315
1->2 0.17986722 201.94653 201.89327
2->1 0.099995285 201.94653 201.94653
p1->2 4.0751289e-05 201.89327 201.94653
Trying F G
(F:0.0537442,(A:0.0172706,(B:0.0105129,C:0.0134889):0.00644634):0.0222309):0.116082 G:0.121773
1->2 0.4118498 201.94653 201.94653
2->1 0.3970964 201.94653 201.94653
p2->1 4.0751289e-05 201.89327 201.94653
F:0.0537442 G:0.121773
1->2 0.0019267334 201.954 201.94653
2->1 0.0035051624 201.93274 201.954
p2->1 0.0036258015 201.93447 201.954
Trying G F
G:0.121773 ((A:0.0172706,(B:0.0105129,C:0.0134889):0.00644634):0.0217142,F:0.0546545):0.116587
G:0.121773 F:0.0546545
Migration added
Local updates around node 1: 0 ln(lk):201.954 
Local updates around node 2: 0 ln(lk):201.954 
Updates in migration position: 0 ln(lk):201.954 
Switches in migration direction: 0 ln(lk):201.954 
ln(likelihood):201.954 
DONE.
