
TreeMix v. 1.13
$Revision: 231 $

npop:7 nsnp:17505003
Estimating covariance matrix in 6251 blocks of size 2800
SEED: 1607913222
Starting from:
((E:0.141514,G:0.141611):0.0913566,C:0.0913566);
Adding F [4/7]
ln(likelihood): -7991.7098 
(C:0.0239249,((E:0.116911,G:0.116997):0.128049,F:0.071407):0.0239249);
Adding A [5/7]
ln(likelihood): -2173.7458 
((F:0.0534244,(C:0.0160718,A:0.0150188):0.0150263):0.0764061,(E:0.131626,G:0.131701):0.0764061);
Adding B [6/7]
ln(likelihood): -3330.5483 
((F:0.0570617,(A:0.0203669,(C:0.0165851,B:0.0136092):0.00644634):0.0245882):0.0785189,(E:0.116095,G:0.116161):0.0785189);
Adding D [7/7]
ln(likelihood): 201.89327 
(((F:0.0537442,(A:0.0172706,(C:0.0134889,B:0.0105129):0.00644634):0.0222309):0.116082,(E:0.121663,G:0.121773):0.0388669):0.0598868,D:0.0598868);
Testing global rearrangements
F:0.0537442 E:0.121663
-75680.36 201.89327
F:0.0537442 (E:0.121663,G:0.121773):0.0388669
-39887.965 201.89327
F:0.0537442 G:0.121773
-75680.36 201.89327
A:0.0172706 F:0.0537442
-2826.6313 201.89327
C:0.0134889 A:0.0172706
-42.391843 201.89327
E:0.121663 F:0.0537442
-66742.356 201.89327
E:0.121663 A:0.0172706
-103247.39 201.89327
E:0.121663 D:0.0598868
-1848.4694 201.89327
D:0.0598868 F:0.0537442
-39887.965 201.89327
D:0.0598868 (F:0.0537442,(A:0.0172706,(C:0.0134889,B:0.0105129):0.00644634):0.0222309):0.116082
201.89327 201.89327
D:0.0598868 A:0.0172706
-64414.691 201.89327
D:0.0598868 (A:0.0172706,(C:0.0134889,B:0.0105129):0.00644634):0.0222309
-39887.965 201.89327
D:0.0598868 C:0.0134889
-70233.652 201.89327
D:0.0598868 (C:0.0134889,B:0.0105129):0.00644634
-64414.691 201.89327
D:0.0598868 B:0.0105129
-70233.652 201.89327
Targeting migration to vicinity of:
E D
G F
B D
A D

E D
G F
Trying E D
E:0.121663 D:0.0598868
1->2 0.099995285 201.94653 201.89327
2->1 0.016859977 201.94653 201.94653
p1->2 0.0008357527 201.89327 201.94653
Trying G F
G:0.121773 (F:0.0537442,(A:0.0172706,(C:0.0134889,B:0.0105129):0.00644634):0.0222309):0.116082
1->2 0.016859977 201.94653 201.94653
2->1 0.66425264 201.94653 201.94653
p2->1 4.0751289e-05 201.89327 201.94653
G:0.121784 F:0.0537442
1->2 0.0035051624 201.93274 201.94653
2->1 0.0019267334 201.954 201.94653
p1->2 0.051593695 201.93447 201.954
(E:0.121663,G:0.121773):0.0389021 F:0.0665101
2->1 0.016859977 201.93447 201.954
p1->2 4.0751289e-05 201.89327 201.954
Migration added
Local updates around node 1: 0 ln(lk):201.954 
Local updates around node 2: 0 ln(lk):201.954 
Updates in migration position: 0 ln(lk):201.954 
Switches in migration direction: 0 ln(lk):201.954 
ln(likelihood):201.954 
Targeting migration to vicinity of:
E F
B D
A D
C D

C D
A D
B D
C D
A D
B D
C D
A D
B D
E F
Trying A D
A:0.0172706 D:0.0598265
1->2 0.0063318266 201.98767 201.954
2->1 9.8076482e-05 201.95493 201.98767
p1->2 0.25082162 201.98767 201.98767
((C:0.0134889,B:0.0105129):0.00644634,A:0.0172706):0.0222774 D:0.132642
2->1 0.0011743098 201.98767 201.98767
p1->2 1.2846737e-05 201.954 201.98767
Trying B D
((C:0.0134889,B:0.0105129):0.00644634,A:0.0172706):0.0222084 D:0.0598281
B:0.0105129 D:0.0598281
1->2 0.0049197529 201.98532 201.98767
2->1 5.7946159e-05 201.95454 201.98767
p1->2 0.0063318266 201.98767 201.98767
(C:0.0134889,B:0.0105129):0.00644634 D:0.0610216
2->1 0.00017933312 201.95744 201.98767
Trying C D
(A:0.0172456,(C:0.0134889,B:0.0105129):0.00647363):0.0222263 D:0.0598323
C:0.0134889 D:0.0598323
1->2 0.0049197529 201.98532 201.98767
2->1 5.7946159e-05 201.95454 201.98767
(B:0.0105061,C:0.0134973):0.00645075 D:0.0598275
Trying E F
E:0.121395 F:0.0537634
1->2 0.0036049047 201.98767 201.98767
2->1 0.00080320082 201.96267 201.98767
p1->2 0.015326404 201.98768 201.98767
p2->1 5.140937e-06 201.954 201.98768
Migration added
Local updates around node 1: 0 ln(lk):201.98768 
Local updates around node 2: 0 ln(lk):201.98768 
Updates in migration position: 0 ln(lk):201.98768 
Switches in migration direction: 0 ln(lk):201.98768 
ln(likelihood):201.98768 
Targeting migration to vicinity of:
G D
E B
E A
C E

C E
A E
B E
E C
E A
E B
E C
E A
E B
G D
Trying A E
A:0.0172706 E:0.121405
1->2 3.3026194e-07 201.98768 201.98768
2->1 3.0968394e-07 201.98768 201.98768
p1->2 3.3026194e-07 201.98768 201.98768
p2->1 3.8135897e-07 201.98768 201.98768
((B:0.0105129,C:0.0134889):0.0064463,A:0.0172706):0.0205283 E:0.121405
2->1 0.0008357527 201.98768 201.98768
p1->2 0.0008357527 201.98768 201.98768
p2->1 0.0008357527 201.98768 201.98768
Trying B E
((B:0.0105129,C:0.0134889):0.00644634,A:0.0172706):0.0206614 E:0.121405
B:0.0105129 E:0.121405
1->2 3.3026194e-07 201.98768 201.98768
2->1 3.0968394e-07 201.98768 201.98768
p1->2 3.3026194e-07 201.98768 201.98768
p2->1 3.8719494e-07 201.98768 201.98768
(C:0.0134888,B:0.010513):0.00644637 E:0.121405
2->1 3.0968394e-07 201.98768 201.98768
p2->1 3.8135897e-07 201.98768 201.98768
Trying C E
(A:0.0172705,(C:0.0134889,B:0.0105129):0.00644639):0.0205283 E:0.121405
(C:0.0134889,B:0.0105129):0.00644639 E:0.121405
C:0.0134889 E:0.121405
1->2 3.3026194e-07 201.98768 201.98768
2->1 3.0968394e-07 201.98768 201.98768
p2->1 3.8719494e-07 201.98768 201.98768
Trying E A
E:0.121405 A:0.0172706
E:0.121405 (A:0.0172706,(B:0.0105129,C:0.0134889):0.00644637):0.0205283
Trying E B
E:0.121405 (A:0.0172706,(B:0.0105129,C:0.0134889):0.00644637):0.0205283
E:0.121405 B:0.0105129
E:0.121405 (B:0.0105129,C:0.0134889):0.00644637
Trying E C
E:0.121405 (A:0.0172706,(B:0.0105129,C:0.0134889):0.00644637):0.0205283
E:0.121405 (B:0.0105129,C:0.0134889):0.00644637
E:0.121405 C:0.0134889
Trying G D
G:0.122503 D:0.0598123
1->2 0.0008357527 201.98768 201.98768
2->1 0.099995285 201.98768 201.98768
p1->2 0.099995285 201.98768 201.98768
Migration added
Local updates around node 1: 0 ln(lk):201.98768 
Local updates around node 2: 0 ln(lk):201.98768 
Updates in migration position: 0 ln(lk):201.98768 
Switches in migration direction: 0 ln(lk):201.98768 
ln(likelihood):201.98768 
Targeting migration to vicinity of:
D D
D D
D D
D D

D D
Trying D D
D:0.0597957 D:0.0597957
ln(likelihood):201.98768 
Targeting migration to vicinity of:
D D
F D
F D
F D

D D
Trying D D
D:0.0597955 D:0.0597955
ln(likelihood):201.98768 
DONE.
