
TreeMix v. 1.13
$Revision: 231 $

npop:7 nsnp:17505003
Estimating covariance matrix in 4376 blocks of size 4000
SEED: 1607912681
Starting from:
((F:0.0768917,D:0.178625):0.0276261,B:0.0276261);
Adding A [4/7]
ln(likelihood): -4254.6245 
((F:0.0505964,(B:0.0125757,A:0.0147977):0.00583581):0.12111,D:0.12111);
Adding C [5/7]
ln(likelihood): -3768.3252 
((F:0.0573525,(A:0.0208549,(B:0.0140967,C:0.0170725):0.00644613):0.0234556):0.122838,D:0.122838);
Adding E [6/7]
ln(likelihood): -835.96437 
(((F:0.0537718,(A:0.0172882,(B:0.0105301,C:0.0135058):0.00644613):0.0222126):0.113976,D:0.120484):0.0831763,E:0.0831763);
Adding G [7/7]
ln(likelihood): 196.98233 
((((F:0.0537451,(A:0.0172709,(B:0.0105128,C:0.0134885):0.00644613):0.0222314):0.116074,D:0.11977):0.0388772,E:0.121663):0.0608861,G:0.0608861);
Testing global rearrangements
F:0.0537451 ((F:0.0537451,(A:0.0172709,(B:0.0105128,C:0.0134885):0.00644613):0.0222314):0.116074,D:0.11977):0.0388772
-27914.937 196.98233
F:0.0537451 E:0.121663
-53036.921 196.98233
F:0.0537451 G:0.0608861
-53036.921 196.98233
A:0.0172709 F:0.0537451
-1928.4612 196.98233
B:0.0105128 A:0.0172709
25.447856 196.98233
D:0.11977 A:0.0172709
-45133.739 196.98233
D:0.11977 E:0.121663
-1242.1259 196.98233
E:0.121663 G:0.0608861
196.98233 196.98233
G:0.0608861 F:0.0537451
-47214.367 196.98233
G:0.0608861 (F:0.0537451,(A:0.0172709,(B:0.0105128,C:0.0134885):0.00644613):0.0222314):0.116074
-1242.1259 196.98233
G:0.0608861 A:0.0172709
-73216.749 196.98233
G:0.0608861 (A:0.0172709,(B:0.0105128,C:0.0134885):0.00644613):0.0222314
-47214.367 196.98233
G:0.0608861 B:0.0105128
-79489.292 196.98233
G:0.0608861 (B:0.0105128,C:0.0134885):0.00644613
-73216.749 196.98233
G:0.0608861 C:0.0134885
-79489.292 196.98233
Targeting migration to vicinity of:
D E
F G
D B
D A

D E
F G
E D
D E
F G
Trying D E
D:0.11977 E:0.121663
1->2 0.091048792 197.0197 196.98233
2->1 0.091048792 197.0197 197.0197
p2->1 4.0751289e-05 196.98233 197.0197
Trying E D
E:0.121663 D:0.119781
Trying F G
F:0.0537451 G:0.0608861
1->2 0.0019267334 197.02493 197.0197
2->1 0.0035051624 197.01001 197.02493
p1->2 0.051593695 197.0197 197.02493
((A:0.0172709,(B:0.0105128,C:0.0134885):0.00644613):0.0222314,F:0.0537451):0.116188 G:0.0689038
2->1 0.051593695 197.0197 197.02493
p1->2 0.12586832 196.98233 197.02493
Migration added
Local updates around node 1: 0 ln(lk):197.02493 
Local updates around node 2: 0 ln(lk):197.02493 
Updates in migration position: 0 ln(lk):197.02493 
Switches in migration direction: 0 ln(lk):197.02493 
ln(likelihood):197.02493 
DONE.
