
TreeMix v. 1.13
$Revision: 231 $

npop:7 nsnp:17505003
Estimating covariance matrix in 43762 blocks of size 400
SEED: 1607912681
Starting from:
((F:0.0768913,D:0.17862):0.0276264,B:0.0276264);
Adding A [4/7]
ln(likelihood): -40909.763 
((F:0.0505972,(B:0.0125757,A:0.0147979):0.00583608):0.121106,D:0.121106);
Adding C [5/7]
ln(likelihood): -36393.45 
((F:0.0573531,(A:0.020855,(B:0.0140967,C:0.0170723):0.00644605):0.0234556):0.122834,D:0.122834);
Adding E [6/7]
ln(likelihood): -9060.7253 
(((F:0.0537723,(A:0.0172882,(B:0.0105299,C:0.0135056):0.00644605):0.0222127):0.113971,D:0.120482):0.0831794,E:0.0831794);
Adding G [7/7]
ln(likelihood): 227.72986 
(E:0.0608308,(((F:0.0537455,(A:0.0172708,(B:0.0105125,C:0.0134882):0.00644605):0.0222315):0.116069,D:0.119767):0.0388848,G:0.121772):0.0608308);
Testing global rearrangements
E:0.0608308 F:0.0537455
-452463 227.72986
E:0.0608308 D:0.119767
-13662.402 227.72986
E:0.0608308 G:0.121772
227.72986 227.72986
F:0.0537455 E:0.0608308
-513344.36 227.72986
F:0.0537455 C:0.0134882
-29437.422 227.72986
F:0.0537455 G:0.121772
-513344.36 227.72986
A:0.0172708 F:0.0537455
-20153.003 227.72986
B:0.0105125 A:0.0172708
-1395.7338 227.72986
D:0.119767 E:0.0608308
-13662.402 227.72986
D:0.119767 A:0.0172708
-436629.67 227.72986
G:0.121772 E:0.0608308
227.72986 227.72986
G:0.121772 D:0.119767
-13662.402 227.72986
Targeting migration to vicinity of:
D E
F G
D A
D B

G F
D E
F G
D E
F G
Trying D E
D:0.119767 E:0.0608308
1->2 0.040413067 228.09126 227.72986
2->1 0.25018033 228.09126 228.09126
p1->2 4.8053906e-05 227.72986 228.09126
Trying F G
(F:0.0537455,(A:0.0172708,(B:0.0105125,C:0.0134882):0.00644605):0.0222315):0.116069 G:0.121772
1->2 0.051593695 228.09126 228.09126
2->1 0.099995285 228.09126 228.09126
p2->1 4.0751289e-05 227.72985 228.09126
F:0.0537455 G:0.121772
1->2 0.0019267334 228.14244 228.09126
2->1 0.0035051624 227.99879 228.14244
p2->1 0.0036258015 228.00985 228.14244
Trying G F
G:0.121772 ((A:0.0172708,(B:0.0105125,C:0.0134882):0.00644605):0.0217147,F:0.0546559):0.116574
G:0.121772 F:0.0546559
Migration added
Local updates around node 1: 0 ln(lk):228.14244 
Local updates around node 2: 0 ln(lk):228.14244 
Updates in migration position: 0 ln(lk):228.14244 
Switches in migration direction: 0 ln(lk):228.14244 
ln(likelihood):228.14244 
DONE.
