
TreeMix v. 1.13
$Revision: 231 $

npop:7 nsnp:17505003
Estimating covariance matrix in 4606 blocks of size 3800
SEED: 1607913084
Starting from:
(D:0.126224,(A:0,C:0):0.126224);
Adding G [4/7]
ln(likelihood): -1004.2748 
((A:0.0127159,C:0.0134704):0.0681996,(D:0.129143,G:0.1585):0.0681996);
Adding F [5/7]
ln(likelihood): -412.52838 
((D:0.124201,G:0.155325):0.0585534,((A:0.0174833,C:0.0185364):0.0199833,F:0.0584026):0.0585534);
Adding B [6/7]
ln(likelihood): -929.63323 
((D:0.120612,((A:0.0172978,(C:0.0135161,B:0.0105402):0.00644634):0.0222122,F:0.0537809):0.113812):0.0832771,G:0.0832771);
Adding E [7/7]
ln(likelihood): 197.6916 
((D:0.119774,((A:0.0172706,(C:0.0134889,B:0.0105129):0.00644634):0.0222309,F:0.0537442):0.116082):0.0194335,(E:0.121663,G:0.121773):0.0194335);
Testing global rearrangements
D:0.119774 A:0.0172706
-47515.673 197.6916
D:0.119774 (A:0.0172706,(C:0.0134889,B:0.0105129):0.00644634):0.0222309
-29394.823 197.6916
D:0.119774 C:0.0134889
-51819.76 197.6916
D:0.119774 (C:0.0134889,B:0.0105129):0.00644634
-47515.673 197.6916
D:0.119774 B:0.0105129
-51819.76 197.6916
D:0.119774 E:0.121663
-1316.1492 197.6916
A:0.0172706 D:0.119774
-50824.43 197.6916
A:0.0172706 ((A:0.0172706,(C:0.0134889,B:0.0105129):0.00644634):0.0222309,F:0.0537442):0.116082
-2039.1591 197.6916
C:0.0134889 A:0.0172706
17.145518 197.6916
F:0.0537442 A:0.0172706
-2039.1591 197.6916
F:0.0537442 E:0.121663
-55833.446 197.6916
F:0.0537442 (E:0.121663,G:0.121773):0.0194335
-29394.823 197.6916
F:0.0537442 G:0.121773
-55833.446 197.6916
E:0.121663 D:0.119774
-1316.1492 197.6916
Targeting migration to vicinity of:
D E
G F
D B
D C

D E
F G
G F
E D
Trying D E
D:0.119774 E:0.121663
1->2 0.099995285 197.73093 197.6916
2->1 0.09951704 197.73093 197.73093
p1->2 0.3970964 197.6916 197.73093
p2->1 0.17986722 197.6916 197.73093
Trying E D
E:0.121663 D:0.178071
Trying F G
((A:0.0172706,(C:0.0134889,B:0.0105129):0.00644634):0.0222309,F:0.0537442):0.116082 G:0.121773
1->2 0.078036837 197.73093 197.73093
2->1 0.17986722 197.73093 197.73093
p1->2 0.92138368 197.6916 197.73093
p2->1 0.0008357527 197.6916 197.73093
F:0.0537442 G:0.121773
1->2 0.0019267334 197.73643 197.73093
2->1 0.0035051624 197.72074 197.73643
p2->1 0.078036837 197.72201 197.73643
F:0.0739894 (E:0.121663,G:0.121773):0.0379998
1->2 0.099995285 197.72201 197.73643
p1->2 0.99986142 197.6916 197.73643
Trying G F
G:0.121773 ((A:0.0172706,(C:0.0134889,B:0.0105129):0.00644634):0.0222309,F:0.0537442):0.235855
G:0.121773 F:0.0537442
(E:0.121663,G:0.121773):1.01235e+06 F:0.0537442
Migration added
Local updates around node 1: 0 ln(lk):197.73643 
Local updates around node 2: 0 ln(lk):197.73643 
Updates in migration position: 0 ln(lk):197.73643 
Switches in migration direction: 0 ln(lk):197.73643 
ln(likelihood):197.73643 
Targeting migration to vicinity of:
F E
D B
D C
D A

D A
D C
D B
D A
D C
D B
D A
D C
D B
F E
Trying D A
D:0.119653 A:0.0172706
1->2 9.8076482e-05 197.73712 197.73643
2->1 0.0063318266 197.76129 197.73712
p1->2 6.2255936e-07 197.73643 197.76129
p2->1 0.099995285 197.76129 197.76129
D:0.162195 ((C:0.0134889,B:0.0105129):0.00644634,A:0.0172706):0.0222774
1->2 0.0026463708 197.76129 197.76129
p1->2 4.0751289e-05 197.73643 197.76129
Trying D B
D:0.119653 B:0.0105129
1->2 5.7946159e-05 197.73683 197.76129
2->1 0.0049197529 197.75956 197.76129
p1->2 6.2255936e-07 197.73643 197.76129
p2->1 0.0063318266 197.76129 197.76129
D:0.122043 (C:0.0134889,B:0.0105129):0.00644634
1->2 0.00017933312 197.73897 197.76129
p1->2 6.2255936e-07 197.73643 197.76129
D:0.119653 (A:0.0172705,(C:0.0134889,B:0.0105129):0.00644642):0.0222084
Trying D C
D:0.119653 C:0.0134889
1->2 5.7946159e-05 197.73683 197.76129
2->1 0.0049197529 197.75956 197.76129
p1->2 6.2255936e-07 197.73643 197.76129
D:0.119653 (B:0.0105129,C:0.0134889):0.00644638
D:0.119653 (A:0.0172706,(B:0.0105129,C:0.0134889):0.00644638):0.0222084
Trying F E
F:0.0537668 E:0.121395
1->2 0.00080320082 197.74283 197.76129
2->1 0.0036049047 197.7613 197.76129
p1->2 0.099995285 197.73629 197.7613
p2->1 0.015326404 197.7613 197.7613
Migration added
Local updates around node 1: 0 ln(lk):197.7613 
Local updates around node 2: 0 ln(lk):197.7613 
Updates in migration position: 0 ln(lk):197.7613 
Switches in migration direction: 0 ln(lk):197.7613 
ln(likelihood):197.7613 
Targeting migration to vicinity of:
D G
B E
A E
C E

A E
C E
B E
A E
C E
B E
A E
C E
B E
D G
Trying A E
(A:0.0172706,(B:0.0105129,C:0.0134889):0.00644634):0.0205283 E:0.121405
1->2 3.0968394e-07 197.7613 197.7613
2->1 0.0008357527 197.7613 197.7613
p1->2 0.0008357527 197.7613 197.7613
p2->1 0.0008357527 197.7613 197.7613
A:0.0172706 E:0.121405
1->2 3.0968394e-07 197.7613 197.7613
2->1 3.0968394e-07 197.7613 197.7613
p2->1 3.0968394e-07 197.7613 197.7613
Trying B E
(B:0.0105129,C:0.0134889):0.00644631 E:0.121405
1->2 3.0968394e-07 197.7613 197.7613
2->1 3.0968394e-07 197.7613 197.7613
p2->1 3.0968394e-07 197.7613 197.7613
B:0.0105129 E:0.121405
1->2 3.0968394e-07 197.7613 197.7613
2->1 3.0968394e-07 197.7613 197.7613
p2->1 3.0968394e-07 197.7613 197.7613
(A:0.0172706,(C:0.0134888,B:0.010513):0.00644636):0.0205283 E:0.121405
Trying C E
C:0.0134888 E:0.121405
1->2 3.0968394e-07 197.7613 197.7613
2->1 3.0968394e-07 197.7613 197.7613
p2->1 3.0968394e-07 197.7613 197.7613
(B:0.0105129,C:0.0134889):0.00644636 E:0.121405
(A:0.0172706,(B:0.0105129,C:0.0134889):0.00644636):0.0205283 E:0.121405
Trying D G
D:0.119625 G:0.122503
1->2 0.099995285 197.7613 197.7613
2->1 0.0008357527 197.7613 197.7613
p1->2 0.099995285 197.7613 197.7613
p2->1 0.099995285 197.7613 197.7613
Migration added
Local updates around node 1: 0 ln(lk):197.7613 
Local updates around node 2: 0 ln(lk):197.7613 
Updates in migration position: 0 ln(lk):197.7613 
Switches in migration direction: 0 ln(lk):197.7613 
ln(likelihood):197.7613 
Targeting migration to vicinity of:
D D
D D
D D
D D

D D
Trying D D
(D:0.119591,(F:0.0568647,(A:0.0172706,(B:0.0105129,C:0.0134889):0.00644634):0.0206632):0.118017):0.00638227 (D:0.119591,(F:0.0568647,(A:0.0172706,(B:0.0105129,C:0.0134889):0.00644634):0.0206632):0.118017):0.00638227
D:0.119591 (D:0.119591,(F:0.0568647,(A:0.0172706,(B:0.0105129,C:0.0134889):0.00644634):0.0206632):0.118017):0.00638227
2->1 0.099995285 197.7613 197.7613
D:0.147642 D:0.147642
ln(likelihood):197.7613 
DONE.
