
TreeMix v. 1.13
$Revision: 231 $

npop:7 nsnp:17505003
Estimating covariance matrix in 5148 blocks of size 3400
SEED: 1607912815
Starting from:
(B:0.0713386,(G:0.161208,D:0.133789):0.0713386);
Adding F [4/7]
ln(likelihood): -2148.1342 
((G:0.163712,D:0.134388):0.0573538,(B:0.0214807,F:0.0511309):0.0573538);
Adding C [5/7]
ln(likelihood): -414.49248 
((G:0.155,D:0.123873):0.0585741,(F:0.0580869,(B:0.0101584,C:0.0131343):0.0269327):0.0585741);
Adding E [6/7]
ln(likelihood): 73.695756 
((B:0.00929998,C:0.0122759):0.0145447,(F:0.0543489,(D:0.120334,(G:0.122336,E:0.122216):0.0388604):0.116551):0.0145447);
Adding A [7/7]
ln(likelihood): 199.22207 
((F:0.0537443,(D:0.119772,(G:0.121773,E:0.121663):0.03887):0.116079):0.0111157,((B:0.0105129,C:0.0134888):0.00644631,A:0.0172709):0.0111157);
Testing global rearrangements
F:0.0537443 G:0.121773
-62377.209 199.22207
F:0.0537443 (G:0.121773,E:0.121663):0.03887
-32851.894 199.22207
F:0.0537443 E:0.121663
-62377.209 199.22207
D:0.119772 G:0.121773
-1491.809 199.22207
D:0.119772 E:0.121663
-1491.809 199.22207
B:0.0105129 D:0.119772
-61074.086 199.22207
B:0.0105129 ((B:0.0105129,C:0.0134888):0.00644631,A:0.0172709):0.0111157
-2.3564418 199.22207
A:0.0172709 F:0.0537443
-2298.8189 199.22207
A:0.0172709 (F:0.0537443,(D:0.119772,(G:0.121773,E:0.121663):0.03887):0.116079):0.0111157
199.22207 199.22207
A:0.0172709 D:0.119772
-56777.317 199.22207
A:0.0172709 (D:0.119772,(G:0.121773,E:0.121663):0.03887):0.116079
-2298.8189 199.22207
A:0.0172709 G:0.121773
-100259.1 199.22207
A:0.0172709 (G:0.121773,E:0.121663):0.03887
-56777.317 199.22207
A:0.0172709 E:0.121663
-100259.1 199.22207
Targeting migration to vicinity of:
D E
G F
B D
D A

D E
F G
E D
G F
E D
Trying D E
D:0.119772 E:0.121663
1->2 0.0057424628 199.26599 199.22207
2->1 0.3970964 199.26599 199.26599
p1->2 4.0751289e-05 199.22207 199.26599
Trying E D
E:0.121674 D:0.119772
Trying F G
F:0.0537443 (G:0.121771,E:0.121674):0.0388716
1->2 0.099995285 199.25604 199.26599
2->1 0.10342383 199.25604 199.26599
p1->2 4.0751289e-05 199.22207 199.26599
F:0.0537443 G:0.121773
1->2 0.0019267334 199.27215 199.26599
2->1 0.0035051624 199.25462 199.27215
p1->2 0.0019631728 199.26599 199.27215
Trying G F
(E:0.121404,G:0.122512):0.0390608 F:0.0537443
G:0.122512 F:0.0537443
Migration added
Local updates around node 1: 0 ln(lk):199.27215 
Local updates around node 2: 0 ln(lk):199.27215 
Updates in migration position: 0 ln(lk):199.27215 
Switches in migration direction: 0 ln(lk):199.27215 
ln(likelihood):199.27214 
Targeting migration to vicinity of:
F E
D A
B D
D C

B D
C D
A D
D B
D C
D A
D B
D C
D A
F E
Trying A D
((B:0.0105129,C:0.0134888):0.00644631,A:0.0172709):0.0111044 D:0.119651
1->2 0.25067014 199.29991 199.27214
2->1 0.001199187 199.29991 199.29991
p2->1 0.99990094 199.27215 199.29991
A:0.0172709 D:0.119652
1->2 0.0063318266 199.29991 199.29991
2->1 9.7509241e-05 199.27291 199.29991
p2->1 0.22388893 199.27214 199.29991
Trying B D
(B:0.0105129,C:0.0134888):3.96291e-05 D:0.119651
1->2 0.0063318266 199.29991 199.29991
2->1 0.00018037626 199.27498 199.29991
p2->1 0.43695074 199.27214 199.29991
(A:3.58988e-05,(B:0.0105129,C:0.0134888):0.0509438):0.0197219 D:0.119651
B:0.0105129 D:0.119651
1->2 0.0049197529 199.29798 199.29991
2->1 5.6539659e-05 199.27259 199.29991
p2->1 3.0968394e-07 199.27214 199.29991
Trying C D
(C:0.0134888,B:0.0105129):0.00644632 D:0.119651
C:0.0134888 D:0.119651
1->2 0.0049197529 199.29798 199.29991
2->1 5.7404843e-05 199.27259 199.29991
p2->1 4.5131677e-07 199.27214 199.29991
(A:0.0172709,(B:0.0105129,C:0.0134888):0.00644632):0.0111044 D:0.119651
Trying D A
D:0.119651 (A:0.0172709,(B:0.0105129,C:0.0134888):0.00644632):0.0111044
D:0.119651 A:0.0172709
Trying D B
D:0.119651 (B:0.0105129,C:0.0134888):0.00644632
D:0.119651 (A:0.0172709,(B:0.0105129,C:0.0134888):0.00644632):0.0111044
D:0.119651 B:0.0105129
Trying D C
D:0.119651 (B:0.0105129,C:0.0134888):0.00644632
D:0.119651 C:0.0134888
D:0.119651 (A:0.0172709,(B:0.0105129,C:0.0134888):0.00644632):0.0111044
Trying F E
F:0.0537669 E:0.121394
1->2 0.00081076915 199.27929 199.29991
2->1 0.0036049047 199.29991 199.29991
p1->2 6.2353583e-06 199.27215 199.29991
p2->1 0.015326404 199.29992 199.29991
Migration added
Local updates around node 1: 0 ln(lk):199.29992 
Local updates around node 2: 0 ln(lk):199.29992 
Updates in migration position: 0 ln(lk):199.29992 
Switches in migration direction: 0 ln(lk):199.29992 
ln(likelihood):199.29992 
DONE.
