
TreeMix v. 1.13
$Revision: 231 $

npop:7 nsnp:17505003
Estimating covariance matrix in 5470 blocks of size 3200
SEED: 1607912681
Starting from:
((F:0.0768917,D:0.178625):0.0276261,B:0.0276261);
Adding A [4/7]
ln(likelihood): -5324.9856 
((F:0.0505964,(B:0.0125757,A:0.0147977):0.00583581):0.12111,D:0.12111);
Adding C [5/7]
ln(likelihood): -4725.2799 
((F:0.0573525,(A:0.0208549,(B:0.0140967,C:0.0170725):0.00644613):0.0234556):0.122838,D:0.122838);
Adding E [6/7]
ln(likelihood): -1076.8557 
(((F:0.0537718,(A:0.0172882,(B:0.0105301,C:0.0135058):0.00644613):0.0222126):0.113976,D:0.120484):0.0831763,E:0.0831763);
Adding G [7/7]
ln(likelihood): 200.05812 
(((F:0.0537451,(A:0.0172709,(B:0.0105128,C:0.0134885):0.00644613):0.0222314):0.116074,D:0.11977):0.0194386,(E:0.121663,G:0.121772):0.0194386);
Testing global rearrangements
F:0.0537451 ((F:0.0537451,(A:0.0172709,(B:0.0105128,C:0.0134885):0.00644613):0.0222314):0.116074,D:0.11977):0.0194386
-34904.003 200.05812
F:0.0537451 E:0.121663
-66259.661 200.05812
F:0.0537451 (E:0.121663,G:0.121772):0.0194386
-34904.003 200.05812
F:0.0537451 G:0.121772
-66259.661 200.05812
A:0.0172709 F:0.0537451
-2452.7966 200.05812
B:0.0105128 A:0.0172709
-13.968495 200.05812
D:0.11977 A:0.0172709
-56387.995 200.05812
D:0.11977 E:0.121663
-1596.508 200.05812
Targeting migration to vicinity of:
D E
F G
D B
D C

D E
F G
D E
F G
Trying D E
D:0.11977 E:0.121663
1->2 0.17986722 200.10478 200.05812
2->1 0.091048792 200.10478 200.10478
p1->2 0.016859977 200.05812 200.10478
p2->1 0.0008357527 200.05812 200.10478
Trying F G
(F:0.0537451,(A:0.0172709,(B:0.0105128,C:0.0134885):0.00644613):0.0222314):0.116074 G:0.121772
1->2 0.016859977 200.10478 200.10478
2->1 0.3970964 200.10478 200.10478
p1->2 0.099995285 200.05812 200.10478
p2->1 0.016859977 200.05812 200.10478
F:0.0537451 (E:0.121663,G:0.121772):0.0388772
1->2 0.016859977 200.09421 200.10478
2->1 0.099995285 200.09421 200.10478
p1->2 0.016859977 200.05812 200.10478
F:0.0537451 G:0.121772
1->2 0.0019267334 200.11131 200.10478
2->1 0.0035051624 200.0927 200.11131
Migration added
Local updates around node 1: 0 ln(lk):200.11131 
Local updates around node 2: 0 ln(lk):200.11131 
Updates in migration position: 0 ln(lk):200.11131 
Switches in migration direction: 0 ln(lk):200.11131 
ln(likelihood):200.11131 
DONE.
