
TreeMix v. 1.13
$Revision: 231 $

npop:7 nsnp:17505003
Estimating covariance matrix in 5470 blocks of size 3200
SEED: 1607913084
Starting from:
(D:0.12622,(A:0,C:0):0.12622);
Adding G [4/7]
ln(likelihood): -1202.5462 
((A:0.0127176,C:0.0134714):0.068196,(D:0.129139,G:0.158506):0.068196);
Adding F [5/7]
ln(likelihood): -507.1896 
((D:0.124198,G:0.155332):0.0585497,((A:0.0174839,C:0.0185361):0.0199842,F:0.0584041):0.0585497);
Adding B [6/7]
ln(likelihood): -1127.4612 
((D:0.120608,((A:0.0172983,(C:0.013516,B:0.0105402):0.00644613):0.0222126,F:0.0537819):0.113804):0.0832816,G:0.0832816);
Adding E [7/7]
ln(likelihood): 200.05812 
(((D:0.11977,((A:0.0172709,(C:0.0134885,B:0.0105128):0.00644613):0.0222314,F:0.0537451):0.116074):0.0388772,G:0.121772):0.0608313,E:0.0608313);
Testing global rearrangements
D:0.11977 A:0.0172709
-56387.995 200.05812
D:0.11977 (A:0.0172709,(C:0.0134885,B:0.0105128):0.00644613):0.0222314
-34904.003 200.05812
D:0.11977 C:0.0134885
-61489.001 200.05812
D:0.11977 (C:0.0134885,B:0.0105128):0.00644613
-56387.995 200.05812
D:0.11977 B:0.0105128
-61489.001 200.05812
D:0.11977 E:0.0608313
-1596.508 200.05812
A:0.0172709 D:0.11977
-60305.573 200.05812
A:0.0172709 ((A:0.0172709,(C:0.0134885,B:0.0105128):0.00644613):0.0222314,F:0.0537451):0.116074
-2452.7966 200.05812
C:0.0134885 A:0.0172709
-13.968495 200.05812
F:0.0537451 A:0.0172709
-2452.7966 200.05812
F:0.0537451 G:0.121772
-66259.661 200.05812
F:0.0537451 E:0.0608313
-66259.661 200.05812
G:0.121772 D:0.11977
-1596.508 200.05812
G:0.121772 E:0.0608313
200.05812 200.05812
E:0.0608313 D:0.11977
-1596.508 200.05812
E:0.0608313 F:0.0537451
-58433.967 200.05812
Targeting migration to vicinity of:
D E
G F
D B
D C

D E
F G
G F
E D
Trying D E
D:0.11977 E:0.0608313
1->2 0.099995285 200.10478 200.05812
2->1 0.016859977 200.10478 200.10478
p1->2 0.99991387 200.05812 200.10478
Trying E D
E:8.20032e+06 D:0.11977
Trying F G
((A:0.0172709,(C:0.0134885,B:0.0105128):0.00644613):0.0222314,F:0.0537451):0.116074 G:0.121772
1->2 0.3970964 200.10478 200.10478
2->1 0.099995285 200.10478 200.10478
p2->1 4.0751289e-05 200.05812 200.10478
F:0.0537451 G:0.121772
1->2 0.0019267334 200.11131 200.10478
2->1 0.0035051624 200.0927 200.11131
p2->1 0.0036258015 200.09421 200.11131
Trying G F
G:0.121772 ((A:0.0172709,(C:0.0134885,B:0.0105128):0.00644613):0.0217147,F:0.0546554):0.116579
G:0.121772 F:0.0546554
Migration added
Local updates around node 1: 0 ln(lk):200.11131 
Local updates around node 2: 0 ln(lk):200.11131 
Updates in migration position: 0 ln(lk):200.11131 
Switches in migration direction: 0 ln(lk):200.11131 
ln(likelihood):200.11131 
Targeting migration to vicinity of:
F E
D B
D C
D A

D A
D C
D B
D A
D C
D B
D A
D C
D B
F E
Trying D A
D:0.119649 A:0.0172709
1->2 9.8076482e-05 200.11212 200.11131
2->1 0.0063318266 200.1408 200.11212
p1->2 6.2255936e-07 200.11131 200.1408
p2->1 0.099995285 200.1408 200.1408
D:0.16219 ((C:0.0134885,B:0.0105128):0.00644613,A:0.0172709):0.0222779
1->2 0.003381049 200.1408 200.1408
p1->2 4.0751289e-05 200.11131 200.1408
Trying D B
D:0.119649 B:0.0105128
1->2 5.7946159e-05 200.11178 200.1408
2->1 0.0049197529 200.13874 200.1408
p1->2 6.2255936e-07 200.11131 200.1408
p2->1 0.0063318266 200.1408 200.1408
D:0.122039 (C:0.0134885,B:0.0105128):0.00644613
1->2 0.00018207697 200.11432 200.1408
p1->2 6.2255936e-07 200.11131 200.1408
D:0.119649 (A:0.0172708,(C:0.0134885,B:0.0105128):0.0064462):0.0222089
Trying D C
D:0.119649 C:0.0134885
1->2 5.7946159e-05 200.11179 200.1408
2->1 0.0049197529 200.13874 200.1408
p1->2 6.2255936e-07 200.11131 200.1408
D:0.119649 (B:0.0105127,C:0.0134886):0.00644617
D:0.119649 (A:0.0172708,(B:0.0105127,C:0.0134886):0.00644617):0.0222089
Trying F E
F:0.0537676 E:0.0606971
1->2 0.00080320082 200.1189 200.1408
2->1 0.0035920499 200.1408 200.1408
p1->2 0.099995285 200.11114 200.1408
Migration added
Local updates around node 1: 0 ln(lk):200.1408 
Local updates around node 2: 0 ln(lk):200.1408 
Updates in migration position: 0 ln(lk):200.1408 
Switches in migration direction: 0 ln(lk):200.1408 
ln(likelihood):200.14081 
Targeting migration to vicinity of:
D E
G B
A G
C G

A G
C G
B G
A G
C G
B G
D E
G A
G C
G B
Trying A G
A:0.0172709 G:0.122509
1->2 3.0968394e-07 200.14081 200.14081
2->1 3.8719494e-07 200.14081 200.14081
p1->2 3.0968394e-07 200.14081 200.14081
p2->1 3.8719494e-07 200.14081 200.14081
((B:0.0105128,C:0.0134885):0.00644608,A:0.0172709):0.0218893 G:0.122509
2->1 0.0008357527 200.14081 200.14081
p1->2 0.0008357527 200.14081 200.14081
p2->1 4.0751289e-05 200.14081 200.14081
Trying B G
B:0.0105128 G:0.122509
1->2 3.0968394e-07 200.14081 200.14081
2->1 3.8719494e-07 200.14081 200.14081
p1->2 3.0968394e-07 200.14081 200.14081
p2->1 3.8719494e-07 200.14081 200.14081
(A:0.0172709,(C:0.0134885,B:0.0105128):0.00644616):0.0218893 G:0.122509
(C:0.0134885,B:0.0105128):0.00644616 G:0.122509
2->1 3.8719494e-07 200.14081 200.14081
p2->1 3.8719494e-07 200.14081 200.14081
Trying C G
C:0.0134885 G:0.122509
1->2 3.0968394e-07 200.14081 200.14081
2->1 3.8719494e-07 200.14081 200.14081
p2->1 3.8719494e-07 200.14081 200.14081
(A:0.0172709,(B:0.0105127,C:0.0134886):0.00644616):0.0218893 G:0.122509
(B:0.0105127,C:0.0134886):0.00644616 G:0.122509
Trying D E
D:0.119621 E:0.107907
1->2 0.099995285 200.14081 200.14081
2->1 3.0968394e-07 200.14081 200.14081
p1->2 0.099995285 200.14081 200.14081
Trying G A
G:0.122509 A:0.0172709
G:0.122509 (A:0.0172709,(B:0.0105128,C:0.0134885):0.00644613):0.0218893
Trying G B
G:0.122509 B:0.0105128
G:0.122509 (A:0.0172709,(B:0.0105128,C:0.0134885):0.00644613):0.0218893
G:0.122509 (B:0.0105128,C:0.0134885):0.00644613
Trying G C
G:0.122509 C:0.0134885
G:0.122509 (A:0.0172709,(B:0.0105128,C:0.0134885):0.00644613):0.0218893
G:0.122509 (B:0.0105128,C:0.0134885):0.00644613
Migration added
Local updates around node 1: 0 ln(lk):200.14081 
Local updates around node 2: 0 ln(lk):200.14081 
Updates in migration position: 0 ln(lk):200.14081 
Switches in migration direction: 0 ln(lk):200.14081 
ln(likelihood):200.14081 
Targeting migration to vicinity of:
D G
B E
A E
C E

A E
C E
B E
A E
C E
B E
A E
C E
B E
D G
G D
Trying A E
((B:0.0105128,C:0.0134885):0.00644613,A:0.0172709):0.0220604 E:0.0916626
1->2 6.2716344e-06 200.14081 200.14081
2->1 6.2716344e-06 200.14081 200.14081
p1->2 0.099995285 200.14081 200.14081
A:0.0172709 E:0.121677
1->2 6.2716344e-06 200.14081 200.14081
2->1 3.0968394e-07 200.14081 200.14081
Trying B E
B:0.0105128 E:0.0916584
1->2 2.0549846e-06 200.14081 200.14081
2->1 3.8719494e-07 200.14081 200.14081
p1->2 6.2716344e-06 200.14081 200.14081
(C:0.0134885,B:0.0105128):0.00644613 E:0.0916352
2->1 3.2717654e-07 200.14081 200.14081
(A:0.0172708,(C:0.0134885,B:0.0105128):0.00644618):0.0220604 E:0.0916539
Trying C E
(C:0.0134885,B:0.0105128):0.00644618 E:0.0916539
C:0.0134885 E:0.0916539
1->2 2.0549846e-06 200.14081 200.14081
2->1 3.8719494e-07 200.14081 200.14081
(A:0.0172709,(B:0.0105127,C:0.0134886):0.00644616):0.0220604 E:0.0916582
Trying D G
D:0.11959 G:0.12251
1->2 0.0008357527 200.14081 200.14081
2->1 0.099995285 200.14081 200.14081
p1->2 0.0054881019 200.14081 200.14081
p2->1 4.0751289e-05 200.14081 200.14081
Trying G D
G:0.12251 D:0.119601
Migration added
Local updates around node 1: 0 ln(lk):200.14081 
Local updates around node 2: 0 ln(lk):200.14081 
Updates in migration position: 0 ln(lk):200.14081 
Switches in migration direction: 0 ln(lk):200.14081 
ln(likelihood):200.14081 
DONE.
