
TreeMix v. 1.13
$Revision: 231 $

npop:7 nsnp:17505003
Estimating covariance matrix in 9725 blocks of size 1800
SEED: 1607913222
Starting from:
((E:0.141516,G:0.141614):0.0913591,C:0.0913591);
Adding F [4/7]
ln(likelihood): -12387.501 
(C:0.0239244,((E:0.11691,G:0.116997):0.128057,F:0.0714063):0.0239244);
Adding A [5/7]
ln(likelihood): -3422.6479 
((F:0.0534244,(C:0.01607,A:0.0150183):0.0150253):0.0764081,(E:0.131628,G:0.131704):0.0764081);
Adding B [6/7]
ln(likelihood): -5219.0422 
((F:0.0570622,(A:0.0203663,(C:0.0165835,B:0.013608):0.00644603):0.024588):0.078521,(E:0.116097,G:0.116163):0.078521);
Adding D [7/7]
ln(likelihood): 207.93582 
((G:0.121772,((F:0.0537457,(A:0.0172709,(C:0.0134881,B:0.0105126):0.00644603):0.0222317):0.116067,D:0.119767):0.0388862):0.0608308,E:0.0608308);
Testing global rearrangements
G:0.121772 F:0.0537457
-104516.38 207.93582
G:0.121772 (F:0.0537457,(A:0.0172709,(C:0.0134881,B:0.0105126):0.00644603):0.0222317):0.116067
-2973.1239 207.93582
G:0.121772 A:0.0172709
-161800.59 207.93582
G:0.121772 (A:0.0172709,(C:0.0134881,B:0.0105126):0.00644603):0.0222317
-104516.38 207.93582
G:0.121772 C:0.0134881
-175582.34 207.93582
G:0.121772 (C:0.0134881,B:0.0105126):0.00644603
-161800.59 207.93582
G:0.121772 B:0.0105126
-175582.34 207.93582
G:0.121772 E:0.0608308
207.93582 207.93582
F:0.0537457 G:0.121772
-117401.03 207.93582
F:0.0537457 ((F:0.0537457,(A:0.0172709,(C:0.0134881,B:0.0105126):0.00644603):0.0222317):0.116067,D:0.119767):0.0388862
-61945.618 207.93582
F:0.0537457 E:0.0608308
-117401.03 207.93582
A:0.0172709 F:0.0537457
-4483.5753 207.93582
C:0.0134881 A:0.0172709
-169.93494 207.93582
D:0.119767 A:0.0172709
-99907.134 207.93582
D:0.119767 E:0.0608308
-2973.1239 207.93582
E:0.0608308 G:0.121772
207.93582 207.93582
Targeting migration to vicinity of:
E D
G F
B D
A D

F G
G F
E D
G F
E D
Trying E D
E:0.0608308 D:0.119767
1->2 0.099995285 208.01838 207.93582
2->1 0.099995285 208.01838 208.01838
p2->1 0.999919 207.93582 208.01838
Trying F G
(F:0.0537457,(A:0.0172709,(C:0.0134881,B:0.0105126):0.00644603):0.0222317):0.116067 G:0.121772
1->2 0.051593695 208.01838 208.01838
2->1 0.17986722 208.01838 208.01838
p2->1 4.0751289e-05 207.93582 208.01838
F:0.0537457 G:0.121772
1->2 0.0019267334 208.02996 208.01838
2->1 0.0035051624 207.99704 208.02996
p2->1 0.0036258015 207.99969 208.02996
Trying G F
G:0.121772 ((A:0.0172709,(C:0.0134881,B:0.0105126):0.00644603):0.0217149,F:0.054656):0.116572
G:0.121772 F:0.054656
Migration added
Local updates around node 1: 0 ln(lk):208.02996 
Local updates around node 2: 0 ln(lk):208.02996 
Updates in migration position: 0 ln(lk):208.02996 
Switches in migration direction: 0 ln(lk):208.02996 
ln(likelihood):208.02996 
Targeting migration to vicinity of:
E F
B D
A D
C D

C D
A D
B D
C D
A D
B D
C D
A D
B D
E F
Trying A D
A:0.0172709 D:0.119646
1->2 0.0063318266 208.08215 208.02996
2->1 9.8076482e-05 208.0314 208.08215
p1->2 0.099995285 208.08215 208.08215
p2->1 6.2255936e-07 208.02996 208.08215
((C:0.0134881,B:0.0105126):0.00644597,A:0.017271):0.0222092 D:0.119646
2->1 0.003381049 208.08215 208.08215
p2->1 4.0751289e-05 208.02996 208.08215
Trying B D
((C:0.0134881,B:0.0105126):0.00644603,A:0.0172709):0.0222157 D:0.119646
B:0.0105126 D:0.119646
1->2 0.0049197529 208.07852 208.08215
2->1 5.7946159e-05 208.03079 208.08215
p1->2 0.0063318266 208.08215 208.08215
p2->1 6.2255936e-07 208.02996 208.08215
(C:0.013488,B:0.0105127):0.00644607 D:0.119646
2->1 0.00018207697 208.03529 208.08215
p2->1 6.2255936e-07 208.02996 208.08215
Trying C D
(A:0.0172709,(C:0.0134881,B:0.0105126):0.0064461):0.0222091 D:0.119646
C:0.0134881 D:0.119646
1->2 0.0049197529 208.07852 208.08215
2->1 5.7946159e-05 208.0308 208.08215
p2->1 6.2255936e-07 208.02996 208.08215
(B:0.0105125,C:0.0134882):0.00644607 D:0.119646
Trying E F
E:0.0606966 F:0.0537682
1->2 0.0035920499 208.08215 208.08215
2->1 0.00080320082 208.04341 208.08215
p2->1 0.099995285 208.02967 208.08215
Migration added
Local updates around node 1: 0 ln(lk):208.08215 
Local updates around node 2: 0 ln(lk):208.08215 
Updates in migration position: 0 ln(lk):208.08215 
Switches in migration direction: 0 ln(lk):208.08215 
ln(likelihood):208.08217 
Targeting migration to vicinity of:
E D
G A
G B
G C

E D
G C
G A
G B
G C
G A
G B
G C
G A
G B
Trying E D
E:0.107914 D:0.119618
1->2 3.0968394e-07 208.08217 208.08217
2->1 0.099995285 208.08217 208.08217
p2->1 0.099995285 208.08217 208.08217
Trying G A
G:0.122509 A:0.0172709
1->2 3.8719494e-07 208.08217 208.08217
2->1 3.0968394e-07 208.08217 208.08217
p1->2 3.8719494e-07 208.08217 208.08217
p2->1 3.0968394e-07 208.08217 208.08217
G:0.122509 ((B:0.0105126,C:0.0134881):0.00644603,A:0.0172709):0.0218896
1->2 0.0008357527 208.08217 208.08217
p1->2 4.0751289e-05 208.08217 208.08217
p2->1 0.0008357527 208.08217 208.08217
Trying G B
G:0.122747 B:0.0105126
1->2 3.8719494e-07 208.08217 208.08217
2->1 3.0968394e-07 208.08217 208.08217
p1->2 3.8719494e-07 208.08217 208.08217
p2->1 3.0968394e-07 208.08217 208.08217
G:0.122509 (A:0.0172709,(C:0.0134881,B:0.0105126):0.00644603):0.0218896
G:0.122509 (C:0.0134881,B:0.0105126):0.00644603
1->2 3.8719494e-07 208.08217 208.08217
p1->2 3.8719494e-07 208.08217 208.08217
Trying G C
G:0.122509 C:0.0134881
1->2 3.8719494e-07 208.08217 208.08217
2->1 3.0968394e-07 208.08217 208.08217
p1->2 3.8719494e-07 208.08217 208.08217
G:0.122509 (A:0.0172709,(B:0.0105126,C:0.0134881):0.00644606):0.0218896
G:0.122509 (B:0.0105126,C:0.0134881):0.00644606
Migration added
Local updates around node 1: 0 ln(lk):208.08217 
Local updates around node 2: 0 ln(lk):208.08217 
Updates in migration position: 0 ln(lk):208.08217 
Switches in migration direction: 0 ln(lk):208.08217 
ln(likelihood):208.08217 
Targeting migration to vicinity of:
G D
E B
E A
C E

C E
A E
B E
E C
E A
E B
E C
E A
E B
G D
D G
Trying A E
A:0.0172709 E:0.0802527
1->2 1.9748804e-06 208.08217 208.08217
2->1 3.0968394e-07 208.08217 208.08217
p1->2 0.0008357527 208.08217 208.08217
((B:0.0105126,C:0.0134881):0.00644603,A:0.0172709):0.0220432 E:0.080639
2->1 6.7408757e-07 208.08217 208.08217
p1->2 0.099995285 208.08217 208.08217
Trying B E
((B:0.0105126,C:0.0134881):0.00644603,A:0.0172709):0.0220432 E:0.118156
(B:0.0105126,C:0.0134881):0.00644603 E:0.118156
1->2 1.9748804e-06 208.08217 208.08217
2->1 3.0968394e-07 208.08217 208.08217
B:0.0105126 E:0.0802311
1->2 5.8376884e-07 208.08217 208.08217
2->1 3.0968394e-07 208.08217 208.08217
Trying C E
(A:0.0172709,(C:0.013488,B:0.0105126):0.00644606):0.0220432 E:0.0802419
(C:0.013488,B:0.0105126):0.00644606 E:0.0802419
C:0.013488 E:0.0802419
1->2 5.8376884e-07 208.08217 208.08217
2->1 3.0968394e-07 208.08217 208.08217
Trying D G
D:0.119617 G:0.118164
1->2 0.099995285 208.08217 208.08217
2->1 0.099995285 208.08217 208.08217
p2->1 0.099995285 208.08217 208.08217
Trying E A
E:0.0807962 A:0.0172709
E:0.0807962 (A:0.0172709,(B:0.0105126,C:0.0134881):0.00644603):0.0220432
Trying E B
E:0.0807962 (A:0.0172709,(B:0.0105126,C:0.0134881):0.00644603):0.0220432
E:0.0807962 (B:0.0105126,C:0.0134881):0.00644603
E:0.0807962 B:0.0105126
Trying E C
E:0.0807962 (A:0.0172709,(B:0.0105126,C:0.0134881):0.00644603):0.0220432
E:0.0807962 (B:0.0105126,C:0.0134881):0.00644603
E:0.0807962 C:0.0134881
Trying G D
G:0.117621 D:0.153106
Migration added
Local updates around node 1: 0 ln(lk):208.08217 
Local updates around node 2: 0 ln(lk):208.08217 
Updates in migration position: 0 ln(lk):208.08217 
Switches in migration direction: 0 ln(lk):208.08217 
ln(likelihood):208.08217 
Targeting migration to vicinity of:
G G
G A
G E
G B

G A
G B
G A
G B
G G
G E
E G
G G
G E
E G
Trying E G
E:0.0797457 G:0.118165
1->2 0.099995285 208.08217 208.08217
2->1 0.099995285 208.08217 208.08217
p2->1 0.099995285 208.08217 208.08217
Trying G A
G:0.118165 A:0.0172709
1->2 3.8719494e-07 208.08217 208.08217
2->1 9.7320128e-07 208.08217 208.08217
p1->2 3.8719494e-07 208.08217 208.08217
p2->1 9.7320128e-07 208.08217 208.08217
Trying G B
G:0.118166 B:0.0105126
1->2 3.8719494e-07 208.08217 208.08217
2->1 3.0968394e-07 208.08217 208.08217
p1->2 3.8719494e-07 208.08217 208.08217
p2->1 9.7320128e-07 208.08217 208.08217
Trying G E
G:0.118166 E:0.0797456
Trying G G
G:0.118166 G:0.118166
p1->2 0.099995285 208.08217 208.08217
ln(likelihood):208.08217 
DONE.
