
TreeMix v. 1.13
$Revision: 231 $

npop:7 nsnp:17505003
Estimating covariance matrix in 5148 blocks of size 3400
SEED: 1607912949
Starting from:
((E:0.141667,G:0.141765):0.0907666,A:0.0907666);
Adding C [4/7]
ln(likelihood): -5922.7714 
((E:0.136899,G:0.136985):0.0878435,(A:0.00131617,C:0.00207038):0.0878435);
Adding B [5/7]
ln(likelihood): -74.64514 
((E:0.125151,G:0.125226):0.0883793,(A:0.0164735,(C:0.0133652,B:0.0103892):0.00509879):0.0883793);
Adding F [6/7]
ln(likelihood): -2724.0353 
((E:0.116095,G:0.116161):0.0785191,((A:0.020367,(C:0.0165849,B:0.013609):0.00644631):0.0245885,F:0.0570616):0.0785191);
Adding D [7/7]
ln(likelihood): 199.22207 
(((E:0.121663,G:0.121773):0.03887,((A:0.0172709,(C:0.0134888,B:0.0105129):0.00644631):0.0222313,F:0.0537443):0.116079):0.059886,D:0.059886);
Testing global rearrangements
E:0.121663 F:0.0537443
-55008.384 199.22207
E:0.121663 D:0.059886
-1491.809 199.22207
A:0.0172709 ((E:0.121663,G:0.121773):0.03887,((A:0.0172709,(C:0.0134888,B:0.0105129):0.00644631):0.0222313,F:0.0537443):0.116079):0.059886
-56777.317 199.22207
A:0.0172709 ((A:0.0172709,(C:0.0134888,B:0.0105129):0.00644631):0.0222313,F:0.0537443):0.116079
-2298.8189 199.22207
A:0.0172709 D:0.059886
-56777.317 199.22207
C:0.0134888 A:0.0172709
-2.3564418 199.22207
F:0.0537443 E:0.121663
-62377.209 199.22207
F:0.0537443 (E:0.121663,G:0.121773):0.03887
-32851.894 199.22207
F:0.0537443 G:0.121773
-62377.209 199.22207
F:0.0537443 A:0.0172709
-2298.8189 199.22207
D:0.059886 E:0.121663
-1491.809 199.22207
D:0.059886 F:0.0537443
-32851.894 199.22207
Targeting migration to vicinity of:
E D
G F
B D
A D

E D
G F
Trying E D
E:0.121663 D:0.059886
1->2 0.016859977 199.26599 199.22207
2->1 0.099995285 199.26599 199.26599
p1->2 0.99965066 199.22207 199.26599
Trying G F
G:0.121773 ((A:0.0172709,(C:0.0134888,B:0.0105129):0.00644631):0.0222313,F:0.0537443):0.116079
1->2 0.016859977 199.26599 199.26599
2->1 0.099995285 199.26599 199.26599
p2->1 4.0751289e-05 199.22207 199.26599
G:0.121784 F:0.0537443
1->2 0.0035051624 199.25462 199.26599
2->1 0.0019267334 199.27215 199.26599
p1->2 0.099995285 199.25604 199.27215
(E:0.121663,G:0.121773):0.0389053 F:0.0807889
2->1 0.099995285 199.25604 199.27215
p1->2 4.0751289e-05 199.22207 199.27215
Migration added
Local updates around node 1: 0 ln(lk):199.27215 
Local updates around node 2: 0 ln(lk):199.27215 
Updates in migration position: 0 ln(lk):199.27215 
Switches in migration direction: 0 ln(lk):199.27215 
ln(likelihood):199.27214 
Targeting migration to vicinity of:
E F
B D
A D
C D

A D
C D
B D
A D
C D
B D
A D
C D
B D
E F
Trying A D
(A:0.0172709,(C:0.0134888,B:0.0105129):0.00644631):0.0222088 D:0.0598257
1->2 0.25082162 199.29991 199.27214
2->1 0.0011743098 199.29991 199.29991
p1->2 1.9748804e-06 199.27214 199.29991
A:0.0172709 D:0.0598259
1->2 0.0063318266 199.29991 199.29991
2->1 9.8076482e-05 199.27291 199.29991
Trying B D
((C:0.0134888,B:0.0105129):0.00643266,A:0.0172879):0.0222205 D:0.0598273
B:0.0105129 D:0.0598273
1->2 0.0049197529 199.29798 199.29991
2->1 5.7946159e-05 199.27259 199.29991
p1->2 0.0063318266 199.29991 199.29991
(C:0.0134888,B:0.0105129):0.00644631 D:0.0610207
2->1 0.00017933312 199.27498 199.29991
Trying C D
C:0.0134888 D:0.0598315
1->2 0.0049197529 199.29798 199.29991
2->1 5.7946159e-05 199.27259 199.29991
(A:0.0172668,(B:0.010506,C:0.0134972):0.00645072):0.0222117 D:0.0598266
(B:0.010506,C:0.0134972):0.00645072 D:0.0598266
Trying E F
E:0.121395 F:0.0537635
1->2 0.0036049047 199.29991 199.29991
2->1 0.00080320082 199.27929 199.29991
p1->2 0.015326404 199.29992 199.29991
p2->1 0.099995285 199.27199 199.29992
Migration added
Local updates around node 1: 0 ln(lk):199.29992 
Local updates around node 2: 0 ln(lk):199.29992 
Updates in migration position: 0 ln(lk):199.29992 
Switches in migration direction: 0 ln(lk):199.29992 
ln(likelihood):199.29992 
Targeting migration to vicinity of:
G D
E B
A E
E C

A E
C E
B E
E A
E C
E B
E A
E C
E B
G D
Trying A E
(A:0.0172709,(B:0.0105129,C:0.0134888):0.00644631):0.0205287 E:0.121405
1->2 3.3026194e-07 199.29992 199.29992
2->1 0.0008357527 199.29992 199.29992
p1->2 0.0008357527 199.29992 199.29992
p2->1 0.0008357527 199.29992 199.29992
A:0.0172709 E:0.121405
1->2 3.3026194e-07 199.29992 199.29992
2->1 3.0968394e-07 199.29992 199.29992
p2->1 3.8135897e-07 199.29992 199.29992
Trying B E
B:0.0105129 E:0.121405
1->2 3.3026194e-07 199.29992 199.29992
2->1 3.0968394e-07 199.29992 199.29992
p1->2 3.3026194e-07 199.29992 199.29992
p2->1 3.8719494e-07 199.29992 199.29992
(A:0.0172708,(C:0.0134887,B:0.0105129):0.00644633):0.0205288 E:0.121405
(C:0.0134887,B:0.0105129):0.00644633 E:0.121405
2->1 3.0968394e-07 199.29992 199.29992
p2->1 3.8135897e-07 199.29992 199.29992
Trying C E
(A:0.0172708,(C:0.0134888,B:0.0105129):0.00644636):0.0205288 E:0.121405
(C:0.0134888,B:0.0105129):0.00644636 E:0.121405
C:0.0134888 E:0.121405
1->2 3.3026194e-07 199.29992 199.29992
2->1 3.0968394e-07 199.29992 199.29992
p2->1 3.8719494e-07 199.29992 199.29992
Trying E A
E:0.121405 (A:0.0172708,(B:0.0105128,C:0.0134888):0.00644633):0.0205288
E:0.121405 A:0.0172708
Trying E B
E:0.121405 B:0.0105128
E:0.121405 (A:0.0172708,(B:0.0105128,C:0.0134888):0.00644633):0.0205288
E:0.121405 (B:0.0105128,C:0.0134888):0.00644633
Trying E C
E:0.121405 (A:0.0172708,(B:0.0105128,C:0.0134888):0.00644633):0.0205288
E:0.121405 (B:0.0105128,C:0.0134888):0.00644633
E:0.121405 C:0.0134888
Trying G D
G:0.122503 D:0.0598114
1->2 0.0008357527 199.29992 199.29992
2->1 0.099995285 199.29992 199.29992
p1->2 0.099995285 199.29992 199.29992
Migration added
Local updates around node 1: 0 ln(lk):199.29992 
Local updates around node 2: 0 ln(lk):199.29992 
Updates in migration position: 0 ln(lk):199.29992 
Switches in migration direction: 0 ln(lk):199.29992 
ln(likelihood):199.29992 
DONE.
