
TreeMix v. 1.13
$Revision: 231 $

npop:7 nsnp:17505003
Estimating covariance matrix in 5835 blocks of size 3000
SEED: 1607912949
Starting from:
((E:0.141669,G:0.141767):0.0907691,A:0.0907691);
Adding C [4/7]
ln(likelihood): -6715.874 
((E:0.1369,G:0.136987):0.087846,(A:0.0013137,C:0.00206694):0.087846);
Adding B [5/7]
ln(likelihood): -98.293698 
((E:0.125152,G:0.125229):0.0883812,(A:0.0164723,(C:0.0133639,B:0.0103884):0.00509717):0.0883812);
Adding F [6/7]
ln(likelihood): -3100.533 
((E:0.116097,G:0.116163):0.078521,((A:0.0203663,(C:0.0165835,B:0.013608):0.00644603):0.024588,F:0.0570622):0.078521);
Adding D [7/7]
ln(likelihood): 200.94859 
(((E:0.121662,G:0.121772):0.0388862,((A:0.0172709,(C:0.0134881,B:0.0105126):0.00644603):0.0222317,F:0.0537457):0.116067):0.0598833,D:0.0598833);
Testing global rearrangements
E:0.121662 F:0.0537457
-62329.341 200.94859
E:0.121662 D:0.0598833
-1715.8489 200.94859
A:0.0172709 ((E:0.121662,G:0.121772):0.0388862,((A:0.0172709,(C:0.0134881,B:0.0105126):0.00644603):0.0222317,F:0.0537457):0.116067):0.0598833
-64311.893 200.94859
A:0.0172709 ((A:0.0172709,(C:0.0134881,B:0.0105126):0.00644603):0.0222317,F:0.0537457):0.116067
-2628.0091 200.94859
A:0.0172709 D:0.0598833
-64311.893 200.94859
C:0.0134881 A:0.0172709
-27.211863 200.94859
F:0.0537457 E:0.121662
-70673.393 200.94859
F:0.0537457 (E:0.121662,G:0.121772):0.0388862
-37230.363 200.94859
F:0.0537457 G:0.121772
-70673.393 200.94859
F:0.0537457 A:0.0172709
-2628.0091 200.94859
D:0.0598833 E:0.121662
-1715.8489 200.94859
D:0.0598833 F:0.0537457
-37230.363 200.94859
Targeting migration to vicinity of:
E D
G F
B D
A D

E D
G F
Trying E D
E:0.121662 D:0.0598833
1->2 0.33689713 200.99833 200.94859
2->1 0.016859977 200.99833 200.99833
p1->2 0.0008357527 200.94859 200.99833
Trying G F
G:0.121772 ((A:0.0172709,(C:0.0134881,B:0.0105126):0.00644603):0.0222317,F:0.0537457):0.116067
1->2 0.10924691 200.99833 200.99833
2->1 0.051593695 200.99833 200.99833
p2->1 4.0751289e-05 200.94859 200.99833
G:0.121784 F:0.0537457
1->2 0.0035051624 200.98545 200.99833
2->1 0.0019267334 201.0053 200.99833
p1->2 0.099995285 200.98706 201.0053
(E:0.121662,G:0.121772):0.0389214 F:0.0807891
2->1 0.016859977 200.98706 201.0053
p1->2 4.0751289e-05 200.94859 201.0053
Migration added
Local updates around node 1: 0 ln(lk):201.0053 
Local updates around node 2: 0 ln(lk):201.0053 
Updates in migration position: 0 ln(lk):201.0053 
Switches in migration direction: 0 ln(lk):201.0053 
ln(likelihood):201.00529 
Targeting migration to vicinity of:
E F
B D
A D
C D

A D
C D
B D
A D
C D
B D
A D
C D
B D
E F
Trying A D
(A:0.0172709,(C:0.0134881,B:0.0105126):0.00644603):0.0222091 D:0.059823
1->2 0.25106686 201.03671 201.00529
2->1 0.0011743098 201.03674 201.03671
p1->2 1.9894611e-05 201.00529 201.03674
A:0.0172709 D:0.0598254
1->2 0.0063318266 201.03674 201.03674
2->1 9.8076482e-05 201.00616 201.03674
Trying B D
((C:0.0134881,B:0.0105126):0.00643238,A:0.017288):0.0222208 D:0.0598246
B:0.0105126 D:0.0598246
1->2 0.0049197529 201.03455 201.03674
2->1 5.7946159e-05 201.0058 201.03674
p1->2 0.0063318266 201.03674 201.03674
(C:0.0134881,B:0.0105126):0.00644603 D:0.061018
2->1 0.00017933312 201.00851 201.03674
Trying C D
C:0.0134881 D:0.0598288
1->2 0.0049197529 201.03455 201.03674
2->1 5.7946159e-05 201.0058 201.03674
(A:0.0172669,(B:0.0105058,C:0.0134965):0.00645044):0.022212 D:0.059824
(B:0.0105058,C:0.0134965):0.00645044 D:0.059824
Trying E F
E:0.121393 F:0.0537649
1->2 0.0035920499 201.03674 201.03674
2->1 0.00080320082 201.01339 201.03674
p1->2 0.015326404 201.03675 201.03674
p2->1 5.0634508e-06 201.0053 201.03675
Migration added
Local updates around node 1: 0 ln(lk):201.03675 
Local updates around node 2: 0 ln(lk):201.03675 
Updates in migration position: 0 ln(lk):201.03675 
Switches in migration direction: 0 ln(lk):201.03675 
ln(likelihood):201.03675 
Targeting migration to vicinity of:
G D
E B
A E
E C

A E
C E
B E
E A
E C
E B
E A
E C
E B
G D
Trying A E
(A:0.0172709,(B:0.0105126,C:0.0134881):0.00644603):0.0205293 E:0.121404
1->2 3.3026194e-07 201.03675 201.03675
2->1 0.0008357527 201.03675 201.03675
p1->2 0.0008357527 201.03675 201.03675
p2->1 0.0008357527 201.03675 201.03675
A:0.0172709 E:0.121404
1->2 3.3026194e-07 201.03675 201.03675
2->1 3.0968394e-07 201.03675 201.03675
p2->1 3.8135897e-07 201.03675 201.03675
Trying B E
B:0.0105126 E:0.121404
1->2 3.3026194e-07 201.03675 201.03675
2->1 3.0968394e-07 201.03675 201.03675
p1->2 3.3026194e-07 201.03675 201.03675
p2->1 3.8719494e-07 201.03675 201.03675
(A:0.0172709,(C:0.013488,B:0.0105126):0.00644606):0.0205293 E:0.121404
(C:0.013488,B:0.0105126):0.00644606 E:0.121404
2->1 3.0968394e-07 201.03675 201.03675
p2->1 3.8135897e-07 201.03675 201.03675
Trying C E
(A:0.0172709,(C:0.0134881,B:0.0105126):0.00644608):0.0205293 E:0.121404
(C:0.0134881,B:0.0105126):0.00644608 E:0.121404
C:0.0134881 E:0.121404
1->2 3.3026194e-07 201.03675 201.03675
2->1 3.0968394e-07 201.03675 201.03675
p2->1 3.8719494e-07 201.03675 201.03675
Trying E A
E:0.121404 (A:0.0172709,(B:0.0105126,C:0.0134881):0.00644606):0.0205293
E:0.121404 A:0.0172709
Trying E B
E:0.121404 B:0.0105126
E:0.121404 (A:0.0172709,(B:0.0105126,C:0.0134881):0.00644606):0.0205293
E:0.121404 (B:0.0105126,C:0.0134881):0.00644606
Trying E C
E:0.121404 (A:0.0172709,(B:0.0105126,C:0.0134881):0.00644606):0.0205293
E:0.121404 (B:0.0105126,C:0.0134881):0.00644606
E:0.121404 C:0.0134881
Trying G D
G:0.122503 D:0.0598088
1->2 0.0008357527 201.03675 201.03675
2->1 0.099995285 201.03675 201.03675
p1->2 0.099995285 201.03675 201.03675
Migration added
Local updates around node 1: 0 ln(lk):201.03675 
Local updates around node 2: 0 ln(lk):201.03675 
Updates in migration position: 0 ln(lk):201.03675 
Switches in migration direction: 0 ln(lk):201.03675 
ln(likelihood):201.03675 
DONE.
