
TreeMix v. 1.13
$Revision: 231 $

npop:7 nsnp:17505003
Estimating covariance matrix in 5470 blocks of size 3200
SEED: 1607912815
Starting from:
(B:0.0713362,(G:0.161212,D:0.133786):0.0713362);
Adding F [4/7]
ln(likelihood): -2284.926 
((G:0.163716,D:0.134386):0.0573512,(B:0.0214815,F:0.0511326):0.0573512);
Adding C [5/7]
ln(likelihood): -446.33661 
((G:0.155005,D:0.123871):0.0585716,(F:0.0580881,(B:0.0101585,C:0.0131343):0.0269329):0.0585716);
Adding E [6/7]
ln(likelihood): 69.729351 
((B:0.00929985,C:0.0122756):0.0145446,(F:0.0543497,(D:0.120331,(G:0.122336,E:0.122215):0.0388676):0.116545):0.0145446);
Adding A [7/7]
ln(likelihood): 200.05812 
((F:0.0537451,(D:0.11977,(G:0.121772,E:0.121663):0.0388772):0.116074):0.0111157,((B:0.0105128,C:0.0134885):0.00644613,A:0.0172709):0.0111157);
Testing global rearrangements
F:0.0537451 G:0.121772
-66259.661 200.05812
F:0.0537451 (G:0.121772,E:0.121663):0.0388772
-34904.003 200.05812
F:0.0537451 E:0.121663
-66259.661 200.05812
D:0.11977 G:0.121772
-1596.508 200.05812
D:0.11977 E:0.121663
-1596.508 200.05812
B:0.0105128 D:0.11977
-64865.883 200.05812
B:0.0105128 ((B:0.0105128,C:0.0134885):0.00644613,A:0.0172709):0.0111157
-13.968495 200.05812
A:0.0172709 F:0.0537451
-2452.7966 200.05812
A:0.0172709 (F:0.0537451,(D:0.11977,(G:0.121772,E:0.121663):0.0388772):0.116074):0.0111157
200.05812 200.05812
A:0.0172709 D:0.11977
-60305.573 200.05812
A:0.0172709 (D:0.11977,(G:0.121772,E:0.121663):0.0388772):0.116074
-2452.7966 200.05812
A:0.0172709 G:0.121772
-106478.03 200.05812
A:0.0172709 (G:0.121772,E:0.121663):0.0388772
-60305.573 200.05812
A:0.0172709 E:0.121663
-106478.03 200.05812
Targeting migration to vicinity of:
D E
G F
B D
D C

D E
F G
E D
G F
E D
Trying D E
D:0.11977 E:0.121663
1->2 0.0057424628 200.10478 200.05812
2->1 0.3970964 200.10478 200.10478
p1->2 4.0751289e-05 200.05812 200.10478
Trying E D
E:0.121674 D:0.11977
Trying F G
F:0.0537451 (G:0.121771,E:0.121674):0.0388788
1->2 0.0055198548 200.09421 200.10478
2->1 0.033863567 200.09421 200.10478
p1->2 4.0751289e-05 200.05812 200.10478
F:0.0537451 G:0.121772
1->2 0.0019267334 200.11131 200.10478
2->1 0.0035051624 200.0927 200.11131
p1->2 0.0019631728 200.10478 200.11131
Trying G F
(E:0.121403,G:0.122511):0.0390679 F:0.0537451
G:0.122511 F:0.0537451
Migration added
Local updates around node 1: 0 ln(lk):200.11131 
Local updates around node 2: 0 ln(lk):200.11131 
Updates in migration position: 0 ln(lk):200.11131 
Switches in migration direction: 0 ln(lk):200.11131 
ln(likelihood):200.11131 
Targeting migration to vicinity of:
F E
D A
B D
D C

B D
C D
A D
D B
D C
D A
D B
D C
D A
F E
Trying A D
((B:0.0105128,C:0.0134885):0.00644613,A:0.0172709):0.0111044 D:0.119649
1->2 0.25067014 200.1408 200.11131
2->1 0.0011811337 200.1408 200.1408
p2->1 0.99990094 200.11131 200.1408
A:0.0172709 D:0.119649
1->2 0.0063318266 200.1408 200.1408
2->1 9.7509241e-05 200.11212 200.1408
p2->1 0.22402908 200.11131 200.1408
Trying B D
(B:0.0105128,C:0.0134885):3.42605e-05 D:0.119649
1->2 0.0063318266 200.1408 200.1408
2->1 0.00018037626 200.11432 200.1408
p2->1 0.43598804 200.11131 200.1408
(A:0.000103182,(B:0.0105128,C:0.0134885):0.0507024):0.0196883 D:0.119649
B:0.0105128 D:0.119649
1->2 0.0049197529 200.13874 200.1408
2->1 5.6539659e-05 200.11178 200.1408
p2->1 3.0968394e-07 200.11131 200.1408
Trying C D
(C:0.0134885,B:0.0105128):0.00644614 D:0.119649
C:0.0134885 D:0.119649
1->2 0.0049197529 200.13874 200.1408
2->1 5.7404843e-05 200.11179 200.1408
p2->1 4.5131677e-07 200.11131 200.1408
(A:0.0172709,(B:0.0105127,C:0.0134886):0.00644614):0.0111044 D:0.119649
Trying D A
D:0.119649 (A:0.0172709,(B:0.0105127,C:0.0134886):0.00644614):0.0111044
D:0.119649 A:0.0172709
Trying D B
D:0.119649 (B:0.0105127,C:0.0134886):0.00644614
D:0.119649 (A:0.0172709,(B:0.0105127,C:0.0134886):0.00644614):0.0111044
D:0.119649 B:0.0105127
Trying D C
D:0.119649 (B:0.0105127,C:0.0134886):0.00644614
D:0.119649 C:0.0134886
D:0.119649 (A:0.0172709,(B:0.0105127,C:0.0134886):0.00644614):0.0111044
Trying F E
F:0.0537677 E:0.121394
1->2 0.00081076915 200.1189 200.1408
2->1 0.0035920499 200.1408 200.1408
p1->2 6.2353583e-06 200.11131 200.1408
p2->1 0.015326404 200.14081 200.1408
Migration added
Local updates around node 1: 0 ln(lk):200.14081 
Local updates around node 2: 0 ln(lk):200.14081 
Updates in migration position: 0 ln(lk):200.14081 
Switches in migration direction: 0 ln(lk):200.14081 
ln(likelihood):200.14081 
DONE.
