
TreeMix v. 1.13
$Revision: 231 $

npop:7 nsnp:17505003
Estimating covariance matrix in 8752 blocks of size 2000
SEED: 1607912815
Starting from:
(B:0.0713362,(G:0.161212,D:0.133786):0.0713362);
Adding F [4/7]
ln(likelihood): -3678.1183 
((G:0.163716,D:0.134386):0.0573512,(B:0.0214815,F:0.0511326):0.0573512);
Adding C [5/7]
ln(likelihood): -768.16497 
((G:0.155005,D:0.123871):0.0585716,(F:0.0580881,(B:0.0101585,C:0.0131343):0.0269329):0.0585716);
Adding E [6/7]
ln(likelihood): 28.104564 
((B:0.00929985,C:0.0122756):0.0145446,(F:0.0543497,(D:0.120331,(G:0.122336,E:0.122215):0.0388676):0.116545):0.0145446);
Adding A [7/7]
ln(likelihood): 206.50167 
((F:0.0537451,(D:0.11977,(G:0.121772,E:0.121663):0.0388772):0.116074):0.0111157,((B:0.0105128,C:0.0134885):0.00644613,A:0.0172709):0.0111157);
Testing global rearrangements
F:0.0537451 G:0.121772
-105752.59 206.50167
F:0.0537451 (G:0.121772,E:0.121663):0.0388772
-55786.208 206.50167
F:0.0537451 E:0.121663
-105752.59 206.50167
D:0.11977 G:0.121772
-2658.0782 206.50167
D:0.11977 E:0.121663
-2658.0782 206.50167
B:0.0105128 D:0.11977
-103458.52 206.50167
B:0.0105128 ((B:0.0105128,C:0.0134885):0.00644613,A:0.0172709):0.0111157
-134.19337 206.50167
A:0.0172709 F:0.0537451
-4021.3864 206.50167
A:0.0172709 (F:0.0537451,(D:0.11977,(G:0.121772,E:0.121663):0.0388772):0.116074):0.0111157
206.50167 206.50167
A:0.0172709 D:0.11977
-96238.629 206.50167
A:0.0172709 (D:0.11977,(G:0.121772,E:0.121663):0.0388772):0.116074
-4021.3864 206.50167
A:0.0172709 G:0.121772
-169790.39 206.50167
A:0.0172709 (G:0.121772,E:0.121663):0.0388772
-96238.629 206.50167
A:0.0172709 E:0.121663
-169790.39 206.50167
Targeting migration to vicinity of:
D E
G F
D A
B D

D E
F G
E D
G F
E D
Trying D E
D:0.11977 E:0.121663
1->2 0.0057424628 206.57606 206.50167
2->1 0.3970964 206.57606 206.57606
p1->2 4.0751289e-05 206.50167 206.57606
Trying E D
E:0.121674 D:0.11977
Trying F G
F:0.0537451 (G:0.121771,E:0.121674):0.0388788
1->2 0.3970964 206.55921 206.57606
2->1 0.099995285 206.55921 206.57606
p1->2 4.0751289e-05 206.50167 206.57606
F:0.0537451 G:0.121772
1->2 0.0019267334 206.58649 206.57606
2->1 0.0035051624 206.55681 206.58649
p1->2 0.0019631728 206.57606 206.58649
Trying G F
(E:0.121403,G:0.122511):0.0390679 F:0.0537451
G:0.122511 F:0.0537451
Migration added
Local updates around node 1: 0 ln(lk):206.58649 
Local updates around node 2: 0 ln(lk):206.58649 
Updates in migration position: 0 ln(lk):206.58649 
Switches in migration direction: 0 ln(lk):206.58649 
ln(likelihood):206.58649 
Targeting migration to vicinity of:
F E
D A
B D
D C

B D
C D
A D
D B
D C
D A
D B
D C
D A
F E
Trying A D
((B:0.0105128,C:0.0134885):0.00644613,A:0.0172709):0.0111044 D:0.119649
1->2 0.25018033 206.63351 206.58649
2->1 0.0011811337 206.63351 206.63351
p2->1 0.99990094 206.58649 206.63351
A:0.0172709 D:0.119649
1->2 0.0063318266 206.63351 206.63351
2->1 9.7509241e-05 206.58779 206.63351
p2->1 0.22485073 206.58649 206.63351
Trying B D
(B:0.0105128,C:0.0134885):3.92285e-06 D:0.119649
1->2 0.0063318266 206.63351 206.63351
2->1 0.00018037626 206.59129 206.63351
p2->1 0.43747017 206.58644 206.63351
(A:0,(B:0.0105128,C:0.0134885):0.0510739):0.0197399 D:0.119649
B:0.0105128 D:0.119649
1->2 0.0049197529 206.63024 206.63351
2->1 5.6539659e-05 206.58724 206.63351
p2->1 3.0968394e-07 206.58649 206.63351
Trying C D
(C:0.0134885,B:0.0105128):0.00644614 D:0.119649
C:0.0134885 D:0.119649
1->2 0.0049197529 206.63024 206.63351
2->1 5.7404843e-05 206.58725 206.63351
p2->1 4.5131677e-07 206.58649 206.63351
(A:0.0172709,(B:0.0105127,C:0.0134886):0.00644614):0.0111044 D:0.119649
Trying D A
D:0.119649 (A:0.0172709,(B:0.0105127,C:0.0134886):0.00644614):0.0111044
D:0.119649 A:0.0172709
Trying D B
D:0.119649 (B:0.0105127,C:0.0134886):0.00644614
D:0.119649 (A:0.0172709,(B:0.0105127,C:0.0134886):0.00644614):0.0111044
D:0.119649 B:0.0105127
Trying D C
D:0.119649 (B:0.0105127,C:0.0134886):0.00644614
D:0.119649 C:0.0134886
D:0.119649 (A:0.0172709,(B:0.0105127,C:0.0134886):0.00644614):0.0111044
Trying F E
F:0.0537677 E:0.121394
1->2 0.00079855864 206.5986 206.63351
2->1 0.0035920499 206.63351 206.63351
p1->2 6.2353583e-06 206.58649 206.63351
p2->1 0.015326404 206.63352 206.63351
Migration added
Local updates around node 1: 0 ln(lk):206.63352 
Local updates around node 2: 0 ln(lk):206.63352 
Updates in migration position: 0 ln(lk):206.63352 
Switches in migration direction: 0 ln(lk):206.63352 
ln(likelihood):206.63352 
DONE.
