
TreeMix v. 1.13
$Revision: 231 $

npop:7 nsnp:17505003
Estimating covariance matrix in 5835 blocks of size 3000
SEED: 1607913359
Starting from:
(B:0.0898215,(G:0.142442,E:0.142344):0.0898215);
Adding A [4/7]
ln(likelihood): -6710.9548 
((G:0.137129,E:0.137042):0.08765,(B:0,A:0.00145568):0.08765);
Adding D [5/7]
ln(likelihood): -968.74919 
((A:0.0220156,((G:0.120966,E:0.120832):0.0389073,D:0.118942):0.132627):0.0104552,B:0.0104552);
Adding C [6/7]
ln(likelihood): -1291.2476 
((A:0.0205906,((G:0.120756,E:0.120634):0.038915,D:0.118735):0.135732):0.00322117,(B:0.0145008,C:0.0174762):0.00322117);
Adding F [7/7]
ln(likelihood): 200.94859 
((A:0.0172709,(((G:0.121772,E:0.121662):0.0388862,D:0.119767):0.116067,F:0.0537457):0.0222317):0.00322302,(B:0.0105126,C:0.0134881):0.00322302);
Testing global rearrangements
A:0.0172709 G:0.121772
-113553.89 200.94859
A:0.0172709 D:0.119767
-64311.893 200.94859
G:0.121772 D:0.119767
-1715.8489 200.94859
D:0.119767 A:0.0172709
-60135.082 200.94859
D:0.119767 F:0.0537457
-37230.363 200.94859
D:0.119767 B:0.0105126
-65569.75 200.94859
D:0.119767 (B:0.0105126,C:0.0134881):0.00322302
-60135.082 200.94859
D:0.119767 C:0.0134881
-65569.75 200.94859
F:0.0537457 A:0.0172709
-2628.0091 200.94859
F:0.0537457 B:0.0105126
-3930.6351 200.94859
F:0.0537457 (B:0.0105126,C:0.0134881):0.00322302
-2628.0091 200.94859
F:0.0537457 C:0.0134881
-3930.6351 200.94859
B:0.0105126 A:0.0172709
-27.211863 200.94859
DONE.
