
TreeMix v. 1.13
$Revision: 231 $

npop:7 nsnp:17505003
Estimating covariance matrix in 87525 blocks of size 200
SEED: 1607912815
Starting from:
(B:0.0713333,(G:0.161218,D:0.133784):0.0713333);
Adding F [4/7]
ln(likelihood): -34188.907 
((G:0.163723,D:0.134383):0.057348,(B:0.0214826,F:0.0511344):0.057348);
Adding C [5/7]
ln(likelihood): -7630.7525 
((G:0.155012,D:0.123868):0.0585685,(F:0.0580891,(B:0.0101585,C:0.013134):0.0269334):0.0585685);
Adding E [6/7]
ln(likelihood): -919.33655 
((B:0.00929965,C:0.0122751):0.0145447,(F:0.0543503,(D:0.120328,(G:0.122336,E:0.122214):0.0388766):0.116539):0.0145447);
Adding A [7/7]
ln(likelihood): 235.95888 
((B:0.0105126,C:0.0134881):0.00322302,((F:0.0537457,(D:0.119767,(G:0.121772,E:0.121662):0.0388862):0.116067):0.0222317,A:0.0172709):0.00322302);
Testing global rearrangements
B:0.0105126 F:0.0537457
-54374.917 235.95888
B:0.0105126 D:0.119767
-952324.89 235.95888
B:0.0105126 G:0.121772
-1647700.4 235.95888
B:0.0105126 A:0.0172709
-2832.2662 235.95888
F:0.0537457 G:0.121772
-989429.03 235.95888
F:0.0537457 (G:0.121772,E:0.121662):0.0388862
-528689.42 235.95888
F:0.0537457 E:0.121662
-989429.03 235.95888
F:0.0537457 A:0.0172709
-38796.275 235.95888
D:0.119767 F:0.0537457
-528689.42 235.95888
D:0.119767 E:0.121662
-26531.935 235.95888
A:0.0172709 B:0.0105126
-2832.2662 235.95888
A:0.0172709 D:0.119767
-893624.18 235.95888
Targeting migration to vicinity of:
D E
G F
D A
B D

G F
D E
F G
E D
G F
E D
Trying D E
(F:0.0537457,(D:0.119767,(G:0.121772,E:0.121662):0.0388862):0.116067):0.0222317 E:0.121662
1->2 3.8719494e-07 235.95863 235.95888
p1->2 3.8719494e-07 235.95855 235.95888
D:0.119767 E:0.121662
1->2 0.0057424628 236.65766 235.95888
2->1 0.39786881 236.65766 236.65766
p1->2 4.0751289e-05 235.95886 236.65766
((G:0.12177,E:0.121673):0.0388877,D:0.119767):0.116067 E:0.121673
Trying E D
E:0.121673 D:0.119767
Trying F G
F:0.0537457 (G:0.12177,E:0.121673):0.0388877
1->2 0.39919356 236.50107 236.65766
2->1 0.0057424628 236.50107 236.65766
p1->2 4.0751289e-05 235.95887 236.65766
F:0.0537457 G:0.121772
1->2 0.0019156102 236.7578 236.65766
2->1 0.0034849585 236.481 236.7578
p1->2 0.0019631728 236.65766 236.7578
Trying G F
(E:0.121402,G:0.122511):0.0390769 F:0.0537457
G:0.122511 F:0.0537457
Migration added
Local updates around node 1: 0 ln(lk):236.7578 
Local updates around node 2: 0 ln(lk):236.7578 
Updates in migration position: 0 ln(lk):236.7578 
Switches in migration direction: 0 ln(lk):236.7578 
ln(likelihood):236.7578 
Targeting migration to vicinity of:
F E
D A
D C
B D

B D
C D
D A
E F
D B
D C
F E
A D
Trying A D
A:0.0172709 D:0.119647
1->2 0.0063318266 237.19877 236.7578
2->1 9.6598371e-05 236.76986 237.19877
p1->2 0.0063318266 237.19877 237.19877
p2->1 0.22485073 236.7578 237.19877
Trying B D
(B:0.0105126,C:0.0134881):1.88518e-06 D:0.119647
1->2 0.0063318266 237.19877 237.19877
2->1 0.00017765803 236.80237 237.19877
p2->1 0.43747017 236.75736 237.19877
B:0.0105126 D:0.119647
1->2 0.0049197529 237.16785 237.19877
2->1 5.6868579e-05 236.7649 237.19877
p2->1 3.0968394e-07 236.7578 237.19877
Trying C D
(C:0.0134881,B:0.0105126):0.00322302 D:0.119647
C:0.0134881 D:0.119647
1->2 0.0049197529 237.16785 237.19877
2->1 5.7404843e-05 236.76498 237.19877
p2->1 4.582233e-07 236.7578 237.19877
Trying D A
D:0.119647 A:0.0172709
Trying D B
D:0.119647 (B:0.0105126,C:0.0134881):0.00322302
D:0.119647 B:0.0105126
Trying D C
D:0.119647 (B:0.0105126,C:0.0134881):0.00322302
D:0.119647 C:0.0134881
Trying E F
E:0.121395 F:0.0537683
1->2 0.0036049047 237.19887 237.19877
2->1 0.00078653189 236.87058 237.19887
p1->2 0.021019453 237.19909 237.19887
p2->1 6.2255936e-07 236.7578 237.19909
Trying F E
F:0.0537684 E:0.121395
Migration added
Local updates around node 1: 0 ln(lk):237.19909 
Local updates around node 2: 0 ln(lk):237.19909 
Updates in migration position: 0 ln(lk):237.19909 
Switches in migration direction: 0 ln(lk):237.19909 
ln(likelihood):237.19909 
DONE.
