
TreeMix v. 1.13
$Revision: 231 $

npop:7 nsnp:17505003
Estimating covariance matrix in 14587 blocks of size 1200
SEED: 1607913222
Starting from:
((E:0.141515,G:0.141613):0.0913586,C:0.0913586);
Adding F [4/7]
ln(likelihood): -18470.204 
(C:0.0239246,((E:0.11691,G:0.116996):0.128055,F:0.0714066):0.0239246);
Adding A [5/7]
ln(likelihood): -5150.9862 
((F:0.0534244,(C:0.0160706,A:0.0150187):0.0150256):0.0764076,(E:0.131627,G:0.131703):0.0764076);
Adding B [6/7]
ln(likelihood): -7829.1816 
((F:0.0570621,(A:0.0203667,(C:0.016584,B:0.0136083):0.00644608):0.0245881):0.0785205,(E:0.116096,G:0.116162):0.0785205);
Adding D [7/7]
ln(likelihood): 213.42122 
((G:0.121772,((F:0.0537454,(A:0.0172711,(C:0.0134884,B:0.0105126):0.00644608):0.0222315):0.116071,D:0.119769):0.0388811):0.0608309,E:0.0608309);
Testing global rearrangements
G:0.121772 F:0.0537454
-156138.39 213.42122
G:0.121772 (F:0.0537454,(A:0.0172711,(C:0.0134884,B:0.0105126):0.00644608):0.0222315):0.116071
-4535.7629 213.42122
G:0.121772 A:0.0172711
-241487.18 213.42122
G:0.121772 (A:0.0172711,(C:0.0134884,B:0.0105126):0.00644608):0.0222315
-156138.39 213.42122
G:0.121772 C:0.0134884
-261964.97 213.42122
G:0.121772 (C:0.0134884,B:0.0105126):0.00644608
-241487.18 213.42122
G:0.121772 B:0.0105126
-261964.97 213.42122
F:0.0537454 A:0.0172711
-6786.6453 213.42122
F:0.0537454 C:0.0134884
-10000.715 213.42122
F:0.0537454 (C:0.0134884,B:0.0105126):0.00644608
-6786.6453 213.42122
F:0.0537454 B:0.0105126
-10000.715 213.42122
A:0.0172711 C:0.0134884
-349.39654 213.42122
A:0.0172711 B:0.0105126
-349.39654 213.42122
D:0.119769 A:0.0172711
-149271.6 213.42122
D:0.119769 E:0.0608309
-4535.7629 213.42122
E:0.0608309 G:0.121772
213.42122 213.42122
Targeting migration to vicinity of:
E D
G F
B D
A D

F G
G F
E D
G F
E D
Trying E D
E:0.0608309 D:0.119769
1->2 0.12586832 213.54455 213.42122
2->1 0.3970964 213.54455 213.54455
p2->1 0.999919 213.42122 213.54455
Trying F G
(F:0.0537454,(A:0.0172711,(C:0.0134884,B:0.0105126):0.00644608):0.0222315):0.116071 G:0.121772
1->2 0.056945603 213.54455 213.54455
2->1 0.016859977 213.54455 213.54455
p2->1 4.0751289e-05 213.42122 213.54455
F:0.0537454 G:0.121772
1->2 0.0019267334 213.56187 213.54455
2->1 0.0035051624 213.51272 213.56187
p2->1 0.0036258015 213.51666 213.56187
Trying G F
G:0.121772 ((A:0.0172711,(C:0.0134884,B:0.0105126):0.00644608):0.0217148,F:0.0546557):0.116576
G:0.121772 F:0.0546557
Migration added
Local updates around node 1: 0 ln(lk):213.56187 
Local updates around node 2: 0 ln(lk):213.56187 
Updates in migration position: 0 ln(lk):213.56187 
Switches in migration direction: 0 ln(lk):213.56187 
ln(likelihood):213.56187 
Targeting migration to vicinity of:
E F
B D
A D
C D

C D
A D
B D
C D
A D
B D
C D
A D
B D
E F
Trying A D
A:0.0172711 D:0.119648
1->2 0.0063318266 213.63983 213.56187
2->1 9.8076482e-05 213.56402 213.63983
p1->2 0.10146535 213.63983 213.63983
p2->1 6.2255936e-07 213.56187 213.63983
((C:0.0134884,B:0.0105126):0.00644602,A:0.0172712):0.022209 D:0.119648
2->1 0.003381049 213.63983 213.63983
p2->1 4.0751289e-05 213.56187 213.63983
Trying B D
((C:0.0134884,B:0.0105126):0.00644608,A:0.0172711):0.0222155 D:0.119648
B:0.0105126 D:0.119648
1->2 0.0049197529 213.6344 213.63983
2->1 5.7946159e-05 213.56312 213.63983
p1->2 0.0063318266 213.63983 213.63983
p2->1 6.2255936e-07 213.56187 213.63983
(C:0.0134883,B:0.0105127):0.00644612 D:0.119648
2->1 0.00018207697 213.56983 213.63983
p2->1 6.2255936e-07 213.56187 213.63983
Trying C D
(A:0.017271,(C:0.0134884,B:0.0105126):0.00644615):0.022209 D:0.119648
C:0.0134884 D:0.119648
1->2 0.0049197529 213.6344 213.63983
2->1 5.7946159e-05 213.56313 213.63983
p2->1 6.2255936e-07 213.56187 213.63983
(B:0.0105126,C:0.0134885):0.00644612 D:0.119648
Trying E F
E:0.0606967 F:0.0537679
1->2 0.0035920499 213.63984 213.63983
2->1 0.00080320082 213.58198 213.63984
p2->1 0.016859977 213.56144 213.63984
Migration added
Local updates around node 1: 0 ln(lk):213.63984 
Local updates around node 2: 0 ln(lk):213.63984 
Updates in migration position: 0 ln(lk):213.63984 
Switches in migration direction: 0 ln(lk):213.63984 
ln(likelihood):213.63986 
Targeting migration to vicinity of:
E D
G A
G C
G B

E D
G C
G A
G B
G C
G A
G B
G C
G A
G B
Trying E D
E:0.10791 D:0.119619
1->2 3.0968394e-07 213.63986 213.63986
2->1 0.099995285 213.63986 213.63986
p2->1 0.099995285 213.63986 213.63986
Trying G A
G:0.122509 A:0.0172711
1->2 3.8719494e-07 213.63986 213.63986
2->1 3.0968394e-07 213.63986 213.63986
p1->2 3.8719494e-07 213.63986 213.63986
p2->1 3.0968394e-07 213.63986 213.63986
G:0.122509 ((B:0.0105126,C:0.0134884):0.00644608,A:0.0172711):0.0218894
1->2 0.0008357527 213.63986 213.63986
p1->2 4.0751289e-05 213.63986 213.63986
p2->1 0.0008357527 213.63986 213.63986
Trying G B
G:0.122747 B:0.0105126
1->2 3.8719494e-07 213.63986 213.63986
2->1 3.0968394e-07 213.63986 213.63986
p1->2 3.8719494e-07 213.63986 213.63986
p2->1 3.0968394e-07 213.63986 213.63986
G:0.122509 (A:0.0172711,(C:0.0134884,B:0.0105126):0.00644608):0.0218894
G:0.122509 (C:0.0134884,B:0.0105126):0.00644608
1->2 3.8719494e-07 213.63986 213.63986
p1->2 3.8719494e-07 213.63986 213.63986
Trying G C
G:0.122509 C:0.0134884
1->2 3.8719494e-07 213.63986 213.63986
2->1 3.0968394e-07 213.63986 213.63986
p1->2 3.8719494e-07 213.63986 213.63986
G:0.122509 (A:0.0172711,(B:0.0105126,C:0.0134885):0.00644611):0.0218894
G:0.122509 (B:0.0105126,C:0.0134885):0.00644611
Migration added
Local updates around node 1: 0 ln(lk):213.63986 
Local updates around node 2: 0 ln(lk):213.63986 
Updates in migration position: 0 ln(lk):213.63986 
Switches in migration direction: 0 ln(lk):213.63986 
ln(likelihood):213.63986 
Targeting migration to vicinity of:
G D
E B
E A
C E

C E
A E
B E
E C
E A
E B
E C
E A
E B
G D
D G
Trying A E
A:0.0172711 E:0.0802463
1->2 9.7320128e-07 213.63986 213.63986
2->1 3.0968394e-07 213.63986 213.63986
p1->2 0.0008357527 213.63986 213.63986
((B:0.0105126,C:0.0134884):0.00644608,A:0.0172711):0.022043 E:0.0806326
2->1 6.2255936e-07 213.63986 213.63986
p1->2 0.099995285 213.63986 213.63986
Trying B E
((B:0.0105126,C:0.0134884):0.00644608,A:0.0172711):0.022043 E:0.118148
(B:0.0105126,C:0.0134884):0.00644608 E:0.118148
1->2 9.7320128e-07 213.63986 213.63986
2->1 3.0968394e-07 213.63986 213.63986
B:0.0105126 E:0.0802248
1->2 5.7831511e-07 213.63986 213.63986
2->1 3.0968394e-07 213.63986 213.63986
Trying C E
(A:0.0172711,(C:0.0134884,B:0.0105127):0.00644611):0.022043 E:0.0802356
(C:0.0134884,B:0.0105127):0.00644611 E:0.0802356
C:0.0134884 E:0.0802356
1->2 5.7831511e-07 213.63986 213.63986
2->1 3.0968394e-07 213.63986 213.63986
Trying D G
D:0.119619 G:0.118165
1->2 0.099995285 213.63986 213.63986
2->1 0.099995285 213.63986 213.63986
p2->1 0.099995285 213.63986 213.63986
Trying E A
E:0.0807897 A:0.0172711
E:0.0807897 (A:0.0172711,(B:0.0105126,C:0.0134884):0.00644608):0.022043
Trying E B
E:0.0807897 (A:0.0172711,(B:0.0105126,C:0.0134884):0.00644608):0.022043
E:0.0807897 (B:0.0105126,C:0.0134884):0.00644608
E:0.0807897 B:0.0105126
Trying E C
E:0.0807897 (A:0.0172711,(B:0.0105126,C:0.0134884):0.00644608):0.022043
E:0.0807897 (B:0.0105126,C:0.0134884):0.00644608
E:0.0807897 C:0.0134884
Trying G D
G:0.117622 D:0.153108
Migration added
Local updates around node 1: 0 ln(lk):213.63986 
Local updates around node 2: 0 ln(lk):213.63986 
Updates in migration position: 0 ln(lk):213.63986 
Switches in migration direction: 0 ln(lk):213.63986 
ln(likelihood):213.63986 
Targeting migration to vicinity of:
E B
G A
C A
A A

C A
A C
A A
C A
A C
A A
G A
E B
G A
E B
Trying A A
A:0.0172711 A:0.0172711
p1->2 0.0012983129 213.63986 213.63986
Trying A C
A:0.017316 (B:0.0105126,C:0.0134884):0.00644608
1->2 0.0012983129 213.63986 213.63986
2->1 0.0012983129 213.63986 213.63986
p1->2 0.0012983129 213.63986 213.63986
A:0.0172711 C:0.0134884
1->2 0.0012983129 213.63986 213.63986
2->1 0.0012983129 213.63986 213.63986
p1->2 0.0012983129 213.63986 213.63986
Trying C A
(B:0.0105043,C:0.0135319):0.00645446 A:0.0172711
C:0.0135319 A:0.0172711
Trying E B
E:0.07975 B:0.0105043
1->2 3.0968394e-07 213.63986 213.63986
2->1 9.7320128e-07 213.63986 213.63986
p2->1 6.2716344e-06 213.63986 213.63986
Trying G A
G:0.118164 A:0.0172711
1->2 3.8719494e-07 213.63986 213.63986
2->1 3.0968394e-07 213.63986 213.63986
p1->2 3.8719494e-07 213.63986 213.63986
p2->1 3.2717654e-07 213.63986 213.63986
ln(likelihood):213.63986 
DONE.
