
TreeMix v. 1.13
$Revision: 231 $

npop:7 nsnp:17505003
Estimating covariance matrix in 6732 blocks of size 2600
SEED: 1607913222
Starting from:
((E:0.141514,G:0.141612):0.0913571,C:0.0913571);
Adding F [4/7]
ln(likelihood): -8603.8624 
(C:0.0239249,((E:0.116911,G:0.116997):0.12805,F:0.0714067):0.0239249);
Adding A [5/7]
ln(likelihood): -2347.3875 
((F:0.0534243,(C:0.0160716,A:0.0150189):0.0150264):0.0764063,(E:0.131626,G:0.131702):0.0764063);
Adding B [6/7]
ln(likelihood): -3592.994 
((F:0.0570616,(A:0.020367,(C:0.0165849,B:0.013609):0.00644631):0.0245885):0.0785191,(E:0.116095,G:0.116161):0.0785191);
Adding D [7/7]
ln(likelihood): 202.90994 
((G:0.121773,((F:0.0537443,(A:0.0172709,(C:0.0134888,B:0.0105129):0.00644631):0.0222313):0.116079,D:0.119772):0.03887):0.0608314,E:0.0608314);
Testing global rearrangements
G:0.121773 F:0.0537443
-72536.243 202.90994
G:0.121773 (F:0.0537443,(A:0.0172709,(C:0.0134888,B:0.0105129):0.00644631):0.0222313):0.116079
-2004.4849 202.90994
G:0.121773 A:0.0172709
-112383.67 202.90994
G:0.121773 (A:0.0172709,(C:0.0134888,B:0.0105129):0.00644631):0.0222313
-72536.243 202.90994
G:0.121773 C:0.0134888
-121979.74 202.90994
G:0.121773 (C:0.0134888,B:0.0105129):0.00644631
-112383.67 202.90994
G:0.121773 B:0.0105129
-121979.74 202.90994
F:0.0537443 A:0.0172709
-3057.0602 202.90994
F:0.0537443 C:0.0134888
-4557.4109 202.90994
F:0.0537443 (C:0.0134888,B:0.0105129):0.00644631
-3057.0602 202.90994
F:0.0537443 B:0.0105129
-4557.4109 202.90994
A:0.0172709 C:0.0134888
-59.944411 202.90994
A:0.0172709 B:0.0105129
-59.944411 202.90994
D:0.119772 A:0.0172709
-69349.808 202.90994
D:0.119772 E:0.0608314
-2004.4849 202.90994
E:0.0608314 G:0.121773
202.90994 202.90994
Targeting migration to vicinity of:
E D
G F
A D
B D

F G
G F
E D
G F
E D
Trying E D
E:0.0608314 D:0.119772
1->2 0.099995285 202.96728 202.90994
2->1 0.078036837 202.96728 202.96728
p2->1 0.999919 202.90994 202.96728
Trying F G
(F:0.0537443,(A:0.0172709,(C:0.0134888,B:0.0105129):0.00644631):0.0222313):0.116079 G:0.121773
1->2 0.099995285 202.96728 202.96728
2->1 0.051593695 202.96728 202.96728
p2->1 4.0751289e-05 202.90994 202.96728
F:0.0537443 G:0.121773
1->2 0.0019267334 202.97531 202.96728
2->1 0.0035051624 202.95244 202.97531
p2->1 0.0036258015 202.95429 202.97531
Trying G F
G:0.121773 ((A:0.0172709,(C:0.0134888,B:0.0105129):0.00644631):0.0217146,F:0.0546546):0.116584
G:0.121773 F:0.0546546
Migration added
Local updates around node 1: 0 ln(lk):202.97531 
Local updates around node 2: 0 ln(lk):202.97531 
Updates in migration position: 0 ln(lk):202.97531 
Switches in migration direction: 0 ln(lk):202.97531 
ln(likelihood):202.97531 
Targeting migration to vicinity of:
E F
A D
B D
C D

C D
A D
B D
C D
A D
B D
C D
A D
B D
E F
Trying A D
A:0.0172709 D:0.119651
1->2 0.0063318266 203.01155 202.97531
2->1 9.8076482e-05 202.97631 203.01155
p1->2 0.099995285 203.01155 203.01155
p2->1 6.2255936e-07 202.97531 203.01155
((C:0.0134888,B:0.0105129):0.00644625,A:0.017271):0.0222088 D:0.119651
2->1 0.003381049 203.01155 203.01155
p2->1 4.0751289e-05 202.97531 203.01155
Trying B D
((C:0.0134888,B:0.0105129):0.00644631,A:0.0172709):0.0222153 D:0.119651
B:0.0105129 D:0.119651
1->2 0.0049197529 203.00903 203.01155
2->1 5.7946159e-05 202.97589 203.01155
p1->2 0.0063318266 203.01155 203.01155
p2->1 6.2255936e-07 202.97531 203.01155
(C:0.0134887,B:0.0105129):0.00644635 D:0.119651
2->1 0.00018207697 202.97901 203.01155
p2->1 6.2255936e-07 202.97531 203.01155
Trying C D
(A:0.0172708,(C:0.0134888,B:0.0105129):0.00644638):0.0222088 D:0.119651
C:0.0134888 D:0.119651
1->2 0.0049197529 203.00903 203.01155
2->1 5.7946159e-05 202.9759 203.01155
p2->1 6.2255936e-07 202.97531 203.01155
(B:0.0105128,C:0.0134889):0.00644635 D:0.119651
Trying E F
E:0.0606972 F:0.0537669
1->2 0.0036049047 203.01156 203.01155
2->1 0.00080320082 202.98464 203.01156
p2->1 0.016859977 202.97511 203.01156
Migration added
Local updates around node 1: 0 ln(lk):203.01156 
Local updates around node 2: 0 ln(lk):203.01156 
Updates in migration position: 0 ln(lk):203.01156 
Switches in migration direction: 0 ln(lk):203.01156 
ln(likelihood):203.01157 
Targeting migration to vicinity of:
G D
E B
E A
C E

C E
A E
B E
E C
E A
E B
E C
E A
E B
G D
D G
Trying A E
A:0.0172709 E:0.108015
1->2 3.0968394e-07 203.01157 203.01157
2->1 3.0968394e-07 203.01157 203.01157
p1->2 3.0968394e-07 203.01157 203.01157
((B:0.0105129,C:0.0134888):0.00644631,A:0.0172709):0.0218883 E:0.108016
2->1 3.0968394e-07 203.01157 203.01157
p1->2 0.0008357527 203.01157 203.01157
Trying B E
B:0.0105129 E:0.10824
1->2 3.0968394e-07 203.01157 203.01157
2->1 3.0968394e-07 203.01157 203.01157
p1->2 3.0968394e-07 203.01157 203.01157
(A:0.0172709,(C:0.0134888,B:0.0105129):0.00644631):0.0218883 E:0.108015
(C:0.0134888,B:0.0105129):0.00644631 E:0.108015
2->1 3.0968394e-07 203.01157 203.01157
Trying C E
C:0.0134888 E:0.108012
1->2 3.0968394e-07 203.01157 203.01157
2->1 3.0968394e-07 203.01157 203.01157
(A:0.0172708,(B:0.0105128,C:0.0134888):0.00644633):0.0218883 E:0.108013
(B:0.0105128,C:0.0134888):0.00644633 E:0.108013
Trying D G
D:0.119623 G:0.12251
1->2 0.099995285 203.01157 203.01157
2->1 0.099995285 203.01157 203.01157
p2->1 4.0751289e-05 203.01157 203.01157
Trying E A
E:0.108015 A:0.0172709
E:0.108015 (A:0.0172709,(B:0.0105129,C:0.0134888):0.00644631):0.0218883
Trying E B
E:0.108015 B:0.0105129
E:0.108015 (A:0.0172709,(B:0.0105129,C:0.0134888):0.00644631):0.0218883
E:0.108015 (B:0.0105129,C:0.0134888):0.00644631
Trying E C
E:0.108015 C:0.0134888
E:0.108015 (A:0.0172709,(B:0.0105129,C:0.0134888):0.00644631):0.0218883
E:0.108015 (B:0.0105129,C:0.0134888):0.00644631
Trying G D
G:0.12251 D:0.119634
Migration added
Local updates around node 1: 0 ln(lk):203.01157 
Local updates around node 2: 0 ln(lk):203.01157 
Updates in migration position: 0 ln(lk):203.01157 
Switches in migration direction: 0 ln(lk):203.01157 
ln(likelihood):203.01157 
Targeting migration to vicinity of:
G G
G G
G G
G G

ln(likelihood):203.01157 
Targeting migration to vicinity of:
G G
G G
G G
G G

ln(likelihood):203.01157 
DONE.
