
TreeMix v. 1.13
$Revision: 231 $

npop:7 nsnp:17505003
Estimating covariance matrix in 12503 blocks of size 1400
SEED: 1607913084
Starting from:
(D:0.12622,(A:0,C:0):0.12622);
Adding G [4/7]
ln(likelihood): -2806.0974 
((A:0.012718,C:0.0134716):0.0681954,(D:0.129139,G:0.158508):0.0681954);
Adding F [5/7]
ln(likelihood): -1269.3843 
((D:0.124198,G:0.155334):0.058549,((A:0.0174841,C:0.0185361):0.0199843,F:0.0584043):0.058549);
Adding B [6/7]
ln(likelihood): -2727.5531 
((D:0.120608,((A:0.0172985,(C:0.0135159,B:0.0105401):0.00644611):0.0222127,F:0.0537821):0.113803):0.0832827,G:0.0832827);
Adding E [7/7]
ln(likelihood): 211.34616 
((D:0.119769,((A:0.017271,(C:0.0134885,B:0.0105126):0.00644611):0.0222314,F:0.0537453):0.116073):0.0194397,(G:0.121772,E:0.121662):0.0194397);
Testing global rearrangements
D:0.119769 A:0.017271
-128189.43 211.34616
D:0.119769 (A:0.017271,(C:0.0134885,B:0.0105126):0.00644611):0.0222314
-79537.603 211.34616
D:0.119769 C:0.0134885
-139684.29 211.34616
D:0.119769 (C:0.0134885,B:0.0105126):0.00644611
-128189.43 211.34616
D:0.119769 B:0.0105126
-139684.29 211.34616
D:0.119769 E:0.121662
-3867.0561 211.34616
A:0.017271 D:0.119769
-137004.34 211.34616
A:0.017271 C:0.0134885
-272.59709 211.34616
A:0.017271 B:0.0105126
-272.59709 211.34616
F:0.0537453 A:0.017271
-5803.0959 211.34616
F:0.0537453 G:0.121772
-150624.53 211.34616
F:0.0537453 (G:0.121772,E:0.121662):0.0194397
-79537.603 211.34616
F:0.0537453 E:0.121662
-150624.53 211.34616
G:0.121772 D:0.119769
-3867.0561 211.34616
Targeting migration to vicinity of:
D E
G F
D B
D A

D E
F G
G F
E D
Trying D E
D:0.119769 E:0.121662
1->2 0.016859977 211.45207 211.34616
2->1 0.016979244 211.45207 211.45207
p1->2 0.00053671375 211.34616 211.45207
p2->1 0.099995285 211.34616 211.45207
Trying E D
E:0.121662 D:0.147862
Trying F G
((A:0.017271,(C:0.0134885,B:0.0105126):0.00644611):0.0222314,F:0.0537453):0.116073 G:0.121772
1->2 0.12586832 211.45207 211.45207
2->1 0.17986722 211.45207 211.45207
p1->2 4.0751289e-05 211.34616 211.45207
p2->1 0.0008357527 211.34616 211.45207
F:0.0537453 G:0.121772
1->2 0.0019267334 211.46693 211.45207
2->1 0.0035051624 211.42471 211.46693
p2->1 0.096514925 211.4281 211.46693
F:0.0796734 (E:0.121662,G:0.121772):0.038185
1->2 0.017555457 211.4281 211.46693
p1->2 0.0008357527 211.34616 211.46693
Trying G F
G:0.121772 ((A:0.017271,(C:0.0134885,B:0.0105126):0.00644611):0.0222314,F:0.0537453):0.116073
G:0.121772 F:0.0537453
(E:0.121662,G:0.121772):0.0194722 F:0.0537453
Migration added
Local updates around node 1: 0 ln(lk):211.46693 
Local updates around node 2: 0 ln(lk):211.46693 
Updates in migration position: 0 ln(lk):211.46693 
Switches in migration direction: 0 ln(lk):211.46693 
ln(likelihood):211.46693 
Targeting migration to vicinity of:
F E
D B
D A
D C

D A
D C
D B
D A
D C
D B
D A
D C
D B
F E
Trying D A
D:0.119649 A:0.017271
1->2 9.8076482e-05 211.46878 211.46693
2->1 0.0063318266 211.53388 211.46878
p1->2 6.2255936e-07 211.46693 211.53388
p2->1 0.099995285 211.53388 211.53388
D:0.162189 ((C:0.0134885,B:0.0105126):0.00644611,A:0.017271):0.0222779
1->2 0.0026463708 211.53388 211.53388
p1->2 4.0751289e-05 211.46693 211.53388
Trying D B
D:0.119649 (C:0.0134885,B:0.0105126):0.00644611
1->2 0.00017933312 211.47377 211.53388
2->1 0.0063318266 211.53388 211.53388
p1->2 6.2255936e-07 211.46693 211.53388
D:0.119649 B:0.0105126
1->2 5.7946159e-05 211.468 211.53388
2->1 0.0049197529 211.52922 211.53388
p1->2 6.2255936e-07 211.46693 211.53388
D:0.119649 (A:0.017271,(C:0.0134884,B:0.0105127):0.00644615):0.0222089
Trying D C
D:0.119649 (C:0.0134884,B:0.0105127):0.00644615
D:0.119649 C:0.0134884
1->2 5.7946159e-05 211.46802 211.53388
2->1 0.0049197529 211.52922 211.53388
p1->2 6.2255936e-07 211.46693 211.53388
D:0.119649 (A:0.017271,(B:0.0105126,C:0.0134886):0.00644615):0.0222089
Trying F E
F:0.0537678 E:0.121394
1->2 0.00080320082 211.48419 211.53388
2->1 0.0035920499 211.53389 211.53388
p1->2 0.3970964 211.46656 211.53389
p2->1 0.015326404 211.5339 211.53389
Migration added
Local updates around node 1: 0 ln(lk):211.5339 
Local updates around node 2: 0 ln(lk):211.5339 
Updates in migration position: 0 ln(lk):211.5339 
Switches in migration direction: 0 ln(lk):211.5339 
ln(likelihood):211.5339 
Targeting migration to vicinity of:
D G
A E
B E
C E

A E
C E
B E
A E
C E
B E
A E
C E
B E
D G
Trying A E
(A:0.017271,(B:0.0105126,C:0.0134885):0.00644611):0.0205289 E:0.121404
1->2 3.0968394e-07 211.5339 211.5339
2->1 0.0008357527 211.5339 211.5339
p1->2 0.0008357527 211.5339 211.5339
p2->1 0.0008357527 211.5339 211.5339
A:0.017271 E:0.121404
1->2 3.0968394e-07 211.5339 211.5339
2->1 3.0968394e-07 211.5339 211.5339
p2->1 3.0968394e-07 211.5339 211.5339
Trying B E
(B:0.0105126,C:0.0134885):0.00644608 E:0.121404
1->2 3.0968394e-07 211.5339 211.5339
2->1 3.0968394e-07 211.5339 211.5339
p2->1 3.0968394e-07 211.5339 211.5339
B:0.0105126 E:0.121404
1->2 3.0968394e-07 211.5339 211.5339
2->1 3.0968394e-07 211.5339 211.5339
p2->1 3.0968394e-07 211.5339 211.5339
(A:0.017271,(C:0.0134885,B:0.0105127):0.00644613):0.020529 E:0.121404
Trying C E
(C:0.0134885,B:0.0105127):0.00644613 E:0.121404
C:0.0134885 E:0.121404
1->2 3.0968394e-07 211.5339 211.5339
2->1 3.0968394e-07 211.5339 211.5339
p2->1 3.0968394e-07 211.5339 211.5339
(A:0.017271,(B:0.0105126,C:0.0134885):0.00644613):0.020529 E:0.121404
Trying D G
D:0.11962 G:0.122503
1->2 0.099995285 211.5339 211.5339
2->1 0.0008357527 211.5339 211.5339
p1->2 0.099995285 211.5339 211.5339
p2->1 0.099995285 211.5339 211.5339
Migration added
Local updates around node 1: 0 ln(lk):211.5339 
Local updates around node 2: 0 ln(lk):211.5339 
Updates in migration position: 0 ln(lk):211.5339 
Switches in migration direction: 0 ln(lk):211.5339 
ln(likelihood):211.5339 
Targeting migration to vicinity of:
A B
A E
D B
B B

A A
A C
A B
C A
C B
B A
B C
B B
A E
B E
A A
A C
A B
C A
C B
B A
B C
B B
D B
Trying A A
A:0.017271 A:0.017271
p1->2 1.789998e-06 211.5339 211.5339
Trying A B
A:0.0172711 (B:0.0105126,C:0.0134885):0.00644611
p1->2 1.789998e-06 211.5339 211.5339
A:0.017271 B:0.0105126
1->2 0.0012983129 211.5339 211.5339
2->1 0.0012983129 211.5339 211.5339
p1->2 1.789998e-06 211.5339 211.5339
(D:0.119587,(F:0.0568657,((C:0.0134885,B:0.0105127):0.00644613,A:0.017271):0.0206639):0.118008):0.00638225 B:0.0105127
1->2 3.8719494e-07 211.5339 211.5339
(F:0.0568656,((C:0.0134885,B:0.0105127):0.00644614,A:0.017271):0.0206639):0.118008 B:0.0105127
1->2 4.4451434e-07 211.5339 211.5339
((C:0.0134885,B:0.0105127):0.00644612,A:0.017271):0.0206639 (C:0.0134885,B:0.0105127):0.00644612
p1->2 2.0357863e-06 211.5339 211.5339
((C:0.0134885,B:0.0105126):0.00644618,A:0.017271):0.0206639 B:0.0105126
Trying A C
A:0.017271 C:0.0134885
1->2 0.0012983129 211.5339 211.5339
2->1 0.0012983129 211.5339 211.5339
p1->2 1.789998e-06 211.5339 211.5339
A:0.017271 (B:0.0105126,C:0.0134885):0.00644613
((B:0.0105126,C:0.0134885):0.00644613,A:0.017271):0.0206639 C:0.0134885
p1->2 4.4451434e-07 211.5339 211.5339
((B:0.0105126,C:0.0134885):0.00644612,A:0.017271):0.0206639 (B:0.0105126,C:0.0134885):0.00644612
Trying A E
A:0.017271 E:0.121404
1->2 1.9748804e-06 211.5339 211.5339
2->1 3.0968394e-07 211.5339 211.5339
p1->2 1.9748804e-06 211.5339 211.5339
p2->1 3.0968394e-07 211.5339 211.5339
Trying B A
(B:0.0105126,C:0.0134885):0.00644608 A:0.0172711
B:0.0105126 A:0.0172711
Trying B B
(D:0.119587,(F:0.0568656,((B:0.0105126,C:0.0134885):0.00644608,A:0.0172711):0.0206639):0.118008):0.0063823 B:0.0105126
(F:0.0568656,((B:0.0105126,C:0.0134885):0.00644608,A:0.0172711):0.0206639):0.118008 B:0.0105126
B:0.0105126 B:0.0105126
p1->2 0.0012983129 211.5339 211.5339
(A:0.017271,(B:0.01054,C:0.0134885):0.00644611):0.0206639 (B:0.01054,C:0.0134885):0.00644611
(A:0.017271,(B:0.01054,C:0.0134885):0.00644611):0.0206639 B:0.01054
Trying B C
(B:0.01054,C:0.0134885):0.00644611 C:0.0134885
1->2 0.0012983129 211.5339 211.5339
B:0.0105126 C:0.0135236
(A:0.017271,(B:0.0105126,C:0.0135236):0.00644611):0.0206639 C:0.0135236
(A:0.017271,(B:0.0105126,C:0.0135236):0.00644611):0.0206639 (B:0.0105126,C:0.0135236):0.00644611
Trying B E
B:0.0105126 E:0.121404
1->2 3.0968394e-07 211.5339 211.5339
2->1 3.0968394e-07 211.5339 211.5339
p1->2 1.9748804e-06 211.5339 211.5339
p2->1 3.0968394e-07 211.5339 211.5339
Trying C A
C:0.0134885 A:0.017271
(C:0.0134885,B:0.0105127):0.00644613 A:0.017271
Trying C B
C:0.0134885 B:0.0105127
(D:0.119587,(F:0.0568656,(A:0.017271,(C:0.0134885,B:0.0105127):0.00644613):0.0206639):0.118008):0.0063823 B:0.0105127
(F:0.0568656,(A:0.017271,(C:0.0134885,B:0.0105127):0.00644613):0.0206639):0.118008 B:0.0105127
(A:0.017271,(C:0.0134885,B:0.0105127):0.00644613):0.0206639 (C:0.0134885,B:0.0105127):0.00644613
(A:0.017271,(C:0.0134885,B:0.0105127):0.00644613):0.0206639 B:0.0105127
Trying D B
(D:0.119587,(F:0.0568656,(A:0.017271,(C:0.0134885,B:0.0105127):0.00644613):0.0206639):0.118008):0.0063823 B:0.0105127
D:0.119587 B:0.0105127
1->2 3.8719494e-07 211.5339 211.5339
2->1 3.0968394e-07 211.5339 211.5339
p2->1 0.0008357527 211.5339 211.5339
ln(likelihood):211.5339 
DONE.
