
TreeMix v. 1.13
$Revision: 231 $

npop:7 nsnp:17505003
Estimating covariance matrix in 4376 blocks of size 4000
SEED: 1607912949
Starting from:
((E:0.141668,G:0.141766):0.0907677,A:0.0907677);
Adding C [4/7]
ln(likelihood): -5031.2736 
((E:0.1369,G:0.136986):0.0878446,(A:0.00131505,C:0.00206889):0.0878446);
Adding B [5/7]
ln(likelihood): -48.6317 
((E:0.125152,G:0.125227):0.0883801,(A:0.0164729,(C:0.0133647,B:0.0103889):0.00509801):0.0883801);
Adding F [6/7]
ln(likelihood): -2298.0043 
((E:0.116096,G:0.116162):0.0785199,((A:0.0203667,(C:0.0165844,B:0.0136086):0.00644613):0.0245882,F:0.057062):0.0785199);
Adding D [7/7]
ln(likelihood): 196.98233 
(((A:0.0172709,(C:0.0134885,B:0.0105128):0.00644613):0.0222314,F:0.0537451):0.0580369,((E:0.121663,G:0.121772):0.0388772,D:0.11977):0.0580369);
Testing global rearrangements
A:0.0172709 ((A:0.0172709,(C:0.0134885,B:0.0105128):0.00644613):0.0222314,F:0.0537451):0.0580369
-1928.4612 196.98233
A:0.0172709 G:0.121772
-85281.911 196.98233
A:0.0172709 D:0.11977
-48277.995 196.98233
C:0.0134885 A:0.0172709
25.447856 196.98233
F:0.0537451 A:0.0172709
-1928.4612 196.98233
F:0.0537451 E:0.121663
-53036.921 196.98233
F:0.0537451 (E:0.121663,G:0.121772):0.0388772
-27914.937 196.98233
F:0.0537451 G:0.121772
-53036.921 196.98233
E:0.121663 D:0.11977
-1242.1259 196.98233
D:0.11977 A:0.0172709
-45133.739 196.98233
D:0.11977 (A:0.0172709,(C:0.0134885,B:0.0105128):0.00644613):0.0222314
-27914.937 196.98233
D:0.11977 C:0.0134885
-49223.035 196.98233
D:0.11977 (C:0.0134885,B:0.0105128):0.00644613
-45133.739 196.98233
D:0.11977 B:0.0105128
-49223.035 196.98233
D:0.11977 ((A:0.0172709,(C:0.0134885,B:0.0105128):0.00644613):0.0222314,F:0.0537451):0.0580369
196.98233 196.98233
D:0.11977 F:0.0537451
-27914.937 196.98233
Targeting migration to vicinity of:
E D
G F
B D
A D

F G
E D
D E
G F
Trying D E
D:0.11977 E:0.121663
1->2 0.016859977 197.0197 196.98233
2->1 0.016859977 197.0197 197.0197
p1->2 4.0751289e-05 196.98233 197.0197
Trying E D
E:0.121674 D:0.11977
Trying F G
((A:0.0172709,(C:0.0134885,B:0.0105128):0.00644613):0.0222314,F:0.0537451):0.0580369 G:0.121771
1->2 0.3970964 197.0197 197.0197
2->1 0.0053747296 197.0197 197.0197
p2->1 0.99775207 196.98233 197.0197
F:0.0537451 G:0.121772
1->2 0.0019267334 197.02493 197.0197
2->1 0.0035051624 197.01001 197.02493
p2->1 0.051593695 197.01123 197.02493
F:0.0665106 (E:0.121663,G:0.121772):0.0389124
1->2 0.078036837 197.01123 197.02493
p1->2 0.091048792 196.98233 197.02493
p2->1 0.0008357527 196.98233 197.02493
Trying G F
G:0.121772 ((A:0.0172709,(C:0.0134885,B:0.0105128):0.00644613):0.0222314,F:0.053835):0
G:0.121772 F:0.053835
(E:0.121663,G:0.121772):0.0388772 F:0.053835
Migration added
Local updates around node 1: 0 ln(lk):197.02493 
Local updates around node 2: 0 ln(lk):197.02493 
Updates in migration position: 0 ln(lk):197.02493 
Switches in migration direction: 0 ln(lk):197.02493 
ln(likelihood):197.02493 
Targeting migration to vicinity of:
E F
B D
A D
C D

A D
C D
B D
F E
A D
C D
B D
A D
C D
B D
E F
D A
Trying A D
(A:0.0172709,(C:0.0134885,B:0.0105128):0.00644613):0.0222088 D:0.119649
1->2 0.099995285 197.04855 197.02493
2->1 0.0026463708 197.04855 197.04855
p1->2 0.099995285 197.02493 197.04855
p2->1 0.099995285 197.02493 197.04855
A:0.0172709 D:0.119649
1->2 0.0063318266 197.04855 197.04855
2->1 9.8076482e-05 197.02558 197.04855
p2->1 0.099995285 197.02493 197.04855
Trying B D
(C:0.0134885,B:0.0105128):0.00397861 D:0.119649
1->2 0.0063318266 197.04855 197.04855
2->1 0.00017933312 197.02734 197.04855
p2->1 0.099995285 197.02493 197.04855
B:0.0105128 D:0.119649
1->2 0.0049197529 197.0469 197.04855
2->1 5.7946159e-05 197.0253 197.04855
p2->1 3.6306955e-07 197.02493 197.04855
(A:0.0172709,(C:0.0134885,B:0.0105128):0.00644614):0.0222088 D:0.119649
Trying C D
(C:0.0134885,B:0.0105128):0.00644614 D:0.119649
(A:0.0172709,(C:0.0134885,B:0.0105128):0.00644614):0.0222088 D:0.119649
C:0.0134885 D:0.119649
1->2 0.0049197529 197.0469 197.04855
2->1 5.7946159e-05 197.02531 197.04855
p2->1 4.7680956e-07 197.02493 197.04855
Trying D A
D:0.119649 (A:0.0172709,(B:0.0105127,C:0.0134886):0.00644614):0.0222088
D:0.119649 A:0.0172709
Trying E F
E:0.121394 F:0.0537677
1->2 0.0035920499 197.04855 197.04855
2->1 0.00079855864 197.03101 197.04855
p1->2 0.015326404 197.04855 197.04855
p2->1 0.099995285 197.02479 197.04855
Trying F E
F:0.0537686 E:0.154704
Migration added
Local updates around node 1: 0 ln(lk):197.04855 
Local updates around node 2: 0 ln(lk):197.04855 
Updates in migration position: 0 ln(lk):197.04855 
Switches in migration direction: 0 ln(lk):197.04855 
ln(likelihood):197.04855 
Targeting migration to vicinity of:
G D
E B
A E
E C

A E
C E
B E
E A
E C
E B
E A
E C
E B
G D
D G
Trying A E
(A:0.0172709,(B:0.0105128,C:0.0134885):0.00644613):0.0205289 E:0.121405
1->2 3.0968394e-07 197.04855 197.04855
2->1 0.0008357527 197.04855 197.04855
p1->2 0.0008357527 197.04855 197.04855
p2->1 0.0008357527 197.04855 197.04855
A:0.0172709 E:0.121405
1->2 3.0968394e-07 197.04855 197.04855
2->1 3.0968394e-07 197.04855 197.04855
p2->1 3.0968394e-07 197.04855 197.04855
Trying B E
(B:0.0105128,C:0.0134885):0.0064461 E:0.121405
1->2 3.0968394e-07 197.04855 197.04855
2->1 3.0968394e-07 197.04855 197.04855
p2->1 3.0968394e-07 197.04855 197.04855
B:0.0105128 E:0.121405
1->2 3.0968394e-07 197.04855 197.04855
2->1 3.0968394e-07 197.04855 197.04855
p2->1 3.0968394e-07 197.04855 197.04855
(A:0.0172709,(C:0.0134885,B:0.0105128):0.00644615):0.0205289 E:0.121405
Trying C E
(C:0.0134885,B:0.0105128):0.00644615 E:0.121405
(A:0.0172709,(C:0.0134885,B:0.0105128):0.00644615):0.0205289 E:0.121405
C:0.0134885 E:0.121405
1->2 3.0968394e-07 197.04855 197.04855
2->1 3.0968394e-07 197.04855 197.04855
p2->1 3.0968394e-07 197.04855 197.04855
Trying D G
D:0.119621 G:0.122503
1->2 0.099995285 197.04855 197.04855
2->1 0.0008357527 197.04855 197.04855
p1->2 4.0751289e-05 197.04855 197.04855
p2->1 0.099995285 197.04855 197.04855
Trying E A
E:0.121405 (A:0.0172709,(B:0.0105128,C:0.0134885):0.00644613):0.0205295
E:0.121405 A:0.0172709
Trying E B
E:0.121405 (B:0.0105128,C:0.0134885):0.00644613
E:0.121405 B:0.0105128
E:0.121405 (A:0.0172709,(B:0.0105128,C:0.0134885):0.00644613):0.0205295
Trying E C
E:0.121405 (B:0.0105128,C:0.0134885):0.00644613
E:0.121405 (A:0.0172709,(B:0.0105128,C:0.0134885):0.00644613):0.0205295
E:0.121405 C:0.0134885
Trying G D
G:0.122503 D:0.149002
Migration added
Local updates around node 1: 0 ln(lk):197.04855 
Local updates around node 2: 0 ln(lk):197.04855 
Updates in migration position: 0 ln(lk):197.04855 
Switches in migration direction: 0 ln(lk):197.04855 
ln(likelihood):197.04855 
DONE.
