
TreeMix v. 1.13
$Revision: 231 $

npop:7 nsnp:17505003
Estimating covariance matrix in 29175 blocks of size 600
SEED: 1607913359
Starting from:
(B:0.0898215,(G:0.142442,E:0.142344):0.0898215);
Adding A [4/7]
ln(likelihood): -32679.169 
((G:0.137129,E:0.137042):0.08765,(B:0,A:0.00145568):0.08765);
Adding D [5/7]
ln(likelihood): -5015.8633 
((A:0.0220156,((G:0.120966,E:0.120832):0.0389073,D:0.118942):0.132627):0.0104552,B:0.0104552);
Adding C [6/7]
ln(likelihood): -6776.4299 
((A:0.0205906,((G:0.120756,E:0.120634):0.038915,D:0.118735):0.135732):0.00322117,(B:0.0145008,C:0.0174762):0.00322117);
Adding F [7/7]
ln(likelihood): 222.57884 
(C:0.00674404,(B:0.0105126,(A:0.0172709,(((G:0.121772,E:0.121662):0.0388862,D:0.119767):0.116067,F:0.0537457):0.0222317):0.00644603):0.00674404);
Testing global rearrangements
C:0.00674404 A:0.0172709
-880.52503 222.57884
C:0.00674404 G:0.121772
-585323.44 222.57884
C:0.00674404 D:0.119767
-336791.98 222.57884
C:0.00674404 F:0.0537457
-19205.592 222.57884
B:0.0105126 C:0.00674404
222.57884 222.57884
A:0.0172709 C:0.00674404
-880.52503 222.57884
A:0.0172709 G:0.121772
-553585.93 222.57884
A:0.0172709 D:0.119767
-314566.37 222.57884
A:0.0172709 F:0.0537457
-13564.426 222.57884
G:0.121772 ((G:0.121772,E:0.121662):0.0388862,D:0.119767):0.116067
-9154.6152 222.57884
G:0.121772 F:0.0537457
-308268.87 222.57884
D:0.119767 G:0.121772
-9154.6152 222.57884
F:0.0537457 C:0.00674404
-19869.453 222.57884
F:0.0537457 B:0.0105126
-19869.453 222.57884
F:0.0537457 A:0.0172709
-13564.426 222.57884
F:0.0537457 D:0.119767
-183549.02 222.57884
DONE.
