
TreeMix v. 1.13
$Revision: 231 $

npop:7 nsnp:17505003
Estimating covariance matrix in 10940 blocks of size 1600
SEED: 1607912949
Starting from:
((E:0.141668,G:0.141766):0.0907677,A:0.0907677);
Adding C [4/7]
ln(likelihood): -12549.828 
((E:0.1369,G:0.136986):0.0878446,(A:0.00131505,C:0.00206889):0.0878446);
Adding B [5/7]
ln(likelihood): -272.35591 
((E:0.125152,G:0.125227):0.0883801,(A:0.0164729,(C:0.0133647,B:0.0103889):0.00509801):0.0883801);
Adding F [6/7]
ln(likelihood): -5877.0742 
((E:0.116096,G:0.116162):0.0785199,((A:0.0203667,(C:0.0165844,B:0.0136086):0.00644613):0.0245882,F:0.057062):0.0785199);
Adding D [7/7]
ln(likelihood): 209.53633 
((E:0.121663,G:0.121772):0.0194386,(((A:0.0172709,(C:0.0134885,B:0.0105128):0.00644613):0.0222314,F:0.0537451):0.116074,D:0.11977):0.0194386);
Testing global rearrangements
E:0.121663 F:0.0537451
-116380.67 209.53633
E:0.121663 D:0.11977
-3363.5335 209.53633
A:0.0172709 B:0.0105128
-214.86763 209.53633
A:0.0172709 D:0.11977
-120031.07 209.53633
C:0.0134885 A:0.0172709
-214.86763 209.53633
F:0.0537451 E:0.121663
-131957.57 209.53633
F:0.0537451 (E:0.121663,G:0.121772):0.0194386
-69657.419 209.53633
F:0.0537451 G:0.121772
-131957.57 209.53633
F:0.0537451 A:0.0172709
-5061.1608 209.53633
D:0.11977 E:0.121663
-3363.5335 209.53633
D:0.11977 F:0.0537451
-69657.419 209.53633
Targeting migration to vicinity of:
E D
G F
A D
B D

G F
E D
G F
E D
Trying E D
E:0.121663 D:0.11977
1->2 0.016859977 209.62912 209.53633
2->1 0.099995285 209.62912 209.62912
p1->2 0.10342383 209.53633 209.62912
p2->1 0.09951704 209.53633 209.62912
Trying G F
(G:0.121772,E:0.15004):0 F:0.0537451
1->2 0.0053747296 209.60812 209.62912
2->1 0.10046206 209.60812 209.62912
p2->1 0.00020016053 209.53633 209.62912
G:0.121772 F:0.0537451
1->2 0.0035051624 209.60514 209.62912
2->1 0.0019267334 209.64214 209.62912
p2->1 0.099995285 209.62912 209.64214
G:0.155345 ((A:0.0172709,(C:0.0134885,B:0.0105128):0.00644613):0.0222314,F:0.0537451):0.116188
1->2 0.014303165 209.62912 209.64214
p1->2 0.098679066 209.53633 209.64214
p2->1 4.0751289e-05 209.53633 209.64214
Migration added
Local updates around node 1: 0 ln(lk):209.64214 
Local updates around node 2: 0 ln(lk):209.64214 
Updates in migration position: 0 ln(lk):209.64214 
Switches in migration direction: 0 ln(lk):209.64214 
ln(likelihood):209.64213 
Targeting migration to vicinity of:
E F
A D
B D
C D

A D
C D
B D
A D
C D
B D
A D
C D
B D
E F
Trying A D
(A:0.0172709,(C:0.0134885,B:0.0105128):0.00644613):0.0222088 D:0.119649
1->2 0.099995285 209.70079 209.64213
2->1 0.0026463708 209.70079 209.70079
p2->1 4.0751289e-05 209.64213 209.70079
A:0.0172709 D:0.119649
1->2 0.0063318266 209.70079 209.70079
2->1 9.8076482e-05 209.64376 209.70079
p2->1 6.2255936e-07 209.64213 209.70079
Trying B D
((C:0.0134885,B:0.0105128):0.00644607,A:0.017271):0.0222089 D:0.119649
B:0.0105128 D:0.119649
1->2 0.0049197529 209.69671 209.70079
2->1 5.7946159e-05 209.64307 209.70079
p1->2 0.0063318266 209.70079 209.70079
p2->1 6.2255936e-07 209.64213 209.70079
(C:0.0134885,B:0.0105128):0.00644617 D:0.119649
2->1 0.00017933312 209.64813 209.70079
p2->1 6.2255936e-07 209.64213 209.70079
Trying C D
(A:0.0172708,(C:0.0134885,B:0.0105128):0.0064462):0.0222089 D:0.119649
C:0.0134885 D:0.119649
1->2 0.0049197529 209.69671 209.70079
2->1 5.7946159e-05 209.64308 209.70079
p2->1 6.2255936e-07 209.64213 209.70079
(B:0.0105127,C:0.0134886):0.00644617 D:0.119649
Trying E F
E:0.121394 F:0.0537676
1->2 0.0035920499 209.7008 209.70079
2->1 0.00080320082 209.65726 209.7008
p1->2 0.015326404 209.70081 209.7008
p2->1 0.099995285 209.64181 209.70081
Migration added
Local updates around node 1: 0 ln(lk):209.70081 
Local updates around node 2: 0 ln(lk):209.70081 
Updates in migration position: 0 ln(lk):209.70081 
Switches in migration direction: 0 ln(lk):209.70081 
ln(likelihood):209.70081 
Targeting migration to vicinity of:
G D
E B
A E
E C

A E
C E
B E
E A
E C
E B
E A
E C
E B
G D
Trying A E
(A:0.0172709,(B:0.0105128,C:0.0134885):0.00644613):0.0205289 E:0.121405
1->2 3.0968394e-07 209.70081 209.70081
2->1 0.0008357527 209.70081 209.70081
p1->2 0.0008357527 209.70081 209.70081
p2->1 0.0008357527 209.70081 209.70081
A:0.0172709 E:0.121405
1->2 3.0968394e-07 209.70081 209.70081
2->1 3.0968394e-07 209.70081 209.70081
p2->1 3.0968394e-07 209.70081 209.70081
Trying B E
B:0.0105128 E:0.121405
1->2 3.0968394e-07 209.70081 209.70081
2->1 3.0968394e-07 209.70081 209.70081
p1->2 3.0968394e-07 209.70081 209.70081
p2->1 3.0968394e-07 209.70081 209.70081
(A:0.0172709,(C:0.0134885,B:0.0105128):0.00644615):0.0205289 E:0.121405
(C:0.0134885,B:0.0105128):0.00644615 E:0.121405
2->1 3.0968394e-07 209.70081 209.70081
p2->1 3.0968394e-07 209.70081 209.70081
Trying C E
(A:0.0172708,(C:0.0134885,B:0.0105128):0.00644617):0.0205289 E:0.121405
(C:0.0134885,B:0.0105128):0.00644617 E:0.121405
C:0.0134885 E:0.121405
1->2 3.0968394e-07 209.70081 209.70081
2->1 3.0968394e-07 209.70081 209.70081
p2->1 3.0968394e-07 209.70081 209.70081
Trying E A
E:0.121405 (A:0.0172709,(B:0.0105127,C:0.0134886):0.00644615):0.0205289
E:0.121405 A:0.0172709
Trying E B
E:0.121405 B:0.0105127
E:0.121405 (A:0.0172709,(B:0.0105127,C:0.0134886):0.00644615):0.0205289
E:0.121405 (B:0.0105127,C:0.0134886):0.00644615
Trying E C
E:0.121405 (A:0.0172709,(B:0.0105127,C:0.0134886):0.00644615):0.0205289
E:0.121405 (B:0.0105127,C:0.0134886):0.00644615
E:0.121405 C:0.0134886
Trying G D
G:0.122503 D:0.119621
1->2 0.0008357527 209.70081 209.70081
2->1 0.099995285 209.70081 209.70081
p1->2 0.099995285 209.70081 209.70081
p2->1 0.099995285 209.70081 209.70081
Migration added
Local updates around node 1: 0 ln(lk):209.70081 
Local updates around node 2: 0 ln(lk):209.70081 
Updates in migration position: 0 ln(lk):209.70081 
Switches in migration direction: 0 ln(lk):209.70081 
ln(likelihood):209.70081 
DONE.
