
TreeMix v. 1.13
$Revision: 231 $

npop:7 nsnp:17505003
Estimating covariance matrix in 43762 blocks of size 400
SEED: 1607912815
Starting from:
(B:0.0713337,(G:0.161217,D:0.133784):0.0713337);
Adding F [4/7]
ln(likelihood): -17889.877 
((G:0.163722,D:0.134384):0.0573487,(B:0.0214822,F:0.051134):0.0573487);
Adding C [5/7]
ln(likelihood): -4000.3333 
((G:0.155011,D:0.123869):0.0585691,(F:0.0580889,(B:0.0101584,C:0.0131341):0.0269332):0.0585691);
Adding E [6/7]
ln(likelihood): -417.18697 
((B:0.00929959,C:0.0122753):0.0145446,(F:0.0543501,(D:0.120329,(G:0.122336,E:0.122214):0.0388752):0.11654):0.0145446);
Adding A [7/7]
ln(likelihood): 227.72986 
((F:0.0537455,(D:0.119767,(G:0.121772,E:0.121662):0.0388848):0.116069):0.0111157,((B:0.0105125,C:0.0134882):0.00644605,A:0.0172708):0.0111157);
Testing global rearrangements
F:0.0537455 G:0.121772
-513344.36 227.72986
F:0.0537455 (G:0.121772,E:0.121662):0.0388848
-272564.45 227.72986
F:0.0537455 E:0.121662
-513344.36 227.72986
F:0.0537455 C:0.0134882
-29437.422 227.72986
D:0.119767 F:0.0537455
-272564.45 227.72986
D:0.119767 E:0.121662
-13662.402 227.72986
B:0.0105125 D:0.119767
-498313.23 227.72986
C:0.0134882 A:0.0172708
-1395.7338 227.72986
A:0.0172708 F:0.0537455
-20153.003 227.72986
A:0.0172708 (F:0.0537455,(D:0.119767,(G:0.121772,E:0.121662):0.0388848):0.116069):0.0111157
227.72986 227.72986
A:0.0172708 D:0.119767
-465465.61 227.72986
A:0.0172708 (D:0.119767,(G:0.121772,E:0.121662):0.0388848):0.116069
-20153.003 227.72986
A:0.0172708 G:0.121772
-817967.95 227.72986
A:0.0172708 (G:0.121772,E:0.121662):0.0388848
-465465.61 227.72986
A:0.0172708 E:0.121662
-817967.95 227.72986
Targeting migration to vicinity of:
D E
G F
D A
B D

D E
F G
E D
G F
E D
Trying D E
(D:0.119767,(G:0.121772,E:0.121662):0.0388848):0.116069 E:0.121662
1->2 4.0751289e-05 227.72985 227.72986
p1->2 3.8719494e-07 227.72973 227.72986
D:0.119767 E:0.121662
1->2 0.0057424628 228.09126 227.72986
2->1 0.39919356 228.09126 228.09126
(F:0.0537455,((G:0.121727,E:0.121707):0.0649106,D:0.374987):0.0900428):0.0111157 E:0.121707
Trying E D
E:0.121707 D:0.374987
Trying F G
F:0.0537455 G:0.121727
1->2 0.0019267334 228.14244 228.09126
2->1 0.0035051624 227.99879 228.14244
p1->2 0.0019631728 228.09126 228.14244
p2->1 0.12586832 228.00985 228.14244
F:0.0895705 (E:0.121662,G:0.121772):0.03892
1->2 0.0055198548 228.00985 228.14244
p1->2 4.0751289e-05 227.72986 228.14244
Trying G F
G:0.121772 F:0.0537455
(E:0.121662,G:0.121772):0.0388927 F:0.0537455
Migration added
Local updates around node 1: 0 ln(lk):228.14244 
Local updates around node 2: 0 ln(lk):228.14244 
Updates in migration position: 0 ln(lk):228.14244 
Switches in migration direction: 0 ln(lk):228.14244 
ln(likelihood):228.14244 
Targeting migration to vicinity of:
F E
D A
B D
D C

B D
C D
A D
D B
D C
D A
D B
D C
D A
F E
Trying A D
((B:0.0105125,C:0.0134882):0.00644605,A:0.0172708):0.0111044 D:0.119648
1->2 0.25106686 228.37026 228.14244
2->1 0.0011701122 228.37069 228.37026
p2->1 1.2706864e-06 228.14244 228.37069
A:0.0172708 D:0.119648
1->2 0.0063318266 228.37069 228.37069
2->1 9.7509241e-05 228.14871 228.37069
p2->1 5.6516251e-06 228.14244 228.37069
Trying B D
(B:0.0105125,C:0.0134882):0.00644592 D:0.119648
1->2 0.0063318266 228.37069 228.37069
2->1 0.00017933312 228.16564 228.37069
p2->1 4.0751289e-05 228.14244 228.37069
(A:0.0172699,(B:0.0105125,C:0.0134882):0.00644748):0.0111049 D:0.119648
B:0.0105125 D:0.119648
1->2 0.0049197529 228.35475 228.37069
2->1 5.6868579e-05 228.1461 228.37069
p2->1 3.0968394e-07 228.14244 228.37069
Trying C D
(C:0.0134882,B:0.0105125):0.00644606 D:0.119648
C:0.0134882 D:0.119648
1->2 0.0049197529 228.35475 228.37069
2->1 5.7404843e-05 228.14614 228.37069
p2->1 4.5131677e-07 228.14244 228.37069
(A:0.0172708,(B:0.0105125,C:0.0134882):0.00644606):0.0111044 D:0.119648
Trying D A
D:0.119648 (A:0.0172708,(B:0.0105125,C:0.0134882):0.00644606):0.0111044
D:0.119648 A:0.0172708
Trying D B
D:0.119648 (B:0.0105125,C:0.0134882):0.00644606
D:0.119648 (A:0.0172708,(B:0.0105125,C:0.0134882):0.00644606):0.0111044
D:0.119648 B:0.0105125
Trying D C
D:0.119648 (B:0.0105125,C:0.0134882):0.00644606
D:0.119648 C:0.0134882
D:0.119648 (A:0.0172708,(B:0.0105125,C:0.0134882):0.00644606):0.0111044
Trying F E
F:0.0537682 E:0.121395
1->2 0.00078653189 228.20026 228.37069
2->1 0.0036049047 228.37074 228.37069
p1->2 6.2255936e-07 228.14244 228.37074
p2->1 0.022054944 228.37087 228.37074
F:0.0589731 (G:0.122498,E:0.121404):0.0391089
1->2 0.39383006 228.3707 228.37087
p1->2 4.0751289e-05 228.14243 228.37087
p2->1 4.0751289e-05 228.14244 228.37087
Migration added
Local updates around node 1: 0 ln(lk):228.37087 
Local updates around node 2: 0 ln(lk):228.37087 
Updates in migration position: 0 ln(lk):228.37087 
Switches in migration direction: 0 ln(lk):228.37087 
ln(likelihood):228.37087 
DONE.
