
TreeMix v. 1.13
$Revision: 231 $

npop:7 nsnp:17505003
Estimating covariance matrix in 14587 blocks of size 1200
SEED: 1607912815
Starting from:
(B:0.071335,(G:0.161214,D:0.133785):0.071335);
Adding F [4/7]
ln(likelihood): -6127.1892 
((G:0.163719,D:0.134385):0.0573499,(B:0.0214819,F:0.0511334):0.0573499);
Adding C [5/7]
ln(likelihood): -1332.1219 
((G:0.155008,D:0.12387):0.0585703,(F:0.0580885,(B:0.0101585,C:0.0131342):0.0269331):0.0585703);
Adding E [6/7]
ln(likelihood): -47.726826 
((B:0.00929972,C:0.0122755):0.0145446,(F:0.05435,(D:0.12033,(G:0.122336,E:0.122215):0.0388715):0.116543):0.0145446);
Adding A [7/7]
ln(likelihood): 213.42122 
((F:0.0537454,(D:0.119769,(G:0.121772,E:0.121662):0.0388811):0.116071):0.0111158,((B:0.0105126,C:0.0134884):0.00644608,A:0.0172711):0.0111158);
Testing global rearrangements
F:0.0537454 G:0.121772
-175409.47 213.42122
F:0.0537454 (G:0.121772,E:0.121662):0.0388811
-92671.342 213.42122
F:0.0537454 E:0.121662
-175409.47 213.42122
F:0.0537454 B:0.0105126
-10000.715 213.42122
F:0.0537454 (B:0.0105126,C:0.0134884):0.00644608
-6786.6453 213.42122
F:0.0537454 C:0.0134884
-10000.715 213.42122
D:0.119769 F:0.0537454
-92671.342 213.42122
D:0.119769 E:0.121662
-4535.7629 213.42122
B:0.0105126 F:0.0537454
-9685.117 213.42122
B:0.0105126 D:0.119769
-171323.39 213.42122
B:0.0105126 A:0.0172711
-349.39654 213.42122
A:0.0172711 F:0.0537454
-6786.6453 213.42122
A:0.0172711 (F:0.0537454,(D:0.119769,(G:0.121772,E:0.121662):0.0388811):0.116071):0.0111158
213.42122 213.42122
A:0.0172711 D:0.119769
-159503.11 213.42122
A:0.0172711 (D:0.119769,(G:0.121772,E:0.121662):0.0388811):0.116071
-6786.6453 213.42122
A:0.0172711 G:0.121772
-281158.68 213.42122
A:0.0172711 (G:0.121772,E:0.121662):0.0388811
-159503.11 213.42122
A:0.0172711 E:0.121662
-281158.68 213.42122
Targeting migration to vicinity of:
D E
G F
B D
D A

D E
F G
E D
G F
E D
Trying D E
D:0.119769 E:0.121662
1->2 0.0057424628 213.54455 213.42122
2->1 0.39786881 213.54455 213.54455
p1->2 4.0751289e-05 213.42121 213.54455
Trying E D
E:0.121673 D:0.119769
Trying F G
F:0.0537454 (G:0.12177,E:0.121673):0.0388827
1->2 0.016859977 213.51666 213.54455
2->1 0.10342383 213.51666 213.54455
p1->2 4.0751289e-05 213.42122 213.54455
F:0.0537454 G:0.121772
1->2 0.0019267334 213.56187 213.54455
2->1 0.0035051624 213.51272 213.56187
p1->2 0.0019631728 213.54455 213.56187
Trying G F
(E:0.121403,G:0.122511):0.0390719 F:0.0537454
G:0.122511 F:0.0537454
Migration added
Local updates around node 1: 0 ln(lk):213.56187 
Local updates around node 2: 0 ln(lk):213.56187 
Updates in migration position: 0 ln(lk):213.56187 
Switches in migration direction: 0 ln(lk):213.56187 
ln(likelihood):213.56187 
Targeting migration to vicinity of:
F E
D A
B D
D C

B D
C D
A D
D B
D C
D A
D B
D C
D A
F E
Trying A D
A:0.0172711 D:0.119648
1->2 0.0063318266 213.63983 213.56187
2->1 9.7509241e-05 213.56402 213.63983
p1->2 0.25082162 213.63983 213.63983
p2->1 0.22485073 213.56187 213.63983
((B:0.0105126,C:0.0134884):3.84045e-06,A:0.0370551):0.0143256 D:0.119648
2->1 0.0011811337 213.63983 213.63983
p2->1 0.99990094 213.56187 213.63983
Trying B D
(B:0.0105126,C:0.0134884):0.00644608 D:0.119648
1->2 0.0063318266 213.63983 213.63983
2->1 0.00018037626 213.56983 213.63983
p2->1 0.43739438 213.56187 213.63983
B:0.0105126 D:0.119648
1->2 0.0049197529 213.6344 213.63983
2->1 5.6539659e-05 213.56312 213.63983
p2->1 3.0968394e-07 213.56187 213.63983
(A:0.0172711,(C:0.0134884,B:0.0105127):0.00644609):0.0111045 D:0.119648
Trying C D
(C:0.0134884,B:0.0105127):0.00644609 D:0.119648
C:0.0134884 D:0.119648
1->2 0.0049197529 213.6344 213.63983
2->1 5.7404843e-05 213.56313 213.63983
p2->1 4.5131677e-07 213.56187 213.63983
(A:0.0172711,(B:0.0105126,C:0.0134884):0.00644609):0.0111045 D:0.119648
Trying D A
D:0.119648 A:0.0172711
D:0.119648 (A:0.0172711,(B:0.0105126,C:0.0134884):0.00644609):0.0111045
Trying D B
D:0.119648 (B:0.0105126,C:0.0134884):0.00644609
D:0.119648 B:0.0105126
D:0.119648 (A:0.0172711,(B:0.0105126,C:0.0134884):0.00644609):0.0111045
Trying D C
D:0.119648 (B:0.0105126,C:0.0134884):0.00644609
D:0.119648 C:0.0134884
D:0.119648 (A:0.0172711,(B:0.0105126,C:0.0134884):0.00644609):0.0111045
Trying F E
F:0.0537679 E:0.121393
1->2 0.00079855864 213.58197 213.63983
2->1 0.0035920499 213.63984 213.63983
p1->2 6.2353583e-06 213.56187 213.63984
p2->1 0.015326404 213.63986 213.63984
Migration added
Local updates around node 1: 0 ln(lk):213.63986 
Local updates around node 2: 0 ln(lk):213.63986 
Updates in migration position: 0 ln(lk):213.63986 
Switches in migration direction: 0 ln(lk):213.63986 
ln(likelihood):213.63986 
DONE.
