
TreeMix v. 1.13
$Revision: 231 $

npop:7 nsnp:17505003
Estimating covariance matrix in 10940 blocks of size 1600
SEED: 1607913359
Starting from:
(B:0.0898202,(G:0.142441,E:0.142343):0.0898202);
Adding A [4/7]
ln(likelihood): -12535.766 
((G:0.137128,E:0.137042):0.0876489,(B:0,A:0.00145682):0.0876489);
Adding D [5/7]
ln(likelihood): -1882.8887 
((A:0.0220155,((G:0.120966,E:0.120833):0.0388983,D:0.118945):0.132633):0.0104553,B:0.0104553);
Adding C [6/7]
ln(likelihood): -2522.0535 
((A:0.0205905,((G:0.120756,E:0.120635):0.038906,D:0.118738):0.135738):0.00322121,(B:0.0145009,C:0.0174767):0.00322121);
Adding F [7/7]
ln(likelihood): 209.53633 
(C:0.00674427,(B:0.0105128,(A:0.0172709,(((G:0.121772,E:0.121663):0.0388772,D:0.11977):0.116074,F:0.0537451):0.0222314):0.00644613):0.00674427);
Testing global rearrangements
C:0.00674427 G:0.121772
-224234.91 209.53633
C:0.00674427 D:0.11977
-128794.27 209.53633
B:0.0105128 C:0.00674427
209.53633 209.53633
B:0.0105128 A:0.0172709
-214.86763 209.53633
A:0.0172709 G:0.121772
-211682.72 209.53633
A:0.0172709 (G:0.121772,E:0.121663):0.0388772
-120031.07 209.53633
A:0.0172709 E:0.121663
-211682.72 209.53633
A:0.0172709 ((G:0.121772,E:0.121663):0.0388772,D:0.11977):0.116074
-5061.1608 209.53633
A:0.0172709 D:0.11977
-120031.07 209.53633
A:0.0172709 F:0.0537451
-5061.1608 209.53633
G:0.121772 ((G:0.121772,E:0.121663):0.0388772,D:0.11977):0.116074
-3363.5335 209.53633
G:0.121772 F:0.0537451
-117469.95 209.53633
D:0.11977 G:0.121772
-3363.5335 209.53633
F:0.0537451 D:0.11977
-69657.419 209.53633
DONE.
