
TreeMix v. 1.13
$Revision: 231 $

npop:7 nsnp:17505003
Estimating covariance matrix in 8752 blocks of size 2000
SEED: 1607913359
Starting from:
(B:0.0898202,(G:0.142441,E:0.142343):0.0898202);
Adding A [4/7]
ln(likelihood): -10051.784 
((G:0.137128,E:0.137042):0.0876489,(B:0,A:0.00145682):0.0876489);
Adding D [5/7]
ln(likelihood): -1493.449 
((A:0.0220155,((G:0.120966,E:0.120833):0.0388983,D:0.118945):0.132633):0.0104553,B:0.0104553);
Adding C [6/7]
ln(likelihood): -1996.9343 
((A:0.0205905,((G:0.120756,E:0.120635):0.038906,D:0.118738):0.135738):0.00322121,(B:0.0145009,C:0.0174767):0.00322121);
Adding F [7/7]
ln(likelihood): 206.50167 
((A:0.0172709,(B:0.0105128,C:0.0134885):0.00644613):0.0111157,(((G:0.121772,E:0.121663):0.0388772,D:0.11977):0.116074,F:0.0537451):0.0111157);
Testing global rearrangements
A:0.0172709 G:0.121772
-169790.39 206.50167
A:0.0172709 D:0.11977
-96238.629 206.50167
B:0.0105128 A:0.0172709
-134.19337 206.50167
G:0.121772 A:0.0172709
-145801.15 206.50167
G:0.121772 ((G:0.121772,E:0.121663):0.0388772,D:0.11977):0.116074
-2658.0782 206.50167
G:0.121772 F:0.0537451
-94146.594 206.50167
D:0.11977 G:0.121772
-2658.0782 206.50167
F:0.0537451 D:0.11977
-55786.208 206.50167
DONE.
