
TreeMix v. 1.13
$Revision: 231 $

npop:7 nsnp:17505003
Estimating covariance matrix in 5470 blocks of size 3200
SEED: 1607913359
Starting from:
(B:0.0898202,(G:0.142441,E:0.142343):0.0898202);
Adding A [4/7]
ln(likelihood): -6289.5448 
((G:0.137128,E:0.137042):0.0876489,(B:0,A:0.00145682):0.0876489);
Adding D [5/7]
ln(likelihood): -902.78136 
((A:0.0220155,((G:0.120966,E:0.120833):0.0388983,D:0.118945):0.132633):0.0104553,B:0.0104553);
Adding C [6/7]
ln(likelihood): -1202.6428 
((A:0.0205905,((G:0.120756,E:0.120635):0.038906,D:0.118738):0.135738):0.00322121,(B:0.0145009,C:0.0174767):0.00322121);
Adding F [7/7]
ln(likelihood): 200.05812 
((A:0.0172709,(((G:0.121772,E:0.121663):0.0388772,D:0.11977):0.116074,F:0.0537451):0.0222314):0.00322307,(B:0.0105128,C:0.0134885):0.00322307);
Testing global rearrangements
A:0.0172709 G:0.121772
-106478.03 200.05812
A:0.0172709 D:0.11977
-60305.573 200.05812
G:0.121772 D:0.11977
-1596.508 200.05812
D:0.11977 A:0.0172709
-56387.995 200.05812
D:0.11977 F:0.0537451
-34904.003 200.05812
D:0.11977 B:0.0105128
-61489.001 200.05812
D:0.11977 (B:0.0105128,C:0.0134885):0.00322307
-56387.995 200.05812
D:0.11977 C:0.0134885
-61489.001 200.05812
F:0.0537451 A:0.0172709
-2452.7966 200.05812
F:0.0537451 B:0.0105128
-3674.7876 200.05812
F:0.0537451 (B:0.0105128,C:0.0134885):0.00322307
-2452.7966 200.05812
F:0.0537451 C:0.0134885
-3674.7876 200.05812
B:0.0105128 A:0.0172709
-13.968495 200.05812
DONE.
