
TreeMix v. 1.13
$Revision: 231 $

npop:7 nsnp:17505003
Estimating covariance matrix in 9725 blocks of size 1800
SEED: 1607913358
Starting from:
(D:0.126217,(A:0,C:0):0.126217);
Adding G [4/7]
ln(likelihood): -2175.0618 
((A:0.0127189,C:0.0134721):0.068193,(D:0.129137,G:0.158513):0.068193);
Adding B [5/7]
ln(likelihood): -3583.5537 
((A:0.0214329,(C:0.0158248,B:0.0128493):0.0100965):0.0704907,(D:0.117714,G:0.148893):0.0704907);
Adding E [6/7]
ln(likelihood): -2230.3231 
((A:0.0205906,(D:0.118735,(G:0.120756,E:0.120634):0.038915):0.135732):0.00322117,(C:0.0174762,B:0.0145008):0.00322117);
Adding F [7/7]
ln(likelihood): 207.93582 
((A:0.0172709,((D:0.119767,(G:0.121772,E:0.121662):0.0388862):0.116067,F:0.0537457):0.0222317):0.00322302,(C:0.0134881,B:0.0105126):0.00322302);
Testing global rearrangements
A:0.0172709 D:0.119767
-106801.72 207.93582
A:0.0172709 G:0.121772
-188402.95 207.93582
D:0.119767 G:0.121772
-2973.1239 207.93582
D:0.119767 E:0.121662
-2973.1239 207.93582
F:0.0537457 D:0.119767
-61945.618 207.93582
C:0.0134881 F:0.0537457
-6423.5683 207.93582
DONE.
