
TreeMix v. 1.13
$Revision: 231 $

npop:7 nsnp:17505003
Estimating covariance matrix in 14587 blocks of size 1200
SEED: 1607912949
Starting from:
((E:0.141668,G:0.141766):0.0907685,A:0.0907685);
Adding C [4/7]
ln(likelihood): -16672.544 
((E:0.1369,G:0.136986):0.0878453,(A:0.00131463,C:0.00206808):0.0878453);
Adding B [5/7]
ln(likelihood): -396.77517 
((E:0.125152,G:0.125227):0.0883807,(A:0.0164728,(C:0.0133644,B:0.0103886):0.00509764):0.0883807);
Adding F [6/7]
ln(likelihood): -7829.1816 
((E:0.116096,G:0.116162):0.0785205,((A:0.0203667,(C:0.016584,B:0.0136083):0.00644608):0.0245881,F:0.0570621):0.0785205);
Adding D [7/7]
ln(likelihood): 213.42122 
(((A:0.0172711,(C:0.0134884,B:0.0105126):0.00644608):0.0222315,F:0.0537454):0.0580356,((E:0.121662,G:0.121772):0.0388811,D:0.119769):0.0580356);
Testing global rearrangements
A:0.0172711 C:0.0134884
-349.39654 213.42122
A:0.0172711 G:0.121772
-281158.68 213.42122
A:0.0172711 D:0.119769
-159503.11 213.42122
C:0.0134884 A:0.0172711
-349.39654 213.42122
F:0.0537454 A:0.0172711
-6786.6453 213.42122
F:0.0537454 E:0.121662
-175409.47 213.42122
F:0.0537454 (E:0.121662,G:0.121772):0.0388811
-92671.342 213.42122
F:0.0537454 G:0.121772
-175409.47 213.42122
E:0.121662 D:0.119769
-4535.7629 213.42122
D:0.119769 A:0.0172711
-149271.6 213.42122
D:0.119769 (A:0.0172711,(C:0.0134884,B:0.0105126):0.00644608):0.0222315
-92671.342 213.42122
D:0.119769 C:0.0134884
-162629.94 213.42122
D:0.119769 (C:0.0134884,B:0.0105126):0.00644608
-149271.6 213.42122
D:0.119769 B:0.0105126
-162629.94 213.42122
D:0.119769 ((A:0.0172711,(C:0.0134884,B:0.0105126):0.00644608):0.0222315,F:0.0537454):0.0580356
213.42122 213.42122
D:0.119769 F:0.0537454
-92671.342 213.42122
Targeting migration to vicinity of:
E D
G F
B D
A D

F G
E D
D E
G F
Trying D E
D:0.119769 E:0.121662
1->2 0.051945686 213.54455 213.42122
2->1 0.099995285 213.54455 213.54455
p1->2 4.0751289e-05 213.42122 213.54455
Trying E D
E:0.121673 D:0.119769
Trying F G
((A:0.0172711,(C:0.0134884,B:0.0105126):0.00644608):0.0222315,F:0.0537454):0.0580356 G:0.12177
1->2 0.016727606 213.54455 213.54455
2->1 0.17986722 213.54455 213.54455
p2->1 0.99775207 213.42122 213.54455
F:0.0537454 G:0.121772
1->2 0.0019267334 213.56187 213.54455
2->1 0.0035051624 213.51272 213.56187
p2->1 0.0057424628 213.51666 213.56187
F:0.0551369 (E:0.121662,G:0.121772):0.0389163
1->2 0.019891309 213.51666 213.56187
p1->2 0.92138368 213.42122 213.56187
p2->1 0.091048792 213.42122 213.56187
Trying G F
G:0.121772 ((A:0.0172711,(C:0.0134884,B:0.0105126):0.00644608):0.0222315,F:0.0650519):0
G:0.121772 F:0.0650519
(E:0.121662,G:0.121772):0.0388811 F:0.0650519
Migration added
Local updates around node 1: 0 ln(lk):213.56187 
Local updates around node 2: 0 ln(lk):213.56187 
Updates in migration position: 0 ln(lk):213.56187 
Switches in migration direction: 0 ln(lk):213.56187 
ln(likelihood):213.56187 
Targeting migration to vicinity of:
E F
B D
A D
C D

A D
C D
B D
F E
A D
C D
B D
A D
C D
B D
E F
D A
Trying A D
(A:0.0172711,(C:0.0134884,B:0.0105126):0.00644608):0.022209 D:0.119648
1->2 0.099995285 213.63983 213.56187
2->1 0.0026463708 213.63983 213.63983
p1->2 0.091459662 213.56187 213.63983
p2->1 0.099995285 213.56187 213.63983
A:0.0172711 D:0.119648
1->2 0.0063318266 213.63983 213.63983
2->1 9.8076482e-05 213.56402 213.63983
p2->1 0.099995285 213.56187 213.63983
Trying B D
(C:0.0134884,B:0.0105126):0.00397855 D:0.119648
1->2 0.0063318266 213.63983 213.63983
2->1 0.00017933312 213.56983 213.63983
p2->1 0.098679066 213.56187 213.63983
B:0.0105126 D:0.119648
1->2 0.0049197529 213.6344 213.63983
2->1 5.7946159e-05 213.56312 213.63983
p2->1 3.6306955e-07 213.56187 213.63983
(A:0.0172711,(C:0.0134884,B:0.0105127):0.00644609):0.022209 D:0.119648
Trying C D
(C:0.0134884,B:0.0105127):0.00644609 D:0.119648
(A:0.0172711,(C:0.0134884,B:0.0105127):0.00644609):0.022209 D:0.119648
C:0.0134884 D:0.119648
1->2 0.0049197529 213.6344 213.63983
2->1 5.7946159e-05 213.56313 213.63983
p2->1 4.7680956e-07 213.56187 213.63983
Trying D A
D:0.119648 (A:0.0172711,(B:0.0105126,C:0.0134884):0.00644609):0.022209
D:0.119648 A:0.0172711
Trying E F
E:0.121393 F:0.0537679
1->2 0.0035920499 213.63984 213.63983
2->1 0.00079855864 213.58198 213.63984
p1->2 0.015326404 213.63986 213.63984
p2->1 5.8468468e-06 213.56187 213.63986
Trying F E
F:0.053768 E:0.121396
Migration added
Local updates around node 1: 0 ln(lk):213.63986 
Local updates around node 2: 0 ln(lk):213.63986 
Updates in migration position: 0 ln(lk):213.63986 
Switches in migration direction: 0 ln(lk):213.63986 
ln(likelihood):213.63986 
Targeting migration to vicinity of:
G D
E B
A E
E C

A E
C E
B E
E A
E C
E B
E A
E C
E B
G D
D G
Trying A E
(A:0.0172711,(B:0.0105126,C:0.0134884):0.00644608):0.0205291 E:0.121404
1->2 3.0968394e-07 213.63986 213.63986
2->1 0.0008357527 213.63986 213.63986
p1->2 0.0008357527 213.63986 213.63986
p2->1 0.0008357527 213.63986 213.63986
A:0.0172711 E:0.121404
1->2 3.0968394e-07 213.63986 213.63986
2->1 3.0968394e-07 213.63986 213.63986
p2->1 3.0968394e-07 213.63986 213.63986
Trying B E
(B:0.0105126,C:0.0134884):0.00644605 E:0.121404
1->2 3.0968394e-07 213.63986 213.63986
2->1 3.0968394e-07 213.63986 213.63986
p2->1 3.0968394e-07 213.63986 213.63986
B:0.0105126 E:0.121404
1->2 3.0968394e-07 213.63986 213.63986
2->1 3.0968394e-07 213.63986 213.63986
p2->1 3.0968394e-07 213.63986 213.63986
(A:0.0172711,(C:0.0134884,B:0.0105127):0.0064461):0.0205291 E:0.121404
Trying C E
(C:0.0134884,B:0.0105127):0.0064461 E:0.121404
(A:0.0172711,(C:0.0134884,B:0.0105127):0.0064461):0.0205291 E:0.121404
C:0.0134884 E:0.121404
1->2 3.0968394e-07 213.63986 213.63986
2->1 3.0968394e-07 213.63986 213.63986
p2->1 3.0968394e-07 213.63986 213.63986
Trying D G
D:0.119619 G:0.122502
1->2 0.099995285 213.63986 213.63986
2->1 0.0008357527 213.63986 213.63986
p1->2 4.0751289e-05 213.63986 213.63986
p2->1 0.099995285 213.63986 213.63986
Trying E A
E:0.121404 (A:0.0172711,(B:0.0105126,C:0.0134884):0.00644608):0.0205297
E:0.121404 A:0.0172711
Trying E B
E:0.121404 (B:0.0105126,C:0.0134884):0.00644608
E:0.121404 B:0.0105126
E:0.121404 (A:0.0172711,(B:0.0105126,C:0.0134884):0.00644608):0.0205297
Trying E C
E:0.121404 (B:0.0105126,C:0.0134884):0.00644608
E:0.121404 (A:0.0172711,(B:0.0105126,C:0.0134884):0.00644608):0.0205297
E:0.121404 C:0.0134884
Trying G D
G:0.122502 D:0.149
Migration added
Local updates around node 1: 0 ln(lk):213.63986 
Local updates around node 2: 0 ln(lk):213.63986 
Updates in migration position: 0 ln(lk):213.63986 
Switches in migration direction: 0 ln(lk):213.63986 
ln(likelihood):213.63986 
DONE.
