
TreeMix v. 1.13
$Revision: 231 $

npop:7 nsnp:17505003
Estimating covariance matrix in 87525 blocks of size 200
SEED: 1607912949
Starting from:
((E:0.141669,G:0.141767):0.0907691,A:0.0907691);
Adding C [4/7]
ln(likelihood): -91416.065 
((E:0.1369,G:0.136987):0.087846,(A:0.0013137,C:0.00206694):0.087846);
Adding B [5/7]
ln(likelihood): -2681.7529 
((E:0.125152,G:0.125229):0.0883812,(A:0.0164723,(C:0.0133639,B:0.0103884):0.00509717):0.0883812);
Adding F [6/7]
ln(likelihood): -42665.547 
((E:0.116097,G:0.116163):0.078521,((A:0.0203663,(C:0.0165835,B:0.013608):0.00644603):0.024588,F:0.0570622):0.078521);
Adding D [7/7]
ln(likelihood): 235.95888 
(((A:0.0172709,(C:0.0134881,B:0.0105126):0.00644603):0.0222317,F:0.0537457):0.0580337,((E:0.121662,G:0.121772):0.0388862,D:0.119767):0.0580337);
Testing global rearrangements
A:0.0172709 B:0.0105126
-2832.2662 235.95888
A:0.0172709 G:0.121772
-1564031.2 235.95888
A:0.0172709 D:0.119767
-893624.18 235.95888
C:0.0134881 A:0.0172709
-2832.2662 235.95888
C:0.0134881 F:0.0537457
-54322.131 235.95888
F:0.0537457 E:0.121662
-989429.03 235.95888
F:0.0537457 (E:0.121662,G:0.121772):0.0388862
-528689.42 235.95888
F:0.0537457 G:0.121772
-989429.03 235.95888
F:0.0537457 ((E:0.121662,G:0.121772):0.0388862,D:0.119767):0.0580337
235.95888 235.95888
F:0.0537457 D:0.119767
-528689.42 235.95888
E:0.121662 D:0.119767
-26531.935 235.95888
D:0.119767 A:0.0172709
-841014.51 235.95888
D:0.119767 (A:0.0172709,(C:0.0134881,B:0.0105126):0.00644603):0.0222317
-528689.42 235.95888
D:0.119767 C:0.0134881
-912224.25 235.95888
D:0.119767 (C:0.0134881,B:0.0105126):0.00644603
-841014.51 235.95888
D:0.119767 B:0.0105126
-912224.25 235.95888
D:0.119767 ((A:0.0172709,(C:0.0134881,B:0.0105126):0.00644603):0.0222317,F:0.0537457):0.0580337
235.95888 235.95888
D:0.119767 F:0.0537457
-528689.42 235.95888
Targeting migration to vicinity of:
E D
G F
A D
C D

F G
E D
D E
G F
Trying D E
D:0.119767 E:0.121662
1->2 0.033326045 236.65766 235.95888
2->1 0.099995285 236.65766 236.65766
p1->2 4.0751289e-05 235.95887 236.65766
((G:0.12177,E:0.121673):0.0388877,D:0.119767):0.0580337 E:0.121673
Trying E D
E:0.121673 D:0.119767
Trying F G
((A:0.0172709,(C:0.0134881,B:0.0105126):0.00644603):0.0222317,F:0.0537457):0.0580337 G:0.12177
1->2 0.016979244 236.65766 236.65766
2->1 0.17986722 236.65766 236.65766
p2->1 0.99775207 235.95888 236.65766
F:0.0537457 G:0.121772
1->2 0.0019156102 236.7578 236.65766
2->1 0.0034849585 236.481 236.7578
p2->1 0.0083468379 236.50107 236.7578
F:0.0557344 (E:0.121662,G:0.121772):0.0389214
1->2 0.014634022 236.50107 236.7578
p1->2 0.92138368 235.95888 236.7578
p2->1 0.099995285 235.95888 236.7578
Trying G F
G:0.121772 ((A:0.0172709,(C:0.0134881,B:0.0105126):0.00644603):0.0222317,F:0.066352):0
G:0.121772 F:0.066352
(E:0.121662,G:0.121772):0.0388862 F:0.066352
Migration added
Local updates around node 1: 0 ln(lk):236.7578 
Local updates around node 2: 0 ln(lk):236.7578 
Updates in migration position: 0 ln(lk):236.7578 
Switches in migration direction: 0 ln(lk):236.7578 
ln(likelihood):236.7578 
Targeting migration to vicinity of:
E F
A D
C D
B D

A D
C D
B D
F E
A D
C D
B D
A D
C D
B D
E F
D A
Trying A D
(A:0.0172709,(C:0.0134881,B:0.0105126):0.00644603):0.022209 D:0.119647
1->2 0.099995285 237.19877 236.7578
2->1 0.0034648706 237.19877 237.19877
p1->2 0.10924691 236.7578 237.19877
p2->1 0.0008357527 236.7578 237.19877
A:0.0172709 D:0.119647
1->2 0.0063318266 237.19877 237.19877
2->1 9.6039679e-05 236.76986 237.19877
p2->1 0.018700175 236.7578 237.19877
Trying B D
(C:0.0134881,B:0.0105126):0.00602281 D:0.119647
1->2 0.0063318266 237.19877 237.19877
2->1 0.00017933312 236.80237 237.19877
p2->1 0.0008357527 236.7578 237.19877
B:0.0105126 D:0.119647
1->2 0.0049197529 237.16785 237.19877
2->1 5.7946159e-05 236.7649 237.19877
p2->1 3.6306955e-07 236.7578 237.19877
(A:0.0172709,(C:0.0134881,B:0.0105126):0.00644604):0.022209 D:0.119647
Trying C D
(C:0.0134881,B:0.0105126):0.00644604 D:0.119647
(A:0.0172709,(C:0.0134881,B:0.0105126):0.00644604):0.022209 D:0.119647
C:0.0134881 D:0.119647
1->2 0.0049197529 237.16785 237.19877
2->1 5.7946159e-05 236.76498 237.19877
p2->1 4.7680956e-07 236.7578 237.19877
Trying D A
D:0.119647 (A:0.0172709,(B:0.0105126,C:0.0134881):0.00644604):0.022209
D:0.119647 A:0.0172709
Trying E F
E:0.121395 F:0.0537684
1->2 0.0036049047 237.19887 237.19877
2->1 0.00078653189 236.87059 237.19887
p1->2 0.021019453 237.19909 237.19887
p2->1 0.098800935 236.75561 237.19909
Trying F E
F:0.0537692 E:0.154237
Migration added
Local updates around node 1: 0 ln(lk):237.19909 
Local updates around node 2: 0 ln(lk):237.19909 
Updates in migration position: 0 ln(lk):237.19909 
Switches in migration direction: 0 ln(lk):237.19909 
ln(likelihood):237.19909 
Targeting migration to vicinity of:
G D
E C
E B
A E

A E
C E
B E
E A
E C
E B
E A
E C
E B
G D
D G
Trying A E
(F:0.058319,(A:0.0172709,(B:0.0105126,C:0.0134881):0.00644603):0.0198451):0.059278 E:0.121404
1->2 0.0008357527 237.19909 237.19909
2->1 0.099995285 237.19909 237.19909
p2->1 0.0008357527 237.19909 237.19909
(A:0.0172709,(B:0.0105126,C:0.0134881):0.00644603):0.0198451 E:0.121404
1->2 3.0968394e-07 237.19909 237.19909
2->1 0.0008357527 237.19909 237.19909
p2->1 0.0008357527 237.19909 237.19909
A:0.0172709 E:0.121404
1->2 3.0968394e-07 237.19909 237.19909
2->1 3.0968394e-07 237.19909 237.19909
p2->1 3.0968394e-07 237.19909 237.19909
Trying B E
(F:0.0583189,((B:0.0105126,C:0.0134881):0.006446,A:0.017271):0.0198452):0.059278 E:0.121404
(B:0.0105126,C:0.0134881):0.006446 E:0.121404
1->2 3.0968394e-07 237.19909 237.19909
2->1 3.0968394e-07 237.19909 237.19909
p2->1 3.0968394e-07 237.19909 237.19909
B:0.0105126 E:0.121404
1->2 3.0968394e-07 237.19909 237.19909
2->1 3.0968394e-07 237.19909 237.19909
p2->1 3.0968394e-07 237.19909 237.19909
(A:0.0172709,(C:0.0134881,B:0.0105126):0.00644605):0.0198451 E:0.121404
Trying C E
(F:0.0583189,(A:0.0172709,(C:0.0134881,B:0.0105126):0.00644605):0.0198451):0.059278 E:0.121404
(C:0.0134881,B:0.0105126):0.00644605 E:0.121404
(A:0.0172709,(C:0.0134881,B:0.0105126):0.00644605):0.0198451 E:0.121404
C:0.0134881 E:0.121404
1->2 3.0968394e-07 237.19909 237.19909
2->1 3.0968394e-07 237.19909 237.19909
p2->1 3.0968394e-07 237.19909 237.19909
Trying D G
D:0.119618 G:0.122499
1->2 0.099995285 237.19909 237.19909
2->1 0.0008357527 237.19909 237.19909
p1->2 4.0370596e-05 237.19909 237.19909
p2->1 0.099995285 237.19909 237.19909
Trying E A
E:0.121404 (F:0.0583177,(A:0.0172709,(B:0.0105126,C:0.0134881):0.00644603):0.0198463):0.0588423
E:0.121404 (A:0.0172709,(B:0.0105126,C:0.0134881):0.00644603):0.0198463
E:0.121404 A:0.0172709
Trying E B
E:0.121404 (F:0.0583177,(A:0.0172709,(B:0.0105126,C:0.0134881):0.00644603):0.0198463):0.0588423
E:0.121404 (B:0.0105126,C:0.0134881):0.00644603
E:0.121404 B:0.0105126
E:0.121404 (A:0.0172709,(B:0.0105126,C:0.0134881):0.00644603):0.0198463
Trying E C
E:0.121404 (F:0.0583177,(A:0.0172709,(B:0.0105126,C:0.0134881):0.00644603):0.0198463):0.0588423
E:0.121404 (B:0.0105126,C:0.0134881):0.00644603
E:0.121404 (A:0.0172709,(B:0.0105126,C:0.0134881):0.00644603):0.0198463
E:0.121404 C:0.0134881
Trying G D
G:0.122499 D:0.148641
Migration added
Local updates around node 1: 0 ln(lk):237.19909 
Local updates around node 2: 0 ln(lk):237.19909 
Updates in migration position: 0 ln(lk):237.19909 
Switches in migration direction: 0 ln(lk):237.19909 
ln(likelihood):237.19909 
DONE.
