
TreeMix v. 1.13
$Revision: 231 $

npop:7 nsnp:17505003
Estimating covariance matrix in 4862 blocks of size 3600
SEED: 1607913222
Starting from:
((E:0.141514,G:0.141612):0.0913571,C:0.0913571);
Adding F [4/7]
ln(likelihood): -6215.8986 
(C:0.0239249,((E:0.116911,G:0.116997):0.12805,F:0.0714067):0.0239249);
Adding A [5/7]
ln(likelihood): -1672.2162 
((F:0.0534243,(C:0.0160716,A:0.0150189):0.0150264):0.0764063,(E:0.131626,G:0.131702):0.0764063);
Adding B [6/7]
ln(likelihood): -2566.2036 
((F:0.0570616,(A:0.020367,(C:0.0165849,B:0.013609):0.00644631):0.0245885):0.0785191,(E:0.116095,G:0.116161):0.0785191);
Adding D [7/7]
ln(likelihood): 198.43348 
(((F:0.0537443,(A:0.0172709,(C:0.0134888,B:0.0105129):0.00644631):0.0222313):0.116079,(E:0.121663,G:0.121773):0.03887):0.059886,D:0.059886);
Testing global rearrangements
F:0.0537443 E:0.121663
-58908.973 198.43348
F:0.0537443 (E:0.121663,G:0.121773):0.03887
-31019.707 198.43348
F:0.0537443 G:0.121773
-58908.973 198.43348
A:0.0172709 F:0.0537443
-2161.178 198.43348
C:0.0134888 A:0.0172709
8.0268298 198.43348
E:0.121663 F:0.0537443
-51949.722 198.43348
E:0.121663 A:0.0172709
-80407.092 198.43348
E:0.121663 D:0.059886
-1399.1102 198.43348
D:0.059886 F:0.0537443
-31019.707 198.43348
D:0.059886 (F:0.0537443,(A:0.0172709,(C:0.0134888,B:0.0105129):0.00644631):0.0222313):0.116079
198.43348 198.43348
D:0.059886 A:0.0172709
-50134.866 198.43348
D:0.059886 (A:0.0172709,(C:0.0134888,B:0.0105129):0.00644631):0.0222313
-31019.707 198.43348
D:0.059886 C:0.0134888
-54672.705 198.43348
D:0.059886 (C:0.0134888,B:0.0105129):0.00644631
-50134.866 198.43348
D:0.059886 B:0.0105129
-54672.705 198.43348
Targeting migration to vicinity of:
E D
G F
B D
A D

E D
G F
Trying E D
E:0.121663 D:0.059886
1->2 0.016859977 198.47497 198.43348
2->1 0.078036837 198.47497 198.47497
p1->2 0.0008357527 198.43348 198.47497
Trying G F
G:0.121773 (F:0.0537443,(A:0.0172709,(C:0.0134888,B:0.0105129):0.00644631):0.0222313):0.116079
1->2 0.12586832 198.47497 198.47497
2->1 0.051593695 198.47497 198.47497
p2->1 4.0751289e-05 198.43348 198.47497
G:0.121784 F:0.0537443
1->2 0.0035051624 198.46423 198.47497
2->1 0.0019267334 198.48078 198.47497
p1->2 0.0053747296 198.46557 198.48078
(E:0.121663,G:0.121773):0.0389053 F:0.055052
2->1 0.016727606 198.46557 198.48078
p1->2 4.0751289e-05 198.43348 198.48078
Migration added
Local updates around node 1: 0 ln(lk):198.48078 
Local updates around node 2: 0 ln(lk):198.48078 
Updates in migration position: 0 ln(lk):198.48078 
Switches in migration direction: 0 ln(lk):198.48078 
ln(likelihood):198.48078 
Targeting migration to vicinity of:
E F
B D
A D
C D

C D
A D
B D
C D
A D
B D
C D
A D
B D
E F
Trying A D
A:0.0172709 D:0.0598257
1->2 0.0063318266 198.50701 198.48078
2->1 9.8076482e-05 198.48151 198.50701
p1->2 0.25082162 198.50701 198.50701
((C:0.0134888,B:0.0105129):0.00644631,A:0.0172709):0.0222778 D:0.13264
2->1 0.0011743098 198.50701 198.50701
p1->2 6.2716344e-06 198.48078 198.50701
Trying B D
((C:0.0134888,B:0.0105129):0.00644631,A:0.0172709):0.0222088 D:0.0598265
B:0.0105129 D:0.0598265
1->2 0.0049197529 198.50518 198.50701
2->1 5.7946159e-05 198.4812 198.50701
p1->2 0.0063318266 198.50701 198.50701
(C:0.0134888,B:0.0105129):0.00644631 D:0.0610207
2->1 0.00017933312 198.48346 198.50701
Trying C D
(A:0.0172459,(C:0.0134888,B:0.0105129):0.0064736):0.0222267 D:0.0598315
C:0.0134888 D:0.0598315
1->2 0.0049197529 198.50518 198.50701
2->1 5.7946159e-05 198.48121 198.50701
(B:0.010506,C:0.0134972):0.00645072 D:0.0598266
Trying E F
E:0.121395 F:0.0537635
1->2 0.0036049047 198.50701 198.50701
2->1 0.00080320082 198.48753 198.50701
p1->2 0.015326404 198.50702 198.50701
p2->1 0.099995285 198.48064 198.50702
Migration added
Local updates around node 1: 0 ln(lk):198.50702 
Local updates around node 2: 0 ln(lk):198.50702 
Updates in migration position: 0 ln(lk):198.50702 
Switches in migration direction: 0 ln(lk):198.50702 
ln(likelihood):198.50702 
Targeting migration to vicinity of:
G D
E B
E A
C E

C E
A E
B E
E C
E A
E B
E C
E A
E B
G D
Trying A E
A:0.0172709 E:0.121405
1->2 3.3026194e-07 198.50702 198.50702
2->1 3.0968394e-07 198.50702 198.50702
p1->2 3.3026194e-07 198.50702 198.50702
p2->1 3.8135897e-07 198.50702 198.50702
((B:0.0105129,C:0.0134888):0.00644627,A:0.0172709):0.0205288 E:0.121405
2->1 0.0008357527 198.50702 198.50702
p1->2 0.0008357527 198.50702 198.50702
p2->1 0.0008357527 198.50702 198.50702
Trying B E
((B:0.0105129,C:0.0134888):0.00644631,A:0.0172709):0.0206618 E:0.121405
B:0.0105129 E:0.121405
1->2 3.3026194e-07 198.50702 198.50702
2->1 3.0968394e-07 198.50702 198.50702
p1->2 3.3026194e-07 198.50702 198.50702
p2->1 3.8719494e-07 198.50702 198.50702
(C:0.0134887,B:0.0105129):0.00644633 E:0.121405
2->1 3.0968394e-07 198.50702 198.50702
p2->1 3.8135897e-07 198.50702 198.50702
Trying C E
(A:0.0172708,(C:0.0134888,B:0.0105129):0.00644636):0.0205288 E:0.121405
(C:0.0134888,B:0.0105129):0.00644636 E:0.121405
C:0.0134888 E:0.121405
1->2 3.3026194e-07 198.50702 198.50702
2->1 3.0968394e-07 198.50702 198.50702
p2->1 3.8719494e-07 198.50702 198.50702
Trying E A
E:0.121405 A:0.0172708
E:0.121405 (A:0.0172708,(B:0.0105128,C:0.0134888):0.00644633):0.0205288
Trying E B
E:0.121405 (A:0.0172708,(B:0.0105128,C:0.0134888):0.00644633):0.0205288
E:0.121405 B:0.0105128
E:0.121405 (B:0.0105128,C:0.0134888):0.00644633
Trying E C
E:0.121405 (A:0.0172708,(B:0.0105128,C:0.0134888):0.00644633):0.0205288
E:0.121405 (B:0.0105128,C:0.0134888):0.00644633
E:0.121405 C:0.0134888
Trying G D
G:0.122503 D:0.0598114
1->2 0.0008357527 198.50702 198.50702
2->1 0.099995285 198.50702 198.50702
p1->2 0.099995285 198.50702 198.50702
Migration added
Local updates around node 1: 0 ln(lk):198.50702 
Local updates around node 2: 0 ln(lk):198.50702 
Updates in migration position: 0 ln(lk):198.50702 
Switches in migration direction: 0 ln(lk):198.50702 
ln(likelihood):198.50702 
Targeting migration to vicinity of:
F D
D D
F D
F D

D D
F D
Trying D D
D:0.0597949 D:0.0597949
Trying F D
F:0.0568648 D:0.0597949
1->2 0.099995285 198.50702 198.50702
2->1 0.099995285 198.50702 198.50702
p1->2 0.099995285 198.50702 198.50702
ln(likelihood):198.50702 
Targeting migration to vicinity of:
D D
F D
F D
F D

D D
F D
Trying D D
D:0.0597946 D:0.0597946
Trying F D
F:0.0568608 D:0.0597946
1->2 0.099995285 198.50702 198.50702
2->1 0.099995285 198.50702 198.50702
p1->2 0.099995285 198.50702 198.50702
ln(likelihood):198.50702 
DONE.
