
TreeMix v. 1.13
$Revision: 231 $

npop:7 nsnp:17505003
Estimating covariance matrix in 43762 blocks of size 400
SEED: 1607913084
Starting from:
(D:0.126217,(A:0,C:0):0.126217);
Adding G [4/7]
ln(likelihood): -9599.2002 
((A:0.0127185,C:0.013472):0.0681935,(D:0.129137,G:0.158512):0.0681935);
Adding F [5/7]
ln(likelihood): -4454.9265 
((D:0.124196,G:0.155338):0.0585472,((A:0.017484,C:0.0185359):0.0199846,F:0.0584049):0.0585472);
Adding B [6/7]
ln(likelihood): -9461.4272 
((D:0.120606,((A:0.0172983,(C:0.0135157,B:0.01054):0.00644605):0.0222127,F:0.0537824):0.113799):0.0832853,G:0.0832853);
Adding E [7/7]
ln(likelihood): 227.72986 
(((D:0.119767,((A:0.0172708,(C:0.0134882,B:0.0105125):0.00644605):0.0222315,F:0.0537455):0.116069):0.0388848,G:0.121772):0.0608308,E:0.0608308);
Testing global rearrangements
D:0.119767 A:0.0172708
-436629.67 227.72986
D:0.119767 (A:0.0172708,(C:0.0134882,B:0.0105125):0.00644605):0.0222315
-272564.45 227.72986
D:0.119767 C:0.0134882
-474801.91 227.72986
D:0.119767 (C:0.0134882,B:0.0105125):0.00644605
-436629.67 227.72986
D:0.119767 B:0.0105125
-474801.91 227.72986
D:0.119767 E:0.0608308
-13662.402 227.72986
A:0.0172708 D:0.119767
-465465.61 227.72986
A:0.0172708 ((A:0.0172708,(C:0.0134882,B:0.0105125):0.00644605):0.0222315,F:0.0537455):0.116069
-20153.003 227.72986
C:0.0134882 A:0.0172708
-1395.7338 227.72986
F:0.0537455 A:0.0172708
-20153.003 227.72986
F:0.0537455 G:0.121772
-513344.36 227.72986
F:0.0537455 E:0.0608308
-513344.36 227.72986
G:0.121772 D:0.119767
-13662.402 227.72986
G:0.121772 E:0.0608308
227.72986 227.72986
E:0.0608308 D:0.119767
-13662.402 227.72986
E:0.0608308 F:0.0537455
-452463 227.72986
E:0.0608308 G:0.121772
227.72986 227.72986
Targeting migration to vicinity of:
D E
G F
D A
D B

G F
D E
F G
G F
E D
Trying D E
D:0.119767 E:0.0608308
1->2 0.091048792 228.09126 227.72986
2->1 0.66425264 228.09126 228.09126
p1->2 0.99991387 227.72986 228.09126
Trying E D
E:8.20026e+06 D:0.119767
Trying F G
((A:0.0172708,(C:0.0134882,B:0.0105125):0.00644605):0.0222315,F:0.0537455):0.116069 G:0.121772
1->2 0.099995285 228.09126 228.09126
2->1 0.17986722 228.09126 228.09126
p2->1 4.0751289e-05 227.72985 228.09126
F:0.0537455 G:0.121772
1->2 0.0019267334 228.14244 228.09126
2->1 0.0035051624 227.99879 228.14244
p2->1 0.0036258015 228.00985 228.14244
Trying G F
G:0.121772 ((A:0.0172708,(C:0.0134882,B:0.0105125):0.00644605):0.0217147,F:0.0546559):0.116574
G:0.121772 F:0.0546559
Migration added
Local updates around node 1: 0 ln(lk):228.14244 
Local updates around node 2: 0 ln(lk):228.14244 
Updates in migration position: 0 ln(lk):228.14244 
Switches in migration direction: 0 ln(lk):228.14244 
ln(likelihood):228.14244 
Targeting migration to vicinity of:
F E
D A
D B
D C

D A
D C
D B
D A
D C
D B
D A
D C
D B
F E
Trying D A
D:0.119648 A:0.0172708
1->2 9.8076482e-05 228.14872 228.14244
2->1 0.0063318266 228.37069 228.14872
p1->2 6.2255936e-07 228.14244 228.37069
p2->1 0.098679066 228.37068 228.37069
D:0.161525 ((C:0.0134882,B:0.0105125):0.00644605,A:0.0172708):0.0222778
1->2 0.0053747296 228.37068 228.37069
p1->2 4.0751289e-05 228.14243 228.37069
Trying D B
D:0.119648 (C:0.0134882,B:0.0105125):0.00644605
1->2 0.00017933312 228.16564 228.37069
2->1 0.0063318266 228.37069 228.37069
p1->2 6.2255936e-07 228.14244 228.37069
D:0.119648 B:0.0105125
1->2 5.7946159e-05 228.1461 228.37069
2->1 0.0049197529 228.35475 228.37069
p1->2 6.2255936e-07 228.14244 228.37069
D:0.119648 (A:0.0172708,(C:0.0134881,B:0.0105126):0.00644609):0.0222088
Trying D C
D:0.119648 (C:0.0134881,B:0.0105126):0.00644609
D:0.119648 C:0.0134881
1->2 5.7946159e-05 228.14614 228.37069
2->1 0.0049197529 228.35475 228.37069
p1->2 6.2255936e-07 228.14244 228.37069
D:0.119648 (A:0.0172708,(B:0.0105125,C:0.0134883):0.00644609):0.0222088
Trying F E
F:0.0537682 E:0.0606975
1->2 0.00079110416 228.20027 228.37069
2->1 0.0036049047 228.37074 228.37069
p1->2 0.099995285 228.14122 228.37074
Migration added
Local updates around node 1: 0 ln(lk):228.37074 
Local updates around node 2: 0 ln(lk):228.37074 
Updates in migration position: 0 ln(lk):228.37074 
Switches in migration direction: 0 ln(lk):228.37074 
ln(likelihood):228.37087 
Targeting migration to vicinity of:
D E
C G
G B
A G

A G
C G
B G
A G
C G
B G
D E
G A
G C
G B
Trying A G
(A:0.0172708,(B:0.0105125,C:0.0134882):0.00644605):0.0217193 G:0.122508
1->2 1.512534e-06 228.37087 228.37087
2->1 0.0008357527 228.37087 228.37087
p1->2 0.0008357527 228.37087 228.37087
p2->1 0.00095040275 228.37087 228.37087
A:0.0172708 G:0.122508
1->2 1.431666e-06 228.37087 228.37087
2->1 3.8719494e-07 228.37087 228.37087
p2->1 3.8719494e-07 228.37087 228.37087
(F:0.0546468,((B:0.0105125,C:0.0134882):0.006446,A:0.0172709):0.0217193):0.116683 G:0.122508
p2->1 4.0751289e-05 228.37087 228.37087
Trying B G
((B:0.0105125,C:0.0134882):0.00644605,A:0.0172708):0.0217193 G:0.122508
B:0.0105125 G:0.122508
1->2 1.375859e-06 228.37087 228.37087
2->1 3.8719494e-07 228.37087 228.37087
p1->2 1.431666e-06 228.37087 228.37087
p2->1 3.8719494e-07 228.37087 228.37087
(F:0.0546468,(A:0.0172708,(C:0.0134882,B:0.0105126):0.00644608):0.0217193):0.116683 G:0.122508
(C:0.0134882,B:0.0105126):0.00644608 G:0.122508
2->1 3.0968394e-07 228.37087 228.37087
p2->1 3.8719494e-07 228.37087 228.37087
Trying C G
(A:0.0172708,(C:0.0134882,B:0.0105125):0.0064461):0.0217193 G:0.122508
C:0.0134882 G:0.122508
1->2 1.375859e-06 228.37087 228.37087
2->1 3.8719494e-07 228.37087 228.37087
p2->1 3.8719494e-07 228.37087 228.37087
(F:0.0546468,(A:0.0172708,(B:0.0105125,C:0.0134882):0.00644608):0.0217193):0.116683 G:0.122508
(B:0.0105125,C:0.0134882):0.00644608 G:0.122508
Trying D E
D:0.119618 E:0.121321
1->2 0.0008357527 228.37087 228.37087
2->1 0.0008357527 228.37087 228.37087
p1->2 0.099995285 228.37087 228.37087
Trying G A
G:0.122508 (A:0.0172708,(B:0.0105125,C:0.0134882):0.00644605):0.0217193
G:0.122508 A:0.0172708
Trying G B
G:0.122508 (A:0.0172708,(B:0.0105125,C:0.0134882):0.00644605):0.0217193
G:0.122508 B:0.0105125
G:0.122508 (B:0.0105125,C:0.0134882):0.00644605
Trying G C
G:0.122508 (A:0.0172708,(B:0.0105125,C:0.0134882):0.00644605):0.0217193
G:0.122508 C:0.0134882
G:0.122508 (B:0.0105125,C:0.0134882):0.00644605
Migration added
Local updates around node 1: 0 ln(lk):228.37087 
Local updates around node 2: 0 ln(lk):228.37087 
Updates in migration position: 0 ln(lk):228.37087 
Switches in migration direction: 0 ln(lk):228.37087 
ln(likelihood):228.37087 
Targeting migration to vicinity of:
C E
C G
C C
G G

C C
C G
C E
B G
A D
C G
C E
B G
D G
G D
G G
Trying A D
A:0.0172708 D:0.119618
1->2 0.0008357527 228.37087 228.37087
2->1 3.8719494e-07 228.37087 228.37087
p1->2 0.0008357527 228.37087 228.37087
p2->1 3.8719494e-07 228.37087 228.37087
Trying B G
(B:0.0105125,C:0.0134882):0.00644601 G:0.122509
1->2 3.0968394e-07 228.37087 228.37087
2->1 3.8719494e-07 228.37087 228.37087
p2->1 3.8719494e-07 228.37087 228.37087
B:0.0105125 G:0.122509
1->2 3.0968394e-07 228.37087 228.37087
2->1 3.8719494e-07 228.37087 228.37087
p2->1 3.8719494e-07 228.37087 228.37087
Trying C C
C:0.0134882 C:0.0134882
p1->2 0.0012983129 228.37087 228.37087
(C:0.0135233,B:0.0105125):0.00644605 C:0.0135233
p1->2 0.0012983129 228.37087 228.37087
Trying C E
C:0.0135317 E:0.103614
1->2 3.0968394e-07 228.37087 228.37087
2->1 3.0968394e-07 228.37087 228.37087
p1->2 3.0968394e-07 228.37087 228.37087
Trying C G
C:0.0134882 G:0.122509
1->2 3.0968394e-07 228.37087 228.37087
2->1 3.8719494e-07 228.37087 228.37087
p2->1 3.8719494e-07 228.37087 228.37087
(B:0.0105125,C:0.0134882):0.00644608 G:0.122509
Trying D G
D:0.119618 G:0.122509
1->2 0.0008357527 228.37087 228.37087
2->1 0.0008357527 228.37087 228.37087
p2->1 0.0008357527 228.37087 228.37087
Trying G D
G:0.122509 D:0.119851
Trying G G
G:0.122509 G:0.122509
p1->2 0.099995285 228.37087 228.37087
ln(likelihood):228.37087 
DONE.
