
TreeMix v. 1.13
$Revision: 231 $

npop:7 nsnp:17505003
Estimating covariance matrix in 43762 blocks of size 400
SEED: 1607913222
Starting from:
((E:0.141516,G:0.141614):0.091359,C:0.091359);
Adding F [4/7]
ln(likelihood): -53118.216 
(C:0.0239244,((E:0.11691,G:0.116997):0.128057,F:0.0714064):0.0239244);
Adding A [5/7]
ln(likelihood): -15095.74 
((F:0.0534243,(C:0.0160702,A:0.0150183):0.0150252):0.076408,(E:0.131628,G:0.131704):0.076408);
Adding B [6/7]
ln(likelihood): -22647.837 
((F:0.0570621,(A:0.0203663,(C:0.0165837,B:0.013608):0.00644605):0.0245879):0.0785209,(E:0.116096,G:0.116163):0.0785209);
Adding D [7/7]
ln(likelihood): 227.72986 
(((F:0.0537455,(A:0.0172708,(C:0.0134882,B:0.0105125):0.00644605):0.0222315):0.116069,(E:0.121662,G:0.121772):0.0388848):0.0598837,D:0.0598837);
Testing global rearrangements
F:0.0537455 E:0.121662
-513344.36 227.72986
F:0.0537455 (E:0.121662,G:0.121772):0.0388848
-272564.45 227.72986
F:0.0537455 G:0.121772
-513344.36 227.72986
A:0.0172708 F:0.0537455
-20153.003 227.72986
C:0.0134882 A:0.0172708
-1395.7338 227.72986
E:0.121662 F:0.0537455
-452463 227.72986
E:0.121662 A:0.0172708
-695532.5 227.72986
E:0.121662 D:0.0598837
-13662.402 227.72986
D:0.0598837 F:0.0537455
-272564.45 227.72986
D:0.0598837 (F:0.0537455,(A:0.0172708,(C:0.0134882,B:0.0105125):0.00644605):0.0222315):0.116069
227.72986 227.72986
D:0.0598837 A:0.0172708
-436629.67 227.72986
D:0.0598837 (A:0.0172708,(C:0.0134882,B:0.0105125):0.00644605):0.0222315
-272564.45 227.72986
D:0.0598837 C:0.0134882
-474801.91 227.72986
D:0.0598837 (C:0.0134882,B:0.0105125):0.00644605
-436629.67 227.72986
D:0.0598837 B:0.0105125
-474801.91 227.72986
Targeting migration to vicinity of:
E D
G F
A D
B D

E D
G F
Trying E D
E:0.121662 D:0.0598837
1->2 0.010928518 228.09126 227.72986
2->1 0.66425264 228.09126 228.09126
p1->2 0.0009253035 227.72986 228.09126
Trying G F
G:0.121772 (F:0.0537455,(A:0.0172708,(C:0.0134882,B:0.0105125):0.00644605):0.0222315):0.116069
1->2 0.016919507 228.09126 228.09126
2->1 0.078394055 228.09126 228.09126
p2->1 4.0751289e-05 227.72985 228.09126
G:0.121784 F:0.0537455
1->2 0.0035051624 227.99879 228.09126
2->1 0.0019267334 228.14244 228.09126
p1->2 0.04331401 228.00985 228.14244
(E:0.121662,G:0.121772):0.03892 F:0.0643151
2->1 0.016859977 228.00985 228.14244
p1->2 4.0751289e-05 227.72985 228.14244
Migration added
Local updates around node 1: 0 ln(lk):228.14244 
Local updates around node 2: 0 ln(lk):228.14244 
Updates in migration position: 0 ln(lk):228.14244 
Switches in migration direction: 0 ln(lk):228.14244 
ln(likelihood):228.14244 
Targeting migration to vicinity of:
E F
A D
B D
C D

C D
A D
B D
C D
A D
B D
C D
A D
B D
E F
Trying A D
A:0.0172708 D:0.0598238
1->2 0.0063318266 228.37069 228.14244
2->1 9.7509241e-05 228.14871 228.37069
p1->2 0.25106686 228.37026 228.37069
((C:0.0134882,B:0.0105125):0.00644605,A:0.0172708):0.0222774 D:0.132745
2->1 0.0011701122 228.37069 228.37069
p1->2 0.98445362 228.14244 228.37069
Trying B D
((C:0.0134882,B:0.0105125):0.00644605,A:0.0172708):0.0222088 D:247.523
B:0.0105125 D:247.523
1->2 0.0049197529 228.35475 228.37069
2->1 5.7946159e-05 228.1461 228.37069
p1->2 0.0063318266 228.37069 228.37069
(C:0.0134882,B:0.0105125):0.00644605 D:0.0610188
2->1 0.00017933312 228.16564 228.37069
Trying C D
(A:0.0172458,(C:0.0134882,B:0.0105125):0.00647334):0.0222267 D:0.0598296
C:0.0134882 D:0.0598296
1->2 0.0049197529 228.35475 228.37069
2->1 5.7946159e-05 228.14614 228.37069
(B:0.0105057,C:0.0134966):0.00645046 D:0.0598247
Trying E F
E:0.121395 F:0.0537648
1->2 0.0036049047 228.37074 228.37069
2->1 0.00079110416 228.20027 228.37074
p1->2 0.022054944 228.37087 228.37074
p2->1 3.3026194e-07 228.14244 228.37087
Migration added
Local updates around node 1: 0 ln(lk):228.37087 
Local updates around node 2: 0 ln(lk):228.37087 
Updates in migration position: 0 ln(lk):228.37087 
Switches in migration direction: 0 ln(lk):228.37087 
ln(likelihood):228.37087 
Targeting migration to vicinity of:
E D
G C
G B
G A

E D
G C
G A
G B
G C
G A
G B
G C
G A
G B
Trying E D
E:0.121404 D:0.0598092
1->2 0.099995285 228.37087 228.37087
2->1 0.0008357527 228.37087 228.37087
p1->2 0.0008357527 228.37087 228.37087
Trying G A
G:0.122499 A:0.0172708
1->2 3.0968394e-07 228.37087 228.37087
2->1 3.3847815e-07 228.37087 228.37087
p1->2 3.8719494e-07 228.37087 228.37087
p2->1 3.3847815e-07 228.37087 228.37087
G:0.122499 ((B:0.0105125,C:0.0134882):0.00644605,A:0.0172708):0.0197181
1->2 0.0008357527 228.37087 228.37087
p1->2 0.0053747296 228.37087 228.37087
p2->1 0.099995285 228.37087 228.37087
Trying G B
G:0.156136 ((B:0.0105125,C:0.0134882):0.00644605,A:0.0172708):0.0197181
G:0.156136 B:0.0105125
1->2 3.0968394e-07 228.37087 228.37087
2->1 3.3847815e-07 228.37087 228.37087
p1->2 3.8719494e-07 228.37087 228.37087
p2->1 3.3847815e-07 228.37087 228.37087
G:0.122499 (C:0.0134882,B:0.0105125):0.00644605
1->2 3.0968394e-07 228.37087 228.37087
p1->2 3.8719494e-07 228.37087 228.37087
Trying G C
G:0.122499 (A:0.0172708,(C:0.0134882,B:0.0105125):0.00644609):0.0197181
G:0.122499 (C:0.0134882,B:0.0105125):0.00644609
G:0.122499 C:0.0134882
1->2 3.0968394e-07 228.37087 228.37087
2->1 3.3847815e-07 228.37087 228.37087
p1->2 3.8719494e-07 228.37087 228.37087
Migration added
Local updates around node 1: 0 ln(lk):228.37087 
Local updates around node 2: 0 ln(lk):228.37087 
Updates in migration position: 0 ln(lk):228.37087 
Switches in migration direction: 0 ln(lk):228.37087 
ln(likelihood):228.37087 
Targeting migration to vicinity of:
G C
C E
A D
G B

A D
C G
C E
B G
G C
G B
E C
G C
G B
E C
Trying A D
A:0.0172708 D:0.0762527
1->2 0.0008357527 228.37087 228.37087
2->1 3.6306955e-07 228.37087 228.37087
p1->2 0.099995285 228.37087 228.37087
Trying B G
B:0.0105125 G:0.122496
1->2 3.0968394e-07 228.37087 228.37087
2->1 3.0968394e-07 228.37087 228.37087
p1->2 6.2716344e-06 228.37087 228.37087
p2->1 3.0968394e-07 228.37087 228.37087
(C:0.0134882,B:0.0105126):0.00644607 G:0.122497
2->1 3.0968394e-07 228.37087 228.37087
p1->2 6.2716344e-06 228.37087 228.37087
p2->1 3.0968394e-07 228.37087 228.37087
Trying C E
C:0.0134882 E:0.121408
1->2 3.0968394e-07 228.37087 228.37087
2->1 3.0968394e-07 228.37087 228.37087
p1->2 4.0751289e-05 228.37087 228.37087
p2->1 3.0968394e-07 228.37087 228.37087
Trying C G
(B:0.0105125,C:0.0134882):0.00644607 G:0.122497
C:0.0134882 G:0.122497
1->2 3.0968394e-07 228.37087 228.37087
2->1 3.0968394e-07 228.37087 228.37087
Trying E C
E:0.121408 C:0.0134882
Trying G B
G:0.122497 B:0.0105125
G:0.122497 (B:0.0105125,C:0.0134882):0.00644607
Trying G C
G:0.122497 (B:0.0105125,C:0.0134882):0.00644607
G:0.122497 C:0.0134882
ln(likelihood):228.37087 
Targeting migration to vicinity of:
G C
C E
A D
G D

A D
C G
C E
B G
G C
G B
E C
G D
Trying A D
A:0.0172708 D:0.0762516
1->2 0.0008357527 228.37087 228.37087
2->1 3.6306955e-07 228.37087 228.37087
p1->2 0.099995285 228.37087 228.37087
Trying B G
B:0.0105125 G:0.122498
1->2 3.0968394e-07 228.37087 228.37087
2->1 3.0968394e-07 228.37087 228.37087
p1->2 6.2716344e-06 228.37087 228.37087
p2->1 3.0968394e-07 228.37087 228.37087
(C:0.0134882,B:0.0105126):0.00644607 G:0.122498
2->1 3.0968394e-07 228.37087 228.37087
p1->2 6.2716344e-06 228.37087 228.37087
p2->1 3.0968394e-07 228.37087 228.37087
Trying C E
C:0.0134882 E:0.121407
1->2 3.0968394e-07 228.37087 228.37087
2->1 3.0968394e-07 228.37087 228.37087
p1->2 4.0751289e-05 228.37087 228.37087
p2->1 3.0968394e-07 228.37087 228.37087
Trying C G
C:0.0134882 G:0.122498
1->2 3.0968394e-07 228.37087 228.37087
2->1 3.0968394e-07 228.37087 228.37087
(B:0.0105125,C:0.0134882):0.00644607 G:0.122498
Trying E C
E:0.121407 C:0.0134882
Trying G B
G:0.122498 B:0.0105125
G:0.122498 (B:0.0105125,C:0.0134882):0.00644607
Trying G C
G:0.122498 C:0.0134882
G:0.122498 (B:0.0105125,C:0.0134882):0.00644607
Trying G D
G:0.122498 D:0.0762516
1->2 0.099995285 228.37087 228.37087
2->1 0.099995285 228.37087 228.37087
p1->2 0.099995285 228.37087 228.37087
ln(likelihood):228.37087 
DONE.
