
TreeMix v. 1.13
$Revision: 231 $

npop:7 nsnp:17505003
Estimating covariance matrix in 17505 blocks of size 1000
SEED: 1607912681
Starting from:
((F:0.0768912,D:0.178619):0.0276266,B:0.0276266);
Adding A [4/7]
ln(likelihood): -16883.911 
((F:0.0505975,(B:0.0125758,A:0.0147981):0.00583632):0.121106,D:0.121106);
Adding C [5/7]
ln(likelihood): -15047.161 
((F:0.0573533,(A:0.0208551,(B:0.0140968,C:0.0170723):0.00644603):0.0234557):0.122833,D:0.122833);
Adding E [6/7]
ln(likelihood): -3685.233 
(((F:0.0537725,(A:0.0172884,(B:0.01053,C:0.0135055):0.00644603):0.0222129):0.113969,D:0.120481):0.08318,E:0.08318);
Adding G [7/7]
ln(likelihood): 215.86667 
(E:0.0608308,(((F:0.0537457,(A:0.0172709,(B:0.0105126,C:0.0134881):0.00644603):0.0222317):0.116067,D:0.119767):0.0388862,G:0.121772):0.0608308);
Testing global rearrangements
E:0.0608308 F:0.0537457
-185215.55 215.86667
E:0.0608308 D:0.119767
-5470.2436 215.86667
F:0.0537457 A:0.0172709
-8160.5338 215.86667
F:0.0537457 B:0.0105126
-12003.404 215.86667
F:0.0537457 (B:0.0105126,C:0.0134881):0.00644603
-8160.5338 215.86667
F:0.0537457 C:0.0134881
-12003.404 215.86667
F:0.0537457 D:0.119767
-111019.64 215.86667
A:0.0172709 F:0.0537457
-8160.5338 215.86667
A:0.0172709 C:0.0134881
-456.95667 215.86667
D:0.119767 E:0.0608308
-5470.2436 215.86667
D:0.119767 A:0.0172709
-178716.79 215.86667
G:0.121772 D:0.119767
-5470.2436 215.86667
Targeting migration to vicinity of:
D E
F G
D C
D B

D E
F G
D E
F G
Trying D E
D:0.119767 E:0.0608308
1->2 0.051593695 216.01435 215.86667
2->1 0.051593695 216.01435 216.01435
p1->2 0.72419119 215.86667 216.01435
Trying F G
(F:0.0537457,(A:0.0172709,(B:0.0105126,C:0.0134881):0.00644603):0.0222317):0.116067 G:0.121772
1->2 0.099995285 216.01435 216.01435
2->1 0.099995285 216.01435 216.01435
p2->1 4.0751289e-05 215.86667 216.01435
F:0.0537457 G:0.121772
1->2 0.0019267334 216.0351 216.01435
2->1 0.0035051624 215.97625 216.0351
p2->1 0.0036258015 215.98095 216.0351
Migration added
Local updates around node 1: 0 ln(lk):216.0351 
Local updates around node 2: 0 ln(lk):216.0351 
Updates in migration position: 0 ln(lk):216.0351 
Switches in migration direction: 0 ln(lk):216.0351 
ln(likelihood):216.03509 
DONE.
