
TreeMix v. 1.13
$Revision: 231 $

npop:7 nsnp:17505003
Estimating covariance matrix in 29175 blocks of size 600
SEED: 1607912681
Starting from:
((F:0.0768912,D:0.178619):0.0276266,B:0.0276266);
Adding A [4/7]
ln(likelihood): -27749.027 
((F:0.0505975,(B:0.0125758,A:0.0147981):0.00583632):0.121106,D:0.121106);
Adding C [5/7]
ln(likelihood): -24714.521 
((F:0.0573533,(A:0.0208551,(B:0.0140968,C:0.0170723):0.00644603):0.0234557):0.122833,D:0.122833);
Adding E [6/7]
ln(likelihood): -6125.5967 
(((F:0.0537725,(A:0.0172884,(B:0.01053,C:0.0135055):0.00644603):0.0222129):0.113969,D:0.120481):0.08318,E:0.08318);
Adding G [7/7]
ln(likelihood): 222.57884 
(E:0.0608308,(((F:0.0537457,(A:0.0172709,(B:0.0105126,C:0.0134881):0.00644603):0.0222317):0.116067,D:0.119767):0.0388862,G:0.121772):0.0608308);
Testing global rearrangements
E:0.0608308 F:0.0537457
-305490.26 222.57884
E:0.0608308 D:0.119767
-9154.6152 222.57884
F:0.0537457 A:0.0172709
-13564.426 222.57884
F:0.0537457 B:0.0105126
-19869.453 222.57884
F:0.0537457 D:0.119767
-183549.02 222.57884
A:0.0172709 F:0.0537457
-13564.426 222.57884
A:0.0172709 C:0.0134881
-880.52503 222.57884
D:0.119767 E:0.0608308
-9154.6152 222.57884
D:0.119767 A:0.0172709
-294755.09 222.57884
G:0.121772 D:0.119767
-9154.6152 222.57884
Targeting migration to vicinity of:
D E
F G
D A
D C

G F
D E
F G
D E
F G
Trying D E
D:0.119767 E:0.0608308
1->2 0.091048792 222.82257 222.57884
2->1 0.078036837 222.82257 222.82257
p1->2 6.9846574e-06 222.57884 222.82257
Trying F G
(F:0.0537457,(A:0.0172709,(B:0.0105126,C:0.0134881):0.00644603):0.0222317):0.116067 G:0.121772
1->2 0.099995285 222.82257 222.82257
2->1 0.016979244 222.82257 222.82257
p2->1 4.0751289e-05 222.57883 222.82257
F:0.0537457 G:0.121772
1->2 0.0019267334 222.85694 222.82257
2->1 0.0035051624 222.75994 222.85694
p2->1 0.0036258015 222.76755 222.85694
Trying G F
G:0.121772 ((A:0.0172709,(B:0.0105126,C:0.0134881):0.00644603):0.0217149,F:0.054656):0.116572
G:0.121772 F:0.054656
Migration added
Local updates around node 1: 0 ln(lk):222.85694 
Local updates around node 2: 0 ln(lk):222.85694 
Updates in migration position: 0 ln(lk):222.85694 
Switches in migration direction: 0 ln(lk):222.85694 
ln(likelihood):222.85693 
DONE.
