
TreeMix v. 1.13
$Revision: 231 $

npop:7 nsnp:17505003
Estimating covariance matrix in 4862 blocks of size 3600
SEED: 1607912681
Starting from:
((F:0.0768918,D:0.17863):0.0276258,B:0.0276258);
Adding A [4/7]
ln(likelihood): -4730.1012 
((F:0.0505952,(B:0.0125757,A:0.0147974):0.00583552):0.121113,D:0.121113);
Adding C [5/7]
ln(likelihood): -4193.1219 
((F:0.0573516,(A:0.0208547,(B:0.0140967,C:0.0170726):0.00644631):0.0234557):0.122841,D:0.122841);
Adding E [6/7]
ln(likelihood): -942.59152 
(((F:0.0537709,(A:0.0172881,(B:0.0105301,C:0.013506):0.00644631):0.0222126):0.113981,D:0.120486):0.083173,E:0.083173);
Adding G [7/7]
ln(likelihood): 198.43348 
(((F:0.0537443,(A:0.0172709,(B:0.0105129,C:0.0134888):0.00644631):0.0222313):0.116079,D:0.119772):0.019435,(E:0.121663,G:0.121773):0.019435);
Testing global rearrangements
F:0.0537443 ((F:0.0537443,(A:0.0172709,(B:0.0105129,C:0.0134888):0.00644631):0.0222313):0.116079,D:0.119772):0.019435
-31019.707 198.43348
F:0.0537443 E:0.121663
-58908.973 198.43348
F:0.0537443 (E:0.121663,G:0.121773):0.019435
-31019.707 198.43348
F:0.0537443 G:0.121773
-58908.973 198.43348
A:0.0172709 F:0.0537443
-2161.178 198.43348
B:0.0105129 A:0.0172709
8.0268298 198.43348
D:0.119772 A:0.0172709
-50134.866 198.43348
D:0.119772 E:0.121663
-1399.1102 198.43348
Targeting migration to vicinity of:
D E
F G
D B
D A

D E
F G
D E
F G
Trying D E
D:0.119772 E:0.121663
1->2 0.051593695 198.47497 198.43348
2->1 0.051593695 198.47497 198.47497
p1->2 0.099995285 198.43348 198.47497
p2->1 0.0008357527 198.43348 198.47497
Trying F G
(F:0.0537443,(A:0.0172709,(B:0.0105129,C:0.0134888):0.00644631):0.0222313):0.116079 G:0.121773
1->2 0.10127305 198.47497 198.47497
2->1 0.099995285 198.47497 198.47497
p1->2 0.099995285 198.43348 198.47497
p2->1 0.099995285 198.43348 198.47497
F:0.0537443 (E:0.121663,G:0.121773):0.03887
1->2 0.099838786 198.46557 198.47497
2->1 0.016859977 198.46557 198.47497
p1->2 0.099995285 198.43348 198.47497
F:0.0537443 G:0.121773
1->2 0.0019267334 198.48078 198.47497
2->1 0.0035051624 198.46423 198.48078
Migration added
Local updates around node 1: 0 ln(lk):198.48078 
Local updates around node 2: 0 ln(lk):198.48078 
Updates in migration position: 0 ln(lk):198.48078 
Switches in migration direction: 0 ln(lk):198.48078 
ln(likelihood):198.48078 
DONE.
