
TreeMix v. 1.13
$Revision: 231 $

npop:7 nsnp:17505003
Estimating covariance matrix in 8752 blocks of size 2000
SEED: 1607912949
Starting from:
((E:0.141668,G:0.141766):0.0907677,A:0.0907677);
Adding C [4/7]
ln(likelihood): -10060.993 
((E:0.1369,G:0.136986):0.0878446,(A:0.00131505,C:0.00206889):0.0878446);
Adding B [5/7]
ln(likelihood): -197.68457 
((E:0.125152,G:0.125227):0.0883801,(A:0.0164729,(C:0.0133647,B:0.0103889):0.00509801):0.0883801);
Adding F [6/7]
ln(likelihood): -4693.6834 
((E:0.116096,G:0.116162):0.0785199,((A:0.0203667,(C:0.0165844,B:0.0136086):0.00644613):0.0245882,F:0.057062):0.0785199);
Adding D [7/7]
ln(likelihood): 206.50167 
(((A:0.0172709,(C:0.0134885,B:0.0105128):0.00644613):0.0222314,F:0.0537451):0.0580369,((E:0.121663,G:0.121772):0.0388772,D:0.11977):0.0580369);
Testing global rearrangements
A:0.0172709 ((A:0.0172709,(C:0.0134885,B:0.0105128):0.00644613):0.0222314,F:0.0537451):0.0580369
-4021.3864 206.50167
A:0.0172709 G:0.121772
-169790.39 206.50167
A:0.0172709 D:0.11977
-96238.629 206.50167
C:0.0134885 A:0.0172709
-134.19337 206.50167
F:0.0537451 A:0.0172709
-4021.3864 206.50167
F:0.0537451 E:0.121663
-105752.59 206.50167
F:0.0537451 (E:0.121663,G:0.121772):0.0388772
-55786.208 206.50167
F:0.0537451 G:0.121772
-105752.59 206.50167
E:0.121663 D:0.11977
-2658.0782 206.50167
D:0.11977 A:0.0172709
-90013.586 206.50167
D:0.11977 (A:0.0172709,(C:0.0134885,B:0.0105128):0.00644613):0.0222314
-55786.208 206.50167
D:0.11977 C:0.0134885
-98120.66 206.50167
D:0.11977 (C:0.0134885,B:0.0105128):0.00644613
-90013.586 206.50167
D:0.11977 B:0.0105128
-98120.66 206.50167
D:0.11977 ((A:0.0172709,(C:0.0134885,B:0.0105128):0.00644613):0.0222314,F:0.0537451):0.0580369
206.50167 206.50167
D:0.11977 F:0.0537451
-55786.208 206.50167
Targeting migration to vicinity of:
E D
G F
A D
B D

F G
E D
D E
G F
Trying D E
D:0.11977 E:0.121663
1->2 0.078036837 206.57606 206.50167
2->1 0.09951704 206.57606 206.57606
p1->2 4.0751289e-05 206.50167 206.57606
Trying E D
E:0.121674 D:0.11977
Trying F G
((A:0.0172709,(C:0.0134885,B:0.0105128):0.00644613):0.0222314,F:0.0537451):0.0580369 G:0.121771
1->2 0.016859977 206.57606 206.57606
2->1 0.17986722 206.57606 206.57606
p2->1 0.99775207 206.50167 206.57606
F:0.0537451 G:0.121772
1->2 0.0019267334 206.58649 206.57606
2->1 0.0035051624 206.55681 206.58649
p2->1 0.078036837 206.55921 206.58649
F:0.0739897 (E:0.121663,G:0.121772):0.0389124
1->2 0.014303165 206.55921 206.58649
p1->2 0.099995285 206.50167 206.58649
p2->1 0.099995285 206.50167 206.58649
Trying G F
G:0.121772 ((A:0.0172709,(C:0.0134885,B:0.0105128):0.00644613):0.0222314,F:0.0663513):0
G:0.121772 F:0.0663513
(E:0.121663,G:0.121772):0.0388772 F:0.0663513
Migration added
Local updates around node 1: 0 ln(lk):206.58649 
Local updates around node 2: 0 ln(lk):206.58649 
Updates in migration position: 0 ln(lk):206.58649 
Switches in migration direction: 0 ln(lk):206.58649 
ln(likelihood):206.58649 
Targeting migration to vicinity of:
E F
A D
B D
C D

A D
C D
B D
F E
A D
C D
B D
A D
C D
B D
E F
D A
Trying A D
(A:0.0172709,(C:0.0134885,B:0.0105128):0.00644613):0.0222088 D:0.119649
1->2 0.099995285 206.63351 206.58649
2->1 0.0026463708 206.63351 206.63351
p1->2 0.099995285 206.58649 206.63351
p2->1 0.10127305 206.58649 206.63351
A:0.0172709 D:0.119649
1->2 0.0063318266 206.63351 206.63351
2->1 9.8076482e-05 206.58779 206.63351
p2->1 0.10924691 206.58649 206.63351
Trying B D
(C:0.0134885,B:0.0105128):0.00372232 D:0.119649
1->2 0.0063318266 206.63351 206.63351
2->1 0.00017933312 206.59129 206.63351
p2->1 0.09951704 206.58649 206.63351
B:0.0105128 D:0.119649
1->2 0.0049197529 206.63024 206.63351
2->1 5.7946159e-05 206.58724 206.63351
p2->1 3.6306955e-07 206.58649 206.63351
(A:0.0172709,(C:0.0134885,B:0.0105128):0.00644614):0.0222088 D:0.119649
Trying C D
(C:0.0134885,B:0.0105128):0.00644614 D:0.119649
(A:0.0172709,(C:0.0134885,B:0.0105128):0.00644614):0.0222088 D:0.119649
C:0.0134885 D:0.119649
1->2 0.0049197529 206.63024 206.63351
2->1 5.7946159e-05 206.58725 206.63351
p2->1 4.7680956e-07 206.58649 206.63351
Trying D A
D:0.119649 (A:0.0172709,(B:0.0105127,C:0.0134886):0.00644614):0.0222088
D:0.119649 A:0.0172709
Trying E F
E:0.121394 F:0.0537677
1->2 0.0035920499 206.63351 206.63351
2->1 0.00079855864 206.5986 206.63351
p1->2 0.015326404 206.63352 206.63351
p2->1 0.099995285 206.58622 206.63352
Trying F E
F:0.0537686 E:0.154704
Migration added
Local updates around node 1: 0 ln(lk):206.63352 
Local updates around node 2: 0 ln(lk):206.63352 
Updates in migration position: 0 ln(lk):206.63352 
Switches in migration direction: 0 ln(lk):206.63352 
ln(likelihood):206.63352 
Targeting migration to vicinity of:
G D
A E
E B
E C

A E
C E
B E
E A
E C
E B
E A
E C
E B
G D
D G
Trying A E
(A:0.0172709,(B:0.0105128,C:0.0134885):0.00644613):0.0205289 E:0.121405
1->2 3.0968394e-07 206.63352 206.63352
2->1 0.0008357527 206.63352 206.63352
p1->2 0.0008357527 206.63352 206.63352
p2->1 0.0008357527 206.63352 206.63352
A:0.0172709 E:0.121405
1->2 3.0968394e-07 206.63352 206.63352
2->1 3.0968394e-07 206.63352 206.63352
p2->1 3.0968394e-07 206.63352 206.63352
Trying B E
(B:0.0105128,C:0.0134885):0.0064461 E:0.121405
1->2 3.0968394e-07 206.63352 206.63352
2->1 3.0968394e-07 206.63352 206.63352
p2->1 3.0968394e-07 206.63352 206.63352
B:0.0105128 E:0.121405
1->2 3.0968394e-07 206.63352 206.63352
2->1 3.0968394e-07 206.63352 206.63352
p2->1 3.0968394e-07 206.63352 206.63352
(A:0.0172709,(C:0.0134885,B:0.0105128):0.00644615):0.0205289 E:0.121405
Trying C E
(C:0.0134885,B:0.0105128):0.00644615 E:0.121405
(A:0.0172709,(C:0.0134885,B:0.0105128):0.00644615):0.0205289 E:0.121405
C:0.0134885 E:0.121405
1->2 3.0968394e-07 206.63352 206.63352
2->1 3.0968394e-07 206.63352 206.63352
p2->1 3.0968394e-07 206.63352 206.63352
Trying D G
D:0.119621 G:0.122503
1->2 0.099995285 206.63352 206.63352
2->1 0.0008357527 206.63352 206.63352
p1->2 4.0751289e-05 206.63352 206.63352
p2->1 0.099995285 206.63352 206.63352
Trying E A
E:0.121405 (A:0.0172709,(B:0.0105128,C:0.0134885):0.00644613):0.0205295
E:0.121405 A:0.0172709
Trying E B
E:0.121405 (B:0.0105128,C:0.0134885):0.00644613
E:0.121405 B:0.0105128
E:0.121405 (A:0.0172709,(B:0.0105128,C:0.0134885):0.00644613):0.0205295
Trying E C
E:0.121405 (B:0.0105128,C:0.0134885):0.00644613
E:0.121405 (A:0.0172709,(B:0.0105128,C:0.0134885):0.00644613):0.0205295
E:0.121405 C:0.0134885
Trying G D
G:0.122503 D:0.149002
Migration added
Local updates around node 1: 0 ln(lk):206.63352 
Local updates around node 2: 0 ln(lk):206.63352 
Updates in migration position: 0 ln(lk):206.63352 
Switches in migration direction: 0 ln(lk):206.63352 
ln(likelihood):206.63352 
DONE.
