
TreeMix v. 1.13
$Revision: 231 $

npop:7 nsnp:17505003
Estimating covariance matrix in 17505 blocks of size 1000
SEED: 1607913358
Starting from:
(D:0.126217,(A:0,C:0):0.126217);
Adding G [4/7]
ln(likelihood): -3929.7871 
((A:0.0127189,C:0.0134721):0.068193,(D:0.129137,G:0.158513):0.068193);
Adding B [5/7]
ln(likelihood): -6463.4475 
((A:0.0214329,(C:0.0158248,B:0.0128493):0.0100965):0.0704907,(D:0.117714,G:0.148893):0.0704907);
Adding E [6/7]
ln(likelihood): -4081.1685 
((A:0.0205906,(D:0.118735,(G:0.120756,E:0.120634):0.038915):0.135732):0.00322117,(C:0.0174762,B:0.0145008):0.00322117);
Adding F [7/7]
ln(likelihood): 215.86667 
(B:0.0052563,(C:0.0134881,(A:0.0172709,((D:0.119767,(G:0.121772,E:0.121662):0.0388862):0.116067,F:0.0537457):0.0222317):0.00644603):0.0052563);
Testing global rearrangements
B:0.0052563 A:0.0172709
-456.95667 215.86667
B:0.0052563 D:0.119767
-205000.01 215.86667
B:0.0052563 G:0.121772
-356725.36 215.86667
B:0.0052563 F:0.0537457
-11623.516 215.86667
C:0.0134881 B:0.0052563
215.86667 215.86667
C:0.0134881 A:0.0172709
-456.95667 215.86667
A:0.0172709 D:0.119767
-190920.39 215.86667
A:0.0172709 (D:0.119767,(G:0.121772,E:0.121662):0.0388862):0.116067
-8160.5338 215.86667
A:0.0172709 G:0.121772
-336426.51 215.86667
A:0.0172709 (G:0.121772,E:0.121662):0.0388862
-190920.39 215.86667
A:0.0172709 E:0.121662
-336426.51 215.86667
A:0.0172709 F:0.0537457
-8160.5338 215.86667
D:0.119767 E:0.121662
-5470.2436 215.86667
D:0.119767 F:0.0537457
-111019.64 215.86667
G:0.121772 D:0.119767
-5470.2436 215.86667
F:0.0537457 B:0.0052563
-12003.404 215.86667
F:0.0537457 C:0.0134881
-12003.404 215.86667
F:0.0537457 A:0.0172709
-8160.5338 215.86667
F:0.0537457 D:0.119767
-111019.64 215.86667
DONE.
