
TreeMix v. 1.13
$Revision: 231 $

npop:7 nsnp:17505003
Estimating covariance matrix in 6732 blocks of size 2600
SEED: 1607913084
Starting from:
(D:0.126223,(A:0,C:0):0.126223);
Adding G [4/7]
ln(likelihood): -1492.516 
((A:0.0127166,C:0.0134708):0.0681986,(D:0.129142,G:0.158502):0.0681986);
Adding F [5/7]
ln(likelihood): -644.92636 
((D:0.1242,G:0.155327):0.0585522,((A:0.0174837,C:0.0185363):0.0199838,F:0.0584029):0.0585522);
Adding B [6/7]
ln(likelihood): -1416.7036 
((D:0.12061,((A:0.0172982,(C:0.0135161,B:0.0105402):0.00644631):0.0222126,F:0.053781):0.113809):0.0832786,G:0.0832786);
Adding E [7/7]
ln(likelihood): 202.90994 
(((D:0.119772,((A:0.0172709,(C:0.0134888,B:0.0105129):0.00644631):0.0222313,F:0.0537443):0.116079):0.03887,G:0.121773):0.0608314,E:0.0608314);
Testing global rearrangements
D:0.119772 A:0.0172709
-69349.808 202.90994
D:0.119772 (A:0.0172709,(C:0.0134888,B:0.0105129):0.00644631):0.0222313
-42951.213 202.90994
D:0.119772 C:0.0134888
-75606.745 202.90994
D:0.119772 (C:0.0134888,B:0.0105129):0.00644631
-69349.808 202.90994
D:0.119772 B:0.0105129
-75606.745 202.90994
D:0.119772 E:0.0608314
-2004.4849 202.90994
A:0.0172709 D:0.119772
-74159.157 202.90994
A:0.0172709 ((A:0.0172709,(C:0.0134888,B:0.0105129):0.00644631):0.0222313,F:0.0537443):0.116079
-3057.0602 202.90994
C:0.0134888 A:0.0172709
-59.944411 202.90994
F:0.0537443 A:0.0172709
-3057.0602 202.90994
F:0.0537443 G:0.121773
-81478.561 202.90994
F:0.0537443 E:0.0608314
-81478.561 202.90994
G:0.121773 D:0.119772
-2004.4849 202.90994
G:0.121773 E:0.0608314
202.90994 202.90994
E:0.0608314 D:0.119772
-2004.4849 202.90994
E:0.0608314 F:0.0537443
-71858.329 202.90994
Targeting migration to vicinity of:
D E
G F
D A
D B

G F
D E
F G
G F
E D
Trying D E
D:0.119772 E:0.0608314
1->2 0.099995285 202.96728 202.90994
2->1 0.051593695 202.96728 202.96728
p1->2 0.99991387 202.90994 202.96728
Trying E D
E:8.20034e+06 D:0.119772
Trying F G
((A:0.0172709,(C:0.0134888,B:0.0105129):0.00644631):0.0222313,F:0.0537443):0.116079 G:0.121773
1->2 0.099995285 202.96728 202.96728
2->1 0.051593695 202.96728 202.96728
p2->1 4.0751289e-05 202.90994 202.96728
F:0.0537443 G:0.121773
1->2 0.0019267334 202.97531 202.96728
2->1 0.0035051624 202.95244 202.97531
p2->1 0.0036258015 202.95429 202.97531
Trying G F
G:0.121773 ((A:0.0172709,(C:0.0134888,B:0.0105129):0.00644631):0.0217146,F:0.0546546):0.116584
G:0.121773 F:0.0546546
Migration added
Local updates around node 1: 0 ln(lk):202.97531 
Local updates around node 2: 0 ln(lk):202.97531 
Updates in migration position: 0 ln(lk):202.97531 
Switches in migration direction: 0 ln(lk):202.97531 
ln(likelihood):202.97531 
Targeting migration to vicinity of:
F E
D A
D B
D C

D A
D C
D B
D A
D C
D B
D A
D C
D B
F E
Trying D A
D:0.119651 A:0.0172709
1->2 9.8076482e-05 202.97631 202.97531
2->1 0.0063318266 203.01155 202.97631
p1->2 6.2255936e-07 202.97531 203.01155
p2->1 0.10146535 203.01155 203.01155
D:0.162936 ((C:0.0134888,B:0.0105129):0.00644631,A:0.0172709):0.0222778
1->2 0.003381049 203.01155 203.01155
p1->2 4.0751289e-05 202.97531 203.01155
Trying D B
D:0.119651 B:0.0105129
1->2 5.7946159e-05 202.97589 203.01155
2->1 0.0049197529 203.00903 203.01155
p1->2 6.2255936e-07 202.97531 203.01155
p2->1 0.0063318266 203.01155 203.01155
D:0.122041 (C:0.0134888,B:0.0105129):0.00644631
1->2 0.00018207697 202.97901 203.01155
p1->2 6.2255936e-07 202.97531 203.01155
D:0.119651 (A:0.0172708,(C:0.0134888,B:0.0105129):0.00644638):0.0222088
Trying D C
D:0.119651 C:0.0134888
1->2 5.7946159e-05 202.9759 203.01155
2->1 0.0049197529 203.00903 203.01155
p1->2 6.2255936e-07 202.97531 203.01155
D:0.119651 (B:0.0105128,C:0.0134889):0.00644635
D:0.119651 (A:0.0172708,(B:0.0105128,C:0.0134889):0.00644635):0.0222088
Trying F E
F:0.0537669 E:0.0606972
1->2 0.00080320082 202.98464 203.01155
2->1 0.0036049047 203.01156 203.01155
p1->2 0.17986722 202.97511 203.01156
Migration added
Local updates around node 1: 0 ln(lk):203.01156 
Local updates around node 2: 0 ln(lk):203.01156 
Updates in migration position: 0 ln(lk):203.01156 
Switches in migration direction: 0 ln(lk):203.01156 
ln(likelihood):203.01157 
Targeting migration to vicinity of:
D G
B E
A E
C E

A E
C E
B E
A E
C E
B E
A E
C E
B E
D G
G D
Trying A E
A:0.0172709 E:0.108015
1->2 3.0968394e-07 203.01157 203.01157
2->1 3.0968394e-07 203.01157 203.01157
p1->2 3.0968394e-07 203.01157 203.01157
((B:0.0105129,C:0.0134888):0.00644631,A:0.0172709):0.0218883 E:0.108016
2->1 3.0968394e-07 203.01157 203.01157
p1->2 0.0008357527 203.01157 203.01157
Trying B E
B:0.0105129 E:0.10824
1->2 3.0968394e-07 203.01157 203.01157
2->1 3.0968394e-07 203.01157 203.01157
p1->2 3.0968394e-07 203.01157 203.01157
(A:0.0172709,(C:0.0134888,B:0.0105129):0.00644631):0.0218883 E:0.108015
(C:0.0134888,B:0.0105129):0.00644631 E:0.108015
2->1 3.0968394e-07 203.01157 203.01157
Trying C E
C:0.0134888 E:0.108012
1->2 3.0968394e-07 203.01157 203.01157
2->1 3.0968394e-07 203.01157 203.01157
(A:0.0172708,(B:0.0105128,C:0.0134888):0.00644633):0.0218883 E:0.108013
(B:0.0105128,C:0.0134888):0.00644633 E:0.108013
Trying D G
D:0.119623 G:0.12251
1->2 0.099995285 203.01157 203.01157
2->1 0.099995285 203.01157 203.01157
p2->1 4.0751289e-05 203.01157 203.01157
Trying G D
G:0.12251 D:0.119634
Migration added
Local updates around node 1: 0 ln(lk):203.01157 
Local updates around node 2: 0 ln(lk):203.01157 
Updates in migration position: 0 ln(lk):203.01157 
Switches in migration direction: 0 ln(lk):203.01157 
ln(likelihood):203.01157 
Targeting migration to vicinity of:
D D
D D
D D
D D

D D
Trying D D
(D:0.119622,(F:0.0543193,((B:0.0105129,C:0.0134888):0.00644631,A:0.0172709):0.0218879):0.116525):0.039129 (D:0.119622,(F:0.0543193,((B:0.0105129,C:0.0134888):0.00644631,A:0.0172709):0.0218879):0.116525):0.039129
p1->2 0.099995285 203.01157 203.01157
(D:0.119622,(F:0.0543193,((B:0.0105129,C:0.0134888):0.00644631,A:0.0172709):0.0218879):0.116525):0.0483068 (G:0.122478,(D:0.119622,(F:0.0543193,((B:0.0105129,C:0.0134888):0.00644631,A:0.0172709):0.0218879):0.116525):0.0483068):0.013346
(G:0.122478,(D:0.119622,(F:0.0543193,((B:0.0105129,C:0.0134888):0.00644631,A:0.0172709):0.0218879):0.116525):0.0483068):0.013346 (D:0.119622,(F:0.0543193,((B:0.0105129,C:0.0134888):0.00644631,A:0.0172709):0.0218879):0.116525):0.0483068
(G:0.122478,(D:0.119622,(F:0.0543193,((B:0.0105129,C:0.0134888):0.00644631,A:0.0172709):0.0218879):0.116525):0.0483068):0.013346 (G:0.122478,(D:0.119622,(F:0.0543193,((B:0.0105129,C:0.0134888):0.00644631,A:0.0172709):0.0218879):0.116525):0.0483068):0.013346
D:0.119622 (D:0.119622,(F:0.0543193,((B:0.0105129,C:0.0134888):0.00644631,A:0.0172709):0.0218879):0.116525):0.0483068
2->1 0.099995285 203.01157 203.01157
p2->1 0.099995285 203.01157 203.01157
D:0.152511 (G:0.122474,(D:0.152511,(F:0.0543193,((B:0.0105129,C:0.0134888):0.00644631,A:0.0172709):0.0218879):0.112177):0.04348):0.0133639
D:0.152511 D:0.152511
ln(likelihood):203.01157 
DONE.
