
TreeMix v. 1.13
$Revision: 231 $

npop:7 nsnp:17505003
Estimating covariance matrix in 87525 blocks of size 200
SEED: 1607913222
Starting from:
((E:0.141516,G:0.141614):0.0913591,C:0.0913591);
Adding F [4/7]
ln(likelihood): -99895.979 
(C:0.0239244,((E:0.11691,G:0.116997):0.128057,F:0.0714063):0.0239244);
Adding A [5/7]
ln(likelihood): -28765.253 
((F:0.0534244,(C:0.01607,A:0.0150183):0.0150253):0.0764081,(E:0.131628,G:0.131704):0.0764081);
Adding B [6/7]
ln(likelihood): -42665.547 
((F:0.0570622,(A:0.0203663,(C:0.0165835,B:0.013608):0.00644603):0.024588):0.078521,(E:0.116097,G:0.116163):0.078521);
Adding D [7/7]
ln(likelihood): 235.95888 
(D:0.0598833,((E:0.121662,G:0.121772):0.0388862,(F:0.0537457,(A:0.0172709,(C:0.0134881,B:0.0105126):0.00644603):0.0222317):0.116067):0.0598833);
Testing global rearrangements
D:0.0598833 E:0.121662
-26531.935 235.95888
D:0.0598833 A:0.0172709
-841014.51 235.95888
D:0.0598833 (A:0.0172709,(C:0.0134881,B:0.0105126):0.00644603):0.0222317
-528689.42 235.95888
D:0.0598833 C:0.0134881
-912224.25 235.95888
D:0.0598833 (C:0.0134881,B:0.0105126):0.00644603
-841014.51 235.95888
D:0.0598833 B:0.0105126
-912224.25 235.95888
E:0.121662 D:0.0598833
-26531.935 235.95888
F:0.0537457 D:0.0598833
-528689.42 235.95888
F:0.0537457 B:0.0105126
-56381.969 235.95888
A:0.0172709 C:0.0134881
-2832.2662 235.95888
A:0.0172709 B:0.0105126
-2832.2662 235.95888
Targeting migration to vicinity of:
E D
G F
A D
C D

E D
G F
Trying E D
E:0.121662 D:0.0598833
1->2 0.018700175 236.65766 235.95888
2->1 0.051593695 236.65766 236.65766
p1->2 0.99965066 235.95888 236.65766
Trying G F
(G:0.121772,E:0.121662):0.0388862 F:0.0537457
1->2 0.056945603 236.50107 236.65766
2->1 0.016859977 236.50107 236.65766
p1->2 4.0751289e-05 235.95887 236.65766
G:0.121772 F:0.0537548
1->2 0.0034849585 236.481 236.65766
2->1 0.0019156102 236.7578 236.65766
p2->1 0.010952494 236.65766 236.7578
G:0.125104 ((A:0.0172709,(C:0.0134881,B:0.0105126):0.00644603):0.0222317,F:0.0537457):0.116181
1->2 0.035985131 236.65766 236.7578
p2->1 4.0751289e-05 235.95887 236.7578
Migration added
Local updates around node 1: 0 ln(lk):236.7578 
Local updates around node 2: 0 ln(lk):236.7578 
Updates in migration position: 0 ln(lk):236.7578 
Switches in migration direction: 0 ln(lk):236.7578 
ln(likelihood):236.7578 
Targeting migration to vicinity of:
E F
A D
C D
B D

C D
A D
B D
C D
A D
B D
C D
A D
B D
E F
Trying A D
A:0.0172709 D:0.0598233
1->2 0.0063318266 237.19877 236.7578
2->1 9.6039679e-05 236.76986 237.19877
p1->2 0.25106686 237.19825 237.19877
((C:0.0134881,B:0.0105126):0.00644603,A:0.0172709):0.0222778 D:0.132744
2->1 0.0011701122 237.19878 237.19877
p1->2 5.936321e-06 236.7578 237.19878
Trying B D
((C:0.0134881,B:0.0105126):0.00644603,A:0.0172709):0.022209 D:0.0598241
(C:0.0134881,B:0.0105126):0.00644603 D:0.0598241
1->2 0.0063318266 237.19877 237.19878
2->1 0.00017933312 236.80237 237.19878
B:0.0105126 D:0.0598291
1->2 0.0049197529 237.16785 237.19878
2->1 5.7946159e-05 236.7649 237.19878
Trying C D
(A:0.0172669,(C:0.0134813,B:0.0105206):0.00645044):0.0222119 D:0.0598243
(C:0.0134813,B:0.0105206):0.00645044 D:0.0598243
C:0.0134813 D:0.0598243
1->2 0.0049197529 237.16785 237.19878
2->1 5.7946159e-05 236.76498 237.19878
Trying E F
E:0.121395 F:0.053765
1->2 0.0036049047 237.19887 237.19878
2->1 0.00079110416 236.8706 237.19887
p1->2 0.021019453 237.19909 237.19887
p2->1 0.051593695 236.75561 237.19909
Migration added
Local updates around node 1: 0 ln(lk):237.19909 
Local updates around node 2: 0 ln(lk):237.19909 
Updates in migration position: 0 ln(lk):237.19909 
Switches in migration direction: 0 ln(lk):237.19909 
ln(likelihood):237.19909 
Targeting migration to vicinity of:
G D
C E
E B
E A

C E
A E
B E
E C
E A
E B
E C
E A
E B
G D
Trying A E
(A:0.0172709,(B:0.0105126,C:0.0134881):0.00644603):0.0198451 E:0.121404
1->2 3.3026194e-07 237.19909 237.19909
2->1 0.0008357527 237.19909 237.19909
p1->2 0.0008357527 237.19909 237.19909
p2->1 0.0008357527 237.19909 237.19909
A:0.0172709 E:0.121404
1->2 3.3026194e-07 237.19909 237.19909
2->1 3.0968394e-07 237.19909 237.19909
p2->1 3.8719494e-07 237.19909 237.19909
(F:0.0583189,((B:0.0105126,C:0.0134881):0.00644599,A:0.017271):0.0198452):0.118556 E:0.121404
2->1 0.099995285 237.19909 237.19909
p1->2 4.0751289e-05 237.19909 237.19909
p2->1 0.94138962 237.19909 237.19909
((G:0.122499,E:0.121404):0.156069,(F:0.058319,((B:0.0105126,C:0.0134881):0.00644603,A:0.0172709):0.0198451):36.5079):0.00132942 E:0.121404
Trying B E
B:0.0105126 E:0.121404
1->2 3.3026194e-07 237.19909 237.19909
2->1 3.0968394e-07 237.19909 237.19909
p1->2 3.3026194e-07 237.19909 237.19909
p2->1 3.8719494e-07 237.19909 237.19909
(C:0.013488,B:0.0105126):0.00644606 E:0.121404
2->1 3.0968394e-07 237.19909 237.19909
p2->1 3.8719494e-07 237.19909 237.19909
(A:0.0172709,(C:0.0134881,B:0.0105126):0.00644608):0.0198452 E:0.121404
(F:0.0583189,(A:0.0172709,(C:0.0134881,B:0.0105126):0.00644608):0.0198452):0.118556 E:0.121404
((G:0.122499,E:0.121404):0.0391105,(F:0.0583189,(A:0.0172709,(C:0.0134881,B:0.0105126):0.00644608):0.0198452):0.118556):0.0598088 E:0.121404
Trying C E
(C:0.0134881,B:0.0105126):0.00644608 E:0.121404
(A:0.0172709,(C:0.0134881,B:0.0105126):0.00644608):0.0198452 E:0.121404
(F:0.0583189,(A:0.0172709,(C:0.0134881,B:0.0105126):0.00644608):0.0198452):0.118556 E:0.121404
((G:0.122499,E:0.121404):0.0391105,(F:0.0583189,(A:0.0172709,(C:0.0134881,B:0.0105126):0.00644608):0.0198452):0.118556):0.0598088 E:0.121404
C:0.0134881 E:0.121404
1->2 3.3026194e-07 237.19909 237.19909
2->1 3.0968394e-07 237.19909 237.19909
p2->1 3.8719494e-07 237.19909 237.19909
Trying E A
E:0.121404 (A:0.0172709,(B:0.0105126,C:0.0134881):0.00644606):0.0198451
E:0.121404 A:0.0172709
E:0.121404 (F:0.0583189,(A:0.0172709,(B:0.0105126,C:0.0134881):0.00644606):0.0198451):0.118556
Trying E B
E:0.121404 B:0.0105126
E:0.121404 (B:0.0105126,C:0.0134881):0.00644606
E:0.121404 (A:0.0172709,(B:0.0105126,C:0.0134881):0.00644606):0.0198451
E:0.121404 (F:0.0583189,(A:0.0172709,(B:0.0105126,C:0.0134881):0.00644606):0.0198451):0.118556
Trying E C
E:0.121404 (B:0.0105126,C:0.0134881):0.00644606
E:0.121404 (A:0.0172709,(B:0.0105126,C:0.0134881):0.00644606):0.0198451
E:0.121404 (F:0.0583189,(A:0.0172709,(B:0.0105126,C:0.0134881):0.00644606):0.0198451):0.118556
E:0.121404 C:0.0134881
Trying G D
G:0.122499 D:0.0598088
1->2 0.0008357527 237.19909 237.19909
2->1 0.099995285 237.19909 237.19909
p1->2 0.099995285 237.19909 237.19909
Migration added
Local updates around node 1: 0 ln(lk):237.19909 
Local updates around node 2: 0 ln(lk):237.19909 
Updates in migration position: 0 ln(lk):237.19909 
Switches in migration direction: 0 ln(lk):237.19909 
ln(likelihood):237.19909 
Targeting migration to vicinity of:
C E
E F
E E
E B

C E
E C
E E
E F
Trying C E
(B:0.0105126,C:0.0134881):0.00644603 E:0.121404
1->2 1.9748804e-06 237.19909 237.19909
2->1 3.0968394e-07 237.19909 237.19909
p1->2 1.9748804e-06 237.19909 237.19909
p2->1 3.8719494e-07 237.19909 237.19909
C:0.0134881 E:0.121404
1->2 3.0968394e-07 237.19909 237.19909
2->1 3.0968394e-07 237.19909 237.19909
p2->1 3.8719494e-07 237.19909 237.19909
Trying E C
E:0.121404 (B:0.0105126,C:0.0134881):0.00644606
E:0.121404 C:0.0134881
Trying E E
E:0.121404 E:0.121404
p1->2 0.099995285 237.19909 237.19909
Trying E F
E:0.14988 F:0.0582138
1->2 0.0008357527 237.19909 237.19909
2->1 1.9748804e-06 237.19909 237.19909
p2->1 0.0008357527 237.19909 237.19909
ln(likelihood):237.19909 
Targeting migration to vicinity of:
C E
E E
E F
E D

C E
E E
E F
Trying C E
(B:0.0105126,C:0.0134881):0.00644603 E:0.121404
1->2 1.9748804e-06 237.19909 237.19909
2->1 3.0968394e-07 237.19909 237.19909
p1->2 6.2716344e-06 237.19909 237.19909
p2->1 3.8719494e-07 237.19909 237.19909
C:0.0134881 E:0.121404
1->2 3.0968394e-07 237.19909 237.19909
2->1 3.0968394e-07 237.19909 237.19909
p2->1 3.8719494e-07 237.19909 237.19909
Trying E E
E:0.121404 E:0.121404
p1->2 0.099995285 237.19909 237.19909
Trying E F
E:0.14988 F:0.0582077
1->2 0.0008357527 237.19909 237.19909
2->1 6.2716344e-06 237.19909 237.19909
p2->1 0.0008357527 237.19909 237.19909
ln(likelihood):237.19909 
DONE.
