
TreeMix v. 1.13
$Revision: 231 $

npop:7 nsnp:17505003
Estimating covariance matrix in 4606 blocks of size 3800
SEED: 1607913222
Starting from:
((E:0.141514,G:0.141611):0.0913566,C:0.0913566);
Adding F [4/7]
ln(likelihood): -5890.1426 
(C:0.0239249,((E:0.116911,G:0.116997):0.128049,F:0.071407):0.0239249);
Adding A [5/7]
ln(likelihood): -1579.9427 
((F:0.0534244,(C:0.0160718,A:0.0150188):0.0150263):0.0764061,(E:0.131626,G:0.131701):0.0764061);
Adding B [6/7]
ln(likelihood): -2426.2669 
((F:0.0570617,(A:0.0203669,(C:0.0165851,B:0.0136092):0.00644634):0.0245882):0.0785189,(E:0.116095,G:0.116161):0.0785189);
Adding D [7/7]
ln(likelihood): 197.6916 
((E:0.121663,G:0.121773):0.0194335,((F:0.0537442,(A:0.0172706,(C:0.0134889,B:0.0105129):0.00644634):0.0222309):0.116082,D:0.119774):0.0194335);
Testing global rearrangements
E:0.121663 F:0.0537442
-49236.343 197.6916
E:0.121663 D:0.119774
-1316.1492 197.6916
F:0.0537442 D:0.119774
-29394.823 197.6916
A:0.0172706 F:0.0537442
-2039.1591 197.6916
C:0.0134889 A:0.0172706
17.145518 197.6916
D:0.119774 E:0.121663
-1316.1492 197.6916
D:0.119774 A:0.0172706
-47515.673 197.6916
Targeting migration to vicinity of:
E D
G F
B D
C D

G F
E D
G F
E D
Trying E D
E:0.121663 D:0.119774
1->2 0.091048792 197.73093 197.6916
2->1 0.10127305 197.73093 197.73093
p1->2 0.099995285 197.6916 197.73093
p2->1 0.099995285 197.6916 197.73093
Trying G F
G:0.121773 (F:0.0537442,(A:0.0172706,(C:0.0134889,B:0.0105129):0.00644634):0.0222309):0.116082
1->2 0.17986722 197.73093 197.73093
2->1 0.096514925 197.73093 197.73093
p1->2 0.92138368 197.6916 197.73093
p2->1 0.0008357527 197.6916 197.73093
G:0.121977 F:0.0537442
1->2 0.0035051624 197.72074 197.73093
2->1 0.0019267334 197.73643 197.73093
p1->2 0.051593695 197.72201 197.73643
(E:0.121663,G:0.121773):0.0375373 F:0.0665101
2->1 0.099995285 197.72201 197.73643
p2->1 0.099995285 197.6916 197.73643
Migration added
Local updates around node 1: 0 ln(lk):197.73643 
Local updates around node 2: 0 ln(lk):197.73643 
Updates in migration position: 0 ln(lk):197.73643 
Switches in migration direction: 0 ln(lk):197.73643 
ln(likelihood):197.73643 
Targeting migration to vicinity of:
E F
B D
C D
A D

C D
A D
B D
C D
A D
B D
C D
A D
B D
E F
Trying A D
(A:0.0172706,(C:0.0134889,B:0.0105129):0.00644634):0.0222084 D:0.119653
1->2 0.099995285 197.76129 197.73643
2->1 0.0026463708 197.76129 197.76129
p2->1 4.0751289e-05 197.73643 197.76129
A:0.0172706 D:0.119653
1->2 0.0063318266 197.76129 197.76129
2->1 9.8076482e-05 197.73712 197.76129
p2->1 6.2255936e-07 197.73643 197.76129
Trying B D
((C:0.0134889,B:0.0105129):0.00644628,A:0.0172707):0.0222084 D:0.119653
B:0.0105129 D:0.119653
1->2 0.0049197529 197.75956 197.76129
2->1 5.7946159e-05 197.73683 197.76129
p1->2 0.0063318266 197.76129 197.76129
p2->1 6.2255936e-07 197.73643 197.76129
(C:0.0134888,B:0.010513):0.00644638 D:0.119653
2->1 0.00017933312 197.73897 197.76129
p2->1 6.2255936e-07 197.73643 197.76129
Trying C D
(A:0.0172705,(C:0.0134889,B:0.0105129):0.00644642):0.0222084 D:0.119653
(C:0.0134889,B:0.0105129):0.00644642 D:0.119653
C:0.0134889 D:0.119653
1->2 0.0049197529 197.75956 197.76129
2->1 5.7946159e-05 197.73683 197.76129
p2->1 6.2255936e-07 197.73643 197.76129
Trying E F
E:0.121395 F:0.0537668
1->2 0.0036049047 197.7613 197.76129
2->1 0.00080320082 197.74283 197.7613
p1->2 0.015326404 197.7613 197.7613
p2->1 0.099995285 197.73629 197.7613
Migration added
Local updates around node 1: 0 ln(lk):197.7613 
Local updates around node 2: 0 ln(lk):197.7613 
Updates in migration position: 0 ln(lk):197.7613 
Switches in migration direction: 0 ln(lk):197.7613 
ln(likelihood):197.7613 
Targeting migration to vicinity of:
G D
E B
E A
C E

C E
A E
B E
E C
E A
E B
E C
E A
E B
G D
Trying A E
(A:0.0172706,(B:0.0105129,C:0.0134889):0.00644634):0.0205283 E:0.121405
1->2 3.0968394e-07 197.7613 197.7613
2->1 0.0008357527 197.7613 197.7613
p1->2 0.0008357527 197.7613 197.7613
p2->1 0.0008357527 197.7613 197.7613
A:0.0172706 E:0.121405
1->2 3.0968394e-07 197.7613 197.7613
2->1 3.0968394e-07 197.7613 197.7613
p2->1 3.0968394e-07 197.7613 197.7613
Trying B E
B:0.0105129 E:0.121405
1->2 3.0968394e-07 197.7613 197.7613
2->1 3.0968394e-07 197.7613 197.7613
p1->2 3.0968394e-07 197.7613 197.7613
p2->1 3.0968394e-07 197.7613 197.7613
(C:0.0134888,B:0.010513):0.00644636 E:0.121405
2->1 3.0968394e-07 197.7613 197.7613
p2->1 3.0968394e-07 197.7613 197.7613
(A:0.0172705,(C:0.0134889,B:0.0105129):0.00644638):0.0205283 E:0.121405
Trying C E
(C:0.0134889,B:0.0105129):0.00644638 E:0.121405
(A:0.0172705,(C:0.0134889,B:0.0105129):0.00644638):0.0205283 E:0.121405
C:0.0134889 E:0.121405
1->2 3.0968394e-07 197.7613 197.7613
2->1 3.0968394e-07 197.7613 197.7613
p2->1 3.0968394e-07 197.7613 197.7613
Trying E A
E:0.121405 (A:0.0172706,(B:0.0105129,C:0.0134889):0.00644636):0.0205283
E:0.121405 A:0.0172706
Trying E B
E:0.121405 B:0.0105129
E:0.121405 (B:0.0105129,C:0.0134889):0.00644636
E:0.121405 (A:0.0172706,(B:0.0105129,C:0.0134889):0.00644636):0.0205283
Trying E C
E:0.121405 (B:0.0105129,C:0.0134889):0.00644636
E:0.121405 (A:0.0172706,(B:0.0105129,C:0.0134889):0.00644636):0.0205283
E:0.121405 C:0.0134889
Trying G D
G:0.122503 D:0.119625
1->2 0.0008357527 197.7613 197.7613
2->1 0.099995285 197.7613 197.7613
p1->2 0.099995285 197.7613 197.7613
p2->1 0.099995285 197.7613 197.7613
Migration added
Local updates around node 1: 0 ln(lk):197.7613 
Local updates around node 2: 0 ln(lk):197.7613 
Updates in migration position: 0 ln(lk):197.7613 
Switches in migration direction: 0 ln(lk):197.7613 
ln(likelihood):197.7613 
Targeting migration to vicinity of:
F D
F D
F D
F D

ln(likelihood):197.7613 
Targeting migration to vicinity of:
E E
E E
E E
E E

E E
Trying E E
(G:0.122505,E:0.121405):0.0327192 (G:0.122505,E:0.121405):0.0327192
E:0.121405 (G:0.122505,E:0.121405):0.0327192
2->1 0.099995285 197.7613 197.7613
E:0.149881 E:0.149881
ln(likelihood):197.7613 
DONE.
