
TreeMix v. 1.13
$Revision: 231 $

npop:7 nsnp:17505003
Estimating covariance matrix in 9725 blocks of size 1800
SEED: 1607912815
Starting from:
(B:0.0713333,(G:0.161218,D:0.133784):0.0713333);
Adding F [4/7]
ln(likelihood): -4088.0696 
((G:0.163723,D:0.134383):0.057348,(B:0.0214826,F:0.0511344):0.057348);
Adding C [5/7]
ln(likelihood): -863.19336 
((G:0.155012,D:0.123868):0.0585685,(F:0.0580891,(B:0.0101585,C:0.013134):0.0269334):0.0585685);
Adding E [6/7]
ln(likelihood): 15.542723 
((B:0.00929965,C:0.0122751):0.0145447,(F:0.0543503,(D:0.120328,(G:0.122336,E:0.122214):0.0388766):0.116539):0.0145447);
Adding A [7/7]
ln(likelihood): 207.93582 
(((D:0.119767,(G:0.121772,E:0.121662):0.0388862):0.116067,((B:0.0105126,C:0.0134881):0.00644603,A:0.0172709):0.0222317):0.0268728,F:0.0268728);
Testing global rearrangements
D:0.119767 E:0.121662
-2973.1239 207.93582
D:0.119767 B:0.0105126
-108894.97 207.93582
D:0.119767 (B:0.0105126,C:0.0134881):0.00644603
-99907.134 207.93582
D:0.119767 C:0.0134881
-108894.97 207.93582
D:0.119767 ((B:0.0105126,C:0.0134881):0.00644603,A:0.0172709):0.0222317
-61945.618 207.93582
D:0.119767 A:0.0172709
-99907.134 207.93582
G:0.121772 D:0.119767
-2973.1239 207.93582
B:0.0105126 D:0.119767
-114798.25 207.93582
B:0.0105126 ((B:0.0105126,C:0.0134881):0.00644603,A:0.0172709):0.0222317
-169.93494 207.93582
A:0.0172709 D:0.119767
-106801.72 207.93582
A:0.0172709 (D:0.119767,(G:0.121772,E:0.121662):0.0388862):0.116067
-4483.5753 207.93582
A:0.0172709 G:0.121772
-188402.95 207.93582
A:0.0172709 (G:0.121772,E:0.121662):0.0388862
-106801.72 207.93582
A:0.0172709 E:0.121662
-188402.95 207.93582
A:0.0172709 F:0.0268728
-4483.5753 207.93582
F:0.0268728 D:0.119767
-61945.618 207.93582
F:0.0268728 (D:0.119767,(G:0.121772,E:0.121662):0.0388862):0.116067
207.93582 207.93582
F:0.0268728 G:0.121772
-117401.03 207.93582
F:0.0268728 (G:0.121772,E:0.121662):0.0388862
-61945.618 207.93582
F:0.0268728 E:0.121662
-117401.03 207.93582
Targeting migration to vicinity of:
D E
G F
B D
D A

D E
E D
G F
Trying D E
D:0.119767 E:0.121662
1->2 0.42102641 208.01838 207.93582
2->1 0.0057424628 208.01838 208.01838
p1->2 4.0751289e-05 207.93582 208.01838
Trying E D
E:0.121673 D:0.119767
Trying G F
G:0.12177 F:0.0268728
1->2 0.0035051624 207.99704 208.01838
2->1 0.0019267334 208.02996 208.01838
p1->2 0.099838786 207.99969 208.02996
(E:0.121662,G:0.121772):0.0389214 F:0.0403693
2->1 0.079074882 207.99969 208.02996
p1->2 0.94690639 207.93582 208.02996
Migration added
Local updates around node 1: 0 ln(lk):208.02996 
Local updates around node 2: 0 ln(lk):208.02996 
Updates in migration position: 0 ln(lk):208.02996 
Switches in migration direction: 0 ln(lk):208.02996 
ln(likelihood):208.02996 
Targeting migration to vicinity of:
F E
B D
D A
D C

B D
C D
A D
D B
D C
D A
D B
D C
D A
F E
Trying A D
((B:0.0105126,C:0.0134881):0.00644603,A:0.0172709):0.0222091 D:0.119646
1->2 0.099995285 208.08215 208.02996
2->1 0.0026463708 208.08215 208.08215
p1->2 4.0751289e-05 208.02996 208.08215
A:0.0172709 D:0.119661
1->2 0.0063318266 208.08215 208.08215
2->1 9.7509241e-05 208.0314 208.08215
p2->1 0.051593695 208.02996 208.08215
Trying B D
(B:0.0105126,C:0.0134881):0.00523785 D:0.119646
1->2 0.0063318266 208.08215 208.08215
2->1 0.00018037626 208.03529 208.08215
p2->1 4.0751289e-05 208.02996 208.08215
B:0.0105126 D:0.119646
1->2 0.0049197529 208.07852 208.08215
2->1 5.6539659e-05 208.03079 208.08215
p2->1 3.8719494e-07 208.02996 208.08215
(A:0.0172709,(C:0.0134881,B:0.0105126):0.00644604):0.0222091 D:0.119646
Trying C D
C:0.0134881 D:0.119646
1->2 0.0049197529 208.07852 208.08215
2->1 5.7404843e-05 208.0308 208.08215
p2->1 5.6427712e-07 208.02996 208.08215
(B:0.0105126,C:0.0134881):0.00644604 D:0.119646
(A:0.0172709,(B:0.0105126,C:0.0134881):0.00644604):0.0222091 D:0.119646
Trying D A
D:0.119646 (A:0.0172709,(B:0.0105126,C:0.0134881):0.00644604):0.0222091
D:0.119646 A:0.0172709
Trying D B
D:0.119646 (B:0.0105126,C:0.0134881):0.00644604
D:0.119646 B:0.0105126
D:0.119646 (A:0.0172709,(B:0.0105126,C:0.0134881):0.00644604):0.0222091
Trying D C
D:0.119646 C:0.0134881
D:0.119646 (B:0.0105126,C:0.0134881):0.00644604
D:0.119646 (A:0.0172709,(B:0.0105126,C:0.0134881):0.00644604):0.0222091
Trying F E
F:0.0362195 E:0.121393
1->2 0.00079855864 208.04341 208.08215
2->1 0.0035920499 208.08215 208.08215
p2->1 0.015326404 208.08217 208.08215
Migration added
Local updates around node 1: 0 ln(lk):208.08217 
Local updates around node 2: 0 ln(lk):208.08217 
Updates in migration position: 0 ln(lk):208.08217 
Switches in migration direction: 0 ln(lk):208.08217 
ln(likelihood):208.08217 
DONE.
