
TreeMix v. 1.13
$Revision: 231 $

npop:7 nsnp:17505003
Estimating covariance matrix in 7956 blocks of size 2200
SEED: 1607913222
Starting from:
((E:0.141514,G:0.141612):0.0913571,C:0.0913571);
Adding F [4/7]
ln(likelihood): -10161.056 
(C:0.0239249,((E:0.116911,G:0.116997):0.12805,F:0.0714067):0.0239249);
Adding A [5/7]
ln(likelihood): -2788.1483 
((F:0.0534243,(C:0.0160716,A:0.0150189):0.0150264):0.0764063,(E:0.131626,G:0.131702):0.0764063);
Adding B [6/7]
ln(likelihood): -4262.9046 
((F:0.0570616,(A:0.020367,(C:0.0165849,B:0.013609):0.00644631):0.0245885):0.0785191,(E:0.116095,G:0.116161):0.0785191);
Adding D [7/7]
ln(likelihood): 205.20278 
((E:0.121663,G:0.121773):0.019435,((F:0.0537443,(A:0.0172709,(C:0.0134888,B:0.0105129):0.00644631):0.0222313):0.116079,D:0.119772):0.019435);
Testing global rearrangements
E:0.121663 F:0.0537443
-84855.971 205.20278
E:0.121663 D:0.119772
-2400.7598 205.20278
F:0.0537443 D:0.119772
-50743.973 205.20278
A:0.0172709 F:0.0537443
-3642.0229 205.20278
C:0.0134888 A:0.0172709
-104.95451 205.20278
D:0.119772 E:0.121663
-2400.7598 205.20278
D:0.119772 A:0.0172709
-81894.335 205.20278
Targeting migration to vicinity of:
E D
G F
B D
A D

G F
E D
G F
E D
Trying E D
E:0.121663 D:0.119772
1->2 0.091048792 205.27048 205.20278
2->1 0.10924691 205.27048 205.27048
p1->2 0.016859977 205.20278 205.27048
p2->1 0.17986722 205.20278 205.27048
Trying G F
G:0.121773 (F:0.0537443,(A:0.0172709,(C:0.0134888,B:0.0105129):0.00644631):0.0222313):0.116079
1->2 0.099995285 205.27048 205.27048
2->1 0.016859977 205.27048 205.27048
p1->2 0.10924691 205.20278 205.27048
p2->1 0.0008357527 205.20278 205.27048
G:0.121977 F:0.0537443
1->2 0.0035051624 205.25296 205.27048
2->1 0.0019267334 205.27997 205.27048
p1->2 0.053587563 205.25514 205.27997
(E:0.121663,G:0.121773):0.0375912 F:0.0670489
2->1 0.022054944 205.25514 205.27997
p2->1 0.99991387 205.20278 205.27997
Migration added
Local updates around node 1: 0 ln(lk):205.27997 
Local updates around node 2: 0 ln(lk):205.27997 
Updates in migration position: 0 ln(lk):205.27997 
Switches in migration direction: 0 ln(lk):205.27997 
ln(likelihood):205.27997 
Targeting migration to vicinity of:
E F
B D
A D
C D

C D
A D
B D
C D
A D
B D
C D
A D
B D
E F
Trying A D
(A:0.0172709,(C:0.0134888,B:0.0105129):0.00644631):0.0222088 D:0.119651
1->2 0.099995285 205.32275 205.27997
2->1 0.0026463708 205.32275 205.32275
p2->1 4.0751289e-05 205.27997 205.32275
A:0.0172709 D:0.119651
1->2 0.0063318266 205.32275 205.32275
2->1 9.8076482e-05 205.28115 205.32275
p2->1 6.2255936e-07 205.27997 205.32275
Trying B D
((C:0.0134888,B:0.0105129):0.00644625,A:0.017271):0.0222088 D:0.119651
B:0.0105129 D:0.119651
1->2 0.0049197529 205.31977 205.32275
2->1 5.7946159e-05 205.28065 205.32275
p1->2 0.0063318266 205.32275 205.32275
p2->1 6.2255936e-07 205.27997 205.32275
(C:0.0134887,B:0.0105129):0.00644635 D:0.119651
2->1 0.00017933312 205.28434 205.32275
p2->1 6.2255936e-07 205.27997 205.32275
Trying C D
(A:0.0172708,(C:0.0134888,B:0.0105129):0.00644638):0.0222088 D:0.119651
(C:0.0134888,B:0.0105129):0.00644638 D:0.119651
C:0.0134888 D:0.119651
1->2 0.0049197529 205.31977 205.32275
2->1 5.7946159e-05 205.28066 205.32275
p2->1 6.2255936e-07 205.27997 205.32275
Trying E F
E:0.121394 F:0.0537669
1->2 0.0036049047 205.32276 205.32275
2->1 0.00080320082 205.29099 205.32276
p1->2 0.015326404 205.32277 205.32276
p2->1 0.3970964 205.27973 205.32277
Migration added
Local updates around node 1: 0 ln(lk):205.32277 
Local updates around node 2: 0 ln(lk):205.32277 
Updates in migration position: 0 ln(lk):205.32277 
Switches in migration direction: 0 ln(lk):205.32277 
ln(likelihood):205.32277 
Targeting migration to vicinity of:
G D
E A
E B
C E

C E
A E
B E
E C
E A
E B
E C
E A
E B
G D
Trying A E
(A:0.0172709,(B:0.0105129,C:0.0134888):0.00644631):0.0205287 E:0.121405
1->2 3.0968394e-07 205.32277 205.32277
2->1 0.0008357527 205.32277 205.32277
p1->2 0.0008357527 205.32277 205.32277
p2->1 0.0008357527 205.32277 205.32277
A:0.0172709 E:0.121405
1->2 3.0968394e-07 205.32277 205.32277
2->1 3.0968394e-07 205.32277 205.32277
p2->1 3.0968394e-07 205.32277 205.32277
Trying B E
B:0.0105129 E:0.121405
1->2 3.0968394e-07 205.32277 205.32277
2->1 3.0968394e-07 205.32277 205.32277
p1->2 3.0968394e-07 205.32277 205.32277
p2->1 3.0968394e-07 205.32277 205.32277
(C:0.0134888,B:0.0105129):0.00644633 E:0.121405
2->1 3.0968394e-07 205.32277 205.32277
p2->1 3.0968394e-07 205.32277 205.32277
(A:0.0172708,(C:0.0134888,B:0.0105129):0.00644635):0.0205288 E:0.121405
Trying C E
(C:0.0134888,B:0.0105129):0.00644635 E:0.121405
(A:0.0172708,(C:0.0134888,B:0.0105129):0.00644635):0.0205288 E:0.121405
C:0.0134888 E:0.121405
1->2 3.0968394e-07 205.32277 205.32277
2->1 3.0968394e-07 205.32277 205.32277
p2->1 3.0968394e-07 205.32277 205.32277
Trying E A
E:0.121405 (A:0.0172709,(B:0.0105128,C:0.0134888):0.00644633):0.0205288
E:0.121405 A:0.0172709
Trying E B
E:0.121405 B:0.0105128
E:0.121405 (B:0.0105128,C:0.0134888):0.00644633
E:0.121405 (A:0.0172709,(B:0.0105128,C:0.0134888):0.00644633):0.0205288
Trying E C
E:0.121405 (B:0.0105128,C:0.0134888):0.00644633
E:0.121405 (A:0.0172709,(B:0.0105128,C:0.0134888):0.00644633):0.0205288
E:0.121405 C:0.0134888
Trying G D
G:0.122503 D:0.119623
1->2 0.0008357527 205.32277 205.32277
2->1 0.099995285 205.32277 205.32277
p1->2 0.099995285 205.32277 205.32277
p2->1 0.099995285 205.32277 205.32277
Migration added
Local updates around node 1: 0 ln(lk):205.32277 
Local updates around node 2: 0 ln(lk):205.32277 
Updates in migration position: 0 ln(lk):205.32277 
Switches in migration direction: 0 ln(lk):205.32277 
ln(likelihood):205.32277 
Targeting migration to vicinity of:
G B
G B
G B
G B

G B
Trying G B
G:0.122504 B:0.0105129
1->2 3.0968394e-07 205.32277 205.32277
2->1 3.0968394e-07 205.32277 205.32277
p1->2 3.0968394e-07 205.32277 205.32277
p2->1 6.2716344e-06 205.32277 205.32277
ln(likelihood):205.32277 
Targeting migration to vicinity of:
G B
G B
G B
G B

G B
Trying G B
G:0.122505 B:0.0105129
1->2 3.0968394e-07 205.32277 205.32277
2->1 3.0968394e-07 205.32277 205.32277
p1->2 3.0968394e-07 205.32277 205.32277
p2->1 6.2716344e-06 205.32277 205.32277
ln(likelihood):205.32277 
DONE.
