
TreeMix v. 1.13
$Revision: 231 $

npop:7 nsnp:17505003
Estimating covariance matrix in 9725 blocks of size 1800
SEED: 1607912681
Starting from:
((F:0.0768912,D:0.178619):0.0276266,B:0.0276266);
Adding A [4/7]
ln(likelihood): -9452.1636 
((F:0.0505975,(B:0.0125758,A:0.0147981):0.00583632):0.121106,D:0.121106);
Adding C [5/7]
ln(likelihood): -8415.6126 
((F:0.0573533,(A:0.0208551,(B:0.0140968,C:0.0170723):0.00644603):0.0234557):0.122833,D:0.122833);
Adding E [6/7]
ln(likelihood): -2008.0083 
(((F:0.0537725,(A:0.0172884,(B:0.01053,C:0.0135055):0.00644603):0.0222129):0.113969,D:0.120481):0.08318,E:0.08318);
Adding G [7/7]
ln(likelihood): 207.93582 
(E:0.0608308,(((F:0.0537457,(A:0.0172709,(B:0.0105126,C:0.0134881):0.00644603):0.0222317):0.116067,D:0.119767):0.0388862,G:0.121772):0.0608308);
Testing global rearrangements
E:0.0608308 F:0.0537457
-103545.38 207.93582
E:0.0608308 D:0.119767
-2973.1239 207.93582
F:0.0537457 D:0.119767
-61945.618 207.93582
A:0.0172709 F:0.0537457
-4483.5753 207.93582
B:0.0105126 A:0.0172709
-169.93494 207.93582
D:0.119767 E:0.0608308
-2973.1239 207.93582
D:0.119767 A:0.0172709
-99907.134 207.93582
G:0.121772 E:0.0608308
207.93582 207.93582
G:0.121772 D:0.119767
-2973.1239 207.93582
Targeting migration to vicinity of:
D E
F G
D B
D A

G F
D E
F G
D E
F G
Trying D E
D:0.119767 E:0.0608308
1->2 0.18327202 208.01838 207.93582
2->1 0.076227464 208.01838 208.01838
p1->2 0.096514925 207.93582 208.01838
Trying F G
F:0.0537457 G:0.121772
1->2 0.0019267334 208.02996 208.01838
2->1 0.0035051624 207.99704 208.02996
p1->2 0.3970964 208.01838 208.02996
p2->1 0.0036258015 207.99969 208.02996
((A:0.0172709,(B:0.0105126,C:0.0134881):0.00644603):0.0217149,F:0.054656):0.116572 G:0.121772
2->1 0.016859977 208.01838 208.02996
p2->1 4.0751289e-05 207.93582 208.02996
Trying G F
G:0.121772 F:0.0537457
G:0.121772 ((A:0.0172709,(B:0.0105126,C:0.0134881):0.00644603):0.0222317,F:0.0537457):0.116078
Migration added
Local updates around node 1: 0 ln(lk):208.02996 
Local updates around node 2: 0 ln(lk):208.02996 
Updates in migration position: 0 ln(lk):208.02996 
Switches in migration direction: 0 ln(lk):208.02996 
ln(likelihood):208.02996 
DONE.
