
TreeMix v. 1.13
$Revision: 231 $

npop:7 nsnp:17505003
Estimating covariance matrix in 7293 blocks of size 2400
SEED: 1607912815
Starting from:
(B:0.0713386,(G:0.161208,D:0.133789):0.0713386);
Adding F [4/7]
ln(likelihood): -3061.0026 
((G:0.163712,D:0.134388):0.0573538,(B:0.0214807,F:0.0511309):0.0573538);
Adding C [5/7]
ln(likelihood): -625.47881 
((G:0.155,D:0.123873):0.0585741,(F:0.0580869,(B:0.0101584,C:0.0131343):0.0269327):0.0585741);
Adding E [6/7]
ln(likelihood): 46.786985 
((B:0.00929998,C:0.0122759):0.0145447,(F:0.0543489,(D:0.120334,(G:0.122336,E:0.122216):0.0388604):0.116551):0.0145447);
Adding A [7/7]
ln(likelihood): 204.0106 
(((D:0.119772,(G:0.121773,E:0.121663):0.03887):0.116079,((B:0.0105129,C:0.0134888):0.00644631,A:0.0172709):0.0222313):0.0268722,F:0.0268722);
Testing global rearrangements
D:0.119772 E:0.121663
-2186.2375 204.0106
D:0.119772 B:0.0105129
-81880.135 204.0106
D:0.119772 (B:0.0105129,C:0.0134888):0.00644631
-75105.32 204.0106
D:0.119772 C:0.0134888
-81880.135 204.0106
D:0.119772 ((B:0.0105129,C:0.0134888):0.00644631,A:0.0172709):0.0222313
-46527.978 204.0106
D:0.119772 A:0.0172709
-75105.32 204.0106
G:0.121773 D:0.119772
-2186.2375 204.0106
B:0.0105129 D:0.119772
-86351.634 204.0106
B:0.0105129 ((B:0.0105129,C:0.0134888):0.00644631,A:0.0172709):0.0222313
-80.552187 204.0106
A:0.0172709 D:0.119772
-80308.845 204.0106
A:0.0172709 (D:0.119772,(G:0.121773,E:0.121663):0.03887):0.116079
-3325.5233 204.0106
A:0.0172709 G:0.121773
-141722.9 204.0106
A:0.0172709 (G:0.121773,E:0.121663):0.03887
-80308.845 204.0106
A:0.0172709 E:0.121663
-141722.9 204.0106
A:0.0172709 F:0.0268722
-3325.5233 204.0106
F:0.0268722 D:0.119772
-46527.978 204.0106
F:0.0268722 (D:0.119772,(G:0.121773,E:0.121663):0.03887):0.116079
204.0106 204.0106
F:0.0268722 G:0.121773
-88244.682 204.0106
F:0.0268722 (G:0.121773,E:0.121663):0.03887
-46527.978 204.0106
F:0.0268722 E:0.121663
-88244.682 204.0106
Targeting migration to vicinity of:
D E
G F
B D
D A

D E
E D
G F
Trying D E
D:0.119772 E:0.121663
1->2 0.3970964 204.07269 204.0106
2->1 0.0057424628 204.07269 204.07269
p1->2 4.0751289e-05 204.0106 204.07269
Trying E D
E:0.121674 D:0.119772
Trying G F
G:0.121771 F:0.0268722
1->2 0.0035051624 204.05662 204.07269
2->1 0.0019267334 204.08139 204.07269
p1->2 0.099995285 204.05863 204.08139
(E:0.121663,G:0.121773):0.0389053 F:0.0403945
2->1 0.0053747296 204.05863 204.08139
p1->2 0.94690639 204.0106 204.08139
Migration added
Local updates around node 1: 0 ln(lk):204.08139 
Local updates around node 2: 0 ln(lk):204.08139 
Updates in migration position: 0 ln(lk):204.08139 
Switches in migration direction: 0 ln(lk):204.08139 
ln(likelihood):204.08139 
Targeting migration to vicinity of:
F E
B D
D A
D C

B D
C D
A D
D B
D C
D A
D B
D C
D A
F E
Trying A D
((B:0.0105129,C:0.0134888):0.00644631,A:0.0172709):0.0222088 D:0.119651
1->2 0.099995285 204.12064 204.08139
2->1 0.0026463708 204.12064 204.12064
p1->2 4.0751289e-05 204.08139 204.12064
A:0.0172709 D:0.119666
1->2 0.0063318266 204.12064 204.12064
2->1 9.7509241e-05 204.08248 204.12064
p2->1 0.051593695 204.08139 204.12064
Trying B D
(B:0.0105129,C:0.0134888):0.00523814 D:0.119651
1->2 0.0063318266 204.12064 204.12064
2->1 0.00018037626 204.0854 204.12064
p2->1 4.0751289e-05 204.08139 204.12064
B:0.0105129 D:0.119651
1->2 0.0049197529 204.11791 204.12064
2->1 5.6539659e-05 204.08202 204.12064
p2->1 3.8719494e-07 204.08139 204.12064
(A:0.0172709,(C:0.0134888,B:0.0105129):0.00644632):0.0222088 D:0.119651
Trying C D
C:0.0134888 D:0.119651
1->2 0.0049197529 204.11791 204.12064
2->1 5.7404843e-05 204.08203 204.12064
p2->1 5.6427712e-07 204.08139 204.12064
(B:0.0105129,C:0.0134888):0.00644632 D:0.119651
(A:0.0172709,(B:0.0105129,C:0.0134888):0.00644632):0.0222088 D:0.119651
Trying D A
D:0.119651 (A:0.0172709,(B:0.0105129,C:0.0134888):0.00644632):0.0222088
D:0.119651 A:0.0172709
Trying D B
D:0.119651 (B:0.0105129,C:0.0134888):0.00644632
D:0.119651 B:0.0105129
D:0.119651 (A:0.0172709,(B:0.0105129,C:0.0134888):0.00644632):0.0222088
Trying D C
D:0.119651 C:0.0134888
D:0.119651 (B:0.0105129,C:0.0134888):0.00644632
D:0.119651 (A:0.0172709,(B:0.0105129,C:0.0134888):0.00644632):0.0222088
Trying F E
F:0.0362163 E:0.121394
1->2 0.00079855864 204.0915 204.12064
2->1 0.0036049047 204.12064 204.12064
p2->1 0.015326404 204.12065 204.12064
Migration added
Local updates around node 1: 0 ln(lk):204.12065 
Local updates around node 2: 0 ln(lk):204.12065 
Updates in migration position: 0 ln(lk):204.12065 
Switches in migration direction: 0 ln(lk):204.12065 
ln(likelihood):204.12065 
DONE.
