
TreeMix v. 1.13
$Revision: 231 $

npop:7 nsnp:17505003
Estimating covariance matrix in 4862 blocks of size 3600
SEED: 1607913359
Starting from:
(B:0.0898193,(G:0.14244,E:0.142342):0.0898193);
Adding A [4/7]
ln(likelihood): -5588.3876 
((G:0.137127,E:0.13704):0.0876482,(B:0,A:0.00145776):0.0876482);
Adding D [5/7]
ln(likelihood): -792.98262 
((A:0.0220155,((G:0.120966,E:0.120833):0.0388912,D:0.118947):0.132639):0.0104554,B:0.0104554);
Adding C [6/7]
ln(likelihood): -1054.811 
((A:0.0205905,((G:0.120756,E:0.120635):0.0388989,D:0.118741):0.135743):0.0032213,(B:0.014501,C:0.0174769):0.0032213);
Adding F [7/7]
ln(likelihood): 198.43348 
((A:0.0172709,(((G:0.121773,E:0.121663):0.03887,D:0.119772):0.116079,F:0.0537443):0.0222313):0.00322316,(B:0.0105129,C:0.0134888):0.00322316);
Testing global rearrangements
A:0.0172709 G:0.121773
-94698.39 198.43348
A:0.0172709 D:0.119772
-53623.153 198.43348
G:0.121773 D:0.119772
-1399.1102 198.43348
D:0.119772 A:0.0172709
-50134.866 198.43348
D:0.119772 F:0.0537443
-31019.707 198.43348
D:0.119772 B:0.0105129
-54672.705 198.43348
D:0.119772 (B:0.0105129,C:0.0134888):0.00322316
-50134.866 198.43348
D:0.119772 C:0.0134888
-54672.705 198.43348
F:0.0537443 A:0.0172709
-2161.178 198.43348
F:0.0537443 B:0.0105129
-3248.0364 198.43348
F:0.0537443 (B:0.0105129,C:0.0134888):0.00322316
-2161.178 198.43348
F:0.0537443 C:0.0134888
-3248.0364 198.43348
B:0.0105129 A:0.0172709
8.0268298 198.43348
DONE.
