
TreeMix v. 1.13
$Revision: 231 $

npop:7 nsnp:17505003
Estimating covariance matrix in 6251 blocks of size 2800
SEED: 1607912815
Starting from:
(B:0.0713396,(G:0.161206,D:0.13379):0.0713396);
Adding F [4/7]
ln(likelihood): -2617.9843 
((G:0.163709,D:0.13439):0.057355,(B:0.0214802,F:0.0511302):0.057355);
Adding C [5/7]
ln(likelihood): -523.08688 
((G:0.154998,D:0.123874):0.0585753,(F:0.0580866,(B:0.0101584,C:0.0131343):0.0269323):0.0585753);
Adding E [6/7]
ln(likelihood): 59.985036 
((B:0.00930008,C:0.012276):0.0145445,(F:0.0543488,(D:0.120335,(G:0.122337,E:0.122216):0.0388573):0.116553):0.0145445);
Adding A [7/7]
ln(likelihood): 201.89327 
((F:0.0537442,(D:0.119774,(G:0.121773,E:0.121663):0.0388669):0.116082):0.0111155,((B:0.0105129,C:0.0134889):0.00644634,A:0.0172706):0.0111155);
Testing global rearrangements
F:0.0537442 G:0.121773
-75680.36 201.89327
F:0.0537442 (G:0.121773,E:0.121663):0.0388669
-39887.965 201.89327
F:0.0537442 E:0.121663
-75680.36 201.89327
D:0.119774 G:0.121773
-1848.4694 201.89327
D:0.119774 E:0.121663
-1848.4694 201.89327
B:0.0105129 D:0.119774
-74081.061 201.89327
B:0.0105129 ((B:0.0105129,C:0.0134889):0.00644634,A:0.0172706):0.0111155
-42.391843 201.89327
A:0.0172706 F:0.0537442
-2826.6313 201.89327
A:0.0172706 (F:0.0537442,(D:0.119774,(G:0.121773,E:0.121663):0.0388669):0.116082):0.0111155
201.89327 201.89327
A:0.0172706 D:0.119774
-68884.2 201.89327
A:0.0172706 (D:0.119774,(G:0.121773,E:0.121663):0.0388669):0.116082
-2826.6313 201.89327
A:0.0172706 G:0.121773
-121585.9 201.89327
A:0.0172706 (G:0.121773,E:0.121663):0.0388669
-68884.2 201.89327
A:0.0172706 E:0.121663
-121585.9 201.89327
Targeting migration to vicinity of:
D E
G F
B D
D A

D E
F G
E D
G F
E D
Trying D E
D:0.119774 E:0.121663
1->2 0.0057424628 201.94653 201.89327
2->1 0.43606377 201.94653 201.94653
p1->2 4.0751289e-05 201.89327 201.94653
Trying E D
E:0.121675 D:0.119774
Trying F G
F:0.0537442 (G:0.121771,E:0.121675):0.0388685
1->2 0.025960954 201.93447 201.94653
2->1 0.099995285 201.93447 201.94653
p1->2 4.0751289e-05 201.89327 201.94653
F:0.0537442 G:0.121773
1->2 0.0019267334 201.954 201.94653
2->1 0.0035051624 201.93274 201.954
p1->2 0.0019631728 201.94653 201.954
Trying G F
(E:0.121404,G:0.122512):0.0390577 F:0.0537442
G:0.122512 F:0.0537442
Migration added
Local updates around node 1: 0 ln(lk):201.954 
Local updates around node 2: 0 ln(lk):201.954 
Updates in migration position: 0 ln(lk):201.954 
Switches in migration direction: 0 ln(lk):201.954 
ln(likelihood):201.954 
Targeting migration to vicinity of:
F E
D A
B D
D C

B D
C D
A D
D B
D C
D A
D B
D C
D A
F E
Trying A D
((B:0.0105129,C:0.0134889):0.00644634,A:0.0172706):0.0111042 D:0.119653
1->2 0.25018033 201.98767 201.954
2->1 0.0011853708 201.98767 201.98767
p2->1 0.99990094 201.954 201.98767
A:0.0172706 D:0.119653
1->2 0.0063318266 201.98767 201.98767
2->1 9.7509241e-05 201.95493 201.98767
p2->1 0.22485073 201.954 201.98767
Trying B D
(B:0.0105129,C:0.0134889):4.27464e-06 D:0.119653
1->2 0.0063318266 201.98767 201.98767
2->1 0.00018037626 201.95744 201.98767
p2->1 0.43606377 201.954 201.98767
(A:9.79667e-05,(B:0.0105129,C:0.0134889):0.0507213):0.0196905 D:0.119653
B:0.0105129 D:0.119653
1->2 0.0049197529 201.98532 201.98767
2->1 5.6539659e-05 201.95454 201.98767
p2->1 3.0968394e-07 201.954 201.98767
Trying C D
(C:0.0134889,B:0.0105129):0.00644635 D:0.119653
C:0.0134889 D:0.119653
1->2 0.0049197529 201.98532 201.98767
2->1 5.7404843e-05 201.95454 201.98767
p2->1 4.5131677e-07 201.954 201.98767
(A:0.0172706,(B:0.0105129,C:0.0134889):0.00644635):0.0111042 D:0.119653
Trying D A
D:0.119653 (A:0.0172706,(B:0.0105129,C:0.0134889):0.00644635):0.0111042
D:0.119653 A:0.0172706
Trying D B
D:0.119653 (B:0.0105129,C:0.0134889):0.00644635
D:0.119653 (A:0.0172706,(B:0.0105129,C:0.0134889):0.00644635):0.0111042
D:0.119653 B:0.0105129
Trying D C
D:0.119653 (B:0.0105129,C:0.0134889):0.00644635
D:0.119653 C:0.0134889
D:0.119653 (A:0.0172706,(B:0.0105129,C:0.0134889):0.00644635):0.0111042
Trying F E
F:0.0537668 E:0.121395
1->2 0.00079855864 201.96267 201.98767
2->1 0.0036049047 201.98767 201.98767
p1->2 6.2353583e-06 201.954 201.98767
p2->1 0.015326404 201.98768 201.98767
Migration added
Local updates around node 1: 0 ln(lk):201.98768 
Local updates around node 2: 0 ln(lk):201.98768 
Updates in migration position: 0 ln(lk):201.98768 
Switches in migration direction: 0 ln(lk):201.98768 
ln(likelihood):201.98768 
DONE.
