
TreeMix v. 1.13
$Revision: 231 $

npop:7 nsnp:17505003
Estimating covariance matrix in 5470 blocks of size 3200
SEED: 1607912949
Starting from:
((E:0.141668,G:0.141766):0.0907677,A:0.0907677);
Adding C [4/7]
ln(likelihood): -6293.7325 
((E:0.1369,G:0.136986):0.0878446,(A:0.00131505,C:0.00206889):0.0878446);
Adding B [5/7]
ln(likelihood): -85.678011 
((E:0.125152,G:0.125227):0.0883801,(A:0.0164729,(C:0.0133647,B:0.0103889):0.00509801):0.0883801);
Adding F [6/7]
ln(likelihood): -2900.2263 
((E:0.116096,G:0.116162):0.0785199,((A:0.0203667,(C:0.0165844,B:0.0136086):0.00644613):0.0245882,F:0.057062):0.0785199);
Adding D [7/7]
ln(likelihood): 200.05812 
(((A:0.0172709,(C:0.0134885,B:0.0105128):0.00644613):0.0222314,F:0.0537451):0.0580369,((E:0.121663,G:0.121772):0.0388772,D:0.11977):0.0580369);
Testing global rearrangements
A:0.0172709 ((A:0.0172709,(C:0.0134885,B:0.0105128):0.00644613):0.0222314,F:0.0537451):0.0580369
-2452.7966 200.05812
A:0.0172709 G:0.121772
-106478.03 200.05812
A:0.0172709 D:0.11977
-60305.573 200.05812
C:0.0134885 A:0.0172709
-13.968495 200.05812
F:0.0537451 A:0.0172709
-2452.7966 200.05812
F:0.0537451 E:0.121663
-66259.661 200.05812
F:0.0537451 (E:0.121663,G:0.121772):0.0388772
-34904.003 200.05812
F:0.0537451 G:0.121772
-66259.661 200.05812
E:0.121663 D:0.11977
-1596.508 200.05812
D:0.11977 A:0.0172709
-56387.995 200.05812
D:0.11977 (A:0.0172709,(C:0.0134885,B:0.0105128):0.00644613):0.0222314
-34904.003 200.05812
D:0.11977 C:0.0134885
-61489.001 200.05812
D:0.11977 (C:0.0134885,B:0.0105128):0.00644613
-56387.995 200.05812
D:0.11977 B:0.0105128
-61489.001 200.05812
D:0.11977 ((A:0.0172709,(C:0.0134885,B:0.0105128):0.00644613):0.0222314,F:0.0537451):0.0580369
200.05812 200.05812
D:0.11977 F:0.0537451
-34904.003 200.05812
Targeting migration to vicinity of:
E D
G F
B D
C D

E D
D E
G F
Trying D E
D:0.11977 E:0.121663
1->2 0.3970964 200.10478 200.05812
2->1 0.099995285 200.10478 200.10478
p1->2 4.0751289e-05 200.05812 200.10478
Trying E D
E:0.121674 D:0.11977
Trying G F
G:0.121771 ((A:0.0172709,(C:0.0134885,B:0.0105128):0.00644613):0.0222314,F:0.0537451):0.0580369
1->2 0.09951704 200.10478 200.10478
2->1 0.010928518 200.10478 200.10478
p1->2 0.99775207 200.05812 200.10478
G:0.121772 F:0.0537451
1->2 0.0035051624 200.0927 200.10478
2->1 0.0019267334 200.11131 200.10478
p1->2 0.099995285 200.09421 200.11131
(E:0.121663,G:0.121772):0.0389124 F:0.0807892
2->1 0.099995285 200.09421 200.11131
p1->2 0.091048792 200.05812 200.11131
p2->1 0.0008357527 200.05812 200.11131
Migration added
Local updates around node 1: 0 ln(lk):200.11131 
Local updates around node 2: 0 ln(lk):200.11131 
Updates in migration position: 0 ln(lk):200.11131 
Switches in migration direction: 0 ln(lk):200.11131 
ln(likelihood):200.11131 
Targeting migration to vicinity of:
E F
B D
C D
A D

A D
C D
B D
F E
A D
C D
B D
A D
C D
B D
E F
D A
Trying A D
(A:0.0172709,(C:0.0134885,B:0.0105128):0.00644613):0.0222088 D:0.119649
1->2 0.099995285 200.1408 200.11131
2->1 0.0026463708 200.1408 200.1408
p1->2 0.10015381 200.11131 200.1408
p2->1 0.016859977 200.11131 200.1408
A:0.0172709 D:0.119649
1->2 0.0063318266 200.1408 200.1408
2->1 9.8076482e-05 200.11212 200.1408
p2->1 0.051593695 200.11131 200.1408
Trying B D
(C:0.0134885,B:0.0105128):0.00523796 D:0.119649
1->2 0.0063318266 200.1408 200.1408
2->1 0.00017933312 200.11432 200.1408
p2->1 0.099995285 200.11131 200.1408
B:0.0105128 D:0.119649
1->2 0.0049197529 200.13874 200.1408
2->1 5.7946159e-05 200.11178 200.1408
p2->1 3.6306955e-07 200.11131 200.1408
(A:0.0172709,(C:0.0134885,B:0.0105128):0.00644614):0.0222088 D:0.119649
Trying C D
(C:0.0134885,B:0.0105128):0.00644614 D:0.119649
(A:0.0172709,(C:0.0134885,B:0.0105128):0.00644614):0.0222088 D:0.119649
C:0.0134885 D:0.119649
1->2 0.0049197529 200.13874 200.1408
2->1 5.7946159e-05 200.11179 200.1408
p2->1 4.7680956e-07 200.11131 200.1408
Trying D A
D:0.119649 (A:0.0172709,(B:0.0105127,C:0.0134886):0.00644614):0.0222088
D:0.119649 A:0.0172709
Trying E F
E:0.121394 F:0.0537677
1->2 0.0035920499 200.1408 200.1408
2->1 0.00079855864 200.1189 200.1408
p1->2 0.015326404 200.14081 200.1408
p2->1 0.099995285 200.11114 200.14081
Trying F E
F:0.0537686 E:0.154704
Migration added
Local updates around node 1: 0 ln(lk):200.14081 
Local updates around node 2: 0 ln(lk):200.14081 
Updates in migration position: 0 ln(lk):200.14081 
Switches in migration direction: 0 ln(lk):200.14081 
ln(likelihood):200.14081 
Targeting migration to vicinity of:
G D
E B
A E
E C

A E
C E
B E
E A
E C
E B
E A
E C
E B
G D
D G
Trying A E
(A:0.0172709,(B:0.0105128,C:0.0134885):0.00644613):0.0205289 E:0.121405
1->2 3.0968394e-07 200.14081 200.14081
2->1 0.0008357527 200.14081 200.14081
p1->2 0.0008357527 200.14081 200.14081
p2->1 0.0008357527 200.14081 200.14081
A:0.0172709 E:0.121405
1->2 3.0968394e-07 200.14081 200.14081
2->1 3.0968394e-07 200.14081 200.14081
p2->1 3.0968394e-07 200.14081 200.14081
Trying B E
(B:0.0105128,C:0.0134885):0.0064461 E:0.121405
1->2 3.0968394e-07 200.14081 200.14081
2->1 3.0968394e-07 200.14081 200.14081
p2->1 3.0968394e-07 200.14081 200.14081
B:0.0105128 E:0.121405
1->2 3.0968394e-07 200.14081 200.14081
2->1 3.0968394e-07 200.14081 200.14081
p2->1 3.0968394e-07 200.14081 200.14081
(A:0.0172709,(C:0.0134885,B:0.0105128):0.00644615):0.0205289 E:0.121405
Trying C E
(C:0.0134885,B:0.0105128):0.00644615 E:0.121405
(A:0.0172709,(C:0.0134885,B:0.0105128):0.00644615):0.0205289 E:0.121405
C:0.0134885 E:0.121405
1->2 3.0968394e-07 200.14081 200.14081
2->1 3.0968394e-07 200.14081 200.14081
p2->1 3.0968394e-07 200.14081 200.14081
Trying D G
D:0.119621 G:0.122503
1->2 0.099995285 200.14081 200.14081
2->1 0.0008357527 200.14081 200.14081
p1->2 4.0751289e-05 200.14081 200.14081
p2->1 0.099995285 200.14081 200.14081
Trying E A
E:0.121405 (A:0.0172709,(B:0.0105128,C:0.0134885):0.00644613):0.0205295
E:0.121405 A:0.0172709
Trying E B
E:0.121405 (B:0.0105128,C:0.0134885):0.00644613
E:0.121405 B:0.0105128
E:0.121405 (A:0.0172709,(B:0.0105128,C:0.0134885):0.00644613):0.0205295
Trying E C
E:0.121405 (B:0.0105128,C:0.0134885):0.00644613
E:0.121405 (A:0.0172709,(B:0.0105128,C:0.0134885):0.00644613):0.0205295
E:0.121405 C:0.0134885
Trying G D
G:0.122503 D:0.149002
Migration added
Local updates around node 1: 0 ln(lk):200.14081 
Local updates around node 2: 0 ln(lk):200.14081 
Updates in migration position: 0 ln(lk):200.14081 
Switches in migration direction: 0 ln(lk):200.14081 
ln(likelihood):200.14081 
DONE.
