
TreeMix v. 1.13
$Revision: 231 $

npop:7 nsnp:17505003
Estimating covariance matrix in 21881 blocks of size 800
SEED: 1607912949
Starting from:
((E:0.141669,G:0.141767):0.0907689,A:0.0907689);
Adding C [4/7]
ln(likelihood): -24800.515 
((E:0.1369,G:0.136987):0.0878458,(A:0.00131375,C:0.00206726):0.0878458);
Adding B [5/7]
ln(likelihood): -643.27534 
((E:0.125152,G:0.125229):0.0883811,(A:0.0164723,(C:0.013364,B:0.0103884):0.00509729):0.0883811);
Adding F [6/7]
ln(likelihood): -11665.357 
((E:0.116096,G:0.116163):0.0785209,((A:0.0203663,(C:0.0165837,B:0.013608):0.00644605):0.0245879,F:0.0570621):0.0785209);
Adding D [7/7]
ln(likelihood): 218.8228 
(((E:0.121662,G:0.121772):0.0388848,((A:0.0172708,(C:0.0134882,B:0.0105125):0.00644605):0.0222315,F:0.0537455):0.116069):0.0598837,D:0.0598837);
Testing global rearrangements
E:0.121662 F:0.0537455
-230622.45 218.8228
E:0.121662 D:0.0598837
-6860.2898 218.8228
A:0.0172708 C:0.0134882
-617.11703 218.8228
A:0.0172708 B:0.0105125
-617.11703 218.8228
A:0.0172708 F:0.0537455
-10202.384 218.8228
A:0.0172708 D:0.0598837
-237640.96 218.8228
C:0.0134882 A:0.0172708
-617.11703 218.8228
C:0.0134882 F:0.0537455
-14483.284 218.8228
B:0.0105125 A:0.0172708
-617.11703 218.8228
F:0.0537455 E:0.121662
-261531.02 218.8228
F:0.0537455 (E:0.121662,G:0.121772):0.0388848
-138368.16 218.8228
F:0.0537455 G:0.121772
-261531.02 218.8228
F:0.0537455 A:0.0172708
-10202.384 218.8228
D:0.0598837 E:0.121662
-6860.2898 218.8228
D:0.0598837 F:0.0537455
-138368.16 218.8228
Targeting migration to vicinity of:
E D
G F
A D
B D

E D
G F
Trying E D
E:0.121662 D:0.0598837
1->2 0.016859977 219.00671 218.8228
2->1 0.016859977 219.00671 219.00671
p1->2 0.99965066 218.8228 219.00671
Trying G F
(G:0.121772,E:0.121662):0.0388848 F:0.0537455
1->2 0.099838786 218.96514 219.00671
2->1 0.01707634 218.96514 219.00671
p1->2 4.0751289e-05 218.8228 219.00671
G:0.121772 F:0.0537546
1->2 0.0035051624 218.95933 219.00671
2->1 0.0019267334 219.03259 219.00671
p2->1 0.016979244 219.00671 219.03259
G:0.126885 ((A:0.0172708,(C:0.0134882,B:0.0105125):0.00644605):0.0222315,F:0.0537455):0.116183
1->2 0.17948262 219.00671 219.03259
p2->1 4.0751289e-05 218.8228 219.03259
((E:0.12166,G:0.121784):0.0388864,((A:0.0172708,(C:0.0134882,B:0.0105125):0.00644605):0.0222315,F:0.0537455):0.116069):0.0598837 F:0.0537455
Migration added
Local updates around node 1: 0 ln(lk):219.03259 
Local updates around node 2: 0 ln(lk):219.03259 
Updates in migration position: 0 ln(lk):219.03259 
Switches in migration direction: 0 ln(lk):219.03259 
ln(likelihood):219.03259 
Targeting migration to vicinity of:
E F
A D
B D
C D

A D
C D
B D
A D
C D
B D
A D
C D
B D
E F
Trying A D
(A:0.0172708,(C:0.0134882,B:0.0105125):0.00644605):0.0222089 D:0.0598234
1->2 0.25106686 219.14864 219.03259
2->1 0.0011743098 219.14882 219.14864
p1->2 6.2716344e-06 219.03259 219.14882
A:0.0172708 D:0.0598242
1->2 0.0063318266 219.14882 219.14882
2->1 9.8076482e-05 219.0358 219.14882
Trying B D
B:0.0105125 D:0.059825
1->2 0.0049197529 219.14072 219.14882
2->1 5.7946159e-05 219.03445 219.14882
p1->2 0.0063318266 219.14882 219.14882
(C:0.0134882,B:0.0105125):0.00644605 D:0.0610184
2->1 0.00017933312 219.04444 219.14882
(A:0.0172458,(C:0.0134882,B:0.0105125):0.00647334):0.0222268 D:0.0598292
Trying C D
(C:0.0134882,B:0.0105125):0.00647334 D:0.0598292
(A:0.0172458,(C:0.0134882,B:0.0105125):0.00647334):0.0222268 D:0.0598292
C:0.0134882 D:0.0598292
1->2 0.0049197529 219.14072 219.14882
2->1 5.7946159e-05 219.03447 219.14882
Trying E F
E:0.121394 F:0.0537647
1->2 0.0035920499 219.14883 219.14882
2->1 0.00080320082 219.0626 219.14883
p1->2 0.015326404 219.14886 219.14883
p2->1 0.3970964 219.03195 219.14886
Migration added
Local updates around node 1: 0 ln(lk):219.14886 
Local updates around node 2: 0 ln(lk):219.14886 
Updates in migration position: 0 ln(lk):219.14886 
Switches in migration direction: 0 ln(lk):219.14886 
ln(likelihood):219.14886 
Targeting migration to vicinity of:
G D
A E
E C
E B

A E
C E
B E
E A
E C
E B
E A
E C
E B
G D
Trying A E
(A:0.0172708,(B:0.0105125,C:0.0134882):0.00644605):0.020529 E:0.121404
1->2 3.3026194e-07 219.14886 219.14886
2->1 0.0008357527 219.14886 219.14886
p1->2 0.0008357527 219.14886 219.14886
p2->1 0.0008357527 219.14886 219.14886
A:0.0172708 E:0.121404
1->2 3.3026194e-07 219.14886 219.14886
2->1 3.0968394e-07 219.14886 219.14886
p2->1 3.8135897e-07 219.14886 219.14886
Trying B E
(B:0.0105125,C:0.0134882):0.00644601 E:0.121404
1->2 3.3026194e-07 219.14886 219.14886
2->1 3.0968394e-07 219.14886 219.14886
p2->1 3.8135897e-07 219.14886 219.14886
B:0.0105125 E:0.121404
1->2 3.3026194e-07 219.14886 219.14886
2->1 3.0968394e-07 219.14886 219.14886
p2->1 3.8719494e-07 219.14886 219.14886
(A:0.0172708,(C:0.0134882,B:0.0105126):0.00644607):0.020529 E:0.121404
Trying C E
(C:0.0134882,B:0.0105126):0.00644607 E:0.121404
(A:0.0172708,(C:0.0134882,B:0.0105126):0.00644607):0.020529 E:0.121404
C:0.0134882 E:0.121404
1->2 3.3026194e-07 219.14886 219.14886
2->1 3.0968394e-07 219.14886 219.14886
p2->1 3.8719494e-07 219.14886 219.14886
Trying E A
E:0.121404 (A:0.0172708,(B:0.0105125,C:0.0134882):0.00644607):0.020529
E:0.121404 A:0.0172708
Trying E B
E:0.121404 (B:0.0105125,C:0.0134882):0.00644607
E:0.121404 B:0.0105125
E:0.121404 (A:0.0172708,(B:0.0105125,C:0.0134882):0.00644607):0.020529
Trying E C
E:0.121404 (B:0.0105125,C:0.0134882):0.00644607
E:0.121404 (A:0.0172708,(B:0.0105125,C:0.0134882):0.00644607):0.020529
E:0.121404 C:0.0134882
Trying G D
G:0.122503 D:0.0598092
1->2 0.0008357527 219.14886 219.14886
2->1 0.099995285 219.14886 219.14886
p1->2 0.099995285 219.14886 219.14886
Migration added
Local updates around node 1: 0 ln(lk):219.14886 
Local updates around node 2: 0 ln(lk):219.14886 
Updates in migration position: 0 ln(lk):219.14886 
Switches in migration direction: 0 ln(lk):219.14886 
ln(likelihood):219.14886 
DONE.
