
TreeMix v. 1.13
$Revision: 231 $

npop:7 nsnp:17505003
Estimating covariance matrix in 4862 blocks of size 3600
SEED: 1607912949
Starting from:
((E:0.141667,G:0.141765):0.0907666,A:0.0907666);
Adding C [4/7]
ln(likelihood): -5591.7111 
((E:0.136899,G:0.136985):0.0878435,(A:0.00131617,C:0.00207038):0.0878435);
Adding B [5/7]
ln(likelihood): -64.936157 
((E:0.125151,G:0.125226):0.0883793,(A:0.0164735,(C:0.0133652,B:0.0103892):0.00509879):0.0883793);
Adding F [6/7]
ln(likelihood): -2566.2036 
((E:0.116095,G:0.116161):0.0785191,((A:0.020367,(C:0.0165849,B:0.013609):0.00644631):0.0245885,F:0.0570616):0.0785191);
Adding D [7/7]
ln(likelihood): 198.43348 
(((A:0.0172709,(C:0.0134888,B:0.0105129):0.00644631):0.0222313,F:0.0537443):0.0580395,((E:0.121663,G:0.121773):0.03887,D:0.119772):0.0580395);
Testing global rearrangements
A:0.0172709 ((A:0.0172709,(C:0.0134888,B:0.0105129):0.00644631):0.0222313,F:0.0537443):0.0580395
-2161.178 198.43348
A:0.0172709 G:0.121773
-94698.39 198.43348
A:0.0172709 D:0.119772
-53623.153 198.43348
C:0.0134888 A:0.0172709
8.0268298 198.43348
F:0.0537443 A:0.0172709
-2161.178 198.43348
F:0.0537443 E:0.121663
-58908.973 198.43348
F:0.0537443 (E:0.121663,G:0.121773):0.03887
-31019.707 198.43348
F:0.0537443 G:0.121773
-58908.973 198.43348
E:0.121663 D:0.119772
-1399.1102 198.43348
D:0.119772 A:0.0172709
-50134.866 198.43348
D:0.119772 (A:0.0172709,(C:0.0134888,B:0.0105129):0.00644631):0.0222313
-31019.707 198.43348
D:0.119772 C:0.0134888
-54672.705 198.43348
D:0.119772 (C:0.0134888,B:0.0105129):0.00644631
-50134.866 198.43348
D:0.119772 B:0.0105129
-54672.705 198.43348
D:0.119772 ((A:0.0172709,(C:0.0134888,B:0.0105129):0.00644631):0.0222313,F:0.0537443):0.0580395
198.43348 198.43348
D:0.119772 F:0.0537443
-31019.707 198.43348
Targeting migration to vicinity of:
E D
G F
B D
A D

F G
E D
D E
G F
Trying D E
D:0.119772 E:0.121663
1->2 0.099995285 198.47497 198.43348
2->1 0.66425264 198.47497 198.47497
p1->2 4.0751289e-05 198.43348 198.47497
Trying E D
E:0.121674 D:0.119772
Trying F G
((A:0.0172709,(C:0.0134888,B:0.0105129):0.00644631):0.0222313,F:0.0537443):0.0580395 G:0.121771
1->2 0.099995285 198.47497 198.47497
2->1 0.099995285 198.47497 198.47497
p2->1 0.99775207 198.43348 198.47497
F:0.0537443 G:0.121773
1->2 0.0019267334 198.48078 198.47497
2->1 0.0035051624 198.46423 198.48078
p2->1 0.12586832 198.46557 198.48078
F:0.0895707 (E:0.121663,G:0.121773):0.0389053
1->2 0.051593695 198.46557 198.48078
p1->2 3.6591351e-05 198.43348 198.48078
p2->1 0.099995285 198.43348 198.48078
Trying G F
G:0.121773 ((A:0.0172709,(C:0.0134888,B:0.0105129):0.00644631):0.0222313,F:0.0663503):0
G:0.121773 F:0.0663503
(E:0.121663,G:0.121773):0.03887 F:0.0663503
Migration added
Local updates around node 1: 0 ln(lk):198.48078 
Local updates around node 2: 0 ln(lk):198.48078 
Updates in migration position: 0 ln(lk):198.48078 
Switches in migration direction: 0 ln(lk):198.48078 
ln(likelihood):198.48078 
Targeting migration to vicinity of:
E F
B D
A D
C D

A D
C D
B D
F E
A D
C D
B D
A D
C D
B D
E F
D A
Trying A D
(A:0.0172709,(C:0.0134888,B:0.0105129):0.00644631):0.0222088 D:0.119651
1->2 0.099995285 198.50701 198.48078
2->1 0.0026463708 198.50701 198.50701
p1->2 0.078036837 198.48078 198.50701
p2->1 0.099995285 198.48078 198.50701
A:0.0172709 D:0.119651
1->2 0.0063318266 198.50701 198.50701
2->1 9.8076482e-05 198.48151 198.50701
p2->1 0.099995285 198.48078 198.50701
Trying B D
(C:0.0134888,B:0.0105129):0.0039788 D:0.119651
1->2 0.0063318266 198.50701 198.50701
2->1 0.00017933312 198.48346 198.50701
p2->1 0.099995285 198.48078 198.50701
B:0.0105129 D:0.119651
1->2 0.0049197529 198.50518 198.50701
2->1 5.7946159e-05 198.4812 198.50701
p2->1 3.6306955e-07 198.48078 198.50701
(A:0.0172709,(C:0.0134888,B:0.0105129):0.00644632):0.0222088 D:0.119651
Trying C D
(C:0.0134888,B:0.0105129):0.00644632 D:0.119651
(A:0.0172709,(C:0.0134888,B:0.0105129):0.00644632):0.0222088 D:0.119651
C:0.0134888 D:0.119651
1->2 0.0049197529 198.50518 198.50701
2->1 5.7946159e-05 198.48121 198.50701
p2->1 4.7680956e-07 198.48078 198.50701
Trying D A
D:0.119651 (A:0.0172709,(B:0.0105129,C:0.0134888):0.00644632):0.0222088
D:0.119651 A:0.0172709
Trying E F
E:0.121394 F:0.0537669
1->2 0.0036049047 198.50701 198.50701
2->1 0.00079855864 198.48753 198.50701
p1->2 0.015326404 198.50702 198.50701
p2->1 0.099995285 198.48064 198.50702
Trying F E
F:0.0537678 E:0.154703
Migration added
Local updates around node 1: 0 ln(lk):198.50702 
Local updates around node 2: 0 ln(lk):198.50702 
Updates in migration position: 0 ln(lk):198.50702 
Switches in migration direction: 0 ln(lk):198.50702 
ln(likelihood):198.50702 
Targeting migration to vicinity of:
G D
E B
A E
E C

A E
C E
B E
E A
E C
E B
E A
E C
E B
G D
D G
Trying A E
(A:0.0172709,(B:0.0105129,C:0.0134888):0.00644631):0.0205287 E:0.121405
1->2 3.0968394e-07 198.50702 198.50702
2->1 0.0008357527 198.50702 198.50702
p1->2 0.0008357527 198.50702 198.50702
p2->1 0.0008357527 198.50702 198.50702
A:0.0172709 E:0.121405
1->2 3.0968394e-07 198.50702 198.50702
2->1 3.0968394e-07 198.50702 198.50702
p2->1 3.0968394e-07 198.50702 198.50702
Trying B E
(B:0.0105129,C:0.0134888):0.00644628 E:0.121405
1->2 3.0968394e-07 198.50702 198.50702
2->1 3.0968394e-07 198.50702 198.50702
p2->1 3.0968394e-07 198.50702 198.50702
B:0.0105129 E:0.121405
1->2 3.0968394e-07 198.50702 198.50702
2->1 3.0968394e-07 198.50702 198.50702
p2->1 3.0968394e-07 198.50702 198.50702
(A:0.0172709,(C:0.0134888,B:0.0105129):0.00644633):0.0205288 E:0.121405
Trying C E
(C:0.0134888,B:0.0105129):0.00644633 E:0.121405
(A:0.0172709,(C:0.0134888,B:0.0105129):0.00644633):0.0205288 E:0.121405
C:0.0134888 E:0.121405
1->2 3.0968394e-07 198.50702 198.50702
2->1 3.0968394e-07 198.50702 198.50702
p2->1 3.0968394e-07 198.50702 198.50702
Trying D G
D:0.119623 G:0.122503
1->2 0.099995285 198.50702 198.50702
2->1 0.0008357527 198.50702 198.50702
p1->2 4.0751289e-05 198.50702 198.50702
p2->1 0.099995285 198.50702 198.50702
Trying E A
E:0.121405 (A:0.0172709,(B:0.0105129,C:0.0134888):0.00644631):0.0205293
E:0.121405 A:0.0172709
Trying E B
E:0.121405 (B:0.0105129,C:0.0134888):0.00644631
E:0.121405 B:0.0105129
E:0.121405 (A:0.0172709,(B:0.0105129,C:0.0134888):0.00644631):0.0205293
Trying E C
E:0.121405 (B:0.0105129,C:0.0134888):0.00644631
E:0.121405 (A:0.0172709,(B:0.0105129,C:0.0134888):0.00644631):0.0205293
E:0.121405 C:0.0134888
Trying G D
G:0.122503 D:0.149
Migration added
Local updates around node 1: 0 ln(lk):198.50702 
Local updates around node 2: 0 ln(lk):198.50702 
Updates in migration position: 0 ln(lk):198.50702 
Switches in migration direction: 0 ln(lk):198.50702 
ln(likelihood):198.50702 
DONE.
