
TreeMix v. 1.13
$Revision: 231 $

npop:7 nsnp:17505003
Estimating covariance matrix in 6251 blocks of size 2800
SEED: 1607913084
Starting from:
(D:0.126224,(A:0,C:0):0.126224);
Adding G [4/7]
ln(likelihood): -1382.182 
((A:0.0127159,C:0.0134704):0.0681996,(D:0.129143,G:0.1585):0.0681996);
Adding F [5/7]
ln(likelihood): -592.53521 
((D:0.124201,G:0.155325):0.0585534,((A:0.0174833,C:0.0185364):0.0199833,F:0.0584026):0.0585534);
Adding B [6/7]
ln(likelihood): -1306.5274 
((D:0.120612,((A:0.0172978,(C:0.0135161,B:0.0105402):0.00644634):0.0222122,F:0.0537809):0.113812):0.0832771,G:0.0832771);
Adding E [7/7]
ln(likelihood): 201.89327 
(G:0.0608864,((D:0.119774,((A:0.0172706,(C:0.0134889,B:0.0105129):0.00644634):0.0222309,F:0.0537442):0.116082):0.0388669,E:0.121663):0.0608864);
Testing global rearrangements
G:0.0608864 A:0.0172706
-104398.04 201.89327
G:0.0608864 (A:0.0172706,(C:0.0134889,B:0.0105129):0.00644634):0.0222309
-67374.053 201.89327
G:0.0608864 C:0.0134889
-113321.44 201.89327
G:0.0608864 (C:0.0134889,B:0.0105129):0.00644634
-104398.04 201.89327
G:0.0608864 B:0.0105129
-113321.44 201.89327
G:0.0608864 ((A:0.0172706,(C:0.0134889,B:0.0105129):0.00644634):0.0222309,F:0.0537442):0.116082
-1848.4694 201.89327
G:0.0608864 F:0.0537442
-67374.053 201.89327
D:0.119774 G:0.0608864
-1848.4694 201.89327
D:0.119774 ((D:0.119774,((A:0.0172706,(C:0.0134889,B:0.0105129):0.00644634):0.0222309,F:0.0537442):0.116082):0.0388669,E:0.121663):0.0608864
-1848.4694 201.89327
A:0.0172706 D:0.119774
-68884.2 201.89327
A:0.0172706 ((A:0.0172706,(C:0.0134889,B:0.0105129):0.00644634):0.0222309,F:0.0537442):0.116082
-2826.6313 201.89327
C:0.0134889 A:0.0172706
-42.391843 201.89327
F:0.0537442 G:0.0608864
-75680.36 201.89327
F:0.0537442 A:0.0172706
-2826.6313 201.89327
F:0.0537442 E:0.121663
-75680.36 201.89327
E:0.121663 G:0.0608864
201.89327 201.89327
E:0.121663 D:0.119774
-1848.4694 201.89327
Targeting migration to vicinity of:
D E
G F
D B
D A

D E
F G
E D
G F
E D
Trying D E
D:0.119774 E:0.121663
1->2 0.3970964 201.94653 201.89327
2->1 0.099995285 201.94653 201.94653
p2->1 4.0751289e-05 201.89327 201.94653
Trying E D
E:0.121663 D:0.119785
Trying F G
((A:0.0172706,(C:0.0134889,B:0.0105129):0.00644634):0.0222309,F:0.0537442):0.11608 G:0.0608864
1->2 0.099995285 201.94653 201.94653
2->1 0.099995285 201.94653 201.94653
p1->2 0.94690639 201.89327 201.94653
F:0.0537442 G:21.5991
1->2 0.0019267334 201.954 201.94653
2->1 0.0035051624 201.93274 201.954
Trying G F
G:0.115288 ((A:0.0172706,(C:0.0134889,B:0.0105129):0.00644634):0.0217162,F:0.0546392):0.116583
G:0.115288 F:0.0546392
Migration added
Local updates around node 1: 0 ln(lk):201.954 
Local updates around node 2: 0 ln(lk):201.954 
Updates in migration position: 0 ln(lk):201.954 
Switches in migration direction: 0 ln(lk):201.954 
ln(likelihood):201.954 
Targeting migration to vicinity of:
F E
D B
D A
D C

D A
D C
D B
E F
D A
D C
D B
D A
D C
D B
A D
F E
Trying A D
(A:0.0172706,(C:0.0134889,B:0.0105129):0.00644634):0.0222084 D:0.119653
1->2 0.015098886 201.98767 201.954
2->1 0.0017005811 201.98767 201.98767
p2->1 4.0751289e-05 201.954 201.98767
A:0.0172706 D:0.119653
1->2 0.0063318266 201.98767 201.98767
2->1 9.8076482e-05 201.95493 201.98767
p2->1 6.2255936e-07 201.954 201.98767
Trying D A
D:0.119653 ((C:0.0134889,B:0.0105129):0.00644628,A:0.0172707):0.0222084
D:0.119653 A:0.0172707
Trying D B
D:0.119653 (C:0.0134889,B:0.0105129):0.00644628
1->2 0.00017933312 201.95744 201.98767
2->1 0.0063318266 201.98767 201.98767
p1->2 6.2255936e-07 201.954 201.98767
D:0.119653 B:0.0105129
1->2 5.7946159e-05 201.95454 201.98767
2->1 0.0049197529 201.98532 201.98767
p1->2 6.2255936e-07 201.954 201.98767
D:0.119653 (A:0.0172706,(C:0.0134888,B:0.010513):0.00644638):0.0222084
Trying D C
D:0.119653 C:0.0134888
1->2 5.7946159e-05 201.95454 201.98767
2->1 0.0049197529 201.98532 201.98767
p1->2 6.2255936e-07 201.954 201.98767
D:0.119653 (B:0.0105129,C:0.0134889):0.00644638
D:0.119653 (A:0.0172706,(B:0.0105129,C:0.0134889):0.00644638):0.0222084
Trying E F
E:0.121395 F:0.0537668
1->2 0.0036049047 201.98767 201.98767
2->1 0.00080320082 201.96267 201.98767
p1->2 0.0036049047 201.98767 201.98767
p2->1 5.140937e-06 201.954 201.98767
Trying F E
F:0.0537668 E:0.121397
Migration added
Local updates around node 1: 0 ln(lk):201.98767 
Local updates around node 2: 0 ln(lk):201.98767 
Updates in migration position: 0 ln(lk):201.98767 
Switches in migration direction: 0 ln(lk):201.98767 
ln(likelihood):201.98768 
Targeting migration to vicinity of:
D G
B E
A E
C E

A E
C E
B E
A E
C E
B E
A E
C E
B E
D G
Trying A E
A:0.0172706 E:0.121404
1->2 3.0968394e-07 201.98768 201.98768
2->1 3.8719494e-07 201.98768 201.98768
p1->2 3.0968394e-07 201.98768 201.98768
p2->1 3.8719494e-07 201.98768 201.98768
((B:0.0105129,C:0.0134889):0.0064463,A:0.0172706):0.021888 E:0.121404
2->1 3.9084634e-07 201.98768 201.98768
p1->2 0.0008357527 201.98768 201.98768
p2->1 0.0008357527 201.98768 201.98768
Trying B E
B:0.0105129 E:0.121404
1->2 3.0968394e-07 201.98768 201.98768
2->1 3.8719494e-07 201.98768 201.98768
p1->2 3.0968394e-07 201.98768 201.98768
p2->1 3.8719494e-07 201.98768 201.98768
(C:0.0134888,B:0.010513):0.00644637 E:0.121404
2->1 3.8719494e-07 201.98768 201.98768
p2->1 3.8719494e-07 201.98768 201.98768
(A:0.0172705,(C:0.0134889,B:0.0105129):0.00644639):0.0218879 E:0.121404
Trying C E
(C:0.0134889,B:0.0105129):0.00644639 E:0.121404
C:0.0134889 E:0.121404
1->2 3.0968394e-07 201.98768 201.98768
2->1 3.8719494e-07 201.98768 201.98768
p2->1 3.8719494e-07 201.98768 201.98768
(A:0.0172706,(B:0.0105129,C:0.0134889):0.00644637):0.0218879 E:0.121404
Trying D G
D:0.119625 G:0.0612548
1->2 0.099995285 201.98768 201.98768
2->1 0.099995285 201.98768 201.98768
p1->2 0.099995285 201.98768 201.98768
ln(likelihood):201.98768 
Targeting migration to vicinity of:
D G
B E
A E
C E

A E
C E
B E
A E
C E
B E
A E
C E
B E
D G
Trying A E
(A:0.0172706,(B:0.0105129,C:0.0134889):0.00644634):0.0220315 E:0.121404
1->2 8.1759055e-07 201.98768 201.98768
2->1 8.7699078e-07 201.98768 201.98768
p1->2 0.099995285 201.98768 201.98768
p2->1 6.2255936e-07 201.98768 201.98768
A:0.0172706 E:0.121404
1->2 7.5948577e-07 201.98768 201.98768
2->1 3.0968394e-07 201.98768 201.98768
p2->1 3.8719494e-07 201.98768 201.98768
Trying B E
(B:0.0105129,C:0.0134889):0.0064463 E:0.121404
1->2 7.5948577e-07 201.98768 201.98768
2->1 3.0968394e-07 201.98768 201.98768
p2->1 3.8719494e-07 201.98768 201.98768
B:0.0105129 E:0.121404
1->2 7.298807e-07 201.98768 201.98768
2->1 3.0968394e-07 201.98768 201.98768
p2->1 3.8719494e-07 201.98768 201.98768
(A:0.0172706,(C:0.0134888,B:0.010513):0.00644637):0.0220315 E:0.121404
Trying C E
C:0.0134888 E:0.121404
1->2 7.298807e-07 201.98768 201.98768
2->1 3.0968394e-07 201.98768 201.98768
p2->1 3.8719494e-07 201.98768 201.98768
(B:0.0105129,C:0.0134889):0.00644637 E:0.121404
(A:0.0172706,(B:0.0105129,C:0.0134889):0.00644637):0.0220315 E:0.121404
Trying D G
D:0.119624 G:0.0612553
1->2 0.099995285 201.98768 201.98768
2->1 0.099995285 201.98768 201.98768
p1->2 0.0008357527 201.98768 201.98768
Migration added
Local updates around node 1: 0 ln(lk):201.98768 
Local updates around node 2: 0 ln(lk):201.98768 
Updates in migration position: 0 ln(lk):201.98768 
Switches in migration direction: 0 ln(lk):201.98768 
ln(likelihood):201.98768 
DONE.
