
TreeMix v. 1.13
$Revision: 231 $

npop:7 nsnp:17505003
Estimating covariance matrix in 5835 blocks of size 3000
SEED: 1607912681
Starting from:
((F:0.0768912,D:0.178619):0.0276266,B:0.0276266);
Adding A [4/7]
ln(likelihood): -5681.3997 
((F:0.0505975,(B:0.0125758,A:0.0147981):0.00583632):0.121106,D:0.121106);
Adding C [5/7]
ln(likelihood): -5045.076 
((F:0.0573533,(A:0.0208551,(B:0.0140968,C:0.0170723):0.00644603):0.0234557):0.122833,D:0.122833);
Adding E [6/7]
ln(likelihood): -1157.1697 
(((F:0.0537725,(A:0.0172884,(B:0.01053,C:0.0135055):0.00644603):0.0222129):0.113969,D:0.120481):0.08318,E:0.08318);
Adding G [7/7]
ln(likelihood): 200.94859 
(((F:0.0537457,(A:0.0172709,(B:0.0105126,C:0.0134881):0.00644603):0.0222317):0.116067,D:0.119767):0.0194431,(E:0.121662,G:0.121772):0.0194431);
Testing global rearrangements
F:0.0537457 ((F:0.0537457,(A:0.0172709,(B:0.0105126,C:0.0134881):0.00644603):0.0222317):0.116067,D:0.119767):0.0194431
-37230.363 200.94859
F:0.0537457 E:0.121662
-70673.393 200.94859
F:0.0537457 (E:0.121662,G:0.121772):0.0194431
-37230.363 200.94859
F:0.0537457 G:0.121772
-70673.393 200.94859
A:0.0172709 F:0.0537457
-2628.0091 200.94859
B:0.0105126 A:0.0172709
-27.211863 200.94859
D:0.119767 A:0.0172709
-60135.082 200.94859
D:0.119767 E:0.121662
-1715.8489 200.94859
Targeting migration to vicinity of:
D E
F G
D B
D A

D E
F G
D E
F G
Trying D E
D:0.119767 E:0.121662
1->2 0.099995285 200.99833 200.94859
2->1 0.099995285 200.99833 200.99833
p1->2 0.92138368 200.94859 200.99833
p2->1 0.0009253035 200.94859 200.99833
Trying F G
(F:0.0537457,(A:0.0172709,(B:0.0105126,C:0.0134881):0.00644603):0.0222317):0.116067 G:0.121772
1->2 0.17986722 200.99833 200.99833
2->1 0.10342383 200.99833 200.99833
p1->2 0.099995285 200.94859 200.99833
p2->1 0.099995285 200.94859 200.99833
F:0.0537457 (E:0.121662,G:0.121772):0.0388862
1->2 0.016859977 200.98706 200.99833
2->1 0.016859977 200.98706 200.99833
p1->2 0.0017005811 200.94859 200.99833
F:0.0537457 G:0.121772
1->2 0.0019267334 201.0053 200.99833
2->1 0.0035051624 200.98545 201.0053
Migration added
Local updates around node 1: 0 ln(lk):201.0053 
Local updates around node 2: 0 ln(lk):201.0053 
Updates in migration position: 0 ln(lk):201.0053 
Switches in migration direction: 0 ln(lk):201.0053 
ln(likelihood):201.00529 
DONE.
