
TreeMix v. 1.13
$Revision: 231 $

npop:7 nsnp:17505003
Estimating covariance matrix in 12503 blocks of size 1400
SEED: 1607912681
Starting from:
((F:0.0768917,D:0.178624):0.0276261,B:0.0276261);
Adding A [4/7]
ln(likelihood): -12124.33 
((F:0.0505966,(B:0.0125756,A:0.0147979):0.00583586):0.121109,D:0.121109);
Adding C [5/7]
ln(likelihood): -10800.423 
((F:0.0573528,(A:0.020855,(B:0.0140966,C:0.0170725):0.00644611):0.0234556):0.122837,D:0.122837);
Adding E [6/7]
ln(likelihood): -2611.5224 
(((F:0.053772,(A:0.0172884,(B:0.01053,C:0.0135058):0.00644611):0.0222127):0.113974,D:0.120484):0.083177,E:0.083177);
Adding G [7/7]
ln(likelihood): 211.34616 
(E:0.060831,(((F:0.0537453,(A:0.017271,(B:0.0105126,C:0.0134885):0.00644611):0.0222314):0.116073,D:0.119769):0.0388793,G:0.121772):0.060831);
Testing global rearrangements
E:0.060831 F:0.0537453
-132844.9 211.34616
E:0.060831 D:0.119769
-3867.0561 211.34616
F:0.0537453 B:0.0105126
-8566.2182 211.34616
F:0.0537453 D:0.119769
-79537.603 211.34616
A:0.017271 F:0.0537453
-5803.0959 211.34616
A:0.017271 B:0.0105126
-272.59709 211.34616
A:0.017271 C:0.0134885
-272.59709 211.34616
D:0.119769 E:0.060831
-3867.0561 211.34616
D:0.119769 A:0.017271
-128189.43 211.34616
G:0.121772 D:0.119769
-3867.0561 211.34616
Targeting migration to vicinity of:
D E
F G
D B
D A

G F
D E
F G
D E
F G
Trying D E
D:0.119769 E:0.060831
1->2 0.099995285 211.45207 211.34616
2->1 0.010928518 211.45207 211.45207
p1->2 0.0026463708 211.34616 211.45207
Trying F G
(F:0.0537453,(A:0.017271,(B:0.0105126,C:0.0134885):0.00644611):0.0222314):0.116073 G:0.121772
1->2 0.051593695 211.45207 211.45207
2->1 0.099995285 211.45207 211.45207
p2->1 4.0751289e-05 211.34616 211.45207
F:0.0537453 G:0.121772
1->2 0.0019267334 211.46693 211.45207
2->1 0.0035051624 211.42471 211.46693
p2->1 0.0036258015 211.4281 211.46693
Trying G F
G:0.121772 ((A:0.017271,(B:0.0105126,C:0.0134885):0.00644611):0.0217147,F:0.0546556):0.116578
G:0.121772 F:0.0546556
Migration added
Local updates around node 1: 0 ln(lk):211.46693 
Local updates around node 2: 0 ln(lk):211.46693 
Updates in migration position: 0 ln(lk):211.46693 
Switches in migration direction: 0 ln(lk):211.46693 
ln(likelihood):211.46693 
DONE.
