
TreeMix v. 1.13
$Revision: 231 $

npop:7 nsnp:17505003
Estimating covariance matrix in 5835 blocks of size 3000
SEED: 1607912815
Starting from:
(B:0.0713333,(G:0.161218,D:0.133784):0.0713333);
Adding F [4/7]
ln(likelihood): -2440.4798 
((G:0.163723,D:0.134383):0.057348,(B:0.0214826,F:0.0511344):0.057348);
Adding C [5/7]
ln(likelihood): -482.72755 
((G:0.155012,D:0.123868):0.0585685,(F:0.0580891,(B:0.0101585,C:0.013134):0.0269334):0.0585685);
Adding E [6/7]
ln(likelihood): 65.174082 
((B:0.00929965,C:0.0122751):0.0145447,(F:0.0543503,(D:0.120328,(G:0.122336,E:0.122214):0.0388766):0.116539):0.0145447);
Adding A [7/7]
ln(likelihood): 200.94859 
(((D:0.119767,(G:0.121772,E:0.121662):0.0388862):0.116067,((B:0.0105126,C:0.0134881):0.00644603,A:0.0172709):0.0222317):0.0268728,F:0.0268728);
Testing global rearrangements
D:0.119767 E:0.121662
-1715.8489 200.94859
D:0.119767 B:0.0105126
-65569.75 200.94859
D:0.119767 (B:0.0105126,C:0.0134881):0.00644603
-60135.082 200.94859
D:0.119767 C:0.0134881
-65569.75 200.94859
D:0.119767 ((B:0.0105126,C:0.0134881):0.00644603,A:0.0172709):0.0222317
-37230.363 200.94859
D:0.119767 A:0.0172709
-60135.082 200.94859
G:0.121772 D:0.119767
-1715.8489 200.94859
B:0.0105126 D:0.119767
-69166.063 200.94859
B:0.0105126 ((B:0.0105126,C:0.0134881):0.00644603,A:0.0172709):0.0222317
-27.211863 200.94859
A:0.0172709 D:0.119767
-64311.893 200.94859
A:0.0172709 (D:0.119767,(G:0.121772,E:0.121662):0.0388862):0.116067
-2628.0091 200.94859
A:0.0172709 G:0.121772
-113553.89 200.94859
A:0.0172709 (G:0.121772,E:0.121662):0.0388862
-64311.893 200.94859
A:0.0172709 E:0.121662
-113553.89 200.94859
A:0.0172709 F:0.0268728
-2628.0091 200.94859
F:0.0268728 D:0.119767
-37230.363 200.94859
F:0.0268728 (D:0.119767,(G:0.121772,E:0.121662):0.0388862):0.116067
200.94859 200.94859
F:0.0268728 G:0.121772
-70673.393 200.94859
F:0.0268728 (G:0.121772,E:0.121662):0.0388862
-37230.363 200.94859
F:0.0268728 E:0.121662
-70673.393 200.94859
Targeting migration to vicinity of:
D E
G F
B D
D A

D E
E D
G F
Trying D E
D:0.119767 E:0.121662
1->2 0.3970964 200.99833 200.94859
2->1 0.0057424628 200.99833 200.99833
p1->2 4.0751289e-05 200.94859 200.99833
Trying E D
E:0.121673 D:0.119767
Trying G F
G:0.12177 F:0.0268728
1->2 0.0035051624 200.98545 200.99833
2->1 0.0019267334 201.0053 200.99833
p1->2 0.099995285 200.98706 201.0053
(E:0.121662,G:0.121772):0.0389214 F:0.0403946
2->1 0.17986722 200.98706 201.0053
p1->2 0.94578391 200.94859 201.0053
Migration added
Local updates around node 1: 0 ln(lk):201.0053 
Local updates around node 2: 0 ln(lk):201.0053 
Updates in migration position: 0 ln(lk):201.0053 
Switches in migration direction: 0 ln(lk):201.0053 
ln(likelihood):201.00529 
Targeting migration to vicinity of:
F E
B D
D A
D C

B D
C D
A D
D B
D C
D A
D B
D C
D A
F E
Trying A D
((B:0.0105126,C:0.0134881):0.00644603,A:0.0172709):0.0222091 D:0.119646
1->2 0.099995285 201.03674 201.00529
2->1 0.0026463708 201.03674 201.03674
p1->2 4.0751289e-05 201.00529 201.03674
A:0.0172709 D:0.119661
1->2 0.0063318266 201.03674 201.03674
2->1 9.7509241e-05 201.00616 201.03674
p2->1 0.099995285 201.00529 201.03674
Trying B D
(B:0.0105126,C:0.0134881):0.00397848 D:0.119646
1->2 0.0063318266 201.03674 201.03674
2->1 0.00018037626 201.00851 201.03674
p2->1 4.0751289e-05 201.00529 201.03674
B:0.0105126 D:0.119646
1->2 0.0049197529 201.03455 201.03674
2->1 5.6539659e-05 201.0058 201.03674
p2->1 3.8719494e-07 201.00529 201.03674
(A:0.0172709,(C:0.0134881,B:0.0105126):0.00644604):0.0222091 D:0.119646
Trying C D
C:0.0134881 D:0.119646
1->2 0.0049197529 201.03455 201.03674
2->1 5.7404843e-05 201.0058 201.03674
p2->1 5.6427712e-07 201.00529 201.03674
(B:0.0105126,C:0.0134881):0.00644604 D:0.119646
(A:0.0172709,(B:0.0105126,C:0.0134881):0.00644604):0.0222091 D:0.119646
Trying D A
D:0.119646 (A:0.0172709,(B:0.0105126,C:0.0134881):0.00644604):0.0222091
D:0.119646 A:0.0172709
Trying D B
D:0.119646 (B:0.0105126,C:0.0134881):0.00644604
D:0.119646 B:0.0105126
D:0.119646 (A:0.0172709,(B:0.0105126,C:0.0134881):0.00644604):0.0222091
Trying D C
D:0.119646 C:0.0134881
D:0.119646 (B:0.0105126,C:0.0134881):0.00644604
D:0.119646 (A:0.0172709,(B:0.0105126,C:0.0134881):0.00644604):0.0222091
Trying F E
F:0.0362195 E:0.121393
1->2 0.00079855864 201.01339 201.03674
2->1 0.0035920499 201.03674 201.03674
p2->1 0.015326404 201.03675 201.03674
Migration added
Local updates around node 1: 0 ln(lk):201.03675 
Local updates around node 2: 0 ln(lk):201.03675 
Updates in migration position: 0 ln(lk):201.03675 
Switches in migration direction: 0 ln(lk):201.03675 
ln(likelihood):201.03675 
DONE.
