
TreeMix v. 1.13
$Revision: 231 $

npop:7 nsnp:17505003
Estimating covariance matrix in 7293 blocks of size 2400
SEED: 1607913358
Starting from:
(D:0.126223,(A:0,C:0):0.126223);
Adding G [4/7]
ln(likelihood): -1621.3341 
((A:0.0127166,C:0.0134708):0.0681986,(D:0.129142,G:0.158502):0.0681986);
Adding B [5/7]
ln(likelihood): -2671.6458 
((A:0.021432,(C:0.015825,B:0.0128491):0.010096):0.0704961,(D:0.117719,G:0.148881):0.0704961);
Adding E [6/7]
ln(likelihood): -1644.6981 
((A:0.0205905,(D:0.118741,(G:0.120756,E:0.120635):0.0388989):0.135743):0.0032213,(C:0.0174769,B:0.014501):0.0032213);
Adding F [7/7]
ln(likelihood): 204.0106 
((A:0.0172709,(C:0.0134888,B:0.0105129):0.00644631):0.0111157,((D:0.119772,(G:0.121773,E:0.121663):0.03887):0.116079,F:0.0537443):0.0111157);
Testing global rearrangements
A:0.0172709 D:0.119772
-80308.845 204.0106
A:0.0172709 G:0.121773
-141722.9 204.0106
C:0.0134888 A:0.0172709
-80.552187 204.0106
D:0.119772 A:0.0172709
-75105.32 204.0106
D:0.119772 E:0.121663
-2186.2375 204.0106
F:0.0537443 D:0.119772
-46527.978 204.0106
DONE.
