
TreeMix v. 1.13
$Revision: 231 $

npop:7 nsnp:17505003
Estimating covariance matrix in 17505 blocks of size 1000
SEED: 1607912949
Starting from:
((E:0.141669,G:0.141767):0.0907691,A:0.0907691);
Adding C [4/7]
ln(likelihood): -19947.755 
((E:0.1369,G:0.136987):0.087846,(A:0.0013137,C:0.00206694):0.087846);
Adding B [5/7]
ln(likelihood): -496.1039 
((E:0.125152,G:0.125229):0.0883812,(A:0.0164723,(C:0.0133639,B:0.0103884):0.00509717):0.0883812);
Adding F [6/7]
ln(likelihood): -9376.1935 
((E:0.116097,G:0.116163):0.078521,((A:0.0203663,(C:0.0165835,B:0.013608):0.00644603):0.024588,F:0.0570622):0.078521);
Adding D [7/7]
ln(likelihood): 215.86667 
(((A:0.0172709,(C:0.0134881,B:0.0105126):0.00644603):0.0222317,F:0.0537457):0.0580337,((E:0.121662,G:0.121772):0.0388862,D:0.119767):0.0580337);
Testing global rearrangements
A:0.0172709 C:0.0134881
-456.95667 215.86667
A:0.0172709 F:0.0537457
-8160.5338 215.86667
A:0.0172709 G:0.121772
-336426.51 215.86667
A:0.0172709 D:0.119767
-190920.39 215.86667
C:0.0134881 A:0.0172709
-456.95667 215.86667
C:0.0134881 F:0.0537457
-11608.725 215.86667
F:0.0537457 E:0.121662
-210019.4 215.86667
F:0.0537457 (E:0.121662,G:0.121772):0.0388862
-111019.64 215.86667
F:0.0537457 G:0.121772
-210019.4 215.86667
F:0.0537457 ((E:0.121662,G:0.121772):0.0388862,D:0.119767):0.0580337
215.86667 215.86667
F:0.0537457 D:0.119767
-111019.64 215.86667
E:0.121662 D:0.119767
-5470.2436 215.86667
D:0.119767 A:0.0172709
-178716.79 215.86667
D:0.119767 (A:0.0172709,(C:0.0134881,B:0.0105126):0.00644603):0.0222317
-111019.64 215.86667
D:0.119767 C:0.0134881
-194671.25 215.86667
D:0.119767 (C:0.0134881,B:0.0105126):0.00644603
-178716.79 215.86667
D:0.119767 B:0.0105126
-194671.25 215.86667
D:0.119767 ((A:0.0172709,(C:0.0134881,B:0.0105126):0.00644603):0.0222317,F:0.0537457):0.0580337
215.86667 215.86667
D:0.119767 F:0.0537457
-111019.64 215.86667
Targeting migration to vicinity of:
E D
G F
C D
B D

E D
D E
G F
Trying D E
D:0.119767 E:0.121662
1->2 0.09951704 216.01435 215.86667
2->1 0.099995285 216.01435 216.01435
p1->2 4.0751289e-05 215.86667 216.01435
Trying E D
E:0.121673 D:0.119767
Trying G F
(G:0.12177,E:0.121673):0.0388877 F:0.0537457
1->2 0.0055198548 215.98095 216.01435
2->1 0.10216379 215.98095 216.01435
p1->2 0.099995285 215.86667 216.01435
p2->1 0.56512684 215.86667 216.01435
G:0.121772 F:0.0537457
1->2 0.0035051624 215.97625 216.01435
2->1 0.0019267334 216.0351 216.01435
p2->1 0.033863567 216.01435 216.0351
G:0.13206 ((A:0.0172709,(C:0.0134881,B:0.0105126):0.00644603):0.0222317,F:0.0537457):0.112817
1->2 0.033863567 216.01435 216.0351
p1->2 0.99775207 215.86667 216.0351
Migration added
Local updates around node 1: 0 ln(lk):216.0351 
Local updates around node 2: 0 ln(lk):216.0351 
Updates in migration position: 0 ln(lk):216.0351 
Switches in migration direction: 0 ln(lk):216.0351 
ln(likelihood):216.03509 
Targeting migration to vicinity of:
E F
C D
B D
A D

A D
C D
B D
F E
A D
C D
B D
A D
C D
B D
E F
D A
Trying A D
(A:0.0172709,(C:0.0134881,B:0.0105126):0.00644603):0.0222091 D:0.119646
1->2 0.099995285 216.12843 216.03509
2->1 0.0026463708 216.12843 216.12843
p1->2 0.099995285 216.03509 216.12843
p2->1 0.0008357527 216.03509 216.12843
A:0.0172709 D:0.119646
1->2 0.0063318266 216.12843 216.12843
2->1 9.8076482e-05 216.03767 216.12843
p2->1 0.099995285 216.03509 216.12843
Trying B D
((C:0.0134881,B:0.0105126):0.00397848,A:0.0240636):0.0246767 D:0.119646
B:0.0105126 D:0.119646
1->2 0.0049197529 216.12193 216.12843
2->1 5.7946159e-05 216.03659 216.12843
p1->2 0.0063318266 216.12843 216.12843
p2->1 3.6306955e-07 216.03509 216.12843
(C:0.0134881,B:0.0105126):0.00644604 D:0.119646
2->1 0.00017933312 216.04462 216.12843
p2->1 0.051593695 216.03509 216.12843
Trying C D
(A:0.0160628,(C:0.0134881,B:0.0105126):0.00844035):0.0234173 D:0.119646
C:0.0134881 D:0.119646
1->2 0.0049197529 216.12193 216.12843
2->1 5.7946159e-05 216.03661 216.12843
p2->1 4.7680956e-07 216.03509 216.12843
(B:0.0105126,C:0.0134881):0.00644604 D:0.119646
Trying D A
D:0.119646 (A:0.0172709,(B:0.0105126,C:0.0134881):0.00644604):0.0222091
D:0.119646 A:0.0172709
Trying E F
E:0.121393 F:0.0537683
1->2 0.0035920499 216.12844 216.12843
2->1 0.00079855864 216.05917 216.12844
p1->2 0.015326404 216.12846 216.12844
p2->1 0.016859977 216.03458 216.12846
(G:0.121831,E:0.126285):0.0397599 F:0.0537692
2->1 0.49008337 216.12843 216.12846
p1->2 0.17986722 216.03509 216.12846
p2->1 6.2716344e-06 216.03509 216.12846
Trying F E
F:0.0537683 E:0.121393
F:0.0537683 (G:0.122512,E:0.121393):0.0390834
Migration added
Local updates around node 1: 0 ln(lk):216.12846 
Local updates around node 2: 0 ln(lk):216.12846 
Updates in migration position: 0 ln(lk):216.12846 
Switches in migration direction: 0 ln(lk):216.12846 
ln(likelihood):216.12846 
Targeting migration to vicinity of:
G D
A E
E B
E C

A E
C E
B E
E A
E C
E B
E A
E C
E B
G D
D G
Trying A E
(A:0.0172709,(B:0.0105126,C:0.0134881):0.00644603):0.0205293 E:0.121404
1->2 3.0968394e-07 216.12846 216.12846
2->1 0.0008357527 216.12846 216.12846
p1->2 0.0008357527 216.12846 216.12846
p2->1 0.0008357527 216.12846 216.12846
A:0.0172709 E:0.121404
1->2 3.0968394e-07 216.12846 216.12846
2->1 3.0968394e-07 216.12846 216.12846
p2->1 3.0968394e-07 216.12846 216.12846
Trying B E
B:0.0105126 E:0.121404
1->2 3.0968394e-07 216.12846 216.12846
2->1 3.0968394e-07 216.12846 216.12846
p1->2 3.0968394e-07 216.12846 216.12846
p2->1 3.0968394e-07 216.12846 216.12846
(A:0.0172709,(C:0.0134881,B:0.0105126):0.00644605):0.0205293 E:0.121404
(C:0.0134881,B:0.0105126):0.00644605 E:0.121404
2->1 3.0968394e-07 216.12846 216.12846
p2->1 3.0968394e-07 216.12846 216.12846
Trying C E
(A:0.0172709,(C:0.0134881,B:0.0105126):0.00644607):0.0205293 E:0.121404
(C:0.0134881,B:0.0105126):0.00644607 E:0.121404
C:0.0134881 E:0.121404
1->2 3.0968394e-07 216.12846 216.12846
2->1 3.0968394e-07 216.12846 216.12846
p2->1 3.0968394e-07 216.12846 216.12846
Trying D G
D:0.119618 G:0.122503
1->2 0.099995285 216.12846 216.12846
2->1 0.0008357527 216.12846 216.12846
p1->2 4.0751289e-05 216.12846 216.12846
p2->1 0.099995285 216.12846 216.12846
Trying E A
E:0.121404 (A:0.0172709,(B:0.0105126,C:0.0134881):0.00644603):0.02053
E:0.121404 A:0.0172709
Trying E B
E:0.121404 B:0.0105126
E:0.121404 (A:0.0172709,(B:0.0105126,C:0.0134881):0.00644603):0.02053
E:0.121404 (B:0.0105126,C:0.0134881):0.00644603
Trying E C
E:0.121404 (A:0.0172709,(B:0.0105126,C:0.0134881):0.00644603):0.02053
E:0.121404 (B:0.0105126,C:0.0134881):0.00644603
E:0.121404 C:0.0134881
Trying G D
G:0.122503 D:0.149007
Migration added
Local updates around node 1: 0 ln(lk):216.12846 
Local updates around node 2: 0 ln(lk):216.12846 
Updates in migration position: 0 ln(lk):216.12846 
Switches in migration direction: 0 ln(lk):216.12846 
ln(likelihood):216.12846 
DONE.
