
TreeMix v. 1.13
$Revision: 231 $

npop:7 nsnp:17505003
Estimating covariance matrix in 5148 blocks of size 3400
SEED: 1607913084
Starting from:
(D:0.126223,(A:0,C:0):0.126223);
Adding G [4/7]
ln(likelihood): -1128.8689 
((A:0.0127166,C:0.0134708):0.0681986,(D:0.129142,G:0.158502):0.0681986);
Adding F [5/7]
ln(likelihood): -471.81975 
((D:0.1242,G:0.155327):0.0585522,((A:0.0174837,C:0.0185363):0.0199838,F:0.0584029):0.0585522);
Adding B [6/7]
ln(likelihood): -1053.9032 
((D:0.12061,((A:0.0172982,(C:0.0135161,B:0.0105402):0.00644631):0.0222126,F:0.053781):0.113809):0.0832786,G:0.0832786);
Adding E [7/7]
ln(likelihood): 199.22207 
(G:0.0608863,((D:0.119772,((A:0.0172709,(C:0.0134888,B:0.0105129):0.00644631):0.0222313,F:0.0537443):0.116079):0.03887,E:0.121663):0.0608863);
Testing global rearrangements
G:0.0608863 A:0.0172709
-86082.55 199.22207
G:0.0608863 (A:0.0172709,(C:0.0134888,B:0.0105129):0.00644631):0.0222313
-55531.516 199.22207
G:0.0608863 C:0.0134888
-93451.091 199.22207
G:0.0608863 (C:0.0134888,B:0.0105129):0.00644631
-86082.55 199.22207
G:0.0608863 B:0.0105129
-93451.091 199.22207
G:0.0608863 ((A:0.0172709,(C:0.0134888,B:0.0105129):0.00644631):0.0222313,F:0.0537443):0.116079
-1491.809 199.22207
G:0.0608863 F:0.0537443
-55531.516 199.22207
D:0.119772 G:0.0608863
-1491.809 199.22207
D:0.119772 ((D:0.119772,((A:0.0172709,(C:0.0134888,B:0.0105129):0.00644631):0.0222313,F:0.0537443):0.116079):0.03887,E:0.121663):0.0608863
-1491.809 199.22207
A:0.0172709 D:0.119772
-56777.317 199.22207
A:0.0172709 ((A:0.0172709,(C:0.0134888,B:0.0105129):0.00644631):0.0222313,F:0.0537443):0.116079
-2298.8189 199.22207
C:0.0134888 A:0.0172709
-2.3564418 199.22207
F:0.0537443 G:0.0608863
-62377.209 199.22207
F:0.0537443 A:0.0172709
-2298.8189 199.22207
F:0.0537443 E:0.121663
-62377.209 199.22207
E:0.121663 G:0.0608863
199.22207 199.22207
E:0.121663 D:0.119772
-1491.809 199.22207
Targeting migration to vicinity of:
D E
G F
D B
D A

D E
F G
E D
G F
E D
Trying D E
D:0.119772 E:0.121663
1->2 0.10015381 199.26599 199.22207
2->1 0.10924691 199.26599 199.26599
p2->1 4.0751289e-05 199.22207 199.26599
Trying E D
E:0.121663 D:0.119783
Trying F G
((A:0.0172709,(C:0.0134888,B:0.0105129):0.00644631):0.0222313,F:0.0537443):0.116078 G:0.0608863
1->2 0.01713662 199.26599 199.26599
2->1 0.016859977 199.26599 199.26599
p1->2 0.94690639 199.22207 199.26599
F:0.0537443 G:21.5991
1->2 0.0019267334 199.27215 199.26599
2->1 0.0035051624 199.25462 199.27215
Trying G F
G:0.115289 ((A:0.0172709,(C:0.0134888,B:0.0105129):0.00644631):0.0217166,F:0.0546394):0.116581
G:0.115289 F:0.0546394
Migration added
Local updates around node 1: 0 ln(lk):199.27215 
Local updates around node 2: 0 ln(lk):199.27215 
Updates in migration position: 0 ln(lk):199.27215 
Switches in migration direction: 0 ln(lk):199.27215 
ln(likelihood):199.27214 
Targeting migration to vicinity of:
F E
D B
D A
D C

D A
D C
D B
E F
D A
D C
D B
D A
D C
D B
A D
F E
Trying A D
(A:0.0172709,(C:0.0134888,B:0.0105129):0.00644631):0.0222088 D:0.119651
1->2 0.015098886 199.29991 199.27214
2->1 0.0017005811 199.29991 199.29991
p2->1 4.0751289e-05 199.27214 199.29991
A:0.0172709 D:0.119651
1->2 0.0063318266 199.29991 199.29991
2->1 9.8076482e-05 199.27291 199.29991
p2->1 6.2255936e-07 199.27215 199.29991
Trying D A
D:0.119651 ((C:0.0134888,B:0.0105129):0.00644625,A:0.017271):0.0222088
D:0.119651 A:0.017271
Trying D B
D:0.119651 (C:0.0134888,B:0.0105129):0.00644625
1->2 0.00017933312 199.27498 199.29991
2->1 0.0063318266 199.29991 199.29991
p1->2 6.2255936e-07 199.27215 199.29991
D:0.119651 B:0.0105129
1->2 5.7946159e-05 199.27259 199.29991
2->1 0.0049197529 199.29798 199.29991
p1->2 6.2255936e-07 199.27215 199.29991
D:0.119651 (A:0.0172708,(C:0.0134887,B:0.0105129):0.00644635):0.0222088
Trying D C
D:0.119651 C:0.0134887
1->2 5.7946159e-05 199.27259 199.29991
2->1 0.0049197529 199.29798 199.29991
p1->2 6.2255936e-07 199.27215 199.29991
D:0.119651 (B:0.0105128,C:0.0134889):0.00644635
D:0.119651 (A:0.0172708,(B:0.0105128,C:0.0134889):0.00644635):0.0222088
Trying E F
E:0.121394 F:0.0537669
1->2 0.0036049047 199.29991 199.29991
2->1 0.00080320082 199.27929 199.29991
p1->2 0.0036049047 199.29991 199.29991
p2->1 0.099995285 199.27199 199.29991
Trying F E
F:0.0537678 E:0.154703
Migration added
Local updates around node 1: 0 ln(lk):199.29991 
Local updates around node 2: 0 ln(lk):199.29991 
Updates in migration position: 0 ln(lk):199.29991 
Switches in migration direction: 0 ln(lk):199.29991 
ln(likelihood):199.29992 
Targeting migration to vicinity of:
D G
B E
A E
C E

A E
C E
B E
A E
C E
B E
A E
C E
B E
D G
Trying A E
A:0.0172709 E:0.121404
1->2 3.0968394e-07 199.29992 199.29992
2->1 3.8719494e-07 199.29992 199.29992
p1->2 3.0968394e-07 199.29992 199.29992
p2->1 3.8719494e-07 199.29992 199.29992
((B:0.0105129,C:0.0134888):0.00644626,A:0.0172709):0.0218884 E:0.121404
2->1 3.9084634e-07 199.29992 199.29992
p1->2 0.0008357527 199.29992 199.29992
p2->1 4.0751289e-05 199.29992 199.29992
Trying B E
B:0.0105129 E:0.121404
1->2 3.0968394e-07 199.29992 199.29992
2->1 3.8719494e-07 199.29992 199.29992
p1->2 3.0968394e-07 199.29992 199.29992
p2->1 3.8719494e-07 199.29992 199.29992
(C:0.0134887,B:0.0105129):0.00644634 E:0.121404
2->1 3.8719494e-07 199.29992 199.29992
p2->1 3.8719494e-07 199.29992 199.29992
(A:0.0172708,(C:0.0134888,B:0.0105129):0.00644636):0.0218884 E:0.121404
Trying C E
(C:0.0134888,B:0.0105129):0.00644636 E:0.121404
C:0.0134888 E:0.121404
1->2 3.0968394e-07 199.29992 199.29992
2->1 3.8719494e-07 199.29992 199.29992
p2->1 3.8719494e-07 199.29992 199.29992
(A:0.0172708,(B:0.0105128,C:0.0134888):0.00644634):0.0218883 E:0.121404
Trying D G
D:0.119623 G:0.0612548
1->2 0.099995285 199.29992 199.29992
2->1 0.099995285 199.29992 199.29992
p1->2 0.099995285 199.29992 199.29992
Migration added
Local updates around node 1: 0 ln(lk):199.29992 
Local updates around node 2: 0 ln(lk):199.29992 
Updates in migration position: 0 ln(lk):199.29992 
Switches in migration direction: 0 ln(lk):199.29992 
ln(likelihood):199.29992 
Targeting migration to vicinity of:
D D
D D
D D
D D

D D
Trying D D
(D:0.119622,(F:0.0543193,((B:0.0105129,C:0.0134888):0.00644631,A:0.0172709):0.0218879):0.116525):0.039129 (D:0.119622,(F:0.0543193,((B:0.0105129,C:0.0134888):0.00644631,A:0.0172709):0.0218879):0.116525):0.039129
p1->2 0.099995285 199.29992 199.29992
(D:0.119622,(F:0.0543193,((B:0.0105129,C:0.0134888):0.00644631,A:0.0172709):0.0218879):0.116525):0.0483068 ((D:0.119622,(F:0.0543193,((B:0.0105129,C:0.0134888):0.00644631,A:0.0172709):0.0218879):0.116525):0.0483068,E:0.12164):0.0612388
((D:0.119622,(F:0.0543193,((B:0.0105129,C:0.0134888):0.00644631,A:0.0172709):0.0218879):0.116525):0.0483068,E:0.12164):0.0612388 (D:0.119622,(F:0.0543193,((B:0.0105129,C:0.0134888):0.00644631,A:0.0172709):0.0218879):0.116525):0.0483068
((D:0.119622,(F:0.0543193,((B:0.0105129,C:0.0134888):0.00644631,A:0.0172709):0.0218879):0.116525):0.0483068,E:0.12164):0.0612388 ((D:0.119622,(F:0.0543193,((B:0.0105129,C:0.0134888):0.00644631,A:0.0172709):0.0218879):0.116525):0.0483068,E:0.12164):0.0612388
D:0.119622 (D:0.119622,(F:0.0543193,((B:0.0105129,C:0.0134888):0.00644631,A:0.0172709):0.0218879):0.116525):0.0483068
2->1 0.099995285 199.29992 199.29992
p2->1 0.0008357527 199.29992 199.29992
D:0.119855 (E:0.12164,(D:0.119855,(F:0.0543193,((B:0.0105129,C:0.0134888):0.00644631,A:0.0172709):0.0218879):0.116492):0.0391617):0.0612388
D:0.119855 D:0.119855
ln(likelihood):199.29992 
DONE.
