
TreeMix v. 1.13
$Revision: 231 $

npop:7 nsnp:17505003
Estimating covariance matrix in 21881 blocks of size 800
SEED: 1607913084
Starting from:
(D:0.126217,(A:0,C:0):0.126217);
Adding G [4/7]
ln(likelihood): -4900.9987 
((A:0.0127185,C:0.013472):0.0681935,(D:0.129137,G:0.158512):0.0681935);
Adding F [5/7]
ln(likelihood): -2258.3913 
((D:0.124196,G:0.155338):0.0585472,((A:0.017484,C:0.0185359):0.0199846,F:0.0584049):0.0585472);
Adding B [6/7]
ln(likelihood): -4812.4662 
((D:0.120606,((A:0.0172983,(C:0.0135157,B:0.01054):0.00644605):0.0222127,F:0.0537824):0.113799):0.0832853,G:0.0832853);
Adding E [7/7]
ln(likelihood): 218.8228 
(((D:0.119767,((A:0.0172708,(C:0.0134882,B:0.0105125):0.00644605):0.0222315,F:0.0537455):0.116069):0.0388848,G:0.121772):0.0608308,E:0.0608308);
Testing global rearrangements
D:0.119767 A:0.0172708
-222534.05 218.8228
D:0.119767 (A:0.0172708,(C:0.0134882,B:0.0105125):0.00644605):0.0222315
-138368.16 218.8228
D:0.119767 C:0.0134882
-242330.69 218.8228
D:0.119767 (C:0.0134882,B:0.0105125):0.00644605
-222534.05 218.8228
D:0.119767 B:0.0105125
-242330.69 218.8228
D:0.119767 E:0.0608308
-6860.2898 218.8228
A:0.0172708 D:0.119767
-237640.96 218.8228
A:0.0172708 C:0.0134882
-617.11703 218.8228
A:0.0172708 B:0.0105125
-617.11703 218.8228
A:0.0172708 F:0.0537455
-10202.384 218.8228
C:0.0134882 A:0.0172708
-617.11703 218.8228
F:0.0537455 A:0.0172708
-10202.384 218.8228
F:0.0537455 G:0.121772
-261531.02 218.8228
F:0.0537455 E:0.0608308
-261531.02 218.8228
G:0.121772 D:0.119767
-6860.2898 218.8228
G:0.121772 E:0.0608308
218.8228 218.8228
E:0.0608308 D:0.119767
-6860.2898 218.8228
E:0.0608308 F:0.0537455
-230622.45 218.8228
Targeting migration to vicinity of:
D E
G F
D A
D B

G F
D E
F G
G F
E D
Trying D E
D:0.119767 E:0.0608308
1->2 0.051593695 219.00671 218.8228
2->1 0.096514925 219.00671 219.00671
p1->2 4.0988365e-05 218.8228 219.00671
Trying E D
E:0.0608358 D:0.119767
Trying F G
((A:0.0172708,(C:0.0134882,B:0.0105125):0.00644605):0.0222315,F:0.0537455):0.116069 G:0.121772
1->2 0.051593695 219.00671 219.00671
2->1 0.17986722 219.00671 219.00671
p2->1 4.0751289e-05 218.8228 219.00671
F:0.0537455 G:0.121772
1->2 0.0019267334 219.03259 219.00671
2->1 0.0035051624 218.95933 219.03259
p2->1 0.0036258015 218.96514 219.03259
Trying G F
G:0.121772 ((A:0.0172708,(C:0.0134882,B:0.0105125):0.00644605):0.0217147,F:0.0546559):0.116574
G:0.121772 F:0.0546559
Migration added
Local updates around node 1: 0 ln(lk):219.03259 
Local updates around node 2: 0 ln(lk):219.03259 
Updates in migration position: 0 ln(lk):219.03259 
Switches in migration direction: 0 ln(lk):219.03259 
ln(likelihood):219.03259 
Targeting migration to vicinity of:
F E
D A
D B
D C

D A
D C
D B
D A
D C
D B
D A
D C
D B
F E
Trying D A
D:0.119647 A:0.0172708
1->2 9.8076482e-05 219.0358 219.03259
2->1 0.0063318266 219.14882 219.0358
p1->2 6.2255936e-07 219.03259 219.14882
p2->1 0.099995285 219.14882 219.14882
D:0.162186 ((C:0.0134882,B:0.0105125):0.00644605,A:0.0172708):0.022278
1->2 0.003381049 219.14882 219.14882
p1->2 4.0751289e-05 219.03258 219.14882
Trying D B
D:0.119647 B:0.0105125
1->2 5.7946159e-05 219.03445 219.14882
2->1 0.0049197529 219.14072 219.14882
p1->2 6.2255936e-07 219.03259 219.14882
p2->1 0.0063318266 219.14882 219.14882
D:0.122037 (C:0.0134882,B:0.0105125):0.00644605
1->2 0.00017933312 219.04444 219.14882
p1->2 6.2255936e-07 219.03259 219.14882
D:0.119647 (A:0.0172707,(C:0.0134882,B:0.0105125):0.00644612):0.0222089
Trying D C
D:0.119647 C:0.0134882
1->2 5.7946159e-05 219.03447 219.14882
2->1 0.0049197529 219.14072 219.14882
p1->2 6.2255936e-07 219.03259 219.14882
D:0.119647 (B:0.0105125,C:0.0134883):0.00644609
D:0.119647 (A:0.0172708,(B:0.0105125,C:0.0134883):0.00644609):0.0222089
Trying F E
F:0.0537681 E:0.0606966
1->2 0.00080320082 219.0626 219.14882
2->1 0.0035920499 219.14883 219.14882
p1->2 0.17986722 219.03195 219.14883
Migration added
Local updates around node 1: 0 ln(lk):219.14883 
Local updates around node 2: 0 ln(lk):219.14883 
Updates in migration position: 0 ln(lk):219.14883 
Switches in migration direction: 0 ln(lk):219.14883 
ln(likelihood):219.14886 
Targeting migration to vicinity of:
D E
G B
C G
A G

A G
C G
B G
A G
C G
B G
D E
G A
G C
G B
Trying A G
A:0.0172708 G:0.122509
1->2 3.0968394e-07 219.14886 219.14886
2->1 3.8719494e-07 219.14886 219.14886
p1->2 3.0968394e-07 219.14886 219.14886
p2->1 3.8719494e-07 219.14886 219.14886
((B:0.0105125,C:0.0134882):0.006446,A:0.0172709):0.0218894 G:0.122509
2->1 0.0008357527 219.14886 219.14886
p1->2 0.0008357527 219.14886 219.14886
p2->1 4.0751289e-05 219.14886 219.14886
Trying B G
B:0.0105125 G:0.122509
1->2 3.0968394e-07 219.14886 219.14886
2->1 3.8719494e-07 219.14886 219.14886
p1->2 3.0968394e-07 219.14886 219.14886
p2->1 3.8719494e-07 219.14886 219.14886
(A:0.0172708,(C:0.0134882,B:0.0105126):0.00644608):0.0218894 G:0.122509
(C:0.0134882,B:0.0105126):0.00644608 G:0.122509
2->1 3.8719494e-07 219.14886 219.14886
p2->1 3.8719494e-07 219.14886 219.14886
Trying C G
C:0.0134882 G:0.122509
1->2 3.0968394e-07 219.14886 219.14886
2->1 3.8719494e-07 219.14886 219.14886
p2->1 3.8719494e-07 219.14886 219.14886
(A:0.0172708,(B:0.0105125,C:0.0134882):0.00644608):0.0218894 G:0.122509
(B:0.0105125,C:0.0134882):0.00644608 G:0.122509
Trying D E
D:0.119618 E:0.107912
1->2 0.099995285 219.14886 219.14886
2->1 3.0968394e-07 219.14886 219.14886
p1->2 0.099995285 219.14886 219.14886
Trying G A
G:0.122509 A:0.0172708
G:0.122509 (A:0.0172708,(B:0.0105125,C:0.0134882):0.00644605):0.0218893
Trying G B
G:0.122509 B:0.0105125
G:0.122509 (A:0.0172708,(B:0.0105125,C:0.0134882):0.00644605):0.0218893
G:0.122509 (B:0.0105125,C:0.0134882):0.00644605
Trying G C
G:0.122509 C:0.0134882
G:0.122509 (A:0.0172708,(B:0.0105125,C:0.0134882):0.00644605):0.0218893
G:0.122509 (B:0.0105125,C:0.0134882):0.00644605
Migration added
Local updates around node 1: 0 ln(lk):219.14886 
Local updates around node 2: 0 ln(lk):219.14886 
Updates in migration position: 0 ln(lk):219.14886 
Switches in migration direction: 0 ln(lk):219.14886 
ln(likelihood):219.14886 
Targeting migration to vicinity of:
D G
A E
C E
B E

A E
C E
B E
A E
C E
B E
A E
C E
B E
D G
G D
Trying A E
((B:0.0105125,C:0.0134882):0.00644605,A:0.0172708):0.0220604 E:0.0916657
1->2 6.2716344e-06 219.14886 219.14886
2->1 6.2716344e-06 219.14886 219.14886
p1->2 0.099995285 219.14886 219.14886
A:0.0172708 E:0.121681
1->2 6.2716344e-06 219.14886 219.14886
2->1 3.0968394e-07 219.14886 219.14886
Trying B E
B:0.0105125 E:0.0916614
1->2 2.0549846e-06 219.14886 219.14886
2->1 3.8719494e-07 219.14886 219.14886
p1->2 6.2716344e-06 219.14886 219.14886
(C:0.0134882,B:0.0105125):0.00644605 E:0.0916383
2->1 3.2717654e-07 219.14886 219.14886
(A:0.0172708,(C:0.0134882,B:0.0105125):0.0064461):0.0220605 E:0.0916569
Trying C E
(C:0.0134882,B:0.0105125):0.0064461 E:0.0916569
C:0.0134882 E:0.0916569
1->2 2.0549846e-06 219.14886 219.14886
2->1 3.8719494e-07 219.14886 219.14886
(A:0.0172708,(B:0.0105125,C:0.0134883):0.00644608):0.0220604 E:0.0916613
Trying D G
D:0.119588 G:0.12251
1->2 0.0008357527 219.14886 219.14886
2->1 0.099995285 219.14886 219.14886
p1->2 0.0055198548 219.14886 219.14886
p2->1 4.0751289e-05 219.14886 219.14886
Trying G D
G:0.12251 D:0.119599
Migration added
Local updates around node 1: 0 ln(lk):219.14886 
Local updates around node 2: 0 ln(lk):219.14886 
Updates in migration position: 0 ln(lk):219.14886 
Switches in migration direction: 0 ln(lk):219.14886 
ln(likelihood):219.14886 
DONE.
