
TreeMix v. 1.13
$Revision: 231 $

npop:7 nsnp:17505003
Estimating covariance matrix in 6732 blocks of size 2600
SEED: 1607912949
Starting from:
((E:0.141667,G:0.141765):0.0907666,A:0.0907666);
Adding C [4/7]
ln(likelihood): -7745.7214 
((E:0.136899,G:0.136985):0.0878435,(A:0.00131617,C:0.00207038):0.0878435);
Adding B [5/7]
ln(likelihood): -128.50987 
((E:0.125151,G:0.125226):0.0883793,(A:0.0164735,(C:0.0133652,B:0.0103892):0.00509879):0.0883793);
Adding F [6/7]
ln(likelihood): -3592.994 
((E:0.116095,G:0.116161):0.0785191,((A:0.020367,(C:0.0165849,B:0.013609):0.00644631):0.0245885,F:0.0570616):0.0785191);
Adding D [7/7]
ln(likelihood): 202.90994 
(((A:0.0172709,(C:0.0134888,B:0.0105129):0.00644631):0.0222313,F:0.0537443):0.0580395,((E:0.121663,G:0.121773):0.03887,D:0.119772):0.0580395);
Testing global rearrangements
A:0.0172709 ((A:0.0172709,(C:0.0134888,B:0.0105129):0.00644631):0.0222313,F:0.0537443):0.0580395
-3057.0602 202.90994
A:0.0172709 G:0.121773
-130884.73 202.90994
A:0.0172709 D:0.119772
-74159.157 202.90994
C:0.0134888 A:0.0172709
-59.944411 202.90994
F:0.0537443 A:0.0172709
-3057.0602 202.90994
F:0.0537443 E:0.121663
-81478.561 202.90994
F:0.0537443 (E:0.121663,G:0.121773):0.03887
-42951.213 202.90994
F:0.0537443 G:0.121773
-81478.561 202.90994
E:0.121663 D:0.119772
-2004.4849 202.90994
D:0.119772 A:0.0172709
-69349.808 202.90994
D:0.119772 (A:0.0172709,(C:0.0134888,B:0.0105129):0.00644631):0.0222313
-42951.213 202.90994
D:0.119772 C:0.0134888
-75606.745 202.90994
D:0.119772 (C:0.0134888,B:0.0105129):0.00644631
-69349.808 202.90994
D:0.119772 B:0.0105129
-75606.745 202.90994
D:0.119772 ((A:0.0172709,(C:0.0134888,B:0.0105129):0.00644631):0.0222313,F:0.0537443):0.0580395
202.90994 202.90994
D:0.119772 F:0.0537443
-42951.213 202.90994
Targeting migration to vicinity of:
E D
G F
A D
B D

F G
E D
D E
G F
Trying D E
D:0.119772 E:0.121663
1->2 0.0053747296 202.96728 202.90994
2->1 0.12586832 202.96728 202.96728
p1->2 4.0751289e-05 202.90994 202.96728
Trying E D
E:0.121674 D:0.119772
Trying F G
((A:0.0172709,(C:0.0134888,B:0.0105129):0.00644631):0.0222313,F:0.0537443):0.0580395 G:0.121771
1->2 0.016859977 202.96728 202.96728
2->1 0.17986722 202.96728 202.96728
p2->1 0.99775207 202.90994 202.96728
F:0.0537443 G:0.121773
1->2 0.0019267334 202.97531 202.96728
2->1 0.0035051624 202.95244 202.97531
p2->1 0.066695184 202.95429 202.97531
F:0.0706913 (E:0.121663,G:0.121773):0.0389053
1->2 0.10342383 202.95429 202.97531
p1->2 0.92138368 202.90994 202.97531
p2->1 0.099995285 202.90994 202.97531
Trying G F
G:0.121773 ((A:0.0172709,(C:0.0134888,B:0.0105129):0.00644631):0.0222313,F:0.0663503):0
G:0.121773 F:0.0663503
(E:0.121663,G:0.121773):0.03887 F:0.0663503
Migration added
Local updates around node 1: 0 ln(lk):202.97531 
Local updates around node 2: 0 ln(lk):202.97531 
Updates in migration position: 0 ln(lk):202.97531 
Switches in migration direction: 0 ln(lk):202.97531 
ln(likelihood):202.97531 
Targeting migration to vicinity of:
E F
A D
B D
C D

A D
C D
B D
F E
A D
C D
B D
A D
C D
B D
E F
D A
Trying A D
(A:0.0172709,(C:0.0134888,B:0.0105129):0.00644631):0.0222088 D:0.119651
1->2 0.099995285 203.01155 202.97531
2->1 0.0026463708 203.01155 203.01155
p1->2 0.10015381 202.97531 203.01155
p2->1 0.016859977 202.97531 203.01155
A:0.0172709 D:0.119651
1->2 0.0063318266 203.01155 203.01155
2->1 9.8076482e-05 202.97631 203.01155
p2->1 0.099995285 202.97531 203.01155
Trying B D
(C:0.0134888,B:0.0105129):0.0039788 D:0.119651
1->2 0.0063318266 203.01155 203.01155
2->1 0.00017933312 202.97901 203.01155
p2->1 0.099995285 202.97531 203.01155
B:0.0105129 D:0.119651
1->2 0.0049197529 203.00903 203.01155
2->1 5.7946159e-05 202.97589 203.01155
p2->1 3.6306955e-07 202.97531 203.01155
(A:0.0172709,(C:0.0134888,B:0.0105129):0.00644632):0.0222088 D:0.119651
Trying C D
(C:0.0134888,B:0.0105129):0.00644632 D:0.119651
(A:0.0172709,(C:0.0134888,B:0.0105129):0.00644632):0.0222088 D:0.119651
C:0.0134888 D:0.119651
1->2 0.0049197529 203.00903 203.01155
2->1 5.7946159e-05 202.9759 203.01155
p2->1 4.7680956e-07 202.97531 203.01155
Trying D A
D:0.119651 (A:0.0172709,(B:0.0105129,C:0.0134888):0.00644632):0.0222088
D:0.119651 A:0.0172709
Trying E F
E:0.121394 F:0.0537669
1->2 0.0036049047 203.01156 203.01155
2->1 0.00079855864 202.98464 203.01156
p1->2 0.015326404 203.01157 203.01156
p2->1 0.099995285 202.97511 203.01157
Trying F E
F:0.0537678 E:0.154703
Migration added
Local updates around node 1: 0 ln(lk):203.01157 
Local updates around node 2: 0 ln(lk):203.01157 
Updates in migration position: 0 ln(lk):203.01157 
Switches in migration direction: 0 ln(lk):203.01157 
ln(likelihood):203.01157 
Targeting migration to vicinity of:
G D
E B
A E
E C

A E
C E
B E
E A
E C
E B
E A
E C
E B
G D
D G
Trying A E
(A:0.0172709,(B:0.0105129,C:0.0134888):0.00644631):0.0205287 E:0.121405
1->2 3.0968394e-07 203.01157 203.01157
2->1 0.0008357527 203.01157 203.01157
p1->2 0.0008357527 203.01157 203.01157
p2->1 0.0008357527 203.01157 203.01157
A:0.0172709 E:0.121405
1->2 3.0968394e-07 203.01157 203.01157
2->1 3.0968394e-07 203.01157 203.01157
p2->1 3.0968394e-07 203.01157 203.01157
Trying B E
(B:0.0105129,C:0.0134888):0.00644628 E:0.121405
1->2 3.0968394e-07 203.01157 203.01157
2->1 3.0968394e-07 203.01157 203.01157
p2->1 3.0968394e-07 203.01157 203.01157
B:0.0105129 E:0.121405
1->2 3.0968394e-07 203.01157 203.01157
2->1 3.0968394e-07 203.01157 203.01157
p2->1 3.0968394e-07 203.01157 203.01157
(A:0.0172709,(C:0.0134888,B:0.0105129):0.00644633):0.0205288 E:0.121405
Trying C E
(C:0.0134888,B:0.0105129):0.00644633 E:0.121405
(A:0.0172709,(C:0.0134888,B:0.0105129):0.00644633):0.0205288 E:0.121405
C:0.0134888 E:0.121405
1->2 3.0968394e-07 203.01157 203.01157
2->1 3.0968394e-07 203.01157 203.01157
p2->1 3.0968394e-07 203.01157 203.01157
Trying D G
D:0.119623 G:0.122503
1->2 0.099995285 203.01157 203.01157
2->1 0.0008357527 203.01157 203.01157
p1->2 4.0751289e-05 203.01157 203.01157
p2->1 0.099995285 203.01157 203.01157
Trying E A
E:0.121405 (A:0.0172709,(B:0.0105129,C:0.0134888):0.00644631):0.0205293
E:0.121405 A:0.0172709
Trying E B
E:0.121405 (B:0.0105129,C:0.0134888):0.00644631
E:0.121405 B:0.0105129
E:0.121405 (A:0.0172709,(B:0.0105129,C:0.0134888):0.00644631):0.0205293
Trying E C
E:0.121405 (B:0.0105129,C:0.0134888):0.00644631
E:0.121405 (A:0.0172709,(B:0.0105129,C:0.0134888):0.00644631):0.0205293
E:0.121405 C:0.0134888
Trying G D
G:0.122503 D:0.149
Migration added
Local updates around node 1: 0 ln(lk):203.01157 
Local updates around node 2: 0 ln(lk):203.01157 
Updates in migration position: 0 ln(lk):203.01157 
Switches in migration direction: 0 ln(lk):203.01157 
ln(likelihood):203.01157 
DONE.
