Using ID Map : ortholog.humanEns.txt
Reading target.txt column 0 for ids
Group_3555_0 cannot be converted to ensembl ID, omitted
Group_26_38 cannot be converted to ensembl ID, omitted
Group_26_34 cannot be converted to ensembl ID, omitted
Group_14_7 cannot be converted to ensembl ID, omitted
Group_8358_0 cannot be converted to ensembl ID, omitted
Group_182_5 cannot be converted to ensembl ID, omitted
Group_8357_0 cannot be converted to ensembl ID, omitted
Group_758_0 cannot be converted to ensembl ID, omitted
Group_136_13 cannot be converted to ensembl ID, omitted
Group_1512_1 cannot be converted to ensembl ID, omitted
Group_8956_0 cannot be converted to ensembl ID, omitted
Group_1269_0 cannot be converted to ensembl ID, omitted
Group_1710_0 cannot be converted to ensembl ID, omitted
Group_529_0 cannot be converted to ensembl ID, omitted
Group_10_28 cannot be converted to ensembl ID, omitted
Group_1536_0 cannot be converted to ensembl ID, omitted
Group_1592_0 cannot be converted to ensembl ID, omitted
Group_33_49 cannot be converted to ensembl ID, omitted
Group_9209_0 cannot be converted to ensembl ID, omitted
Group_84_12 cannot be converted to ensembl ID, omitted
Group_1042_2 cannot be converted to ensembl ID, omitted
Group_637_7 cannot be converted to ensembl ID, omitted
Group_9292_0 cannot be converted to ensembl ID, omitted
Group_325_6 cannot be converted to ensembl ID, omitted
Group_54_42 cannot be converted to ensembl ID, omitted
Group_1100_1 cannot be converted to ensembl ID, omitted
Group_3047_0 cannot be converted to ensembl ID, omitted
Group_1589_1 cannot be converted to ensembl ID, omitted
Group_1589_0 cannot be converted to ensembl ID, omitted
Group_121_17 cannot be converted to ensembl ID, omitted
Group_8105_0 cannot be converted to ensembl ID, omitted
Group_2613_1 cannot be converted to ensembl ID, omitted
Group_2181_2 cannot be converted to ensembl ID, omitted
Group_8966_0 cannot be converted to ensembl ID, omitted
Group_111_5 cannot be converted to ensembl ID, omitted
Group_870_4 cannot be converted to ensembl ID, omitted
Group_12_55 cannot be converted to ensembl ID, omitted
Group_499_8 cannot be converted to ensembl ID, omitted
Group_8153_1 cannot be converted to ensembl ID, omitted
Group_31_56 cannot be converted to ensembl ID, omitted
Group_9_1 cannot be converted to ensembl ID, omitted
Group_501_5 cannot be converted to ensembl ID, omitted
Group_2412_1 cannot be converted to ensembl ID, omitted
Group_741_3 cannot be converted to ensembl ID, omitted
Group_278_0 cannot be converted to ensembl ID, omitted
Group_1581_1 cannot be converted to ensembl ID, omitted
Group_1954_0 cannot be converted to ensembl ID, omitted
Group_8327_1 cannot be converted to ensembl ID, omitted
Group_7065_0 cannot be converted to ensembl ID, omitted
Group_1300_0 cannot be converted to ensembl ID, omitted
Group_1973_2 cannot be converted to ensembl ID, omitted
Group_1718_0 cannot be converted to ensembl ID, omitted
Group_7506_0 cannot be converted to ensembl ID, omitted
Group_904_3 cannot be converted to ensembl ID, omitted
Group_46_27 cannot be converted to ensembl ID, omitted
Group_8936_0 cannot be converted to ensembl ID, omitted
Group_8714_0 cannot be converted to ensembl ID, omitted
Group_8670_0 cannot be converted to ensembl ID, omitted
Group_749_7 cannot be converted to ensembl ID, omitted
Group_23_51 cannot be converted to ensembl ID, omitted
Group_1246_3 cannot be converted to ensembl ID, omitted
Group_8481_0 cannot be converted to ensembl ID, omitted
Group_20_13 cannot be converted to ensembl ID, omitted
Group_93_10 cannot be converted to ensembl ID, omitted
Group_4564_1 cannot be converted to ensembl ID, omitted
Group_202_2 cannot be converted to ensembl ID, omitted
Group_527_0 cannot be converted to ensembl ID, omitted
Group_1636_0 cannot be converted to ensembl ID, omitted
Group_2840_0 cannot be converted to ensembl ID, omitted
Group_8493_1 cannot be converted to ensembl ID, omitted
Group_491_1 cannot be converted to ensembl ID, omitted
Group_1320_2 cannot be converted to ensembl ID, omitted
Group_8543_0 cannot be converted to ensembl ID, omitted
Group_262_1 cannot be converted to ensembl ID, omitted
Group_8033_0 cannot be converted to ensembl ID, omitted
Group_201_7 cannot be converted to ensembl ID, omitted
Group_7874_0 cannot be converted to ensembl ID, omitted
Group_132_14 cannot be converted to ensembl ID, omitted
Group_8588_0 cannot be converted to ensembl ID, omitted
Group_92_15 cannot be converted to ensembl ID, omitted
Group_9173_0 cannot be converted to ensembl ID, omitted
Group_1851_4 cannot be converted to ensembl ID, omitted
Group_462_5 cannot be converted to ensembl ID, omitted
Group_180_10 cannot be converted to ensembl ID, omitted
Group_473_2 cannot be converted to ensembl ID, omitted
Group_8567_0 cannot be converted to ensembl ID, omitted
Group_1115_1 cannot be converted to ensembl ID, omitted
Group_2619_0 cannot be converted to ensembl ID, omitted
Group_177_12 cannot be converted to ensembl ID, omitted
Group_1281_2 cannot be converted to ensembl ID, omitted
Group_1622_2 cannot be converted to ensembl ID, omitted
Group_1552_2 cannot be converted to ensembl ID, omitted
Group_1856_1 cannot be converted to ensembl ID, omitted
Group_1088_3 cannot be converted to ensembl ID, omitted
Group_470_4 cannot be converted to ensembl ID, omitted
Group_7200_0 cannot be converted to ensembl ID, omitted
Group_54_13 cannot be converted to ensembl ID, omitted
Group_1140_2 cannot be converted to ensembl ID, omitted
Group_843_0 cannot be converted to ensembl ID, omitted
Group_1185_1 cannot be converted to ensembl ID, omitted
Group_201_8 cannot be converted to ensembl ID, omitted
Group_9028_0 cannot be converted to ensembl ID, omitted
Group_555_6 cannot be converted to ensembl ID, omitted
Group_2_42 cannot be converted to ensembl ID, omitted
Group_121_2 cannot be converted to ensembl ID, omitted
Group_5610_0 cannot be converted to ensembl ID, omitted
Group_135_2 cannot be converted to ensembl ID, omitted
Group_1185_2 cannot be converted to ensembl ID, omitted
Group_1673_2 cannot be converted to ensembl ID, omitted
Group_1357_5 cannot be converted to ensembl ID, omitted
Group_451_4 cannot be converted to ensembl ID, omitted
Group_8470_0 cannot be converted to ensembl ID, omitted
Group_54_10 cannot be converted to ensembl ID, omitted
Group_27_9 cannot be converted to ensembl ID, omitted
Group_101_12 cannot be converted to ensembl ID, omitted
Group_6733_0 cannot be converted to ensembl ID, omitted
Group_8388_0 cannot be converted to ensembl ID, omitted
Group_0_201 cannot be converted to ensembl ID, omitted
Group_1033_0 cannot be converted to ensembl ID, omitted
Group_1044_2 cannot be converted to ensembl ID, omitted
Group_1623_4 cannot be converted to ensembl ID, omitted
Group_2086_1 cannot be converted to ensembl ID, omitted
Group_8835_0 cannot be converted to ensembl ID, omitted
Group_19_40 cannot be converted to ensembl ID, omitted
Group_3_62 cannot be converted to ensembl ID, omitted
Group_642_1 cannot be converted to ensembl ID, omitted
Group_2236_0 cannot be converted to ensembl ID, omitted
Group_48_8 cannot be converted to ensembl ID, omitted
Group_1077_5 cannot be converted to ensembl ID, omitted
Group_15_4 cannot be converted to ensembl ID, omitted
Group_884_0 cannot be converted to ensembl ID, omitted
Group_85_4 cannot be converted to ensembl ID, omitted
Group_987_1 cannot be converted to ensembl ID, omitted
Group_27_32 cannot be converted to ensembl ID, omitted
Group_1256_2 cannot be converted to ensembl ID, omitted
Group_1641_0 cannot be converted to ensembl ID, omitted
Group_14_4 cannot be converted to ensembl ID, omitted
Group_83_20 cannot be converted to ensembl ID, omitted
Group_866_1 cannot be converted to ensembl ID, omitted
Group_199_8 cannot be converted to ensembl ID, omitted
Group_199_6 cannot be converted to ensembl ID, omitted
Group_1158_2 cannot be converted to ensembl ID, omitted
Group_65_22 cannot be converted to ensembl ID, omitted
Group_323_0 cannot be converted to ensembl ID, omitted
Group_152_12 cannot be converted to ensembl ID, omitted
Group_280_3 cannot be converted to ensembl ID, omitted
Group_26_43 cannot be converted to ensembl ID, omitted
Group_34_34 cannot be converted to ensembl ID, omitted
Group_145_15 cannot be converted to ensembl ID, omitted
Group_7749_0 cannot be converted to ensembl ID, omitted
Group_3_122 cannot be converted to ensembl ID, omitted
Group_1510_1 cannot be converted to ensembl ID, omitted
Group_963_3 cannot be converted to ensembl ID, omitted
Group_860_5 cannot be converted to ensembl ID, omitted
Group_9170_0 cannot be converted to ensembl ID, omitted
Group_5298_0 cannot be converted to ensembl ID, omitted
Group_1327_2 cannot be converted to ensembl ID, omitted
Group_83_16 cannot be converted to ensembl ID, omitted
Group_6419_1 cannot be converted to ensembl ID, omitted
Group_2673_0 cannot be converted to ensembl ID, omitted
Group_84_37 cannot be converted to ensembl ID, omitted
Group_84_32 cannot be converted to ensembl ID, omitted
Group_30_9 cannot be converted to ensembl ID, omitted
Group_418_5 cannot be converted to ensembl ID, omitted
Group_922_0 cannot be converted to ensembl ID, omitted
Group_6175_0 cannot be converted to ensembl ID, omitted
Group_1026_0 cannot be converted to ensembl ID, omitted
Group_8554_0 cannot be converted to ensembl ID, omitted
Group_1949_0 cannot be converted to ensembl ID, omitted
Group_9036_0 cannot be converted to ensembl ID, omitted
Group_3598_1 cannot be converted to ensembl ID, omitted
Group_2606_1 cannot be converted to ensembl ID, omitted
Group_28_1 cannot be converted to ensembl ID, omitted
Group_3862_1 cannot be converted to ensembl ID, omitted
Group_287_7 cannot be converted to ensembl ID, omitted
Group_1042_3 cannot be converted to ensembl ID, omitted
Group_2334_0 cannot be converted to ensembl ID, omitted
Group_8063_0 cannot be converted to ensembl ID, omitted
Group_536_6 cannot be converted to ensembl ID, omitted
Group_7121_0 cannot be converted to ensembl ID, omitted
Group_812_2 cannot be converted to ensembl ID, omitted
Group_30_6 cannot be converted to ensembl ID, omitted
Group_8457_0 cannot be converted to ensembl ID, omitted
Group_439_2 cannot be converted to ensembl ID, omitted
Group_1432_1 cannot be converted to ensembl ID, omitted
Group_7636_0 cannot be converted to ensembl ID, omitted
Group_273_7 cannot be converted to ensembl ID, omitted
Group_52_41 cannot be converted to ensembl ID, omitted
Group_171_1 cannot be converted to ensembl ID, omitted
Group_263_8 cannot be converted to ensembl ID, omitted
Group_263_13 cannot be converted to ensembl ID, omitted
Group_2584_1 cannot be converted to ensembl ID, omitted
Group_101_9 cannot be converted to ensembl ID, omitted
Group_101_10 cannot be converted to ensembl ID, omitted
Group_774_4 cannot be converted to ensembl ID, omitted
Group_1783_1 cannot be converted to ensembl ID, omitted
Group_2578_1 cannot be converted to ensembl ID, omitted
Group_7325_0 cannot be converted to ensembl ID, omitted
Group_8675_0 cannot be converted to ensembl ID, omitted
Group_0_117 cannot be converted to ensembl ID, omitted
Group_992_0 cannot be converted to ensembl ID, omitted
Group_3021_1 cannot be converted to ensembl ID, omitted
Group_8580_0 cannot be converted to ensembl ID, omitted
Group_27_29 cannot be converted to ensembl ID, omitted
Group_3043_1 cannot be converted to ensembl ID, omitted
Group_5162_1 cannot be converted to ensembl ID, omitted
Group_2200_2 cannot be converted to ensembl ID, omitted
Group_1412_2 cannot be converted to ensembl ID, omitted
Group_153_0 cannot be converted to ensembl ID, omitted
Group_516_3 cannot be converted to ensembl ID, omitted
Group_1399_1 cannot be converted to ensembl ID, omitted
Group_16_5 cannot be converted to ensembl ID, omitted
Group_1748_0 cannot be converted to ensembl ID, omitted
Group_320_7 cannot be converted to ensembl ID, omitted
Group_7876_0 cannot be converted to ensembl ID, omitted
Group_4376_0 cannot be converted to ensembl ID, omitted
Group_8_76 cannot be converted to ensembl ID, omitted
Group_1046_2 cannot be converted to ensembl ID, omitted
Group_8558_0 cannot be converted to ensembl ID, omitted
Group_33_20 cannot be converted to ensembl ID, omitted
Group_1189_0 cannot be converted to ensembl ID, omitted
Group_735_2 cannot be converted to ensembl ID, omitted
Group_154_17 cannot be converted to ensembl ID, omitted
Group_90_9 cannot be converted to ensembl ID, omitted
Group_540_7 cannot be converted to ensembl ID, omitted
Group_14_2 cannot be converted to ensembl ID, omitted
Group_2467_0 cannot be converted to ensembl ID, omitted
Group_370_5 cannot be converted to ensembl ID, omitted
Group_1203_5 cannot be converted to ensembl ID, omitted
Group_2897_0 cannot be converted to ensembl ID, omitted
Group_472_2 cannot be converted to ensembl ID, omitted
Group_3111_0 cannot be converted to ensembl ID, omitted
Group_1890_2 cannot be converted to ensembl ID, omitted
Group_8119_1 cannot be converted to ensembl ID, omitted
Group_225_1 cannot be converted to ensembl ID, omitted
Group_1989_1 cannot be converted to ensembl ID, omitted
Group_8404_0 cannot be converted to ensembl ID, omitted
Group_94_33 cannot be converted to ensembl ID, omitted
Group_57_34-Group_57_35 cannot be converted to ensembl ID, omitted
Group_7968_0 cannot be converted to ensembl ID, omitted
Group_3231_0 cannot be converted to ensembl ID, omitted
Group_8316_0 cannot be converted to ensembl ID, omitted
Group_240_8 cannot be converted to ensembl ID, omitted
Group_9105_0 cannot be converted to ensembl ID, omitted
Group_8937_0 cannot be converted to ensembl ID, omitted
Group_31_26 cannot be converted to ensembl ID, omitted
Group_739_1 cannot be converted to ensembl ID, omitted
Group_1590_0 cannot be converted to ensembl ID, omitted
Group_28_21 cannot be converted to ensembl ID, omitted
Group_1073_1 cannot be converted to ensembl ID, omitted
Group_8761_0 cannot be converted to ensembl ID, omitted
Group_1588_1 cannot be converted to ensembl ID, omitted
Group_8370_0 cannot be converted to ensembl ID, omitted
Group_8746_0 cannot be converted to ensembl ID, omitted
Group_403_2 cannot be converted to ensembl ID, omitted
Group_8645_1 cannot be converted to ensembl ID, omitted
Group_58_21 cannot be converted to ensembl ID, omitted
Group_2501_1 cannot be converted to ensembl ID, omitted
Group_1036_2 cannot be converted to ensembl ID, omitted
Group_785_1 cannot be converted to ensembl ID, omitted
Group_115_27 cannot be converted to ensembl ID, omitted
Group_23_11 cannot be converted to ensembl ID, omitted
Group_0_81 cannot be converted to ensembl ID, omitted
Group_319_6 cannot be converted to ensembl ID, omitted
Group_369_4 cannot be converted to ensembl ID, omitted
Group_8749_0 cannot be converted to ensembl ID, omitted
Group_3573_0 cannot be converted to ensembl ID, omitted
Group_9164_0 cannot be converted to ensembl ID, omitted
Group_84_11 cannot be converted to ensembl ID, omitted
Group_1193_6 cannot be converted to ensembl ID, omitted
Group_7778_0 cannot be converted to ensembl ID, omitted
Group_28_2 cannot be converted to ensembl ID, omitted
Group_45_0 cannot be converted to ensembl ID, omitted
Group_7781_0 cannot be converted to ensembl ID, omitted
Group_749_6 cannot be converted to ensembl ID, omitted
Group_249_6 cannot be converted to ensembl ID, omitted
Group_50_23 cannot be converted to ensembl ID, omitted
Group_595_0 cannot be converted to ensembl ID, omitted
Group_7927_0 cannot be converted to ensembl ID, omitted
Group_8748_0 cannot be converted to ensembl ID, omitted
Group_26_20 cannot be converted to ensembl ID, omitted
Group_8548_0 cannot be converted to ensembl ID, omitted
Group_553_5 cannot be converted to ensembl ID, omitted
Group_8129_0 cannot be converted to ensembl ID, omitted
Group_2548_0 cannot be converted to ensembl ID, omitted
Group_8820_0 cannot be converted to ensembl ID, omitted
Group_8014_0 cannot be converted to ensembl ID, omitted
Group_944_3 cannot be converted to ensembl ID, omitted
Group_2046_1 cannot be converted to ensembl ID, omitted
Group_1714_5 cannot be converted to ensembl ID, omitted
Group_1158_3 cannot be converted to ensembl ID, omitted
Group_30_10 cannot be converted to ensembl ID, omitted
Group_3116_0 cannot be converted to ensembl ID, omitted
Group_7792_0 cannot be converted to ensembl ID, omitted
Group_2881_0 cannot be converted to ensembl ID, omitted
Group_1214_0 cannot be converted to ensembl ID, omitted
Group_1112_0 cannot be converted to ensembl ID, omitted
Group_2535_0 cannot be converted to ensembl ID, omitted
Group_8485_0 cannot be converted to ensembl ID, omitted
Group_9_60 cannot be converted to ensembl ID, omitted
Group_7_41 cannot be converted to ensembl ID, omitted
Group_33_15 cannot be converted to ensembl ID, omitted
Group_7980_0 cannot be converted to ensembl ID, omitted
Group_533_2 cannot be converted to ensembl ID, omitted
Group_382_8 cannot be converted to ensembl ID, omitted
Group_3496_1 cannot be converted to ensembl ID, omitted
Group_5314_0 cannot be converted to ensembl ID, omitted
Group_95_7 cannot be converted to ensembl ID, omitted
Group_103_28 cannot be converted to ensembl ID, omitted
Group_884_1 cannot be converted to ensembl ID, omitted
Group_1513_0 cannot be converted to ensembl ID, omitted
Group_2325_1 cannot be converted to ensembl ID, omitted
Group_2338_0 cannot be converted to ensembl ID, omitted
Group_3056_0 cannot be converted to ensembl ID, omitted
Group_21_46 cannot be converted to ensembl ID, omitted
Group_1242_1 cannot be converted to ensembl ID, omitted
Group_64_15 cannot be converted to ensembl ID, omitted
Group_8482_0 cannot be converted to ensembl ID, omitted
Group_1083_1 cannot be converted to ensembl ID, omitted
Group_252_0 cannot be converted to ensembl ID, omitted
Group_453_5 cannot be converted to ensembl ID, omitted
Group_1786_3 cannot be converted to ensembl ID, omitted
Group_0_204-Group_0_5 cannot be converted to ensembl ID, omitted
Group_54_0 cannot be converted to ensembl ID, omitted
Group_1935_2 cannot be converted to ensembl ID, omitted
Group_83_22 cannot be converted to ensembl ID, omitted
Group_19_28 cannot be converted to ensembl ID, omitted
Group_849_2 cannot be converted to ensembl ID, omitted
Group_1573_1 cannot be converted to ensembl ID, omitted
Group_101_17 cannot be converted to ensembl ID, omitted
Group_7795_0 cannot be converted to ensembl ID, omitted
Group_1512_0 cannot be converted to ensembl ID, omitted
Group_2225_1 cannot be converted to ensembl ID, omitted
Group_1084_0 cannot be converted to ensembl ID, omitted
Group_121_4 cannot be converted to ensembl ID, omitted
Group_0_145 cannot be converted to ensembl ID, omitted
Group_8627_0 cannot be converted to ensembl ID, omitted
Group_2120_0 cannot be converted to ensembl ID, omitted
Group_15_36 cannot be converted to ensembl ID, omitted
Group_8_72 cannot be converted to ensembl ID, omitted
Group_923_4 cannot be converted to ensembl ID, omitted
Group_923_0 cannot be converted to ensembl ID, omitted
Group_9034_0 cannot be converted to ensembl ID, omitted
Group_582_3 cannot be converted to ensembl ID, omitted
Group_54_28 cannot be converted to ensembl ID, omitted
Group_1336_0 cannot be converted to ensembl ID, omitted
Group_1030_2 cannot be converted to ensembl ID, omitted
Group_1911_0 cannot be converted to ensembl ID, omitted
Group_7_7 cannot be converted to ensembl ID, omitted
Group_8213_0 cannot be converted to ensembl ID, omitted
Group_330_10 cannot be converted to ensembl ID, omitted
Group_3757_1 cannot be converted to ensembl ID, omitted
Group_93_24 cannot be converted to ensembl ID, omitted
Group_15_37 cannot be converted to ensembl ID, omitted
Group_758_1 cannot be converted to ensembl ID, omitted
Reading bg.txt column 0 for ids
Group_3555_0 cannot be converted to ensembl ID, omitted
Group_26_38 cannot be converted to ensembl ID, omitted
Group_26_34 cannot be converted to ensembl ID, omitted
Group_14_7 cannot be converted to ensembl ID, omitted
Group_8358_0 cannot be converted to ensembl ID, omitted
Group_1585_3 cannot be converted to ensembl ID, omitted
Group_182_5 cannot be converted to ensembl ID, omitted
Group_8357_0 cannot be converted to ensembl ID, omitted
Group_758_0 cannot be converted to ensembl ID, omitted
Group_136_13 cannot be converted to ensembl ID, omitted
Group_1512_1 cannot be converted to ensembl ID, omitted
Group_2327_1 cannot be converted to ensembl ID, omitted
Group_8956_0 cannot be converted to ensembl ID, omitted
Group_1700_1 cannot be converted to ensembl ID, omitted
Group_1269_0 cannot be converted to ensembl ID, omitted
Group_1710_0 cannot be converted to ensembl ID, omitted
Group_529_0 cannot be converted to ensembl ID, omitted
Group_10_28 cannot be converted to ensembl ID, omitted
Group_28_7 cannot be converted to ensembl ID, omitted
Group_1536_0 cannot be converted to ensembl ID, omitted
Group_1650_4 cannot be converted to ensembl ID, omitted
Group_1592_0 cannot be converted to ensembl ID, omitted
Group_33_49 cannot be converted to ensembl ID, omitted
Group_9209_0 cannot be converted to ensembl ID, omitted
Group_84_12 cannot be converted to ensembl ID, omitted
Group_1042_2 cannot be converted to ensembl ID, omitted
Group_637_7 cannot be converted to ensembl ID, omitted
Group_9292_0 cannot be converted to ensembl ID, omitted
Group_325_6 cannot be converted to ensembl ID, omitted
Group_21_42 cannot be converted to ensembl ID, omitted
Group_54_42 cannot be converted to ensembl ID, omitted
Group_1100_1 cannot be converted to ensembl ID, omitted
Group_3047_0 cannot be converted to ensembl ID, omitted
Group_1589_1 cannot be converted to ensembl ID, omitted
Group_1589_0 cannot be converted to ensembl ID, omitted
Group_121_17 cannot be converted to ensembl ID, omitted
Group_8105_0 cannot be converted to ensembl ID, omitted
Group_2613_1 cannot be converted to ensembl ID, omitted
Group_7649_0 cannot be converted to ensembl ID, omitted
Group_2181_2 cannot be converted to ensembl ID, omitted
Group_8966_0 cannot be converted to ensembl ID, omitted
Group_111_5 cannot be converted to ensembl ID, omitted
Group_1451_1 cannot be converted to ensembl ID, omitted
Group_6861_0 cannot be converted to ensembl ID, omitted
Group_8747_0 cannot be converted to ensembl ID, omitted
Group_870_4 cannot be converted to ensembl ID, omitted
Group_313_0 cannot be converted to ensembl ID, omitted
Group_12_55 cannot be converted to ensembl ID, omitted
Group_7176_0 cannot be converted to ensembl ID, omitted
Group_3439_1 cannot be converted to ensembl ID, omitted
Group_499_8 cannot be converted to ensembl ID, omitted
Group_9037_0 cannot be converted to ensembl ID, omitted
Group_8153_1 cannot be converted to ensembl ID, omitted
Group_31_56 cannot be converted to ensembl ID, omitted
Group_9_1 cannot be converted to ensembl ID, omitted
Group_501_5 cannot be converted to ensembl ID, omitted
Group_2412_1 cannot be converted to ensembl ID, omitted
Group_7664_0 cannot be converted to ensembl ID, omitted
Group_741_3 cannot be converted to ensembl ID, omitted
Group_278_0 cannot be converted to ensembl ID, omitted
Group_1581_1 cannot be converted to ensembl ID, omitted
Group_1954_0 cannot be converted to ensembl ID, omitted
Group_8908_0 cannot be converted to ensembl ID, omitted
Group_8327_1 cannot be converted to ensembl ID, omitted
Group_7065_0 cannot be converted to ensembl ID, omitted
Group_1300_0 cannot be converted to ensembl ID, omitted
Group_1973_2 cannot be converted to ensembl ID, omitted
Group_1718_0 cannot be converted to ensembl ID, omitted
Group_7506_0 cannot be converted to ensembl ID, omitted
Group_904_3 cannot be converted to ensembl ID, omitted
Group_46_27 cannot be converted to ensembl ID, omitted
Group_8936_0 cannot be converted to ensembl ID, omitted
Group_211_0 cannot be converted to ensembl ID, omitted
Group_1491_0 cannot be converted to ensembl ID, omitted
Group_8714_0 cannot be converted to ensembl ID, omitted
Group_8670_0 cannot be converted to ensembl ID, omitted
Group_8547_0 cannot be converted to ensembl ID, omitted
Group_8005_0 cannot be converted to ensembl ID, omitted
Group_749_7 cannot be converted to ensembl ID, omitted
Group_23_50 cannot be converted to ensembl ID, omitted
Group_23_51 cannot be converted to ensembl ID, omitted
Group_1246_3 cannot be converted to ensembl ID, omitted
Group_2282_0 cannot be converted to ensembl ID, omitted
Group_8481_0 cannot be converted to ensembl ID, omitted
Group_19_6 cannot be converted to ensembl ID, omitted
Group_20_13 cannot be converted to ensembl ID, omitted
Group_93_10 cannot be converted to ensembl ID, omitted
Group_4564_1 cannot be converted to ensembl ID, omitted
Group_0_176 cannot be converted to ensembl ID, omitted
Group_386_0 cannot be converted to ensembl ID, omitted
Group_3790_0 cannot be converted to ensembl ID, omitted
Group_202_2 cannot be converted to ensembl ID, omitted
Group_527_0 cannot be converted to ensembl ID, omitted
Group_1636_0 cannot be converted to ensembl ID, omitted
Group_2840_0 cannot be converted to ensembl ID, omitted
Group_8493_1 cannot be converted to ensembl ID, omitted
Group_491_1 cannot be converted to ensembl ID, omitted
Group_1320_2 cannot be converted to ensembl ID, omitted
Group_902_1 cannot be converted to ensembl ID, omitted
Group_2902_1 cannot be converted to ensembl ID, omitted
Group_8543_0 cannot be converted to ensembl ID, omitted
Group_262_1 cannot be converted to ensembl ID, omitted
Group_8033_0 cannot be converted to ensembl ID, omitted
Group_6560_0 cannot be converted to ensembl ID, omitted
Group_201_7 cannot be converted to ensembl ID, omitted
Group_7874_0 cannot be converted to ensembl ID, omitted
Group_132_14 cannot be converted to ensembl ID, omitted
Group_8588_0 cannot be converted to ensembl ID, omitted
Group_92_15 cannot be converted to ensembl ID, omitted
Group_9173_0 cannot be converted to ensembl ID, omitted
Group_438_4 cannot be converted to ensembl ID, omitted
Group_1851_4 cannot be converted to ensembl ID, omitted
Group_462_5 cannot be converted to ensembl ID, omitted
Group_180_10 cannot be converted to ensembl ID, omitted
Group_39_37 cannot be converted to ensembl ID, omitted
Group_473_2 cannot be converted to ensembl ID, omitted
Group_8567_0 cannot be converted to ensembl ID, omitted
Group_1115_1 cannot be converted to ensembl ID, omitted
Group_2619_0 cannot be converted to ensembl ID, omitted
Group_177_12 cannot be converted to ensembl ID, omitted
Group_21_34 cannot be converted to ensembl ID, omitted
Group_54_36 cannot be converted to ensembl ID, omitted
Group_1281_2 cannot be converted to ensembl ID, omitted
Group_1622_2 cannot be converted to ensembl ID, omitted
Group_1552_2 cannot be converted to ensembl ID, omitted
Group_384_1 cannot be converted to ensembl ID, omitted
Group_1856_1 cannot be converted to ensembl ID, omitted
Group_1088_3 cannot be converted to ensembl ID, omitted
Group_1084_3 cannot be converted to ensembl ID, omitted
Group_470_4 cannot be converted to ensembl ID, omitted
Group_8118_0 cannot be converted to ensembl ID, omitted
Group_470_5 cannot be converted to ensembl ID, omitted
Group_7200_0 cannot be converted to ensembl ID, omitted
Group_54_13 cannot be converted to ensembl ID, omitted
Group_1140_2 cannot be converted to ensembl ID, omitted
Group_29_20 cannot be converted to ensembl ID, omitted
Group_2164_1 cannot be converted to ensembl ID, omitted
Group_843_0 cannot be converted to ensembl ID, omitted
Group_1185_1 cannot be converted to ensembl ID, omitted
Group_201_8 cannot be converted to ensembl ID, omitted
Group_9028_0 cannot be converted to ensembl ID, omitted
Group_254_1 cannot be converted to ensembl ID, omitted
Group_555_6 cannot be converted to ensembl ID, omitted
Group_2_42 cannot be converted to ensembl ID, omitted
Group_336_2 cannot be converted to ensembl ID, omitted
Group_121_2 cannot be converted to ensembl ID, omitted
Group_5610_0 cannot be converted to ensembl ID, omitted
Group_135_2 cannot be converted to ensembl ID, omitted
Group_1185_2 cannot be converted to ensembl ID, omitted
Group_1673_2 cannot be converted to ensembl ID, omitted
Group_1357_5 cannot be converted to ensembl ID, omitted
Group_451_4 cannot be converted to ensembl ID, omitted
Group_8470_0 cannot be converted to ensembl ID, omitted
Group_54_10 cannot be converted to ensembl ID, omitted
Group_27_9 cannot be converted to ensembl ID, omitted
Group_27_10 cannot be converted to ensembl ID, omitted
Group_101_12 cannot be converted to ensembl ID, omitted
Group_922_3 cannot be converted to ensembl ID, omitted
Group_570_0 cannot be converted to ensembl ID, omitted
Group_6733_0 cannot be converted to ensembl ID, omitted
Group_8388_0 cannot be converted to ensembl ID, omitted
Group_6859_0 cannot be converted to ensembl ID, omitted
Group_2417_0 cannot be converted to ensembl ID, omitted
Group_8781_0 cannot be converted to ensembl ID, omitted
Group_487_0 cannot be converted to ensembl ID, omitted
Group_121_9 cannot be converted to ensembl ID, omitted
Group_0_201 cannot be converted to ensembl ID, omitted
Group_256_0 cannot be converted to ensembl ID, omitted
Group_1033_0 cannot be converted to ensembl ID, omitted
Group_312_8 cannot be converted to ensembl ID, omitted
Group_1044_2 cannot be converted to ensembl ID, omitted
Group_1623_4 cannot be converted to ensembl ID, omitted
Group_2086_1 cannot be converted to ensembl ID, omitted
Group_8835_0 cannot be converted to ensembl ID, omitted
Group_5700_1 cannot be converted to ensembl ID, omitted
Group_19_40 cannot be converted to ensembl ID, omitted
Group_3_62 cannot be converted to ensembl ID, omitted
Group_642_1 cannot be converted to ensembl ID, omitted
Group_2236_0 cannot be converted to ensembl ID, omitted
Group_48_8 cannot be converted to ensembl ID, omitted
Group_1077_5 cannot be converted to ensembl ID, omitted
Group_15_4 cannot be converted to ensembl ID, omitted
Group_884_0 cannot be converted to ensembl ID, omitted
Group_85_4 cannot be converted to ensembl ID, omitted
Group_987_1 cannot be converted to ensembl ID, omitted
Group_1394_1 cannot be converted to ensembl ID, omitted
Group_27_32 cannot be converted to ensembl ID, omitted
Group_2565_1 cannot be converted to ensembl ID, omitted
Group_225_4 cannot be converted to ensembl ID, omitted
Group_1256_2 cannot be converted to ensembl ID, omitted
Group_1641_0 cannot be converted to ensembl ID, omitted
Group_14_4 cannot be converted to ensembl ID, omitted
Group_14_3 cannot be converted to ensembl ID, omitted
Group_58_18 cannot be converted to ensembl ID, omitted
Group_1654_4 cannot be converted to ensembl ID, omitted
Group_83_20 cannot be converted to ensembl ID, omitted
Group_866_1 cannot be converted to ensembl ID, omitted
Group_199_8 cannot be converted to ensembl ID, omitted
Group_199_6 cannot be converted to ensembl ID, omitted
Group_1158_2 cannot be converted to ensembl ID, omitted
Group_719_1 cannot be converted to ensembl ID, omitted
Group_65_22 cannot be converted to ensembl ID, omitted
Group_323_0 cannot be converted to ensembl ID, omitted
Group_152_12 cannot be converted to ensembl ID, omitted
Group_280_3 cannot be converted to ensembl ID, omitted
Group_26_43 cannot be converted to ensembl ID, omitted
Group_34_34 cannot be converted to ensembl ID, omitted
Group_8625_0 cannot be converted to ensembl ID, omitted
Group_2_55 cannot be converted to ensembl ID, omitted
Group_145_15 cannot be converted to ensembl ID, omitted
Group_7749_0 cannot be converted to ensembl ID, omitted
Group_571_5 cannot be converted to ensembl ID, omitted
Group_4007_0 cannot be converted to ensembl ID, omitted
Group_3_122 cannot be converted to ensembl ID, omitted
Group_1510_1 cannot be converted to ensembl ID, omitted
Group_963_3 cannot be converted to ensembl ID, omitted
Group_7960_0 cannot be converted to ensembl ID, omitted
Group_1458_1 cannot be converted to ensembl ID, omitted
Group_249_5 cannot be converted to ensembl ID, omitted
Group_362_0 cannot be converted to ensembl ID, omitted
Group_8150_0 cannot be converted to ensembl ID, omitted
Group_860_5 cannot be converted to ensembl ID, omitted
Group_9170_0 cannot be converted to ensembl ID, omitted
Group_5298_0 cannot be converted to ensembl ID, omitted
Group_1327_2 cannot be converted to ensembl ID, omitted
Group_34_38 cannot be converted to ensembl ID, omitted
Group_83_16 cannot be converted to ensembl ID, omitted
Group_570_7 cannot be converted to ensembl ID, omitted
Group_6419_1 cannot be converted to ensembl ID, omitted
Group_2673_0 cannot be converted to ensembl ID, omitted
Group_1065_0 cannot be converted to ensembl ID, omitted
Group_84_37 cannot be converted to ensembl ID, omitted
Group_84_32 cannot be converted to ensembl ID, omitted
Group_164_14 cannot be converted to ensembl ID, omitted
Group_3041_0 cannot be converted to ensembl ID, omitted
Group_453_8 cannot be converted to ensembl ID, omitted
Group_30_9 cannot be converted to ensembl ID, omitted
Group_418_5 cannot be converted to ensembl ID, omitted
Group_1061_4 cannot be converted to ensembl ID, omitted
Group_922_0 cannot be converted to ensembl ID, omitted
Group_6_12 cannot be converted to ensembl ID, omitted
Group_6175_0 cannot be converted to ensembl ID, omitted
Group_1026_0 cannot be converted to ensembl ID, omitted
Group_8554_0 cannot be converted to ensembl ID, omitted
Group_1949_0 cannot be converted to ensembl ID, omitted
Group_9036_0 cannot be converted to ensembl ID, omitted
Group_3598_1 cannot be converted to ensembl ID, omitted
Group_2606_1 cannot be converted to ensembl ID, omitted
Group_104_22 cannot be converted to ensembl ID, omitted
Group_28_1 cannot be converted to ensembl ID, omitted
Group_3862_1 cannot be converted to ensembl ID, omitted
Group_287_7 cannot be converted to ensembl ID, omitted
Group_1042_3 cannot be converted to ensembl ID, omitted
Group_2334_0 cannot be converted to ensembl ID, omitted
Group_8063_0 cannot be converted to ensembl ID, omitted
Group_1900_2 cannot be converted to ensembl ID, omitted
Group_536_6 cannot be converted to ensembl ID, omitted
Group_33_27 cannot be converted to ensembl ID, omitted
Group_7121_0 cannot be converted to ensembl ID, omitted
Group_812_2 cannot be converted to ensembl ID, omitted
Group_30_6 cannot be converted to ensembl ID, omitted
Group_8457_0 cannot be converted to ensembl ID, omitted
Group_439_2 cannot be converted to ensembl ID, omitted
Group_1432_1 cannot be converted to ensembl ID, omitted
Group_7636_0 cannot be converted to ensembl ID, omitted
Group_273_7 cannot be converted to ensembl ID, omitted
Group_52_41 cannot be converted to ensembl ID, omitted
Group_171_1 cannot be converted to ensembl ID, omitted
Group_263_8 cannot be converted to ensembl ID, omitted
Group_263_13 cannot be converted to ensembl ID, omitted
Group_2584_1 cannot be converted to ensembl ID, omitted
Group_8114_0 cannot be converted to ensembl ID, omitted
Group_101_9 cannot be converted to ensembl ID, omitted
Group_101_10 cannot be converted to ensembl ID, omitted
Group_774_4 cannot be converted to ensembl ID, omitted
Group_1219_2 cannot be converted to ensembl ID, omitted
Group_1783_1 cannot be converted to ensembl ID, omitted
Group_1713_0 cannot be converted to ensembl ID, omitted
Group_2578_1 cannot be converted to ensembl ID, omitted
Group_1086_4 cannot be converted to ensembl ID, omitted
Group_233_3 cannot be converted to ensembl ID, omitted
Group_7325_0 cannot be converted to ensembl ID, omitted
Group_25_43 cannot be converted to ensembl ID, omitted
Group_8675_0 cannot be converted to ensembl ID, omitted
Group_0_117 cannot be converted to ensembl ID, omitted
Group_992_0 cannot be converted to ensembl ID, omitted
Group_7819_0 cannot be converted to ensembl ID, omitted
Group_3021_1 cannot be converted to ensembl ID, omitted
Group_8580_0 cannot be converted to ensembl ID, omitted
Group_27_29 cannot be converted to ensembl ID, omitted
Group_343_7 cannot be converted to ensembl ID, omitted
Group_2798_0 cannot be converted to ensembl ID, omitted
Group_3043_1 cannot be converted to ensembl ID, omitted
Group_5162_1 cannot be converted to ensembl ID, omitted
Group_8812_0 cannot be converted to ensembl ID, omitted
Group_110_0 cannot be converted to ensembl ID, omitted
Group_1407_1 cannot be converted to ensembl ID, omitted
Group_2200_2 cannot be converted to ensembl ID, omitted
Group_1412_2 cannot be converted to ensembl ID, omitted
Group_8002_0 cannot be converted to ensembl ID, omitted
Group_153_0 cannot be converted to ensembl ID, omitted
Group_516_3 cannot be converted to ensembl ID, omitted
Group_1399_1 cannot be converted to ensembl ID, omitted
Group_16_5 cannot be converted to ensembl ID, omitted
Group_378_6 cannot be converted to ensembl ID, omitted
Group_4017_0 cannot be converted to ensembl ID, omitted
Group_1748_0 cannot be converted to ensembl ID, omitted
Group_320_7 cannot be converted to ensembl ID, omitted
Group_7876_0 cannot be converted to ensembl ID, omitted
Group_8666_0 cannot be converted to ensembl ID, omitted
Group_4376_0 cannot be converted to ensembl ID, omitted
Group_8_76 cannot be converted to ensembl ID, omitted
Group_2022_0 cannot be converted to ensembl ID, omitted
Group_19_7 cannot be converted to ensembl ID, omitted
Group_7957_0 cannot be converted to ensembl ID, omitted
Group_1046_2 cannot be converted to ensembl ID, omitted
Group_8558_0 cannot be converted to ensembl ID, omitted
Group_33_20 cannot be converted to ensembl ID, omitted
Group_95_11 cannot be converted to ensembl ID, omitted
Group_467_0 cannot be converted to ensembl ID, omitted
Group_1189_0 cannot be converted to ensembl ID, omitted
Group_87_1 cannot be converted to ensembl ID, omitted
Group_197_20 cannot be converted to ensembl ID, omitted
Group_65_29 cannot be converted to ensembl ID, omitted
Group_735_2 cannot be converted to ensembl ID, omitted
Group_154_17 cannot be converted to ensembl ID, omitted
Group_2466_1 cannot be converted to ensembl ID, omitted
Group_90_9 cannot be converted to ensembl ID, omitted
Group_540_7 cannot be converted to ensembl ID, omitted
Group_1828_4 cannot be converted to ensembl ID, omitted
Group_14_2 cannot be converted to ensembl ID, omitted
Group_2467_0 cannot be converted to ensembl ID, omitted
Group_370_5 cannot be converted to ensembl ID, omitted
Group_1203_5 cannot be converted to ensembl ID, omitted
Group_2897_0 cannot be converted to ensembl ID, omitted
Group_472_2 cannot be converted to ensembl ID, omitted
Group_42_26 cannot be converted to ensembl ID, omitted
Group_3111_0 cannot be converted to ensembl ID, omitted
Group_1890_2 cannot be converted to ensembl ID, omitted
Group_8119_1 cannot be converted to ensembl ID, omitted
Group_8017_0 cannot be converted to ensembl ID, omitted
Group_225_1 cannot be converted to ensembl ID, omitted
Group_1989_1 cannot be converted to ensembl ID, omitted
Group_6789_0 cannot be converted to ensembl ID, omitted
Group_8404_0 cannot be converted to ensembl ID, omitted
Group_94_33 cannot be converted to ensembl ID, omitted
Group_57_34-Group_57_35 cannot be converted to ensembl ID, omitted
Group_7968_0 cannot be converted to ensembl ID, omitted
Group_7275_0 cannot be converted to ensembl ID, omitted
Group_104_25 cannot be converted to ensembl ID, omitted
Group_3231_0 cannot be converted to ensembl ID, omitted
Group_8316_0 cannot be converted to ensembl ID, omitted
Group_82_23 cannot be converted to ensembl ID, omitted
Group_240_8 cannot be converted to ensembl ID, omitted
Group_9105_0 cannot be converted to ensembl ID, omitted
Group_8937_0 cannot be converted to ensembl ID, omitted
Group_7376_0 cannot be converted to ensembl ID, omitted
Group_31_26 cannot be converted to ensembl ID, omitted
Group_739_1 cannot be converted to ensembl ID, omitted
Group_587_5 cannot be converted to ensembl ID, omitted
Group_1590_0 cannot be converted to ensembl ID, omitted
Group_2305_3 cannot be converted to ensembl ID, omitted
Group_28_21 cannot be converted to ensembl ID, omitted
Group_1073_1 cannot be converted to ensembl ID, omitted
Group_8761_0 cannot be converted to ensembl ID, omitted
Group_544_5 cannot be converted to ensembl ID, omitted
Group_1588_1 cannot be converted to ensembl ID, omitted
Group_8370_0 cannot be converted to ensembl ID, omitted
Group_8366_0 cannot be converted to ensembl ID, omitted
Group_8746_0 cannot be converted to ensembl ID, omitted
Group_403_2 cannot be converted to ensembl ID, omitted
Group_8645_1 cannot be converted to ensembl ID, omitted
Group_58_21 cannot be converted to ensembl ID, omitted
Group_593_3 cannot be converted to ensembl ID, omitted
Group_2501_1 cannot be converted to ensembl ID, omitted
Group_3_29 cannot be converted to ensembl ID, omitted
Group_1634_0 cannot be converted to ensembl ID, omitted
Group_1036_2 cannot be converted to ensembl ID, omitted
Group_785_1 cannot be converted to ensembl ID, omitted
Group_753_2 cannot be converted to ensembl ID, omitted
Group_684_4 cannot be converted to ensembl ID, omitted
Group_551_3 cannot be converted to ensembl ID, omitted
Group_1551_5 cannot be converted to ensembl ID, omitted
Group_115_27 cannot be converted to ensembl ID, omitted
Group_23_11 cannot be converted to ensembl ID, omitted
Group_0_81 cannot be converted to ensembl ID, omitted
Group_319_6 cannot be converted to ensembl ID, omitted
Group_627_5 cannot be converted to ensembl ID, omitted
Group_233_8 cannot be converted to ensembl ID, omitted
Group_1040_3 cannot be converted to ensembl ID, omitted
Group_369_4 cannot be converted to ensembl ID, omitted
Group_8749_0 cannot be converted to ensembl ID, omitted
Group_3573_0 cannot be converted to ensembl ID, omitted
Group_9164_0 cannot be converted to ensembl ID, omitted
Group_163_5 cannot be converted to ensembl ID, omitted
Group_84_11 cannot be converted to ensembl ID, omitted
Group_1109_1 cannot be converted to ensembl ID, omitted
Group_1193_6 cannot be converted to ensembl ID, omitted
Group_7778_0 cannot be converted to ensembl ID, omitted
Group_28_2 cannot be converted to ensembl ID, omitted
Group_1070_7 cannot be converted to ensembl ID, omitted
Group_3197_0 cannot be converted to ensembl ID, omitted
Group_61_0 cannot be converted to ensembl ID, omitted
Group_45_0 cannot be converted to ensembl ID, omitted
Group_7781_0 cannot be converted to ensembl ID, omitted
Group_749_6 cannot be converted to ensembl ID, omitted
Group_249_6 cannot be converted to ensembl ID, omitted
Group_2318_0 cannot be converted to ensembl ID, omitted
Group_50_23 cannot be converted to ensembl ID, omitted
Group_595_0 cannot be converted to ensembl ID, omitted
Group_7927_0 cannot be converted to ensembl ID, omitted
Group_8748_0 cannot be converted to ensembl ID, omitted
Group_8107_0 cannot be converted to ensembl ID, omitted
Group_26_20 cannot be converted to ensembl ID, omitted
Group_465_6 cannot be converted to ensembl ID, omitted
Group_97_16 cannot be converted to ensembl ID, omitted
Group_505_3 cannot be converted to ensembl ID, omitted
Group_8548_0 cannot be converted to ensembl ID, omitted
Group_553_5 cannot be converted to ensembl ID, omitted
Group_611_4 cannot be converted to ensembl ID, omitted
Group_8129_0 cannot be converted to ensembl ID, omitted
Group_2548_0 cannot be converted to ensembl ID, omitted
Group_8820_0 cannot be converted to ensembl ID, omitted
Group_2328_0 cannot be converted to ensembl ID, omitted
Group_8014_0 cannot be converted to ensembl ID, omitted
Group_944_3 cannot be converted to ensembl ID, omitted
Group_2046_1 cannot be converted to ensembl ID, omitted
Group_1714_5 cannot be converted to ensembl ID, omitted
Group_1158_3 cannot be converted to ensembl ID, omitted
Group_30_10 cannot be converted to ensembl ID, omitted
Group_3116_0 cannot be converted to ensembl ID, omitted
Group_7792_0 cannot be converted to ensembl ID, omitted
Group_369_8 cannot be converted to ensembl ID, omitted
Group_2881_0 cannot be converted to ensembl ID, omitted
Group_1214_0 cannot be converted to ensembl ID, omitted
Group_1112_0 cannot be converted to ensembl ID, omitted
Group_2535_0 cannot be converted to ensembl ID, omitted
Group_8485_0 cannot be converted to ensembl ID, omitted
Group_9_60 cannot be converted to ensembl ID, omitted
Group_9_2 cannot be converted to ensembl ID, omitted
Group_247_3 cannot be converted to ensembl ID, omitted
Group_7_41 cannot be converted to ensembl ID, omitted
Group_33_15 cannot be converted to ensembl ID, omitted
Group_7980_0 cannot be converted to ensembl ID, omitted
Group_533_2 cannot be converted to ensembl ID, omitted
Group_382_8 cannot be converted to ensembl ID, omitted
Group_3496_1 cannot be converted to ensembl ID, omitted
Group_736_2 cannot be converted to ensembl ID, omitted
Group_5314_0 cannot be converted to ensembl ID, omitted
Group_95_7 cannot be converted to ensembl ID, omitted
Group_103_28 cannot be converted to ensembl ID, omitted
Group_884_1 cannot be converted to ensembl ID, omitted
Group_1513_0 cannot be converted to ensembl ID, omitted
Group_2325_1 cannot be converted to ensembl ID, omitted
Group_1491_2 cannot be converted to ensembl ID, omitted
Group_1266_3 cannot be converted to ensembl ID, omitted
Group_2530_0 cannot be converted to ensembl ID, omitted
Group_2338_0 cannot be converted to ensembl ID, omitted
Group_7771_0 cannot be converted to ensembl ID, omitted
Group_3056_0 cannot be converted to ensembl ID, omitted
Group_21_46 cannot be converted to ensembl ID, omitted
Group_1242_1 cannot be converted to ensembl ID, omitted
Group_64_15 cannot be converted to ensembl ID, omitted
Group_8482_0 cannot be converted to ensembl ID, omitted
Group_1083_1 cannot be converted to ensembl ID, omitted
Group_252_0 cannot be converted to ensembl ID, omitted
Group_322_3 cannot be converted to ensembl ID, omitted
Group_453_5 cannot be converted to ensembl ID, omitted
Group_1786_3 cannot be converted to ensembl ID, omitted
Group_0_204-Group_0_5 cannot be converted to ensembl ID, omitted
Group_29_28 cannot be converted to ensembl ID, omitted
Group_54_0 cannot be converted to ensembl ID, omitted
Group_277_7 cannot be converted to ensembl ID, omitted
Group_1935_2 cannot be converted to ensembl ID, omitted
Group_83_22 cannot be converted to ensembl ID, omitted
Group_19_28 cannot be converted to ensembl ID, omitted
Group_849_2 cannot be converted to ensembl ID, omitted
Group_1573_1 cannot be converted to ensembl ID, omitted
Group_8487_0 cannot be converted to ensembl ID, omitted
Group_101_17 cannot be converted to ensembl ID, omitted
Group_33_6 cannot be converted to ensembl ID, omitted
Group_370_6 cannot be converted to ensembl ID, omitted
Group_7795_0 cannot be converted to ensembl ID, omitted
Group_1512_0 cannot be converted to ensembl ID, omitted
Group_2225_1 cannot be converted to ensembl ID, omitted
Group_200_8 cannot be converted to ensembl ID, omitted
Group_1084_0 cannot be converted to ensembl ID, omitted
Group_121_4 cannot be converted to ensembl ID, omitted
Group_138_6 cannot be converted to ensembl ID, omitted
Group_8407_0 cannot be converted to ensembl ID, omitted
Group_0_145 cannot be converted to ensembl ID, omitted
Group_8627_0 cannot be converted to ensembl ID, omitted
Group_2120_0 cannot be converted to ensembl ID, omitted
Group_15_36 cannot be converted to ensembl ID, omitted
Group_8_72 cannot be converted to ensembl ID, omitted
Group_923_4 cannot be converted to ensembl ID, omitted
Group_923_0 cannot be converted to ensembl ID, omitted
Group_9034_0 cannot be converted to ensembl ID, omitted
Group_582_3 cannot be converted to ensembl ID, omitted
Group_54_28 cannot be converted to ensembl ID, omitted
Group_1336_0 cannot be converted to ensembl ID, omitted
Group_1030_2 cannot be converted to ensembl ID, omitted
Group_1911_0 cannot be converted to ensembl ID, omitted
Group_3_42 cannot be converted to ensembl ID, omitted
Group_7_7 cannot be converted to ensembl ID, omitted
Group_7446_1 cannot be converted to ensembl ID, omitted
Group_8213_0 cannot be converted to ensembl ID, omitted
Group_330_10 cannot be converted to ensembl ID, omitted
Group_3757_1 cannot be converted to ensembl ID, omitted
Group_356_7 cannot be converted to ensembl ID, omitted
Group_93_24 cannot be converted to ensembl ID, omitted
Group_1817_2 cannot be converted to ensembl ID, omitted
Group_15_37 cannot be converted to ensembl ID, omitted
Group_758_1 cannot be converted to ensembl ID, omitted
Converted gene list: /beegfs/group_dv/home/RCui/killifish_genomes/phastcon/phylofit/NFZ_ref/enrichment/GO/100kb/tmp/8808334623/39_target.txt.txt
Converted background list: /beegfs/group_dv/home/RCui/killifish_genomes/phastcon/phylofit/NFZ_ref/enrichment/GO/100kb/tmp/8808334623/57_bg.txt.txt
Submitting gene lists to server...
Server responded.
Converted background genes: 4002 of 4028; candidate genes:  2851 of 2873
Submitting options to server ...
