Genes for each taxon:
AAU	4023
ACG	3950
ACL	3926
ACM	3959
ACY	3940
AGM	3960
AKM	3972
AKN1	3968
AKN2	3912
APC	3913
CTO	4023
AMS	3943
APT	3934
ARG	3950
CHW	3145
CMR	3984
CSB	3992
EDG	3964
EGH	3940
EGN	3842
ELM	3956
EMF	3968
ESP	3868
ETO	3965
SBT	3961
SCV	3981
SGG	3936
SSC	3970
NOR	4019
FAM	3891
FDL	3811
FFL	3889
FGR	3862
FSC	3651
FSJ	3891
FTH	3912
NFS	3935
NFZ	3951
NKF	3772
NRC	3945
NVG	3931
NVS	3948
PSY	3929
PLP	4017
APL	3944
PLPA3	4005
PLPB3	4007
PLPC1	4010
PLPE1	4006
PLPF2	4007
PLPG1	4007
PML	3959
austrofundulus	4021
cyprinodon	4026
fundulus	4024
kryptolebias	4025
astyanax	4024
gadus	4020
medaka	3748
poecilia	4026
spotted_gar	4026
stickleback	4023
takifugu	4021
tetraodon	3165
tilapia	4026
xmac	4024
zebrafish	4024
NOC	3847
