
TreeMix v. 1.13
$Revision: 231 $

npop:7 nsnp:18176136
Estimating covariance matrix in 6058 blocks of size 3000
SEED: 1607916450
Starting from:
((G:0.267748,A:0.0610748):0.0374824,B:0.0374824);
Adding D [4/7]
ln(likelihood): -8476.5698 
((G:0.275614,A:0.066486):0.0180781,(B:0.0466313,D:0.0684339):0.0180781);
Adding E [5/7]
ln(likelihood): -1339.2001 
((A:0.0619669,(G:0.202848,E:0.172222):0.0956749):0.0170741,(B:0.0366283,D:0.0572154):0.0170741);
Adding F [6/7]
ln(likelihood): 19.325269 
(B:0.0188168,(D:0.0537541,((G:0.201904,E:0.171102):0.0910606,(A:0.0321449,F:0.0449877):0.0356842):0.0370794):0.0188168);
Adding C [7/7]
ln(likelihood): 59.477413 
((B:0.0182829,(D:0.0536459,((G:0.201633,E:0.170947):0.0914083,(A:0.0319579,F:0.045097):0.0353364):0.0370286):0.019234):0.00525028,C:0.00525028);
Testing global rearrangements
B:0.0182829 A:0.0319579
-52199.557 59.477413
D:0.0536459 B:0.0182829
-4413.0921 59.477413
D:0.0536459 G:0.201633
-78540.582 59.477413
D:0.0536459 (G:0.201633,E:0.170947):0.0914083
-19074.722 59.477413
D:0.0536459 E:0.170947
-78540.582 59.477413
E:0.170947 F:0.045097
-46813.239 59.477413
A:0.0319579 B:0.0182829
-44998.082 59.477413
A:0.0319579 D:0.0536459
-25451.204 59.477413
A:0.0319579 C:0.00525028
-44998.082 59.477413
(A:0.0319579,F:0.045097):0.0353364 E:0.170947
-38234.294 59.477413
F:0.045097 B:0.0182829
-48212.554 59.477413
F:0.045097 D:0.0536459
-27018.143 59.477413
F:0.045097 ((G:0.201633,E:0.170947):0.0914083,(A:0.0319579,F:0.045097):0.0353364):0.0370286
-7364.4356 59.477413
F:0.045097 C:0.00525028
-48212.554 59.477413
C:0.00525028 B:0.0182829
59.477413 59.477413
C:0.00525028 D:0.0536459
-4413.0921 59.477413
Targeting migration to vicinity of:
E F
G D
A B
A C

A B
A C
A B
A C
G F
E F
G D
E D
Trying A B
A:0.0319579 B:0.0182829
1->2 0.01707634 73.654339 59.477413
2->1 0.063618705 155.39812 73.654339
p1->2 0.014303165 65.350159 155.39812
p2->1 0.063832618 155.35558 155.39812
Trying A C
A:0.0411662 C:0.00423896
1->2 0.017016266 73.527713 155.39812
2->1 0.063832618 155.35558 155.39812
p1->2 0.014202423 65.271925 155.39812
Trying E D
E:0.170947 D:0.0532558
1->2 0.02840524 119.89408 155.39812
2->1 0.0025434764 59.805638 155.39812
p1->2 0.040413067 119.89144 155.39812
p2->1 3.8719494e-07 59.477139 155.39812
(G:0.201633,E:0.170947):0.0914083 D:0.0536459
2->1 0.39919356 119.89144 155.39812
p2->1 4.0751289e-05 59.477395 155.39812
Trying E F
E:0.170947 F:0.045097
1->2 0.029793506 143.30765 155.39812
2->1 0.026682585 91.546481 155.39812
p1->2 0.42137316 137.76528 155.39812
p2->1 0.046731509 72.717067 155.39812
(G:0.196646,E:0.193313):0.0965147 F:0.045097
2->1 0.17948262 137.76528 155.39812
p1->2 4.0751289e-05 59.477378 155.39812
Trying G D
(G:0.201633,E:0.170947):0.0914083 D:0.0536459
G:0.201633 D:0.0536459
1->2 0.026290987 121.33522 155.39812
2->1 0.023536913 85.816191 155.39812
p2->1 0.030857163 72.72728 155.39812
Trying G F
(E:0.167322,G:0.218403):0.0949173 F:0.045097
G:0.218403 F:0.045097
1->2 0.03475105 137.76522 155.39812
2->1 3.9084634e-07 59.477359 155.39812
p2->1 0.39919356 59.47739 155.39812
Migration added
Local updates around node 1: 0 ln(lk):155.39812 
Local updates around node 2: 0 ln(lk):155.39812 
Updates in migration position: 0 ln(lk):155.39812 
Switches in migration direction: 0 ln(lk):155.39812 
ln(likelihood):155.39812 
Targeting migration to vicinity of:
G D
B F
F C
D E

B F
C F
D G
D E
F B
F C
G D
E D
Trying B F
B:0.0183032 F:0.040585
1->2 0.018634498 164.61952 155.39812
2->1 0.010159736 161.56777 164.61952
p1->2 0.018569048 163.19991 164.61952
p2->1 0.011221911 158.95235 164.61952
B:0.019438 (A:0.0411283,F:0.0405877):0.039667
1->2 0.10197032 191.90283 164.61952
p1->2 0.10197032 191.90283 191.90283
p2->1 0.23847605 156.28723 191.90283
Trying C F
C:0.00219158 F:0.040471
1->2 0.018569048 163.19991 191.90283
2->1 0.011286461 163.08517 191.90283
p2->1 0.011093902 160.33465 191.90283
C:0.00570598 (A:0.0411861,F:0.040523):0.0397186
1->2 0.10197032 191.90283 191.90283
p2->1 0.19229682 155.56396 191.90283
Trying D E
D:0.053276 (G:0.201633,E:0.170947):0.0897163
1->2 0.42102641 191.88473 191.90283
2->1 0.040413067 191.88473 191.90283
p1->2 4.0751289e-05 155.39811 191.90283
D:0.0533198 E:0.170947
1->2 5.6427712e-07 155.39808 191.90283
2->1 0.023109306 191.90447 191.90283
p1->2 3.8719494e-07 155.39783 191.90447
(((A:0.0411333,F:0.040585):0.0395164,(G:0.201633,E:0.170947):0.0897444):0.0385754,D:0.0533198):0.0195778 E:0.170947
p1->2 3.8719494e-07 155.39756 191.90447
Trying D G
D:0.0533198 G:0.201633
1->2 0.021455709 176.6105 191.90447
2->1 0.020827172 193.4577 191.90447
p1->2 0.031247443 169.2406 193.4577
D:0.0533198 (E:0.167283,G:0.218618):0.093271
Trying E D
(E:0.167283,G:0.218618):0.093271 D:0.0533198
E:0.167283 D:0.0533198
Trying F B
F:0.040585 B:0.0183032
(A:0.0411333,F:0.040585):0.0389042 B:0.0183032
Trying F C
F:0.040585 C:0.00523321
(A:0.0411333,F:0.040585):0.0389042 C:0.00523321
Trying G D
G:0.218618 D:0.0533198
(E:0.167283,G:0.218618):0.093271 D:0.0533198
Migration added
Local updates around node 1: 0 ln(lk):193.4577 
Local updates around node 2: 0 ln(lk):193.4577 
Updates in migration position: 4 ln(lk):199.14084 
Switches in migration direction: 0 ln(lk):199.14084 
Local updates around node 1: 0 ln(lk):199.14084 
Local updates around node 2: 0 ln(lk):199.14084 
Switches in migration direction: 0 ln(lk):199.14084 
Updates in migration position: 0 ln(lk):199.14084 
Trying all local rearrangements
Local rearrangements: 0 ln(lk):199.14084 
ln(likelihood):199.15213 
Targeting migration to vicinity of:
A E
G B
G C
E F

A E
F E
E A
E F
G B
G C
G B
G C
Trying A E
A:0.0426747 E:0.170838
1->2 0.030577701 211.41497 199.15213
2->1 0.0023141752 201.2159 211.41497
p1->2 0.030512087 211.20516 211.41497
p2->1 5.6189351e-06 199.15214 211.41497
(F:0.0401678,A:0.0426757):0.0390143 E:0.170838
2->1 0.098679066 211.41013 211.41497
p1->2 0.011671776 199.15365 211.41497
Trying E A
E:0.175982 A:0.0426737
E:0.175982 (F:0.0401695,A:0.0426737):0.0390153
Trying E F
E:0.175982 F:0.0401695
1->2 0.0026963835 201.57542 211.41497
2->1 0.030577701 211.41497 211.41497
p1->2 0.3970964 199.15213 211.41497
E:0.170838 (A:0.0169787,F:0.153127):0.0647098
Trying F E
F:0.153127 E:0.170838
(A:0.0169787,F:0.153127):0.0647098 E:0.170838
Trying G B
G:0.201745 B:0.0182829
1->2 0.0014816187 200.75397 211.41497
2->1 0.020754183 211.52865 211.41497
p1->2 3.0968394e-07 199.15213 211.52865
p2->1 0.020754183 211.52865 211.52865
Trying G C
G:0.213005 C:0.00525028
1->2 0.0014373558 200.63749 211.52865
2->1 0.020754183 211.52865 211.52865
p1->2 1.9299421e-05 199.15218 211.52865
Migration added
Local updates around node 1: 0 ln(lk):211.52865 
Local updates around node 2: 0 ln(lk):211.52865 
Updates in migration position: 0 ln(lk):211.52865 
Switches in migration direction: 0 ln(lk):211.52865 
ln(likelihood):211.61598 
DONE.
