
TreeMix v. 1.13
$Revision: 231 $

npop:7 nsnp:18176136
Estimating covariance matrix in 10097 blocks of size 1800
SEED: 1607916309
Starting from:
(A:0.0629448,(B:0.0284468,D:0.0515583):0.0629448);
Adding F [4/7]
ln(likelihood): -24309.602 
((B:0.0335689,D:0.0560727):0.0415946,(A:0.0439224,F:0.0577494):0.0415946);
Adding E [5/7]
ln(likelihood): -15785.353 
((B:0.0408066,D:0.0620698):0.0175199,((A:0.0359559,F:0.0492735):0.0425008,E:0.246985):0.0175199);
Adding C [6/7]
ln(likelihood): -11175.907 
(E:0.134146,((A:0.0326474,F:0.0462552):0.0348429,(D:0.0546623,(B:0.0191808,C:0.0113987):0.0188787):0.0369192):0.134146);
Adding G [7/7]
ln(likelihood): -32.803685 
((B:0.0182829,C:0.0105008):0.00961714,(D:0.0536459,((A:0.0319585,F:0.0450982):0.0353349,(E:0.170947,G:0.201633):0.0914088):0.0370276):0.00961714);
Testing global rearrangements
B:0.0182829 A:0.0319585
-86041.152 -32.803685
D:0.0536459 B:0.0182829
-7378.9029 -32.803685
D:0.0536459 E:0.170947
-129802.7 -32.803685
D:0.0536459 (E:0.170947,G:0.201633):0.0914088
-31639.784 -32.803685
D:0.0536459 G:0.201633
-129802.7 -32.803685
A:0.0319585 B:0.0182829
-74296.181 -32.803685
A:0.0319585 (B:0.0182829,C:0.0105008):0.00961714
-42262.009 -32.803685
A:0.0319585 C:0.0105008
-74296.181 -32.803685
A:0.0319585 D:0.0536459
-42262.009 -32.803685
A:0.0319585 ((A:0.0319585,F:0.0450982):0.0353349,(E:0.170947,G:0.201633):0.0914088):0.0370276
-12309.512 -32.803685
E:0.170947 B:0.0182829
-184595.97 -32.803685
E:0.170947 (B:0.0182829,C:0.0105008):0.00961714
-123470.38 -32.803685
E:0.170947 C:0.0105008
-184595.97 -32.803685
E:0.170947 D:0.0536459
-123470.38 -32.803685
E:0.170947 ((A:0.0319585,F:0.0450982):0.0353349,(E:0.170947,G:0.201633):0.0914088):0.0370276
-63283.869 -32.803685
Targeting migration to vicinity of:
F E
D G
A C
A B

A B
A C
A B
A C
D E
D G
F E
F G
Trying A B
A:0.0319585 B:0.0182829
1->2 0.01707634 -9.4124569 -32.803685
2->1 0.063618705 125.72022 -9.4124569
p1->2 0.014252706 -23.114584 125.72022
p2->1 0.066113293 125.21224 125.72022
A:0.0415098 (C:0.0105008,B:0.0182829):0.00978116
1->2 0.055149082 123.15704 125.72022
p1->2 0.30699551 66.998343 125.72022
Trying A C
A:0.0319585 (C:0.0105008,B:0.0182829):0.0328004
A:0.0319585 C:0.0105008
1->2 0.016979244 -9.6090445 125.72022
2->1 0.063832618 125.65103 125.72022
p1->2 0.014171434 -23.238142 125.72022
Trying D E
D:0.0532567 E:0.170947
1->2 0.0025434764 -32.262316 125.72022
2->1 0.02840524 67.002667 125.72022
p1->2 3.8719494e-07 -32.804163 125.72022
p2->1 0.053587563 66.998343 125.72022
D:0.0634859 (G:0.201633,E:0.170947):0.0922779
1->2 0.099838786 66.998343 125.72022
p1->2 4.0751289e-05 -32.803699 125.72022
Trying D G
D:0.0536459 G:0.201633
1->2 0.023619452 10.758691 125.72022
2->1 0.026290987 69.388623 125.72022
p1->2 0.030857163 -10.960538 125.72022
D:0.0536457 (E:0.167321,G:0.218402):0.0949177
Trying F E
F:0.0450982 E:0.167321
1->2 0.026682585 20.1824 125.72022
2->1 0.029793506 105.76418 125.72022
p1->2 0.040413067 -10.977437 125.72022
p2->1 0.3979882 96.635852 125.72022
F:0.165032 (G:0.201633,E:0.170947):0.0930247
1->2 0.17986722 96.635863 125.72022
p2->1 4.0751289e-05 -32.803741 125.72022
Trying F G
F:0.0451033 G:0.201633
1->2 3.9084634e-07 -32.803772 125.72022
2->1 0.03475105 96.635795 125.72022
p1->2 0.42102641 -32.803685 125.72022
F:0.0450982 (E:0.104475,G:0.716321):0.157881
Migration added
Local updates around node 1: 0 ln(lk):125.72022 
Local updates around node 2: 0 ln(lk):125.72022 
Updates in migration position: 0 ln(lk):125.72022 
Switches in migration direction: 0 ln(lk):125.72022 
ln(likelihood):125.72022 
Targeting migration to vicinity of:
D G
B F
F C
D E

B F
C F
D E
D G
D E
D G
F B
F C
Trying B F
B:0.0183032 F:0.0405863
1->2 0.018634498 140.94003 125.72022
2->1 0.010159736 135.90956 140.94003
p1->2 0.014252706 132.23077 140.94003
p2->1 0.011182198 131.58772 140.94003
Trying C F
C:0.00975937 F:0.0405891
1->2 0.018569048 138.59568 140.94003
2->1 0.011261761 138.41001 140.94003
p2->1 0.011093902 133.86712 140.94003
C:0.0114122 (A:0.0411866,F:0.0405244):0.0397169
1->2 0.10177718 186.02858 140.94003
p1->2 0.69039536 185.99875 186.02858
p2->1 0.19131511 125.98849 186.02858
Trying D E
D:0.0532764 E:0.170947
1->2 5.6427712e-07 125.72014 186.02858
2->1 0.023109306 186.03119 186.02858
p1->2 3.8719494e-07 125.71973 186.03119
p2->1 0.022640204 185.99874 186.03119
D:0.0578096 (G:0.201633,E:0.170947):0.0904387
1->2 0.12586832 185.99874 186.03119
p1->2 4.0751289e-05 125.72021 186.03119
Trying D G
D:0.0533198 G:0.201633
1->2 0.021455709 160.78406 186.03119
2->1 0.020827172 188.60056 186.03119
p1->2 0.031247443 148.53438 188.60056
D:0.0533198 (E:0.167282,G:0.218617):0.0932715
Trying F B
F:0.0405863 B:0.0183032
Trying F C
F:0.0405863 C:0.0104667
(A:0.0411338,F:0.0405863):0.0389025 C:0.0104667
Migration added
Local updates around node 1: 0 ln(lk):188.60056 
Local updates around node 2: 0 ln(lk):188.60056 
Updates in migration position: 4 ln(lk):198.03486 
Switches in migration direction: 0 ln(lk):198.03486 
Local updates around node 1: 0 ln(lk):198.03486 
Local updates around node 2: 0 ln(lk):198.03486 
Switches in migration direction: 0 ln(lk):198.03486 
Updates in migration position: 0 ln(lk):198.03486 
Trying all local rearrangements
Local rearrangements: 0 ln(lk):198.03486 
ln(likelihood):198.05278 
DONE.
