
TreeMix v. 1.13
$Revision: 231 $

npop:7 nsnp:18176136
Estimating covariance matrix in 45440 blocks of size 400
SEED: 1607916735
Starting from:
((D:0.0720052,E:0.247829):0.0247766,C:0.0247766);
Adding F [4/7]
ln(likelihood): -133151.51 
((D:0.082066,E:0.257626):0,(C:0.0524315,F:0.0927649):0);
Adding A [5/7]
ln(likelihood): -155515.64 
((D:0.077044,E:0.253199):0,(C:0.0479995,(F:0.0495885,A:0.0362682):0.0543032):0);
Adding B [6/7]
ln(likelihood): -46267.433 
((((C:0.0113989,B:0.0191807):0.0188793,D:0.0546621):0.0369166,(F:0.046258,A:0.0326475):0.0348396):0.134145,E:0.134145);
Adding G [7/7]
ln(likelihood): -818.60258 
(((F:0.045101,A:0.0319586):0.0353316,(E:0.170945,G:0.201633):0.0914088):0.0185125,((C:0.010501,B:0.0182829):0.0192348,D:0.0536457):0.0185125);
Testing global rearrangements
F:0.045101 E:0.170945
-322322.81 -818.60258
F:0.045101 (E:0.170945,G:0.201633):0.0914088
-52748.844 -818.60258
F:0.045101 G:0.201633
-322322.81 -818.60258
(F:0.045101,A:0.0319586):0.0353316 C:0.010501
-286248.06 -818.60258
(F:0.045101,A:0.0319586):0.0353316 (C:0.010501,B:0.0182829):0.0192348
-133090.91 -818.60258
(F:0.045101,A:0.0319586):0.0353316 B:0.0182829
-286248.06 -818.60258
A:0.0319586 E:0.170945
-326497.54 -818.60258
A:0.0319586 (E:0.170945,G:0.201633):0.0914088
-52748.844 -818.60258
A:0.0319586 G:0.201633
-326497.54 -818.60258
C:0.010501 F:0.045101
-351736.85 -818.60258
C:0.010501 (F:0.045101,A:0.0319586):0.0353316
-278113.93 -818.60258
C:0.010501 A:0.0319586
-351736.85 -818.60258
C:0.010501 ((C:0.010501,B:0.0182829):0.0192348,D:0.0536457):0.0185125
-30240.712 -818.60258
D:0.0536457 F:0.045101
-196209.74 -818.60258
D:0.0536457 (F:0.045101,A:0.0319586):0.0353316
-133090.91 -818.60258
D:0.0536457 A:0.0319586
-196209.74 -818.60258
D:0.0536457 ((F:0.045101,A:0.0319586):0.0353316,(E:0.170945,G:0.201633):0.0914088):0.0185125
-818.60258 -818.60258
D:0.0536457 E:0.170945
-541151.74 -818.60258
D:0.0536457 (E:0.170945,G:0.201633):0.0914088
-133090.91 -818.60258
D:0.0536457 G:0.201633
-541151.74 -818.60258
Targeting migration to vicinity of:
E F
D G
C A
A B

A C
A B
C A
B A
D E
D G
E F
G F
Trying A B
A:0.0319586 B:0.0182829
1->2 0.016919507 -721.21241 -818.60258
2->1 0.063700333 -151.70867 -721.21241
p1->2 0.014171434 -778.26491 -151.70867
p2->1 0.066028796 -153.72223 -151.70867
A:0.0414961 (C:0.010501,B:0.0182829):0.0195623
1->2 0.054962564 -165.36758 -151.70867
p1->2 0.14470783 -399.67024 -151.70867
p2->1 0.49836951 -272.19122 -151.70867
Trying A C
A:0.201488 C:0.010501
1->2 0.016859977 -721.5904 -151.70867
2->1 0.063832618 -151.96322 -151.70867
p1->2 0.014121434 -778.58216 -151.70867
A:0.0319586 (B:0.0173786,C:0.0117153):0.0199082
Trying B A
B:0.0173786 A:0.0319586
(B:0.0173786,C:0.0117153):0.0199082 A:0.0319586
Trying C A
C:0.0117153 A:0.0319586
(B:0.0173786,C:0.0117153):0.0199082 A:0.0319586
Trying D E
D:0.0532579 E:0.170945
1->2 0.0025052361 -816.39937 -151.70867
2->1 0.02840524 -399.65413 -151.70867
p1->2 0.67414987 -818.60258 -151.70867
p2->1 0.030790968 -399.67024 -151.70867
D:0.059667 (G:0.201633,E:0.170945):0.0922778
1->2 0.050470028 -399.67024 -151.70867
p1->2 0.85766602 -818.60258 -151.70867
p2->1 0.0053747296 -818.60258 -151.70867
Trying D G
D:0.0542271 (G:0.201633,E:0.170945):0.0914088
D:0.0542271 G:0.201633
1->2 0.023753602 -633.75919 -151.70867
2->1 0.026199363 -389.39103 -151.70867
p1->2 0.46639898 -728.53227 -151.70867
Trying E F
E:0.0898125 F:0.045101
1->2 0.029793506 -234.86746 -151.70867
2->1 0.026833655 -596.03633 -151.70867
p1->2 0.14470783 -272.19122 -151.70867
p2->1 0.6748997 -728.53227 -151.70867
(G:0.0101569,E:2.20183):0.283004 F:0.045101
2->1 0.096514925 -272.19122 -151.70867
p1->2 4.0751289e-05 -818.60269 -151.70867
Trying G F
(G:0.201633,E:0.170945):0.0914088 F:0.0451061
G:0.201633 F:0.0451061
1->2 0.03475105 -272.19121 -151.70867
2->1 3.9084634e-07 -818.60295 -151.70867
p2->1 0.43028674 -818.60249 -151.70867
Migration added
Local updates around node 1: 0 ln(lk):-151.70867 
Local updates around node 2: 0 ln(lk):-151.70867 
Updates in migration position: 0 ln(lk):-151.70867 
Switches in migration direction: 0 ln(lk):-151.70867 
ln(likelihood):-151.70869 
Targeting migration to vicinity of:
D G
F B
C F
E D

C F
B F
D E
D G
E D
G D
F C
F B
Trying B F
(C:0.0104674,B:0.0183028):0.0195786 F:0.0405837
1->2 0.014334437 -123.65005 -151.70869
2->1 0.04049908 125.51813 -123.65005
p1->2 0.099995285 -150.58917 125.51813
p2->1 0.56907475 101.41594 125.51813
B:0.0183149 F:0.0406465
1->2 0.018634498 -87.587871 125.51813
2->1 0.01008788 -108.78626 125.51813
p2->1 0.011118238 -127.09366 125.51813
Trying C F
(C:0.00976397,B:0.0194271):0.0201095 F:0.0405861
C:0.00976397 F:0.0405861
1->2 0.018569048 -97.437335 125.51813
2->1 0.011182198 -98.657248 125.51813
p2->1 0.010928518 -117.98135 125.51813
C:0.0113986 (A:0.0411983,F:0.0405226):0.0397156
1->2 0.10177718 101.5377 125.51813
p1->2 0.69039536 101.41592 125.51813
p2->1 0.18111619 -150.78959 125.51813
Trying D E
D:0.0532798 E:0.170945
1->2 3.8719494e-07 -151.70899 125.51813
2->1 0.023109306 101.54514 125.51813
p1->2 0.033629756 -151.70869 125.51813
p2->1 0.022561008 101.41132 125.51813
D:0.0577954 (G:0.201633,E:0.170945):0.090436
1->2 0.26925915 101.41592 125.51813
p1->2 0.051593695 -151.70869 125.51813
p2->1 0.33671704 -151.70869 125.51813
Trying D G
D:0.150714 G:0.201633
1->2 0.021577841 -3.5667861 125.51813
2->1 0.0207092 112.51352 125.51813
p1->2 0.65312707 -57.777451 125.51813
D:0.0533195 (E:5.78695e-05,G:2.16587):0.260492
Trying E D
E:5.78695e-05 D:0.0533195
(E:5.78695e-05,G:2.16587):0.260492 D:0.0533195
Trying F B
F:0.0405837 (B:0.0183028,C:0.0104674):0.0195786
F:0.0405837 B:0.0183028
Trying F C
F:0.0405837 (B:0.0183028,C:0.0104674):0.0195786
F:0.0405837 C:0.0104674
(A:0.0411463,F:0.0405837):0.038902 C:0.0104674
Trying G D
G:2.16587 D:0.0533195
(E:5.78695e-05,G:2.16587):0.260492 D:0.0533195
Migration added
Local updates around node 1: 0 ln(lk):125.51813 
Local updates around node 2: 0 ln(lk):125.51813 
Updates in migration position: 1 ln(lk):143.28529 
Switches in migration direction: 0 ln(lk):143.28529 
Local updates around node 1: 0 ln(lk):143.28529 
Local updates around node 2: 0 ln(lk):143.28529 
Switches in migration direction: 0 ln(lk):143.28529 
Updates in migration position: 0 ln(lk):143.28529 
Trying all local rearrangements
Local rearrangements: 0 ln(lk):143.28529 
ln(likelihood):143.28529 
Targeting migration to vicinity of:
E F
E A
B G
C G

D G
C G
B G
D G
C G
B G
E F
E A
E F
E A
Trying B G
B:0.0182829 G:0.201633
1->2 0.021259526 230.10326 143.28529
2->1 0.001199187 150.45159 230.10326
p1->2 0.022978708 234.33343 230.10326
p2->1 3.0968394e-07 143.28528 234.33343
(C:0.010501,B:0.0182829):0.02395 G:0.201633
2->1 0.0036810832 188.76668 234.33343
p1->2 0.65758699 237.98805 234.33343
p2->1 1.4100873e-06 143.28529 237.98805
Trying C G
(C:0.010501,B:0.0182829):0.0239502 G:0.201633
C:0.010501 G:0.201633
1->2 0.021259526 230.10326 237.98805
2->1 0.0011633518 150.00818 237.98805
p2->1 3.1162963e-06 143.28535 237.98805
Trying D G
D:0.050653 G:0.201633
1->2 0.030130707 238.0221 237.98805
2->1 0.0024675692 153.98554 238.0221
p2->1 0.00078653189 143.28529 238.0221
Trying E A
E:0.170945 A:0.043331
1->2 0.0032874802 165.66896 238.0221
2->1 0.028990248 238.21138 238.0221
p1->2 0.078036837 143.28529 238.21138
p2->1 0.09951704 238.02143 238.21138
Trying E F
E:0.222167 F:0.0397806
1->2 0.0035713469 167.73865 238.21138
2->1 0.020945804 227.16926 238.21138
p1->2 0.16551913 143.2806 238.21138
Migration added
Local updates around node 1: 0 ln(lk):238.21138 
Local updates around node 2: 0 ln(lk):238.21138 
Updates in migration position: 0 ln(lk):238.21138 
Switches in migration direction: 0 ln(lk):238.21138 
ln(likelihood):238.33588 
Targeting migration to vicinity of:
E D
B G
C G
A G

D E
C G
B G
D E
C G
B G
E D
G C
G B
Trying B G
(B:0.0182829,C:0.010501):0.0232845 G:0.198534
1->2 0.00020016053 238.34259 238.33588
2->1 6.8575275e-05 238.35649 238.34259
p1->2 0.12586832 238.3361 238.35649
p2->1 1.2116372e-05 238.33597 238.35649
B:0.0182829 G:0.198534
1->2 0.00021222363 238.34573 238.35649
2->1 2.8390927e-05 238.34043 238.35649
p2->1 1.6942953e-06 238.33589 238.35649
Trying C G
C:0.0105009 G:0.198534
1->2 0.0002229119 238.34478 238.35649
2->1 2.7862949e-05 238.34016 238.35649
p2->1 2.2804268e-06 238.33589 238.35649
(B:0.0182827,C:0.0105012):0.0232847 G:0.198534
Trying D E
D:0.0509748 E:0.184272
1->2 0.00034640354 238.36381 238.35649
2->1 0.00020395275 238.39275 238.36381
p1->2 2.5584277e-05 238.33593 238.39275
p2->1 4.0056972e-07 238.33588 238.39275
Trying E D
E:0.184272 D:0.0509751
Trying G B
G:0.198534 (B:0.0182829,C:0.010501):0.0232844
G:0.198534 B:0.0182829
Trying G C
G:0.198534 C:0.010501
G:0.198534 (B:0.0182829,C:0.010501):0.0232844
Migration added
Local updates around node 1: 0 ln(lk):238.39275 
Local updates around node 2: 0 ln(lk):238.39275 
Updates in migration position: 0 ln(lk):238.39275 
Switches in migration direction: 0 ln(lk):238.39275 
ln(likelihood):238.39878 
Targeting migration to vicinity of:
E F
B G
C G
D A

C G
B G
C G
B G
D A
E F
Trying B G
B:0.0182829 G:0.198494
1->2 9.7472466e-06 238.39879 238.39878
2->1 5.3410787e-07 238.39878 238.39879
p1->2 9.0870526e-06 238.39879 238.39879
p2->1 3.0968394e-07 238.39878 238.39879
(C:0.010501,B:0.0182829):0.0231934 G:0.198494
2->1 2.6735427e-06 238.39879 238.39879
p1->2 6.6883722e-06 238.39879 238.39879
p2->1 3.0919568e-05 238.39879 238.39879
Trying C G
(C:0.010501,B:0.0182829):0.0231991 G:0.198494
C:0.010501 G:0.198494
1->2 9.7472466e-06 238.39879 238.39879
2->1 5.0082861e-07 238.39878 238.39879
p2->1 3.0968394e-07 238.39878 238.39879
Trying D A
D:0.0510674 A:0.0436671
1->2 6.390479e-06 238.39878 238.39879
2->1 9.9001285e-05 238.39879 238.39879
p1->2 0.00039624132 238.39879 238.39879
p2->1 0.051593695 238.39879 238.39879
Trying E F
E:0.184416 F:0.0396222
1->2 2.530601e-06 238.39879 238.39879
2->1 6.4276578e-06 238.39879 238.39879
p1->2 2.4092371e-06 238.39878 238.39879
p2->1 0.0053747296 238.39879 238.39879
Migration added
Local updates around node 1: 0 ln(lk):238.39879 
Local updates around node 2: 0 ln(lk):238.39879 
Updates in migration position: 0 ln(lk):238.39879 
Switches in migration direction: 0 ln(lk):238.39879 
ln(likelihood):238.39879 
DONE.
