
TreeMix v. 1.13
$Revision: 231 $

npop:7 nsnp:18176136
Estimating covariance matrix in 4544 blocks of size 4000
SEED: 1607916735
Starting from:
((D:0.0720052,E:0.247829):0.0247766,C:0.0247766);
Adding F [4/7]
ln(likelihood): -14534.034 
((D:0.082066,E:0.257626):0,(C:0.0524315,F:0.0927649):0);
Adding A [5/7]
ln(likelihood): -16987.653 
((D:0.077044,E:0.253199):0,(C:0.0479995,(F:0.0495885,A:0.0362682):0.0543032):0);
Adding B [6/7]
ln(likelihood): -5030.0374 
((((C:0.0113989,B:0.0191807):0.0188793,D:0.0546621):0.0369166,(F:0.046258,A:0.0326475):0.0348396):0.134145,E:0.134145);
Adding G [7/7]
ln(likelihood): 93.132077 
((((C:0.010501,B:0.0182829):0.0192348,D:0.0536457):0.037025,(F:0.045101,A:0.0319586):0.0353316):0.0457044,(E:0.170945,G:0.201633):0.0457044);
Testing global rearrangements
C:0.010501 ((C:0.010501,B:0.0182829):0.0192348,D:0.0536457):0.037025
-3279.9805 93.132077
C:0.010501 A:0.0319586
-39287.474 93.132077
D:0.0536457 C:0.010501
-3279.9805 93.132077
D:0.0536457 E:0.170945
-59084.107 93.132077
D:0.0536457 (E:0.170945,G:0.201633):0.0457044
-14310.583 93.132077
D:0.0536457 G:0.201633
-59084.107 93.132077
F:0.045101 D:0.0536457
-20273.657 93.132077
F:0.045101 E:0.170945
-34814.203 93.132077
(F:0.045101,A:0.0319586):0.0353316 C:0.010501
-32158.481 93.132077
(F:0.045101,A:0.0319586):0.0353316 (C:0.010501,B:0.0182829):0.0192348
-14310.583 93.132077
(F:0.045101,A:0.0319586):0.0353316 B:0.0182829
-32158.481 93.132077
A:0.0319586 (((C:0.010501,B:0.0182829):0.0192348,D:0.0536457):0.037025,(F:0.045101,A:0.0319586):0.0353316):0.0457044
-5490.2703 93.132077
A:0.0319586 E:0.170945
-35218.889 93.132077
A:0.0319586 (E:0.170945,G:0.201633):0.0457044
-5490.2703 93.132077
A:0.0319586 G:0.201633
-35218.889 93.132077
Targeting migration to vicinity of:
E F
D G
A B
C A

A C
A B
C A
B A
D E
D G
E F
G F
Trying A B
A:0.0319586 B:0.0182829
1->2 0.01707634 103.80029 93.132077
2->1 0.063618705 165.36796 103.80029
p1->2 0.014303165 97.548238 165.36796
p2->1 0.066250235 165.13594 165.36796
A:0.0415318 (C:0.010501,B:0.0182829):0.0195637
1->2 0.055264656 164.19464 165.36796
p1->2 0.40052852 138.56634 165.36796
p2->1 0.42137316 152.1039 165.36796
Trying A C
A:0.143679 C:0.010501
1->2 0.017016266 103.70224 165.36796
2->1 0.063832618 165.33587 165.36796
p1->2 0.014202423 97.48811 165.36796
A:0.0319586 (B:0.0173733,C:0.0117224):0.0199121
Trying B A
B:0.0173733 A:0.0319586
(B:0.0173733,C:0.0117224):0.0199121 A:0.0319586
Trying C A
C:0.0117224 A:0.0319586
(B:0.0173733,C:0.0117224):0.0199121 A:0.0319586
Trying D E
D:0.0532557 E:0.170945
1->2 0.0025288016 93.378451 165.36796
2->1 0.02840524 138.56839 165.36796
p1->2 0.099995285 93.132077 165.36796
p2->1 0.056945603 138.56634 165.36796
D:0.064073 (G:0.201633,E:0.170945):0.0693877
1->2 0.17100258 138.56634 165.36796
p1->2 4.1615585e-05 93.132077 165.36796
Trying D G
D:0.0536457 (G:0.201633,E:0.170945):0.0457082
D:0.0536457 G:0.201633
1->2 0.023536913 112.93725 165.36796
2->1 0.026290987 139.65188 165.36796
p1->2 0.066387437 103.10133 165.36796
Trying E F
E:0.163688 F:0.045101
1->2 0.029793506 156.27855 165.36796
2->1 0.026682585 117.2796 165.36796
p1->2 0.25018033 152.1039 165.36796
p2->1 0.099995285 103.10133 165.36796
(G:0.190934,E:0.222841):0.0511135 F:0.045101
2->1 0.11543796 152.1039 165.36796
p2->1 4.2404157e-05 93.132077 165.36796
Trying G F
(G:0.201633,E:0.170945):0.0457083 F:0.045101
G:0.201633 F:0.045101
1->2 0.03475105 152.1039 165.36796
2->1 3.0968394e-07 93.132032 165.36796
p2->1 0.14529303 93.132077 165.36796
Migration added
Local updates around node 1: 0 ln(lk):165.36796 
Local updates around node 2: 0 ln(lk):165.36796 
Updates in migration position: 0 ln(lk):165.36796 
Switches in migration direction: 0 ln(lk):165.36796 
ln(likelihood):165.36796 
Targeting migration to vicinity of:
D G
F B
C F
E D

C F
B F
D E
D G
E D
G D
F C
F B
Trying B F
B:0.0183032 F:0.0405894
1->2 0.018634498 172.28745 165.36796
2->1 0.010159736 170.00432 172.28745
p1->2 0.014202423 168.31648 172.28745
p2->1 0.011221911 168.03924 172.28745
Trying C F
C:0.00975697 (A:0.0411286,F:0.0405921):0.0396616
1->2 0.10177718 192.81661 172.28745
2->1 0.011093902 169.0811 192.81661
p1->2 0.69039536 192.8029 192.81661
p2->1 0.0011076209 165.37724 192.81661
C:0.0105447 F:0.0405875
1->2 0.018569048 171.22001 192.81661
2->1 0.011286461 171.14722 192.81661
Trying D E
D:0.0529056 (E:0.170945,G:0.201633):0.0447364
1->2 0.49459535 192.8029 192.81661
2->1 0.022640204 192.8029 192.81661
p1->2 0.99995428 165.4135 192.81661
D:0.053318 E:0.170945
1->2 3.0968394e-07 165.36793 192.81661
2->1 0.023109306 192.81786 192.81661
p1->2 0.029091341 165.36796 192.81786
Trying D G
D:0.0533196 G:0.198944
1->2 0.021455709 181.3207 192.81786
2->1 0.020827172 193.986 192.81786
p1->2 0.65312707 175.79174 193.986
D:0.0533196 (E:5.46505e-05,G:2.16587):0.130249
Trying E D
(E:5.46505e-05,G:2.16587):0.130249 D:0.0533196
E:5.46505e-05 D:0.0533196
Trying F B
F:0.0405894 B:0.0183032
Trying F C
(A:0.0411337,F:0.0405894):0.0388966 C:0.0104669
F:0.0405894 C:0.0104669
Trying G D
G:2.16587 D:0.0533196
(E:5.46505e-05,G:2.16587):0.130249 D:0.0533196
Migration added
Local updates around node 1: 0 ln(lk):193.986 
Local updates around node 2: 0 ln(lk):193.986 
Updates in migration position: 4 ln(lk):198.26177 
Switches in migration direction: 0 ln(lk):198.26177 
Local updates around node 1: 0 ln(lk):198.26177 
Local updates around node 2: 0 ln(lk):198.26177 
Switches in migration direction: 0 ln(lk):198.26177 
Updates in migration position: 0 ln(lk):198.26177 
Trying all local rearrangements
Local rearrangements: 0 ln(lk):198.26177 
ln(likelihood):198.2697 
Targeting migration to vicinity of:
E A
B G
C G
E F

C G
B G
C G
B G
E F
E A
E F
E A
Trying B G
B:0.0182829 G:0.201744
1->2 0.020754183 207.5929 198.2697
2->1 0.0014816187 199.47786 207.5929
p1->2 0.029523386 207.59691 207.5929
p2->1 3.0968394e-07 198.26969 207.59691
(C:0.010501,B:0.0182829):0.0166401 G:0.201744
2->1 0.0048566568 206.07921 207.59691
p1->2 0.067560464 207.64278 207.59691
p2->1 3.3794349e-05 198.26973 207.64278
Trying C G
C:0.010501 G:0.201745
1->2 0.020754183 207.5929 207.64278
2->1 0.0014373558 199.38974 207.64278
p2->1 2.2626326e-05 198.26975 207.64278
(B:0.0182809,C:0.0105034):0.0166415 G:0.201744
Trying E A
E:0.170836 (A:0.0426753,F:0.0401723):0.0390074
1->2 0.0070466255 207.50442 207.64278
2->1 0.030512087 207.34432 207.64278
p1->2 0.032543421 198.2697 207.64278
p2->1 0.17986722 198.2697 207.64278
E:0.278231 A:0.0426754
1->2 0.0023141752 199.82228 207.64278
2->1 0.030577701 207.50794 207.64278
p1->2 3.0968394e-07 198.2697 207.64278
Trying E F
E:0.170836 (F:0.0401722,A:0.0426755):0.0390083
E:0.170836 F:0.0401722
1->2 0.0026963835 200.09962 207.64278
2->1 0.030577701 207.50794 207.64278
p1->2 0.056945603 198.2697 207.64278
Migration added
Local updates around node 1: 0 ln(lk):207.64278 
Local updates around node 2: 0 ln(lk):207.64278 
Updates in migration position: 0 ln(lk):207.64278 
Switches in migration direction: 0 ln(lk):207.64278 
ln(likelihood):207.64386 
Targeting migration to vicinity of:
E A
F G
B G
C G

E A
G F
F G
A E
Trying A E
A:0.0427266 E:0.163507
1->2 0.0015272426 207.66119 207.64386
2->1 0.0001894609 207.65239 207.66119
p1->2 0.0008357527 207.64386 207.66119
p2->1 2.0775902e-05 207.64388 207.66119
Trying E A
E:0.163507 A:0.0427305
Trying F G
F:0.0401552 G:0.240149
1->2 0.0016133703 207.66096 207.66119
2->1 0.0001837937 207.65431 207.66119
p1->2 3.0968394e-07 207.64386 207.66119
p2->1 0.0008357527 207.64386 207.66119
Trying G F
G:0.240149 F:0.0402565
Migration added
Local updates around node 1: 0 ln(lk):207.66119 
Local updates around node 2: 0 ln(lk):207.66119 
Updates in migration position: 0 ln(lk):207.66119 
Switches in migration direction: 0 ln(lk):207.66119 
ln(likelihood):207.66901 
Targeting migration to vicinity of:
F G
A B
C A
E D

A C
A B
C A
B A
E D
F G
Trying A B
A:0.0429171 (C:0.010501,B:0.0182829):0.0166823
1->2 4.3303509e-05 207.66905 207.66901
2->1 6.6910798e-05 207.66905 207.66905
p1->2 2.2156399e-05 207.66902 207.66905
p2->1 0.00017073403 207.66905 207.66905
A:0.0429417 B:0.0182829
1->2 8.6512537e-06 207.66902 207.66905
2->1 4.7775964e-05 207.66905 207.66905
p1->2 3.3742263e-06 207.66901 207.66905
Trying A C
A:0.0429171 (C:0.0105008,B:0.0182832):0.0166825
A:0.0429171 C:0.0105008
1->2 8.6512537e-06 207.66902 207.66905
2->1 4.7775964e-05 207.66905 207.66905
p1->2 3.3742263e-06 207.66901 207.66905
Trying B A
(B:0.0182827,C:0.0105013):0.0166825 A:0.0429171
B:0.0182827 A:0.0429171
Trying C A
(B:0.0182827,C:0.0105013):0.0166825 A:0.0429171
C:0.0105013 A:0.0429171
Trying E D
E:0.164657 D:0.0593162
1->2 1.4122889e-05 207.66902 207.66905
2->1 0.00036044916 207.66902 207.66905
p1->2 0.00083092251 207.66905 207.66905
p2->1 0.027891712 207.66905 207.66905
Trying F G
F:0.0400628 G:0.23677
1->2 9.9934812e-05 207.66907 207.66905
2->1 6.390479e-06 207.66905 207.66907
p1->2 0.00043969197 207.66902 207.66907
p2->1 0.50060552 207.66905 207.66907
Migration added
Local updates around node 1: 0 ln(lk):207.66907 
Local updates around node 2: 0 ln(lk):207.66907 
Updates in migration position: 0 ln(lk):207.66907 
Switches in migration direction: 0 ln(lk):207.66907 
ln(likelihood):207.66907 
DONE.
