
TreeMix v. 1.13
$Revision: 231 $

npop:7 nsnp:18176136
Estimating covariance matrix in 5048 blocks of size 3600
SEED: 1607916169
Starting from:
((D:0.0478523,C:0.0169057):0.070434,F:0.070434);
Adding G [4/7]
ln(likelihood): -6306.6006 
((D:0.0676107,C:0.0379752):0.0195935,(F:0.078618,G:0.273919):0.0195935);
Adding B [5/7]
ln(likelihood): -11372.797 
(F:0.0405568,(G:0.271125,(D:0.0550308,(C:0.0118759,B:0.0196581):0.0192045):0.0470914):0.0405568);
Adding A [6/7]
ln(likelihood): -5432.7547 
(((D:0.0539699,(C:0.0107062,B:0.0184883):0.018878):0.0356888,(F:0.0452394,A:0.031634):0.0357188):0.149842,G:0.149842);
Adding E [7/7]
ln(likelihood): 82.095859 
(((D:0.0536454,(C:0.0105003,B:0.0182824):0.0192336):0.0370308,(G:0.201632,E:0.170948):0.0914093):0.0176696,(F:0.0450952,A:0.0319577):0.0176696);
Testing global rearrangements
D:0.0536454 G:0.201632
-65579.531 82.095859
D:0.0536454 (G:0.201632,E:0.170948):0.0914093
-15902.129 82.095859
D:0.0536454 E:0.170948
-65579.531 82.095859
(D:0.0536454,(C:0.0105003,B:0.0182824):0.0192336):0.0370308 A:0.0319577
-6115.8666 82.095859
C:0.0105003 (D:0.0536454,(C:0.0105003,B:0.0182824):0.0192336):0.0370308
-3658.0019 82.095859
C:0.0105003 G:0.201632
-98988.78 82.095859
C:0.0105003 (G:0.201632,E:0.170948):0.0914093
-34915.986 82.095859
C:0.0105003 E:0.170948
-98988.78 82.095859
G:0.201632 F:0.0450952
-39054.257 82.095859
F:0.0450952 D:0.0536454
-22526.209 82.095859
F:0.0450952 (D:0.0536454,(C:0.0105003,B:0.0182824):0.0192336):0.0370308
-6115.8666 82.095859
F:0.0450952 C:0.0105003
-40252.116 82.095859
F:0.0450952 (C:0.0105003,B:0.0182824):0.0192336
-22526.209 82.095859
F:0.0450952 B:0.0182824
-40252.116 82.095859
(F:0.0450952,A:0.0319577):0.0176696 E:0.170948
-31892.67 82.095859
A:0.0319577 D:0.0536454
-21217.294 82.095859
A:0.0319577 (D:0.0536454,(C:0.0105003,B:0.0182824):0.0192336):0.0370308
-6115.8666 82.095859
A:0.0319577 C:0.0105003
-37565.919 82.095859
A:0.0319577 (C:0.0105003,B:0.0182824):0.0192336
-21217.294 82.095859
A:0.0319577 B:0.0182824
-37565.919 82.095859
Targeting migration to vicinity of:
F E
D G
B A
C A

C A
B A
C A
B A
D G
D E
F G
F E
Trying B A
B:0.0182824 A:0.0319577
1->2 0.063618705 162.15367 82.095859
2->1 0.01707634 93.9349 162.15367
p1->2 0.066113293 161.8929 162.15367
p2->1 0.014303165 87.00094 162.15367
(C:0.00958406,B:0.0197403):0.0199159 A:0.0319577
2->1 0.055264656 160.96379 162.15367
p1->2 0.10924691 147.41524 162.15367
p2->1 0.1815035 132.55849 162.15367
Trying C A
C:0.0105003 A:0.0319577
1->2 0.063832618 162.11781 162.15367
2->1 0.017016266 93.827188 162.15367
p2->1 0.014202423 86.934697 162.15367
(B:0.0173728,C:0.0117218):0.019911 A:0.0319577
Trying D E
D:0.0532553 E:0.170948
1->2 0.0025288016 82.370737 162.15367
2->1 0.028504353 132.56069 162.15367
p1->2 0.39919356 82.095849 162.15367
p2->1 0.20076802 132.55849 162.15367
D:0.0972529 (G:0.201632,E:0.170948):0.0922787
1->2 0.048598293 132.55849 162.15367
p2->1 4.0751289e-05 82.095846 162.15367
Trying D G
D:0.0536513 G:0.201632
1->2 0.023536913 104.08372 162.15367
2->1 0.026290987 133.76307 162.15367
p1->2 0.12103068 93.157889 162.15367
D:0.0536454 (E:0.157564,G:0.276136):0.104674
Trying F E
F:0.0450952 E:0.157564
1->2 0.026589634 108.87508 162.15367
2->1 0.029793506 152.04755 162.15367
p1->2 0.41316065 93.157889 162.15367
p2->1 0.3969771 147.41524 162.15367
F:0.164381 (G:0.201632,E:0.170948):0.0930245
1->2 0.43961954 147.41524 162.15367
p1->2 0.92138368 82.095859 162.15367
p2->1 0.0063684299 82.095859 162.15367
Trying F G
F:0.0456751 G:0.201632
1->2 3.8719494e-07 82.095805 162.15367
2->1 0.03475105 147.41513 162.15367
p1->2 0.38856521 82.095859 162.15367
F:0.0450952 (E:0.112857,G:0.634343):0.1495
Migration added
Local updates around node 1: 0 ln(lk):162.15367 
Local updates around node 2: 0 ln(lk):162.15367 
Updates in migration position: 0 ln(lk):162.15367 
Switches in migration direction: 0 ln(lk):162.15367 
ln(likelihood):162.15367 
DONE.
