
TreeMix v. 1.13
$Revision: 231 $

npop:7 nsnp:18176136
Estimating covariance matrix in 6990 blocks of size 2600
SEED: 1607916450
Starting from:
((G:0.267748,A:0.0610748):0.0374824,B:0.0374824);
Adding D [4/7]
ln(likelihood): -9765.67 
((G:0.275614,A:0.066486):0.0180781,(B:0.0466313,D:0.0684339):0.0180781);
Adding E [5/7]
ln(likelihood): -1557.5111 
((A:0.0619669,(G:0.202848,E:0.172222):0.0956749):0.0170741,(B:0.0366283,D:0.0572154):0.0170741);
Adding F [6/7]
ln(likelihood): -0.060432918 
(B:0.0188168,(D:0.0537541,((G:0.201904,E:0.171102):0.0910606,(A:0.0321449,F:0.0449877):0.0356842):0.0370794):0.0188168);
Adding C [7/7]
ln(likelihood): 38.41753 
((D:0.0536459,(B:0.0182829,C:0.0105006):0.019234):0.0185143,((G:0.201633,E:0.170947):0.0914083,(A:0.0319579,F:0.045097):0.0353364):0.0185143);
Testing global rearrangements
D:0.0536459 G:0.201633
-90435.682 38.41753
D:0.0536459 (G:0.201633,E:0.170947):0.0914083
-21986.54 38.41753
D:0.0536459 E:0.170947
-90435.682 38.41753
(D:0.0536459,(B:0.0182829,C:0.0105006):0.019234):0.0185143 A:0.0319579
-8511.3647 38.41753
B:0.0182829 (D:0.0536459,(B:0.0182829,C:0.0105006):0.019234):0.0185143
-5103.1576 38.41753
B:0.0182829 G:0.201633
-137520.66 38.41753
B:0.0182829 (G:0.201633,E:0.170947):0.0914083
-48162.288 38.41753
B:0.0182829 E:0.170947
-137520.66 38.41753
G:0.201633 F:0.045097
-53921.675 38.41753
A:0.0319579 D:0.0536459
-29342.958 38.41753
A:0.0319579 (D:0.0536459,(B:0.0182829,C:0.0105006):0.019234):0.0185143
-8511.3647 38.41753
A:0.0319579 B:0.0182829
-51805.576 38.41753
A:0.0319579 (B:0.0182829,C:0.0105006):0.019234
-29342.958 38.41753
A:0.0319579 C:0.0105006
-51805.576 38.41753
(A:0.0319579,F:0.045097):0.0353364 E:0.170947
-44048.296 38.41753
F:0.045097 D:0.0536459
-31146.207 38.41753
F:0.045097 (D:0.0536459,(B:0.0182829,C:0.0105006):0.019234):0.0185143
-8511.3647 38.41753
F:0.045097 B:0.0182829
-55502.912 38.41753
F:0.045097 (B:0.0182829,C:0.0105006):0.019234
-31146.207 38.41753
F:0.045097 C:0.0105006
-55502.912 38.41753
F:0.045097 ((G:0.201633,E:0.170947):0.0914083,(A:0.0319579,F:0.045097):0.0353364):0.0185143
-8511.3647 38.41753
Targeting migration to vicinity of:
E F
G D
A C
A B

A B
A C
A B
A C
G F
E F
G D
E D
Trying A B
A:0.0319579 B:0.0182829
1->2 0.01707634 54.737974 38.41753
2->1 0.063618705 148.84466 54.737974
p1->2 0.014303165 45.179814 148.84466
p2->1 0.066113293 148.48811 148.84466
A:0.0415093 (C:0.0105006,B:0.0182829):0.0195621
1->2 0.055149082 147.13144 148.84466
p1->2 0.18901017 107.98339 148.84466
p2->1 0.3970964 128.54777 148.84466
Trying A C
A:0.130091 (C:0.0105006,B:0.0182829):0.019234
A:0.130091 C:0.0105006
1->2 0.017016266 54.593985 148.84466
2->1 0.063832618 148.79585 148.84466
p1->2 0.014202423 45.09057 148.84466
Trying E D
E:0.170947 D:0.0532558
1->2 0.02840524 107.98643 148.84466
2->1 0.0025434764 38.796246 148.84466
p1->2 0.055149082 107.98339 148.84466
p2->1 0.099995285 38.41753 148.84466
(G:0.191477,E:0.222328):0.101564 D:0.0536459
2->1 0.43623313 107.98339 148.84466
p1->2 0.099318653 38.41753 148.84466
p2->1 0.00026938639 38.41753 148.84466
Trying E F
E:0.170947 F:0.045097
1->2 0.029793506 134.92556 148.84466
2->1 0.026682585 75.334481 148.84466
p1->2 0.057064716 128.54777 148.84466
p2->1 0.17986722 53.654758 148.84466
(G:0.180979,E:0.279146):0.112182 F:0.045097
2->1 0.20468213 128.54777 148.84466
p1->2 4.0751289e-05 38.417511 148.84466
((G:0.201633,E:0.170947):0.0914083,(A:0.0319565,F:0.0451021):0.0353379):0.0185143 F:0.0451021
Trying G D
(G:0.201633,E:0.170947):0.0914083 D:0.0536459
G:0.201633 D:0.0536459
1->2 0.026290987 109.64531 148.84466
2->1 0.023536913 68.750436 148.84466
p2->1 0.09951704 53.654758 148.84466
Trying G F
(E:0.160064,G:0.260691):0.102172 F:0.045097
G:0.260691 F:0.045097
1->2 0.03475105 128.54768 148.84466
2->1 3.9084634e-07 38.417456 148.84466
p2->1 0.3970964 38.41753 148.84466
((E:0.110742,G:0.654569):0.151613,(A:0.0319579,F:0.045097):0.0353364):0.0185143 F:0.045097
Migration added
Local updates around node 1: 0 ln(lk):148.84466 
Local updates around node 2: 0 ln(lk):148.84466 
Updates in migration position: 0 ln(lk):148.84466 
Switches in migration direction: 0 ln(lk):148.84466 
ln(likelihood):148.84466 
Targeting migration to vicinity of:
G D
B F
F C
D E

B F
C F
D G
D E
F B
F C
G D
E D
Trying B F
B:0.0183032 F:0.040585
1->2 0.018634498 159.46388 148.84466
2->1 0.010159736 155.95025 159.46388
p1->2 0.014252706 153.38416 159.46388
p2->1 0.011221911 152.93806 159.46388
(C:0.00975649,B:0.019438):0.0201137 F:0.0405877
2->1 0.040725101 194.63818 159.46388
p1->2 0.49475199 149.03863 194.63818
p2->1 0.56907475 190.85978 194.63818
Trying C F
C:0.0105324 F:0.0406482
1->2 0.018569048 157.82933 194.63818
2->1 0.011286461 157.69637 194.63818
p2->1 0.011093902 154.52859 194.63818
C:0.011412 (A:0.0411861,F:0.040523):0.0397186
1->2 0.10197032 190.88065 194.63818
p1->2 0.69039536 190.85978 194.63818
p2->1 0.19196916 149.03474 194.63818
(B:0.0136442,C:0.0217992):0.0242721 F:0.0405489
Trying D E
D:0.0532762 (G:0.201633,E:0.170947):0.0897164
1->2 0.18111619 190.85977 194.63818
2->1 0.022640204 190.85977 194.63818
p1->2 0.00027192611 148.84466 194.63818
p2->1 0.33671704 148.84466 194.63818
D:0.150713 E:0.170947
1->2 3.8719494e-07 148.84461 194.63818
2->1 0.023109306 190.88253 194.63818
p1->2 0.077877566 148.84466 194.63818
Trying D G
D:0.0533198 (G:0.194054,E:0.209261):0.0973236
D:0.0533198 G:0.194054
1->2 0.021455709 173.2711 194.63818
2->1 0.020827172 192.67031 194.63818
p1->2 0.65312707 164.77464 194.63818
Trying E D
(E:5.73685e-05,G:2.16587):0.260496 D:0.0533198
E:5.73685e-05 D:0.0533198
Trying F B
F:0.040585 B:0.0183032
F:0.040585 (B:0.0183032,C:0.0104664):0.0195778
Trying F C
F:0.040585 C:0.0104664
F:0.040585 (B:0.0183032,C:0.0104664):0.0195778
(A:0.0411333,F:0.040585):0.0389019 C:0.0104664
Trying G D
(E:5.73685e-05,G:2.16587):0.260496 D:0.0533198
G:2.16587 D:0.0533198
Migration added
Local updates around node 1: 0 ln(lk):194.63818 
Local updates around node 2: 0 ln(lk):194.63818 
Updates in migration position: 1 ln(lk):197.5246 
Switches in migration direction: 0 ln(lk):197.5246 
Local updates around node 1: 0 ln(lk):197.5246 
Local updates around node 2: 0 ln(lk):197.5246 
Switches in migration direction: 0 ln(lk):197.5246 
Updates in migration position: 0 ln(lk):197.5246 
Trying all local rearrangements
Local rearrangements: 0 ln(lk):197.5246 
ln(likelihood):197.52461 
Targeting migration to vicinity of:
E F
A E
G B
G C

A E
F E
E A
E F
G B
G D
G C
G B
G D
G C
Trying A E
A:0.0433092 E:0.170947
1->2 0.028990248 213.56231 197.52461
2->1 0.0033495682 201.36153 213.56231
p1->2 0.10127305 213.53084 213.56231
p2->1 0.010928518 197.52461 213.56231
Trying E A
E:0.170947 A:0.0448696
Trying E F
E:0.170947 F:0.0392788
1->2 0.0036258015 201.73791 213.56231
2->1 0.021334253 211.82449 213.56231
p1->2 0.39678407 197.52487 213.56231
Trying F E
F:0.155276 E:0.170947
Trying G B
G:0.201633 (C:0.0105006,B:0.0182829):0.0239325
1->2 0.0037941784 205.31701 213.56231
2->1 0.023109306 212.93692 213.56231
p1->2 3.0968394e-07 197.52461 213.56231
p2->1 0.030130707 213.53084 213.56231
G:0.217966 B:0.0182829
1->2 0.0012104821 198.76159 213.56231
2->1 0.021185054 212.20045 213.56231
p1->2 3.0968394e-07 197.52461 213.56231
Trying G C
G:0.201633 C:0.0105005
1->2 0.0011743098 198.67701 213.56231
2->1 0.021185054 212.20045 213.56231
p1->2 3.5442006e-06 197.52463 213.56231
G:0.201633 (B:0.0182826,C:0.0105009):0.0240149
Trying G D
G:0.201633 D:0.0506214
1->2 0.0024164431 199.2618 213.56231
2->1 0.030130707 213.53098 213.56231
p1->2 0.022054944 197.52461 213.56231
Migration added
Local updates around node 1: 0 ln(lk):213.56231 
Local updates around node 2: 0 ln(lk):213.56231 
Updates in migration position: 0 ln(lk):213.56231 
Switches in migration direction: 0 ln(lk):213.56231 
ln(likelihood):213.58436 
DONE.
