
TreeMix v. 1.13
$Revision: 231 $

npop:7 nsnp:18176136
Estimating covariance matrix in 4783 blocks of size 3800
SEED: 1607916592
Starting from:
((D:0.0515581,B:0.028447):0.0629434,A:0.0629434);
Adding G [4/7]
ln(likelihood): -6698.8861 
((D:0.0684336,B:0.0466315):0.0180766,(A:0.0664848,G:0.275614):0.0180766);
Adding C [5/7]
ln(likelihood): -8822.6524 
(A:0.0339732,(G:0.272755,(D:0.0558206,(B:0.0204674,C:0.0126854):0.019264):0.0466092):0.0339732);
Adding F [6/7]
ln(likelihood): -5145.5561 
(((D:0.0539701,(B:0.0184886,C:0.0107066):0.0188791):0.035684,(A:0.0316351,F:0.0452437):0.0357126):0.149842,G:0.149842);
Adding E [7/7]
ln(likelihood): 87.933466 
((A:0.0319589,F:0.0450994):0.0176665,((G:0.201633,E:0.170947):0.0914083,(D:0.0536458,(B:0.0182828,C:0.0105008):0.0192347):0.037026):0.0176665);
Testing global rearrangements
A:0.0319589 B:0.0182828
-35587.353 87.933466
A:0.0319589 (B:0.0182828,C:0.0105008):0.0192347
-20089.879 87.933466
A:0.0319589 C:0.0105008
-35587.353 87.933466
(A:0.0319589,F:0.0450994):0.0176665 E:0.170947
-30227.514 87.933466
F:0.0450994 D:0.0536458
-21331.013 87.933466
F:0.0450994 (D:0.0536458,(B:0.0182828,C:0.0105008):0.0192347):0.037026
-5784.6187 87.933466
F:0.0450994 B:0.0182828
-38134.439 87.933466
F:0.0450994 (B:0.0182828,C:0.0105008):0.0192347
-21331.013 87.933466
F:0.0450994 C:0.0105008
-38134.439 87.933466
G:0.201633 F:0.0450994
-37011.19 87.933466
G:0.201633 D:0.0536458
-59143.439 87.933466
D:0.0536458 B:0.0182828
-3458.2417 87.933466
D:0.0536458 C:0.0105008
-3458.2417 87.933466
Targeting migration to vicinity of:
F E
D G
B A
A C

A B
A C
B A
C A
D G
D E
F G
F E
Trying A B
A:0.0319589 (B:0.0182828,C:0.0105008):0.0192347
1->2 0.055264656 162.672 87.933466
2->1 0.066250235 163.62875 162.672
p1->2 0.10015381 135.73663 163.62875
p2->1 0.09951704 149.91332 163.62875
A:0.0459428 B:0.0182828
1->2 0.01707634 99.155622 163.62875
2->1 0.063618705 163.87335 163.62875
p1->2 0.014303165 92.581338 163.87335
Trying A C
A:0.0319589 (C:0.00958466,B:0.0197406):0.0199169
A:0.0319589 C:0.00958466
1->2 0.017016266 99.05389 163.87335
2->1 0.063832618 163.83966 163.87335
p1->2 0.014202423 92.518724 163.87335
Trying B A
(B:0.0173732,C:0.0117222):0.019912 A:0.0319589
B:0.0173732 A:0.0319589
Trying C A
(B:0.0173732,C:0.0117222):0.019912 A:0.0319589
C:0.0117222 A:0.0319589
Trying D E
D:0.0532557 (G:0.201633,E:0.170947):0.0912414
1->2 0.38251916 135.73663 163.87335
2->1 0.048970304 135.73663 163.87335
p2->1 4.0751289e-05 87.933454 163.87335
D:0.0536517 E:0.170947
1->2 0.0025288016 88.193918 163.87335
2->1 0.02840524 135.73876 163.87335
p1->2 0.43028674 87.933476 163.87335
Trying D G
D:0.0536458 (G:0.132595,E:0.647862):0.160446
D:0.0536458 G:0.132595
1->2 0.023536913 108.76274 163.87335
2->1 0.026290987 136.87776 163.87335
p1->2 0.066609994 98.417761 163.87335
Trying F E
F:0.0450994 (E:0.163666,G:0.239203):0.0985701
1->2 0.078135423 149.91332 163.87335
2->1 0.051593695 149.91332 163.87335
p1->2 0.0023853751 87.933466 163.87335
p2->1 0.99919152 87.933466 163.87335
F:68997.8 E:0.170947
1->2 0.026589634 113.30753 163.87335
2->1 0.029793506 154.30445 163.87335
p1->2 0.11592083 98.417761 163.87335
Trying F G
F:0.0450994 (G:0.189093,E:0.232794):0.104068
F:0.0450994 G:0.189093
1->2 3.8719494e-07 87.933416 163.87335
2->1 0.03475105 149.9133 163.87335
p1->2 0.014303165 87.933466 163.87335
Migration added
Local updates around node 1: 0 ln(lk):163.87335 
Local updates around node 2: 0 ln(lk):163.87335 
Updates in migration position: 0 ln(lk):163.87335 
Switches in migration direction: 0 ln(lk):163.87335 
ln(likelihood):163.87335 
Targeting migration to vicinity of:
D G
B F
C F
D E

B F
C F
B F
C F
D G
D E
D G
D E
Trying B F
B:0.0183031 F:0.0405877
1->2 0.018634498 171.1603 163.87335
2->1 0.010159736 168.75269 171.1603
p1->2 0.014252706 166.98103 171.1603
p2->1 0.011221911 166.68483 171.1603
Trying C F
C:0.00975674 F:0.0405904
1->2 0.018569048 170.03743 171.1603
2->1 0.011286461 169.95573 171.1603
p2->1 0.011093902 167.78094 171.1603
C:0.0114122 (A:0.0411868,F:0.0405258):0.0198574
1->2 0.10177718 192.7519 171.1603
p1->2 0.69039536 192.73756 192.7519
Trying D E
D:0.0523283 E:0.170947
1->2 3.9084634e-07 163.87332 192.7519
2->1 0.023109306 192.75321 192.7519
p1->2 0.3970964 163.87335 192.75321
p2->1 0.10924691 192.73755 192.75321
D:0.0736986 (G:0.201633,E:0.170947):0.0904382
1->2 0.051593695 192.73755 192.75321
p2->1 4.0751289e-05 163.87334 192.75321
Trying D G
D:0.0533256 G:0.201633
1->2 0.021455709 180.65049 192.75321
2->1 0.020827172 193.98127 192.75321
p1->2 0.3957285 174.83615 193.98127
D:0.0533197 (E:0.111019,G:0.65086):0.149534
Migration added
Local updates around node 1: 0 ln(lk):193.98127 
Local updates around node 2: 0 ln(lk):193.98127 
Updates in migration position: 4 ln(lk):198.47657 
Switches in migration direction: 0 ln(lk):198.47657 
Local updates around node 1: 0 ln(lk):198.47657 
Local updates around node 2: 0 ln(lk):198.47657 
Switches in migration direction: 0 ln(lk):198.47657 
Updates in migration position: 0 ln(lk):198.47657 
Trying all local rearrangements
Local rearrangements: 0 ln(lk):198.47657 
ln(likelihood):198.48513 
Targeting migration to vicinity of:
A E
B G
G C
F E

A E
F E
B G
C G
A E
F E
G B
G C
Trying A E
A:0.0426758 E:0.170838
1->2 0.030577701 208.202 198.48513
2->1 0.0023224677 200.12131 208.202
p1->2 0.030512087 208.03102 208.202
p2->1 0.4687199 198.48686 208.202
(F:0,A:0.257664):0.0395919 E:0.170838
2->1 0.0070466255 208.1983 208.202
p2->1 0.99983346 198.48517 208.202
Trying B G
(C:0.0105008,B:0.0182828):0.0166385 G:0.201745
1->2 0.029523386 208.29554 208.202
2->1 0.0048566568 206.69836 208.29554
p1->2 0.067560464 208.34372 208.29554
p2->1 3.2783333e-05 198.48517 208.34372
B:0.0182828 G:0.201745
1->2 0.020754183 208.29125 208.34372
2->1 0.0014816187 199.75552 208.34372
p2->1 3.0968394e-07 198.48513 208.34372
Trying C G
C:0.0105008 G:0.201744
1->2 0.020754183 208.29126 208.34372
2->1 0.0014373558 199.66306 208.34372
p2->1 2.2626326e-05 198.48519 208.34372
(B:0.0182809,C:0.0105032):0.0166415 G:0.201744
Trying F E
F:0.0401707 E:0.170838
1->2 0.030577701 208.202 208.34372
2->1 0.0026963835 200.40874 208.34372
p2->1 0.0012983129 198.48513 208.34372
(A:0.0426251,F:0.0403259):0.0195303 E:0.170838
Trying G B
G:0.201744 (B:0.0182828,C:0.0105008):0.0166401
G:0.201744 B:0.0182828
Trying G C
G:0.201744 C:0.0105008
G:0.201744 (B:0.0182828,C:0.0105008):0.0166401
Migration added
Local updates around node 1: 0 ln(lk):208.34372 
Local updates around node 2: 0 ln(lk):208.34372 
Updates in migration position: 0 ln(lk):208.34372 
Switches in migration direction: 0 ln(lk):208.34372 
ln(likelihood):208.34478 
Targeting migration to vicinity of:
A E
G F
B G
G C

A E
F G
G F
E A
Trying A E
A:0.0427269 E:0.163522
1->2 0.0015361143 208.36313 208.34478
2->1 0.00019124725 208.35389 208.36313
p1->2 3.0968394e-07 208.34478 208.36313
p2->1 0.47162682 208.34481 208.36313
Trying E A
E:0.163522 A:0.26074
Trying F G
F:0 G:0.240064
1->2 0.0016040532 208.36263 208.36313
2->1 0.00018207697 208.35561 208.36313
p1->2 4.5484801e-05 208.34478 208.36313
p2->1 6.2255936e-07 208.34478 208.36313
Trying G F
G:0.240064 F:0.0401556
Migration added
Local updates around node 1: 0 ln(lk):208.36313 
Local updates around node 2: 0 ln(lk):208.36313 
Updates in migration position: 0 ln(lk):208.36313 
Switches in migration direction: 0 ln(lk):208.36313 
ln(likelihood):208.37122 
DONE.
