
TreeMix v. 1.13
$Revision: 231 $

npop:7 nsnp:18176136
Estimating covariance matrix in 10097 blocks of size 1800
SEED: 1607916735
Starting from:
((D:0.0720063,E:0.247831):0.0247767,C:0.0247767);
Adding F [4/7]
ln(likelihood): -31948.041 
((D:0.0820673,E:0.257628):0,(C:0.0524321,F:0.0927652):0);
Adding A [5/7]
ln(likelihood): -37357.996 
((D:0.0770453,E:0.2532):0,(C:0.0479999,(F:0.0495857,A:0.036268):0.0543074):0);
Adding B [6/7]
ln(likelihood): -11175.907 
((((C:0.0113987,B:0.0191808):0.0188787,D:0.0546623):0.0369192,(F:0.0462552,A:0.0326474):0.0348429):0.134146,E:0.134146);
Adding G [7/7]
ln(likelihood): -32.803685 
(((F:0.0450982,A:0.0319585):0.0353349,(E:0.170947,G:0.201633):0.0914088):0.0185138,((C:0.0105008,B:0.0182829):0.0192343,D:0.0536459):0.0185138);
Testing global rearrangements
F:0.0450982 E:0.170947
-76649.656 -32.803685
F:0.0450982 (E:0.170947,G:0.201633):0.0914088
-12309.512 -32.803685
F:0.0450982 G:0.201633
-76649.656 -32.803685
(F:0.0450982,A:0.0319585):0.0353349 C:0.0105008
-70423.604 -32.803685
(F:0.0450982,A:0.0319585):0.0353349 (C:0.0105008,B:0.0182829):0.0192343
-31639.784 -32.803685
(F:0.0450982,A:0.0319585):0.0353349 B:0.0182829
-70423.604 -32.803685
A:0.0319585 E:0.170947
-77553.194 -32.803685
A:0.0319585 (E:0.170947,G:0.201633):0.0914088
-12309.512 -32.803685
A:0.0319585 G:0.201633
-77553.194 -32.803685
C:0.0105008 F:0.0450982
-86065.708 -32.803685
C:0.0105008 (F:0.0450982,A:0.0319585):0.0353349
-68832.109 -32.803685
C:0.0105008 A:0.0319585
-86065.708 -32.803685
C:0.0105008 ((C:0.0105008,B:0.0182829):0.0192343,D:0.0536459):0.0185138
-7378.9029 -32.803685
D:0.0536459 F:0.0450982
-46009.968 -32.803685
D:0.0536459 (F:0.0450982,A:0.0319585):0.0353349
-31639.784 -32.803685
D:0.0536459 A:0.0319585
-46009.968 -32.803685
D:0.0536459 ((F:0.0450982,A:0.0319585):0.0353349,(E:0.170947,G:0.201633):0.0914088):0.0185138
-32.803685 -32.803685
D:0.0536459 E:0.170947
-129802.7 -32.803685
D:0.0536459 (E:0.170947,G:0.201633):0.0914088
-31639.784 -32.803685
D:0.0536459 G:0.201633
-129802.7 -32.803685
Targeting migration to vicinity of:
E F
D G
C A
A B

A C
A B
C A
B A
D E
D G
E F
G F
Trying A B
A:0.0319585 (C:0.0105008,B:0.0182829):0.0192343
1->2 0.055149082 123.15704 -32.803685
2->1 0.066113293 125.21224 123.15704
p1->2 0.3970964 66.998343 125.21224
p2->1 0.14470783 96.635852 125.21224
A:0.0530085 B:0.0182829
1->2 0.01707634 -9.4124462 125.21224
2->1 0.063618705 125.72022 125.21224
p1->2 0.014252706 -23.114589 125.72022
Trying A C
A:0.0319585 C:0.00958794
1->2 0.016979244 -9.6090342 125.72022
2->1 0.063832618 125.65103 125.72022
p1->2 0.014171434 -23.238138 125.72022
A:0.0319585 (B:0.0173754,C:0.0117195):0.0199101
Trying B A
(B:0.0173754,C:0.0117195):0.0199101 A:0.0319585
B:0.0173754 A:0.0319585
Trying C A
C:0.0117195 A:0.0319585
(B:0.0173754,C:0.0117195):0.0199101 A:0.0319585
Trying D E
D:0.0532567 E:0.170947
1->2 0.0025434764 -32.262356 125.72022
2->1 0.02840524 67.002667 125.72022
p1->2 0.25744852 -32.803685 125.72022
p2->1 0.044005293 66.998343 125.72022
D:0.061845 (G:0.201633,E:0.170947):0.0922779
1->2 0.051593695 66.998343 125.72022
p1->2 0.67892003 -32.803685 125.72022
p2->1 0.091048792 -32.803685 125.72022
Trying D G
D:0.0649315 (G:0.201633,E:0.170947):0.0914088
D:0.0649315 G:0.201633
1->2 0.023619452 10.758693 125.72022
2->1 0.026290987 69.388623 125.72022
p1->2 0.37380138 -10.97743 125.72022
Trying E F
E:0.11531 F:0.0450982
1->2 0.029793506 105.76418 125.72022
2->1 0.026682585 20.182403 125.72022
p1->2 0.4118498 96.635852 125.72022
p2->1 0.25299853 -10.97743 125.72022
(G:0.169995,E:0.348378):0.123166 F:0.0450982
2->1 0.25379726 96.635852 125.72022
p1->2 4.0751289e-05 -32.803712 125.72022
Trying G F
(G:0.201633,E:0.170947):0.0914088 F:0.0451033
G:0.201633 F:0.0451033
1->2 0.03475105 96.635792 125.72022
2->1 3.9084634e-07 -32.803789 125.72022
p2->1 0.43606377 -32.803685 125.72022
Migration added
Local updates around node 1: 0 ln(lk):125.72022 
Local updates around node 2: 0 ln(lk):125.72022 
Updates in migration position: 0 ln(lk):125.72022 
Switches in migration direction: 0 ln(lk):125.72022 
ln(likelihood):125.72022 
Targeting migration to vicinity of:
D G
F B
C F
E D

C F
B F
D E
D G
E D
G D
F C
F B
Trying B F
B:0.0183032 F:0.0405863
1->2 0.018634498 140.94001 125.72022
2->1 0.010159736 135.90956 140.94001
p1->2 0.014252706 132.23075 140.94001
p2->1 0.011182198 131.58772 140.94001
Trying C F
C:0.00975937 F:0.0405891
1->2 0.018569048 138.59566 140.94001
2->1 0.011261761 138.41001 140.94001
p2->1 0.011093902 133.86712 140.94001
C:0.0114122 (A:0.0411866,F:0.0405244):0.0397169
1->2 0.10177718 186.02859 140.94001
p1->2 0.69039536 185.99875 186.02859
p2->1 0.00055847154 125.73538 186.02859
Trying D E
D:0.0533088 E:0.170947
1->2 3.8719494e-07 125.72015 186.02859
2->1 0.023109306 186.0312 186.02859
p1->2 0.033936135 125.72023 186.0312
p2->1 0.022640204 185.99875 186.0312
D:0.0578096 (G:0.201633,E:0.170947):0.0904387
1->2 0.15246005 185.99875 186.0312
p1->2 0.0053747296 125.72023 186.0312
p2->1 0.33671704 125.72023 186.0312
Trying D G
D:0.150714 G:0.201633
1->2 0.021455709 160.78406 186.0312
2->1 0.020827172 188.60056 186.0312
p1->2 0.65312707 148.53396 188.60056
D:0.0533198 (E:5.59182e-05,G:2.16587):0.260497
Trying E D
E:5.59182e-05 D:0.0533198
(E:5.59182e-05,G:2.16587):0.260497 D:0.0533198
Trying F B
F:0.0405863 B:0.0183032
Trying F C
F:0.0405863 C:0.0104667
(A:0.0411338,F:0.0405863):0.0389002 C:0.0104667
Trying G D
G:2.16587 D:0.0533198
(E:5.59182e-05,G:2.16587):0.260497 D:0.0533198
Migration added
Local updates around node 1: 0 ln(lk):188.60056 
Local updates around node 2: 0 ln(lk):188.60056 
Updates in migration position: 4 ln(lk):198.03486 
Switches in migration direction: 0 ln(lk):198.03486 
Local updates around node 1: 0 ln(lk):198.03486 
Local updates around node 2: 0 ln(lk):198.03486 
Switches in migration direction: 0 ln(lk):198.03486 
Updates in migration position: 0 ln(lk):198.03486 
Trying all local rearrangements
Local rearrangements: 0 ln(lk):198.03486 
ln(likelihood):198.05278 
Targeting migration to vicinity of:
E A
B G
C G
E F

C G
B G
C G
B G
E F
E A
E F
E A
Trying B G
B:0.0182829 G:0.201744
1->2 0.020754183 218.44179 198.05278
2->1 0.0014816187 200.68513 218.44179
p1->2 0.029420836 218.45257 218.44179
p2->1 3.0968394e-07 198.05278 218.45257
(C:0.0105008,B:0.018283):0.0166451 G:0.201744
2->1 0.0048009045 215.07702 218.45257
p1->2 0.069587864 218.56397 218.45257
p2->1 3.0968394e-07 198.05278 218.56397
Trying C G
(C:0.0105008,B:0.0182829):0.0166451 G:0.201744
C:0.0105008 G:0.201744
1->2 0.020754183 218.4418 218.56397
2->1 0.0014322192 200.49582 218.56397
p2->1 1.506132e-05 198.05283 218.56397
Trying E A
E:0.170837 A:0.0426749
1->2 0.0023141752 201.43321 218.56397
2->1 0.030577701 218.25093 218.56397
p1->2 0.00053671375 198.05259 218.56397
p2->1 0.030512087 217.90828 218.56397
E:0.185279 (F:0.0402452,A:0.0426188):0.0396264
1->2 0.0070466255 218.24263 218.56397
p2->1 0.012027409 198.05541 218.56397
Trying E F
E:0.176141 (F:0.0401712,A:0.042674):0.0390142
E:0.176141 F:0.0401712
1->2 0.0026963835 202.04991 218.56397
2->1 0.030577701 218.25093 218.56397
p1->2 4.0751289e-05 198.05278 218.56397
Migration added
Local updates around node 1: 0 ln(lk):218.56397 
Local updates around node 2: 0 ln(lk):218.56397 
Updates in migration position: 0 ln(lk):218.56397 
Switches in migration direction: 0 ln(lk):218.56397 
ln(likelihood):218.56615 
Targeting migration to vicinity of:
E A
F G
B G
C G

E A
G F
F G
A E
Trying A E
A:0.0427265 E:0.163302
1->2 0.0015416229 218.60448 218.56615
2->1 0.00019124725 218.58523 218.60448
p1->2 3.0968394e-07 218.56615 218.60448
p2->1 0.00083875185 218.56622 218.60448
Trying E A
E:0.163302 A:0.0428412
Trying F G
F:0.0401176 G:0.241362
1->2 0.0016040532 218.60319 218.60448
2->1 0.00018037626 218.58855 218.60448
p1->2 3.6306955e-07 218.56615 218.60448
p2->1 0.099995285 218.56615 218.60448
Trying G F
G:0.241362 F:0.0543176
Migration added
Local updates around node 1: 0 ln(lk):218.60448 
Local updates around node 2: 0 ln(lk):218.60448 
Updates in migration position: 0 ln(lk):218.60448 
Switches in migration direction: 0 ln(lk):218.60448 
ln(likelihood):218.62129 
Targeting migration to vicinity of:
F G
C A
A B
D F

A C
A B
C A
B A
C A
B A
F G
Trying A B
A:0.0429172 B:0.0182829
1->2 4.8660759e-06 218.62129 218.62129
2->1 3.693641e-05 218.62134 218.62129
p1->2 3.0968394e-07 218.62129 218.62134
p2->1 5.1730101e-05 218.62134 218.62134
A:0.0429255 (C:0.0105008,B:0.0182829):0.016684
1->2 2.4963261e-05 218.62131 218.62134
p1->2 3.0968394e-07 218.62129 218.62134
p2->1 0.00013864962 218.62134 218.62134
Trying A C
A:0.0429373 (C:0.0105008,B:0.0182829):0.016684
A:0.0429373 C:0.0105008
1->2 4.8660759e-06 218.62129 218.62134
2->1 3.693641e-05 218.62134 218.62134
p1->2 3.0968394e-07 218.62129 218.62134
Trying B A
B:0.0182829 A:0.0429172
(B:0.0182829,C:0.0105008):0.0166837 A:0.0429172
Trying C A
(B:0.0182829,C:0.0105008):0.0166837 A:0.0429172
C:0.0105008 A:0.0429172
Trying F G
F:0.0400614 G:0.240975
1->2 7.1771712e-05 218.62135 218.62134
2->1 7.6784954e-06 218.62132 218.62135
p1->2 2.5935567e-06 218.62129 218.62135
p2->1 4.0751289e-05 218.62131 218.62135
Migration added
Local updates around node 1: 0 ln(lk):218.62135 
Local updates around node 2: 0 ln(lk):218.62135 
Updates in migration position: 0 ln(lk):218.62135 
Switches in migration direction: 0 ln(lk):218.62135 
ln(likelihood):218.62136 
DONE.
