
TreeMix v. 1.13
$Revision: 231 $

npop:7 nsnp:18176136
Estimating covariance matrix in 9088 blocks of size 2000
SEED: 1607916592
Starting from:
((D:0.0515583,B:0.0284474):0.0629421,A:0.0629421);
Adding G [4/7]
ln(likelihood): -12657.271 
((D:0.0684335,B:0.0466316):0.018076,(A:0.0664836,G:0.275615):0.018076);
Adding C [5/7]
ln(likelihood): -16720.536 
(A:0.0339723,(G:0.272755,(D:0.0558206,(B:0.0204675,C:0.0126857):0.0192642):0.0466082):0.0339723);
Adding F [6/7]
ln(likelihood): -9804.606 
(((D:0.0539701,(B:0.0184887,C:0.0107068):0.0188793):0.035683,(A:0.0316348,F:0.0452453):0.035711):0.149843,G:0.149843);
Adding E [7/7]
ln(likelihood): -9.6439125 
(((A:0.0319586,F:0.045101):0.0353316,(G:0.201633,E:0.170945):0.0914088):0.0185125,(D:0.0536457,(B:0.0182829,C:0.010501):0.0192348):0.0185125);
Testing global rearrangements
A:0.0319586 ((A:0.0319586,F:0.045101):0.0353316,(G:0.201633,E:0.170945):0.0914088):0.0185125
-11077.99 -9.6439125
A:0.0319586 B:0.0182829
-67013.266 -9.6439125
A:0.0319586 (B:0.0182829,C:0.010501):0.0192348
-38071.708 -9.6439125
A:0.0319586 C:0.010501
-67013.266 -9.6439125
(A:0.0319586,F:0.045101):0.0353316 E:0.170945
-57064.677 -9.6439125
F:0.045101 ((A:0.0319586,F:0.045101):0.0353316,(G:0.201633,E:0.170945):0.0914088):0.0185125
-11077.99 -9.6439125
F:0.045101 D:0.0536457
-40406.742 -9.6439125
F:0.045101 (D:0.0536457,(B:0.0182829,C:0.010501):0.0192348):0.0185125
-11077.99 -9.6439125
F:0.045101 B:0.0182829
-71793.139 -9.6439125
F:0.045101 (B:0.0182829,C:0.010501):0.0192348
-40406.742 -9.6439125
F:0.045101 C:0.010501
-71793.139 -9.6439125
G:0.201633 F:0.045101
-69848.633 -9.6439125
G:0.201633 D:0.0536457
-111349.17 -9.6439125
D:0.0536457 B:0.0182829
-6643.5619 -9.6439125
D:0.0536457 C:0.010501
-6643.5619 -9.6439125
Targeting migration to vicinity of:
F E
D G
A C
B A

A B
A C
B A
C A
D G
D E
F G
F E
Trying A B
A:0.0319586 (B:0.0182829,C:0.010501):0.0192348
1->2 0.055149082 131.02471 -9.6439125
2->1 0.066250235 132.95836 131.02471
p1->2 0.358854 80.337426 132.95836
p2->1 0.46016225 107.19154 132.95836
A:0.169556 B:0.0182829
1->2 0.01707634 11.461847 132.95836
2->1 0.063618705 133.41458 132.95836
p1->2 0.014303165 -0.90464378 133.41458
Trying A C
A:0.0319586 (C:0.0095849,B:0.0197407):0.019917
A:0.0319586 C:0.0095849
1->2 0.017016266 11.280788 133.41458
2->1 0.063832618 133.35222 133.41458
p1->2 0.014171434 -1.0177272 133.41458
Trying B A
(B:0.0173753,C:0.0117197):0.0199106 A:0.0319586
B:0.0173753 A:0.0319586
Trying C A
(B:0.0173753,C:0.0117197):0.0199106 A:0.0319586
C:0.0117197 A:0.0319586
Trying D E
D:0.0532566 (G:0.201633,E:0.170945):0.0912422
1->2 0.099995285 80.337426 133.41458
2->1 0.091048792 80.337426 133.41458
p1->2 0.099995285 -9.6439125 133.41458
p2->1 0.00012879728 -9.6439125 133.41458
D:0.0536596 E:0.170945
1->2 0.0025288016 -9.1569602 133.41458
2->1 0.02840524 80.341398 133.41458
p1->2 0.11543796 -9.6439125 133.41458
Trying D G
D:0.0536457 (G:0.189704,E:0.23196):0.103338
D:0.0536457 G:0.189704
1->2 0.023536913 29.631764 133.41458
2->1 0.026290987 82.493292 133.41458
p1->2 0.26193094 10.045386 133.41458
Trying F E
F:0.045101 (E:0.137579,G:0.415121):0.124656
1->2 0.099838786 107.19154 133.41458
2->1 0.39359215 107.19154 133.41458
p2->1 4.0751289e-05 -9.643937 133.41458
F:0.0451061 E:0.170945
1->2 0.026682585 38.145999 133.41458
2->1 0.029793506 115.42829 133.41458
p1->2 0.099995285 10.045386 133.41458
Trying F G
F:0.045101 (G:0.190934,E:0.222841):0.102227
F:0.045101 G:0.190934
1->2 3.9084634e-07 -9.6440063 133.41458
2->1 0.03475105 107.19155 133.41458
p1->2 0.42122295 -9.6439312 133.41458
Migration added
Local updates around node 1: 0 ln(lk):133.41458 
Local updates around node 2: 0 ln(lk):133.41458 
Updates in migration position: 0 ln(lk):133.41458 
Switches in migration direction: 0 ln(lk):133.41458 
ln(likelihood):133.41458 
Targeting migration to vicinity of:
D G
B F
C F
D E

B F
C F
B F
C F
D G
D E
D G
D E
Trying B F
B:0.0183032 F:0.0405894
1->2 0.018569048 147.11756 133.41458
2->1 0.010159736 142.60112 147.11756
p1->2 0.014252706 139.26669 147.11756
p2->1 0.011221911 138.70573 147.11756
Trying C F
C:0.00975697 (A:0.0411286,F:0.0405921):0.0396616
1->2 0.10177718 187.78141 147.11756
2->1 0.011093902 140.76195 187.78141
p1->2 0.69039536 187.75443 187.78141
p2->1 0.00055847154 133.4283 187.78141
C:0.0105061 F:0.0405884
1->2 0.018569048 145.00343 187.78141
2->1 0.011261761 144.85646 187.78141
Trying D E
D:0.0529065 E:0.170945
1->2 3.8719494e-07 133.41452 187.78141
2->1 0.023109306 187.78376 187.78141
p1->2 0.099995285 133.41458 187.78376
p2->1 0.022640204 187.75443 187.78376
D:0.057809 (G:0.201633,E:0.170945):0.0904386
1->2 0.051593695 187.75443 187.78376
p1->2 0.0053747296 133.41458 187.78376
p2->1 0.33671704 133.41458 187.78376
Trying D G
D:0.150714 (G:0.201633,E:0.170945):0.0897449
D:0.150714 G:0.201633
1->2 0.021455709 165.03123 187.78376
2->1 0.020827172 190.10149 187.78376
p1->2 0.65312707 153.99754 190.10149
Migration added
Local updates around node 1: 0 ln(lk):190.10149 
Local updates around node 2: 0 ln(lk):190.10149 
Updates in migration position: 4 ln(lk):198.61253 
Switches in migration direction: 0 ln(lk):198.61253 
Local updates around node 1: 0 ln(lk):198.61253 
Local updates around node 2: 0 ln(lk):198.61253 
Switches in migration direction: 0 ln(lk):198.61253 
Updates in migration position: 0 ln(lk):198.61253 
Trying all local rearrangements
Local rearrangements: 0 ln(lk):198.61253 
ln(likelihood):198.62805 
Targeting migration to vicinity of:
A E
B G
G C
F E

A E
F E
B G
C G
A E
F E
G B
G C
Trying A E
(A:0.0426749,F:0.0401728):0.0390091 E:0.170836
1->2 0.030512087 216.5398 198.62805
2->1 0.0070466255 216.84528 216.5398
p1->2 0.012027409 198.63046 216.84528
A:0.0426739 E:0.176139
1->2 0.030577701 216.85278 216.84528
2->1 0.0023141752 201.67276 216.85278
p2->1 0.00082612026 198.62791 216.85278
Trying B G
(C:0.010501,B:0.0182829):0.0166449 G:0.201745
1->2 0.029420836 217.03482 216.85278
2->1 0.0048287008 213.99199 217.03482
p1->2 0.069587864 217.1355 217.03482
p2->1 3.0968394e-07 198.62805 217.1355
B:0.0182829 G:0.201745
1->2 0.020754183 217.02531 217.1355
2->1 0.0014816187 201.00394 217.1355
p2->1 3.0968394e-07 198.62805 217.1355
Trying C G
(C:0.010501,B:0.0182829):0.0166453 G:0.201745
C:0.010501 G:0.201745
1->2 0.020754183 217.02531 217.1355
2->1 0.0014373558 200.83272 217.1355
p2->1 1.506132e-05 198.6281 217.1355
Trying F E
(F:0.0401729,A:0.0426749):0.0390085 E:0.170836
F:0.0401729 E:0.170836
1->2 0.030577701 216.85278 217.1355
2->1 0.0026963835 202.24391 217.1355
p2->1 4.0751289e-05 198.62805 217.1355
Trying G B
G:0.201745 (B:0.0182829,C:0.010501):0.0166453
G:0.201745 B:0.0182829
Trying G C
G:0.201745 (B:0.0182829,C:0.010501):0.0166453
G:0.201745 C:0.010501
Migration added
Local updates around node 1: 0 ln(lk):217.1355 
Local updates around node 2: 0 ln(lk):217.1355 
Updates in migration position: 0 ln(lk):217.1355 
Switches in migration direction: 0 ln(lk):217.1355 
ln(likelihood):217.1377 
Targeting migration to vicinity of:
A E
G F
B G
G C

A E
F G
G F
E A
Trying A E
A:0.0427264 E:0.163306
1->2 0.0015272426 217.17175 217.1377
2->1 0.00018836523 217.15436 217.17175
p1->2 0.00013324572 217.1377 217.17175
p2->1 0.016859977 217.13772 217.17175
Trying E A
E:0.163306 A:0.045061
Trying F G
F:0.0394408 G:0.24133
1->2 0.0016191556 217.1717 217.17175
2->1 0.0001837937 217.15852 217.17175
p1->2 6.0296406e-05 217.1377 217.17175
p2->1 0.10146535 217.1377 217.17175
Trying G F
G:0.24133 F:0.0545687
Migration added
Local updates around node 1: 0 ln(lk):217.17175 
Local updates around node 2: 0 ln(lk):217.17175 
Updates in migration position: 0 ln(lk):217.17175 
Switches in migration direction: 0 ln(lk):217.17175 
ln(likelihood):217.18744 
DONE.
