
TreeMix v. 1.13
$Revision: 231 $

npop:7 nsnp:18176136
Estimating covariance matrix in 9088 blocks of size 2000
SEED: 1607916309
Starting from:
(A:0.0629421,(B:0.0284474,D:0.0515583):0.0629421);
Adding F [4/7]
ln(likelihood): -21916.102 
((B:0.0335699,D:0.056073):0.0415916,(A:0.043922,F:0.0577518):0.0415916);
Adding E [5/7]
ln(likelihood): -14228.436 
((B:0.040807,D:0.0620697):0.0175186,((A:0.035956,F:0.0492763):0.0424975,E:0.246984):0.0175186);
Adding C [6/7]
ln(likelihood): -10069.777 
(E:0.134145,((A:0.0326475,F:0.046258):0.0348396,(D:0.0546621,(B:0.0191807,C:0.0113989):0.0188793):0.0369166):0.134145);
Adding G [7/7]
ln(likelihood): -9.6439125 
(((D:0.0536457,(B:0.0182829,C:0.010501):0.0192348):0.037025,(E:0.170945,G:0.201633):0.0914088):0.0176658,(A:0.0319586,F:0.045101):0.0176658);
Testing global rearrangements
D:0.0536457 E:0.170945
-117056.87 -9.6439125
D:0.0536457 (E:0.170945,G:0.201633):0.0914088
-28513.462 -9.6439125
D:0.0536457 G:0.201633
-117056.87 -9.6439125
(D:0.0536457,(B:0.0182829,C:0.010501):0.0192348):0.037025 A:0.0319586
-11077.99 -9.6439125
B:0.0182829 (D:0.0536457,(B:0.0182829,C:0.010501):0.0192348):0.037025
-6643.5619 -9.6439125
B:0.0182829 E:0.170945
-177582.09 -9.6439125
B:0.0182829 (E:0.170945,G:0.201633):0.0914088
-62212.234 -9.6439125
B:0.0182829 G:0.201633
-177582.09 -9.6439125
E:0.170945 F:0.045101
-69848.633 -9.6439125
A:0.0319586 D:0.0536457
-38071.708 -9.6439125
A:0.0319586 (D:0.0536457,(B:0.0182829,C:0.010501):0.0192348):0.037025
-11077.99 -9.6439125
A:0.0319586 B:0.0182829
-67013.266 -9.6439125
A:0.0319586 (B:0.0182829,C:0.010501):0.0192348
-38071.708 -9.6439125
A:0.0319586 C:0.010501
-67013.266 -9.6439125
(A:0.0319586,F:0.045101):0.0176658 E:0.170945
-57064.677 -9.6439125
F:0.045101 D:0.0536457
-40406.742 -9.6439125
F:0.045101 (D:0.0536457,(B:0.0182829,C:0.010501):0.0192348):0.037025
-11077.99 -9.6439125
F:0.045101 B:0.0182829
-71793.139 -9.6439125
F:0.045101 (B:0.0182829,C:0.010501):0.0192348
-40406.742 -9.6439125
F:0.045101 C:0.010501
-71793.139 -9.6439125
Targeting migration to vicinity of:
F E
D G
A C
A B

A B
A C
A B
A C
D E
D G
F E
F G
Trying A B
A:0.0319586 B:0.0182829
1->2 0.01707634 11.461854 -9.6439125
2->1 0.063618705 133.41458 11.461854
p1->2 0.014303165 -0.90464376 133.41458
p2->1 0.066250235 132.95836 133.41458
A:0.0415318 (C:0.010501,B:0.0182829):0.0195637
1->2 0.055149082 131.02471 133.41458
p1->2 0.17967483 80.337426 133.41458
p2->1 0.4117752 107.19154 133.41458
Trying A C
A:0.138093 (C:0.010501,B:0.0182829):0.0192348
A:0.138093 C:0.010501
1->2 0.017016266 11.28078 133.41458
2->1 0.063832618 133.35222 133.41458
p1->2 0.014171434 -1.0177272 133.41458
Trying D E
D:0.0532566 E:0.170945
1->2 0.0025142115 -9.157005 133.41458
2->1 0.02840524 80.341398 133.41458
p1->2 0.42054057 -9.6439125 133.41458
p2->1 0.048598293 80.337426 133.41458
D:0.0626242 (G:0.201633,E:0.170945):0.0922778
1->2 0.099995285 80.337426 133.41458
p2->1 4.0751289e-05 -9.6439346 133.41458
Trying D G
D:0.0536516 G:0.201633
1->2 0.023619452 29.631765 133.41458
2->1 0.026290987 82.493292 133.41458
p1->2 0.17986722 10.045386 133.41458
D:0.0536457 (E:0.150052,G:0.325122):0.112183
Trying F E
F:0.045101 E:0.150052
1->2 0.026682585 38.145986 133.41458
2->1 0.029793506 115.42829 133.41458
p1->2 0.11500755 10.045386 133.41458
p2->1 0.065536126 107.19154 133.41458
F:0.0556601 (G:0.201633,E:0.170945):0.0930252
1->2 0.24590679 107.19154 133.41458
p1->2 0.051593695 -9.6439125 133.41458
p2->1 2.622074e-05 -9.6439125 133.41458
Trying F G
F:0.0451033 G:0.201633
1->2 3.8719494e-07 -9.6440042 133.41458
2->1 0.03475105 107.19155 133.41458
p1->2 0.00083092251 -9.6439125 133.41458
F:0.045101 (E:0.170869,G:0.202045):0.0914848
Migration added
Local updates around node 1: 0 ln(lk):133.41458 
Local updates around node 2: 0 ln(lk):133.41458 
Updates in migration position: 0 ln(lk):133.41458 
Switches in migration direction: 0 ln(lk):133.41458 
ln(likelihood):133.41458 
Targeting migration to vicinity of:
D G
B F
F C
D E

B F
C F
D E
D G
D E
D G
F B
F C
Trying B F
B:0.0183032 F:0.0405894
1->2 0.018634498 147.11756 133.41458
2->1 0.010159736 142.60112 147.11756
p1->2 0.014252706 139.26668 147.11756
p2->1 0.011221911 138.70573 147.11756
Trying C F
C:0.00975697 (A:0.0411286,F:0.0405921):0.0198308
1->2 0.10177718 187.78141 147.11756
2->1 0.011093902 140.76196 187.78141
p1->2 0.69039536 187.75443 187.78141
C:0.0105328 F:0.0406527
1->2 0.018569048 145.00342 187.78141
2->1 0.011261761 144.85646 187.78141
Trying D E
D:0.0529065 E:0.170945
1->2 3.9084634e-07 133.41452 187.78141
2->1 0.023109306 187.78376 187.78141
p1->2 0.43028674 133.4146 187.78376
p2->1 0.051593695 187.75443 187.78376
D:0.062602 (G:0.201633,E:0.170945):0.0904386
1->2 0.3970964 187.75443 187.78376
p2->1 4.0751289e-05 133.41457 187.78376
Trying D G
D:0.0533256 (G:0.201633,E:0.170945):0.0897449
D:0.0533256 G:0.201633
1->2 0.021455709 165.03124 187.78376
2->1 0.020827172 190.10149 187.78376
p1->2 0.22138484 153.99754 190.10149
Trying F B
F:0.0405894 B:0.0183032
Trying F C
(A:0.0411337,F:0.0405894):0.0194483 C:0.0104669
F:0.0405894 C:0.0104669
Migration added
Local updates around node 1: 0 ln(lk):190.10149 
Local updates around node 2: 0 ln(lk):190.10149 
Updates in migration position: 4 ln(lk):198.61253 
Switches in migration direction: 0 ln(lk):198.61253 
Local updates around node 1: 0 ln(lk):198.61253 
Local updates around node 2: 0 ln(lk):198.61253 
Switches in migration direction: 0 ln(lk):198.61253 
Updates in migration position: 0 ln(lk):198.61253 
Trying all local rearrangements
Local rearrangements: 0 ln(lk):198.61253 
ln(likelihood):198.62805 
DONE.
