
TreeMix v. 1.13
$Revision: 231 $

npop:7 nsnp:18176136
Estimating covariance matrix in 5345 blocks of size 3400
SEED: 1607916309
Starting from:
(A:0.0629475,(B:0.0284456,D:0.0515576):0.0629475);
Adding F [4/7]
ln(likelihood): -12939.087 
((B:0.0335671,D:0.0560714):0.041598,(A:0.0439223,F:0.057747):0.041598);
Adding E [5/7]
ln(likelihood): -8392.8993 
((B:0.0408055,D:0.0620692):0.0175214,((A:0.035955,F:0.0492706):0.0425047,E:0.246987):0.0175214);
Adding C [6/7]
ln(likelihood): -5926.1111 
(E:0.134147,((A:0.0326466,F:0.0462523):0.0348467,(D:0.0546617,(B:0.0191802,C:0.0113981):0.0188781):0.0369222):0.134147);
Adding G [7/7]
ln(likelihood): 75.521631 
((A:0.0319576,F:0.0450955):0.0176694,((E:0.170948,G:0.201633):0.0914091,(D:0.0536453,(B:0.0182824,C:0.0105003):0.0192337):0.0370306):0.0176694);
Testing global rearrangements
A:0.0319576 B:0.0182824
-39742.878 75.521631
A:0.0319576 (B:0.0182824,C:0.0105003):0.0192337
-22462.447 75.521631
A:0.0319576 C:0.0105003
-39742.878 75.521631
(A:0.0319576,F:0.0450955):0.0176694 E:0.170948
-33750.922 75.521631
F:0.0450955 D:0.0536453
-23847.269 75.521631
F:0.0450955 (D:0.0536453,(B:0.0182824,C:0.0105003):0.0192337):0.0370306
-6482.2598 75.521631
F:0.0450955 B:0.0182824
-42583.845 75.521631
F:0.0450955 (B:0.0182824,C:0.0105003):0.0192337
-23847.269 75.521631
F:0.0450955 C:0.0105003
-42583.845 75.521631
E:0.170948 A:0.0319576
-41326.051 75.521631
E:0.170948 (A:0.0319576,F:0.0450955):0.0176694
-33750.922 75.521631
E:0.170948 F:0.0450955
-41326.051 75.521631
E:0.170948 D:0.0536453
-66017.467 75.521631
D:0.0536453 B:0.0182824
-3879.177 75.521631
D:0.0536453 C:0.0105003
-3879.177 75.521631
Targeting migration to vicinity of:
F E
D G
A B
A C

A B
A C
A B
A C
D E
D G
F E
F G
Trying A B
A:0.0319576 (B:0.0182824,C:0.0105003):0.0192337
1->2 0.055264656 158.95394 75.521631
2->1 0.066113293 159.94481 158.95394
p1->2 0.34539771 128.9064 159.94481
p2->1 0.099995285 144.62961 159.94481
A:0.0460097 B:0.0182824
1->2 0.01707634 88.044501 159.94481
2->1 0.063618705 160.22029 159.94481
p1->2 0.014303165 80.710055 160.22029
Trying A C
A:0.0319576 C:0.00958407
1->2 0.017016266 87.930736 160.22029
2->1 0.063832618 160.18244 160.22029
p1->2 0.014202423 80.640119 160.22029
A:0.0319576 (B:0.0173727,C:0.0117218):0.0199111
Trying D E
D:0.0532552 E:0.170948
1->2 0.0025288016 75.812444 160.22029
2->1 0.028504353 128.90872 160.22029
p1->2 0.3970964 75.521631 160.22029
p2->1 0.050470028 128.9064 160.22029
D:0.062946 (G:0.201633,E:0.170948):0.0922785
1->2 0.051593695 128.9064 160.22029
p2->1 4.0751289e-05 75.521618 160.22029
Trying D G
D:0.0536512 (G:0.201633,E:0.170948):0.0914091
D:0.0536512 G:0.201633
1->2 0.023536913 98.78452 160.22029
2->1 0.026290987 130.18085 160.22029
p1->2 0.066695184 87.222671 160.22029
Trying F E
F:0.0450955 E:0.163658
1->2 0.026589634 103.83965 160.22029
2->1 0.029793506 149.52894 160.22029
p1->2 0.099995285 87.222671 160.22029
p2->1 0.3970964 144.62961 160.22029
F:0.164458 (G:0.201633,E:0.170948):0.0930245
1->2 0.10342383 144.62961 160.22029
p1->2 0.048598293 75.521631 160.22029
p2->1 0.10015381 75.521631 160.22029
Trying F G
F:0.0556925 (G:0.201633,E:0.170948):0.0914091
F:0.0556925 G:0.201633
1->2 3.8719494e-07 75.521575 160.22029
2->1 0.03475105 144.62951 160.22029
p1->2 0.066695184 75.521631 160.22029
Migration added
Local updates around node 1: 0 ln(lk):160.22029 
Local updates around node 2: 0 ln(lk):160.22029 
Updates in migration position: 0 ln(lk):160.22029 
Switches in migration direction: 0 ln(lk):160.22029 
ln(likelihood):160.22029 
Targeting migration to vicinity of:
D G
B F
F C
D E

B F
C F
D E
D G
D E
D G
F B
F C
Trying B F
B:0.0183027 F:0.0405832
1->2 0.018634498 168.3764 160.22029
2->1 0.010159736 165.67035 168.3764
p1->2 0.014252706 163.70603 168.3764
p2->1 0.011221911 163.35976 168.3764
Trying C F
C:0.00975616 F:0.0405859
1->2 0.018634498 167.12214 168.3764
2->1 0.011286461 167.01208 168.3764
p2->1 0.011093902 164.58235 168.3764
C:0.0114117 (A:0.041186,F:0.0405212):0.0198606
1->2 0.10197032 192.47985 168.3764
p1->2 0.69039536 192.46387 192.47985
Trying D E
D:0.0523274 E:0.170948
1->2 3.9084634e-07 160.22025 192.47985
2->1 0.023109306 192.48129 192.47985
p1->2 0.43028674 160.2203 192.48129
p2->1 0.053587563 192.46386 192.48129
D:0.0629503 (G:0.201633,E:0.170948):0.0904393
1->2 0.3970964 192.46386 192.48129
p2->1 4.0751289e-05 160.22028 192.48129
Trying D G
D:0.0533252 G:0.201633
1->2 0.021455709 178.95646 192.48129
2->1 0.020827172 193.85253 192.48129
p1->2 0.28260693 172.45331 193.85253
D:0.0533192 (E:0.134599,G:0.442191):0.125956
Trying F B
F:0.0405832 B:0.0183027
Trying F C
F:0.0405832 C:0.0104661
(A:0.0411332,F:0.0405832):0.0194522 C:0.0104661
Migration added
Local updates around node 1: 0 ln(lk):193.85253 
Local updates around node 2: 0 ln(lk):193.85253 
Updates in migration position: 4 ln(lk):198.86307 
Switches in migration direction: 0 ln(lk):198.86307 
Local updates around node 1: 0 ln(lk):198.86307 
Local updates around node 2: 0 ln(lk):198.86307 
Switches in migration direction: 0 ln(lk):198.86307 
Updates in migration position: 0 ln(lk):198.86307 
Trying all local rearrangements
Local rearrangements: 0 ln(lk):198.86307 
ln(likelihood):198.87321 
DONE.
