
TreeMix v. 1.13
$Revision: 231 $

npop:7 nsnp:18176136
Estimating covariance matrix in 15146 blocks of size 1200
SEED: 1607916169
Starting from:
((D:0.047852,C:0.0169064):0.0704316,F:0.0704316);
Adding G [4/7]
ln(likelihood): -18615.158 
((D:0.0676102,C:0.0379756):0.0195918,(F:0.0786175,G:0.273919):0.0195918);
Adding B [5/7]
ln(likelihood): -33320.113 
(F:0.040556,(G:0.271125,(D:0.055031,(C:0.0118764,B:0.0196585):0.0192054):0.0470871):0.040556);
Adding A [6/7]
ln(likelihood): -16202.274 
(((D:0.05397,(C:0.0107067,B:0.0184888):0.0188792):0.0356843,(F:0.0452433,A:0.031635):0.035713):0.149842,G:0.149842);
Adding E [7/7]
ln(likelihood): -149.12888 
(((D:0.0536457,(C:0.0105008,B:0.0182829):0.0192348):0.0370264,(G:0.201633,E:0.170947):0.0914085):0.0176668,(F:0.045099,A:0.0319589):0.0176668);
Testing global rearrangements
D:0.0536457 C:0.0105008
-10972.588 -149.12888
D:0.0536457 G:0.201633
-192519.52 -149.12888
D:0.0536457 (G:0.201633,E:0.170947):0.0914085
-47034.085 -149.12888
D:0.0536457 E:0.170947
-192519.52 -149.12888
(D:0.0536457,(C:0.0105008,B:0.0182829):0.0192348):0.0370264 A:0.0319589
-18390.937 -149.12888
C:0.0105008 D:0.0536457
-10972.588 -149.12888
C:0.0105008 G:0.201633
-287918.8 -149.12888
C:0.0105008 (G:0.201633,E:0.170947):0.0914085
-101609.41 -149.12888
C:0.0105008 E:0.170947
-287918.8 -149.12888
G:0.201633 F:0.045099
-115057.44 -149.12888
F:0.045099 D:0.0536457
-66789.936 -149.12888
F:0.045099 (D:0.0536457,(C:0.0105008,B:0.0182829):0.0192348):0.0370264
-18390.937 -149.12888
F:0.045099 C:0.0105008
-117869.79 -149.12888
F:0.045099 (C:0.0105008,B:0.0182829):0.0192348
-66789.936 -149.12888
F:0.045099 B:0.0182829
-117869.79 -149.12888
(F:0.045099,A:0.0319589):0.0176668 E:0.170947
-94007.645 -149.12888
A:0.0319589 D:0.0536457
-62954.132 -149.12888
A:0.0319589 (D:0.0536457,(C:0.0105008,B:0.0182829):0.0192348):0.0370264
-18390.937 -149.12888
A:0.0319589 C:0.0105008
-110047.84 -149.12888
A:0.0319589 (C:0.0105008,B:0.0182829):0.0192348
-62954.132 -149.12888
A:0.0319589 B:0.0182829
-110047.84 -149.12888
Targeting migration to vicinity of:
F E
D G
C A
B A

C A
B A
C A
B A
D G
D E
F G
F E
Trying B A
(C:0.0105008,B:0.0182829):0.0192348 A:0.0319589
1->2 0.066113293 85.48396 -149.12888
2->1 0.055149082 82.234827 85.48396
p1->2 0.11543796 43.160198 85.48396
p2->1 0.21881565 -1.0369268 85.48396
B:0.0182829 A:0.0319589
1->2 0.063618705 86.230211 85.48396
2->1 0.017016266 -114.45821 86.230211
p2->1 0.014252706 -134.76899 86.230211
Trying C A
(C:0.00958797,B:0.0197355):0.0199145 A:0.0319589
C:0.00958797 A:0.0319589
1->2 0.063832618 86.130047 86.230211
2->1 0.016979244 -114.72174 86.230211
p2->1 0.014171434 -134.93974 86.230211
Trying D E
D:0.0532565 (G:0.201633,E:0.170947):0.0912419
1->2 0.099838786 -1.0369268 86.230211
2->1 0.17986722 -1.0369268 86.230211
p2->1 4.0751289e-05 -149.12891 86.230211
D:0.0536516 E:0.170947
1->2 0.0025142115 -148.33074 86.230211
2->1 0.02840524 -1.0306305 86.230211
p1->2 0.39786881 -149.12888 86.230211
Trying D G
D:0.0536457 (G:0.141233,E:0.571807):0.151808
D:0.0536457 G:0.141233
1->2 0.023619452 -84.379907 86.230211
2->1 0.026290987 2.524352 86.230211
p1->2 0.12437277 -116.83403 86.230211
Trying F E
F:0.045099 (E:0.157163,G:0.278644):0.105073
1->2 0.3970964 43.160198 86.230211
2->1 0.054891478 43.160198 86.230211
p1->2 0.0009889144 -149.12888 86.230211
p2->1 0.17986722 -149.12888 86.230211
F:0.06705 E:0.170947
1->2 0.026682585 -70.513071 86.230211
2->1 0.029793506 56.652615 86.230211
p1->2 0.099120617 -116.83403 86.230211
Trying F G
F:0.045099 (G:0.191033,E:0.222312):0.102128
F:0.045099 G:0.191033
1->2 3.8719494e-07 -149.12902 86.230211
2->1 0.03475105 43.160139 86.230211
p1->2 0.12586832 -149.12888 86.230211
Migration added
Local updates around node 1: 0 ln(lk):86.230211 
Local updates around node 2: 0 ln(lk):86.230211 
Updates in migration position: 0 ln(lk):86.230211 
Switches in migration direction: 0 ln(lk):86.230211 
ln(likelihood):86.230214 
DONE.
