
TreeMix v. 1.13
$Revision: 231 $

npop:7 nsnp:18176136
Estimating covariance matrix in 6990 blocks of size 2600
SEED: 1607916169
Starting from:
((D:0.0478525,C:0.016906):0.0704327,F:0.0704327);
Adding G [4/7]
ln(likelihood): -8715.3812 
((D:0.0676108,C:0.0379752):0.0195926,(F:0.0786176,G:0.273919):0.0195926);
Adding B [5/7]
ln(likelihood): -15692.548 
(F:0.0405563,(G:0.271125,(D:0.0550312,(C:0.0118762,B:0.0196585):0.0192048):0.0470891):0.0405563);
Adding A [6/7]
ln(likelihood): -7544.0491 
(((D:0.0539703,(C:0.0107064,B:0.0184888):0.0188784):0.0356865,(F:0.0452412,A:0.0316342):0.035716):0.149842,G:0.149842);
Adding E [7/7]
ln(likelihood): 38.41753 
((C:0.0105006,B:0.0182829):0.009617,(D:0.0536459,((F:0.045097,A:0.0319579):0.0353364,(G:0.201633,E:0.170947):0.0914083):0.0370286):0.009617);
Testing global rearrangements
C:0.0105006 A:0.0319579
-60084.564 38.41753
D:0.0536459 C:0.0105006
-5103.1576 38.41753
D:0.0536459 G:0.201633
-90435.682 38.41753
D:0.0536459 (G:0.201633,E:0.170947):0.0914083
-21986.54 38.41753
D:0.0536459 E:0.170947
-90435.682 38.41753
F:0.045097 D:0.0536459
-31146.207 38.41753
F:0.045097 E:0.170947
-53357.956 38.41753
(F:0.045097,A:0.0319579):0.0353364 C:0.0105006
-49177.634 38.41753
(F:0.045097,A:0.0319579):0.0353364 (C:0.0105006,B:0.0182829):0.009617
-21986.54 38.41753
(F:0.045097,A:0.0319579):0.0353364 B:0.0182829
-49177.634 38.41753
A:0.0319579 G:0.201633
-53982.24 38.41753
A:0.0319579 (G:0.201633,E:0.170947):0.0914083
-8511.3647 38.41753
A:0.0319579 E:0.170947
-53982.24 38.41753
Targeting migration to vicinity of:
F E
D G
C A
B A

C A
B A
C A
B A
D G
D E
F G
F E
Trying B A
B:0.0182829 A:0.0319579
1->2 0.063618705 148.84466 38.41753
2->1 0.01707634 54.737967 148.84466
p1->2 0.066113293 148.48811 148.84466
p2->1 0.014303165 45.17981 148.84466
(C:0.0095844,B:0.0197408):0.00995814 A:0.0319579
2->1 0.055149082 147.13144 148.84466
p2->1 0.078036837 107.98339 148.84466
Trying C A
C:0.0105006 A:0.0319579
1->2 0.063832618 148.79585 148.84466
2->1 0.017016266 54.593992 148.84466
p2->1 0.014202423 45.090568 148.84466
(B:0.0173733,C:0.011722):0.00995568 A:0.0319579
Trying D E
D:0.0532558 E:0.170947
1->2 0.0025434764 38.796274 148.84466
2->1 0.02840524 107.98643 148.84466
p1->2 3.8719494e-07 38.417196 148.84466
p2->1 0.094700195 107.98339 148.84466
D:0.0711752 (G:0.201633,E:0.170947):0.0922776
1->2 0.051485382 107.98339 148.84466
p1->2 4.0751289e-05 38.417521 148.84466
Trying D G
D:0.0536459 G:0.201633
1->2 0.023536913 68.750436 148.84466
2->1 0.026290987 109.64531 148.84466
p1->2 0.030857163 53.666461 148.84466
D:0.0536456 (E:0.167322,G:0.218403):0.0949173
Trying F E
F:0.045097 E:0.167322
1->2 0.026682585 75.334479 148.84466
2->1 0.029793506 134.92555 148.84466
p1->2 0.04049908 53.654755 148.84466
p2->1 0.3970964 128.54777 148.84466
F:0.16446 (G:0.201633,E:0.170947):0.0930239
1->2 0.17986722 128.54778 148.84466
p2->1 4.0751289e-05 38.417491 148.84466
Trying F G
F:0.0451021 G:0.201633
1->2 3.9084634e-07 38.417468 148.84466
2->1 0.03475105 128.54768 148.84466
p1->2 0.3970964 38.41753 148.84466
F:0.045097 (E:0.110742,G:0.654569):0.151613
Migration added
Local updates around node 1: 0 ln(lk):148.84466 
Local updates around node 2: 0 ln(lk):148.84466 
Updates in migration position: 0 ln(lk):148.84466 
Switches in migration direction: 0 ln(lk):148.84466 
ln(likelihood):148.84466 
DONE.
