
TreeMix v. 1.13
$Revision: 231 $

npop:7 nsnp:18176136
Estimating covariance matrix in 5680 blocks of size 3200
SEED: 1607916169
Starting from:
((D:0.0478517,C:0.0169062):0.0704312,F:0.0704312);
Adding G [4/7]
ln(likelihood): -7092.7587 
((D:0.06761,C:0.0379755):0.0195914,(F:0.0786179,G:0.273919):0.0195914);
Adding B [5/7]
ln(likelihood): -12790.603 
(F:0.040556,(G:0.271125,(D:0.055031,(C:0.0118765,B:0.0196584):0.0192054):0.0470858):0.040556);
Adding A [6/7]
ln(likelihood): -6122.7963 
(((D:0.0539701,(C:0.0107068,B:0.0184887):0.0188793):0.035683,(F:0.0452453,A:0.0316348):0.035711):0.149843,G:0.149843);
Adding E [7/7]
ln(likelihood): 67.958202 
((F:0.045101,A:0.0319586):0.0176658,((G:0.201633,E:0.170945):0.0914088,(D:0.0536457,(C:0.010501,B:0.0182829):0.0192348):0.037025):0.0176658);
Testing global rearrangements
F:0.045101 G:0.201633
-43441.81 67.958202
F:0.045101 (G:0.201633,E:0.170945):0.0914088
-6894.2736 67.958202
F:0.045101 E:0.170945
-43441.81 67.958202
(F:0.045101,A:0.0319586):0.0176658 C:0.010501
-40100.147 67.958202
(F:0.045101,A:0.0319586):0.0176658 (C:0.010501,B:0.0182829):0.0192348
-17884.447 67.958202
(F:0.045101,A:0.0319586):0.0176658 B:0.0182829
-40100.147 67.958202
A:0.0319586 G:0.201633
-43947.366 67.958202
A:0.0319586 (G:0.201633,E:0.170945):0.0914088
-6894.2736 67.958202
A:0.0319586 E:0.170945
-43947.366 67.958202
D:0.0536457 A:0.0319586
-25991.582 67.958202
D:0.0536457 ((G:0.201633,E:0.170945):0.0914088,(D:0.0536457,(C:0.010501,B:0.0182829):0.0192348):0.037025):0.0176658
-17884.447 67.958202
C:0.010501 D:0.0536457
-4131.9781 67.958202
Targeting migration to vicinity of:
F E
D G
B A
C A

C A
B A
C A
B A
D G
D E
F G
F E
Trying B A
(C:0.010501,B:0.0182829):0.0192348 A:0.0319586
1->2 0.066250235 157.71298 67.958202
2->1 0.055264656 156.5432 157.71298
p1->2 0.34539771 141.46739 157.71298
p2->1 0.076540112 124.61561 157.71298
B:0.0182829 A:0.0319586
1->2 0.063618705 158.00168 157.71298
2->1 0.01707634 81.256432 158.00168
p2->1 0.014303165 73.465301 158.00168
Trying C A
(C:0.0095849,B:0.0197407):0.019917 A:0.0319586
C:0.0095849 A:0.0319586
1->2 0.063832618 157.96191 158.00168
2->1 0.017016266 81.136975 158.00168
p2->1 0.014202423 73.391574 158.00168
Trying D E
D:0.0532557 (G:0.201633,E:0.170945):0.0912418
1->2 0.24963349 124.61561 158.00168
2->1 0.053587563 124.61561 158.00168
p2->1 4.0751289e-05 67.958188 158.00168
D:0.0536516 E:0.170945
1->2 0.0025288016 68.266608 158.00168
2->1 0.02840524 124.61817 158.00168
p1->2 0.42102641 67.958202 158.00168
Trying D G
D:0.0536457 (G:0.135161,E:0.624775):0.157881
D:0.0536457 G:0.135161
1->2 0.023536913 92.657096 158.00168
2->1 0.026290987 125.96891 158.00168
p1->2 0.17986722 80.379967 158.00168
Trying F E
F:0.045101 (E:0.150052,G:0.325122):0.112183
1->2 0.17986722 141.46739 158.00168
2->1 0.38801861 141.46739 158.00168
p1->2 0.0053747296 67.958202 158.00168
p2->1 0.0051777032 67.958202 158.00168
F:0.0455717 E:0.170945
1->2 0.026682585 98.054922 158.00168
2->1 0.029793506 146.66856 158.00168
p1->2 0.091048792 80.379967 158.00168
Trying F G
F:0.045101 (G:0.19194,E:0.217492):0.101221
F:0.045101 G:0.19194
1->2 3.8719494e-07 67.958143 158.00168
2->1 0.03475105 141.4674 158.00168
p1->2 0.099995285 67.958202 158.00168
Migration added
Local updates around node 1: 0 ln(lk):158.00168 
Local updates around node 2: 0 ln(lk):158.00168 
Updates in migration position: 0 ln(lk):158.00168 
Switches in migration direction: 0 ln(lk):158.00168 
ln(likelihood):158.00168 
DONE.
