
TreeMix v. 1.13
$Revision: 231 $

npop:7 nsnp:18176136
Estimating covariance matrix in 11360 blocks of size 1600
SEED: 1607916169
Starting from:
((D:0.0478517,C:0.0169062):0.0704312,F:0.0704312);
Adding G [4/7]
ln(likelihood): -14068.615 
((D:0.06761,C:0.0379755):0.0195914,(F:0.0786179,G:0.273919):0.0195914);
Adding B [5/7]
ln(likelihood): -25254.941 
(F:0.040556,(G:0.271125,(D:0.055031,(C:0.0118765,B:0.0196584):0.0192054):0.0470858):0.040556);
Adding A [6/7]
ln(likelihood): -12226.483 
(((D:0.0539701,(C:0.0107068,B:0.0184887):0.0188793):0.035683,(F:0.0452453,A:0.0316348):0.035711):0.149843,G:0.149843);
Adding E [7/7]
ln(likelihood): -62.024541 
(((D:0.0536457,(C:0.010501,B:0.0182829):0.0192348):0.037025,(G:0.201633,E:0.170945):0.0914088):0.0176658,(F:0.045101,A:0.0319586):0.0176658);
Testing global rearrangements
D:0.0536457 G:0.201633
-145649.62 -62.024541
D:0.0536457 (G:0.201633,E:0.170945):0.0914088
-35524.694 -62.024541
D:0.0536457 E:0.170945
-145649.62 -62.024541
(D:0.0536457,(C:0.010501,B:0.0182829):0.0192348):0.037025 A:0.0319586
-13840.542 -62.024541
C:0.010501 (D:0.0536457,(C:0.010501,B:0.0182829):0.0192348):0.037025
-8291.8565 -62.024541
C:0.010501 G:0.201633
-218563.65 -62.024541
C:0.010501 (G:0.201633,E:0.170945):0.0914088
-77149.165 -62.024541
C:0.010501 E:0.170945
-218563.65 -62.024541
G:0.201633 F:0.045101
-86951.592 -62.024541
F:0.045101 D:0.0536457
-50372.645 -62.024541
F:0.045101 (D:0.0536457,(C:0.010501,B:0.0182829):0.0192348):0.037025
-13840.542 -62.024541
F:0.045101 C:0.010501
-89272.104 -62.024541
F:0.045101 (C:0.010501,B:0.0182829):0.0192348
-50372.645 -62.024541
F:0.045101 B:0.0182829
-89272.104 -62.024541
(F:0.045101,A:0.0319586):0.0176658 E:0.170945
-71047.374 -62.024541
A:0.0319586 D:0.0536457
-47468.464 -62.024541
A:0.0319586 (D:0.0536457,(C:0.010501,B:0.0182829):0.0192348):0.037025
-13840.542 -62.024541
A:0.0319586 C:0.010501
-83335.795 -62.024541
A:0.0319586 (C:0.010501,B:0.0182829):0.0192348
-47468.464 -62.024541
A:0.0319586 B:0.0182829
-83335.795 -62.024541
Targeting migration to vicinity of:
F E
D G
C A
B A

C A
B A
C A
B A
D G
D E
F G
F E
Trying B A
B:0.0182829 A:0.0319586
1->2 0.063618705 115.98026 -62.024541
2->1 0.01707634 -35.781539 115.98026
p1->2 0.066113293 115.41426 115.98026
p2->1 0.014252706 -51.157228 115.98026
(C:0.00958818,B:0.0197354):0.0199146 A:0.0319586
2->1 0.055149082 112.9832 115.98026
p1->2 0.11543796 83.372295 115.98026
p2->1 0.2380929 49.947009 115.98026
Trying C A
C:0.010501 A:0.0319586
1->2 0.063832618 115.90352 115.98026
2->1 0.016979244 -35.994239 115.98026
p2->1 0.014171434 -51.292446 115.98026
(B:0.0173753,C:0.0117197):0.0199106 A:0.0319586
Trying D E
D:0.0532566 E:0.170945
1->2 0.0025142115 -61.419399 115.98026
2->1 0.02840524 49.951928 115.98026
p1->2 0.43606377 -62.024541 115.98026
p2->1 0.066387437 49.947009 115.98026
D:0.0657625 (G:0.201633,E:0.170945):0.0922778
1->2 0.10065299 49.947009 115.98026
p2->1 4.0751289e-05 -62.024568 115.98026
Trying D G
D:0.0536516 G:0.201633
1->2 0.023619452 -13.118778 115.98026
2->1 0.026290987 52.632699 115.98026
p1->2 0.12331498 -37.54595 115.98026
D:0.0536457 (E:0.157289,G:0.277848):0.104946
Trying F E
F:0.045101 E:0.157289
1->2 0.026682585 -2.5400926 115.98026
2->1 0.029793506 93.606257 115.98026
p1->2 0.10342383 -37.54595 115.98026
p2->1 0.13719046 83.372295 115.98026
F:0.0685341 (G:0.201633,E:0.170945):0.0930252
1->2 0.3970964 83.372295 115.98026
p1->2 0.00067878258 -62.024541 115.98026
p2->1 0.0010948586 -62.024541 115.98026
Trying F G
F:0.0451999 G:0.201633
1->2 3.8719494e-07 -62.024655 115.98026
2->1 0.03475105 83.372303 115.98026
p1->2 0.054891478 -62.024541 115.98026
F:0.045101 (E:0.165636,G:0.231352):0.0967178
Migration added
Local updates around node 1: 0 ln(lk):115.98026 
Local updates around node 2: 0 ln(lk):115.98026 
Updates in migration position: 0 ln(lk):115.98026 
Switches in migration direction: 0 ln(lk):115.98026 
ln(likelihood):115.98027 
DONE.
