
TreeMix v. 1.13
$Revision: 231 $

npop:7 nsnp:18176136
Estimating covariance matrix in 5048 blocks of size 3600
SEED: 1607916876
Starting from:
(C:0.0244035,(D:0.0716071,G:0.27799):0.0244035);
Adding B [4/7]
ln(likelihood): -56941.456 
((D:0.0337909,(C:0,B:0.00731426):0):0.1668,G:0.1668);
Adding F [5/7]
ln(likelihood): -11372.797 
(((D:0.0550308,(C:0.0118759,B:0.0196581):0.0192045):0.0470914,G:0.271125):0.0405568,F:0.0405568);
Adding A [6/7]
ln(likelihood): -5432.7547 
(((D:0.0539699,(C:0.0107062,B:0.0184883):0.018878):0.0356888,(F:0.0452394,A:0.031634):0.0357188):0.149842,G:0.149842);
Adding E [7/7]
ln(likelihood): 82.095859 
(((D:0.0536454,(C:0.0105003,B:0.0182824):0.0192336):0.0370308,(G:0.201632,E:0.170948):0.0914093):0.0176696,(F:0.0450952,A:0.0319577):0.0176696);
Testing global rearrangements
D:0.0536454 G:0.201632
-65579.531 82.095859
D:0.0536454 (G:0.201632,E:0.170948):0.0914093
-15902.129 82.095859
D:0.0536454 E:0.170948
-65579.531 82.095859
(D:0.0536454,(C:0.0105003,B:0.0182824):0.0192336):0.0370308 A:0.0319577
-6115.8666 82.095859
C:0.0105003 (D:0.0536454,(C:0.0105003,B:0.0182824):0.0192336):0.0370308
-3658.0019 82.095859
C:0.0105003 G:0.201632
-98988.78 82.095859
C:0.0105003 (G:0.201632,E:0.170948):0.0914093
-34915.986 82.095859
C:0.0105003 E:0.170948
-98988.78 82.095859
G:0.201632 F:0.0450952
-39054.257 82.095859
F:0.0450952 D:0.0536454
-22526.209 82.095859
F:0.0450952 (D:0.0536454,(C:0.0105003,B:0.0182824):0.0192336):0.0370308
-6115.8666 82.095859
F:0.0450952 C:0.0105003
-40252.116 82.095859
F:0.0450952 (C:0.0105003,B:0.0182824):0.0192336
-22526.209 82.095859
F:0.0450952 B:0.0182824
-40252.116 82.095859
(F:0.0450952,A:0.0319577):0.0176696 E:0.170948
-31892.67 82.095859
A:0.0319577 D:0.0536454
-21217.294 82.095859
A:0.0319577 (D:0.0536454,(C:0.0105003,B:0.0182824):0.0192336):0.0370308
-6115.8666 82.095859
A:0.0319577 C:0.0105003
-37565.919 82.095859
A:0.0319577 (C:0.0105003,B:0.0182824):0.0192336
-21217.294 82.095859
A:0.0319577 B:0.0182824
-37565.919 82.095859
DONE.
