
TreeMix v. 1.13
$Revision: 231 $

npop:7 nsnp:18176136
Estimating covariance matrix in 6990 blocks of size 2600
SEED: 1607916592
Starting from:
((D:0.0515582,B:0.0284465):0.0629457,A:0.0629457);
Adding G [4/7]
ln(likelihood): -9765.67 
((D:0.0684339,B:0.0466313):0.0180781,(A:0.066486,G:0.275614):0.0180781);
Adding C [5/7]
ln(likelihood): -12886.797 
(A:0.0339743,(G:0.272755,(D:0.0558207,(B:0.0204675,C:0.0126852):0.0192632):0.0466121):0.0339743);
Adding F [6/7]
ln(likelihood): -7544.0491 
(((D:0.0539703,(B:0.0184888,C:0.0107064):0.0188784):0.0356865,(A:0.0316342,F:0.0452412):0.035716):0.149842,G:0.149842);
Adding E [7/7]
ln(likelihood): 38.41753 
(((A:0.0319579,F:0.045097):0.0353364,(G:0.201633,E:0.170947):0.0914083):0.0185143,(D:0.0536459,(B:0.0182829,C:0.0105006):0.019234):0.0185143);
Testing global rearrangements
A:0.0319579 ((A:0.0319579,F:0.045097):0.0353364,(G:0.201633,E:0.170947):0.0914083):0.0185143
-8511.3647 38.41753
A:0.0319579 B:0.0182829
-51805.576 38.41753
A:0.0319579 (B:0.0182829,C:0.0105006):0.019234
-29342.958 38.41753
A:0.0319579 C:0.0105006
-51805.576 38.41753
(A:0.0319579,F:0.045097):0.0353364 E:0.170947
-44048.296 38.41753
F:0.045097 D:0.0536459
-31146.207 38.41753
F:0.045097 (D:0.0536459,(B:0.0182829,C:0.0105006):0.019234):0.0185143
-8511.3647 38.41753
F:0.045097 B:0.0182829
-55502.912 38.41753
F:0.045097 (B:0.0182829,C:0.0105006):0.019234
-31146.207 38.41753
F:0.045097 C:0.0105006
-55502.912 38.41753
G:0.201633 F:0.045097
-53921.675 38.41753
G:0.201633 D:0.0536459
-86040.877 38.41753
D:0.0536459 B:0.0182829
-5103.1576 38.41753
D:0.0536459 C:0.0105006
-5103.1576 38.41753
Targeting migration to vicinity of:
F E
D G
A C
B A

A B
A C
B A
C A
D G
D E
F G
F E
Trying A B
A:0.0319579 B:0.0182829
1->2 0.01707634 54.737974 38.41753
2->1 0.063618705 148.84466 54.737974
p1->2 0.014303165 45.179814 148.84466
p2->1 0.066113293 148.48811 148.84466
A:0.0415093 (C:0.0105006,B:0.0182829):0.0195621
1->2 0.055149082 147.13144 148.84466
p1->2 0.078036837 107.98339 148.84466
p2->1 0.12572485 128.54777 148.84466
Trying A C
A:0.0498932 C:0.0105006
1->2 0.017016266 54.593985 148.84466
2->1 0.063832618 148.79585 148.84466
p1->2 0.014202423 45.09057 148.84466
A:0.0319579 (B:0.0173733,C:0.011722):0.0199114
Trying B A
B:0.0173733 A:0.0319579
(B:0.0173733,C:0.011722):0.0199114 A:0.0319579
Trying C A
C:0.011722 A:0.0319579
(B:0.0173733,C:0.011722):0.0199114 A:0.0319579
Trying D E
D:0.0532558 E:0.170947
1->2 0.0025434764 38.796246 148.84466
2->1 0.02840524 107.98643 148.84466
p1->2 0.10342383 38.41753 148.84466
p2->1 0.030577701 107.98339 148.84466
D:0.0596333 (G:0.201633,E:0.170947):0.0922776
1->2 0.4237231 107.98339 148.84466
p1->2 0.033629756 38.41753 148.84466
p2->1 4.0988365e-05 38.41753 148.84466
Trying D G
D:0.0536503 G:0.201633
1->2 0.023536913 68.750436 148.84466
2->1 0.026290987 109.64531 148.84466
p1->2 0.25744852 53.654758 148.84466
D:0.0536459 (E:0.138333,G:0.409386):0.123903
Trying F E
F:0.045097 E:0.138333
1->2 0.026682585 75.334481 148.84466
2->1 0.029793506 134.92556 148.84466
p1->2 0.068295024 53.654758 148.84466
p2->1 0.050470028 128.54777 148.84466
F:0.0533396 (G:0.201633,E:0.170947):0.0930239
1->2 0.078394055 128.54777 148.84466
p2->1 4.0751289e-05 38.417511 148.84466
Trying F G
F:0.0451021 G:0.201633
1->2 3.9084634e-07 38.417456 148.84466
2->1 0.03475105 128.54768 148.84466
p1->2 0.43606377 38.41753 148.84466
F:0.045097 (E:0.100266,G:0.759355):0.16209
Migration added
Local updates around node 1: 0 ln(lk):148.84466 
Local updates around node 2: 0 ln(lk):148.84466 
Updates in migration position: 0 ln(lk):148.84466 
Switches in migration direction: 0 ln(lk):148.84466 
ln(likelihood):148.84466 
Targeting migration to vicinity of:
D G
B F
C F
D E

B F
C F
B F
C F
D G
D E
D G
D E
Trying B F
B:0.0183032 F:0.040585
1->2 0.018634498 159.46388 148.84466
2->1 0.010159736 155.95025 159.46388
p1->2 0.014252706 153.38416 159.46388
p2->1 0.011221911 152.93806 159.46388
(C:0.00975649,B:0.019438):0.0201137 F:0.0405877
2->1 0.040725101 194.63818 159.46388
p1->2 0.0059608514 149.03863 194.63818
p2->1 0.56907475 190.85978 194.63818
Trying C F
C:0.0105324 F:0.0406482
1->2 0.018569048 157.82933 194.63818
2->1 0.011286461 157.69637 194.63818
p2->1 0.011093902 154.52859 194.63818
C:0.011412 (A:0.0411861,F:0.040523):0.0397186
1->2 0.10197032 190.88065 194.63818
p1->2 0.69039536 190.85978 194.63818
p2->1 0.19196916 149.03474 194.63818
(B:0.0136442,C:0.0217992):0.0242721 F:0.0405489
Trying D E
D:0.0532762 (G:0.201633,E:0.170947):0.0897164
1->2 0.077877566 190.85977 194.63818
2->1 0.022640204 190.85977 194.63818
p1->2 0.078394055 148.84466 194.63818
p2->1 0.33671704 148.84466 194.63818
D:0.150713 E:0.170947
1->2 3.8719494e-07 148.84461 194.63818
2->1 0.023109306 190.88253 194.63818
p1->2 0.69140345 148.84466 194.63818
Trying D G
D:0.0533198 G:0.000563261
1->2 0.021455709 173.2711 194.63818
2->1 0.020827172 192.67031 194.63818
p1->2 0.65312707 164.77464 194.63818
D:0.0533198 (E:5.73685e-05,G:2.16587):0.260496
Migration added
Local updates around node 1: 0 ln(lk):194.63818 
Local updates around node 2: 0 ln(lk):194.63818 
Updates in migration position: 1 ln(lk):197.5246 
Switches in migration direction: 0 ln(lk):197.5246 
Local updates around node 1: 0 ln(lk):197.5246 
Local updates around node 2: 0 ln(lk):197.5246 
Switches in migration direction: 0 ln(lk):197.5246 
Updates in migration position: 0 ln(lk):197.5246 
Trying all local rearrangements
Local rearrangements: 0 ln(lk):197.5246 
ln(likelihood):197.52461 
Targeting migration to vicinity of:
F E
A E
B G
G C

A E
F E
B G
D G
C G
A E
F E
G B
G D
G C
Trying A E
A:0.0433092 E:0.170947
1->2 0.028990248 213.56231 197.52461
2->1 0.0033495682 201.36153 213.56231
p1->2 0.43606377 213.53084 213.56231
p2->1 0.010928518 197.52461 213.56231
Trying B G
(C:0.0105006,B:0.0182829):0.0240146 G:0.201633
1->2 0.023109306 212.93692 213.56231
2->1 0.0037941784 205.31701 213.56231
p1->2 0.030130707 213.53084 213.56231
p2->1 3.0968394e-07 197.52461 213.56231
B:0.0182829 G:0.201633
1->2 0.021185054 212.20045 213.56231
2->1 0.0012104821 198.76159 213.56231
p2->1 3.0968394e-07 197.52461 213.56231
Trying C G
C:0.0105005 G:0.201633
1->2 0.021185054 212.20045 213.56231
2->1 0.0011743098 198.67701 213.56231
p2->1 3.5442006e-06 197.52463 213.56231
(B:0.0182826,C:0.0105009):0.0240149 G:0.201633
Trying D G
D:0.0506214 G:0.201633
1->2 0.030130707 213.53098 213.56231
2->1 0.0024164431 199.2618 213.56231
p2->1 0.00083875185 197.52461 213.56231
Trying F E
F:0.0397853 E:0.170947
1->2 0.021334253 211.82449 213.56231
2->1 0.0036258015 201.73791 213.56231
p2->1 3.0968394e-07 197.52461 213.56231
Trying G B
G:0.201633 (B:0.0182829,C:0.0105006):0.0240146
G:0.201633 B:0.0182829
Trying G C
G:0.201633 C:0.0105006
G:0.201633 (B:0.0182829,C:0.0105006):0.0240146
Trying G D
G:0.201633 D:0.0506216
Migration added
Local updates around node 1: 0 ln(lk):213.56231 
Local updates around node 2: 0 ln(lk):213.56231 
Updates in migration position: 0 ln(lk):213.56231 
Switches in migration direction: 0 ln(lk):213.56231 
ln(likelihood):213.58436 
Targeting migration to vicinity of:
D E
B G
G C
G F

B G
D E
C G
B G
D E
C G
G B
G C
E D
Trying B G
(C:0.0105006,B:0.0182829):0.0232859 G:0.198537
1->2 0.00024135751 213.58609 213.58436
2->1 7.8444478e-05 213.58893 213.58609
p1->2 0.10342383 213.58442 213.58893
p2->1 0.00066085183 213.58445 213.58893
B:0.0182829 G:0.198537
1->2 0.0002511449 213.58672 213.58893
2->1 3.463505e-05 213.58536 213.58893
p2->1 2.5069594e-06 213.58436 213.58893
Trying C G
(C:0.0105003,B:0.0182832):0.0232862 G:0.198537
C:0.0105003 G:0.198537
1->2 0.00026782861 213.58655 213.58893
2->1 3.4113033e-05 213.58529 213.58893
p2->1 3.3742263e-06 213.58436 213.58893
Trying D E
D:0.0509735 E:0.184261
1->2 0.00032179314 213.58845 213.58893
2->1 0.00019714423 213.5936 213.58893
p1->2 3.0968394e-07 213.58436 213.5936
p2->1 4.6254453e-07 213.58436 213.5936
Trying E D
E:0.184261 D:0.0509737
Trying G B
G:0.198537 (B:0.0182829,C:0.0105006):0.0232859
G:0.198537 B:0.0182829
Trying G C
G:0.198537 (B:0.0182829,C:0.0105006):0.0232859
G:0.198537 C:0.0105006
Migration added
Local updates around node 1: 0 ln(lk):213.5936 
Local updates around node 2: 0 ln(lk):213.5936 
Updates in migration position: 0 ln(lk):213.5936 
Switches in migration direction: 0 ln(lk):213.5936 
ln(likelihood):213.59502 
DONE.
