
TreeMix v. 1.13
$Revision: 231 $

npop:7 nsnp:18176136
Estimating covariance matrix in 4783 blocks of size 3800
SEED: 1607916309
Starting from:
(A:0.0629434,(B:0.028447,D:0.0515581):0.0629434);
Adding F [4/7]
ln(likelihood): -11580.688 
((B:0.0335694,D:0.0560728):0.0415929,(A:0.0439225,F:0.0577504):0.0415929);
Adding E [5/7]
ln(likelihood): -7508.6157 
((B:0.0408068,D:0.0620696):0.0175191,((A:0.0359563,F:0.0492747):0.042499,E:0.246985):0.0175191);
Adding C [6/7]
ln(likelihood): -5297.2978 
(E:0.134145,((A:0.0326477,F:0.0462564):0.0348411,(D:0.0546621,(B:0.0191806,C:0.0113986):0.0188791):0.0369176):0.134145);
Adding G [7/7]
ln(likelihood): 87.933466 
(((D:0.0536458,(B:0.0182828,C:0.0105008):0.0192347):0.037026,(E:0.170947,G:0.201633):0.0914083):0.0176665,(A:0.0319589,F:0.0450994):0.0176665);
Testing global rearrangements
D:0.0536458 E:0.170947
-62165.825 87.933466
D:0.0536458 (E:0.170947,G:0.201633):0.0914083
-15059.542 87.933466
D:0.0536458 G:0.201633
-62165.825 87.933466
(D:0.0536458,(B:0.0182828,C:0.0105008):0.0192347):0.037026 A:0.0319589
-5784.6187 87.933466
B:0.0182828 (D:0.0536458,(B:0.0182828,C:0.0105008):0.0192347):0.037026
-3458.2417 87.933466
B:0.0182828 E:0.170947
-94713.648 87.933466
B:0.0182828 (E:0.170947,G:0.201633):0.0914083
-33136.013 87.933466
B:0.0182828 G:0.201633
-94713.648 87.933466
E:0.170947 F:0.0450994
-37011.19 87.933466
A:0.0319589 D:0.0536458
-20089.879 87.933466
A:0.0319589 (D:0.0536458,(B:0.0182828,C:0.0105008):0.0192347):0.037026
-5784.6187 87.933466
A:0.0319589 B:0.0182828
-35587.353 87.933466
A:0.0319589 (B:0.0182828,C:0.0105008):0.0192347
-20089.879 87.933466
A:0.0319589 C:0.0105008
-35587.353 87.933466
(A:0.0319589,F:0.0450994):0.0176665 E:0.170947
-30227.514 87.933466
F:0.0450994 D:0.0536458
-21331.013 87.933466
F:0.0450994 (D:0.0536458,(B:0.0182828,C:0.0105008):0.0192347):0.037026
-5784.6187 87.933466
F:0.0450994 B:0.0182828
-38134.439 87.933466
F:0.0450994 (B:0.0182828,C:0.0105008):0.0192347
-21331.013 87.933466
F:0.0450994 C:0.0105008
-38134.439 87.933466
Targeting migration to vicinity of:
F E
D G
A B
A C

A B
A C
A B
A C
D E
D G
F E
F G
Trying A B
A:0.0319589 B:0.0182828
1->2 0.01707634 99.155622 87.933466
2->1 0.063618705 163.87335 99.155622
p1->2 0.014303165 92.581338 163.87335
p2->1 0.066250235 163.62875 163.87335
A:0.0415322 (C:0.0105008,B:0.0182828):0.0195636
1->2 0.055264656 162.672 163.87335
p1->2 0.20468213 135.73663 163.87335
p2->1 0.12586832 149.91332 163.87335
Trying A C
A:0.0499173 (C:0.0105008,B:0.0182828):0.0192347
A:0.0499173 C:0.0105008
1->2 0.017016266 99.05389 163.87335
2->1 0.063832618 163.83966 163.87335
p1->2 0.014202423 92.518724 163.87335
Trying D E
D:0.0532557 E:0.170947
1->2 0.0025288016 88.193918 163.87335
2->1 0.02840524 135.73876 163.87335
p1->2 0.42102641 87.933466 163.87335
p2->1 0.047838468 135.73663 163.87335
D:0.0624945 (G:0.201633,E:0.170947):0.0922774
1->2 0.18327202 135.73663 163.87335
p2->1 4.0751289e-05 87.933454 163.87335
Trying D G
D:0.0536517 G:0.201633
1->2 0.023536913 108.76274 163.87335
2->1 0.026290987 136.87776 163.87335
p1->2 0.099995285 98.417761 163.87335
D:0.0536458 (E:0.160009,G:0.261021):0.102227
Trying F E
F:0.0450994 E:0.160009
1->2 0.026589634 113.30753 163.87335
2->1 0.029793506 154.30445 163.87335
p1->2 0.099995285 98.417761 163.87335
p2->1 0.17986722 149.91332 163.87335
F:0.0779892 (G:0.201633,E:0.170947):0.0930244
1->2 0.3970964 149.91332 163.87335
p1->2 0.00053671375 87.933466 163.87335
p2->1 0.016859977 87.933466 163.87335
Trying F G
F:0.0466595 G:0.201633
1->2 3.8719494e-07 87.933416 163.87335
2->1 0.03475105 149.9133 163.87335
p1->2 0.33689713 87.933466 163.87335
F:0.0450994 (E:0.124506,G:0.5286):0.137849
Migration added
Local updates around node 1: 0 ln(lk):163.87335 
Local updates around node 2: 0 ln(lk):163.87335 
Updates in migration position: 0 ln(lk):163.87335 
Switches in migration direction: 0 ln(lk):163.87335 
ln(likelihood):163.87335 
Targeting migration to vicinity of:
D G
B F
F C
D E

B F
C F
D E
D G
D E
D G
F B
F C
Trying B F
B:0.0183031 F:0.0405877
1->2 0.018634498 171.1603 163.87335
2->1 0.010159736 168.75269 171.1603
p1->2 0.014252706 166.98103 171.1603
p2->1 0.011221911 166.68483 171.1603
Trying C F
C:0.00975674 (A:0.0411291,F:0.0405904):0.0198316
1->2 0.10177718 192.7519 171.1603
2->1 0.011093902 167.78094 192.7519
p1->2 0.69039536 192.73756 192.7519
C:0.0105326 F:0.040651
1->2 0.018569048 170.03743 192.7519
2->1 0.011286461 169.95573 192.7519
Trying D E
D:0.0529056 E:0.170947
1->2 3.9084634e-07 163.87332 192.7519
2->1 0.023109306 192.75321 192.7519
p1->2 0.39919356 163.87334 192.75321
p2->1 0.099995285 192.73755 192.75321
D:0.071762 (G:0.201633,E:0.170947):0.0904382
1->2 0.3970964 192.73755 192.75321
p2->1 4.0751289e-05 163.87334 192.75321
Trying D G
D:0.0533256 (G:0.201633,E:0.170947):0.0897444
D:0.0533256 G:0.201633
1->2 0.021455709 180.65049 192.75321
2->1 0.020827172 193.98127 192.75321
p1->2 0.033863567 174.83615 193.98127
Trying F B
F:0.0405877 B:0.0183031
Trying F C
(A:0.0411341,F:0.0405877):0.0194491 C:0.0104667
F:0.0405877 C:0.0104667
Migration added
Local updates around node 1: 0 ln(lk):193.98127 
Local updates around node 2: 0 ln(lk):193.98127 
Updates in migration position: 4 ln(lk):198.47657 
Switches in migration direction: 0 ln(lk):198.47657 
Local updates around node 1: 0 ln(lk):198.47657 
Local updates around node 2: 0 ln(lk):198.47657 
Switches in migration direction: 0 ln(lk):198.47657 
Updates in migration position: 0 ln(lk):198.47657 
Trying all local rearrangements
Local rearrangements: 0 ln(lk):198.47657 
ln(likelihood):198.48513 
DONE.
