
TreeMix v. 1.13
$Revision: 231 $

npop:7 nsnp:18176136
Estimating covariance matrix in 7573 blocks of size 2400
SEED: 1607916309
Starting from:
(A:0.0629438,(B:0.0284472,D:0.051558):0.0629438);
Adding F [4/7]
ln(likelihood): -18297.45 
((B:0.0335695,D:0.0560727):0.0415933,(A:0.0439226,F:0.0577501):0.0415933);
Adding E [5/7]
ln(likelihood): -11880.284 
((B:0.040807,D:0.0620696):0.0175193,((A:0.0359562,F:0.0492743):0.0424995,E:0.246985):0.0175193);
Adding C [6/7]
ln(likelihood): -8406.1877 
(E:0.134146,((A:0.0326477,F:0.046256):0.0348416,(D:0.0546621,(B:0.0191808,C:0.0113987):0.0188792):0.036918):0.134146);
Adding G [7/7]
ln(likelihood): 25.100341 
(D:0.0268229,((B:0.0182829,C:0.0105008):0.0192348,((E:0.170947,G:0.201633):0.0914085,(A:0.0319589,F:0.045099):0.0353336):0.0370264):0.0268229);
Testing global rearrangements
D:0.0268229 E:0.170947
-97893.013 25.100341
D:0.0268229 (E:0.170947,G:0.201633):0.0914085
-23814.616 25.100341
D:0.0268229 G:0.201633
-97893.013 25.100341
B:0.0182829 D:0.0268229
-5534.7575 25.100341
B:0.0182829 A:0.0319589
-64979.415 25.100341
E:0.170947 D:0.0268229
-93126.596 25.100341
E:0.170947 A:0.0319589
-58360.484 25.100341
E:0.170947 (A:0.0319589,F:0.045099):0.0353336
-47679.741 25.100341
E:0.170947 F:0.045099
-58360.484 25.100341
A:0.0319589 D:0.0268229
-31783.053 25.100341
A:0.0319589 B:0.0182829
-56052.391 25.100341
A:0.0319589 (B:0.0182829,C:0.0105008):0.0192348
-31783.053 25.100341
A:0.0319589 C:0.0105008
-56052.391 25.100341
(A:0.0319589,F:0.045099):0.0353336 E:0.170947
-47679.741 25.100341
F:0.045099 D:0.0268229
-33735.746 25.100341
F:0.045099 B:0.0182829
-60052.927 25.100341
F:0.045099 (B:0.0182829,C:0.0105008):0.0192348
-33735.746 25.100341
F:0.045099 C:0.0105008
-60052.927 25.100341
F:0.045099 ((E:0.170947,G:0.201633):0.0914085,(A:0.0319589,F:0.045099):0.0353336):0.0370264
-9226.3194 25.100341
Targeting migration to vicinity of:
F E
D G
A B
A C

A B
A C
A B
A C
D E
D G
F E
F G
Trying A B
A:0.0319589 (B:0.0182829,C:0.0105008):0.0192348
1->2 0.055149082 142.72053 25.100341
2->1 0.066250235 144.2623 142.72053
p1->2 0.24859969 100.34976 144.2623
p2->1 0.083613388 122.69857 144.2623
A:0.0437226 B:0.0182829
1->2 0.01707634 42.750776 144.2623
2->1 0.063618705 144.64579 144.2623
p1->2 0.014303165 32.410992 144.64579
Trying A C
A:0.0319589 C:0.00958469
1->2 0.017016266 42.595387 144.64579
2->1 0.063832618 144.5932 144.64579
p1->2 0.014202423 32.314565 144.64579
A:0.0319589 (B:0.0173734,C:0.0117223):0.0199121
Trying D E
D:0.0266278 E:0.170947
1->2 0.0025434764 25.508881 144.64579
2->1 0.02840524 100.35307 144.64579
p2->1 0.034630992 100.34976 144.64579
D:0.030145 (G:0.201633,E:0.170947):0.0922776
1->2 0.049852014 100.34976 144.64579
p2->1 0.092242606 25.100341 144.64579
Trying D G
D:0.0325511 (G:0.201633,E:0.170947):0.0914085
D:0.0325511 G:0.201633
1->2 0.023536913 57.926518 144.64579
2->1 0.026290987 102.14903 144.64579
Trying F E
F:0.045099 E:0.170843
1->2 0.026682585 65.059814 144.64579
2->1 0.029793506 129.595 144.64579
p1->2 0.43591231 41.580081 144.64579
p2->1 0.04049908 122.6986 144.64579
F:0.051874 (G:0.201633,E:0.170947):0.0930246
1->2 0.42102641 122.69861 144.64579
p2->1 4.0751289e-05 25.100274 144.64579
Trying F G
F:0.0451042 (G:0.201633,E:0.170947):0.0914085
F:0.0451042 G:0.201633
1->2 3.9084634e-07 25.100297 144.64579
2->1 0.03475105 122.69857 144.64579
p1->2 0.43606377 25.100341 144.64579
Migration added
Local updates around node 1: 0 ln(lk):144.64579 
Local updates around node 2: 0 ln(lk):144.64579 
Updates in migration position: 0 ln(lk):144.64579 
Switches in migration direction: 0 ln(lk):144.64579 
ln(likelihood):144.64578 
Targeting migration to vicinity of:
D G
B F
F C
D E

B F
C F
D E
D G
D E
D G
F B
F C
Trying B F
B:0.0183032 F:0.0405873
1->2 0.018634498 156.11875 144.64578
2->1 0.010159736 152.32829 156.11875
p1->2 0.014252706 149.5472 156.11875
p2->1 0.011221911 149.07085 156.11875
Trying C F
C:0.00975678 F:0.04059
1->2 0.018569048 154.35101 156.11875
2->1 0.011286461 154.21611 156.11875
p2->1 0.011093902 150.79174 156.11875
C:0.0114122 (A:0.0411868,F:0.0405253):0.0397154
1->2 0.10177718 190.11118 156.11875
p1->2 0.17948262 190.08863 190.11118
p2->1 0.19196916 144.85105 190.11118
Trying D E
D:0.026638 E:0.170947
1->2 3.8719494e-07 144.64573 190.11118
2->1 0.023109306 190.11319 190.11118
p2->1 0.31761113 190.08863 190.11319
D:0.0711953 (G:0.201633,E:0.170947):0.0904384
1->2 0.037649106 190.08863 190.11319
p2->1 6.2255936e-07 144.64578 190.11319
Trying D G
D:0.0266599 G:0.201633
1->2 0.021455709 171.07435 190.11319
2->1 0.020827172 192.04808 190.11319
D:0.0287851 (E:0.170845,G:0.201737):0.090469
Trying F B
F:0.0406521 B:0.0183168
Trying F C
F:0.0406521 C:0.0105347
(A:0.041074,F:0.0406521):0.0387369 C:0.0105347
Migration added
Local updates around node 1: 0 ln(lk):192.04808 
Local updates around node 2: 0 ln(lk):192.04808 
Updates in migration position: 5 ln(lk):199.16089 
Switches in migration direction: 0 ln(lk):199.16089 
Local updates around node 1: 0 ln(lk):199.16089 
Local updates around node 2: 0 ln(lk):199.16089 
Switches in migration direction: 0 ln(lk):199.16089 
Updates in migration position: 0 ln(lk):199.16089 
Trying all local rearrangements
Local rearrangements: 0 ln(lk):199.16089 
ln(likelihood):199.16189 
DONE.
