
TreeMix v. 1.13
$Revision: 231 $

npop:7 nsnp:18176136
Estimating covariance matrix in 5680 blocks of size 3200
SEED: 1607916309
Starting from:
(A:0.0629421,(B:0.0284474,D:0.0515583):0.0629421);
Adding F [4/7]
ln(likelihood): -13750.675 
((B:0.0335699,D:0.056073):0.0415916,(A:0.043922,F:0.0577518):0.0415916);
Adding E [5/7]
ln(likelihood): -8921.2338 
((B:0.040807,D:0.0620697):0.0175186,((A:0.035956,F:0.0492763):0.0424975,E:0.246984):0.0175186);
Adding C [6/7]
ln(likelihood): -6302.4694 
(E:0.134145,((A:0.0326475,F:0.046258):0.0348396,(D:0.0546621,(B:0.0191807,C:0.0113989):0.0188793):0.0369166):0.134145);
Adding G [7/7]
ln(likelihood): 67.958202 
(((B:0.0182829,C:0.010501):0.0192348,((E:0.170945,G:0.201633):0.0914088,(A:0.0319586,F:0.045101):0.0353316):0.037025):0.0268229,D:0.0268229);
Testing global rearrangements
B:0.0182829 A:0.0319586
-48981.377 67.958202
E:0.170945 A:0.0319586
-43902.351 67.958202
E:0.170945 (A:0.0319586,F:0.045101):0.0353316
-35861.849 67.958202
E:0.170945 F:0.045101
-43902.351 67.958202
E:0.170945 D:0.0268229
-70113.904 67.958202
A:0.0319586 B:0.0182829
-42213.197 67.958202
A:0.0319586 (B:0.0182829,C:0.010501):0.0192348
-23860.298 67.958202
A:0.0319586 C:0.010501
-42213.197 67.958202
A:0.0319586 ((E:0.170945,G:0.201633):0.0914088,(A:0.0319586,F:0.045101):0.0353316):0.037025
-6894.2736 67.958202
D:0.0268229 E:0.170945
-73697.153 67.958202
D:0.0268229 (E:0.170945,G:0.201633):0.0914088
-17884.447 67.958202
D:0.0268229 G:0.201633
-73697.153 67.958202
Targeting migration to vicinity of:
F E
D G
A B
A C

A B
A C
A B
A C
D E
D G
F E
F G
Trying A B
A:0.0319586 (B:0.0182829,C:0.010501):0.0192348
1->2 0.055264656 156.5432 67.958202
2->1 0.066250235 157.71299 156.5432
p1->2 0.3957285 124.61561 157.71299
p2->1 0.083613388 141.46733 157.71299
A:0.0437221 B:0.0182829
1->2 0.01707634 81.256412 157.71299
2->1 0.063618705 158.00167 157.71299
p1->2 0.014303165 73.465294 158.00167
Trying A C
A:0.0319586 C:0.0095849
1->2 0.017016266 81.136994 158.00167
2->1 0.063832618 157.96191 158.00167
p1->2 0.014202423 73.391571 158.00167
A:0.0319586 (B:0.0173733,C:0.0117224):0.0199121
Trying D E
D:0.0266279 E:0.170945
1->2 0.0025434764 68.266624 158.00167
2->1 0.02840524 124.61817 158.00167
p2->1 0.050470028 124.61561 158.00167
D:0.0314727 (G:0.201633,E:0.170945):0.0922778
1->2 0.17986722 124.61561 158.00167
p2->1 1.9894611e-05 67.958202 158.00167
Trying D G
D:0.0268239 (G:0.201633,E:0.170945):0.0914088
D:0.0268239 G:0.201633
1->2 0.023536913 92.657095 158.00167
2->1 0.026290987 125.96891 158.00167
Trying F E
F:0.045101 E:0.170842
1->2 0.026682585 98.054955 158.00167
2->1 0.029793506 146.66856 158.00167
p1->2 0.3970964 80.379967 158.00167
p2->1 0.04049908 141.46738 158.00167
F:0.0518763 (G:0.201633,E:0.170945):0.0930252
1->2 0.42117655 141.46739 158.00167
p2->1 4.0751289e-05 67.958152 158.00167
Trying F G
F:0.0451061 (G:0.201633,E:0.170945):0.0914088
F:0.0451061 G:0.201633
1->2 3.9084634e-07 67.958169 158.00167
2->1 0.03475105 141.46739 158.00167
p1->2 0.42137316 67.958159 158.00167
Migration added
Local updates around node 1: 0 ln(lk):158.00167 
Local updates around node 2: 0 ln(lk):158.00167 
Updates in migration position: 0 ln(lk):158.00167 
Switches in migration direction: 0 ln(lk):158.00167 
ln(likelihood):158.00167 
Targeting migration to vicinity of:
D G
B F
F C
D E

B F
C F
D E
D G
D E
D G
F B
F C
Trying B F
B:0.0183032 F:0.0405894
1->2 0.018569048 166.63119 158.00167
2->1 0.010159736 163.78439 166.63119
p1->2 0.014252706 161.68104 166.63119
p2->1 0.011221911 161.33347 166.63119
Trying C F
C:0.00975697 F:0.0405921
1->2 0.018569048 165.30035 166.63119
2->1 0.011286461 165.20914 166.63119
p2->1 0.011093902 162.63199 166.63119
C:0.0114124 (A:0.0411864,F:0.0405275):0.0397132
1->2 0.10177718 192.23075 166.63119
p1->2 0.099995285 192.21366 192.23075
p2->1 0.0008357527 158.01038 192.23075
Trying D E
D:0.0266543 E:0.170945
1->2 3.8719494e-07 158.00163 192.23075
2->1 0.023109306 192.23229 192.23075
p2->1 0.31761113 192.21366 192.23229
D:0.0711948 (G:0.201633,E:0.170945):0.0904386
1->2 0.037649106 192.21366 192.23229
p2->1 3.5220734e-07 158.00167 192.23229
Trying D G
D:0.0266598 G:0.201633
1->2 0.021455709 177.89198 192.23229
2->1 0.020827172 193.68821 192.23229
D:0.0287851 (E:0.170844,G:0.201738):0.0904693
Trying F B
F:0.0406543 B:0.0183167
Trying F C
F:0.0406543 C:0.0105349
(A:0.0410735,F:0.0406543):0.0387348 C:0.0105349
Migration added
Local updates around node 1: 0 ln(lk):193.68821 
Local updates around node 2: 0 ln(lk):193.68821 
Updates in migration position: 5 ln(lk):199.03448 
Switches in migration direction: 0 ln(lk):199.03448 
Local updates around node 1: 0 ln(lk):199.03448 
Local updates around node 2: 0 ln(lk):199.03448 
Switches in migration direction: 0 ln(lk):199.03448 
Updates in migration position: 0 ln(lk):199.03448 
Trying all local rearrangements
Local rearrangements: 0 ln(lk):199.03448 
ln(likelihood):199.03533 
DONE.
