
TreeMix v. 1.13
$Revision: 231 $

npop:7 nsnp:18176136
Estimating covariance matrix in 45440 blocks of size 400
SEED: 1607916450
Starting from:
((G:0.267748,A:0.0610722):0.037481,B:0.037481);
Adding D [4/7]
ln(likelihood): -58691.625 
((G:0.275615,A:0.0664836):0.018076,(B:0.0466316,D:0.0684335):0.018076);
Adding E [5/7]
ln(likelihood): -9902.2682 
((A:0.061964,(G:0.202848,E:0.17222):0.0956759):0.017072,(B:0.0366289,D:0.0572153):0.017072);
Adding F [6/7]
ln(likelihood): -780.36068 
(B:0.0188172,(D:0.053754,((G:0.201904,E:0.171101):0.0910612,(A:0.0321457,F:0.0449917):0.0356792):0.0370759):0.0188172);
Adding C [7/7]
ln(likelihood): -818.60258 
(B:0.00914143,(C:0.010501,(((G:0.201633,E:0.170945):0.0914088,(A:0.0319586,F:0.045101):0.0353316):0.037025,D:0.0536457):0.0192348):0.00914143);
Testing global rearrangements
B:0.00914143 A:0.0319586
-351475.18 -818.60258
C:0.010501 B:0.00914143
-818.60258 -818.60258
G:0.201633 F:0.045101
-325556.05 -818.60258
G:0.201633 D:0.0536457
-513922.04 -818.60258
A:0.0319586 B:0.00914143
-307145.86 -818.60258
A:0.0319586 C:0.010501
-307145.86 -818.60258
(A:0.0319586,F:0.045101):0.0353316 E:0.170945
-265844.88 -818.60258
F:0.045101 B:0.00914143
-328756.39 -818.60258
F:0.045101 C:0.010501
-328756.39 -818.60258
F:0.045101 ((G:0.201633,E:0.170945):0.0914088,(A:0.0319586,F:0.045101):0.0353316):0.037025
-52748.844 -818.60258
F:0.045101 D:0.0536457
-191409.02 -818.60258
D:0.0536457 B:0.00914143
-30240.712 -818.60258
D:0.0536457 C:0.010501
-30240.712 -818.60258
Targeting migration to vicinity of:
E F
G D
A C
A B

A B
A C
A B
A C
G F
E F
G D
E D
Trying A B
A:0.0319586 B:0.00914143
1->2 0.016919507 -721.21243 -818.60258
2->1 0.063700333 -151.70867 -721.21243
p1->2 0.014171434 -778.26493 -151.70867
Trying A C
A:0.0319586 C:0.00959347
1->2 0.016859977 -721.59045 -151.70867
2->1 0.063832618 -151.96321 -151.70867
p1->2 0.014121434 -778.58218 -151.70867
p2->1 0.063700333 -151.70867 -151.70867
Trying E D
E:0.170945 D:0.0533196
1->2 0.02840524 -399.65413 -151.70867
2->1 0.0025052361 -816.39944 -151.70867
p1->2 0.040413067 -399.67024 -151.70867
p2->1 3.8719494e-07 -818.60442 -151.70867
(G:0.201633,E:0.170946):0.0914088 D:0.0536457
2->1 0.058598913 -399.67024 -151.70867
p2->1 4.0751289e-05 -818.60272 -151.70867
Trying E F
E:0.170945 F:0.045101
1->2 0.029897315 -234.86764 -151.70867
2->1 0.026833655 -596.03633 -151.70867
p1->2 0.43028674 -272.19109 -151.70867
p2->1 0.040413067 -728.53234 -151.70867
(G:0.197282,E:0.190151):0.0958796 F:0.045101
2->1 0.17948262 -272.19133 -151.70867
p1->2 4.0751289e-05 -818.60282 -151.70867
((G:0.201633,E:0.170945):0.0914088,(A:0.0319572,F:0.0451061):0.035333):0.037025 F:0.0451061
p1->2 3.8719494e-07 -818.60702 -151.70867
Trying G D
(G:0.201633,E:0.170945):0.0914088 D:0.0536457
G:0.201633 D:0.0536457
1->2 0.026199363 -389.39103 -151.70867
2->1 0.023753602 -633.75917 -151.70867
p2->1 0.030857163 -728.4603 -151.70867
Trying G F
(E:0.16732,G:0.218403):0.0949177 F:0.045101
G:0.218403 F:0.045101
1->2 0.03475105 -272.19117 -151.70867
2->1 3.9084634e-07 -818.60288 -151.70867
p2->1 0.42102641 -818.60258 -151.70867
((E:0.104473,G:0.716323):0.157881,(A:0.0319586,F:0.045101):0.0353316):0.037025 F:0.045101
Migration added
Local updates around node 1: 0 ln(lk):-151.70867 
Local updates around node 2: 0 ln(lk):-151.70867 
Updates in migration position: 0 ln(lk):-151.70867 
Switches in migration direction: 0 ln(lk):-151.70867 
ln(likelihood):-151.70869 
Targeting migration to vicinity of:
G D
B F
F C
D E

B F
C F
D G
D E
F B
F C
G D
E D
Trying B F
B:0.00810035 F:0.0405837
1->2 0.018634498 -87.587824 -151.70869
2->1 0.01008788 -108.78622 -87.587824
p2->1 0.011118238 -127.09366 -87.587824
Trying C F
C:0.00976397 (A:0.0411415,F:0.0405861):0.0396659
1->2 0.10177718 101.53768 -87.587824
2->1 0.010928518 -117.98137 101.53768
p1->2 0.10177718 101.53768 101.53768
p2->1 0.18111619 -150.78958 101.53768
C:0.0209107 F:0.0405516
1->2 0.018569048 -97.437281 101.53768
2->1 0.011182198 -98.657257 101.53768
p1->2 0.020075126 -92.64513 101.53768
Trying D E
D:0.0530982 E:0.170945
1->2 5.6427712e-07 -151.70891 101.53768
2->1 0.023109306 101.54512 101.53768
p1->2 3.8719494e-07 -151.71063 101.54512
p2->1 0.046731509 101.41589 101.54512
D:0.0617633 (G:0.201633,E:0.170945):0.0904363
1->2 0.04049908 101.41589 101.54512
p1->2 4.0751289e-05 -151.7088 101.54512
Trying D G
D:0.0533195 G:0.201633
1->2 0.021577841 -3.5667828 101.54512
2->1 0.0207092 112.51349 101.54512
p1->2 0.031139096 -57.774282 112.51349
D:0.0533195 (E:0.167294,G:0.218556):0.0932571
Trying E D
E:0.167294 D:0.0533195
(E:0.167294,G:0.218556):0.0932571 D:0.0533195
Trying F B
F:0.0405837 B:0.00810008
Trying F C
(A:0.0411463,F:0.0405837):0.0389064 C:0.0104674
F:0.0405837 C:0.0104674
Trying G D
G:0.218556 D:0.0533195
(E:0.167294,G:0.218556):0.0932571 D:0.0533195
Migration added
Local updates around node 1: 0 ln(lk):112.51349 
Local updates around node 2: 0 ln(lk):112.51349 
Updates in migration position: 4 ln(lk):153.76154 
Switches in migration direction: 0 ln(lk):153.76154 
Local updates around node 1: 0 ln(lk):153.76154 
Local updates around node 2: 0 ln(lk):153.76154 
Switches in migration direction: 0 ln(lk):153.76154 
Updates in migration position: 0 ln(lk):153.76154 
Trying all local rearrangements
Local rearrangements: 0 ln(lk):153.76154 
ln(likelihood):153.82588 
Targeting migration to vicinity of:
A E
G B
G C
E F

A E
F E
E A
E F
G B
G C
G B
G C
Trying A E
(A:0.042698,F:0.0401638):0.0390202 E:0.170835
1->2 0.030512087 235.38077 153.82588
2->1 0.099995285 236.73671 235.38077
p1->2 0.011671776 153.83752 236.73671
A:0.0426971 E:0.175979
1->2 0.030577701 236.76857 236.73671
2->1 0.0022793745 167.63346 236.76857
p2->1 0.099995285 153.82532 236.76857
Trying E A
E:0.170835 (F:0.0354205,A:0.0590193):0.0437638
E:0.170835 A:0.0590193
Trying E F
E:0.170835 F:0.0354205
1->2 0.0026311041 169.78759 236.76857
2->1 0.030577701 236.76857 236.76857
p1->2 0.39974564 153.82588 236.76857
E:0.170835 (A:0.0167122,F:0.154763):0.0650061
Trying F E
F:0.154763 E:0.170835
(A:0.0167122,F:0.154763):0.0650061 E:0.170835
Trying G B
G:0.201745 B:0.00914143
1->2 0.0014677973 164.54662 236.76857
2->1 0.020754183 237.58384 236.76857
p1->2 3.0968394e-07 153.82587 237.58384
Trying G C
G:0.201745 C:0.010501
1->2 0.0014239467 163.84653 237.58384
2->1 0.020754183 237.58384 237.58384
p1->2 1.5525809e-05 153.8261 237.58384
p2->1 0.020754183 237.58384 237.58384
Migration added
Local updates around node 1: 0 ln(lk):237.58384 
Local updates around node 2: 0 ln(lk):237.58384 
Updates in migration position: 2 ln(lk):238.16506 
Switches in migration direction: 0 ln(lk):238.16506 
Local updates around node 1: 0 ln(lk):238.16506 
Local updates around node 2: 0 ln(lk):238.16506 
Switches in migration direction: 0 ln(lk):238.16506 
Updates in migration position: 0 ln(lk):238.16506 
Trying all local rearrangements
Local rearrangements: 0 ln(lk):238.16506 
ln(likelihood):238.16878 
DONE.
