
TreeMix v. 1.13
$Revision: 231 $

npop:7 nsnp:18176136
Estimating covariance matrix in 45440 blocks of size 400
SEED: 1607916876
Starting from:
(C:0.0244032,(D:0.0716052,G:0.277989):0.0244032);
Adding B [4/7]
ln(likelihood): -462195.4 
((D:0.0337904,(C:0,B:0.00731424):0):0.166798,G:0.166798);
Adding F [5/7]
ln(likelihood): -92728.889 
(((D:0.055031,(C:0.0118765,B:0.0196584):0.0192054):0.0470858,G:0.271125):0.040556,F:0.040556);
Adding A [6/7]
ln(likelihood): -45688.634 
(((D:0.0539701,(C:0.0107068,B:0.0184887):0.0188793):0.035683,(F:0.0452453,A:0.0316348):0.035711):0.149843,G:0.149843);
Adding E [7/7]
ln(likelihood): -818.60258 
(((F:0.045101,A:0.0319586):0.0353316,(G:0.201633,E:0.170945):0.0914088):0.0185125,(D:0.0536457,(C:0.010501,B:0.0182829):0.0192348):0.0185125);
Testing global rearrangements
F:0.045101 G:0.201633
-322322.81 -818.60258
F:0.045101 (G:0.201633,E:0.170945):0.0914088
-52748.844 -818.60258
F:0.045101 E:0.170945
-322322.81 -818.60258
(F:0.045101,A:0.0319586):0.0353316 C:0.010501
-286248.06 -818.60258
(F:0.045101,A:0.0319586):0.0353316 (C:0.010501,B:0.0182829):0.0192348
-133090.91 -818.60258
(F:0.045101,A:0.0319586):0.0353316 B:0.0182829
-286248.06 -818.60258
A:0.0319586 G:0.201633
-326497.54 -818.60258
A:0.0319586 (G:0.201633,E:0.170945):0.0914088
-52748.844 -818.60258
A:0.0319586 E:0.170945
-326497.54 -818.60258
D:0.0536457 A:0.0319586
-196209.74 -818.60258
D:0.0536457 B:0.0182829
-30240.712 -818.60258
DONE.
