
TreeMix v. 1.13
$Revision: 231 $

npop:7 nsnp:18176136
Estimating covariance matrix in 9088 blocks of size 2000
SEED: 1607916450
Starting from:
((G:0.267748,A:0.0610722):0.037481,B:0.037481);
Adding D [4/7]
ln(likelihood): -12657.271 
((G:0.275615,A:0.0664836):0.018076,(B:0.0466316,D:0.0684335):0.018076);
Adding E [5/7]
ln(likelihood): -2046.5771 
((A:0.061964,(G:0.202848,E:0.17222):0.0956759):0.017072,(B:0.0366289,D:0.0572153):0.017072);
Adding F [6/7]
ln(likelihood): -44.217188 
(B:0.0188172,(D:0.053754,((G:0.201904,E:0.171101):0.0910612,(A:0.0321457,F:0.0449917):0.0356792):0.0370759):0.0188172);
Adding C [7/7]
ln(likelihood): -9.6439125 
(B:0.00914143,((D:0.0536457,((G:0.201633,E:0.170945):0.0914088,(A:0.0319586,F:0.045101):0.0353316):0.037025):0.0192348,C:0.010501):0.00914143);
Testing global rearrangements
B:0.00914143 A:0.0319586
-77636.656 -9.6439125
D:0.0536457 B:0.00914143
-6643.5619 -9.6439125
D:0.0536457 G:0.201633
-117056.87 -9.6439125
D:0.0536457 (G:0.201633,E:0.170945):0.0914088
-28513.462 -9.6439125
D:0.0536457 E:0.170945
-117056.87 -9.6439125
E:0.170945 F:0.045101
-69848.633 -9.6439125
A:0.0319586 B:0.00914143
-67013.266 -9.6439125
A:0.0319586 D:0.0536457
-38071.708 -9.6439125
A:0.0319586 C:0.010501
-67013.266 -9.6439125
(A:0.0319586,F:0.045101):0.0353316 E:0.170945
-57064.677 -9.6439125
F:0.045101 B:0.00914143
-71793.139 -9.6439125
F:0.045101 D:0.0536457
-40406.742 -9.6439125
F:0.045101 ((G:0.201633,E:0.170945):0.0914088,(A:0.0319586,F:0.045101):0.0353316):0.037025
-11077.99 -9.6439125
F:0.045101 C:0.010501
-71793.139 -9.6439125
C:0.010501 B:0.00914143
-9.6439125 -9.6439125
C:0.010501 D:0.0536457
-6643.5619 -9.6439125
Targeting migration to vicinity of:
E F
G D
A C
A B

A B
A C
A B
A C
G F
E F
G D
E D
Trying A B
A:0.0319586 B:0.00914143
1->2 0.01707634 11.461837 -9.6439125
2->1 0.063618705 133.41458 11.461837
p1->2 0.014252706 -0.90464315 133.41458
Trying A C
A:0.0319586 C:0.00958818
1->2 0.017016266 11.280797 133.41458
2->1 0.063832618 133.35222 133.41458
p1->2 0.014171434 -1.0177305 133.41458
p2->1 0.063618705 133.41458 133.41458
Trying E D
E:0.170945 D:0.0533196
1->2 0.02840524 80.341398 133.41458
2->1 0.0025434764 -9.156908 133.41458
p1->2 0.099995285 80.337426 133.41458
p2->1 3.8719494e-07 -9.6443165 133.41458
(G:0.201633,E:0.170946):0.0914088 D:0.0536457
2->1 0.058598913 80.337426 133.41458
p2->1 4.0751289e-05 -9.6439429 133.41458
Trying E F
E:0.170945 F:0.045101
1->2 0.029793506 115.42829 133.41458
2->1 0.026682585 38.145983 133.41458
p1->2 0.42102641 107.19154 133.41458
p2->1 0.040413067 10.045371 133.41458
(G:0.197282,E:0.190151):0.0958796 F:0.045101
2->1 0.17986722 107.19157 133.41458
p1->2 4.0751289e-05 -9.6439653 133.41458
Trying G D
(G:0.201633,E:0.170945):0.0914088 D:0.0536457
G:0.201633 D:0.0536457
1->2 0.026290987 82.493292 133.41458
2->1 0.023536913 29.631763 133.41458
p2->1 0.030857163 10.060751 133.41458
Trying G F
(E:0.16732,G:0.218403):0.0949177 F:0.045101
G:0.218403 F:0.045101
1->2 0.03475105 107.19156 133.41458
2->1 3.9084634e-07 -9.6439923 133.41458
p2->1 0.42102641 -9.6439125 133.41458
Migration added
Local updates around node 1: 0 ln(lk):133.41458 
Local updates around node 2: 0 ln(lk):133.41458 
Updates in migration position: 0 ln(lk):133.41458 
Switches in migration direction: 0 ln(lk):133.41458 
ln(likelihood):133.41458 
Targeting migration to vicinity of:
G D
B F
F C
D E

B F
C F
D G
D E
F B
F C
G D
E D
Trying B F
B:0.00808198 F:0.0405894
1->2 0.018634498 147.11759 133.41458
2->1 0.010159736 142.60112 147.11759
p2->1 0.011221911 138.70573 147.11759
Trying C F
C:0.00975697 (A:0.0411286,F:0.0405921):0.0396616
1->2 0.10177718 187.7814 147.11759
2->1 0.011093902 140.76195 187.7814
p1->2 0.10177718 187.7814 187.7814
p2->1 0.0057424628 133.42831 187.7814
C:0.0107185 F:0.0405884
1->2 0.018569048 145.00345 187.7814
2->1 0.011261761 144.85646 187.7814
p1->2 0.019961324 146.06715 187.7814
Trying D E
D:0.0530994 E:0.170945
1->2 5.6427712e-07 133.41453 187.7814
2->1 0.023109306 187.78375 187.7814
p1->2 3.8719494e-07 133.41416 187.78375
p2->1 0.046731509 187.75442 187.78375
D:0.061764 (G:0.201633,E:0.170945):0.0904386
1->2 0.04049908 187.75442 187.78375
p1->2 4.0751289e-05 133.41456 187.78375
Trying D G
D:0.0533196 G:0.201633
1->2 0.021455709 165.03124 187.78375
2->1 0.020827172 190.10148 187.78375
p1->2 0.031247443 153.99793 190.10148
D:0.0533196 (E:0.167281,G:0.218618):0.0932716
Trying E D
E:0.167281 D:0.0533196
(E:0.167281,G:0.218618):0.0932716 D:0.0533196
Trying F B
F:0.0405894 B:0.00808183
Trying F C
(A:0.0411337,F:0.0405894):0.0388989 C:0.0104669
F:0.0405894 C:0.0104669
Trying G D
G:0.218618 D:0.0533196
(E:0.167281,G:0.218618):0.0932716 D:0.0533196
Migration added
Local updates around node 1: 0 ln(lk):190.10148 
Local updates around node 2: 0 ln(lk):190.10148 
Updates in migration position: 4 ln(lk):198.61253 
Switches in migration direction: 0 ln(lk):198.61253 
Local updates around node 1: 0 ln(lk):198.61253 
Local updates around node 2: 0 ln(lk):198.61253 
Switches in migration direction: 0 ln(lk):198.61253 
Updates in migration position: 0 ln(lk):198.61253 
Trying all local rearrangements
Local rearrangements: 0 ln(lk):198.61253 
ln(likelihood):198.62805 
Targeting migration to vicinity of:
A E
G C
G B
E F

A E
F E
E A
E F
G B
G C
G B
G C
Trying A E
(A:0.0426749,F:0.0401728):0.0390091 E:0.170836
1->2 0.030512087 216.5398 198.62805
2->1 0.10146535 216.84528 216.5398
p1->2 0.011671776 198.63041 216.84528
A:0.042674 E:0.17598
1->2 0.030577701 216.85278 216.84528
2->1 0.0023141752 201.67277 216.85278
p2->1 0.39919356 198.62791 216.85278
Trying E A
E:0.170836 (F:0.0104664,A:0.184736):0.0687157
E:0.170836 A:0.184736
Trying E F
E:0.170836 F:0.0104664
1->2 0.0026963835 202.24391 216.85278
2->1 0.030577701 216.85278 216.85278
p1->2 4.0751289e-05 198.62805 216.85278
E:0.170836 (A:0.0426733,F:0.0401777):0.0390107
Trying F E
F:0.0401777 E:0.170836
(A:0.0426733,F:0.0401777):0.0390107 E:0.170836
Trying G B
G:0.201745 B:0.00914143
1->2 0.0014816187 201.00393 216.85278
2->1 0.020754183 217.02531 216.85278
p1->2 3.0968394e-07 198.62805 217.02531
Trying G C
G:0.201745 C:0.010501
1->2 0.0014373558 200.83272 217.02531
2->1 0.020754183 217.02531 217.02531
p1->2 1.506132e-05 198.6281 217.02531
p2->1 0.020754183 217.02531 217.02531
Migration added
Local updates around node 1: 0 ln(lk):217.02531 
Local updates around node 2: 0 ln(lk):217.02531 
Updates in migration position: 2 ln(lk):217.1355 
Switches in migration direction: 0 ln(lk):217.1355 
Local updates around node 1: 0 ln(lk):217.1355 
Local updates around node 2: 0 ln(lk):217.1355 
Switches in migration direction: 0 ln(lk):217.1355 
Updates in migration position: 0 ln(lk):217.1355 
Trying all local rearrangements
Local rearrangements: 0 ln(lk):217.1355 
ln(likelihood):217.1377 
DONE.
