
TreeMix v. 1.13
$Revision: 231 $

npop:7 nsnp:18176136
Estimating covariance matrix in 45440 blocks of size 400
SEED: 1607916309
Starting from:
(A:0.0629421,(B:0.0284474,D:0.0515583):0.0629421);
Adding F [4/7]
ln(likelihood): -103987.95 
((B:0.0335699,D:0.056073):0.0415916,(A:0.043922,F:0.0577518):0.0415916);
Adding E [5/7]
ln(likelihood): -66624.366 
((B:0.040807,D:0.0620697):0.0175186,((A:0.035956,F:0.0492763):0.0424975,E:0.246984):0.0175186);
Adding C [6/7]
ln(likelihood): -46267.433 
(E:0.134145,((A:0.0326475,F:0.046258):0.0348396,(D:0.0546621,(B:0.0191807,C:0.0113989):0.0188793):0.0369166):0.134145);
Adding G [7/7]
ln(likelihood): -818.60258 
(((D:0.0536457,(B:0.0182829,C:0.010501):0.0192348):0.037025,(E:0.170945,G:0.201633):0.0914088):0.0176658,(A:0.0319586,F:0.045101):0.0176658);
Testing global rearrangements
D:0.0536457 E:0.170945
-541151.74 -818.60258
D:0.0536457 (E:0.170945,G:0.201633):0.0914088
-133090.91 -818.60258
D:0.0536457 G:0.201633
-541151.74 -818.60258
(D:0.0536457,(B:0.0182829,C:0.010501):0.0192348):0.037025 A:0.0319586
-52748.844 -818.60258
B:0.0182829 (D:0.0536457,(B:0.0182829,C:0.010501):0.0192348):0.037025
-30240.712 -818.60258
B:0.0182829 E:0.170945
-796792.3 -818.60258
B:0.0182829 (E:0.170945,G:0.201633):0.0914088
-278359.96 -818.60258
B:0.0182829 G:0.201633
-796792.3 -818.60258
E:0.170945 F:0.045101
-325556.05 -818.60258
A:0.0319586 D:0.0536457
-180626.62 -818.60258
A:0.0319586 (D:0.0536457,(B:0.0182829,C:0.010501):0.0192348):0.037025
-52748.844 -818.60258
A:0.0319586 B:0.0182829
-307145.86 -818.60258
A:0.0319586 (B:0.0182829,C:0.010501):0.0192348
-180626.62 -818.60258
A:0.0319586 C:0.010501
-307145.86 -818.60258
(A:0.0319586,F:0.045101):0.0176658 E:0.170945
-265844.88 -818.60258
F:0.045101 D:0.0536457
-191409.02 -818.60258
F:0.045101 (D:0.0536457,(B:0.0182829,C:0.010501):0.0192348):0.037025
-52748.844 -818.60258
F:0.045101 B:0.0182829
-328756.39 -818.60258
F:0.045101 (B:0.0182829,C:0.010501):0.0192348
-191409.02 -818.60258
F:0.045101 C:0.010501
-328756.39 -818.60258
Targeting migration to vicinity of:
F E
D G
A C
A B

A B
A C
A B
A C
D E
D G
F E
F G
Trying A B
A:0.0319586 B:0.0182829
1->2 0.016919507 -721.21239 -818.60258
2->1 0.063700333 -151.70867 -721.21239
p1->2 0.014171434 -778.26491 -151.70867
p2->1 0.066028796 -153.72224 -151.70867
A:0.0414961 (C:0.010501,B:0.0182829):0.0195623
1->2 0.054962564 -165.36759 -151.70867
p1->2 0.23895025 -399.67024 -151.70867
p2->1 0.099838786 -272.19122 -151.70867
Trying A C
A:0.045989 (C:0.010501,B:0.0182829):0.0192348
A:0.045989 C:0.010501
1->2 0.016859977 -721.59036 -151.70867
2->1 0.063832618 -151.96322 -151.70867
p1->2 0.014121434 -778.58216 -151.70867
Trying D E
D:0.0532579 E:0.170945
1->2 0.0025142115 -816.39945 -151.70867
2->1 0.02840524 -399.65413 -151.70867
p1->2 0.42117655 -818.60258 -151.70867
p2->1 0.099995285 -399.67024 -151.70867
D:0.0722477 (G:0.201633,E:0.170945):0.0922778
1->2 0.048598293 -399.67024 -151.70867
p2->1 4.0751289e-05 -818.60268 -151.70867
Trying D G
D:0.0536516 G:0.201633
1->2 0.023753602 -633.75919 -151.70867
2->1 0.026199363 -389.39103 -151.70867
p1->2 0.10342383 -728.53227 -151.70867
D:0.0536457 (E:0.159617,G:0.263409):0.102618
Trying F E
F:0.045101 E:0.159617
1->2 0.026833655 -596.03633 -151.70867
2->1 0.029793506 -234.86746 -151.70867
p1->2 0.099995285 -728.53227 -151.70867
p2->1 0.04331401 -272.19122 -151.70867
F:0.0522858 (G:0.201633,E:0.170945):0.0930252
1->2 0.20712937 -272.19122 -151.70867
p1->2 0.0010909446 -818.60258 -151.70867
p2->1 0.66425264 -818.60258 -151.70867
Trying F G
F:0.400093 G:0.201633
1->2 3.8719494e-07 -818.60294 -151.70867
2->1 0.03475105 -272.19121 -151.70867
p1->2 0.12534989 -818.60258 -151.70867
F:0.045101 (E:0.157845,G:0.278546):0.104509
Migration added
Local updates around node 1: 0 ln(lk):-151.70867 
Local updates around node 2: 0 ln(lk):-151.70867 
Updates in migration position: 0 ln(lk):-151.70867 
Switches in migration direction: 0 ln(lk):-151.70867 
ln(likelihood):-151.70869 
Targeting migration to vicinity of:
D G
B F
F C
D E

B F
C F
D E
D G
D E
D G
F B
F C
Trying B F
(C:0.0104674,B:0.0183028):0.0195786 F:0.0405837
1->2 0.014334437 -123.65007 -151.70869
2->1 0.04049908 125.51812 -123.65007
p1->2 0.0083468379 -150.58917 125.51812
p2->1 0.065536126 101.41592 125.51812
B:0.0183149 F:0.0406465
1->2 0.018634498 -87.587894 125.51812
2->1 0.01008788 -108.78628 125.51812
p2->1 0.011118238 -127.09366 125.51812
Trying C F
C:0.00976397 (A:0.0411415,F:0.0405861):0.019833
1->2 0.10177718 101.53771 125.51812
2->1 0.010928518 -117.98135 125.51812
p1->2 0.69039536 101.41593 125.51812
C:0.010533 F:0.0406465
1->2 0.018569048 -97.437352 125.51812
2->1 0.011182198 -98.65724 125.51812
(B:0.0175136,C:0.0115028):0.0202078 F:0.0406023
Trying D E
D:0.0529093 E:0.170945
1->2 3.9084634e-07 -151.709 125.51812
2->1 0.023109306 101.54515 125.51812
p1->2 0.3970964 -151.70869 125.51812
p2->1 0.044005293 101.41592 125.51812
D:0.0612995 (G:0.201633,E:0.170945):0.0904363
1->2 0.09951704 101.41592 125.51812
p2->1 4.0751289e-05 -151.70877 125.51812
Trying D G
D:0.0533255 (G:0.201633,E:0.170945):0.0897431
D:0.0533255 G:0.201633
1->2 0.021577841 -3.566783 125.51812
2->1 0.0207092 112.51352 125.51812
p1->2 0.099995285 -57.777451 125.51812
Trying F B
F:0.0405837 (B:0.0183028,C:0.0104674):0.0195786
F:0.0405837 B:0.0183028
Trying F C
(A:0.0411463,F:0.0405837):0.019451 C:0.0104674
F:0.0405837 C:0.0104674
F:0.0405837 (B:0.0183028,C:0.0104674):0.0195786
Migration added
Local updates around node 1: 0 ln(lk):125.51812 
Local updates around node 2: 0 ln(lk):125.51812 
Updates in migration position: 1 ln(lk):143.28529 
Switches in migration direction: 0 ln(lk):143.28529 
Local updates around node 1: 0 ln(lk):143.28529 
Local updates around node 2: 0 ln(lk):143.28529 
Switches in migration direction: 0 ln(lk):143.28529 
Updates in migration position: 0 ln(lk):143.28529 
Trying all local rearrangements
Local rearrangements: 0 ln(lk):143.28529 
ln(likelihood):143.28529 
DONE.
