
TreeMix v. 1.13
$Revision: 231 $

npop:7 nsnp:18176136
Estimating covariance matrix in 30293 blocks of size 600
SEED: 1607916169
Starting from:
((D:0.0478517,C:0.0169062):0.0704314,F:0.0704314);
Adding G [4/7]
ln(likelihood): -36081.418 
((D:0.0676101,C:0.0379755):0.0195915,(F:0.0786181,G:0.273919):0.0195915);
Adding B [5/7]
ln(likelihood): -64125.107 
(F:0.0405561,(G:0.271125,(D:0.055031,(C:0.0118765,B:0.0196583):0.0192054):0.0470861):0.0405561);
Adding A [6/7]
ln(likelihood): -31437.239 
(((D:0.0539701,(C:0.0107068,B:0.0184886):0.0188793):0.0356833,(F:0.0452451,A:0.0316348):0.0357116):0.149842,G:0.149842);
Adding E [7/7]
ln(likelihood): -491.52855 
((C:0.010501,B:0.0182828):0.00961738,(D:0.0536458,((F:0.0451007,A:0.0319587):0.0353321,(G:0.201633,E:0.170946):0.0914086):0.0370254):0.00961738);
Testing global rearrangements
C:0.010501 D:0.0536458
-21079.923 -491.52855
C:0.010501 A:0.0319587
-244153.99 -491.52855
D:0.0536458 C:0.010501
-21079.923 -491.52855
D:0.0536458 G:0.201633
-372621.91 -491.52855
D:0.0536458 (G:0.201633,E:0.170946):0.0914086
-91376.612 -491.52855
D:0.0536458 E:0.170946
-372621.91 -491.52855
F:0.0451007 D:0.0536458
-130590.72 -491.52855
F:0.0451007 E:0.170946
-221130.43 -491.52855
(F:0.0451007,A:0.0319587):0.0353321 C:0.010501
-199167.99 -491.52855
(F:0.0451007,A:0.0319587):0.0353321 (C:0.010501,B:0.0182828):0.00961738
-91376.612 -491.52855
(F:0.0451007,A:0.0319587):0.0353321 B:0.0182828
-199167.99 -491.52855
A:0.0319587 G:0.201633
-223862.73 -491.52855
A:0.0319587 (G:0.201633,E:0.170946):0.0914086
-36013.681 -491.52855
A:0.0319587 E:0.170946
-223862.73 -491.52855
Targeting migration to vicinity of:
F E
D G
C A
B A

C A
B A
C A
B A
D G
D E
F G
F E
Trying B A
(C:0.010501,B:0.0182828):0.00961738 A:0.0319587
1->2 0.066113293 -35.802082 -491.52855
2->1 0.055077769 -42.926786 -35.802082
p2->1 0.10115437 -204.05912 -35.802082
B:0.0182828 A:0.0319587
1->2 0.063618705 -34.388245 -35.802082
2->1 0.016979244 -424.48947 -34.388245
p2->1 0.014202423 -463.75726 -34.388245
Trying C A
(C:0.00959142,B:0.0197301):0.00995604 A:0.0319587
C:0.00959142 A:0.0319587
1->2 0.063832618 -34.571854 -34.388245
2->1 0.016919507 -424.86751 -34.388245
p2->1 0.014121434 -464.02884 -34.388245
Trying D E
D:0.0532579 (G:0.201633,E:0.170946):0.0912426
1->2 0.19496332 -204.05912 -34.388245
2->1 0.051593695 -204.05912 -34.388245
p1->2 4.0751289e-05 -491.52859 -34.388245
D:0.0536458 E:0.170946
1->2 0.0025052361 -489.99344 -34.388245
2->1 0.02840524 -204.04748 -34.388245
p1->2 3.8719494e-07 -491.52991 -34.388245
Trying D G
D:0.0536458 (G:0.201633,E:0.170946):0.0914086
D:0.0536458 G:0.201633
1->2 0.023670606 -365.28146 -34.388245
2->1 0.026290987 -197.08012 -34.388245
p1->2 0.030857163 -429.25962 -34.388245
Trying F E
F:0.0451007 (E:0.167321,G:0.218403):0.0949175
1->2 0.17986722 -117.52457 -34.388245
2->1 0.42117655 -117.5246 -34.388245
p2->1 4.0751289e-05 -491.52871 -34.388245
F:0.0451059 E:0.170946
1->2 0.026775854 -338.85076 -34.388245
2->1 0.029793506 -91.629408 -34.388245
p1->2 0.046731509 -429.30917 -34.388245
Trying F G
F:0.0451007 (G:0.196646,E:0.193312):0.0965149
F:0.0451007 G:0.196646
1->2 3.9084634e-07 -491.52877 -34.388245
2->1 0.03475105 -117.5246 -34.388245
p1->2 0.43063542 -491.52844 -34.388245
Migration added
Local updates around node 1: 0 ln(lk):-34.388245 
Local updates around node 2: 0 ln(lk):-34.388245 
Updates in migration position: 0 ln(lk):-34.388245 
Switches in migration direction: 0 ln(lk):-34.388245 
ln(likelihood):-34.388236 
DONE.
