
TreeMix v. 1.13
$Revision: 231 $

npop:7 nsnp:18176136
Estimating covariance matrix in 6990 blocks of size 2600
SEED: 1607916876
Starting from:
(C:0.0244033,(D:0.0716066,G:0.27799):0.0244033);
Adding B [4/7]
ln(likelihood): -78401.749 
((D:0.033791,(C:0,B:0.00731451):0):0.166799,G:0.166799);
Adding F [5/7]
ln(likelihood): -15692.548 
(((D:0.0550312,(C:0.0118762,B:0.0196585):0.0192048):0.0470891,G:0.271125):0.0405563,F:0.0405563);
Adding A [6/7]
ln(likelihood): -7544.0491 
(((D:0.0539703,(C:0.0107064,B:0.0184888):0.0188784):0.0356865,(F:0.0452412,A:0.0316342):0.035716):0.149842,G:0.149842);
Adding E [7/7]
ln(likelihood): 38.41753 
(((D:0.0536459,(C:0.0105006,B:0.0182829):0.019234):0.0370286,(G:0.201633,E:0.170947):0.0914083):0.0176682,(F:0.045097,A:0.0319579):0.0176682);
Testing global rearrangements
D:0.0536459 G:0.201633
-90435.682 38.41753
D:0.0536459 (G:0.201633,E:0.170947):0.0914083
-21986.54 38.41753
D:0.0536459 E:0.170947
-90435.682 38.41753
(D:0.0536459,(C:0.0105006,B:0.0182829):0.019234):0.0370286 A:0.0319579
-8511.3647 38.41753
C:0.0105006 (D:0.0536459,(C:0.0105006,B:0.0182829):0.019234):0.0370286
-5103.1576 38.41753
C:0.0105006 G:0.201633
-136280.1 38.41753
C:0.0105006 (G:0.201633,E:0.170947):0.0914083
-48093.175 38.41753
C:0.0105006 E:0.170947
-136280.1 38.41753
G:0.201633 F:0.045097
-53921.675 38.41753
F:0.045097 D:0.0536459
-31146.207 38.41753
F:0.045097 (D:0.0536459,(C:0.0105006,B:0.0182829):0.019234):0.0370286
-8511.3647 38.41753
F:0.045097 C:0.0105006
-55502.912 38.41753
F:0.045097 (C:0.0105006,B:0.0182829):0.019234
-31146.207 38.41753
F:0.045097 B:0.0182829
-55502.912 38.41753
(F:0.045097,A:0.0319579):0.0176682 E:0.170947
-44048.296 38.41753
A:0.0319579 D:0.0536459
-29342.958 38.41753
A:0.0319579 (D:0.0536459,(C:0.0105006,B:0.0182829):0.019234):0.0370286
-8511.3647 38.41753
A:0.0319579 C:0.0105006
-51805.576 38.41753
A:0.0319579 (C:0.0105006,B:0.0182829):0.019234
-29342.958 38.41753
A:0.0319579 B:0.0182829
-51805.576 38.41753
DONE.
