
TreeMix v. 1.13
$Revision: 231 $

npop:7 nsnp:18176136
Estimating covariance matrix in 22720 blocks of size 800
SEED: 1607916450
Starting from:
((G:0.267748,A:0.0610722):0.037481,B:0.037481);
Adding D [4/7]
ln(likelihood): -30776.036 
((G:0.275615,A:0.0664836):0.018076,(B:0.0466316,D:0.0684335):0.018076);
Adding E [5/7]
ln(likelihood): -5127.7733 
((A:0.061964,(G:0.202848,E:0.17222):0.0956759):0.017072,(B:0.0366289,D:0.0572153):0.017072);
Adding F [6/7]
ln(likelihood): -329.5396 
(B:0.0188172,(D:0.053754,((G:0.201904,E:0.171101):0.0910612,(A:0.0321457,F:0.0449917):0.0356792):0.0370759):0.0188172);
Adding C [7/7]
ln(likelihood): -322.30797 
((B:0.0182829,(D:0.0536457,((G:0.201633,E:0.170945):0.0914088,(A:0.0319586,F:0.045101):0.0353316):0.037025):0.0192348):0.0052505,C:0.0052505);
Testing global rearrangements
B:0.0182829 A:0.0319586
-186771.18 -322.30797
D:0.0536457 B:0.0182829
-16144.066 -322.30797
D:0.0536457 G:0.201633
-284106.48 -322.30797
D:0.0536457 (G:0.201633,E:0.170945):0.0914088
-69569.271 -322.30797
D:0.0536457 E:0.170945
-284106.48 -322.30797
E:0.170945 F:0.045101
-170119.43 -322.30797
A:0.0319586 B:0.0182829
-162023.93 -322.30797
A:0.0319586 D:0.0536457
-93429.758 -322.30797
A:0.0319586 C:0.0052505
-162023.93 -322.30797
(A:0.0319586,F:0.045101):0.0353316 E:0.170945
-138971.27 -322.30797
F:0.045101 B:0.0182829
-173515.49 -322.30797
F:0.045101 D:0.0536457
-99092.736 -322.30797
F:0.045101 C:0.0052505
-173515.49 -322.30797
C:0.0052505 B:0.0182829
-322.30797 -322.30797
C:0.0052505 D:0.0536457
-16144.066 -322.30797
Targeting migration to vicinity of:
E F
G D
A B
A C

A B
A C
A B
A C
G F
E F
G D
E D
Trying A B
A:0.0319586 B:0.0182829
1->2 0.017016266 -271.17507 -322.30797
2->1 0.063618705 25.771216 -271.17507
p1->2 0.014252706 -301.13723 25.771216
p2->1 0.063832618 25.6278 25.771216
Trying A C
A:0.0411665 C:0.00423869
1->2 0.016979244 -271.51059 25.771216
2->1 0.063832618 25.6278 25.771216
p1->2 0.014171434 -301.36529 25.771216
Trying E D
(G:0.201633,E:0.170945):0.0912422 D:0.0532566
1->2 0.040413067 -103.51121 25.771216
2->1 0.43028674 -103.51121 25.771216
p2->1 4.0751289e-05 -322.30804 25.771216
E:0.170945 D:0.0536457
1->2 0.02840524 -103.50209 25.771216
2->1 0.0025052361 -321.14158 25.771216
p2->1 3.8719494e-07 -322.30895 25.771216
Trying E F
((F:0.045101,A:0.0319586):0.0353316,(G:0.201633,E:0.170946):0.0914088):0.0370251 F:0.045101
1->2 4.0751289e-05 -322.3081 25.771216
p1->2 3.8719494e-07 -322.31029 25.771216
(G:0.201633,E:0.170945):0.0914088 F:0.045101
1->2 0.3970964 -37.666136 25.771216
2->1 0.17948262 -37.666191 25.771216
E:0.170945 F:0.0463941
1->2 0.029793506 -17.847503 25.771216
2->1 0.026682585 -206.07952 25.771216
p2->1 0.040413067 -274.76535 25.771216
Trying G D
G:0.197282 D:0.0536457
1->2 0.026290987 -98.216964 25.771216
2->1 0.023670606 -226.39125 25.771216
p2->1 0.030857163 -274.72739 25.771216
(E:0.16732,G:0.218403):0.0949177 D:0.0536455
Trying G F
G:0.218403 F:0.045101
1->2 0.03475105 -37.666109 25.771216
2->1 3.9084634e-07 -322.30815 25.771216
p2->1 0.42102641 -322.30797 25.771216
((E:0.104473,G:0.716323):0.157881,(A:0.0319586,F:0.045101):0.0353316):0.037025 F:0.045101
(E:0.104473,G:0.716323):0.157881 F:0.045101
Migration added
Local updates around node 1: 0 ln(lk):25.771216 
Local updates around node 2: 0 ln(lk):25.771216 
Updates in migration position: 0 ln(lk):25.771216 
Switches in migration direction: 0 ln(lk):25.771216 
ln(likelihood):25.771227 
Targeting migration to vicinity of:
G D
B F
F C
D E

B F
C F
D G
D E
F B
F C
G D
E D
Trying B F
B:0.0183032 F:0.0405894
1->2 0.018634498 59.076827 25.771227
2->1 0.010123746 48.113703 59.076827
p1->2 0.018528711 53.939197 59.076827
p2->1 0.011157725 38.621497 59.076827
B:0.0194311 (A:0.0411285,F:0.0405923):0.0396607
1->2 0.10177718 158.02315 59.076827
p1->2 0.10177718 158.02315 158.02315
p2->1 0.23425055 28.865698 158.02315
Trying C F
C:0.00226238 F:0.040478
1->2 0.018528711 53.939192 158.02315
2->1 0.011221911 53.550606 158.02315
p2->1 0.011093902 43.580281 158.02315
C:0.00570618 (A:0.0411864,F:0.0405275):0.0397132
1->2 0.10177718 158.02315 158.02315
p2->1 0.18804134 26.318139 158.02315
Trying D E
(D:0.0532775,((G:0.201633,E:0.170945):0.0897183,(A:0.0411613,F:0.040555):0.0395407):0.0386164):0.0241544 E:0.170945
1->2 3.8719494e-07 25.770192 158.02315
p1->2 3.8719494e-07 25.769196 158.02315
D:0.0533196 E:0.170946
1->2 5.6427712e-07 25.771096 158.02315
2->1 0.023109306 158.02811 158.02315
p2->1 0.04049908 157.9584 158.02811
D:0.0607099 (G:0.201633,E:0.170945):0.0904386
1->2 0.046731509 157.9584 158.02811
p1->2 4.0751289e-05 25.771176 158.02811
Trying D G
D:0.0533196 (G:0.201633,E:0.170945):0.0897538
D:0.0533196 G:0.201633
1->2 0.021531111 102.85371 158.02811
2->1 0.020754183 163.70381 158.02811
p1->2 0.031247443 75.435282 163.70381
Trying E D
E:0.167281 D:0.0533196
(E:0.167281,G:0.218618):0.0932716 D:0.0533196
Trying F B
F:0.0405894 B:0.0183032
(A:0.0411337,F:0.0405894):0.0388989 B:0.0183032
Trying F C
F:0.0405894 C:0.00523343
(A:0.0411337,F:0.0405894):0.0388989 C:0.00523343
Trying G D
(E:0.167281,G:0.218618):0.0932716 D:0.0533196
G:0.218618 D:0.0533196
Migration added
Local updates around node 1: 0 ln(lk):163.70381 
Local updates around node 2: 0 ln(lk):163.70381 
Updates in migration position: 4 ln(lk):184.69988 
Switches in migration direction: 0 ln(lk):184.69988 
Local updates around node 1: 0 ln(lk):184.69988 
Local updates around node 2: 0 ln(lk):184.69988 
Switches in migration direction: 0 ln(lk):184.69988 
Updates in migration position: 0 ln(lk):184.69988 
Trying all local rearrangements
Local rearrangements: 0 ln(lk):184.69988 
ln(likelihood):184.73576 
Targeting migration to vicinity of:
A E
G B
G C
E F

A E
F E
E A
E F
G B
G C
G B
G C
Trying A E
(A:0.0426749,F:0.0401728):0.0390091 E:0.170836
1->2 0.030512087 227.9111 184.73576
2->1 0.098679066 228.6682 227.9111
p1->2 0.011671776 184.74149 228.6682
A:0.042674 E:0.17598
1->2 0.030577701 228.68531 228.6682
2->1 0.0022926051 192.03919 228.68531
p2->1 0.0009253035 184.73543 228.68531
Trying E A
E:0.170836 (F:0.0401325,A:0.0428011):0.0390496
E:0.170836 A:0.0428011
Trying E F
E:0.170836 (F:0.0401325,A:0.0428011):0.0390496
E:0.170836 F:0.0401325
1->2 0.0026712604 193.38175 228.68531
2->1 0.030577701 228.68531 228.68531
p1->2 4.0751289e-05 184.73576 228.68531
Trying F E
(A:0.0426733,F:0.0401777):0.0390107 E:0.170836
F:0.0401777 E:0.170836
Trying G B
G:0.201745 B:0.0182829
1->2 0.0014763242 190.45171 228.68531
2->1 0.020754183 229.10401 228.68531
p1->2 3.0968394e-07 184.73575 229.10401
p2->1 0.020754183 229.10403 229.10401
Trying G C
G:0.213005 C:0.0052505
1->2 0.0014322192 190.05776 229.10403
2->1 0.020754183 229.10403 229.10403
p1->2 1.9894611e-05 184.73595 229.10403
Migration added
Local updates around node 1: 0 ln(lk):229.10403 
Local updates around node 2: 0 ln(lk):229.10403 
Updates in migration position: 0 ln(lk):229.10403 
Switches in migration direction: 0 ln(lk):229.10403 
ln(likelihood):229.43725 
DONE.
