
TreeMix v. 1.13
$Revision: 231 $

npop:7 nsnp:18176136
Estimating covariance matrix in 15146 blocks of size 1200
SEED: 1607916876
Starting from:
(C:0.0244034,(D:0.0716056,G:0.277989):0.0244034);
Adding B [4/7]
ln(likelihood): -166232.09 
((D:0.0337906,(C:0,B:0.00731457):0):0.166798,G:0.166798);
Adding F [5/7]
ln(likelihood): -33320.113 
(((D:0.055031,(C:0.0118764,B:0.0196585):0.0192054):0.0470871,G:0.271125):0.040556,F:0.040556);
Adding A [6/7]
ln(likelihood): -16202.274 
(((D:0.05397,(C:0.0107067,B:0.0184888):0.0188792):0.0356843,(F:0.0452433,A:0.031635):0.035713):0.149842,G:0.149842);
Adding E [7/7]
ln(likelihood): -149.12888 
(((F:0.045099,A:0.0319589):0.0353336,(G:0.201633,E:0.170947):0.0914085):0.0185132,(D:0.0536457,(C:0.0105008,B:0.0182829):0.0192348):0.0185132);
Testing global rearrangements
F:0.045099 G:0.201633
-113873.82 -149.12888
F:0.045099 (G:0.201633,E:0.170947):0.0914085
-18390.937 -149.12888
F:0.045099 E:0.170947
-113873.82 -149.12888
(F:0.045099,A:0.0319589):0.0353336 C:0.0105008
-104054.17 -149.12888
(F:0.045099,A:0.0319589):0.0353336 (C:0.0105008,B:0.0182829):0.0192348
-47034.085 -149.12888
(F:0.045099,A:0.0319589):0.0353336 B:0.0182829
-104054.17 -149.12888
A:0.0319589 G:0.201633
-115227.54 -149.12888
A:0.0319589 (G:0.201633,E:0.170947):0.0914085
-18390.937 -149.12888
A:0.0319589 E:0.170947
-115227.54 -149.12888
D:0.0536457 A:0.0319589
-68508.005 -149.12888
D:0.0536457 C:0.0105008
-10972.588 -149.12888
DONE.
