
TreeMix v. 1.13
$Revision: 231 $

npop:7 nsnp:18176136
Estimating covariance matrix in 5345 blocks of size 3400
SEED: 1607916735
Starting from:
((D:0.0720069,E:0.247834):0.0247768,C:0.0247768);
Adding F [4/7]
ln(likelihood): -17073.891 
((D:0.082068,E:0.257631):0,(C:0.0524326,F:0.0927661):0);
Adding A [5/7]
ln(likelihood): -19958.01 
((D:0.0770459,E:0.253203):0,(C:0.0480001,(F:0.0495828,A:0.0362672):0.0543123):0);
Adding B [6/7]
ln(likelihood): -5926.1111 
((((C:0.0113981,B:0.0191802):0.0188781,D:0.0546617):0.0369222,(F:0.0462523,A:0.0326466):0.0348467):0.134147,E:0.134147);
Adding G [7/7]
ln(likelihood): 75.521631 
(((F:0.0450955,A:0.0319576):0.0353388,(E:0.170948,G:0.201633):0.0914091):0.0185153,((C:0.0105003,B:0.0182824):0.0192337,D:0.0536453):0.0185153);
Testing global rearrangements
F:0.0450955 E:0.170948
-40893.894 75.521631
F:0.0450955 (E:0.170948,G:0.201633):0.0914091
-6482.2598 75.521631
F:0.0450955 G:0.201633
-40893.894 75.521631
(F:0.0450955,A:0.0319576):0.0353388 C:0.0105003
-37754.388 75.521631
(F:0.0450955,A:0.0319576):0.0353388 (C:0.0105003,B:0.0182824):0.0192337
-16834.948 75.521631
(F:0.0450955,A:0.0319576):0.0353388 B:0.0182824
-37754.388 75.521631
A:0.0319576 E:0.170948
-41368.774 75.521631
A:0.0319576 (E:0.170948,G:0.201633):0.0914091
-6482.2598 75.521631
A:0.0319576 G:0.201633
-41368.774 75.521631
C:0.0105003 F:0.0450955
-46126.448 75.521631
C:0.0105003 (F:0.0450955,A:0.0319576):0.0353388
-36930.87 75.521631
C:0.0105003 A:0.0319576
-46126.448 75.521631
C:0.0105003 ((C:0.0105003,B:0.0182824):0.0192337,D:0.0536453):0.0185153
-3879.177 75.521631
D:0.0536453 F:0.0450955
-24469.364 75.521631
D:0.0536453 (F:0.0450955,A:0.0319576):0.0353388
-16834.948 75.521631
D:0.0536453 A:0.0319576
-24469.364 75.521631
D:0.0536453 ((F:0.0450955,A:0.0319576):0.0353388,(E:0.170948,G:0.201633):0.0914091):0.0185153
75.521631 75.521631
D:0.0536453 E:0.170948
-69394.628 75.521631
D:0.0536453 (E:0.170948,G:0.201633):0.0914091
-16834.948 75.521631
D:0.0536453 G:0.201633
-69394.628 75.521631
Targeting migration to vicinity of:
E F
D G
A B
C A

A C
A B
C A
B A
D E
D G
E F
G F
Trying A B
A:0.0319576 B:0.0182824
1->2 0.01707634 88.044497 75.521631
2->1 0.063618705 160.22029 88.044497
p1->2 0.014303165 80.710055 160.22029
p2->1 0.066113293 159.94481 160.22029
A:0.0415093 (C:0.0105003,B:0.0182824):0.0195618
1->2 0.055264656 158.95393 160.22029
p1->2 0.3970964 128.9064 160.22029
p2->1 0.099995285 144.62961 160.22029
Trying A C
A:0.0460097 C:0.0105003
1->2 0.017016266 87.93074 160.22029
2->1 0.063832618 160.18244 160.22029
p1->2 0.014202423 80.640119 160.22029
A:0.0319576 (B:0.0173727,C:0.0117218):0.0199111
Trying B A
B:0.0173727 A:0.0319576
(B:0.0173727,C:0.0117218):0.0199111 A:0.0319576
Trying C A
C:0.0117218 A:0.0319576
(B:0.0173727,C:0.0117218):0.0199111 A:0.0319576
Trying D E
D:0.0532552 E:0.170948
1->2 0.0025434764 75.812461 160.22029
2->1 0.028504353 128.90872 160.22029
p1->2 0.033863567 75.521631 160.22029
p2->1 0.05120283 128.9064 160.22029
D:0.0630723 (G:0.201633,E:0.170948):0.0922785
1->2 0.099995285 128.9064 160.22029
p1->2 0.17986722 75.521631 160.22029
p2->1 0.10342383 75.521631 160.22029
Trying D G
D:0.0667356 (G:0.201633,E:0.170948):0.0914091
D:0.0667356 G:0.201633
1->2 0.023536913 98.78452 160.22029
2->1 0.026290987 130.18085 160.22029
p1->2 0.3970964 87.222671 160.22029
Trying E F
E:0.109634 F:0.0450955
1->2 0.029793506 149.52894 160.22029
2->1 0.026589634 103.83965 160.22029
p1->2 0.41753212 144.62961 160.22029
p2->1 0.14470783 87.222671 160.22029
(G:0.185589,E:0.252304):0.107572 F:0.0450955
2->1 0.076227464 144.62961 160.22029
p1->2 4.0751289e-05 75.521617 160.22029
Trying G F
(G:0.201633,E:0.170948):0.0914091 F:0.0451006
G:0.201633 F:0.0451006
1->2 0.03475105 144.62951 160.22029
2->1 3.9084634e-07 75.521574 160.22029
p2->1 0.42141956 75.521631 160.22029
Migration added
Local updates around node 1: 0 ln(lk):160.22029 
Local updates around node 2: 0 ln(lk):160.22029 
Updates in migration position: 0 ln(lk):160.22029 
Switches in migration direction: 0 ln(lk):160.22029 
ln(likelihood):160.22029 
Targeting migration to vicinity of:
D G
F B
C F
E D

C F
B F
D E
D G
E D
G D
F C
F B
Trying B F
B:0.0183027 F:0.0405832
1->2 0.018634498 168.37641 160.22029
2->1 0.010159736 165.67035 168.37641
p1->2 0.014252706 163.70603 168.37641
p2->1 0.011221911 163.35976 168.37641
Trying C F
C:0.00975616 F:0.0405859
1->2 0.018634498 167.12215 168.37641
2->1 0.011286461 167.01208 168.37641
p2->1 0.011093902 164.58234 168.37641
C:0.0114117 (A:0.041186,F:0.0405212):0.0397211
1->2 0.10197032 192.47985 168.37641
p1->2 0.69039536 192.46386 192.47985
p2->1 0.00055647397 160.22845 192.47985
Trying D E
D:0.0533082 E:0.170948
1->2 3.8719494e-07 160.22025 192.47985
2->1 0.023109306 192.48129 192.47985
p1->2 0.033863567 160.22029 192.48129
p2->1 0.022640204 192.46386 192.48129
D:0.0578094 (G:0.201633,E:0.170948):0.0904393
1->2 0.076227464 192.46386 192.48129
p1->2 0.1043313 160.22029 192.48129
p2->1 0.33671704 160.22029 192.48129
Trying D G
D:0.150712 G:0.201633
1->2 0.021455709 178.95646 192.48129
2->1 0.020827172 193.85253 192.48129
p1->2 0.65312707 172.45331 193.85253
D:0.0533192 (E:5.67241e-05,G:2.16587):0.260498
Trying E D
E:5.67241e-05 D:0.0533192
(E:5.67241e-05,G:2.16587):0.260498 D:0.0533192
Trying F B
F:0.0405832 B:0.0183027
Trying F C
F:0.0405832 C:0.0104661
(A:0.0411332,F:0.0405832):0.0389044 C:0.0104661
Trying G D
G:2.16587 D:0.0533192
(E:5.67241e-05,G:2.16587):0.260498 D:0.0533192
Migration added
Local updates around node 1: 0 ln(lk):193.85253 
Local updates around node 2: 0 ln(lk):193.85253 
Updates in migration position: 4 ln(lk):198.86307 
Switches in migration direction: 0 ln(lk):198.86307 
Local updates around node 1: 0 ln(lk):198.86307 
Local updates around node 2: 0 ln(lk):198.86307 
Switches in migration direction: 0 ln(lk):198.86307 
Updates in migration position: 0 ln(lk):198.86307 
Trying all local rearrangements
Local rearrangements: 0 ln(lk):198.86307 
ln(likelihood):198.87321 
Targeting migration to vicinity of:
E A
B G
C G
E F

C G
B G
C G
B G
E F
E A
E F
E A
Trying B G
B:0.0182824 G:0.201744
1->2 0.020754183 209.80574 198.87321
2->1 0.0014816187 200.28485 209.80574
p1->2 0.029420836 209.81185 209.80574
p2->1 3.0968394e-07 198.87321 209.81185
(C:0.0105002,B:0.0182824):0.0166462 G:0.201744
2->1 0.0047838055 207.99581 209.81185
p1->2 0.070108704 209.87286 209.81185
p2->1 3.0968394e-07 198.87321 209.87286
Trying C G
(C:0.0105003,B:0.0182824):0.0166462 G:0.201744
C:0.0105003 G:0.201744
1->2 0.020754183 209.80574 209.87286
2->1 0.0014373558 200.18202 209.87286
p2->1 1.1295716e-05 198.87322 209.87286
Trying E A
E:0.170838 A:0.042674
1->2 0.0023141752 200.69176 209.87286
2->1 0.030577701 209.70322 209.87286
p1->2 0.098679066 198.87309 209.87286
p2->1 0.030512087 209.52633 209.87286
E:0.185281 (F:0.040242,A:0.0426182):0.0396312
1->2 0.0070466255 209.69859 209.87286
p2->1 0.012027409 198.87463 209.87286
Trying E F
E:0.176142 (F:0.0401685,A:0.0426731):0.0390184
E:0.176142 F:0.0401685
1->2 0.0026963835 201.01998 209.87286
2->1 0.030577701 209.70322 209.87286
p1->2 4.0751289e-05 198.87321 209.87286
Migration added
Local updates around node 1: 0 ln(lk):209.87286 
Local updates around node 2: 0 ln(lk):209.87286 
Updates in migration position: 0 ln(lk):209.87286 
Switches in migration direction: 0 ln(lk):209.87286 
ln(likelihood):209.87384 
Targeting migration to vicinity of:
E A
F G
B G
C G

E A
G F
F G
A E
Trying A E
A:0.042711 E:0.163187
1->2 0.0014902257 209.89336 209.87384
2->1 0.00018207697 209.88305 209.89336
p1->2 0.00013324572 209.87384 209.89336
p2->1 0.099995285 209.87383 209.89336
Trying E A
E:0.163187 A:0.0589546
Trying F G
F:0.0354883 G:0.242051
1->2 0.001653441 209.8946 209.89336
2->1 0.00018836523 209.88692 209.8946
p1->2 3.6306955e-07 209.87384 209.8946
p2->1 0.10146535 209.87384 209.8946
Trying G F
G:0.242051 F:0.0545692
Migration added
Local updates around node 1: 0 ln(lk):209.8946 
Local updates around node 2: 0 ln(lk):209.8946 
Updates in migration position: 0 ln(lk):209.8946 
Switches in migration direction: 0 ln(lk):209.8946 
ln(likelihood):209.90331 
Targeting migration to vicinity of:
E A
C F
F B
D F

C F
B F
C F
B F
E A
F C
F B
Trying B F
B:0.0182824 F:0.0402392
1->2 6.2155857e-05 209.90337 209.90331
2->1 3.6535048e-06 209.90331 209.90337
p1->2 9.0580048e-05 209.90338 209.90337
p2->1 3.0968394e-07 209.90331 209.90338
(D:0.0592803,(C:0.0105003,B:0.0182824):0.0166893):0.0321309 F:0.0402392
1->2 0.00020513906 209.90338 209.90338
2->1 9.0580048e-05 209.90337 209.90338
p2->1 6.2716344e-06 209.90331 209.90338
(C:0.0105003,B:0.0182824):0.0166893 F:0.0402392
2->1 1.3910027e-05 209.90331 209.90338
p2->1 3.0968394e-07 209.90331 209.90338
Trying C F
C:0.0105003 F:0.0402392
1->2 6.2155857e-05 209.90337 209.90338
2->1 3.6879585e-06 209.90331 209.90338
p2->1 3.0968394e-07 209.90331 209.90338
(D:0.0592803,(B:0.0182823,C:0.0105003):0.0166893):0.0321309 F:0.0402392
(B:0.0182823,C:0.0105003):0.0166893 F:0.0402392
Trying E A
E:0.162745 A:0.0425471
1->2 3.693641e-05 209.90338 209.90338
2->1 0.0063911565 209.90342 209.90338
p1->2 0.085796408 209.90331 209.90342
p2->1 4.0751289e-05 209.90331 209.90342
Trying F B
F:0.0402392 B:0.0182824
F:0.0402392 (D:0.0592803,(B:0.0182824,C:0.0105003):0.0166893):0.0321309
F:0.0402392 (B:0.0182824,C:0.0105003):0.0166893
Trying F C
F:0.0402392 C:0.0105003
F:0.0402392 (D:0.0592803,(B:0.0182824,C:0.0105003):0.0166893):0.0321309
F:0.0402392 (B:0.0182824,C:0.0105003):0.0166893
Migration added
Local updates around node 1: 0 ln(lk):209.90342 
Local updates around node 2: 0 ln(lk):209.90342 
Updates in migration position: 0 ln(lk):209.90342 
Switches in migration direction: 0 ln(lk):209.90342 
ln(likelihood):209.90342 
DONE.
