
TreeMix v. 1.13
$Revision: 231 $

npop:7 nsnp:18176136
Estimating covariance matrix in 5680 blocks of size 3200
SEED: 1607916592
Starting from:
((D:0.0515583,B:0.0284474):0.0629421,A:0.0629421);
Adding G [4/7]
ln(likelihood): -7950.2664 
((D:0.0684335,B:0.0466316):0.018076,(A:0.0664836,G:0.275615):0.018076);
Adding C [5/7]
ln(likelihood): -10480.71 
(A:0.0339723,(G:0.272755,(D:0.0558206,(B:0.0204675,C:0.0126857):0.0192642):0.0466082):0.0339723);
Adding F [6/7]
ln(likelihood): -6122.7963 
(((D:0.0539701,(B:0.0184887,C:0.0107068):0.0188793):0.035683,(A:0.0316348,F:0.0452453):0.035711):0.149843,G:0.149843);
Adding E [7/7]
ln(likelihood): 67.958202 
((B:0.0182829,C:0.010501):0.0096174,(D:0.0536457,((A:0.0319586,F:0.045101):0.0353316,(G:0.201633,E:0.170945):0.0914088):0.037025):0.0096174);
Testing global rearrangements
B:0.0182829 A:0.0319586
-48981.377 67.958202
D:0.0536457 B:0.0182829
-4131.9781 67.958202
D:0.0536457 G:0.201633
-73697.153 67.958202
D:0.0536457 (G:0.201633,E:0.170945):0.0914088
-17884.447 67.958202
D:0.0536457 E:0.170945
-73697.153 67.958202
A:0.0319586 B:0.0182829
-42213.197 67.958202
A:0.0319586 (B:0.0182829,C:0.010501):0.0096174
-23860.298 67.958202
A:0.0319586 C:0.010501
-42213.197 67.958202
A:0.0319586 D:0.0536457
-23860.298 67.958202
A:0.0319586 ((A:0.0319586,F:0.045101):0.0353316,(G:0.201633,E:0.170945):0.0914088):0.037025
-6894.2736 67.958202
G:0.201633 B:0.0182829
-105172.35 67.958202
G:0.201633 (B:0.0182829,C:0.010501):0.0096174
-70113.904 67.958202
G:0.201633 C:0.010501
-105172.35 67.958202
G:0.201633 D:0.0536457
-70113.904 67.958202
G:0.201633 ((A:0.0319586,F:0.045101):0.0353316,(G:0.201633,E:0.170945):0.0914088):0.037025
-35861.849 67.958202
Targeting migration to vicinity of:
F E
D G
B A
A C

A B
A C
B A
C A
D G
D E
F G
F E
Trying A B
A:0.0319586 B:0.0182829
1->2 0.01707634 81.256421 67.958202
2->1 0.063618705 158.00168 81.256421
p1->2 0.014303165 73.465298 158.00168
p2->1 0.066250235 157.71298 158.00168
A:0.0415318 (C:0.010501,B:0.0182829):0.00978185
1->2 0.055264656 156.5432 158.00168
p1->2 0.11162595 124.61561 158.00168
Trying A C
A:0.0319586 C:0.010501
1->2 0.017016266 81.136986 158.00168
2->1 0.063832618 157.96191 158.00168
p1->2 0.014202423 73.391573 158.00168
A:0.0319586 (B:0.0173733,C:0.0117224):0.00995606
Trying B A
B:0.0173733 A:0.0319586
(B:0.0173733,C:0.0117224):0.00995606 A:0.0319586
Trying C A
C:0.0117224 A:0.0319586
(B:0.0173733,C:0.0117224):0.00995606 A:0.0319586
Trying D E
D:0.0532557 E:0.170945
1->2 0.0025434764 68.266647 158.00168
2->1 0.02840524 124.61817 158.00168
p1->2 3.8719494e-07 67.95793 158.00168
p2->1 0.051593695 124.61561 158.00168
D:0.0631394 (G:0.201633,E:0.170945):0.0922778
1->2 0.091345936 124.61561 158.00168
p1->2 4.0751289e-05 67.958194 158.00168
Trying D G
D:0.0536457 G:0.201633
1->2 0.023536913 92.657095 158.00168
2->1 0.026290987 125.96891 158.00168
p1->2 0.030857163 80.38951 158.00168
D:0.0536455 (E:0.16732,G:0.218403):0.0949177
Trying F E
F:0.045101 E:0.16732
1->2 0.026682585 98.054928 158.00168
2->1 0.029793506 146.66856 158.00168
p1->2 0.040413067 80.379964 158.00168
p2->1 0.39919356 141.46738 158.00168
F:0.165812 (G:0.201633,E:0.170945):0.0930252
1->2 0.17986722 141.4674 158.00168
p2->1 4.0751289e-05 67.95817 158.00168
Trying F G
F:0.0451061 G:0.201633
1->2 3.9084634e-07 67.958152 158.00168
2->1 0.03475105 141.4674 158.00168
p1->2 0.3970964 67.958202 158.00168
F:0.045101 (E:0.11074,G:0.65457):0.151614
Migration added
Local updates around node 1: 0 ln(lk):158.00168 
Local updates around node 2: 0 ln(lk):158.00168 
Updates in migration position: 0 ln(lk):158.00168 
Switches in migration direction: 0 ln(lk):158.00168 
ln(likelihood):158.00168 
Targeting migration to vicinity of:
D G
B F
C F
D E

B F
C F
B F
C F
D G
D E
D G
D E
Trying B F
B:0.0183032 F:0.0405894
1->2 0.018634498 166.63121 158.00168
2->1 0.010159736 163.7844 166.63121
p1->2 0.014252706 161.68106 166.63121
p2->1 0.011221911 161.33348 166.63121
Trying C F
C:0.00975697 F:0.0405921
1->2 0.018569048 165.30036 166.63121
2->1 0.011286461 165.20915 166.63121
p2->1 0.011093902 162.63199 166.63121
C:0.0114124 (A:0.0411864,F:0.0405275):0.0397132
1->2 0.10177718 192.23074 166.63121
p1->2 0.69039536 192.21365 192.23074
p2->1 0.19249953 158.158 192.23074
Trying D E
D:0.0532757 (G:0.201633,E:0.170945):0.0897168
1->2 0.22138484 192.21365 192.23074
2->1 0.022640204 192.21365 192.23074
p1->2 4.0751289e-05 158.00167 192.23074
D:0.0533196 E:0.170945
1->2 5.6427712e-07 158.00163 192.23074
2->1 0.023109306 192.23228 192.23074
p1->2 3.8719494e-07 158.0014 192.23228
Trying D G
D:0.0533196 G:0.201633
1->2 0.021455709 177.89198 192.23228
2->1 0.020827172 193.6882 192.23228
p1->2 0.031247443 170.98844 193.6882
D:0.0533196 (E:0.167281,G:0.218618):0.0932716
Migration added
Local updates around node 1: 0 ln(lk):193.6882 
Local updates around node 2: 0 ln(lk):193.6882 
Updates in migration position: 4 ln(lk):199.02551 
Switches in migration direction: 0 ln(lk):199.02551 
Local updates around node 1: 0 ln(lk):199.02551 
Local updates around node 2: 0 ln(lk):199.02551 
Switches in migration direction: 0 ln(lk):199.02551 
Updates in migration position: 0 ln(lk):199.02551 
Trying all local rearrangements
Local rearrangements: 0 ln(lk):199.02551 
ln(likelihood):199.03532 
Targeting migration to vicinity of:
A E
B G
G C
F E

A E
F E
B G
C G
A E
F E
G B
G C
Trying A E
A:0.0426748 E:0.170836
1->2 0.030577701 210.53202 199.03532
2->1 0.0023141752 200.95635 210.53202
p1->2 0.030512087 210.338 210.53202
p2->1 0.3968578 199.03523 210.53202
(F:0.0107715,A:0.182797):0.0684109 E:0.170836
2->1 0.099995285 210.52712 210.53202
p1->2 0.011671776 199.0368 210.53202
Trying B G
(C:0.010501,B:0.0182829):0.00832678 G:0.200673
1->2 0.029420836 210.64765 210.53202
2->1 0.0048287008 208.72211 210.64765
p2->1 3.0968394e-07 199.03532 210.64765
B:0.0182829 G:0.201745
1->2 0.020754183 210.6414 210.64765
2->1 0.0014816187 200.53382 210.64765
p2->1 3.0968394e-07 199.03532 210.64765
Trying C G
C:0.010501 G:0.201745
1->2 0.020754183 210.64141 210.64765
2->1 0.0014373558 200.4249 210.64765
p2->1 1.1190189e-05 199.03534 210.64765
(B:0.0182819,C:0.0105022):0.00832366 G:0.201745
Trying F E
F:0.0401731 E:0.170836
1->2 0.030577701 210.53202 210.64765
2->1 0.0026963835 201.32351 210.64765
p2->1 4.0751289e-05 199.03532 210.64765
(A:0.0426732,F:0.0401779):0.0390109 E:0.170836
Trying G B
G:0.201745 (B:0.0182829,C:0.010501):0.00832332
G:0.201745 B:0.0182829
Trying G C
G:0.201745 C:0.010501
G:0.201745 (B:0.0182829,C:0.010501):0.00832332
Migration added
Local updates around node 1: 0 ln(lk):210.64765 
Local updates around node 2: 0 ln(lk):210.64765 
Updates in migration position: 1 ln(lk):210.71272 
Switches in migration direction: 0 ln(lk):210.71272 
Local updates around node 1: 0 ln(lk):210.71272 
Local updates around node 2: 0 ln(lk):210.71272 
Switches in migration direction: 0 ln(lk):210.71272 
Updates in migration position: 0 ln(lk):210.71272 
Trying all local rearrangements
Local rearrangements: 0 ln(lk):210.71272 
ln(likelihood):210.71411 
Targeting migration to vicinity of:
A E
G F
B G
G C

A E
F G
G F
E A
Trying A E
A:0.0427264 E:0.163251
1->2 0.0015184222 210.73556 210.71411
2->1 0.00018836523 210.7246 210.73556
p1->2 4.0751289e-05 210.71411 210.73556
p2->1 0.17986722 210.71413 210.73556
Trying E A
E:0.163251 A:0.0774644
Trying F G
F:0.0308543 G:0.241656
1->2 0.0016191556 210.73555 210.73556
2->1 0.0001837937 210.72726 210.73556
p1->2 3.6591351e-05 210.71411 210.73556
p2->1 4.0751289e-05 210.71411 210.73556
Trying G F
G:0.241656 F:0.0401621
Migration added
Local updates around node 1: 0 ln(lk):210.73556 
Local updates around node 2: 0 ln(lk):210.73556 
Updates in migration position: 0 ln(lk):210.73556 
Switches in migration direction: 0 ln(lk):210.73556 
ln(likelihood):210.74545 
DONE.
