
TreeMix v. 1.13
$Revision: 231 $

npop:7 nsnp:18176136
Estimating covariance matrix in 6058 blocks of size 3000
SEED: 1607916309
Starting from:
(A:0.0629457,(B:0.0284465,D:0.0515582):0.0629457);
Adding F [4/7]
ln(likelihood): -14661.997 
((B:0.0335683,D:0.0560723):0.0415958,(A:0.0439222,F:0.0577482):0.0415958);
Adding E [5/7]
ln(likelihood): -9513.6736 
((B:0.0408063,D:0.0620697):0.0175204,((A:0.0359553,F:0.0492721):0.0425023,E:0.246985):0.0175204);
Adding C [6/7]
ln(likelihood): -6724.6158 
(E:0.134146,((A:0.0326468,F:0.0462539):0.0348444,(D:0.0546623,(B:0.0191808,C:0.0113984):0.0188784):0.0369202):0.134146);
Adding G [7/7]
ln(likelihood): 59.477413 
(((D:0.0536459,(B:0.0182829,C:0.0105006):0.019234):0.0370286,(E:0.170947,G:0.201633):0.0914083):0.0176682,(A:0.0319579,F:0.045097):0.0176682);
Testing global rearrangements
D:0.0536459 E:0.170947
-78540.582 59.477413
D:0.0536459 (E:0.170947,G:0.201633):0.0914083
-19074.722 59.477413
D:0.0536459 G:0.201633
-78540.582 59.477413
(D:0.0536459,(B:0.0182829,C:0.0105006):0.019234):0.0370286 A:0.0319579
-7364.4356 59.477413
B:0.0182829 (D:0.0536459,(B:0.0182829,C:0.0105006):0.019234):0.0370286
-4413.0921 59.477413
B:0.0182829 E:0.170947
-119536.58 59.477413
B:0.0182829 (E:0.170947,G:0.201633):0.0914083
-41860.196 59.477413
B:0.0182829 G:0.201633
-119536.58 59.477413
E:0.170947 F:0.045097
-46813.239 59.477413
A:0.0319579 D:0.0536459
-25451.204 59.477413
A:0.0319579 (D:0.0536459,(B:0.0182829,C:0.0105006):0.019234):0.0370286
-7364.4356 59.477413
A:0.0319579 B:0.0182829
-44998.082 59.477413
A:0.0319579 (B:0.0182829,C:0.0105006):0.019234
-25451.204 59.477413
A:0.0319579 C:0.0105006
-44998.082 59.477413
(A:0.0319579,F:0.045097):0.0176682 E:0.170947
-38234.294 59.477413
F:0.045097 D:0.0536459
-27018.143 59.477413
F:0.045097 (D:0.0536459,(B:0.0182829,C:0.0105006):0.019234):0.0370286
-7364.4356 59.477413
F:0.045097 B:0.0182829
-48212.554 59.477413
F:0.045097 (B:0.0182829,C:0.0105006):0.019234
-27018.143 59.477413
F:0.045097 C:0.0105006
-48212.554 59.477413
Targeting migration to vicinity of:
F E
D G
A B
A C

A B
A C
A B
A C
D E
D G
F E
F G
Trying A B
A:0.0319579 B:0.0182829
1->2 0.01707634 73.654351 59.477413
2->1 0.063618705 155.39812 73.654351
p1->2 0.014303165 65.350162 155.39812
p2->1 0.066113293 155.08802 155.39812
A:0.0415093 (C:0.0105006,B:0.0182829):0.0195621
1->2 0.055264656 153.90974 155.39812
p1->2 0.078036837 119.89144 155.39812
p2->1 0.17986722 137.76529 155.39812
Trying A C
A:0.0594125 (C:0.0105006,B:0.0182829):0.019234
A:0.0594125 C:0.0105006
1->2 0.017016266 73.527701 155.39812
2->1 0.063832618 155.35558 155.39812
p1->2 0.014202423 65.271926 155.39812
Trying D E
D:0.0532558 E:0.170947
1->2 0.0025288016 59.805585 155.39812
2->1 0.02840524 119.89408 155.39812
p1->2 0.39919356 59.477401 155.39812
p2->1 0.10342383 119.89144 155.39812
D:0.0729547 (G:0.201633,E:0.170947):0.0922776
1->2 0.052354887 119.89144 155.39812
p2->1 4.0751289e-05 59.477399 155.39812
Trying D G
D:0.0536518 G:0.201633
1->2 0.023536913 85.816192 155.39812
2->1 0.026290987 121.33522 155.39812
p1->2 0.12586832 72.71708 155.39812
D:0.0536459 (E:0.156984,G:0.279777):0.105252
Trying F E
F:0.045097 E:0.156984
1->2 0.026682585 91.546482 155.39812
2->1 0.029793506 143.30765 155.39812
p1->2 0.13444278 72.71708 155.39812
p2->1 0.28155011 137.76529 155.39812
F:0.108266 (G:0.201633,E:0.170947):0.0930239
1->2 0.11543796 137.76529 155.39812
p1->2 0.99523711 59.477413 155.39812
p2->1 0.016859977 59.477413 155.39812
Trying F G
F:0.046657 G:0.201633
1->2 3.8719494e-07 59.47735 155.39812
2->1 0.03475105 137.76522 155.39812
p1->2 0.0011245519 59.477413 155.39812
F:0.045097 (E:0.170844,G:0.202191):0.0915112
Migration added
Local updates around node 1: 0 ln(lk):155.39812 
Local updates around node 2: 0 ln(lk):155.39812 
Updates in migration position: 0 ln(lk):155.39812 
Switches in migration direction: 0 ln(lk):155.39812 
ln(likelihood):155.39812 
Targeting migration to vicinity of:
D G
B F
F C
D E

B F
C F
D E
D G
D E
D G
F B
F C
Trying B F
B:0.0183032 F:0.040585
1->2 0.018634498 164.6195 155.39812
2->1 0.010159736 161.56776 164.6195
p1->2 0.014252706 159.33811 164.6195
p2->1 0.011221911 158.95236 164.6195
Trying C F
C:0.00975649 (A:0.0411283,F:0.0405877):0.0198335
1->2 0.10197032 191.90284 164.6195
2->1 0.011093902 160.33466 191.90284
p1->2 0.69039536 191.88474 191.90284
C:0.0105324 F:0.0406482
1->2 0.018569048 163.19989 191.90284
2->1 0.011286461 163.08518 191.90284
Trying D E
D:0.0529057 E:0.170947
1->2 3.9084634e-07 155.39807 191.90284
2->1 0.023109306 191.90448 191.90284
p1->2 0.43554473 155.39812 191.90448
p2->1 0.051593695 191.88474 191.90448
D:0.0626029 (G:0.201633,E:0.170947):0.0904384
1->2 0.35938364 191.88474 191.90448
p2->1 4.0751289e-05 155.39811 191.90448
Trying D G
D:0.0533257 (G:0.201633,E:0.170947):0.0897443
D:0.0533257 G:0.201633
1->2 0.021455709 176.6105 191.90448
2->1 0.020827172 193.45771 191.90448
p1->2 0.23847605 169.24035 193.45771
Trying F B
F:0.040585 B:0.0183032
Trying F C
(A:0.0411333,F:0.040585):0.0194509 C:0.0104664
F:0.040585 C:0.0104664
Migration added
Local updates around node 1: 0 ln(lk):193.45771 
Local updates around node 2: 0 ln(lk):193.45771 
Updates in migration position: 4 ln(lk):199.14084 
Switches in migration direction: 0 ln(lk):199.14084 
Local updates around node 1: 0 ln(lk):199.14084 
Local updates around node 2: 0 ln(lk):199.14084 
Switches in migration direction: 0 ln(lk):199.14084 
Updates in migration position: 0 ln(lk):199.14084 
Trying all local rearrangements
Local rearrangements: 0 ln(lk):199.14084 
ln(likelihood):199.15213 
DONE.
