
TreeMix v. 1.13
$Revision: 231 $

npop:7 nsnp:18176136
Estimating covariance matrix in 5345 blocks of size 3400
SEED: 1607916876
Starting from:
(C:0.0244034,(D:0.0716069,G:0.27799):0.0244034);
Adding B [4/7]
ln(likelihood): -60237.903 
((D:0.0337907,(C:0,B:0.00731416):0):0.1668,G:0.1668);
Adding F [5/7]
ln(likelihood): -12036.447 
(((D:0.0550307,(C:0.0118759,B:0.019658):0.0192046):0.0470911,G:0.271125):0.0405567,F:0.0405567);
Adding A [6/7]
ln(likelihood): -5756.5425 
(((D:0.0539698,(C:0.0107062,B:0.0184883):0.0188781):0.0356885,(F:0.0452397,A:0.0316339):0.0357183):0.149842,G:0.149842);
Adding E [7/7]
ln(likelihood): 75.521631 
(((F:0.0450955,A:0.0319576):0.0353388,(G:0.201633,E:0.170948):0.0914091):0.0185153,(D:0.0536453,(C:0.0105003,B:0.0182824):0.0192337):0.0185153);
Testing global rearrangements
F:0.0450955 G:0.201633
-40893.894 75.521631
F:0.0450955 (G:0.201633,E:0.170948):0.0914091
-6482.2598 75.521631
F:0.0450955 E:0.170948
-40893.894 75.521631
(F:0.0450955,A:0.0319576):0.0353388 C:0.0105003
-37754.388 75.521631
(F:0.0450955,A:0.0319576):0.0353388 (C:0.0105003,B:0.0182824):0.0192337
-16834.948 75.521631
(F:0.0450955,A:0.0319576):0.0353388 B:0.0182824
-37754.388 75.521631
A:0.0319576 G:0.201633
-41368.774 75.521631
A:0.0319576 (G:0.201633,E:0.170948):0.0914091
-6482.2598 75.521631
A:0.0319576 E:0.170948
-41368.774 75.521631
D:0.0536453 A:0.0319576
-24469.364 75.521631
C:0.0105003 D:0.0536453
-3879.177 75.521631
DONE.
