
TreeMix v. 1.13
$Revision: 231 $

npop:7 nsnp:18176136
Estimating covariance matrix in 4783 blocks of size 3800
SEED: 1607916735
Starting from:
((D:0.0720056,E:0.247831):0.0247766,C:0.0247766);
Adding F [4/7]
ln(likelihood): -15287.401 
((D:0.0820665,E:0.257627):0,(C:0.0524316,F:0.0927647):0);
Adding A [5/7]
ln(likelihood): -17870.728 
((D:0.0770444,E:0.2532):0,(C:0.0479995,(F:0.0495869,A:0.0362684):0.0543051):0);
Adding B [6/7]
ln(likelihood): -5297.2978 
((((C:0.0113986,B:0.0191806):0.0188791,D:0.0546621):0.0369176,(F:0.0462564,A:0.0326477):0.0348411):0.134145,E:0.134145);
Adding G [7/7]
ln(likelihood): 87.933466 
((((C:0.0105008,B:0.0182828):0.0192347,D:0.0536458):0.037026,(F:0.0450994,A:0.0319589):0.0353331):0.0457042,(E:0.170947,G:0.201633):0.0457042);
Testing global rearrangements
C:0.0105008 ((C:0.0105008,B:0.0182828):0.0192347,D:0.0536458):0.037026
-3458.2417 87.933466
C:0.0105008 A:0.0319589
-41316.67 87.933466
D:0.0536458 C:0.0105008
-3458.2417 87.933466
D:0.0536458 E:0.170947
-62165.825 87.933466
D:0.0536458 (E:0.170947,G:0.201633):0.0457042
-15059.542 87.933466
D:0.0536458 G:0.201633
-62165.825 87.933466
F:0.0450994 D:0.0536458
-21331.013 87.933466
F:0.0450994 E:0.170947
-36620.98 87.933466
(F:0.0450994,A:0.0319589):0.0353331 C:0.0105008
-33822.275 87.933466
(F:0.0450994,A:0.0319589):0.0353331 (C:0.0105008,B:0.0182828):0.0192347
-15059.542 87.933466
(F:0.0450994,A:0.0319589):0.0353331 B:0.0182828
-33822.275 87.933466
A:0.0319589 (((C:0.0105008,B:0.0182828):0.0192347,D:0.0536458):0.037026,(F:0.0450994,A:0.0319589):0.0353331):0.0457042
-5784.6187 87.933466
A:0.0319589 E:0.170947
-37047.498 87.933466
A:0.0319589 (E:0.170947,G:0.201633):0.0457042
-5784.6187 87.933466
A:0.0319589 G:0.201633
-37047.498 87.933466
Targeting migration to vicinity of:
E F
D G
A B
C A

A C
A B
C A
B A
D E
D G
E F
G F
Trying A B
A:0.0319589 B:0.0182828
1->2 0.01707634 99.155638 87.933466
2->1 0.063618705 163.87335 99.155638
p1->2 0.014303165 92.581353 163.87335
p2->1 0.066250235 163.62875 163.87335
A:0.0415322 (C:0.0105008,B:0.0182828):0.0195636
1->2 0.055264656 162.67199 163.87335
p1->2 0.42117655 135.73663 163.87335
p2->1 0.14350545 149.91332 163.87335
Trying A C
A:0.0528049 C:0.0105008
1->2 0.017016266 99.053875 163.87335
2->1 0.063832618 163.83966 163.87335
p1->2 0.014202423 92.51873 163.87335
A:0.0319589 (B:0.0173732,C:0.0117222):0.019912
Trying B A
B:0.0173732 A:0.0319589
(B:0.0173732,C:0.0117222):0.019912 A:0.0319589
Trying C A
C:0.0117222 A:0.0319589
(B:0.0173732,C:0.0117222):0.019912 A:0.0319589
Trying D E
D:0.0532557 E:0.170947
1->2 0.0025288016 88.193923 163.87335
2->1 0.02840524 135.73876 163.87335
p1->2 0.038899023 87.933466 163.87335
p2->1 0.051593695 135.73663 163.87335
D:0.0631396 (G:0.201633,E:0.170947):0.0670107
1->2 0.3970964 135.73663 163.87335
p1->2 4.8053906e-05 87.933466 163.87335
Trying D G
D:0.0536458 (G:0.201633,E:0.170947):0.0457086
D:0.0536458 G:0.201633
1->2 0.023536913 108.76274 163.87335
2->1 0.026290987 136.87776 163.87335
p1->2 0.11543796 98.417761 163.87335
Trying E F
E:0.158225 F:0.0450994
1->2 0.029793506 154.30445 163.87335
2->1 0.026589634 113.30753 163.87335
p1->2 0.37356812 149.91332 163.87335
p2->1 0.10751866 98.417761 163.87335
(G:0.190072,E:0.227473):0.0515441 F:0.0450994
2->1 0.098679066 149.91332 163.87335
p2->1 4.1615585e-05 87.933466 163.87335
Trying G F
(G:0.201633,E:0.170947):0.045708 F:0.0450994
G:0.201633 F:0.0450994
1->2 0.03475105 149.9133 163.87335
2->1 3.0968394e-07 87.933419 163.87335
p2->1 0.00081367878 87.933466 163.87335
Migration added
Local updates around node 1: 0 ln(lk):163.87335 
Local updates around node 2: 0 ln(lk):163.87335 
Updates in migration position: 0 ln(lk):163.87335 
Switches in migration direction: 0 ln(lk):163.87335 
ln(likelihood):163.87336 
Targeting migration to vicinity of:
D G
F B
C F
E D

C F
B F
D E
D G
E D
G D
F C
F B
Trying B F
B:0.0183031 F:0.0405877
1->2 0.018634498 171.16029 163.87336
2->1 0.010159736 168.75269 171.16029
p1->2 0.014252706 166.98103 171.16029
p2->1 0.011221911 166.68485 171.16029
Trying C F
C:0.00975675 (A:0.0411291,F:0.0405904):0.0396633
1->2 0.10177718 192.75191 171.16029
2->1 0.011093902 167.78094 192.75191
p1->2 0.69039536 192.73756 192.75191
p2->1 0.0010846412 163.8831 192.75191
C:0.0105429 F:0.0405858
1->2 0.018569048 170.03742 192.75191
2->1 0.011286461 169.95575 192.75191
Trying D E
D:0.0529056 (E:0.170947,G:0.201633):0.0447362
1->2 0.49459964 192.73756 192.75191
2->1 0.022640204 192.73756 192.75191
p1->2 0.99995428 163.92147 192.75191
D:0.053318 E:0.170947
1->2 3.0968394e-07 163.87332 192.75191
2->1 0.023109306 192.75321 192.75191
p1->2 0.029091341 163.87336 192.75321
Trying D G
D:0.0533197 G:0.198944
1->2 0.021455709 180.65049 192.75321
2->1 0.020827172 193.98127 192.75321
p1->2 0.65312707 174.83615 193.98127
D:0.0533197 (E:5.6834e-05,G:2.16587):0.130248
Trying E D
(E:5.6834e-05,G:2.16587):0.130248 D:0.0533197
E:5.6834e-05 D:0.0533197
Trying F B
F:0.0405877 B:0.0183031
Trying F C
(A:0.0411341,F:0.0405877):0.0388982 C:0.0104667
F:0.0405877 C:0.0104667
Trying G D
G:2.16587 D:0.0533197
(E:5.6834e-05,G:2.16587):0.130248 D:0.0533197
Migration added
Local updates around node 1: 0 ln(lk):193.98127 
Local updates around node 2: 0 ln(lk):193.98127 
Updates in migration position: 4 ln(lk):198.47657 
Switches in migration direction: 0 ln(lk):198.47657 
Local updates around node 1: 0 ln(lk):198.47657 
Local updates around node 2: 0 ln(lk):198.47657 
Switches in migration direction: 0 ln(lk):198.47657 
Updates in migration position: 0 ln(lk):198.47657 
Trying all local rearrangements
Local rearrangements: 0 ln(lk):198.47657 
ln(likelihood):198.48513 
Targeting migration to vicinity of:
E A
B G
C G
E F

C G
B G
C G
B G
E F
E A
E F
E A
Trying B G
B:0.0182828 G:0.201744
1->2 0.020754183 208.29125 198.48513
2->1 0.0014816187 199.75553 208.29125
p1->2 0.029523386 208.29554 208.29125
p2->1 3.0968394e-07 198.48513 208.29554
(C:0.0105008,B:0.0182828):0.0166401 G:0.201744
2->1 0.0048566568 206.69837 208.29554
p1->2 0.067560464 208.34372 208.29554
p2->1 3.2783333e-05 198.48517 208.34372
Trying C G
C:0.0105008 G:0.201745
1->2 0.020754183 208.29126 208.34372
2->1 0.0014373558 199.66305 208.34372
p2->1 2.2156399e-05 198.48519 208.34372
(B:0.0182809,C:0.0105032):0.0166414 G:0.201744
Trying E A
E:0.170838 (A:0.0426757,F:0.0401707):0.039009
1->2 0.0070466255 208.1983 208.34372
2->1 0.030512087 208.03103 208.34372
p1->2 0.99995065 198.48513 208.34372
p2->1 0.17986722 198.48513 208.34372
E:0.278233 A:0.0426758
1->2 0.0023224677 200.12131 208.34372
2->1 0.030577701 208.202 208.34372
p1->2 3.0871831e-06 198.48513 208.34372
Trying E F
E:0.170838 (F:0.0401703,A:0.0426764):0.0390102
E:0.170838 F:0.0401703
1->2 0.0026963835 200.40873 208.34372
2->1 0.030577701 208.202 208.34372
p1->2 0.066695184 198.48513 208.34372
Migration added
Local updates around node 1: 0 ln(lk):208.34372 
Local updates around node 2: 0 ln(lk):208.34372 
Updates in migration position: 0 ln(lk):208.34372 
Switches in migration direction: 0 ln(lk):208.34372 
ln(likelihood):208.34478 
Targeting migration to vicinity of:
E A
F G
B G
C G

E A
G F
F G
A E
Trying A E
A:0.0427269 E:0.163522
1->2 0.0015361143 208.36313 208.34478
2->1 0.0001894609 208.35388 208.36313
p1->2 3.0968394e-07 208.34478 208.36313
p2->1 2.4730054e-05 208.34481 208.36313
Trying E A
E:0.163522 A:0.0427316
Trying F G
F:0.0401533 G:0.240064
1->2 0.0016040532 208.36263 208.36313
2->1 0.00018207697 208.35561 208.36313
p1->2 4.5221721e-05 208.34478 208.36313
p2->1 0.099995285 208.34478 208.36313
Trying G F
G:0.240064 F:0.0543189
Migration added
Local updates around node 1: 0 ln(lk):208.36313 
Local updates around node 2: 0 ln(lk):208.36313 
Updates in migration position: 0 ln(lk):208.36313 
Switches in migration direction: 0 ln(lk):208.36313 
ln(likelihood):208.37122 
Targeting migration to vicinity of:
F G
A B
C A
E D

A C
A B
C A
B A
E D
F G
Trying A B
A:0.0429175 (C:0.0105008,B:0.0182828):0.0166823
1->2 3.6039852e-05 208.37125 208.37122
2->1 5.2217911e-05 208.37125 208.37125
p1->2 6.2255936e-07 208.37122 208.37125
p2->1 0.00013324572 208.37125 208.37125
A:0.0429367 B:0.0182828
1->2 7.1328009e-06 208.37123 208.37125
2->1 3.7284721e-05 208.37125 208.37125
p1->2 5.6427712e-07 208.37122 208.37125
Trying A C
A:0.0429175 (C:0.0105008,B:0.0182828):0.0166823
A:0.0429175 C:0.0105008
1->2 7.1328009e-06 208.37123 208.37125
2->1 3.7284721e-05 208.37125 208.37125
p1->2 5.6427712e-07 208.37122 208.37125
Trying B A
(B:0.0182828,C:0.0105008):0.0166823 A:0.0429175
B:0.0182828 A:0.0429175
Trying C A
(B:0.0182828,C:0.0105008):0.0166823 A:0.0429175
C:0.0105008 A:0.0429175
Trying E D
E:0.164657 D:0.0593163
1->2 1.2301788e-05 208.37123 208.37125
2->1 0.0003348412 208.37123 208.37125
p1->2 0.00064856972 208.37125 208.37125
p2->1 0.021455709 208.37125 208.37125
Trying F G
F:0.0400616 G:0.237428
1->2 0.00028295274 208.37123 208.37125
2->1 2.3990206e-05 208.37125 208.37125
p1->2 0.00039624132 208.37123 208.37125
p2->1 0.50060552 208.37125 208.37125
Migration added
Local updates around node 1: 0 ln(lk):208.37125 
Local updates around node 2: 0 ln(lk):208.37125 
Updates in migration position: 0 ln(lk):208.37125 
Switches in migration direction: 0 ln(lk):208.37125 
ln(likelihood):208.37127 
DONE.
