
TreeMix v. 1.13
$Revision: 231 $

npop:7 nsnp:18176136
Estimating covariance matrix in 5680 blocks of size 3200
SEED: 1607916735
Starting from:
((D:0.0720052,E:0.247829):0.0247766,C:0.0247766);
Adding F [4/7]
ln(likelihood): -18128.863 
((D:0.082066,E:0.257626):0,(C:0.0524315,F:0.0927649):0);
Adding A [5/7]
ln(likelihood): -21196.396 
((D:0.077044,E:0.253199):0,(C:0.0479995,(F:0.0495885,A:0.0362682):0.0543032):0);
Adding B [6/7]
ln(likelihood): -6302.4694 
((((C:0.0113989,B:0.0191807):0.0188793,D:0.0546621):0.0369166,(F:0.046258,A:0.0326475):0.0348396):0.134145,E:0.134145);
Adding G [7/7]
ln(likelihood): 67.958202 
((((C:0.010501,B:0.0182829):0.0192348,D:0.0536457):0.037025,(F:0.045101,A:0.0319586):0.0353316):0.0457044,(E:0.170945,G:0.201633):0.0457044);
Testing global rearrangements
C:0.010501 ((C:0.010501,B:0.0182829):0.0192348,D:0.0536457):0.037025
-4131.9781 67.958202
C:0.010501 A:0.0319586
-48991.787 67.958202
D:0.0536457 C:0.010501
-4131.9781 67.958202
D:0.0536457 E:0.170945
-73697.153 67.958202
D:0.0536457 (E:0.170945,G:0.201633):0.0457044
-17884.447 67.958202
D:0.0536457 G:0.201633
-73697.153 67.958202
F:0.045101 D:0.0536457
-25331.73 67.958202
F:0.045101 E:0.170945
-43441.81 67.958202
(F:0.045101,A:0.0319586):0.0353316 C:0.010501
-40100.147 67.958202
(F:0.045101,A:0.0319586):0.0353316 (C:0.010501,B:0.0182829):0.0192348
-17884.447 67.958202
(F:0.045101,A:0.0319586):0.0353316 B:0.0182829
-40100.147 67.958202
A:0.0319586 (((C:0.010501,B:0.0182829):0.0192348,D:0.0536457):0.037025,(F:0.045101,A:0.0319586):0.0353316):0.0457044
-6894.2736 67.958202
A:0.0319586 E:0.170945
-43947.366 67.958202
A:0.0319586 (E:0.170945,G:0.201633):0.0457044
-6894.2736 67.958202
A:0.0319586 G:0.201633
-43947.366 67.958202
Targeting migration to vicinity of:
E F
D G
A B
C A

A C
A B
C A
B A
D E
D G
E F
G F
Trying A B
A:0.0319586 B:0.0182829
1->2 0.01707634 81.256451 67.958202
2->1 0.063618705 158.00168 81.256451
p1->2 0.014303165 73.465319 158.00168
p2->1 0.066250235 157.71298 158.00168
A:0.0415318 (C:0.010501,B:0.0182829):0.0195637
1->2 0.055149082 156.5432 158.00168
p1->2 0.42102641 124.61561 158.00168
p2->1 0.43571407 141.46739 158.00168
Trying A C
A:0.152593 C:0.010501
1->2 0.017016266 81.136958 158.00168
2->1 0.063832618 157.96191 158.00168
p1->2 0.014202423 73.391582 158.00168
A:0.0319586 (B:0.0173733,C:0.0117224):0.0199121
Trying B A
B:0.0173733 A:0.0319586
(B:0.0173733,C:0.0117224):0.0199121 A:0.0319586
Trying C A
C:0.0117224 A:0.0319586
(B:0.0173733,C:0.0117224):0.0199121 A:0.0319586
Trying D E
D:0.0532557 E:0.170945
1->2 0.0025288016 68.266615 158.00168
2->1 0.02840524 124.61817 158.00168
p1->2 0.099995285 67.958202 158.00168
p2->1 0.12586832 124.61561 158.00168
D:0.0777974 (G:0.201633,E:0.170945):0.0819218
1->2 0.35938364 124.61561 158.00168
p1->2 0.0008357527 67.958202 158.00168
Trying D G
D:0.0536457 (G:0.201633,E:0.170945):0.0457809
D:0.0536457 G:0.201633
1->2 0.023536913 92.657096 158.00168
2->1 0.026290987 125.96891 158.00168
p1->2 0.091048792 80.379967 158.00168
Trying E F
E:0.161014 F:0.045101
1->2 0.029793506 146.66856 158.00168
2->1 0.026682585 98.054926 158.00168
p1->2 0.30159259 141.46739 158.00168
p2->1 0.22034805 80.379967 158.00168
(G:0.175154,E:0.31493):0.0590038 F:0.045101
2->1 0.098679066 141.46739 158.00168
p2->1 0.0008357527 67.958202 158.00168
Trying G F
(G:0.201633,E:0.170945):0.0457809 F:0.045101
G:0.201633 F:0.045101
1->2 0.03475105 141.4674 158.00168
2->1 3.0968394e-07 67.958146 158.00168
p2->1 0.00081367878 67.958202 158.00168
Migration added
Local updates around node 1: 0 ln(lk):158.00168 
Local updates around node 2: 0 ln(lk):158.00168 
Updates in migration position: 0 ln(lk):158.00168 
Switches in migration direction: 0 ln(lk):158.00168 
ln(likelihood):158.00168 
Targeting migration to vicinity of:
D G
F B
C F
E D

C F
B F
D E
D G
E D
G D
F C
F B
Trying B F
B:0.0183032 F:0.0405894
1->2 0.018634498 166.63118 158.00168
2->1 0.010159736 163.7844 166.63118
p1->2 0.014202423 161.68103 166.63118
p2->1 0.011221911 161.33351 166.63118
Trying C F
C:0.00975697 (A:0.0411286,F:0.0405921):0.0396616
1->2 0.10177718 192.23075 166.63118
2->1 0.011093902 162.63199 192.23075
p1->2 0.69039536 192.21366 192.23075
p2->1 0.0010846412 158.01322 192.23075
C:0.0105431 F:0.0405875
1->2 0.018569048 165.30033 192.23075
2->1 0.011286461 165.20917 192.23075
Trying D E
D:0.0529056 (E:0.170945,G:0.201633):0.0447364
1->2 0.49459535 192.21366 192.23075
2->1 0.022640204 192.21366 192.23075
p1->2 0.99995428 158.05835 192.23075
D:0.053318 E:0.170945
1->2 3.0968394e-07 158.00164 192.23075
2->1 0.023109306 192.23228 192.23075
p1->2 0.029091341 158.00168 192.23228
Trying D G
D:0.0533196 G:0.198944
1->2 0.021455709 177.89199 192.23228
2->1 0.020827172 193.68821 192.23228
p1->2 0.65312707 170.98822 193.68821
D:0.0533196 (E:5.46505e-05,G:2.16587):0.130249
Trying E D
(E:5.46505e-05,G:2.16587):0.130249 D:0.0533196
E:5.46505e-05 D:0.0533196
Trying F B
F:0.0405894 B:0.0183032
Trying F C
(A:0.0411337,F:0.0405894):0.0388966 C:0.0104669
F:0.0405894 C:0.0104669
Trying G D
G:2.16587 D:0.0533196
(E:5.46505e-05,G:2.16587):0.130249 D:0.0533196
Migration added
Local updates around node 1: 0 ln(lk):193.68821 
Local updates around node 2: 0 ln(lk):193.68821 
Updates in migration position: 4 ln(lk):199.02551 
Switches in migration direction: 0 ln(lk):199.02551 
Local updates around node 1: 0 ln(lk):199.02551 
Local updates around node 2: 0 ln(lk):199.02551 
Switches in migration direction: 0 ln(lk):199.02551 
Updates in migration position: 0 ln(lk):199.02551 
Trying all local rearrangements
Local rearrangements: 0 ln(lk):199.02551 
ln(likelihood):199.03532 
Targeting migration to vicinity of:
E A
B G
C G
E F

C G
B G
C G
B G
E F
E A
E F
E A
Trying B G
B:0.0182829 G:0.201745
1->2 0.020754183 210.6414 199.03532
2->1 0.0014816187 200.53383 210.6414
p1->2 0.029420836 210.64765 210.6414
p2->1 3.0968394e-07 199.03532 210.64765
(C:0.010501,B:0.0182829):0.0166467 G:0.201745
2->1 0.0048287008 208.7221 210.64765
p1->2 0.070108704 210.71272 210.64765
p2->1 3.0968394e-07 199.03532 210.71272
Trying C G
C:0.010501 G:0.201745
1->2 0.020754183 210.6414 210.71272
2->1 0.0014322192 200.42489 210.71272
p2->1 1.1190189e-05 199.03534 210.71272
(B:0.0182819,C:0.0105022):0.0166473 G:0.201745
Trying E A
E:0.170836 (A:0.0426748,F:0.0401731):0.0390089
1->2 0.0070466255 210.52712 210.71272
2->1 0.030512087 210.338 210.71272
p1->2 1.9748804e-06 199.03532 210.71272
p2->1 4.0751289e-05 199.03532 210.71272
E:0.17085 A:0.0426748
1->2 0.0023141752 200.95633 210.71272
2->1 0.030577701 210.53202 210.71272
p1->2 0.4687492 199.0374 210.71272
Trying E F
E:0.170836 (F:0,A:0.257697):0.0791858
E:0.170836 F:0
1->2 0.0026963835 201.3235 210.71272
2->1 0.030577701 210.53202 210.71272
p1->2 0.0008357527 199.03532 210.71272
Migration added
Local updates around node 1: 0 ln(lk):210.71272 
Local updates around node 2: 0 ln(lk):210.71272 
Updates in migration position: 0 ln(lk):210.71272 
Switches in migration direction: 0 ln(lk):210.71272 
ln(likelihood):210.71411 
Targeting migration to vicinity of:
E A
F G
B G
C G

E A
G F
F G
A E
Trying A E
A:0.0427264 E:0.163251
1->2 0.0015184222 210.73556 210.71411
2->1 0.0001866058 210.7246 210.73556
p1->2 0.0008357527 210.71411 210.73556
p2->1 1.8830959e-05 210.71413 210.73556
Trying E A
E:0.163251 A:0.04273
Trying F G
F:0.0401556 G:0.241656
1->2 0.0016191556 210.73555 210.73556
2->1 0.0001837937 210.72726 210.73556
p1->2 5.0182534e-05 210.71411 210.73556
p2->1 0.099995285 210.71411 210.73556
Trying G F
G:0.241656 F:0.0543208
Migration added
Local updates around node 1: 0 ln(lk):210.73556 
Local updates around node 2: 0 ln(lk):210.73556 
Updates in migration position: 0 ln(lk):210.73556 
Switches in migration direction: 0 ln(lk):210.73556 
ln(likelihood):210.74545 
Targeting migration to vicinity of:
F G
A B
C A
D F

A C
A B
C A
B A
C A
B A
F G
Trying A B
A:0.042917 (C:0.010501,B:0.0182829):0.0166846
1->2 3.0919568e-05 210.74547 210.74545
2->1 6.4676831e-05 210.74549 210.74547
p1->2 8.6377241e-07 210.74545 210.74549
p2->1 0.00017234383 210.74549 210.74549
A:0.0429418 B:0.0182829
1->2 6.2716344e-06 210.74545 210.74549
2->1 4.6180827e-05 210.74549 210.74549
p1->2 3.9084634e-07 210.74545 210.74549
Trying A C
A:0.042917 (C:0.010501,B:0.0182829):0.0166846
A:0.042917 C:0.010501
1->2 6.2716344e-06 210.74545 210.74549
2->1 4.6180827e-05 210.74549 210.74549
p1->2 3.9084634e-07 210.74545 210.74549
Trying B A
(B:0.0182828,C:0.010501):0.0166846 A:0.042917
B:0.0182828 A:0.042917
Trying C A
(B:0.0182828,C:0.010501):0.0166846 A:0.042917
C:0.010501 A:0.042917
Trying F G
F:0.0400645 G:0.241304
1->2 9.2296352e-05 210.74551 210.74549
2->1 6.6883722e-06 210.7455 210.74551
p1->2 3.0968394e-07 210.74545 210.74551
p2->1 6.4882724e-06 210.74547 210.74551
Migration added
Local updates around node 1: 0 ln(lk):210.74551 
Local updates around node 2: 0 ln(lk):210.74551 
Updates in migration position: 0 ln(lk):210.74551 
Switches in migration direction: 0 ln(lk):210.74551 
ln(likelihood):210.74552 
DONE.
