
TreeMix v. 1.13
$Revision: 231 $

npop:7 nsnp:18176136
Estimating covariance matrix in 18176 blocks of size 1000
SEED: 1607916169
Starting from:
((D:0.0478517,C:0.0169062):0.0704312,F:0.0704312);
Adding G [4/7]
ln(likelihood): -22214.837 
((D:0.06761,C:0.0379755):0.0195914,(F:0.0786179,G:0.273919):0.0195914);
Adding B [5/7]
ln(likelihood): -39708.73 
(F:0.040556,(G:0.271125,(D:0.055031,(C:0.0118765,B:0.0196584):0.0192054):0.0470858):0.040556);
Adding A [6/7]
ln(likelihood): -19345.888 
(((D:0.0539701,(C:0.0107068,B:0.0184887):0.0188793):0.035683,(F:0.0452453,A:0.0316348):0.035711):0.149843,G:0.149843);
Adding E [7/7]
ln(likelihood): -218.90517 
(((F:0.045101,A:0.0319586):0.0353316,(G:0.201633,E:0.170945):0.0914088):0.0185125,(D:0.0536457,(C:0.010501,B:0.0182829):0.0192348):0.0185125);
Testing global rearrangements
F:0.045101 G:0.201633
-135909.34 -218.90517
F:0.045101 (G:0.201633,E:0.170945):0.0914088
-21994.711 -218.90517
F:0.045101 E:0.170945
-135909.34 -218.90517
(F:0.045101,A:0.0319586):0.0353316 C:0.010501
-123806.99 -218.90517
(F:0.045101,A:0.0319586):0.0353316 (C:0.010501,B:0.0182829):0.0192348
-56149.058 -218.90517
(F:0.045101,A:0.0319586):0.0353316 B:0.0182829
-123806.99 -218.90517
A:0.0319586 G:0.201633
-137536.27 -218.90517
A:0.0319586 (G:0.201633,E:0.170945):0.0914088
-21994.711 -218.90517
A:0.0319586 E:0.170945
-137536.27 -218.90517
D:0.0536457 A:0.0319586
-81871.633 -218.90517
C:0.010501 D:0.0536457
-13078.932 -218.90517
Targeting migration to vicinity of:
F E
D G
C A
B A

C A
B A
C A
B A
D G
D E
F G
F E
Trying B A
(C:0.010501,B:0.0182829):0.0192348 A:0.0319586
1->2 0.066113293 61.186764 -218.90517
2->1 0.055149082 57.086214 61.186764
p1->2 0.17427523 10.767246 61.186764
p2->1 0.38801861 -42.260268 61.186764
B:0.0182829 A:0.0319586
1->2 0.063618705 62.070495 61.186764
2->1 0.017016266 -177.57659 62.070495
p2->1 0.014252706 -201.79393 62.070495
Trying C A
(C:0.00958818,B:0.0197354):0.0199146 A:0.0319586
C:0.00958818 A:0.0319586
1->2 0.063832618 61.952418 62.070495
2->1 0.016979244 -177.87351 62.070495
p2->1 0.014171434 -201.9897 62.070495
Trying D E
D:0.0532566 (G:0.201633,E:0.170945):0.0912422
1->2 0.40270579 -42.260268 62.070495
2->1 0.051593695 -42.260268 62.070495
p1->2 3.0919568e-05 -218.90517 62.070495
p2->1 4.0751289e-05 -218.90517 62.070495
D:0.0536501 E:0.170945
1->2 0.0025288016 -217.9566 62.070495
2->1 0.02840524 -42.252812 62.070495
p1->2 0.17986722 -218.90517 62.070495
Trying D G
D:0.0536457 (G:0.181586,E:0.278593):0.111456
D:0.0536457 G:0.181586
1->2 0.023619452 -141.5916 62.070495
2->1 0.026290987 -38.001553 62.070495
p1->2 0.09951704 -180.44471 62.070495
Trying F E
F:0.045101 (E:0.160062,G:0.26069):0.102173
1->2 0.1776699 10.767246 62.070495
2->1 0.34006789 10.767246 62.070495
p2->1 4.0751289e-05 -218.90522 62.070495
F:0.0451061 E:0.170945
1->2 0.026682585 -125.10422 62.070495
2->1 0.029793506 26.822818 62.070495
p1->2 0.099995285 -180.44471 62.070495
Trying F G
F:0.045101 (G:0.190934,E:0.222841):0.102227
F:0.045101 G:0.190934
1->2 3.9084634e-07 -218.90534 62.070495
2->1 0.03475105 10.767257 62.070495
p1->2 0.3970964 -218.90517 62.070495
Migration added
Local updates around node 1: 0 ln(lk):62.070495 
Local updates around node 2: 0 ln(lk):62.070495 
Updates in migration position: 0 ln(lk):62.070495 
Switches in migration direction: 0 ln(lk):62.070495 
ln(likelihood):62.0705 
DONE.
