
TreeMix v. 1.13
$Revision: 231 $

npop:7 nsnp:18176136
Estimating covariance matrix in 6058 blocks of size 3000
SEED: 1607916169
Starting from:
((D:0.0478525,C:0.016906):0.0704327,F:0.0704327);
Adding G [4/7]
ln(likelihood): -7563.6336 
((D:0.0676108,C:0.0379752):0.0195926,(F:0.0786176,G:0.273919):0.0195926);
Adding B [5/7]
ln(likelihood): -13626.776 
(F:0.0405563,(G:0.271125,(D:0.0550312,(C:0.0118762,B:0.0196585):0.0192048):0.0470891):0.0405563);
Adding A [6/7]
ln(likelihood): -6534.9041 
(((D:0.0539703,(C:0.0107064,B:0.0184888):0.0188784):0.0356865,(F:0.0452412,A:0.0316342):0.035716):0.149842,G:0.149842);
Adding E [7/7]
ln(likelihood): 59.477413 
(((D:0.0536459,(C:0.0105006,B:0.0182829):0.019234):0.0370286,(G:0.201633,E:0.170947):0.0914083):0.0176682,(F:0.045097,A:0.0319579):0.0176682);
Testing global rearrangements
D:0.0536459 G:0.201633
-78540.582 59.477413
D:0.0536459 (G:0.201633,E:0.170947):0.0914083
-19074.722 59.477413
D:0.0536459 E:0.170947
-78540.582 59.477413
(D:0.0536459,(C:0.0105006,B:0.0182829):0.019234):0.0370286 A:0.0319579
-7364.4356 59.477413
C:0.0105006 (D:0.0536459,(C:0.0105006,B:0.0182829):0.019234):0.0370286
-4413.0921 59.477413
C:0.0105006 G:0.201633
-118454.26 59.477413
C:0.0105006 (G:0.201633,E:0.170947):0.0914083
-41799.635 59.477413
C:0.0105006 E:0.170947
-118454.26 59.477413
G:0.201633 F:0.045097
-46813.239 59.477413
F:0.045097 D:0.0536459
-27018.143 59.477413
F:0.045097 (D:0.0536459,(C:0.0105006,B:0.0182829):0.019234):0.0370286
-7364.4356 59.477413
F:0.045097 C:0.0105006
-48212.554 59.477413
F:0.045097 (C:0.0105006,B:0.0182829):0.019234
-27018.143 59.477413
F:0.045097 B:0.0182829
-48212.554 59.477413
(F:0.045097,A:0.0319579):0.0176682 E:0.170947
-38234.294 59.477413
A:0.0319579 D:0.0536459
-25451.204 59.477413
A:0.0319579 (D:0.0536459,(C:0.0105006,B:0.0182829):0.019234):0.0370286
-7364.4356 59.477413
A:0.0319579 C:0.0105006
-44998.082 59.477413
A:0.0319579 (C:0.0105006,B:0.0182829):0.019234
-25451.204 59.477413
A:0.0319579 B:0.0182829
-44998.082 59.477413
Targeting migration to vicinity of:
F E
D G
B A
C A

C A
B A
C A
B A
D G
D E
F G
F E
Trying B A
B:0.0182829 A:0.0319579
1->2 0.063618705 155.39812 59.477413
2->1 0.01707634 73.654351 155.39812
p1->2 0.066113293 155.08802 155.39812
p2->1 0.014303165 65.350162 155.39812
(C:0.0095844,B:0.0197408):0.0199163 A:0.0319579
2->1 0.055264656 153.90974 155.39812
p1->2 0.4118498 137.76529 155.39812
p2->1 0.25002912 119.89144 155.39812
Trying C A
C:0.0105006 A:0.0319579
1->2 0.063832618 155.35558 155.39812
2->1 0.017016266 73.527701 155.39812
p2->1 0.014202423 65.271926 155.39812
(B:0.0173733,C:0.011722):0.0199114 A:0.0319579
Trying D E
D:0.0532558 E:0.170947
1->2 0.0025288016 59.805585 155.39812
2->1 0.02840524 119.89408 155.39812
p1->2 0.43606377 59.477413 155.39812
p2->1 0.16563053 119.89144 155.39812
D:0.0874308 (G:0.201633,E:0.170947):0.0922776
1->2 0.10298695 119.89144 155.39812
p2->1 4.0751289e-05 59.477399 155.39812
Trying D G
D:0.0536518 G:0.201633
1->2 0.023536913 85.816192 155.39812
2->1 0.026290987 121.33522 155.39812
p1->2 0.39654556 72.71708 155.39812
D:0.0536459 (E:0.109773,G:0.654552):0.152463
Trying F E
F:0.045097 E:0.109773
1->2 0.026682585 91.546482 155.39812
2->1 0.029793506 143.30765 155.39812
p1->2 0.30197251 72.71708 155.39812
p2->1 0.38794547 137.76529 155.39812
F:0.158755 (G:0.201633,E:0.170947):0.0930239
1->2 0.10342383 137.76529 155.39812
p1->2 0.015847431 59.477413 155.39812
p2->1 1.9748804e-06 59.477413 155.39812
Trying F G
F:0.0450971 G:0.201633
1->2 3.8719494e-07 59.47735 155.39812
2->1 0.03475105 137.76522 155.39812
p1->2 0.11500755 59.477413 155.39812
F:0.045097 (E:0.159068,G:0.270867):0.103287
Migration added
Local updates around node 1: 0 ln(lk):155.39812 
Local updates around node 2: 0 ln(lk):155.39812 
Updates in migration position: 0 ln(lk):155.39812 
Switches in migration direction: 0 ln(lk):155.39812 
ln(likelihood):155.39812 
DONE.
