
TreeMix v. 1.13
$Revision: 231 $

npop:7 nsnp:18176136
Estimating covariance matrix in 5680 blocks of size 3200
SEED: 1607916876
Starting from:
(C:0.0244032,(D:0.0716052,G:0.277989):0.0244032);
Adding B [4/7]
ln(likelihood): -63968.158 
((D:0.0337904,(C:0,B:0.00731424):0):0.166798,G:0.166798);
Adding F [5/7]
ln(likelihood): -12790.603 
(((D:0.055031,(C:0.0118765,B:0.0196584):0.0192054):0.0470858,G:0.271125):0.040556,F:0.040556);
Adding A [6/7]
ln(likelihood): -6122.7963 
(((D:0.0539701,(C:0.0107068,B:0.0184887):0.0188793):0.035683,(F:0.0452453,A:0.0316348):0.035711):0.149843,G:0.149843);
Adding E [7/7]
ln(likelihood): 67.958202 
(((D:0.0536457,(C:0.010501,B:0.0182829):0.0192348):0.037025,(G:0.201633,E:0.170945):0.0914088):0.0176658,(F:0.045101,A:0.0319586):0.0176658);
Testing global rearrangements
D:0.0536457 G:0.201633
-73697.153 67.958202
D:0.0536457 (G:0.201633,E:0.170945):0.0914088
-17884.447 67.958202
D:0.0536457 E:0.170945
-73697.153 67.958202
(D:0.0536457,(C:0.010501,B:0.0182829):0.0192348):0.037025 A:0.0319586
-6894.2736 67.958202
C:0.010501 (D:0.0536457,(C:0.010501,B:0.0182829):0.0192348):0.037025
-4131.9781 67.958202
C:0.010501 G:0.201633
-111192.93 67.958202
C:0.010501 (G:0.201633,E:0.170945):0.0914088
-39225.92 67.958202
C:0.010501 E:0.170945
-111192.93 67.958202
G:0.201633 F:0.045101
-43902.351 67.958202
F:0.045101 D:0.0536457
-25331.73 67.958202
F:0.045101 (D:0.0536457,(C:0.010501,B:0.0182829):0.0192348):0.037025
-6894.2736 67.958202
F:0.045101 C:0.010501
-45232.214 67.958202
F:0.045101 (C:0.010501,B:0.0182829):0.0192348
-25331.73 67.958202
F:0.045101 B:0.0182829
-45232.214 67.958202
(F:0.045101,A:0.0319586):0.0176658 E:0.170945
-35861.849 67.958202
A:0.0319586 D:0.0536457
-23860.298 67.958202
A:0.0319586 (D:0.0536457,(C:0.010501,B:0.0182829):0.0192348):0.037025
-6894.2736 67.958202
A:0.0319586 C:0.010501
-42213.197 67.958202
A:0.0319586 (C:0.010501,B:0.0182829):0.0192348
-23860.298 67.958202
A:0.0319586 B:0.0182829
-42213.197 67.958202
DONE.
