
TreeMix v. 1.13
$Revision: 231 $

npop:7 nsnp:18176136
Estimating covariance matrix in 15146 blocks of size 1200
SEED: 1607916450
Starting from:
((G:0.267747,A:0.0610737):0.0374817,B:0.0374817);
Adding D [4/7]
ln(likelihood): -20839.67 
((G:0.275614,A:0.0664851):0.0180768,(B:0.0466317,D:0.0684336):0.0180768);
Adding E [5/7]
ln(likelihood): -3436.5588 
((A:0.0619657,(G:0.202848,E:0.172221):0.0956754):0.0170728,(B:0.0366289,D:0.0572153):0.0170728);
Adding F [6/7]
ln(likelihood): -171.72992 
(B:0.0188172,(D:0.053754,((G:0.201903,E:0.171102):0.0910609,(A:0.0321459,F:0.0449898):0.0356812):0.0370772):0.0188172);
Adding C [7/7]
ln(likelihood): -149.12888 
((G:0.201633,E:0.170947):0.0457043,((A:0.0319589,F:0.045099):0.0353336,(D:0.0536457,(B:0.0182829,C:0.0105008):0.0192348):0.0370264):0.0457043);
Testing global rearrangements
G:0.201633 F:0.045099
-115057.44 -149.12888
G:0.201633 D:0.0536457
-183081.8 -149.12888
A:0.0319589 B:0.0182829
-110047.84 -149.12888
A:0.0319589 (B:0.0182829,C:0.0105008):0.0192348
-62954.132 -149.12888
A:0.0319589 C:0.0105008
-110047.84 -149.12888
(A:0.0319589,F:0.045099):0.0353336 E:0.170947
-94007.645 -149.12888
F:0.045099 D:0.0536457
-66789.936 -149.12888
F:0.045099 (D:0.0536457,(B:0.0182829,C:0.0105008):0.0192348):0.0370264
-18390.937 -149.12888
F:0.045099 B:0.0182829
-117869.79 -149.12888
F:0.045099 (B:0.0182829,C:0.0105008):0.0192348
-66789.936 -149.12888
F:0.045099 C:0.0105008
-117869.79 -149.12888
D:0.0536457 G:0.201633
-192519.52 -149.12888
D:0.0536457 (G:0.201633,E:0.170947):0.0457043
-47034.085 -149.12888
D:0.0536457 E:0.170947
-192519.52 -149.12888
D:0.0536457 B:0.0182829
-10972.588 -149.12888
D:0.0536457 C:0.0105008
-10972.588 -149.12888
Targeting migration to vicinity of:
E F
G D
A C
A B

A B
A C
A B
A C
G F
E F
G D
E D
Trying A B
A:0.0319589 B:0.0182829
1->2 0.017016266 -114.45826 -149.12888
2->1 0.063618705 86.230214 -114.45826
p1->2 0.014252706 -134.76903 86.230214
p2->1 0.066113293 85.48396 86.230214
A:0.0415101 (C:0.0105008,B:0.0182829):0.0195628
1->2 0.055149082 82.234825 86.230214
p1->2 0.091048792 -1.0369268 86.230214
p2->1 0.25018033 43.160198 86.230214
Trying A C
A:0.0752959 (C:0.0105008,B:0.0182829):0.0192348
A:0.0752959 C:0.0105008
1->2 0.016979244 -114.7217 86.230214
2->1 0.063832618 86.130053 86.230214
p1->2 0.014171434 -134.93971 86.230214
Trying E D
E:0.170947 D:0.0532565
1->2 0.02840524 -1.0306305 86.230214
2->1 0.0025288016 -148.3307 86.230214
p1->2 0.18552299 -1.0369268 86.230214
p2->1 0.4118498 -149.12888 86.230214
(G:0.137625,E:0.603009):0.0777085 D:0.0536457
2->1 0.30503103 -1.0369268 86.230214
p2->1 0.00086769956 -149.12888 86.230214
Trying E F
E:0.170947 F:0.045099
1->2 0.029793506 56.652615 86.230214
2->1 0.026682585 -70.513061 86.230214
p1->2 0.1815035 43.160198 86.230214
p2->1 0.03229196 -116.81034 86.230214
(G:0.198099,E:0.186173):0.047529 F:0.045099
2->1 0.11543796 43.160198 86.230214
p2->1 0.00086769956 -149.12888 86.230214
Trying G D
(G:0.201633,E:0.170947):0.0457837 D:0.0536457
G:0.201633 D:0.0536457
1->2 0.026290987 2.524352 86.230214
2->1 0.023619452 -84.379908 86.230214
p2->1 0.096514925 -116.83403 86.230214
Trying G F
(E:0.160403,G:0.258627):0.0509165 F:0.045099
G:0.258627 F:0.045099
1->2 0.03475105 43.160139 86.230214
2->1 3.0968394e-07 -149.12902 86.230214
p2->1 0.096947834 -149.12888 86.230214
Migration added
Local updates around node 1: 0 ln(lk):86.230214 
Local updates around node 2: 0 ln(lk):86.230214 
Updates in migration position: 0 ln(lk):86.230214 
Switches in migration direction: 0 ln(lk):86.230214 
ln(likelihood):86.230222 
Targeting migration to vicinity of:
G D
B F
F C
D E

B F
C F
D G
D E
F B
F C
G D
E D
Trying B F
B:0.0183032 F:0.0405873
1->2 0.018634498 108.80409 86.230222
2->1 0.010123746 101.35382 108.80409
p1->2 0.014252706 95.910145 108.80409
p2->1 0.011182198 94.934932 108.80409
B:0.0194338 (A:0.041129,F:0.0405901):0.0396632
1->2 0.10177718 175.72477 108.80409
p1->2 0.69039536 175.68083 175.72477
p2->1 6.2255936e-07 86.230237 175.72477
Trying C F
C:0.0104667 F:0.0405873
1->2 0.018569048 105.32606 175.72477
2->1 0.011261761 105.05094 175.72477
p2->1 0.011093902 98.305071 175.72477
C:0.0114122 (A:0.0411868,F:0.0405254):0.0397154
1->2 0.10177718 175.72477 175.72477
p2->1 0.0010846412 86.259403 175.72477
Trying D E
D:0.0532981 (G:0.201633,E:0.170947):0.0448716
1->2 0.49459964 175.68083 175.72477
2->1 0.022640204 175.68082 175.72477
p1->2 0.99995428 86.37724 175.72477
D:0.053318 E:0.170947
1->2 3.0968394e-07 86.23011 175.72477
2->1 0.023109306 175.72841 175.72477
p1->2 0.029091341 86.230221 175.72841
Trying D G
D:0.0533196 G:0.198944
1->2 0.021455709 138.31827 175.72841
2->1 0.020827172 179.55305 175.72841
p1->2 0.65312707 119.98452 179.55305
D:0.0533196 (E:5.64921e-05,G:2.16587):0.130248
Trying E D
(E:5.64921e-05,G:2.16587):0.130248 D:0.0533196
E:5.64921e-05 D:0.0533196
Trying F B
F:0.0405873 B:0.0183032
(A:0.0411341,F:0.0405873):0.0388987 B:0.0183032
Trying F C
F:0.0405873 C:0.0104667
(A:0.0411341,F:0.0405873):0.0388987 C:0.0104667
Trying G D
G:2.16587 D:0.0533196
(E:5.64921e-05,G:2.16587):0.130248 D:0.0533196
Migration added
Local updates around node 1: 0 ln(lk):179.55305 
Local updates around node 2: 0 ln(lk):179.55305 
Updates in migration position: 4 ln(lk):193.64338 
Switches in migration direction: 0 ln(lk):193.64338 
Local updates around node 1: 0 ln(lk):193.64338 
Local updates around node 2: 0 ln(lk):193.64338 
Switches in migration direction: 0 ln(lk):193.64338 
Updates in migration position: 0 ln(lk):193.64338 
Trying all local rearrangements
Local rearrangements: 0 ln(lk):193.64338 
ln(likelihood):193.66931 
Targeting migration to vicinity of:
A E
G B
G C
E F

A E
F E
E A
E F
G B
G C
G B
G C
Trying A E
(A:0.0426753,F:0.0401708):0.0390112 E:0.170837
1->2 0.030512087 223.03603 193.66931
2->1 0.0070466255 223.53912 223.03603
p1->2 0.99986142 193.66931 223.53912
p2->1 1.9089405e-06 193.66931 223.53912
A:0.0426753 E:0.170837
1->2 0.030577701 223.55113 223.53912
2->1 0.0023008205 198.65909 223.55113
p2->1 0.4641923 193.66905 223.55113
Trying E A
E:0.170837 (F:0.000735885,A:0.251837):0.0784463
E:0.170837 A:0.251837
Trying E F
E:0.170837 F:0.000735885
1->2 0.002680829 199.56687 223.55113
2->1 0.030577701 223.55113 223.55113
p1->2 0.0055198548 193.66931 223.55113
E:0.170837 (A:0.0424588,F:0.0408357):0.0392278
Trying F E
F:0.0408357 E:0.170837
(A:0.0424588,F:0.0408357):0.0392278 E:0.170837
Trying G B
G:0.201744 B:0.0182829
1->2 0.0014763242 197.56038 223.55113
2->1 0.020754183 223.83425 223.55113
p1->2 3.0968394e-07 193.6693 223.83425
p2->1 0.029420836 223.85018 223.83425
G:0.217668 (C:0.0105008,B:0.0182829):0.0167299
1->2 0.0048287008 218.85166 223.85018
p1->2 5.4313232e-06 193.66931 223.85018
p2->1 0.069587864 224.01524 223.85018
Trying G C
G:0.241042 C:0.0105008
1->2 0.0014322192 197.28518 224.01524
2->1 0.020754183 223.83426 224.01524
p1->2 1.6969365e-05 193.6694 224.01524
G:0.201745 (B:0.0182815,C:0.0105026):0.0166464
Migration added
Local updates around node 1: 0 ln(lk):224.01524 
Local updates around node 2: 0 ln(lk):224.01524 
Updates in migration position: 0 ln(lk):224.01524 
Switches in migration direction: 0 ln(lk):224.01524 
ln(likelihood):224.01854 
DONE.
