
TreeMix v. 1.13
$Revision: 231 $

npop:7 nsnp:18176136
Estimating covariance matrix in 90880 blocks of size 200
SEED: 1607916735
Starting from:
((D:0.0720052,E:0.247829):0.0247766,C:0.0247766);
Adding F [4/7]
ln(likelihood): -243573.01 
((D:0.082066,E:0.257626):0,(C:0.0524315,F:0.0927649):0);
Adding A [5/7]
ln(likelihood): -284040.95 
((D:0.077044,E:0.253199):0,(C:0.0479995,(F:0.0495885,A:0.0362682):0.0543032):0);
Adding B [6/7]
ln(likelihood): -83263.11 
((((C:0.0113989,B:0.0191807):0.0188793,D:0.0546621):0.0369166,(F:0.046258,A:0.0326475):0.0348396):0.134145,E:0.134145);
Adding G [7/7]
ln(likelihood): -1705.4386 
(((F:0.045101,A:0.0319586):0.0353316,(E:0.170945,G:0.201633):0.0914088):0.0185125,((C:0.010501,B:0.0182829):0.0192348,D:0.0536457):0.0185125);
Testing global rearrangements
F:0.045101 E:0.170945
-593866.5 -1705.4386
F:0.045101 (E:0.170945,G:0.201633):0.0914088
-98309.869 -1705.4386
F:0.045101 G:0.201633
-593866.5 -1705.4386
(F:0.045101,A:0.0319586):0.0353316 C:0.010501
-509783.84 -1705.4386
(F:0.045101,A:0.0319586):0.0353316 (C:0.010501,B:0.0182829):0.0192348
-244881.86 -1705.4386
(F:0.045101,A:0.0319586):0.0353316 B:0.0182829
-509783.84 -1705.4386
A:0.0319586 E:0.170945
-602247.6 -1705.4386
A:0.0319586 (E:0.170945,G:0.201633):0.0914088
-98309.869 -1705.4386
A:0.0319586 G:0.201633
-602247.6 -1705.4386
C:0.010501 F:0.045101
-631496.3 -1705.4386
C:0.010501 (F:0.045101,A:0.0319586):0.0353316
-492223.86 -1705.4386
C:0.010501 A:0.0319586
-631496.3 -1705.4386
D:0.0536457 E:0.170945
-989291.75 -1705.4386
D:0.0536457 (E:0.170945,G:0.201633):0.0914088
-244881.86 -1705.4386
D:0.0536457 G:0.201633
-989291.75 -1705.4386
D:0.0536457 C:0.010501
-53403.447 -1705.4386
Targeting migration to vicinity of:
E F
D G
A B
C A

A C
A B
C A
B A
D E
D G
E F
G F
Trying A B
A:0.0319586 B:0.0182829
1->2 0.016727606 -1527.4329 -1705.4386
2->1 0.063700333 -473.76243 -1527.4329
p1->2 0.014040899 -1631.6149 -473.76243
p2->1 0.065892279 -477.25249 -473.76243
A:0.0414741 (C:0.010501,B:0.0182829):0.0195614
1->2 0.054776639 -503.35721 -473.76243
p1->2 0.33179775 -931.71641 -473.76243
p2->1 0.18130976 -693.04118 -473.76243
Trying A C
A:0.0596956 C:0.010501
1->2 0.016727606 -1527.2942 -473.76243
2->1 0.063832618 -474.16788 -473.76243
p1->2 0.014040899 -1631.8227 -473.76243
A:0.0319586 (B:0.0173838,C:0.0117082):0.0199042
Trying B A
B:0.0173838 A:0.0319586
(B:0.0173838,C:0.0117082):0.0199042 A:0.0319586
Trying C A
C:0.0117082 A:0.0319586
(B:0.0173838,C:0.0117082):0.0199042 A:0.0319586
Trying D E
D:0.0532602 E:0.170945
1->2 0.0025288016 -1701.3935 -473.76243
2->1 0.02840524 -931.68974 -473.76243
p1->2 0.1776699 -1705.4386 -473.76243
p2->1 0.073776655 -931.71641 -473.76243
D:0.0671236 (G:0.201633,E:0.170945):0.0922778
1->2 0.085796408 -931.71641 -473.76243
p1->2 0.56552309 -1705.4386 -473.76243
p2->1 0.00012879728 -1705.4386 -473.76243
Trying D G
D:0.0536596 (G:0.201633,E:0.170945):0.0914088
D:0.0536596 G:0.201633
1->2 0.023972237 -1360.4066 -473.76243
2->1 0.026142891 -912.37013 -473.76243
p1->2 0.5109297 -1542.3599 -473.76243
Trying E F
((F:0.045101,A:0.0319586):0.0347355,(E:0.0741131,G:1.03996):0.188122):0.00116657 F:0.045101
1->2 4.0751289e-05 -1705.4389 -473.76243
E:0.170945 F:0.0451061
1->2 0.029897315 -626.05802 -473.76243
2->1 0.027079854 -1294.3049 -473.76243
p1->2 0.10924691 -693.04118 -473.76243
p2->1 0.43606377 -1542.3599 -473.76243
(G:0.130014,E:0.663542):0.163148 F:0.045101
2->1 0.076951139 -693.04118 -473.76243
Trying G F
((G:0.201633,E:0.170945):0.112227,(A:0.0306655,F:0.0463941):0.0400282):0.0161642 F:0.0463941
(G:0.201633,E:0.170945):0.112227 F:0.0463941
G:0.201633 F:0.0463941
1->2 0.03475105 -693.04119 -473.76243
2->1 3.9084634e-07 -1705.4392 -473.76243
p2->1 0.42102641 -1705.4386 -473.76243
Migration added
Local updates around node 1: 0 ln(lk):-473.76243 
Local updates around node 2: 0 ln(lk):-473.76243 
Updates in migration position: 0 ln(lk):-473.76243 
Switches in migration direction: 0 ln(lk):-473.76243 
ln(likelihood):-473.76247 
Targeting migration to vicinity of:
D G
F B
C F
E D

C F
B F
D E
D G
E D
G D
F C
F B
Trying B F
(C:0.0104674,B:0.0183028):0.0195786 F:0.0405837
1->2 0.014385181 -421.00316 -473.76247
2->1 0.040413067 40.957001 -421.00316
p1->2 0.033863567 -471.84353 40.957001
p2->1 0.56907475 -5.7866234 40.957001
B:0.0183149 F:0.0406465
1->2 0.018700175 -355.36557 40.957001
2->1 0.010030115 -394.34162 40.957001
p2->1 0.011015512 -428.38765 40.957001
B:0.0194162 (A:0.0411413,F:0.0405863):0.0396644
1->2 0.10177718 -5.5679077 40.957001
p1->2 0.69039536 -5.7866581 40.957001
p2->1 0.21657376 -464.58206 40.957001
Trying C F
(C:0.00510057,B:0.0366929):0.0250411 F:0.0404829
C:0.00510057 F:0.0404829
1->2 0.018528711 -373.54767 40.957001
2->1 0.011093902 -376.20372 40.957001
p2->1 0.010928518 -412.02079 40.957001
C:0.0113986 (A:0.0411983,F:0.0405226):0.0397156
1->2 0.10177718 -5.5679077 40.957001
p2->1 0.17141654 -472.43419 40.957001
Trying D E
D:0.0532835 E:0.170945
1->2 3.8719494e-07 -473.763 40.957001
2->1 0.023059336 -5.5590352 40.957001
p1->2 0.1776699 -473.76247 40.957001
p2->1 0.022561008 -5.7949678 40.957001
D:0.0577954 (G:0.201633,E:0.170945):0.090436
1->2 0.078975216 -5.7866722 40.957001
p1->2 0.0053747296 -473.76247 40.957001
p2->1 0.33671704 -473.76247 40.957001
Trying D G
D:0.150714 G:0.201633
1->2 0.021700654 -198.51323 40.957001
2->1 0.020636614 14.945809 40.957001
p1->2 0.65312707 -304.08982 40.957001
D:0.0533195 (E:5.78695e-05,G:2.16587):0.260492
Trying E D
E:5.78695e-05 D:0.0533195
(E:5.78695e-05,G:2.16587):0.260492 D:0.0533195
Trying F B
F:0.0405837 (B:0.0183028,C:0.0104674):0.0195786
F:0.0405837 B:0.0183028
(A:0.0411463,F:0.0405837):0.038902 B:0.0183028
Trying F C
F:0.0405837 (B:0.0183028,C:0.0104674):0.0195786
F:0.0405837 C:0.0104674
(A:0.0411463,F:0.0405837):0.038902 C:0.0104674
Trying G D
G:2.16587 D:0.0533195
(E:5.78695e-05,G:2.16587):0.260492 D:0.0533195
Migration added
Local updates around node 1: 0 ln(lk):40.957001 
Local updates around node 2: 0 ln(lk):40.957001 
Updates in migration position: 1 ln(lk):74.471658 
Switches in migration direction: 0 ln(lk):74.471658 
Local updates around node 1: 0 ln(lk):74.471658 
Local updates around node 2: 0 ln(lk):74.471658 
Switches in migration direction: 0 ln(lk):74.471658 
Updates in migration position: 0 ln(lk):74.471658 
Trying all local rearrangements
Local rearrangements: 0 ln(lk):74.471658 
ln(likelihood):74.47184 
Targeting migration to vicinity of:
E F
E A
C G
B G

D G
C G
B G
D G
C G
B G
E F
E A
E F
E A
Trying B G
B:0.0182829 G:0.201633
1->2 0.021259526 231.58054 74.47184
2->1 0.0011853708 87.179532 231.58054
p1->2 0.023109306 239.44432 231.58054
p2->1 3.0968394e-07 74.47183 239.44432
(C:0.010501,B:0.0182829):0.0239864 G:0.201633
2->1 0.0037372047 156.34779 239.44432
p1->2 0.65758699 245.92156 239.44432
p2->1 1.5525809e-05 74.471842 245.92156
Trying C G
(C:0.010501,B:0.0182829):0.0239893 G:0.201633
C:0.010501 G:0.201633
1->2 0.021259526 231.58054 245.92156
2->1 0.0011566306 86.478114 245.92156
p2->1 2.8082206e-06 74.471915 245.92156
Trying D G
D:0.0506356 G:0.201633
1->2 0.030130707 245.98141 245.92156
2->1 0.0025052361 94.545304 245.98141
p2->1 0.033863567 74.47184 245.98141
Trying E A
E:0.170945 A:0.0433329
1->2 0.0032380903 114.36858 245.98141
2->1 0.028990248 246.32916 245.98141
p1->2 0.078036837 74.47184 246.32916
p2->1 0.099995285 245.9803 246.32916
Trying E F
E:0.222455 F:0.03978
1->2 0.0035051624 117.85782 246.32916
2->1 0.021139156 226.73125 246.32916
p1->2 0.025904983 74.465041 246.32916
Migration added
Local updates around node 1: 0 ln(lk):246.32916 
Local updates around node 2: 0 ln(lk):246.32916 
Updates in migration position: 0 ln(lk):246.32916 
Switches in migration direction: 0 ln(lk):246.32916 
ln(likelihood):246.55474 
Targeting migration to vicinity of:
E D
C G
B G
A G

D E
C G
B G
D E
C G
B G
E D
G C
G B
Trying B G
(B:0.0182829,C:0.010501):0.0232846 G:0.198534
1->2 0.00019714423 246.56662 246.55474
2->1 6.793467e-05 246.5921 246.56662
p1->2 0.099995285 246.5551 246.5921
p2->1 1.3445585e-05 246.5549 246.5921
B:0.0182829 G:0.198534
1->2 0.00021222363 246.57231 246.5921
2->1 2.8390927e-05 246.56299 246.5921
p2->1 1.8801682e-06 246.55474 246.5921
Trying C G
C:0.0105008 G:0.198534
1->2 0.00022082985 246.57062 246.5921
2->1 2.7862949e-05 246.56254 246.5921
p2->1 2.1710609e-06 246.55474 246.5921
(B:0.0182827,C:0.0105012):0.0232848 G:0.198534
Trying D E
D:0.0509748 E:0.184272
1->2 0.00034640354 246.60562 246.5921
2->1 0.00020395275 246.65771 246.60562
p1->2 3.1505464e-05 246.55486 246.65771
p2->1 4.9327986e-07 246.55474 246.65771
Trying E D
E:0.184272 D:0.050975
Trying G B
G:0.198534 (B:0.0182829,C:0.010501):0.0232846
G:0.198534 B:0.0182829
Trying G C
G:0.198534 C:0.010501
G:0.198534 (B:0.0182829,C:0.010501):0.0232846
Migration added
Local updates around node 1: 0 ln(lk):246.65771 
Local updates around node 2: 0 ln(lk):246.65771 
Updates in migration position: 0 ln(lk):246.65771 
Switches in migration direction: 0 ln(lk):246.65771 
ln(likelihood):246.66861 
Targeting migration to vicinity of:
E F
C G
B G
D A

C G
B G
C G
B G
D A
E F
Trying B G
B:0.0182829 G:0.198494
1->2 6.4276578e-06 246.66862 246.66861
2->1 3.5220734e-07 246.66861 246.66862
p1->2 6.6883722e-06 246.66862 246.66862
p2->1 3.0968394e-07 246.66861 246.66862
(C:0.010501,B:0.0182829):0.0231939 G:0.198494
2->1 4.2585448e-06 246.66862 246.66862
p1->2 0.025960954 246.66862 246.66862
p2->1 2.3407882e-05 246.66862 246.66862
Trying C G
(C:0.010501,B:0.0182829):0.0231982 G:0.198494
C:0.010501 G:0.198494
1->2 6.4276578e-06 246.66862 246.66862
2->1 3.2717654e-07 246.66861 246.66862
p2->1 3.0968394e-07 246.66861 246.66862
Trying D A
D:0.0510671 A:0.0436669
1->2 5.0929089e-06 246.66861 246.66862
2->1 7.8444478e-05 246.66862 246.66862
p1->2 0.0002511449 246.66862 246.66862
p2->1 0.033746466 246.66862 246.66862
Trying E F
E:0.184419 F:0.0396222
1->2 1.6531682e-06 246.66862 246.66862
2->1 4.0925456e-06 246.66862 246.66862
p1->2 2.118361e-06 246.66861 246.66862
p2->1 0.0053747296 246.66862 246.66862
Migration added
Local updates around node 1: 0 ln(lk):246.66862 
Local updates around node 2: 0 ln(lk):246.66862 
Updates in migration position: 0 ln(lk):246.66862 
Switches in migration direction: 0 ln(lk):246.66862 
ln(likelihood):246.66862 
DONE.
