
TreeMix v. 1.13
$Revision: 231 $

npop:7 nsnp:18176136
Estimating covariance matrix in 8261 blocks of size 2200
SEED: 1607916169
Starting from:
((D:0.0478524,C:0.016906):0.0704326,F:0.0704326);
Adding G [4/7]
ln(likelihood): -10285.36 
((D:0.0676107,C:0.0379753):0.0195925,(F:0.0786177,G:0.273919):0.0195925);
Adding B [5/7]
ln(likelihood): -18498.131 
(F:0.0405564,(G:0.271125,(D:0.0550312,(C:0.0118762,B:0.0196584):0.0192049):0.0470889):0.0405564);
Adding A [6/7]
ln(likelihood): -8917.2754 
(((D:0.0539702,(C:0.0107065,B:0.0184887):0.0188786):0.0356862,(F:0.0452418,A:0.0316345):0.0357154):0.149842,G:0.149842);
Adding E [7/7]
ln(likelihood): 9.4032463 
(((F:0.0450975,A:0.0319583):0.0353359,(G:0.201633,E:0.170947):0.0914084):0.0185141,(D:0.0536458,(C:0.0105006,B:0.0182828):0.0192342):0.0185141);
Testing global rearrangements
F:0.0450975 G:0.201633
-62918.646 9.4032463
F:0.0450975 (G:0.201633,E:0.170947):0.0914084
-10070.06 9.4032463
F:0.0450975 E:0.170947
-62918.646 9.4032463
(F:0.0450975,A:0.0319583):0.0353359 C:0.0105006
-57942.557 9.4032463
(F:0.0450975,A:0.0319583):0.0353359 (C:0.0105006,B:0.0182828):0.0192342
-25953.604 9.4032463
(F:0.0450975,A:0.0319583):0.0353359 B:0.0182828
-57942.557 9.4032463
A:0.0319583 G:0.201633
-63655.313 9.4032463
A:0.0319583 (G:0.201633,E:0.170947):0.0914084
-10070.06 9.4032463
A:0.0319583 E:0.170947
-63655.313 9.4032463
D:0.0536458 A:0.0319583
-37726.184 9.4032463
C:0.0105006 D:0.0536458
-6043.539 9.4032463
Targeting migration to vicinity of:
F E
D G
C A
B A

C A
B A
C A
B A
D G
D E
F G
F E
Trying B A
(C:0.0105006,B:0.0182828):0.0192342 A:0.0319583
1->2 0.066113293 139.15898 9.4032463
2->1 0.055149082 137.51975 139.15898
p1->2 0.5006026 115.67028 139.15898
p2->1 0.50060552 91.38161 139.15898
B:0.0182828 A:0.0319583
1->2 0.063618705 139.57788 139.15898
2->1 0.01707634 28.625388 139.57788
p2->1 0.014303165 17.366108 139.57788
Trying C A
(C:0.00958445,B:0.0197407):0.0199164 A:0.0319583
C:0.00958445 A:0.0319583
1->2 0.063832618 139.52082 139.57788
2->1 0.017016266 28.460778 139.57788
p2->1 0.014202423 17.263192 139.57788
Trying D E
D:0.0532558 (G:0.201633,E:0.170947):0.0912415
1->2 0.3970964 91.38161 139.57788
2->1 0.096514925 91.38161 139.57788
p1->2 0.051593695 9.4032463 139.57788
p2->1 0.0053747296 9.4032463 139.57788
D:0.0542272 E:0.170947
1->2 0.0025288016 9.8476758 139.57788
2->1 0.02840524 91.385144 139.57788
p1->2 0.099995285 9.4032463 139.57788
Trying D G
D:0.0536458 (G:0.191477,E:0.222328):0.101564
D:0.0536458 G:0.191477
1->2 0.023619452 45.172704 139.57788
2->1 0.026290987 93.342284 139.57788
p1->2 0.25018033 27.345418 139.57788
Trying F E
F:0.0450975 (E:0.139534,G:0.400313):0.122702
1->2 0.078036837 115.67028 139.57788
2->1 0.25018033 115.67028 139.57788
p2->1 4.0751289e-05 9.403224 139.57788
F:0.0451026 E:0.170947
1->2 0.026682585 52.907563 139.57788
2->1 0.029793506 123.17751 139.57788
p1->2 0.099995285 27.345418 139.57788
Trying F G
F:0.0450975 (G:0.190934,E:0.222843):0.102227
F:0.0450975 G:0.190934
1->2 3.9084634e-07 9.4031599 139.57788
2->1 0.03475105 115.67021 139.57788
p1->2 0.42054057 9.4032463 139.57788
Migration added
Local updates around node 1: 0 ln(lk):139.57788 
Local updates around node 2: 0 ln(lk):139.57788 
Updates in migration position: 0 ln(lk):139.57788 
Switches in migration direction: 0 ln(lk):139.57788 
ln(likelihood):139.57788 
DONE.
