
TreeMix v. 1.13
$Revision: 231 $

npop:7 nsnp:18176136
Estimating covariance matrix in 45440 blocks of size 400
SEED: 1607916592
Starting from:
((D:0.0515583,B:0.0284474):0.0629421,A:0.0629421);
Adding G [4/7]
ln(likelihood): -58691.625 
((D:0.0684335,B:0.0466316):0.018076,(A:0.0664836,G:0.275615):0.018076);
Adding C [5/7]
ln(likelihood): -78765.605 
(A:0.0339723,(G:0.272755,(D:0.0558206,(B:0.0204675,C:0.0126857):0.0192642):0.0466082):0.0339723);
Adding F [6/7]
ln(likelihood): -45688.634 
(((D:0.0539701,(B:0.0184887,C:0.0107068):0.0188793):0.035683,(A:0.0316348,F:0.0452453):0.035711):0.149843,G:0.149843);
Adding E [7/7]
ln(likelihood): -818.60258 
(((A:0.0319586,F:0.045101):0.0353316,(G:0.201633,E:0.170945):0.0914088):0.0185125,(D:0.0536457,(B:0.0182829,C:0.010501):0.0192348):0.0185125);
Testing global rearrangements
A:0.0319586 ((A:0.0319586,F:0.045101):0.0353316,(G:0.201633,E:0.170945):0.0914088):0.0185125
-52748.844 -818.60258
A:0.0319586 B:0.0182829
-307145.86 -818.60258
A:0.0319586 (B:0.0182829,C:0.010501):0.0192348
-180626.62 -818.60258
A:0.0319586 C:0.010501
-307145.86 -818.60258
(A:0.0319586,F:0.045101):0.0353316 E:0.170945
-265844.88 -818.60258
F:0.045101 D:0.0536457
-191409.02 -818.60258
F:0.045101 (D:0.0536457,(B:0.0182829,C:0.010501):0.0192348):0.0185125
-52748.844 -818.60258
F:0.045101 B:0.0182829
-328756.39 -818.60258
F:0.045101 (B:0.0182829,C:0.010501):0.0192348
-191409.02 -818.60258
F:0.045101 C:0.010501
-328756.39 -818.60258
G:0.201633 F:0.045101
-325556.05 -818.60258
G:0.201633 D:0.0536457
-513922.04 -818.60258
D:0.0536457 B:0.0182829
-30240.712 -818.60258
D:0.0536457 C:0.010501
-30240.712 -818.60258
Targeting migration to vicinity of:
F E
D G
A C
B A

A B
A C
B A
C A
D G
D E
F G
F E
Trying A B
A:0.0319586 B:0.0182829
1->2 0.016919507 -721.21241 -818.60258
2->1 0.063700333 -151.70867 -721.21241
p1->2 0.014171434 -778.26491 -151.70867
p2->1 0.066028796 -153.72223 -151.70867
A:0.0414961 (C:0.010501,B:0.0182829):0.0195623
1->2 0.054962564 -165.36758 -151.70867
p1->2 0.078036837 -399.67024 -151.70867
p2->1 0.25018033 -272.19122 -151.70867
Trying A C
A:0.0752953 C:0.010501
1->2 0.016859977 -721.5904 -151.70867
2->1 0.063832618 -151.96322 -151.70867
p1->2 0.014121434 -778.58216 -151.70867
A:0.0319586 (B:0.0173786,C:0.0117153):0.0199082
Trying B A
B:0.0173786 A:0.0319586
(B:0.0173786,C:0.0117153):0.0199082 A:0.0319586
Trying C A
C:0.0117153 A:0.0319586
(B:0.0173786,C:0.0117153):0.0199082 A:0.0319586
Trying D E
D:0.0532579 E:0.170945
1->2 0.0025052361 -816.39937 -151.70867
2->1 0.02840524 -399.65413 -151.70867
p1->2 0.10393743 -818.60258 -151.70867
p2->1 0.030577701 -399.67024 -151.70867
D:0.0596326 (G:0.201633,E:0.170945):0.0922778
1->2 0.099995285 -399.67024 -151.70867
p1->2 4.0751289e-05 -818.60258 -151.70867
p2->1 0.13286082 -818.60258 -151.70867
Trying D G
D:0.071344 G:0.201633
1->2 0.023753602 -633.75919 -151.70867
2->1 0.026199363 -389.39103 -151.70867
p1->2 0.10127305 -728.53227 -151.70867
D:0.0536457 (E:0.159863,G:0.261908):0.102372
Trying F E
F:0.045101 E:0.159863
1->2 0.026833655 -596.03633 -151.70867
2->1 0.029793506 -234.86746 -151.70867
p1->2 0.099995285 -728.53227 -151.70867
p2->1 0.1778606 -272.19122 -151.70867
F:0.077511 (G:0.201633,E:0.170945):0.0930252
1->2 0.40052852 -272.19122 -151.70867
p2->1 4.0751289e-05 -818.60269 -151.70867
Trying F G
F:0.0451061 G:0.201633
1->2 3.9084634e-07 -818.60295 -151.70867
2->1 0.03475105 -272.19121 -151.70867
p1->2 0.43606377 -818.60258 -151.70867
F:0.045101 (E:0.100264,G:0.759356):0.162091
Migration added
Local updates around node 1: 0 ln(lk):-151.70867 
Local updates around node 2: 0 ln(lk):-151.70867 
Updates in migration position: 0 ln(lk):-151.70867 
Switches in migration direction: 0 ln(lk):-151.70867 
ln(likelihood):-151.70869 
Targeting migration to vicinity of:
D G
B F
C F
D E

B F
C F
B F
C F
D G
D E
D G
D E
Trying B F
B:0.0183028 F:0.0405837
1->2 0.018634498 -87.587871 -151.70869
2->1 0.01008788 -108.78626 -87.587871
p1->2 0.014334437 -123.65005 -87.587871
p2->1 0.011118238 -127.09366 -87.587871
Trying C F
C:0.00976397 F:0.0405861
1->2 0.018569048 -97.437335 -87.587871
2->1 0.011182198 -98.657248 -87.587871
p2->1 0.010928518 -117.98135 -87.587871
C:0.0113986 (A:0.0411983,F:0.0405226):0.0397156
1->2 0.10177718 101.5377 -87.587871
p1->2 0.69039536 101.41592 101.5377
p2->1 0.18111619 -150.78959 101.5377
Trying D E
D:0.0532798 (G:0.201633,E:0.170945):0.0897183
1->2 0.098679066 101.41592 101.5377
2->1 0.022561008 101.41132 101.5377
p1->2 0.00012879728 -151.70869 101.5377
p2->1 0.33671704 -151.70869 101.5377
D:0.150714 E:0.170945
1->2 3.8719494e-07 -151.70899 101.5377
2->1 0.023109306 101.54514 101.5377
p1->2 0.10046206 -151.70869 101.54514
Trying D G
D:0.0533195 G:0.191611
1->2 0.021577841 -3.5667861 101.54514
2->1 0.0207092 112.51352 101.54514
p1->2 0.65312707 -57.777451 112.51352
D:0.0533195 (E:5.78695e-05,G:2.16587):0.260492
Migration added
Local updates around node 1: 0 ln(lk):112.51352 
Local updates around node 2: 0 ln(lk):112.51352 
Updates in migration position: 4 ln(lk):153.76154 
Switches in migration direction: 0 ln(lk):153.76154 
Local updates around node 1: 0 ln(lk):153.76154 
Local updates around node 2: 0 ln(lk):153.76154 
Switches in migration direction: 0 ln(lk):153.76154 
Updates in migration position: 0 ln(lk):153.76154 
Trying all local rearrangements
Local rearrangements: 0 ln(lk):153.76154 
ln(likelihood):153.82588 
Targeting migration to vicinity of:
A E
B G
G C
F E

A E
F E
B G
C G
A E
F E
G B
G C
Trying A E
A:0.042698 E:0.170835
1->2 0.030577701 236.76857 153.82588
2->1 0.0022793745 167.6335 236.76857
p1->2 0.030512087 235.38077 236.76857
p2->1 2.7442997e-05 153.82616 236.76857
(F:0.0401613,A:0.0427031):0.0390227 E:0.170835
2->1 0.30637521 236.73672 236.76857
p1->2 0.012027409 153.83775 236.76857
Trying B G
(C:0.010501,B:0.0182829):0.0166615 G:0.20064
1->2 0.029420836 237.64373 236.76857
2->1 0.0047562667 223.37023 237.64373
p1->2 0.071966827 238.16506 237.64373
p2->1 1.52918e-05 153.82594 238.16506
B:0.0182829 G:0.201745
1->2 0.020754183 237.58384 238.16506
2->1 0.0014677973 164.5466 238.16506
p2->1 3.0968394e-07 153.82587 238.16506
Trying C G
C:0.010501 G:0.201745
1->2 0.020754183 237.58384 238.16506
2->1 0.0014239467 163.84653 238.16506
p2->1 1.5672222e-05 153.8261 238.16506
(B:0.0182815,C:0.0105027):0.0166553 G:0.201745
Trying F E
F:0.0401639 E:0.170835
1->2 0.030577701 236.76857 238.16506
2->1 0.0026311041 169.78757 238.16506
p2->1 0.43606377 153.82588 238.16506
(A:0.0125257,F:0.179795):0.0691925 E:0.170835
Trying G B
G:0.201745 (B:0.0182829,C:0.010501):0.0166543
G:0.201745 B:0.0182829
Trying G C
G:0.201745 C:0.010501
G:0.201745 (B:0.0182829,C:0.010501):0.0166543
Migration added
Local updates around node 1: 0 ln(lk):238.16506 
Local updates around node 2: 0 ln(lk):238.16506 
Updates in migration position: 0 ln(lk):238.16506 
Switches in migration direction: 0 ln(lk):238.16506 
ln(likelihood):238.16878 
Targeting migration to vicinity of:
A E
G F
B G
G C

A E
F G
G F
E A
Trying A E
A:0.0427354 E:0.162997
1->2 0.0015561384 238.3314 238.16878
2->1 0.00019417335 238.25126 238.3314
p1->2 3.0968394e-07 238.16878 238.3314
p2->1 4.2404157e-05 238.16953 238.3314
Trying E A
E:0.162997 A:0.0427434
Trying F G
F:0.0401498 G:0.243158
1->2 0.0015799145 238.31913 238.3314
2->1 0.00017498076 238.25747 238.3314
p1->2 3.1738819e-07 238.16878 238.3314
p2->1 0.10146535 238.16878 238.3314
Trying G F
G:0.243158 F:0.0545646
Migration added
Local updates around node 1: 0 ln(lk):238.3314 
Local updates around node 2: 0 ln(lk):238.3314 
Updates in migration position: 0 ln(lk):238.3314 
Switches in migration direction: 0 ln(lk):238.3314 
ln(likelihood):238.39878 
DONE.
