
TreeMix v. 1.13
$Revision: 231 $

npop:7 nsnp:18176136
Estimating covariance matrix in 22720 blocks of size 800
SEED: 1607916735
Starting from:
((D:0.0720052,E:0.247829):0.0247766,C:0.0247766);
Adding F [4/7]
ln(likelihood): -69922.466 
((D:0.082066,E:0.257626):0,(C:0.0524315,F:0.0927649):0);
Adding A [5/7]
ln(likelihood): -81729.963 
((D:0.077044,E:0.253199):0,(C:0.0479995,(F:0.0495885,A:0.0362682):0.0543032):0);
Adding B [6/7]
ln(likelihood): -24465.464 
((((C:0.0113989,B:0.0191807):0.0188793,D:0.0546621):0.0369166,(F:0.046258,A:0.0326475):0.0348396):0.134145,E:0.134145);
Adding G [7/7]
ln(likelihood): -322.30797 
(E:0.0854727,((((C:0.010501,B:0.0182829):0.0192348,D:0.0536457):0.037025,(F:0.045101,A:0.0319586):0.0353316):0.0914088,G:0.201633):0.0854727);
Testing global rearrangements
E:0.0854727 D:0.0536457
-270072.35 -322.30797
E:0.0854727 F:0.045101
-170119.43 -322.30797
C:0.010501 ((C:0.010501,B:0.0182829):0.0192348,D:0.0536457):0.037025
-16144.066 -322.30797
C:0.010501 F:0.045101
-186857.63 -322.30797
C:0.010501 (F:0.045101,A:0.0319586):0.0353316
-148848.56 -322.30797
C:0.010501 A:0.0319586
-186857.63 -322.30797
D:0.0536457 E:0.0854727
-284106.48 -322.30797
D:0.0536457 C:0.010501
-16144.066 -322.30797
D:0.0536457 G:0.201633
-284106.48 -322.30797
F:0.045101 E:0.0854727
-168387.6 -322.30797
F:0.045101 D:0.0536457
-99092.736 -322.30797
(F:0.045101,A:0.0319586):0.0353316 E:0.0854727
-138971.27 -322.30797
A:0.0319586 C:0.010501
-162023.93 -322.30797
A:0.0319586 (C:0.010501,B:0.0182829):0.0192348
-93429.758 -322.30797
A:0.0319586 B:0.0182829
-162023.93 -322.30797
A:0.0319586 ((C:0.010501,B:0.0182829):0.0192348,D:0.0536457):0.037025
-27323.118 -322.30797
A:0.0319586 D:0.0536457
-93429.758 -322.30797
G:0.201633 C:0.010501
-400466.99 -322.30797
G:0.201633 (C:0.010501,B:0.0182829):0.0192348
-270072.35 -322.30797
G:0.201633 B:0.0182829
-400466.99 -322.30797
G:0.201633 A:0.0319586
-170119.43 -322.30797
Targeting migration to vicinity of:
E F
D G
A B
C A

A C
A B
C A
B A
D E
D G
E F
G F
Trying A B
A:0.0319586 B:0.0182829
1->2 0.017016266 -271.1754 -322.30797
2->1 0.063700333 25.771133 -271.1754
p1->2 0.014252706 -301.13746 25.771133
p2->1 0.066113293 24.684215 25.771133
A:0.0415097 (C:0.010501,B:0.0182829):0.0195628
1->2 0.055077769 19.436459 25.771133
p1->2 0.17986722 -103.51113 25.771133
p2->1 0.3979882 -37.666136 25.771133
Trying A C
A:0.130558 C:0.010501
1->2 0.016919507 -271.51049 25.771133
2->1 0.063832618 25.627903 25.771133
p1->2 0.014121434 -301.36507 25.771133
A:0.0319586 (B:0.0173786,C:0.0117153):0.0199082
Trying B A
B:0.0173786 A:0.0319586
(B:0.0173786,C:0.0117153):0.0199082 A:0.0319586
Trying C A
C:0.0117153 A:0.0319586
(B:0.0173786,C:0.0117153):0.0199082 A:0.0319586
Trying D E
D:0.0532579 E:0.0854727
1->2 0.0025142115 -321.14152 25.771133
2->1 0.02840524 -103.50209 25.771133
p1->2 0.16563053 -322.30797 25.771133
Trying D G
D:0.0536457 G:0.183488
1->2 0.023670606 -226.39124 25.771133
2->1 0.026290987 -98.216965 25.771133
p1->2 0.030857163 -274.73009 25.771133
p2->1 0.02840524 -103.50211 25.771133
Trying E F
E:0.0854728 F:0.045101
1->2 0.029793506 -17.847492 25.771133
2->1 0.026682585 -206.0795 25.771133
p2->1 0.3970964 -274.76531 25.771133
Trying G F
G:0.140558 F:0.045101
1->2 0.03475105 -37.666098 25.771133
2->1 3.0968394e-07 -322.30817 25.771133
p1->2 0.029793506 -17.847492 25.771133
p2->1 4.0751289e-05 -322.30797 25.771133
Migration added
Local updates around node 1: 0 ln(lk):25.771133 
Local updates around node 2: 0 ln(lk):25.771133 
Updates in migration position: 0 ln(lk):25.771133 
Switches in migration direction: 0 ln(lk):25.771133 
ln(likelihood):25.771261 
Targeting migration to vicinity of:
D G
F B
C F
E D

C F
B F
D E
D G
E D
G D
F C
F B
Trying B F
(C:0.0104674,B:0.0183028):0.0195786 F:0.0405837
1->2 0.014334437 40.291046 25.771261
2->1 0.040638626 170.13947 40.291046
p1->2 0.3970964 26.380623 170.13947
p2->1 0.058598913 157.89229 170.13947
B:0.0183149 (A:0.0410882,F:0.0406465):0.0408168
1->2 0.10177718 157.95738 170.13947
2->1 0.011182198 38.638066 170.13947
p1->2 0.3970964 157.8924 170.13947
p2->1 6.2255936e-07 25.771502 170.13947
B:0.0183029 F:0.0405837
1->2 0.018634498 59.276782 170.13947
2->1 0.010123746 48.162637 170.13947
Trying C F
C:0.00974062 (A:0.0410571,F:0.0406674):0.0397217
1->2 0.10177718 157.95738 170.13947
2->1 0.010928518 43.469686 170.13947
p2->1 0.0010846412 25.812687 170.13947
C:0.0105436 F:0.0405818
1->2 0.018634498 54.134398 170.13947
2->1 0.011261761 53.542068 170.13947
(B:0.0175079,C:0.0115103):0.0202124 F:0.0406024
Trying D E
D:0.0529064 E:0.0854727
1->2 3.0968394e-07 25.771096 170.13947
2->1 0.023109306 157.96219 170.13947
p1->2 0.69140345 25.771348 170.13947
Trying D G
D:0.0533195 G:0.000565921
1->2 0.021455709 102.86324 170.13947
2->1 0.020754183 163.63844 170.13947
p1->2 0.65312707 75.436748 170.13947
p2->1 0.023109306 157.96222 170.13947
Trying E D
E:0.0854731 D:0.0579078
Trying F B
(A:0.0410874,F:0.0406473):0.0387585 B:0.0183159
F:0.0406473 (B:0.0183159,C:0.010534):0.0174851
F:0.0406473 B:0.0183159
Trying F C
(A:0.0410874,F:0.0406473):0.0387585 C:0.010534
F:0.0406473 C:0.010534
F:0.0406473 (B:0.0183159,C:0.010534):0.0174851
Trying G D
G:0.201634 D:0.0579078
Migration added
Local updates around node 1: 0 ln(lk):170.13947 
Local updates around node 2: 0 ln(lk):170.13947 
Updates in migration position: 1 ln(lk):179.29812 
Switches in migration direction: 0 ln(lk):179.29812 
Local updates around node 1: 0 ln(lk):179.29812 
Local updates around node 2: 0 ln(lk):179.29812 
Switches in migration direction: 0 ln(lk):179.29812 
Updates in migration position: 0 ln(lk):179.29812 
Trying all local rearrangements
Local rearrangements: 0 ln(lk):179.29812 
ln(likelihood):179.29806 
Targeting migration to vicinity of:
E F
E A
B G
C G

D G
C G
B G
D G
C G
B G
E F
E A
E F
E A
Trying B G
B:0.0182829 G:0.201633
1->2 0.021185054 225.13111 179.29806
2->1 0.0012104821 183.1245 225.13111
p1->2 0.022848831 227.26525 225.13111
p2->1 6.2255936e-07 179.29812 227.26525
(C:0.010501,B:0.0182829):0.0238852 G:0.201633
2->1 0.0035920499 203.21354 227.26525
p1->2 0.030130707 229.29972 227.26525
p2->1 7.468267e-05 179.29807 229.29972
Trying C G
C:0.010501 G:0.201633
1->2 0.021185054 225.13111 229.29972
2->1 0.0011743098 182.87531 229.29972
p2->1 8.2659371e-06 179.2981 229.29972
(B:0.0182822,C:0.0105019):0.0238859 G:0.201633
Trying D G
D:0.0506838 G:0.201633
1->2 0.030130707 229.30006 229.29972
2->1 0.0024445727 184.82359 229.30006
p2->1 4.0751289e-05 179.29802 229.30006
Trying E A
E:0.0854727 A:0.0433276
1->2 0.0033183794 191.18316 229.30006
2->1 0.028990248 229.39713 229.30006
p2->1 0.029793506 229.29972 229.39713
Trying E F
E:0.0924555 F:0.0397816
1->2 0.0036049047 192.37623 229.39713
2->1 0.020564279 223.28884 229.39713
Migration added
Local updates around node 1: 0 ln(lk):229.39713 
Local updates around node 2: 0 ln(lk):229.39713 
Updates in migration position: 0 ln(lk):229.39713 
Switches in migration direction: 0 ln(lk):229.39713 
ln(likelihood):229.46412 
Targeting migration to vicinity of:
E D
B G
C G
A G

D E
C G
B G
D E
C G
B G
E D
G C
G B
Trying B G
(B:0.0182829,C:0.010501):0.0232858 G:0.198534
1->2 0.0002102414 229.46807 229.46412
2->1 7.1771712e-05 229.47603 229.46807
p1->2 0.05340603 229.4643 229.47603
p2->1 2.4587014e-05 229.46421 229.47603
B:0.0182829 G:0.198534
1->2 0.00022082985 229.46981 229.47603
2->1 2.9714343e-05 229.46679 229.47603
p2->1 1.2706864e-06 229.46412 229.47603
Trying C G
(C:0.0105009,B:0.018283):0.0232859 G:0.198534
C:0.0105009 G:0.198534
1->2 0.00023195146 229.46929 229.47603
2->1 2.8825383e-05 229.46662 229.47603
p2->1 2.2804268e-06 229.46412 229.47603
Trying D E
D:0.0509742 E:0.0921349
1->2 0.00034316847 229.47864 229.47603
2->1 0.00020204774 229.49405 229.47864
p1->2 1.7129389e-05 229.46413 229.49405
Trying E D
E:0.0921392 D:0.0509743
Trying G B
G:0.198532 (B:0.0182829,C:0.010501):0.0232858
G:0.198532 B:0.0182829
Trying G C
G:0.198532 (B:0.0182829,C:0.010501):0.0232858
G:0.198532 C:0.010501
Migration added
Local updates around node 1: 0 ln(lk):229.49405 
Local updates around node 2: 0 ln(lk):229.49405 
Updates in migration position: 0 ln(lk):229.49405 
Switches in migration direction: 0 ln(lk):229.49405 
ln(likelihood):229.49732 
Targeting migration to vicinity of:
E F
B G
C G
D A

C G
B G
C G
B G
E F
Trying B G
B:0.0182829 G:0.198496
1->2 2.4357319e-05 229.49736 229.49732
2->1 1.2706864e-06 229.49732 229.49736
p1->2 2.5345267e-05 229.49736 229.49736
p2->1 5.6427712e-07 229.49732 229.49736
(C:0.010501,B:0.0182829):0.0231951 G:0.198496
2->1 6.5494592e-06 229.49736 229.49736
p1->2 0.066472366 229.49733 229.49736
p2->1 5.3516906e-05 229.49733 229.49736
Trying C G
C:0.010501 G:0.198496
1->2 2.4357319e-05 229.49736 229.49736
2->1 1.2706864e-06 229.49732 229.49736
p2->1 5.6427712e-07 229.49732 229.49736
(B:0.0182828,C:0.0105011):0.0231951 G:0.198496
Trying E F
E:0.0923737 F:0.0396222
1->2 5.7922243e-06 229.49735 229.49736
2->1 1.5436006e-05 229.49736 229.49736
p2->1 0.066113293 229.49736 229.49736
Migration added
Local updates around node 1: 0 ln(lk):229.49736 
Local updates around node 2: 0 ln(lk):229.49736 
Updates in migration position: 0 ln(lk):229.49736 
Switches in migration direction: 0 ln(lk):229.49736 
ln(likelihood):229.49701 
DONE.
