
TreeMix v. 1.13
$Revision: 231 $

npop:7 nsnp:18176136
Estimating covariance matrix in 30293 blocks of size 600
SEED: 1607916450
Starting from:
((G:0.267747,A:0.0610726):0.0374812,B:0.0374812);
Adding D [4/7]
ln(likelihood): -40364.484 
((G:0.275614,A:0.066484):0.0180762,(B:0.0466315,D:0.0684335):0.0180762);
Adding E [5/7]
ln(likelihood): -6767.088 
((A:0.0619644,(G:0.202848,E:0.172221):0.0956756):0.0170722,(B:0.0366288,D:0.0572153):0.0170722);
Adding F [6/7]
ln(likelihood): -483.40784 
(B:0.0188171,(D:0.053754,((G:0.201903,E:0.171101):0.091061,(A:0.0321458,F:0.0449915):0.0356797):0.0370762):0.0188171);
Adding C [7/7]
ln(likelihood): -491.52855 
(B:0.00914141,((D:0.0536458,((G:0.201633,E:0.170946):0.0914086,(A:0.0319587,F:0.0451007):0.0353321):0.0370254):0.0192348,C:0.010501):0.00914141);
Testing global rearrangements
B:0.00914141 A:0.0319587
-244019.66 -491.52855
B:0.00914141 C:0.010501
-491.52855 -491.52855
D:0.0536458 G:0.201633
-372621.91 -491.52855
D:0.0536458 (G:0.201633,E:0.170946):0.0914086
-91376.612 -491.52855
D:0.0536458 E:0.170946
-372621.91 -491.52855
D:0.0536458 C:0.010501
-21079.923 -491.52855
G:0.201633 D:0.0536458
-354104.21 -491.52855
G:0.201633 F:0.0451007
-223384.57 -491.52855
A:0.0319587 B:0.00914141
-212202.04 -491.52855
A:0.0319587 D:0.0536458
-123168.28 -491.52855
A:0.0319587 C:0.010501
-212202.04 -491.52855
(A:0.0319587,F:0.0451007):0.0353321 E:0.170946
-182499.63 -491.52855
F:0.0451007 B:0.00914141
-227204.33 -491.52855
F:0.0451007 D:0.0536458
-130590.72 -491.52855
F:0.0451007 C:0.010501
-227204.33 -491.52855
C:0.010501 B:0.00914141
-491.52855 -491.52855
C:0.010501 D:0.0536458
-21079.923 -491.52855
Targeting migration to vicinity of:
E F
G D
A C
A B

A B
A C
A B
A C
G F
E F
G D
E D
Trying A B
A:0.0319587 B:0.00914141
1->2 0.016979244 -424.48947 -491.52855
2->1 0.063618705 -34.388242 -424.48947
p1->2 0.014202423 -463.75726 -34.388242
Trying A C
A:0.0319587 C:0.00959142
1->2 0.016919507 -424.86751 -34.388242
2->1 0.063832618 -34.571845 -34.388242
p1->2 0.014121434 -464.02884 -34.388242
p2->1 0.063618705 -34.388242 -34.388242
Trying E D
(G:0.201633,E:0.170946):0.0897447 D:0.0533197
1->2 0.099995285 -204.05912 -34.388242
2->1 0.058598913 -204.05912 -34.388242
p2->1 4.0751289e-05 -491.52865 -34.388242
E:0.170946 D:0.0536458
1->2 0.02840524 -204.04748 -34.388242
2->1 0.0025434764 -489.99321 -34.388242
p2->1 3.8719494e-07 -491.52983 -34.388242
Trying E F
((F:0.0451007,A:0.0319587):0.0353321,(G:0.201633,E:0.170946):0.0914086):0.0370254 F:0.0451007
1->2 4.0751289e-05 -491.52872 -34.388242
p1->2 3.8719494e-07 -491.5316 -34.388242
(G:0.201633,E:0.170946):0.0914086 F:0.0451008
1->2 0.3979882 -117.5246 -34.388242
2->1 0.17948262 -117.52468 -34.388242
E:0.170946 F:0.0463938
1->2 0.029793506 -91.629418 -34.388242
2->1 0.026775854 -338.85073 -34.388242
p2->1 0.04049908 -429.30917 -34.388242
Trying G D
G:0.197273 D:0.0536458
1->2 0.026290987 -197.08012 -34.388242
2->1 0.023670606 -365.28146 -34.388242
p2->1 0.030857163 -429.25959 -34.388242
(E:0.167321,G:0.218403):0.0949175 D:0.0536455
Trying G F
G:0.218403 F:0.0451007
1->2 0.03475105 -117.52459 -34.388242
2->1 3.9084634e-07 -491.52878 -34.388242
p2->1 0.39786881 -491.52855 -34.388242
((E:0.110546,G:0.656444):0.151808,(A:0.0319587,F:0.0451007):0.0353321):0.0370254 F:0.0451007
(E:0.110546,G:0.656444):0.151808 F:0.0451007
Migration added
Local updates around node 1: 0 ln(lk):-34.388242 
Local updates around node 2: 0 ln(lk):-34.388242 
Updates in migration position: 0 ln(lk):-34.388242 
Switches in migration direction: 0 ln(lk):-34.388242 
ln(likelihood):-34.38823 
Targeting migration to vicinity of:
G D
B F
F C
D E

B F
C F
D G
D E
F B
F C
G D
E D
Trying B F
B:0.0172337 F:0.0405891
1->2 0.018634498 9.387352 -34.38823
2->1 0.010123746 -5.0209553 9.387352
p2->1 0.011157725 -17.508947 9.387352
Trying C F
C:0.00976119 F:0.040592
1->2 0.018528711 2.6383545 9.387352
2->1 0.011221911 2.0839623 9.387352
p1->2 0.019961324 5.9771202 9.387352
p2->1 0.011093902 -11.026111 9.387352
C:0.0114123 (A:0.0411865,F:0.0405272):0.0397138
1->2 0.10177718 139.40514 9.387352
p1->2 0.10177718 139.40514 139.40514
p2->1 0.039775867 -34.346331 139.40514
Trying D E
D:0.0533086 E:0.170946
1->2 5.6427712e-07 -34.388408 139.40514
2->1 0.023109306 139.41122 139.40514
p1->2 3.8719494e-07 -34.389592 139.41122
p2->1 0.048598293 139.32079 139.41122
D:0.0620842 (G:0.201633,E:0.170946):0.0904385
1->2 0.18327202 139.32079 139.41122
p1->2 4.0751289e-05 -34.388292 139.41122
Trying D G
D:0.0533197 (G:0.201633,E:0.170946):0.0897535
D:0.0533197 G:0.201633
1->2 0.021531111 66.968993 139.41122
2->1 0.020754183 146.88254 139.41122
p1->2 0.031247443 30.570982 146.88254
Trying E D
E:0.167281 D:0.0533196
(E:0.167281,G:0.218618):0.0932713 D:0.0533196
Trying F B
F:0.0405891 B:0.0172336
Trying F C
F:0.0405891 C:0.0104668
(A:0.0411338,F:0.0405891):0.0388995 C:0.0104668
Trying G D
(E:0.167281,G:0.218618):0.0932713 D:0.0533196
G:0.218618 D:0.0533196
Migration added
Local updates around node 1: 0 ln(lk):146.88254 
Local updates around node 2: 0 ln(lk):146.88254 
Updates in migration position: 4 ln(lk):174.67335 
Switches in migration direction: 0 ln(lk):174.67335 
Local updates around node 1: 0 ln(lk):174.67335 
Local updates around node 2: 0 ln(lk):174.67335 
Switches in migration direction: 0 ln(lk):174.67335 
Updates in migration position: 0 ln(lk):174.67335 
Trying all local rearrangements
Local rearrangements: 0 ln(lk):174.67335 
ln(likelihood):174.7199 
Targeting migration to vicinity of:
A E
G C
G B
E F

A E
F E
E A
E F
G B
G C
G B
G C
Trying A E
A:0.0426941 E:0.170836
1->2 0.030577701 232.18339 174.7199
2->1 0.0023008205 184.35623 232.18339
p1->2 0.030512087 231.20132 232.18339
p2->1 0.42117655 174.71968 232.18339
(F:0.00743062,A:0.204537):0.0717524 E:0.170836
2->1 0.098679066 232.16125 232.18339
p1->2 0.011671776 174.72748 232.18339
Trying E A
E:0.17598 A:0.0426931
E:0.17598 (F:0.0401659,A:0.0426931):0.0390194
Trying E F
E:0.17598 F:0.0401659
1->2 0.0026463708 185.8548 232.18339
2->1 0.030577701 232.18339 232.18339
p1->2 0.39974564 174.7199 232.18339
E:0.170836 (A:0.0167097,F:0.154763):0.0650023
Trying F E
F:0.154763 E:0.170836
(A:0.0167097,F:0.154763):0.0650023 E:0.170836
Trying G B
G:0.201745 B:0.00914141
1->2 0.0014763242 182.17846 232.18339
2->1 0.020754183 232.72926 232.18339
p1->2 3.0968394e-07 174.7199 232.72926
Trying G C
G:0.201745 C:0.0105009
1->2 0.0014322192 181.67402 232.72926
2->1 0.020754183 232.72928 232.72926
p1->2 2.02716e-05 174.72017 232.72928
p2->1 0.020754183 232.72926 232.72928
Migration added
Local updates around node 1: 0 ln(lk):232.72928 
Local updates around node 2: 0 ln(lk):232.72928 
Updates in migration position: 2 ln(lk):233.08784 
Switches in migration direction: 0 ln(lk):233.08784 
Local updates around node 1: 0 ln(lk):233.08784 
Local updates around node 2: 0 ln(lk):233.08784 
Switches in migration direction: 0 ln(lk):233.08784 
Updates in migration position: 0 ln(lk):233.08784 
Trying all local rearrangements
Local rearrangements: 0 ln(lk):233.08784 
ln(likelihood):233.0909 
DONE.
