
TreeMix v. 1.13
$Revision: 231 $

npop:7 nsnp:18176136
Estimating covariance matrix in 30293 blocks of size 600
SEED: 1607916876
Starting from:
(C:0.0244032,(D:0.0716053,G:0.277989):0.0244032);
Adding B [4/7]
ln(likelihood): -319827.25 
((D:0.0337905,(C:0,B:0.00731428):0):0.166798,G:0.166798);
Adding F [5/7]
ln(likelihood): -64125.107 
(((D:0.055031,(C:0.0118765,B:0.0196583):0.0192054):0.0470861,G:0.271125):0.0405561,F:0.0405561);
Adding A [6/7]
ln(likelihood): -31437.239 
(((D:0.0539701,(C:0.0107068,B:0.0184886):0.0188793):0.0356833,(F:0.0452451,A:0.0316348):0.0357116):0.149842,G:0.149842);
Adding E [7/7]
ln(likelihood): -491.52855 
(((F:0.0451007,A:0.0319587):0.0353321,(G:0.201633,E:0.170946):0.0914086):0.0185127,(D:0.0536458,(C:0.010501,B:0.0182828):0.0192348):0.0185127);
Testing global rearrangements
F:0.0451007 G:0.201633
-221130.43 -491.52855
F:0.0451007 (G:0.201633,E:0.170946):0.0914086
-36013.681 -491.52855
F:0.0451007 E:0.170946
-221130.43 -491.52855
(F:0.0451007,A:0.0319587):0.0353321 C:0.010501
-199167.99 -491.52855
(F:0.0451007,A:0.0319587):0.0353321 (C:0.010501,B:0.0182828):0.0192348
-91376.612 -491.52855
(F:0.0451007,A:0.0319587):0.0353321 B:0.0182828
-199167.99 -491.52855
A:0.0319587 G:0.201633
-223862.73 -491.52855
A:0.0319587 (G:0.201633,E:0.170946):0.0914086
-36013.681 -491.52855
A:0.0319587 E:0.170946
-223862.73 -491.52855
D:0.0536458 A:0.0319587
-133905.44 -491.52855
D:0.0536458 C:0.010501
-21079.923 -491.52855
DONE.
