
TreeMix v. 1.13
$Revision: 231 $

npop:7 nsnp:18176136
Estimating covariance matrix in 18176 blocks of size 1000
SEED: 1607916450
Starting from:
((G:0.267748,A:0.0610722):0.037481,B:0.037481);
Adding D [4/7]
ln(likelihood): -24864.853 
((G:0.275615,A:0.0664836):0.018076,(B:0.0466316,D:0.0684335):0.018076);
Adding E [5/7]
ln(likelihood): -4119.6939 
((A:0.061964,(G:0.202848,E:0.17222):0.0956759):0.017072,(B:0.0366289,D:0.0572153):0.017072);
Adding F [6/7]
ln(likelihood): -235.35483 
(B:0.0188172,(D:0.053754,((G:0.201904,E:0.171101):0.0910612,(A:0.0321457,F:0.0449917):0.0356792):0.0370759):0.0188172);
Adding C [7/7]
ln(likelihood): -218.90517 
((G:0.201633,E:0.170945):0.0457044,((A:0.0319586,F:0.045101):0.0353316,(D:0.0536457,(B:0.0182829,C:0.010501):0.0192348):0.037025):0.0457044);
Testing global rearrangements
G:0.201633 F:0.045101
-137313.02 -218.90517
G:0.201633 D:0.0536457
-218276 -218.90517
A:0.0319586 B:0.0182829
-131121.13 -218.90517
A:0.0319586 (B:0.0182829,C:0.010501):0.0192348
-75247.418 -218.90517
A:0.0319586 C:0.010501
-131121.13 -218.90517
(A:0.0319586,F:0.045101):0.0353316 E:0.170945
-112182.93 -218.90517
F:0.045101 D:0.0536457
-79824.123 -218.90517
F:0.045101 (D:0.0536457,(B:0.0182829,C:0.010501):0.0192348):0.037025
-21994.711 -218.90517
F:0.045101 B:0.0182829
-140435.86 -218.90517
F:0.045101 (B:0.0182829,C:0.010501):0.0192348
-79824.123 -218.90517
F:0.045101 C:0.010501
-140435.86 -218.90517
D:0.0536457 G:0.201633
-229564.34 -218.90517
D:0.0536457 (G:0.201633,E:0.170945):0.0457044
-56149.058 -218.90517
D:0.0536457 E:0.170945
-229564.34 -218.90517
D:0.0536457 B:0.0182829
-13078.932 -218.90517
D:0.0536457 C:0.010501
-13078.932 -218.90517
Targeting migration to vicinity of:
E F
G D
A C
A B

A B
A C
A B
A C
G F
E F
G D
E D
Trying A B
A:0.0319586 B:0.0182829
1->2 0.017016266 -177.57666 -218.90517
2->1 0.063618705 62.070501 -177.57666
p1->2 0.014252706 -201.79398 62.070501
p2->1 0.066113293 61.186764 62.070501
A:0.0415097 (C:0.010501,B:0.0182829):0.0195628
1->2 0.055149082 57.086212 62.070501
p1->2 0.099995285 -42.260268 62.070501
p2->1 0.25067014 10.767246 62.070501
Trying A C
A:0.0754231 (C:0.010501,B:0.0182829):0.0192348
A:0.0754231 C:0.010501
1->2 0.016979244 -177.87344 62.070501
2->1 0.063832618 61.952428 62.070501
p1->2 0.014121434 -201.98976 62.070501
Trying E D
E:0.170945 D:0.0532579
1->2 0.02840524 -42.252812 62.070501
2->1 0.0025288016 -217.95662 62.070501
p1->2 0.030577701 -42.260268 62.070501
p2->1 0.026589634 -218.90517 62.070501
(G:0.199136,E:0.182977):0.0469529 D:0.0536457
2->1 0.37368476 -42.260268 62.070501
p2->1 0.0008357527 -218.90517 62.070501
Trying E F
E:0.170945 F:0.045101
1->2 0.029793506 26.822818 62.070501
2->1 0.026682585 -125.10423 62.070501
p1->2 0.085796408 10.767246 62.070501
p2->1 0.03229196 -180.41606 62.070501
(G:0.1981,E:0.186172):0.0475291 F:0.045101
2->1 0.085796408 10.767246 62.070501
p2->1 0.00084665493 -218.90517 62.070501
Trying G D
(G:0.201633,E:0.170945):0.0457819 D:0.0536457
G:0.201633 D:0.0536457
1->2 0.026290987 -38.001553 62.070501
2->1 0.023619452 -141.5916 62.070501
p2->1 0.099995285 -180.44471 62.070501
Trying G F
(E:0.160008,G:0.261021):0.0511135 F:0.045101
G:0.261021 F:0.045101
1->2 0.03475105 10.767257 62.070501
2->1 3.0968394e-07 -218.90533 62.070501
p2->1 0.099995285 -218.90517 62.070501
Migration added
Local updates around node 1: 0 ln(lk):62.070501 
Local updates around node 2: 0 ln(lk):62.070501 
Updates in migration position: 0 ln(lk):62.070501 
Switches in migration direction: 0 ln(lk):62.070501 
ln(likelihood):62.070513 
Targeting migration to vicinity of:
G D
B F
F C
D E

B F
C F
D G
D E
F B
F C
G D
E D
Trying B F
B:0.0183032 F:0.0405894
1->2 0.018634498 88.963585 62.070513
2->1 0.010123746 80.106335 88.963585
p1->2 0.014252706 73.606964 88.963585
p2->1 0.011182198 72.448119 88.963585
B:0.0194337 (A:0.0411285,F:0.0405922):0.039661
1->2 0.10177718 168.827 88.963585
p1->2 0.69039536 168.77467 168.827
p2->1 6.2255936e-07 62.070531 168.827
(C:0.0104668,B:0.0183032):0.0195786 F:0.0405894
2->1 0.040638626 178.49492 168.827
p1->2 0.014634022 62.540426 178.49492
p2->1 0.25067014 168.77466 178.49492
Trying C F
C:0.0105328 F:0.0406527
1->2 0.018528711 84.815447 178.49492
2->1 0.011261761 84.507984 178.49492
p2->1 0.011093902 76.462497 178.49492
C:0.0114124 (A:0.0411864,F:0.0405275):0.0397132
1->2 0.10177718 168.827 178.49492
p2->1 0.0010846412 62.105105 178.49492
(B:0.01825,C:0.0105431):0.0196212 F:0.0405875
Trying D E
D:0.0532981 (G:0.201633,E:0.170945):0.0448717
1->2 0.49459535 168.77467 178.49492
2->1 0.022640204 168.77466 178.49492
p1->2 0.99995428 62.244158 178.49492
D:0.053318 E:0.170945
1->2 3.0968394e-07 62.07038 178.49492
2->1 0.023109306 168.83119 178.49492
p1->2 0.029091341 62.070512 178.49492
Trying D G
D:0.0533196 G:0.198944
1->2 0.021455709 124.24467 178.49492
2->1 0.020827172 173.40204 178.49492
p1->2 0.65312707 102.26591 178.49492
D:0.0533196 (E:5.46505e-05,G:2.16587):0.130249
Trying E D
(E:5.46505e-05,G:2.16587):0.130249 D:0.0533196
E:5.46505e-05 D:0.0533196
Trying F B
F:0.0405894 B:0.0183032
F:0.0405894 (B:0.0183032,C:0.0104669):0.0195786
(A:0.0411337,F:0.0405894):0.0388966 B:0.0183032
Trying F C
F:0.0405894 C:0.0104669
F:0.0405894 (B:0.0183032,C:0.0104669):0.0195786
(A:0.0411337,F:0.0405894):0.0388966 C:0.0104669
Trying G D
G:2.16587 D:0.0533196
(E:5.46505e-05,G:2.16587):0.130249 D:0.0533196
Migration added
Local updates around node 1: 0 ln(lk):178.49492 
Local updates around node 2: 0 ln(lk):178.49492 
Updates in migration position: 1 ln(lk):185.92845 
Switches in migration direction: 0 ln(lk):185.92845 
Local updates around node 1: 0 ln(lk):185.92845 
Local updates around node 2: 0 ln(lk):185.92845 
Switches in migration direction: 0 ln(lk):185.92845 
Updates in migration position: 0 ln(lk):185.92845 
Trying all local rearrangements
Local rearrangements: 0 ln(lk):185.92845 
ln(likelihood):185.92849 
Targeting migration to vicinity of:
E F
A E
G C
G B

A E
F E
E A
E F
G B
G D
G C
G B
G D
G C
Trying A E
A:0.0433289 E:0.170945
1->2 0.028990248 226.4643 185.92849
2->1 0.0033376208 195.57823 226.4643
p1->2 0.69403392 226.38455 226.4643
p2->1 0.00012879728 185.92849 226.4643
Trying E A
E:0.170945 A:0.043347
Trying E F
E:0.170945 F:0.0397753
1->2 0.0036049047 196.52104 226.4643
2->1 0.0207092 221.62994 226.4643
p1->2 0.099995285 185.92609 226.4643
Trying F E
F:0.0543243 E:0.170945
Trying G B
G:0.201633 B:0.0182829
1->2 0.0012104821 189.03307 226.4643
2->1 0.021185054 223.01433 226.4643
p1->2 3.0968394e-07 185.92849 226.4643
p2->1 0.022929015 224.77048 226.4643
G:0.214064 (C:0.010501,B:0.0182829):0.0240792
1->2 0.0036258015 205.38372 226.4643
p1->2 1.2230633e-05 185.92849 226.4643
p2->1 0.030130707 226.38454 226.4643
Trying G C
G:0.217966 (C:0.010501,B:0.0182829):0.0239108
G:0.217966 C:0.010501
1->2 0.0011743098 188.82721 226.4643
2->1 0.021185054 223.01433 226.4643
p1->2 3.7443954e-06 185.92853 226.4643
Trying G D
G:0.201633 D:0.0506718
1->2 0.0024304674 190.37634 226.4643
2->1 0.030130707 226.38483 226.4643
p1->2 4.5221721e-05 185.92849 226.4643
Migration added
Local updates around node 1: 0 ln(lk):226.4643 
Local updates around node 2: 0 ln(lk):226.4643 
Updates in migration position: 0 ln(lk):226.4643 
Switches in migration direction: 0 ln(lk):226.4643 
ln(likelihood):226.51779 
DONE.
