
TreeMix v. 1.13
$Revision: 231 $

npop:7 nsnp:18176136
Estimating covariance matrix in 4544 blocks of size 4000
SEED: 1607916592
Starting from:
((D:0.0515583,B:0.0284474):0.0629421,A:0.0629421);
Adding G [4/7]
ln(likelihood): -6366.7563 
((D:0.0684335,B:0.0466316):0.018076,(A:0.0664836,G:0.275615):0.018076);
Adding C [5/7]
ln(likelihood): -8384.1344 
(A:0.0339723,(G:0.272755,(D:0.0558206,(B:0.0204675,C:0.0126857):0.0192642):0.0466082):0.0339723);
Adding F [6/7]
ln(likelihood): -4884.1845 
(((D:0.0539701,(B:0.0184887,C:0.0107068):0.0188793):0.035683,(A:0.0316348,F:0.0452453):0.035711):0.149843,G:0.149843);
Adding E [7/7]
ln(likelihood): 93.132077 
(((A:0.0319586,F:0.045101):0.0353316,(G:0.201633,E:0.170945):0.0914088):0.0185125,(D:0.0536457,(B:0.0182829,C:0.010501):0.0192348):0.0185125);
Testing global rearrangements
A:0.0319586 ((A:0.0319586,F:0.045101):0.0353316,(G:0.201633,E:0.170945):0.0914088):0.0185125
-5490.2703 93.132077
A:0.0319586 B:0.0182829
-33835.722 93.132077
A:0.0319586 (B:0.0182829,C:0.010501):0.0192348
-19092.833 93.132077
A:0.0319586 C:0.010501
-33835.722 93.132077
(A:0.0319586,F:0.045101):0.0353316 E:0.170945
-28727.412 93.132077
F:0.045101 ((A:0.0319586,F:0.045101):0.0353316,(G:0.201633,E:0.170945):0.0914088):0.0185125
-5490.2703 93.132077
F:0.045101 D:0.0536457
-20273.657 93.132077
F:0.045101 (D:0.0536457,(B:0.0182829,C:0.010501):0.0192348):0.0185125
-5490.2703 93.132077
F:0.045101 B:0.0182829
-36259.531 93.132077
F:0.045101 (B:0.0182829,C:0.010501):0.0192348
-20273.657 93.132077
F:0.045101 C:0.010501
-36259.531 93.132077
G:0.201633 F:0.045101
-35182.738 93.132077
G:0.201633 D:0.0536457
-56210.251 93.132077
D:0.0536457 B:0.0182829
-3279.9805 93.132077
D:0.0536457 C:0.010501
-3279.9805 93.132077
Targeting migration to vicinity of:
F E
D G
B A
A C

A B
A C
B A
C A
D G
D E
F G
F E
Trying A B
A:0.0319586 (B:0.0182829,C:0.010501):0.0192348
1->2 0.055264656 164.19464 93.132077
2->1 0.066250235 165.13595 164.19464
p1->2 0.080882974 138.56634 165.13595
p2->1 0.26999244 152.1039 165.13595
A:0.0806911 B:0.0182829
1->2 0.01707634 103.80027 165.13595
2->1 0.063618705 165.36796 165.13595
p1->2 0.014303165 97.548224 165.36796
Trying A C
A:0.0319586 (C:0.0095849,B:0.0197407):0.019917
A:0.0319586 C:0.0095849
1->2 0.017016266 103.70226 165.36796
2->1 0.063832618 165.33586 165.36796
p1->2 0.014202423 97.488104 165.36796
Trying B A
(B:0.0173733,C:0.0117224):0.0199121 A:0.0319586
B:0.0173733 A:0.0319586
Trying C A
(B:0.0173733,C:0.0117224):0.0199121 A:0.0319586
C:0.0117224 A:0.0319586
Trying D E
D:0.0532557 (G:0.201633,E:0.170945):0.0912418
1->2 0.056945603 138.56634 165.36796
2->1 0.082792945 138.56634 165.36796
p1->2 0.0053747296 93.132077 165.36796
p2->1 3.1505464e-05 93.132077 165.36796
D:0.0536491 E:0.170945
1->2 0.0025288016 93.378457 165.36796
2->1 0.02840524 138.56839 165.36796
p1->2 0.3970964 93.132077 165.36796
Trying D G
D:0.0536457 (G:0.141428,E:0.570145):0.151614
D:0.0536457 G:0.141428
1->2 0.023536913 112.93725 165.36796
2->1 0.026290987 139.65188 165.36796
p1->2 0.34024888 103.10133 165.36796
Trying F E
F:0.045101 (E:0.122781,G:0.535867):0.139454
1->2 0.077718593 152.1039 165.36796
2->1 0.3970964 152.1039 165.36796
p2->1 4.0751289e-05 93.132065 165.36796
F:0.0451061 E:0.170945
1->2 0.026682585 117.27961 165.36796
2->1 0.029793506 156.27855 165.36796
p1->2 0.06431336 103.10133 165.36796
Trying F G
F:0.045101 (G:0.194833,E:0.202468):0.0983287
F:0.045101 G:0.194833
1->2 3.9084634e-07 93.132029 165.36796
2->1 0.03475105 152.1039 165.36796
p1->2 0.43606377 93.132077 165.36796
Migration added
Local updates around node 1: 0 ln(lk):165.36796 
Local updates around node 2: 0 ln(lk):165.36796 
Updates in migration position: 0 ln(lk):165.36796 
Switches in migration direction: 0 ln(lk):165.36796 
ln(likelihood):165.36796 
Targeting migration to vicinity of:
D G
B F
C F
D E

B F
C F
B F
C F
D G
D E
D G
D E
Trying B F
B:0.0183032 F:0.0405894
1->2 0.018569048 172.28748 165.36796
2->1 0.010159736 170.00432 172.28748
p1->2 0.014202423 168.3165 172.28748
p2->1 0.011221911 168.03922 172.28748
Trying C F
C:0.00975697 (A:0.0411286,F:0.0405921):0.0396616
1->2 0.10177718 192.81661 172.28748
2->1 0.011093902 169.0811 192.81661
p1->2 0.69039536 192.8029 192.81661
p2->1 0.00055847154 165.37496 192.81661
C:0.0105061 F:0.0405884
1->2 0.018569048 171.22003 192.81661
2->1 0.011286461 171.1472 192.81661
Trying D E
D:0.0529056 E:0.170945
1->2 3.8719494e-07 165.36792 192.81661
2->1 0.023109306 192.81785 192.81661
p1->2 0.69101858 165.36796 192.81785
p2->1 0.022640204 192.8029 192.81785
D:0.057809 (G:0.201633,E:0.170945):0.0904386
1->2 0.051593695 192.8029 192.81785
p1->2 0.017555457 165.36796 192.81785
p2->1 0.33671704 165.36796 192.81785
Trying D G
D:0.150714 (G:0.201633,E:0.170945):0.0897449
D:0.150714 G:0.201633
1->2 0.021455709 181.3207 192.81785
2->1 0.020827172 193.98599 192.81785
p1->2 0.65312707 175.79173 193.98599
Migration added
Local updates around node 1: 0 ln(lk):193.98599 
Local updates around node 2: 0 ln(lk):193.98599 
Updates in migration position: 4 ln(lk):198.26177 
Switches in migration direction: 0 ln(lk):198.26177 
Local updates around node 1: 0 ln(lk):198.26177 
Local updates around node 2: 0 ln(lk):198.26177 
Switches in migration direction: 0 ln(lk):198.26177 
Updates in migration position: 0 ln(lk):198.26177 
Trying all local rearrangements
Local rearrangements: 0 ln(lk):198.26177 
ln(likelihood):198.2697 
Targeting migration to vicinity of:
A E
B G
G C
F E

A E
F E
B G
C G
A E
F E
G B
G C
Trying A E
(A:0.0426754,F:0.0401722):0.0390083 E:0.170836
1->2 0.030512087 207.34432 198.2697
2->1 0.0070466255 207.50442 207.34432
p1->2 0.011671776 198.27081 207.50442
A:0.0426745 E:0.17598
1->2 0.030577701 207.50793 207.50442
2->1 0.0023141752 199.82229 207.50793
p2->1 0.12586832 198.26962 207.50793
Trying B G
(C:0.010501,B:0.0182829):0.0166395 G:0.201744
1->2 0.029523386 207.59691 207.50793
2->1 0.0048566568 206.0792 207.59691
p1->2 0.067560464 207.64278 207.59691
p2->1 3.3794349e-05 198.26973 207.64278
B:0.0182829 G:0.201745
1->2 0.020754183 207.5929 207.64278
2->1 0.0014816187 199.47786 207.64278
p2->1 3.0968394e-07 198.26969 207.64278
Trying C G
(C:0.010501,B:0.0182829):0.0166401 G:0.201744
C:0.010501 G:0.201744
1->2 0.020754183 207.5929 207.64278
2->1 0.0014373558 199.38974 207.64278
p2->1 2.2626326e-05 198.26975 207.64278
Trying F E
(F:0.0401723,A:0.0426753):0.0390074 E:0.170836
F:0.0401723 E:0.170836
1->2 0.030577701 207.50793 207.64278
2->1 0.0026963835 200.09963 207.64278
p2->1 4.0751289e-05 198.2697 207.64278
Trying G B
G:0.201744 (B:0.0182829,C:0.010501):0.0166401
G:0.201744 B:0.0182829
Trying G C
G:0.201744 (B:0.0182829,C:0.010501):0.0166401
G:0.201744 C:0.010501
Migration added
Local updates around node 1: 0 ln(lk):207.64278 
Local updates around node 2: 0 ln(lk):207.64278 
Updates in migration position: 0 ln(lk):207.64278 
Switches in migration direction: 0 ln(lk):207.64278 
ln(likelihood):207.64386 
Targeting migration to vicinity of:
A E
G F
B G
G C

A E
F G
G F
E A
Trying A E
A:0.0427266 E:0.163507
1->2 0.0015272426 207.66119 207.64386
2->1 0.0001894609 207.65239 207.66119
p1->2 0.00013324572 207.64386 207.66119
p2->1 0.12586832 207.64388 207.66119
Trying E A
E:0.163507 A:0.0643117
Trying F G
F:0.0340874 G:0.240149
1->2 0.0016133703 207.66096 207.66119
2->1 0.0001837937 207.65431 207.66119
p1->2 4.0056972e-07 207.64386 207.66119
p2->1 0.099995285 207.64386 207.66119
Trying G F
G:0.240149 F:0.0543206
Migration added
Local updates around node 1: 0 ln(lk):207.66119 
Local updates around node 2: 0 ln(lk):207.66119 
Updates in migration position: 0 ln(lk):207.66119 
Switches in migration direction: 0 ln(lk):207.66119 
ln(likelihood):207.66901 
DONE.
