
TreeMix v. 1.13
$Revision: 231 $

npop:7 nsnp:18176136
Estimating covariance matrix in 15146 blocks of size 1200
SEED: 1607916309
Starting from:
(A:0.0629438,(B:0.0284472,D:0.051558):0.0629438);
Adding F [4/7]
ln(likelihood): -36194.731 
((B:0.0335695,D:0.0560727):0.0415933,(A:0.0439226,F:0.0577501):0.0415933);
Adding E [5/7]
ln(likelihood): -23473.929 
((B:0.040807,D:0.0620696):0.0175193,((A:0.0359562,F:0.0492743):0.0424995,E:0.246985):0.0175193);
Adding C [6/7]
ln(likelihood): -16596.883 
(E:0.134146,((A:0.0326477,F:0.046256):0.0348416,(D:0.0546621,(B:0.0191808,C:0.0113987):0.0188792):0.036918):0.134146);
Adding G [7/7]
ln(likelihood): -149.12888 
(((D:0.0536457,(B:0.0182829,C:0.0105008):0.0192348):0.0370264,(E:0.170947,G:0.201633):0.0914085):0.0176668,(A:0.0319589,F:0.045099):0.0176668);
Testing global rearrangements
D:0.0536457 C:0.0105008
-10972.588 -149.12888
D:0.0536457 E:0.170947
-192519.52 -149.12888
D:0.0536457 (E:0.170947,G:0.201633):0.0914085
-47034.085 -149.12888
D:0.0536457 G:0.201633
-192519.52 -149.12888
(D:0.0536457,(B:0.0182829,C:0.0105008):0.0192348):0.0370264 A:0.0319589
-18390.937 -149.12888
B:0.0182829 E:0.170947
-290444.19 -149.12888
B:0.0182829 (E:0.170947,G:0.201633):0.0914085
-101742.53 -149.12888
B:0.0182829 G:0.201633
-290444.19 -149.12888
E:0.170947 F:0.045099
-115057.44 -149.12888
A:0.0319589 D:0.0536457
-62954.132 -149.12888
A:0.0319589 (D:0.0536457,(B:0.0182829,C:0.0105008):0.0192348):0.0370264
-18390.937 -149.12888
A:0.0319589 B:0.0182829
-110047.84 -149.12888
A:0.0319589 (B:0.0182829,C:0.0105008):0.0192348
-62954.132 -149.12888
A:0.0319589 C:0.0105008
-110047.84 -149.12888
(A:0.0319589,F:0.045099):0.0176668 E:0.170947
-94007.645 -149.12888
F:0.045099 D:0.0536457
-66789.936 -149.12888
F:0.045099 (D:0.0536457,(B:0.0182829,C:0.0105008):0.0192348):0.0370264
-18390.937 -149.12888
F:0.045099 B:0.0182829
-117869.79 -149.12888
F:0.045099 (B:0.0182829,C:0.0105008):0.0192348
-66789.936 -149.12888
F:0.045099 C:0.0105008
-117869.79 -149.12888
Targeting migration to vicinity of:
F E
D G
A C
A B

A B
A C
A B
A C
D E
D G
F E
F G
Trying A B
A:0.0319589 B:0.0182829
1->2 0.017016266 -114.45821 -149.12888
2->1 0.063618705 86.230211 -114.45821
p1->2 0.014252706 -134.76899 86.230211
p2->1 0.066113293 85.48396 86.230211
A:0.0415101 (C:0.0105008,B:0.0182829):0.0195628
1->2 0.055149082 82.234827 86.230211
p1->2 0.2039957 -1.0369268 86.230211
p2->1 0.4118498 43.160198 86.230211
Trying A C
A:0.138138 (C:0.0105008,B:0.0182829):0.0192348
A:0.138138 C:0.0105008
1->2 0.016979244 -114.72174 86.230211
2->1 0.063832618 86.130047 86.230211
p1->2 0.014171434 -134.93974 86.230211
Trying D E
D:0.0532565 E:0.170947
1->2 0.0025142115 -148.33074 86.230211
2->1 0.02840524 -1.0306305 86.230211
p1->2 0.42117655 -149.12888 86.230211
p2->1 0.18029797 -1.0369268 86.230211
D:0.0913663 (G:0.201633,E:0.170947):0.0922776
1->2 0.17855188 -1.0369268 86.230211
p2->1 4.0751289e-05 -149.12891 86.230211
Trying D G
D:0.0536516 G:0.201633
1->2 0.023619452 -84.379907 86.230211
2->1 0.026290987 2.524352 86.230211
p1->2 0.41150531 -116.83403 86.230211
D:0.0536457 (E:0.105897,G:0.692175):0.156339
Trying F E
F:0.045099 E:0.105897
1->2 0.026682585 -70.513071 86.230211
2->1 0.029793506 56.652615 86.230211
p1->2 0.18111619 -116.83403 86.230211
p2->1 0.10127305 43.160198 86.230211
F:0.0616639 (G:0.201633,E:0.170947):0.0930246
1->2 0.18993545 43.160198 86.230211
p1->2 0.051769409 -149.12888 86.230211
p2->1 1.2846737e-05 -149.12888 86.230211
Trying F G
F:0.0451002 G:0.201633
1->2 3.8719494e-07 -149.12902 86.230211
2->1 0.03475105 43.160139 86.230211
p1->2 0.00026379287 -149.12888 86.230211
F:0.045099 (E:0.170923,G:0.201764):0.0914327
Migration added
Local updates around node 1: 0 ln(lk):86.230211 
Local updates around node 2: 0 ln(lk):86.230211 
Updates in migration position: 0 ln(lk):86.230211 
Switches in migration direction: 0 ln(lk):86.230211 
ln(likelihood):86.230214 
Targeting migration to vicinity of:
D G
B F
F C
D E

B F
C F
D E
D G
D E
D G
F B
F C
Trying B F
B:0.0183032 (F:0.0405873,A:0.0411341):0.0197566
1->2 0.10177718 175.72476 86.230214
2->1 0.011182198 94.934908 175.72476
p1->2 0.69039536 175.68083 175.72476
B:0.0183148 F:0.0406505
1->2 0.018634498 108.80413 175.72476
2->1 0.010123746 101.3538 175.72476
p1->2 0.014252706 95.910162 175.72476
Trying C F
C:0.0104579 (A:0.0401281,F:0.0428446):0.0202061
1->2 0.10177718 175.72476 175.72476
2->1 0.011093902 98.305086 175.72476
C:0.0114122 F:0.0405254
1->2 0.018569048 105.32609 175.72476
2->1 0.011261761 105.05093 175.72476
Trying D E
D:0.0529064 E:0.170947
1->2 3.9084634e-07 86.230102 175.72476
2->1 0.023109306 175.72841 175.72476
p1->2 0.43606377 86.230214 175.72841
p2->1 0.052864894 175.68082 175.72841
D:0.0628236 (G:0.201633,E:0.170947):0.0904384
1->2 0.16522777 175.68082 175.72841
p2->1 4.0751289e-05 86.230184 175.72841
Trying D G
D:0.0533255 (G:0.201633,E:0.170947):0.0897446
D:0.0533255 G:0.201633
1->2 0.021455709 138.31827 175.72841
2->1 0.020827172 179.55305 175.72841
p1->2 0.37152234 119.98451 179.55305
Trying F B
(A:0.0411341,F:0.0405873):0.0194494 B:0.0183032
F:0.0405873 B:0.0183032
Trying F C
(A:0.0411341,F:0.0405873):0.0194494 C:0.0104667
F:0.0405873 C:0.0104667
Migration added
Local updates around node 1: 0 ln(lk):179.55305 
Local updates around node 2: 0 ln(lk):179.55305 
Updates in migration position: 4 ln(lk):193.64338 
Switches in migration direction: 0 ln(lk):193.64338 
Local updates around node 1: 0 ln(lk):193.64338 
Local updates around node 2: 0 ln(lk):193.64338 
Switches in migration direction: 0 ln(lk):193.64338 
Updates in migration position: 0 ln(lk):193.64338 
Trying all local rearrangements
Local rearrangements: 0 ln(lk):193.64338 
ln(likelihood):193.66931 
DONE.
