
TreeMix v. 1.13
$Revision: 231 $

npop:7 nsnp:18176136
Estimating covariance matrix in 9088 blocks of size 2000
SEED: 1607916876
Starting from:
(C:0.0244032,(D:0.0716052,G:0.277989):0.0244032);
Adding B [4/7]
ln(likelihood): -101384.49 
((D:0.0337904,(C:0,B:0.00731424):0):0.166798,G:0.166798);
Adding F [5/7]
ln(likelihood): -20317.779 
(((D:0.055031,(C:0.0118765,B:0.0196584):0.0192054):0.0470858,G:0.271125):0.040556,F:0.040556);
Adding A [6/7]
ln(likelihood): -9804.606 
(((D:0.0539701,(C:0.0107068,B:0.0184887):0.0188793):0.035683,(F:0.0452453,A:0.0316348):0.035711):0.149843,G:0.149843);
Adding E [7/7]
ln(likelihood): -9.6439125 
(((F:0.045101,A:0.0319586):0.0353316,(G:0.201633,E:0.170945):0.0914088):0.0185125,(D:0.0536457,(C:0.010501,B:0.0182829):0.0192348):0.0185125);
Testing global rearrangements
F:0.045101 G:0.201633
-69123.738 -9.6439125
F:0.045101 (G:0.201633,E:0.170945):0.0914088
-11077.99 -9.6439125
F:0.045101 E:0.170945
-69123.738 -9.6439125
(F:0.045101,A:0.0319586):0.0353316 C:0.010501
-63552.19 -9.6439125
(F:0.045101,A:0.0319586):0.0353316 (C:0.010501,B:0.0182829):0.0192348
-28513.462 -9.6439125
(F:0.045101,A:0.0319586):0.0353316 B:0.0182829
-63552.19 -9.6439125
A:0.0319586 G:0.201633
-69933.491 -9.6439125
A:0.0319586 (G:0.201633,E:0.170945):0.0914088
-11077.99 -9.6439125
A:0.0319586 E:0.170945
-69933.491 -9.6439125
D:0.0536457 A:0.0319586
-41452.929 -9.6439125
C:0.010501 D:0.0536457
-6643.5619 -9.6439125
DONE.
