
TreeMix v. 1.13
$Revision: 231 $

npop:7 nsnp:18176136
Estimating covariance matrix in 6491 blocks of size 2800
SEED: 1607916735
Starting from:
((D:0.0720062,E:0.247831):0.0247767,C:0.0247767);
Adding F [4/7]
ln(likelihood): -20691.979 
((D:0.0820671,E:0.257628):0,(C:0.052432,F:0.092765):0);
Adding A [5/7]
ln(likelihood): -24191.484 
((D:0.0770451,E:0.253201):0,(C:0.0479998,(F:0.0495859,A:0.0362682):0.0543068):0);
Adding B [6/7]
ln(likelihood): -7205.1409 
((((C:0.0113987,B:0.0191808):0.0188789,D:0.0546623):0.0369188,(F:0.0462555,A:0.0326475):0.0348425):0.134146,E:0.134146);
Adding G [7/7]
ln(likelihood): 49.720685 
((((C:0.0105008,B:0.0182829):0.0192344,D:0.0536459):0.0370272,(F:0.0450985,A:0.0319586):0.0353344):0.0457043,(E:0.170947,G:0.201633):0.0457043);
Testing global rearrangements
C:0.0105008 ((C:0.0105008,B:0.0182829):0.0192344,D:0.0536459):0.0370272
-4736.2 49.720685
C:0.0105008 A:0.0319586
-55886.009 49.720685
D:0.0536459 C:0.0105008
-4736.2 49.720685
D:0.0536459 E:0.170947
-84085.699 49.720685
D:0.0536459 (E:0.170947,G:0.201633):0.0457043
-20433.385 49.720685
D:0.0536459 G:0.201633
-84085.699 49.720685
F:0.0450985 D:0.0536459
-28944.908 49.720685
F:0.0450985 E:0.170947
-49582.683 49.720685
(F:0.0450985,A:0.0319586):0.0353344 C:0.0105008
-45738.136 49.720685
(F:0.0450985,A:0.0319586):0.0353344 (C:0.0105008,B:0.0182829):0.0192344
-20433.385 49.720685
(F:0.0450985,A:0.0319586):0.0353344 B:0.0182829
-45738.136 49.720685
A:0.0319586 (((C:0.0105008,B:0.0182829):0.0192344,D:0.0536459):0.0370272,(F:0.0450985,A:0.0319586):0.0353344):0.0457043
-7896.2542 49.720685
A:0.0319586 E:0.170947
-50161.437 49.720685
A:0.0319586 (E:0.170947,G:0.201633):0.0457043
-7896.2542 49.720685
A:0.0319586 G:0.201633
-50161.437 49.720685
Targeting migration to vicinity of:
E F
D G
C A
A B

A C
A B
C A
B A
D E
D G
E F
G F
Trying A B
A:0.0319586 B:0.0182829
1->2 0.01707634 64.885461 49.720685
2->1 0.063618705 152.40226 64.885461
p1->2 0.014303165 56.00167 152.40226
p2->1 0.066113293 152.07182 152.40226
A:0.0415099 (C:0.0105008,B:0.0182829):0.0195624
1->2 0.055149082 150.77246 152.40226
p1->2 0.078036837 114.36674 152.40226
p2->1 0.18327202 133.54046 152.40226
Trying A C
A:0.0600821 C:0.0105008
1->2 0.017016266 64.749878 152.40226
2->1 0.063832618 152.3568 152.40226
p1->2 0.014202423 55.917922 152.40226
A:0.0319586 (B:0.0173734,C:0.0117223):0.0199117
Trying B A
B:0.0173734 A:0.0319586
(B:0.0173734,C:0.0117223):0.0199117 A:0.0319586
Trying C A
C:0.0117223 A:0.0319586
(B:0.0173734,C:0.0117223):0.0199117 A:0.0319586
Trying D E
D:0.0532559 E:0.170947
1->2 0.0025288016 50.072213 152.40226
2->1 0.02840524 114.3696 152.40226
p1->2 0.099995285 49.720685 152.40226
p2->1 0.18346739 114.36674 152.40226
D:0.0922475 (G:0.201633,E:0.170947):0.0851718
1->2 0.082792945 114.36674 152.40226
p1->2 0.17948262 49.720685 152.40226
Trying D G
D:0.0536459 (G:0.201633,E:0.170947):0.0678862
D:0.0536459 G:0.201633
1->2 0.023536913 77.908974 152.40226
2->1 0.026290987 115.91158 152.40226
p1->2 0.099995285 63.885522 152.40226
Trying E F
E:0.160009 F:0.0450985
1->2 0.029793506 139.46983 152.40226
2->1 0.026682585 84.04358 152.40226
p1->2 0.39717013 133.54046 152.40226
p2->1 0.099995285 63.885522 152.40226
(G:0.190934,E:0.222843):0.0511134 F:0.0450985
2->1 0.098679066 133.54046 152.40226
p2->1 0.17948262 49.720685 152.40226
Trying G F
(G:0.201633,E:0.170947):0.0678862 F:0.0450985
G:0.201633 F:0.0450985
1->2 0.03475105 133.54042 152.40226
2->1 3.0968394e-07 49.720621 152.40226
p2->1 0.0009889144 49.720685 152.40226
Migration added
Local updates around node 1: 0 ln(lk):152.40226 
Local updates around node 2: 0 ln(lk):152.40226 
Updates in migration position: 0 ln(lk):152.40226 
Switches in migration direction: 0 ln(lk):152.40226 
ln(likelihood):152.40226 
Targeting migration to vicinity of:
D G
F B
C F
E D

C F
B F
D E
D G
E D
G D
F C
F B
Trying B F
B:0.0183032 F:0.0405867
1->2 0.018634498 162.26091 152.40226
2->1 0.010159736 159.00138 162.26091
p1->2 0.014252706 156.61229 162.26091
p2->1 0.011182198 156.20343 162.26091
Trying C F
C:0.00975939 (A:0.0411288,F:0.0405894):0.0396642
1->2 0.10177718 191.46268 162.26091
2->1 0.011093902 157.68302 191.46268
p1->2 0.69039536 191.44326 191.46268
p2->1 0.0010846412 152.41538 191.46268
C:0.0105429 F:0.0405848
1->2 0.018569048 160.74206 191.46268
2->1 0.011286461 160.62441 191.46268
Trying D E
D:0.0529058 (E:0.170947,G:0.201633):0.0447363
1->2 0.49459964 191.44326 191.46268
2->1 0.022640204 191.44326 191.46268
p1->2 0.99995428 152.46729 191.46268
D:0.0533182 E:0.170947
1->2 3.0968394e-07 152.40221 191.46268
2->1 0.023109306 191.46443 191.46268
p1->2 0.029091341 152.40226 191.46443
Trying D G
D:0.0533199 G:0.198944
1->2 0.021455709 175.1015 191.46443
2->1 0.020827172 193.12623 191.46443
p1->2 0.65312707 167.21073 193.12623
D:0.0533199 (E:5.64869e-05,G:2.16587):0.130248
Trying E D
(E:5.64869e-05,G:2.16587):0.130248 D:0.0533199
E:5.64869e-05 D:0.0533199
Trying F B
F:0.0405867 B:0.0183032
Trying F C
(A:0.0411339,F:0.0405867):0.0388997 C:0.0104667
F:0.0405867 C:0.0104667
Trying G D
G:2.16587 D:0.0533199
(E:5.64869e-05,G:2.16587):0.130248 D:0.0533199
Migration added
Local updates around node 1: 0 ln(lk):193.12623 
Local updates around node 2: 0 ln(lk):193.12623 
Updates in migration position: 4 ln(lk):199.21682 
Switches in migration direction: 0 ln(lk):199.21682 
Local updates around node 1: 0 ln(lk):199.21682 
Local updates around node 2: 0 ln(lk):199.21682 
Switches in migration direction: 0 ln(lk):199.21682 
Updates in migration position: 0 ln(lk):199.21682 
Trying all local rearrangements
Local rearrangements: 0 ln(lk):199.21682 
ln(likelihood):199.22834 
Targeting migration to vicinity of:
E A
B G
C G
E F

C G
B G
C G
B G
E F
E A
E F
E A
Trying B G
B:0.0182829 G:0.201744
1->2 0.020754183 212.47169 199.22834
2->1 0.0014816187 200.94254 212.47169
p1->2 0.029523386 212.47848 212.47169
p2->1 3.0968394e-07 199.22834 212.47848
(C:0.0105008,B:0.018283):0.0166429 G:0.201744
2->1 0.0048009045 210.30989 212.47848
p1->2 0.067786671 212.54437 212.47848
p2->1 2.6776866e-05 199.22837 212.54437
Trying C G
C:0.0105008 G:0.201744
1->2 0.020754183 212.4717 212.54437
2->1 0.0014373558 200.81801 212.54437
p2->1 2.1416625e-05 199.2284 212.54437
(B:0.0182811,C:0.0105031):0.0166442 G:0.201744
Trying E A
E:0.170838 (A:0.0426946,F:0.0401618):0.0390187
1->2 0.0070466255 212.34679 212.54437
2->1 0.030512087 212.13038 212.54437
p1->2 0.99994159 199.22834 212.54437
p2->1 0.17998619 199.22834 212.54437
E:0.278344 A:0.0426947
1->2 0.0023359479 201.46238 212.54437
2->1 0.030577701 212.35186 212.54437
p1->2 0.46606314 199.22839 212.54437
Trying E F
E:0.170838 (F:0.000380204,A:0.254407):0.0788015
E:0.170838 F:0.000380204
1->2 0.002680829 201.79449 212.54437
2->1 0.030577701 212.35186 212.54437
p1->2 0.099995285 199.22834 212.54437
Migration added
Local updates around node 1: 0 ln(lk):212.54437 
Local updates around node 2: 0 ln(lk):212.54437 
Updates in migration position: 0 ln(lk):212.54437 
Switches in migration direction: 0 ln(lk):212.54437 
ln(likelihood):212.54495 
Targeting migration to vicinity of:
E A
F G
B G
C G

E A
G F
F G
A E
Trying A E
A:0.0427312 E:0.163434
1->2 0.0015561384 212.57033 212.54495
2->1 0.00019600413 212.55786 212.57033
p1->2 3.0968394e-07 212.54495 212.57033
p2->1 3.8434551e-05 212.54505 212.57033
Trying E A
E:0.163434 A:0.0427384
Trying F G
F:0.0401492 G:0.240585
1->2 0.0015890915 212.56854 212.57033
2->1 0.00017933312 212.55897 212.57033
p1->2 6.4676831e-05 212.54495 212.57033
p2->1 0.099995285 212.54495 212.57033
Trying G F
G:0.240585 F:0.0543158
Migration added
Local updates around node 1: 0 ln(lk):212.57033 
Local updates around node 2: 0 ln(lk):212.57033 
Updates in migration position: 0 ln(lk):212.57033 
Switches in migration direction: 0 ln(lk):212.57033 
ln(likelihood):212.58076 
Targeting migration to vicinity of:
E D
F G
C A
A B

A C
A B
C A
B A
E D
F G
Trying A B
A:0.0429271 (C:0.0105008,B:0.0182829):0.0166835
1->2 1.5672222e-05 212.58076 212.58076
2->1 1.7555523e-05 212.58076 212.58076
p1->2 1.8096931e-05 212.58076 212.58076
p2->1 4.6180827e-05 212.58076 212.58076
A:0.0429339 B:0.0182829
1->2 2.3507557e-06 212.58076 212.58076
2->1 1.2534901e-05 212.58076 212.58076
p1->2 2.2804268e-06 212.58076 212.58076
Trying A C
A:0.0429271 (C:0.0105007,B:0.0182832):0.0166836
A:0.0429271 C:0.0105007
1->2 2.3507557e-06 212.58076 212.58076
2->1 1.2534901e-05 212.58076 212.58076
p1->2 2.2804268e-06 212.58076 212.58076
Trying B A
(B:0.0182828,C:0.010501):0.0166836 A:0.0429271
B:0.0182828 A:0.0429271
Trying C A
(B:0.0182828,C:0.010501):0.0166836 A:0.0429271
C:0.010501 A:0.0429271
Trying E D
E:0.1646 D:0.059312
1->2 7.7509058e-06 212.58076 212.58076
2->1 0.00020204774 212.58076 212.58076
p1->2 0.0001407711 212.58076 212.58076
p2->1 0.0075278822 212.58076 212.58076
Trying F G
F:0.0400569 G:0.239317
1->2 0.00014427265 212.58077 212.58076
2->1 2.5069594e-06 212.58076 212.58077
p1->2 0.00025498722 212.58076 212.58077
p2->1 6.4882724e-06 212.58076 212.58077
Migration added
Local updates around node 1: 0 ln(lk):212.58077 
Local updates around node 2: 0 ln(lk):212.58077 
Updates in migration position: 0 ln(lk):212.58077 
Switches in migration direction: 0 ln(lk):212.58077 
ln(likelihood):212.58077 
DONE.
