
TreeMix v. 1.13
$Revision: 231 $

npop:7 nsnp:18176136
Estimating covariance matrix in 8261 blocks of size 2200
SEED: 1607916450
Starting from:
((G:0.267748,A:0.0610749):0.0374822,B:0.0374822);
Adding D [4/7]
ln(likelihood): -11522.687 
((G:0.275614,A:0.0664861):0.0180779,(B:0.0466313,D:0.0684339):0.0180779);
Adding E [5/7]
ln(likelihood): -1854.5925 
((A:0.0619669,(G:0.202848,E:0.172222):0.0956752):0.0170739,(B:0.0366284,D:0.0572154):0.0170739);
Adding F [6/7]
ln(likelihood): -26.730639 
(B:0.0188168,(D:0.0537541,((G:0.201903,E:0.171102):0.0910608,(A:0.0321453,F:0.0449882):0.0356836):0.0370791):0.0188168);
Adding C [7/7]
ln(likelihood): 9.4032463 
((D:0.0536458,((G:0.201633,E:0.170947):0.0914084,(A:0.0319583,F:0.0450975):0.0353359):0.0370283):0.00961708,(B:0.0182828,C:0.0105006):0.00961708);
Testing global rearrangements
D:0.0536458 G:0.201633
-106611.8 9.4032463
D:0.0536458 (G:0.201633,E:0.170947):0.0914084
-25953.604 9.4032463
D:0.0536458 E:0.170947
-106611.8 9.4032463
E:0.170947 F:0.0450975
-63580.291 9.4032463
A:0.0319583 D:0.0536458
-34646.714 9.4032463
A:0.0319583 B:0.0182828
-61075.252 9.4032463
A:0.0319583 (B:0.0182828,C:0.0105006):0.00961708
-34646.714 9.4032463
A:0.0319583 C:0.0105006
-61075.252 9.4032463
(A:0.0319583,F:0.0450975):0.0353359 E:0.170947
-51943.494 9.4032463
F:0.0450975 D:0.0536458
-36772.518 9.4032463
F:0.0450975 ((G:0.201633,E:0.170947):0.0914084,(A:0.0319583,F:0.0450975):0.0353359):0.0370283
-10070.06 9.4032463
F:0.0450975 B:0.0182828
-65430.4 9.4032463
F:0.0450975 (B:0.0182828,C:0.0105006):0.00961708
-36772.518 9.4032463
F:0.0450975 C:0.0105006
-65430.4 9.4032463
B:0.0182828 D:0.0536458
-6043.539 9.4032463
Targeting migration to vicinity of:
E F
G D
A C
A B

A B
A C
A B
A C
G F
E F
G D
E D
Trying A B
A:0.0319583 B:0.0182828
1->2 0.01707634 28.62538 9.4032463
2->1 0.063618705 139.57788 28.62538
p1->2 0.014303165 17.366103 139.57788
p2->1 0.066113293 139.15898 139.57788
A:0.0415097 (C:0.0105006,B:0.0182828):0.0097811
1->2 0.055149082 137.51975 139.57788
p1->2 0.09951704 91.38161 139.57788
Trying A C
A:0.0319583 (C:0.0105006,B:0.0182828):0.0148564
A:0.0319583 C:0.0105006
1->2 0.017016266 28.460787 139.57788
2->1 0.063832618 139.52082 139.57788
p1->2 0.014202423 17.263191 139.57788
Trying E D
(G:0.201633,E:0.170947):0.0912415 D:0.0532558
1->2 0.18327202 91.38161 139.57788
2->1 0.3970964 91.38161 139.57788
p2->1 4.0751289e-05 9.4032351 139.57788
E:0.170947 D:0.0536458
1->2 0.02840524 91.385144 139.57788
2->1 0.0025434764 9.8477059 139.57788
p2->1 3.8719494e-07 9.402853 139.57788
Trying E F
(G:0.201633,E:0.170947):0.0914085 F:0.0450975
1->2 0.3970964 115.67028 139.57788
2->1 0.17948262 115.67028 139.57788
p1->2 4.0751289e-05 9.4032002 139.57788
E:0.170947 F:0.0451026
1->2 0.029793506 123.17751 139.57788
2->1 0.026682585 52.907561 139.57788
p2->1 0.040413067 27.345412 139.57788
Trying G D
G:0.197281 D:0.0536458
1->2 0.026290987 93.342284 139.57788
2->1 0.023619452 45.172703 139.57788
p2->1 0.030857163 27.359339 139.57788
(E:0.167322,G:0.218403):0.0949174 D:0.0536456
Trying G F
G:0.218403 F:0.0450975
1->2 0.03475105 115.67021 139.57788
2->1 3.9084634e-07 9.403174 139.57788
p2->1 0.3970964 9.4032463 139.57788
(E:0.110742,G:0.654569):0.151614 F:0.0450975
Migration added
Local updates around node 1: 0 ln(lk):139.57788 
Local updates around node 2: 0 ln(lk):139.57788 
Updates in migration position: 0 ln(lk):139.57788 
Switches in migration direction: 0 ln(lk):139.57788 
ln(likelihood):139.57788 
Targeting migration to vicinity of:
G D
B F
F C
D E

B F
C F
D G
D E
F B
F C
G D
E D
Trying B F
B:0.0183031 F:0.0405855
1->2 0.018634498 152.08596 139.57788
2->1 0.010159736 147.94789 152.08596
p1->2 0.014252706 144.92689 152.08596
p2->1 0.011221911 144.39869 152.08596
Trying C F
C:0.00975654 F:0.0405883
1->2 0.018569048 150.16067 152.08596
2->1 0.011286461 150.00494 152.08596
p2->1 0.011093902 146.2729 152.08596
C:0.011412 (A:0.0411864,F:0.0405236):0.039718
1->2 0.10177718 189.11436 152.08596
p1->2 0.69039536 189.08991 189.11436
p2->1 0.016727606 139.59033 189.11436
Trying D E
D:0.0533087 E:0.170947
1->2 5.6427712e-07 139.57782 189.11436
2->1 0.023109306 189.11655 189.11436
p1->2 3.8719494e-07 139.57747 189.11655
p2->1 0.022640204 189.0899 189.11655
D:0.0578096 (G:0.201633,E:0.170947):0.0904385
1->2 0.078036837 189.0899 189.11655
p1->2 4.0751289e-05 139.57787 189.11655
Trying D G
D:0.0533198 G:0.201633
1->2 0.021455709 168.37423 189.11655
2->1 0.020827172 191.22481 189.11655
p1->2 0.031247443 158.334 191.22481
D:0.0533197 (E:0.167282,G:0.218618):0.0932712
Trying E D
E:0.167282 D:0.0533197
(E:0.167282,G:0.218618):0.0932712 D:0.0533197
Trying F B
F:0.0405855 B:0.0183031
Trying F C
F:0.0405855 C:0.0104665
(A:0.0411337,F:0.0405855):0.0389036 C:0.0104665
Trying G D
G:0.218618 D:0.0533197
(E:0.167282,G:0.218618):0.0932712 D:0.0533197
Migration added
Local updates around node 1: 0 ln(lk):191.22481 
Local updates around node 2: 0 ln(lk):191.22481 
Updates in migration position: 4 ln(lk):198.95673 
Switches in migration direction: 0 ln(lk):198.95673 
Local updates around node 1: 0 ln(lk):198.95673 
Local updates around node 2: 0 ln(lk):198.95673 
Switches in migration direction: 0 ln(lk):198.95673 
Updates in migration position: 0 ln(lk):198.95673 
Trying all local rearrangements
Local rearrangements: 0 ln(lk):198.95673 
ln(likelihood):198.97149 
Targeting migration to vicinity of:
A E
G B
G C
E F

A E
F E
E A
E F
G B
G C
G B
G C
Trying A E
A:0.0426944 E:0.170838
1->2 0.030577701 215.59563 198.97149
2->1 0.0023359479 201.80273 215.59563
p1->2 0.030512087 215.31622 215.59563
p2->1 0.099995285 198.9716 215.59563
(F:0.0354159,A:0.0590159):0.0437663 E:0.170838
2->1 0.098679066 215.58924 215.59563
p1->2 0.011671776 198.97361 215.59563
Trying E A
E:0.175982 A:0.0426934
E:0.175982 (F:0.0401619,A:0.0426934):0.0390226
Trying E F
E:0.175982 F:0.0401619
1->2 0.0026712604 202.21632 215.59563
2->1 0.030577701 215.59563 215.59563
p1->2 0.3970964 198.97149 215.59563
E:0.170838 (A:0.0169935,F:0.153114):0.0647219
Trying F E
F:0.153114 E:0.170838
(A:0.0169935,F:0.153114):0.0647219 E:0.170838
Trying G B
G:0.201744 B:0.0182828
1->2 0.0014816187 201.14184 215.59563
2->1 0.020754183 215.74736 215.59563
p1->2 3.0968394e-07 198.97149 215.74736
p2->1 0.029523386 215.75604 215.74736
G:0.217726 (C:0.0105006,B:0.0182828):0.0167276
1->2 0.0048009045 213.00734 215.75604
p1->2 3.3598884e-05 198.97155 215.75604
Trying G C
G:0.201745 C:0.0105006
1->2 0.0014373558 200.98531 215.75604
2->1 0.020754183 215.74737 215.75604
p1->2 2.1949412e-05 198.97158 215.75604
G:0.201744 (B:0.0182809,C:0.010503):0.00832206
Migration added
Local updates around node 1: 0 ln(lk):215.75604 
Local updates around node 2: 0 ln(lk):215.75604 
Updates in migration position: 1 ln(lk):215.83947 
Switches in migration direction: 0 ln(lk):215.83947 
Local updates around node 1: 0 ln(lk):215.83947 
Local updates around node 2: 0 ln(lk):215.83947 
Switches in migration direction: 0 ln(lk):215.83947 
Updates in migration position: 0 ln(lk):215.83947 
Trying all local rearrangements
Local rearrangements: 0 ln(lk):215.83947 
ln(likelihood):215.84013 
DONE.
