
TreeMix v. 1.13
$Revision: 231 $

npop:7 nsnp:18176136
Estimating covariance matrix in 18176 blocks of size 1000
SEED: 1607916735
Starting from:
((D:0.0720052,E:0.247829):0.0247766,C:0.0247766);
Adding F [4/7]
ln(likelihood): -56501.039 
((D:0.082066,E:0.257626):0,(C:0.0524315,F:0.0927649):0);
Adding A [5/7]
ln(likelihood): -66054.154 
((D:0.077044,E:0.253199):0,(C:0.0479995,(F:0.0495885,A:0.0362682):0.0543032):0);
Adding B [6/7]
ln(likelihood): -19786.288 
((((C:0.0113989,B:0.0191807):0.0188793,D:0.0546621):0.0369166,(F:0.046258,A:0.0326475):0.0348396):0.134145,E:0.134145);
Adding G [7/7]
ln(likelihood): -218.90517 
(((F:0.045101,A:0.0319586):0.0353316,(E:0.170945,G:0.201633):0.0914088):0.0185125,((C:0.010501,B:0.0182829):0.0192348,D:0.0536457):0.0185125);
Testing global rearrangements
F:0.045101 E:0.170945
-135909.34 -218.90517
F:0.045101 (E:0.170945,G:0.201633):0.0914088
-21994.711 -218.90517
F:0.045101 G:0.201633
-135909.34 -218.90517
(F:0.045101,A:0.0319586):0.0353316 C:0.010501
-123806.99 -218.90517
(F:0.045101,A:0.0319586):0.0353316 (C:0.010501,B:0.0182829):0.0192348
-56149.058 -218.90517
(F:0.045101,A:0.0319586):0.0353316 B:0.0182829
-123806.99 -218.90517
A:0.0319586 E:0.170945
-137536.27 -218.90517
A:0.0319586 (E:0.170945,G:0.201633):0.0914088
-21994.711 -218.90517
A:0.0319586 G:0.201633
-137536.27 -218.90517
C:0.010501 F:0.045101
-151459.4 -218.90517
C:0.010501 (F:0.045101,A:0.0319586):0.0353316
-120832.65 -218.90517
C:0.010501 A:0.0319586
-151459.4 -218.90517
D:0.0536457 E:0.170945
-229564.34 -218.90517
D:0.0536457 (E:0.170945,G:0.201633):0.0914088
-56149.058 -218.90517
D:0.0536457 G:0.201633
-229564.34 -218.90517
D:0.0536457 C:0.010501
-13078.932 -218.90517
Targeting migration to vicinity of:
E F
D G
C A
A B

A C
A B
C A
B A
D E
D G
E F
G F
Trying A B
A:0.0319586 B:0.0182829
1->2 0.017016266 -177.57659 -218.90517
2->1 0.063618705 62.070495 -177.57659
p1->2 0.014252706 -201.79393 62.070495
p2->1 0.066113293 61.186764 62.070495
A:0.0415097 (C:0.010501,B:0.0182829):0.0195628
1->2 0.055149082 57.086214 62.070495
p1->2 0.098679066 -42.260268 62.070495
p2->1 0.12572485 10.767246 62.070495
Trying A C
A:0.0498944 C:0.010501
1->2 0.016979244 -177.87351 62.070495
2->1 0.063832618 61.952418 62.070495
p1->2 0.014171434 -201.9897 62.070495
A:0.0319586 (B:0.0173753,C:0.0117197):0.0199106
Trying B A
B:0.0173753 A:0.0319586
(B:0.0173753,C:0.0117197):0.0199106 A:0.0319586
Trying C A
C:0.0117197 A:0.0319586
(B:0.0173753,C:0.0117197):0.0199106 A:0.0319586
Trying D E
D:0.0532566 E:0.170945
1->2 0.0025288016 -217.9566 62.070495
2->1 0.02840524 -42.252812 62.070495
p1->2 0.65050542 -218.90517 62.070495
p2->1 0.051593695 -42.260268 62.070495
D:0.0631394 (G:0.201633,E:0.170945):0.0922778
1->2 0.18327202 -42.260268 62.070495
p1->2 0.98582369 -218.90517 62.070495
p2->1 0.0018173923 -218.90517 62.070495
Trying D G
D:0.0538413 (G:0.201633,E:0.170945):0.0914088
D:0.0538413 G:0.201633
1->2 0.023619452 -141.5916 62.070495
2->1 0.026290987 -38.001553 62.070495
p1->2 0.40185621 -180.44471 62.070495
Trying E F
((F:0.045101,A:0.0319586):0.0347355,(E:0.108418,G:0.667575):0.153817):0.0014832 F:0.045101
1->2 4.0751289e-05 -218.90522 62.070495
E:0.170945 F:0.0451061
1->2 0.029793506 26.822818 62.070495
2->1 0.026682585 -125.10422 62.070495
p1->2 0.05120283 10.767246 62.070495
p2->1 0.46003845 -180.44471 62.070495
(G:0.12277,E:0.731241):0.170391 F:0.045101
2->1 0.25018033 10.767246 62.070495
Trying G F
((G:0.201633,E:0.170945):0.18046,(A:0.0306655,F:0.0463941):0.0492758):0.0115404 F:0.0463941
(G:0.201633,E:0.170945):0.18046 F:0.0463941
G:0.201633 F:0.0463941
1->2 0.03475105 10.767257 62.070495
2->1 3.9084634e-07 -218.90534 62.070495
p2->1 0.43606377 -218.90517 62.070495
Migration added
Local updates around node 1: 0 ln(lk):62.070495 
Local updates around node 2: 0 ln(lk):62.070495 
Updates in migration position: 0 ln(lk):62.070495 
Switches in migration direction: 0 ln(lk):62.070495 
ln(likelihood):62.0705 
Targeting migration to vicinity of:
D G
F B
C F
E D

C F
B F
D E
D G
E D
G D
F C
F B
Trying B F
(C:0.0104669,B:0.0183032):0.0195786 F:0.0405894
1->2 0.014252706 73.606992 62.0705
2->1 0.040638626 178.49495 73.606992
p1->2 0.0053747296 62.540426 178.49495
p2->1 0.56907475 168.77468 178.49495
B:0.0183147 F:0.0406527
1->2 0.018569048 88.963635 178.49495
2->1 0.010123746 80.106307 178.49495
p2->1 0.011182198 72.448089 178.49495
B:0.0194337 (A:0.0411285,F:0.0405922):0.039661
1->2 0.10177718 168.82699 178.49495
p1->2 0.69039536 168.77466 178.49495
p2->1 0.23524335 64.595885 178.49495
Trying C F
(C:0.00449165,B:0.0391323):0.025659 F:0.0404774
C:0.00449165 F:0.0404774
1->2 0.018528711 84.81553 178.49495
2->1 0.011261761 84.507975 178.49495
p2->1 0.011093902 76.462507 178.49495
C:0.0114124 (A:0.0411864,F:0.0405275):0.0397132
1->2 0.10177718 168.82699 178.49495
p2->1 0.00055847154 62.096905 178.49495
Trying D E
D:0.0533086 E:0.170945
1->2 3.8719494e-07 62.070371 178.49495
2->1 0.023109306 168.83118 178.49495
p1->2 0.0373105 62.070504 178.49495
p2->1 0.022640204 168.77465 178.49495
D:0.057809 (G:0.201633,E:0.170945):0.0904386
1->2 0.096514925 168.77465 178.49495
p1->2 0.093102999 62.070504 178.49495
p2->1 0.33671704 62.070504 178.49495
Trying D G
D:0.150714 G:0.201633
1->2 0.021455709 124.24467 178.49495
2->1 0.020827172 173.40204 178.49495
p1->2 0.65312707 102.26589 178.49495
D:0.0533196 (E:5.46503e-05,G:2.16587):0.260497
Trying E D
E:5.46503e-05 D:0.0533196
(E:5.46503e-05,G:2.16587):0.260497 D:0.0533196
Trying F B
F:0.0405894 (B:0.0183032,C:0.0104669):0.0195786
F:0.0405894 B:0.0183032
(A:0.0411337,F:0.0405894):0.0388966 B:0.0183032
Trying F C
F:0.0405894 (B:0.0183032,C:0.0104669):0.0195786
F:0.0405894 C:0.0104669
(A:0.0411337,F:0.0405894):0.0388966 C:0.0104669
Trying G D
G:2.16587 D:0.0533196
(E:5.46503e-05,G:2.16587):0.260497 D:0.0533196
Migration added
Local updates around node 1: 0 ln(lk):178.49495 
Local updates around node 2: 0 ln(lk):178.49495 
Updates in migration position: 1 ln(lk):185.92845 
Switches in migration direction: 0 ln(lk):185.92845 
Local updates around node 1: 0 ln(lk):185.92845 
Local updates around node 2: 0 ln(lk):185.92845 
Switches in migration direction: 0 ln(lk):185.92845 
Updates in migration position: 0 ln(lk):185.92845 
Trying all local rearrangements
Local rearrangements: 0 ln(lk):185.92845 
ln(likelihood):185.92849 
Targeting migration to vicinity of:
E F
E A
C G
B G

D G
C G
B G
D G
C G
B G
E F
E A
E F
E A
Trying B G
B:0.0182829 G:0.201633
1->2 0.021185054 223.01433 185.92849
2->1 0.0012034889 189.03312 223.01433
p1->2 0.022929015 224.77048 223.01433
p2->1 3.0968394e-07 185.92849 224.77048
(C:0.010501,B:0.0182829):0.0239108 G:0.201633
2->1 0.0036258015 205.38372 224.77048
p1->2 0.65758699 226.36957 224.77048
p2->1 1.2417797e-05 185.92849 226.36957
Trying C G
(C:0.010501,B:0.0182829):0.0239131 G:0.201633
C:0.010501 G:0.201633
1->2 0.021185054 223.01433 226.36957
2->1 0.0011743098 188.82723 226.36957
p2->1 3.5110897e-06 185.92853 226.36957
Trying D G
D:0.0506718 G:0.201633
1->2 0.030130707 226.38483 226.36957
2->1 0.0024304674 190.37634 226.38483
p2->1 0.12184554 185.92849 226.38483
Trying E A
E:0.170945 A:0.0433289
1->2 0.0033376208 195.57821 226.38483
2->1 0.028990248 226.4643 226.38483
p1->2 0.078036837 185.92849 226.4643
p2->1 0.099995285 226.38454 226.4643
Trying E F
E:0.222454 F:0.0397812
1->2 0.0036049047 196.52105 226.4643
2->1 0.0207092 221.62995 226.4643
p1->2 0.12586832 185.92609 226.4643
Migration added
Local updates around node 1: 0 ln(lk):226.4643 
Local updates around node 2: 0 ln(lk):226.4643 
Updates in migration position: 0 ln(lk):226.4643 
Switches in migration direction: 0 ln(lk):226.4643 
ln(likelihood):226.51779 
Targeting migration to vicinity of:
E D
C G
B G
A G

D E
C G
B G
D E
C G
B G
E D
G C
G B
Trying B G
(B:0.0182829,C:0.010501):0.0232837 G:0.198534
1->2 0.00020016053 226.52065 226.51779
2->1 6.7300047e-05 226.52626 226.52065
p1->2 0.078036837 226.51783 226.52626
p2->1 4.1551739e-06 226.51781 226.52626
B:0.0182829 G:0.198534
1->2 0.00021222363 226.52197 226.52626
2->1 2.7862949e-05 226.51962 226.52626
p2->1 1.6942953e-06 226.5178 226.52626
Trying C G
C:0.0105009 G:0.198534
1->2 0.0002229119 226.52157 226.52626
2->1 2.7029375e-05 226.5195 226.52626
p2->1 2.2804268e-06 226.5178 226.52626
(B:0.0182827,C:0.0105012):0.0232839 G:0.198534
Trying D E
D:0.0509752 E:0.18427
1->2 0.00034316847 226.52952 226.52626
2->1 0.00020204774 226.54198 226.52952
p1->2 1.63079e-05 226.5178 226.54198
p2->1 0.29095104 226.51783 226.54198
Trying E D
E:0.18427 D:0.124986
Trying G B
G:0.198534 (B:0.0182829,C:0.010501):0.00655503
G:0.198534 B:0.0182829
Trying G C
G:0.198534 C:0.010501
G:0.198534 (B:0.0182829,C:0.010501):0.00655503
Migration added
Local updates around node 1: 0 ln(lk):226.54198 
Local updates around node 2: 0 ln(lk):226.54198 
Updates in migration position: 0 ln(lk):226.54198 
Switches in migration direction: 0 ln(lk):226.54198 
ln(likelihood):226.54464 
Targeting migration to vicinity of:
E F
C G
B G
D A

C G
B G
C G
B G
E F
Trying B G
B:0.0182829 G:0.198495
1->2 1.3119212e-05 226.54465 226.54464
2->1 6.8440318e-07 226.54464 226.54465
p1->2 1.2230633e-05 226.54465 226.54465
p2->1 3.0968394e-07 226.54464 226.54465
(C:0.010501,B:0.0182829):0.0231927 G:0.198495
2->1 3.5442006e-06 226.54465 226.54465
p1->2 0.033863567 226.54464 226.54465
p2->1 3.6039852e-05 226.54464 226.54465
Trying C G
(C:0.010501,B:0.0182829):0.0231994 G:0.198495
C:0.010501 G:0.198495
1->2 1.3119212e-05 226.54465 226.54465
2->1 6.8440318e-07 226.54464 226.54465
p2->1 3.0968394e-07 226.54464 226.54465
Trying E F
E:0.184414 F:0.0396224
1->2 3.3233687e-06 226.54464 226.54465
2->1 8.7328381e-06 226.54465 226.54465
p1->2 2.8780828e-06 226.54464 226.54465
p2->1 0.0053747296 226.54465 226.54465
Migration added
Local updates around node 1: 0 ln(lk):226.54465 
Local updates around node 2: 0 ln(lk):226.54465 
Updates in migration position: 0 ln(lk):226.54465 
Switches in migration direction: 0 ln(lk):226.54465 
ln(likelihood):226.54465 
DONE.
