
TreeMix v. 1.13
$Revision: 231 $

npop:7 nsnp:18176136
Estimating covariance matrix in 22720 blocks of size 800
SEED: 1607916876
Starting from:
(C:0.0244032,(D:0.0716052,G:0.277989):0.0244032);
Adding B [4/7]
ln(likelihood): -244530.95 
((D:0.0337904,(C:0,B:0.00731424):0):0.166798,G:0.166798);
Adding F [5/7]
ln(likelihood): -49057.481 
(((D:0.055031,(C:0.0118765,B:0.0196584):0.0192054):0.0470858,G:0.271125):0.040556,F:0.040556);
Adding A [6/7]
ln(likelihood): -23962.639 
(((D:0.0539701,(C:0.0107068,B:0.0184887):0.0188793):0.035683,(F:0.0452453,A:0.0316348):0.035711):0.149843,G:0.149843);
Adding E [7/7]
ln(likelihood): -322.30797 
(((F:0.045101,A:0.0319586):0.0353316,(G:0.201633,E:0.170945):0.0914088):0.0185125,(D:0.0536457,(C:0.010501,B:0.0182829):0.0192348):0.0185125);
Testing global rearrangements
F:0.045101 G:0.201633
-168387.6 -322.30797
F:0.045101 (G:0.201633,E:0.170945):0.0914088
-27323.118 -322.30797
F:0.045101 E:0.170945
-168387.6 -322.30797
(F:0.045101,A:0.0319586):0.0353316 C:0.010501
-152641.68 -322.30797
(F:0.045101,A:0.0319586):0.0353316 (C:0.010501,B:0.0182829):0.0192348
-69569.271 -322.30797
(F:0.045101,A:0.0319586):0.0353316 B:0.0182829
-152641.68 -322.30797
A:0.0319586 G:0.201633
-170434.44 -322.30797
A:0.0319586 (G:0.201633,E:0.170945):0.0914088
-27323.118 -322.30797
A:0.0319586 E:0.170945
-170434.44 -322.30797
D:0.0536457 A:0.0319586
-101623.8 -322.30797
D:0.0536457 C:0.010501
-16144.066 -322.30797
DONE.
