
TreeMix v. 1.13
$Revision: 231 $

npop:7 nsnp:18176136
Estimating covariance matrix in 11360 blocks of size 1600
SEED: 1607916592
Starting from:
((D:0.0515583,B:0.0284474):0.0629421,A:0.0629421);
Adding G [4/7]
ln(likelihood): -15755.853 
((D:0.0684335,B:0.0466316):0.018076,(A:0.0664836,G:0.275615):0.018076);
Adding C [5/7]
ln(likelihood): -20838.206 
(A:0.0339723,(G:0.272755,(D:0.0558206,(B:0.0204675,C:0.0126857):0.0192642):0.0466082):0.0339723);
Adding F [6/7]
ln(likelihood): -12226.483 
(((D:0.0539701,(B:0.0184887,C:0.0107068):0.0188793):0.035683,(A:0.0316348,F:0.0452453):0.035711):0.149843,G:0.149843);
Adding E [7/7]
ln(likelihood): -62.024541 
(((D:0.0536457,(B:0.0182829,C:0.010501):0.0192348):0.037025,(G:0.201633,E:0.170945):0.0914088):0.0176658,(A:0.0319586,F:0.045101):0.0176658);
Testing global rearrangements
D:0.0536457 G:0.201633
-145649.62 -62.024541
D:0.0536457 (G:0.201633,E:0.170945):0.0914088
-35524.694 -62.024541
D:0.0536457 E:0.170945
-145649.62 -62.024541
(D:0.0536457,(B:0.0182829,C:0.010501):0.0192348):0.037025 A:0.0319586
-13840.542 -62.024541
B:0.0182829 (D:0.0536457,(B:0.0182829,C:0.010501):0.0192348):0.037025
-8291.8565 -62.024541
B:0.0182829 G:0.201633
-220512.52 -62.024541
B:0.0182829 (G:0.201633,E:0.170945):0.0914088
-77254.498 -62.024541
B:0.0182829 E:0.170945
-220512.52 -62.024541
G:0.201633 F:0.045101
-86951.592 -62.024541
A:0.0319586 D:0.0536457
-47468.464 -62.024541
A:0.0319586 (D:0.0536457,(B:0.0182829,C:0.010501):0.0192348):0.037025
-13840.542 -62.024541
A:0.0319586 B:0.0182829
-83335.795 -62.024541
A:0.0319586 (B:0.0182829,C:0.010501):0.0192348
-47468.464 -62.024541
A:0.0319586 C:0.010501
-83335.795 -62.024541
(A:0.0319586,F:0.045101):0.0176658 E:0.170945
-71047.374 -62.024541
F:0.045101 D:0.0536457
-50372.645 -62.024541
F:0.045101 (D:0.0536457,(B:0.0182829,C:0.010501):0.0192348):0.037025
-13840.542 -62.024541
F:0.045101 B:0.0182829
-89272.104 -62.024541
F:0.045101 (B:0.0182829,C:0.010501):0.0192348
-50372.645 -62.024541
F:0.045101 C:0.010501
-89272.104 -62.024541
Targeting migration to vicinity of:
F E
D G
A C
B A

A B
A C
B A
C A
D G
D E
F G
F E
Trying A B
A:0.0319586 B:0.0182829
1->2 0.01707634 -35.781539 -62.024541
2->1 0.063618705 115.98026 -35.781539
p1->2 0.014252706 -51.157228 115.98026
p2->1 0.066113293 115.41426 115.98026
A:0.0415097 (C:0.010501,B:0.0182829):0.0195628
1->2 0.055149082 112.9832 115.98026
p1->2 0.37356812 49.947009 115.98026
p2->1 0.28336248 83.372295 115.98026
Trying A C
A:0.0846078 C:0.010501
1->2 0.016979244 -35.994239 115.98026
2->1 0.063832618 115.90352 115.98026
p1->2 0.014171434 -51.292446 115.98026
A:0.0319586 (B:0.0173753,C:0.0117197):0.0199106
Trying B A
B:0.0173753 A:0.0319586
(B:0.0173753,C:0.0117197):0.0199106 A:0.0319586
Trying C A
C:0.0117197 A:0.0319586
(B:0.0173753,C:0.0117197):0.0199106 A:0.0319586
Trying D E
D:0.0532566 E:0.170945
1->2 0.0025142115 -61.419399 115.98026
2->1 0.02840524 49.951928 115.98026
p1->2 0.43606377 -62.024541 115.98026
p2->1 0.031820729 49.947009 115.98026
D:0.0598332 (G:0.201633,E:0.170945):0.0922778
1->2 0.051593695 49.947009 115.98026
p2->1 4.0751289e-05 -62.024568 115.98026
Trying D G
D:0.0536516 G:0.201633
1->2 0.023619452 -13.118778 115.98026
2->1 0.026290987 52.632699 115.98026
p1->2 0.16646485 -37.54595 115.98026
D:0.0536457 (E:0.151856,G:0.312999):0.110379
Trying F E
F:0.045101 E:0.151856
1->2 0.026682585 -2.5400926 115.98026
2->1 0.029793506 93.606257 115.98026
p1->2 0.098679066 -37.54595 115.98026
p2->1 0.28630984 83.372295 115.98026
F:0.110036 (G:0.201633,E:0.170945):0.0930252
1->2 0.39359215 83.372295 115.98026
p1->2 0.051593695 -62.024541 115.98026
p2->1 0.00081367878 -62.024541 115.98026
Trying F G
F:0.0451745 G:0.201633
1->2 3.8719494e-07 -62.024655 115.98026
2->1 0.03475105 83.372303 115.98026
p1->2 0.12534989 -62.024541 115.98026
F:0.045101 (E:0.157845,G:0.278546):0.104509
Migration added
Local updates around node 1: 0 ln(lk):115.98026 
Local updates around node 2: 0 ln(lk):115.98026 
Updates in migration position: 0 ln(lk):115.98026 
Switches in migration direction: 0 ln(lk):115.98026 
ln(likelihood):115.98027 
Targeting migration to vicinity of:
D G
B F
C F
D E

B F
C F
B F
C F
D G
D E
D G
D E
Trying B F
B:0.0183032 F:0.0405894
1->2 0.018634498 133.03221 115.98027
2->1 0.010159736 127.41042 133.03221
p1->2 0.014252706 123.27123 133.03221
p2->1 0.011182198 122.56229 133.03221
Trying C F
C:0.0097596 F:0.0405922
1->2 0.018569048 130.40267 133.03221
2->1 0.011261761 130.21574 133.03221
p2->1 0.011093902 125.11934 133.03221
C:0.0114124 (A:0.0411864,F:0.0405275):0.0198566
1->2 0.10177718 183.6395 133.03221
p1->2 0.69039536 183.60592 183.6395
Trying D E
D:0.0523284 (G:0.201633,E:0.170945):5.501e-05
1->2 0.25018033 183.60591 183.6395
2->1 0.066695184 183.60591 183.6395
p2->1 4.0751289e-05 115.98025 183.6395
D:0.0533256 E:0.170945
1->2 3.9084634e-07 115.98018 183.6395
2->1 0.023109306 183.64237 183.6395
p1->2 0.3970964 115.98027 183.64237
Trying D G
D:0.0533196 (G:0.142524,E:0.568327):0.148854
D:0.0533196 G:0.142524
1->2 0.021455709 155.33697 183.64237
2->1 0.020827172 186.52833 183.64237
p1->2 0.099995285 141.56378 186.52833
Migration added
Local updates around node 1: 0 ln(lk):186.52833 
Local updates around node 2: 0 ln(lk):186.52833 
Updates in migration position: 4 ln(lk):197.14212 
Switches in migration direction: 0 ln(lk):197.14212 
Local updates around node 1: 0 ln(lk):197.14212 
Local updates around node 2: 0 ln(lk):197.14212 
Switches in migration direction: 0 ln(lk):197.14212 
Updates in migration position: 0 ln(lk):197.14212 
Trying all local rearrangements
Local rearrangements: 0 ln(lk):197.14212 
ln(likelihood):197.1613 
Targeting migration to vicinity of:
A E
B G
G C
F E

A E
F E
B G
C G
A E
F E
G B
G C
Trying A E
(A:0.0426749,F:0.0401728):0.0195046 E:0.170836
1->2 0.030512087 219.41813 197.1613
2->1 0.0070466255 219.79925 219.41813
p2->1 0.99979281 197.1613 219.79925
A:0.0426757 E:0.170836
1->2 0.030577701 219.8085 219.79925
2->1 0.0023008205 200.94155 219.8085
p2->1 0.4687492 197.16517 219.8085
Trying B G
(C:0.0105011,B:0.0182829):0.0166465 G:0.201745
1->2 0.029420836 220.03497 219.8085
2->1 0.0048287008 216.25124 220.03497
p1->2 0.069587864 220.16016 220.03497
p2->1 3.0968394e-07 197.1613 220.16016
B:0.0182829 G:0.201745
1->2 0.020754183 220.0231 220.16016
2->1 0.0014816187 200.1124 220.16016
p2->1 3.0968394e-07 197.1613 220.16016
Trying C G
(C:0.010501,B:0.0182829):0.0166453 G:0.201745
C:0.010501 G:0.201745
1->2 0.020754183 220.02311 220.16016
2->1 0.0014322192 199.9012 220.16016
p2->1 1.506132e-05 197.16136 220.16016
Trying F E
(F:0.0401729,A:0.0426749):0.0195043 E:0.170836
F:0.0401729 E:0.170836
1->2 0.030577701 219.8085 220.16016
2->1 0.0026963835 201.64799 220.16016
p2->1 4.0751289e-05 197.1613 220.16016
Trying G B
G:0.201745 (B:0.0182829,C:0.010501):0.0166453
G:0.201745 B:0.0182829
Trying G C
G:0.201745 (B:0.0182829,C:0.010501):0.0166453
G:0.201745 C:0.010501
Migration added
Local updates around node 1: 0 ln(lk):220.16016 
Local updates around node 2: 0 ln(lk):220.16016 
Updates in migration position: 0 ln(lk):220.16016 
Switches in migration direction: 0 ln(lk):220.16016 
ln(likelihood):220.16289 
Targeting migration to vicinity of:
A E
G F
B G
G C

A E
F G
G F
E A
Trying A E
A:0.0427264 E:0.163306
1->2 0.0015272426 220.20523 220.16289
2->1 0.00018836523 220.18361 220.20523
p1->2 0.0008357527 220.16289 220.20523
p2->1 1.9008537e-05 220.16293 220.20523
Trying E A
E:0.163306 A:0.04273
Trying F G
F:0.0401555 G:0.24133
1->2 0.0016191556 220.20515 220.20523
2->1 0.0001837937 220.18876 220.20523
p1->2 5.7404843e-05 220.16289 220.20523
p2->1 0.091048792 220.16289 220.20523
Trying G F
G:0.24133 F:0.0528406
Migration added
Local updates around node 1: 0 ln(lk):220.20523 
Local updates around node 2: 0 ln(lk):220.20523 
Updates in migration position: 0 ln(lk):220.20523 
Switches in migration direction: 0 ln(lk):220.20523 
ln(likelihood):220.22474 
DONE.
