
TreeMix v. 1.13
$Revision: 231 $

npop:7 nsnp:18176136
Estimating covariance matrix in 5048 blocks of size 3600
SEED: 1607916735
Starting from:
((D:0.0720071,E:0.247834):0.0247768,C:0.0247768);
Adding F [4/7]
ln(likelihood): -16133.797 
((D:0.0820682,E:0.25763):0,(C:0.0524327,F:0.0927663):0);
Adding A [5/7]
ln(likelihood): -18860.079 
((D:0.0770461,E:0.253202):0,(C:0.0480002,(F:0.0495825,A:0.0362673):0.0543129):0);
Adding B [6/7]
ln(likelihood): -5595.7745 
((((C:0.0113981,B:0.0191803):0.018878,D:0.0546618):0.0369226,(F:0.046252,A:0.0326467):0.0348473):0.134146,E:0.134146);
Adding G [7/7]
ln(likelihood): 82.095859 
((((C:0.0105003,B:0.0182824):0.0192336,D:0.0536454):0.0370308,(F:0.0450952,A:0.0319577):0.0353393):0.0457046,(E:0.170948,G:0.201632):0.0457046);
Testing global rearrangements
C:0.0105003 ((C:0.0105003,B:0.0182824):0.0192336,D:0.0536454):0.0370308
-3658.0019 82.095859
C:0.0105003 A:0.0319577
-43606.889 82.095859
D:0.0536454 C:0.0105003
-3658.0019 82.095859
D:0.0536454 E:0.170948
-65579.531 82.095859
D:0.0536454 (E:0.170948,G:0.201632):0.0457046
-15902.129 82.095859
D:0.0536454 G:0.201632
-65579.531 82.095859
F:0.0450952 D:0.0536454
-22526.209 82.095859
F:0.0450952 E:0.170948
-38646.394 82.095859
(F:0.0450952,A:0.0319577):0.0353393 C:0.0105003
-35692.26 82.095859
(F:0.0450952,A:0.0319577):0.0353393 (C:0.0105003,B:0.0182824):0.0192336
-15902.129 82.095859
(F:0.0450952,A:0.0319577):0.0353393 B:0.0182824
-35692.26 82.095859
A:0.0319577 (((C:0.0105003,B:0.0182824):0.0192336,D:0.0536454):0.0370308,(F:0.0450952,A:0.0319577):0.0353393):0.0457046
-6115.8666 82.095859
A:0.0319577 E:0.170948
-39093.963 82.095859
A:0.0319577 (E:0.170948,G:0.201632):0.0457046
-6115.8666 82.095859
A:0.0319577 G:0.201632
-39093.963 82.095859
Targeting migration to vicinity of:
E F
D G
A B
C A

A C
A B
C A
B A
D E
D G
E F
G F
Trying A B
A:0.0319577 B:0.0182824
1->2 0.01707634 93.934917 82.095859
2->1 0.063618705 162.15367 93.934917
p1->2 0.014303165 87.000956 162.15367
p2->1 0.066113293 161.8929 162.15367
A:0.0415094 (C:0.0105003,B:0.0182824):0.0195617
1->2 0.055264656 160.96379 162.15367
p1->2 0.43606377 132.55849 162.15367
p2->1 0.43591231 147.41524 162.15367
Trying A C
A:0.152726 C:0.0105003
1->2 0.017016266 93.827172 162.15367
2->1 0.063832618 162.11781 162.15367
p1->2 0.014202423 86.934703 162.15367
A:0.0319577 (B:0.0173728,C:0.0117218):0.019911
Trying B A
B:0.0173728 A:0.0319577
(B:0.0173728,C:0.0117218):0.019911 A:0.0319577
Trying C A
C:0.0117218 A:0.0319577
(B:0.0173728,C:0.0117218):0.019911 A:0.0319577
Trying D E
D:0.0532553 E:0.170948
1->2 0.0025434764 82.370743 162.15367
2->1 0.028504353 132.56069 162.15367
p1->2 0.10216379 82.095859 162.15367
p2->1 0.059690602 132.55849 162.15367
D:0.0645593 (G:0.201632,E:0.170948):0.0704296
1->2 0.3970964 132.55849 162.15367
p1->2 0.00026379287 82.095859 162.15367
Trying D G
D:0.0536454 (G:0.201632,E:0.170948):0.0457287
D:0.0536454 G:0.201632
1->2 0.023536913 104.08372 162.15367
2->1 0.026290987 133.76307 162.15367
p1->2 0.091048792 93.157889 162.15367
Trying E F
E:0.161016 F:0.0450952
1->2 0.029793506 152.04755 162.15367
2->1 0.026589634 108.87508 162.15367
p1->2 0.22138484 147.41524 162.15367
p2->1 0.059118856 93.157889 162.15367
(G:0.195374,E:0.199708):0.0488932 F:0.0450952
2->1 0.098679066 147.41524 162.15367
p2->1 0.00026379287 82.095859 162.15367
Trying G F
(G:0.201632,E:0.170948):0.0457287 F:0.0450952
G:0.201632 F:0.0450952
1->2 0.03475105 147.41513 162.15367
2->1 3.0968394e-07 82.095808 162.15367
p2->1 0.0008357527 82.095859 162.15367
Migration added
Local updates around node 1: 0 ln(lk):162.15367 
Local updates around node 2: 0 ln(lk):162.15367 
Updates in migration position: 0 ln(lk):162.15367 
Switches in migration direction: 0 ln(lk):162.15367 
ln(likelihood):162.15367 
Targeting migration to vicinity of:
D G
F B
C F
E D

C F
B F
D E
D G
E D
G D
F C
F B
Trying B F
B:0.0183027 F:0.0405829
1->2 0.018634498 169.86596 162.15367
2->1 0.010182044 167.30608 169.86596
p1->2 0.014252706 165.45065 169.86596
p2->1 0.011221911 165.12168 169.86596
Trying C F
C:0.00975616 (A:0.0411283,F:0.0405856):0.0396701
1->2 0.10197032 192.64771 169.86596
2->1 0.011093902 166.27721 192.64771
p1->2 0.69039536 192.63262 192.64771
p2->1 0.0010846412 162.16392 192.64771
C:0.0105424 F:0.040581
1->2 0.018634498 168.68032 192.64771
2->1 0.011286461 168.57455 192.64771
Trying D E
D:0.0529052 (E:0.170948,G:0.201632):0.0447366
1->2 0.49460658 192.63262 192.64771
2->1 0.022640204 192.63261 192.64771
p1->2 0.99995428 162.20519 192.64771
D:0.0533177 E:0.170948
1->2 3.0968394e-07 162.15364 192.64771
2->1 0.023109306 192.64908 192.64771
p1->2 0.029091341 162.15367 192.64908
Trying D G
D:0.0533194 G:0.198943
1->2 0.021455709 179.86471 192.64908
2->1 0.020827172 193.94531 192.64908
p1->2 0.65312707 173.71957 193.94531
D:0.0533194 (E:5.59593e-05,G:2.16587):0.130249
Trying E D
(E:5.59593e-05,G:2.16587):0.130249 D:0.0533194
E:5.59593e-05 D:0.0533194
Trying F B
F:0.0405829 B:0.0183027
Trying F C
(A:0.0411333,F:0.0405829):0.038905 C:0.0104661
F:0.0405829 C:0.0104661
Trying G D
G:2.16587 D:0.0533194
(E:5.59593e-05,G:2.16587):0.130249 D:0.0533194
Migration added
Local updates around node 1: 0 ln(lk):193.94531 
Local updates around node 2: 0 ln(lk):193.94531 
Updates in migration position: 4 ln(lk):198.67996 
Switches in migration direction: 0 ln(lk):198.67996 
Local updates around node 1: 0 ln(lk):198.67996 
Local updates around node 2: 0 ln(lk):198.67996 
Switches in migration direction: 0 ln(lk):198.67996 
Updates in migration position: 0 ln(lk):198.67996 
Trying all local rearrangements
Local rearrangements: 0 ln(lk):198.67996 
ln(likelihood):198.68968 
Targeting migration to vicinity of:
E A
B G
C G
E F

C G
B G
C G
B G
E F
E A
E F
E A
Trying B G
B:0.0182824 G:0.201744
1->2 0.020754183 209.02608 198.68968
2->1 0.0014816187 200.02467 209.02608
p1->2 0.029420836 209.03188 209.02608
p2->1 3.0968394e-07 198.68967 209.03188
(C:0.0105002,B:0.0182825):0.0166462 G:0.201744
2->1 0.0047838055 207.31497 209.03188
p1->2 0.069964387 209.08949 209.03188
p2->1 3.0968394e-07 198.68968 209.08949
Trying C G
C:0.0105003 G:0.201744
1->2 0.020754183 209.02608 209.08949
2->1 0.0014322192 199.92716 209.08949
p2->1 1.1295716e-05 198.68969 209.08949
(B:0.0182814,C:0.0105015):0.0166468 G:0.201744
Trying E A
E:0.170838 (A:0.0426741,F:0.040167):0.039017
1->2 0.0070466255 208.92487 209.08949
2->1 0.030512087 208.76254 209.08949
p1->2 2.622074e-05 198.68968 209.08949
p2->1 4.1615585e-05 198.68968 209.08949
E:0.170852 A:0.0426742
1->2 0.0023141752 200.40971 209.08949
2->1 0.030577701 208.92924 209.08949
p1->2 0.46639898 198.68957 209.08949
Trying E F
E:0.170838 (F:0.00034576,A:0.254665):0.0788388
E:0.170838 F:0.00034576
1->2 0.0026963835 200.71771 209.08949
2->1 0.030577701 208.92924 209.08949
p1->2 0.0001280524 198.68968 209.08949
Migration added
Local updates around node 1: 0 ln(lk):209.08949 
Local updates around node 2: 0 ln(lk):209.08949 
Updates in migration position: 0 ln(lk):209.08949 
Switches in migration direction: 0 ln(lk):209.08949 
ln(likelihood):209.09037 
Targeting migration to vicinity of:
E A
F G
B G
C G

E A
G F
F G
A E
Trying A E
A:0.0427111 E:0.163202
1->2 0.0014955701 209.10888 209.09037
2->1 0.00018207697 209.09913 209.10888
p1->2 0.070487835 209.09037 209.10888
p2->1 0.3970964 209.09037 209.10888
Trying E A
E:0.163202 A:0.18244
Trying F G
F:0.0111446 G:0.241959
1->2 0.001643893 209.10998 209.10888
2->1 0.0001894609 209.10269 209.10998
p1->2 6.793467e-05 209.09037 209.10998
p2->1 0.099995285 209.09037 209.10998
Trying G F
G:0.241959 F:0.0543211
Migration added
Local updates around node 1: 0 ln(lk):209.10998 
Local updates around node 2: 0 ln(lk):209.10998 
Updates in migration position: 0 ln(lk):209.10998 
Switches in migration direction: 0 ln(lk):209.10998 
ln(likelihood):209.11822 
Targeting migration to vicinity of:
E A
F B
C F
D F

C F
B F
C F
B F
E A
F C
F B
Trying B F
(C:0.0105003,B:0.0182824):0.0166894 F:0.0402388
1->2 9.4253774e-05 209.11829 209.11822
2->1 1.6871212e-05 209.11822 209.11829
p1->2 0.0002154706 209.11829 209.11829
p2->1 2.7819854e-06 209.11822 209.11829
(D:0.0592802,(C:0.0105003,B:0.0182824):0.0166896):0.041757 F:0.0402388
2->1 9.4253774e-05 209.11829 209.11829
p1->2 4.0751289e-05 209.11822 209.11829
p2->1 0.92138368 209.11822 209.11829
B:0.0182824 F:0.0402389
1->2 6.6285742e-05 209.11828 209.11829
2->1 4.4312774e-06 209.11822 209.11829
p2->1 3.9084634e-07 209.11822 209.11829
Trying C F
(C:0.0105002,B:0.0182825):0.0166894 F:0.0402388
(D:0.0592803,(C:0.0105002,B:0.0182825):0.0166894):0.0417568 F:0.0402388
C:0.0105002 F:0.0402388
1->2 6.6285742e-05 209.11828 209.11829
2->1 4.6327068e-06 209.11822 209.11829
p2->1 3.9084634e-07 209.11822 209.11829
Trying E A
E:0.162751 A:0.0425472
1->2 3.8434551e-05 209.11829 209.11829
2->1 0.00047606727 209.11833 209.11829
p1->2 0.099995285 209.11822 209.11833
p2->1 0.00048055459 209.11822 209.11833
Trying F B
F:0.0402389 (B:0.0182824,C:0.0105003):0.0166899
F:0.0402389 (D:0.0592798,(B:0.0182824,C:0.0105003):0.0166899):0.0417379
F:0.0402389 B:0.0182824
Trying F C
F:0.0402389 (B:0.0182824,C:0.0105003):0.0166899
F:0.0402389 (D:0.0592798,(B:0.0182824,C:0.0105003):0.0166899):0.0417379
F:0.0402389 C:0.0105003
Migration added
Local updates around node 1: 0 ln(lk):209.11833 
Local updates around node 2: 0 ln(lk):209.11833 
Updates in migration position: 0 ln(lk):209.11833 
Switches in migration direction: 0 ln(lk):209.11833 
ln(likelihood):209.11833 
DONE.
