
TreeMix v. 1.13
$Revision: 231 $

npop:7 nsnp:18176136
Estimating covariance matrix in 7573 blocks of size 2400
SEED: 1607916450
Starting from:
((G:0.267747,A:0.0610737):0.0374817,B:0.0374817);
Adding D [4/7]
ln(likelihood): -10576.192 
((G:0.275614,A:0.0664851):0.0180768,(B:0.0466317,D:0.0684336):0.0180768);
Adding E [5/7]
ln(likelihood): -1694.1394 
((A:0.0619657,(G:0.202848,E:0.172221):0.0956754):0.0170728,(B:0.0366289,D:0.0572153):0.0170728);
Adding F [6/7]
ln(likelihood): -12.324367 
(B:0.0188172,(D:0.053754,((G:0.201903,E:0.171102):0.0910609,(A:0.0321459,F:0.0449898):0.0356812):0.0370772):0.0188172);
Adding C [7/7]
ln(likelihood): 25.100341 
(B:0.00914146,((D:0.0536457,((G:0.201633,E:0.170947):0.0914085,(A:0.0319589,F:0.045099):0.0353336):0.0370264):0.0192348,C:0.0105008):0.00914146);
Testing global rearrangements
B:0.00914146 A:0.0319589
-64979.415 25.100341
D:0.0536457 B:0.00914146
-5534.7575 25.100341
D:0.0536457 G:0.201633
-97893.013 25.100341
D:0.0536457 (G:0.201633,E:0.170947):0.0914085
-23814.616 25.100341
D:0.0536457 E:0.170947
-97893.013 25.100341
E:0.170947 F:0.045099
-58360.484 25.100341
A:0.0319589 B:0.00914146
-56052.391 25.100341
A:0.0319589 D:0.0536457
-31783.053 25.100341
A:0.0319589 C:0.0105008
-56052.391 25.100341
(A:0.0319589,F:0.045099):0.0353336 E:0.170947
-47679.741 25.100341
F:0.045099 B:0.00914146
-60052.927 25.100341
F:0.045099 D:0.0536457
-33735.746 25.100341
F:0.045099 ((G:0.201633,E:0.170947):0.0914085,(A:0.0319589,F:0.045099):0.0353336):0.0370264
-9226.3194 25.100341
F:0.045099 C:0.0105008
-60052.927 25.100341
C:0.0105008 B:0.00914146
25.100341 25.100341
C:0.0105008 D:0.0536457
-5534.7575 25.100341
Targeting migration to vicinity of:
E F
G D
A B
A C

A B
A C
A B
A C
G F
E F
G D
E D
Trying A B
A:0.0319589 B:0.00914146
1->2 0.01707634 42.750788 25.100341
2->1 0.063618705 144.64579 42.750788
p1->2 0.014303165 32.410998 144.64579
Trying A C
A:0.0319589 C:0.00958469
1->2 0.017016266 42.595376 144.64579
2->1 0.063832618 144.59321 144.64579
p1->2 0.014202423 32.314567 144.64579
p2->1 0.063618705 144.64579 144.64579
Trying E D
E:0.170947 D:0.0533196
1->2 0.02840524 100.35307 144.64579
2->1 0.0025434764 25.508932 144.64579
p1->2 0.10146535 100.34976 144.64579
p2->1 3.8719494e-07 25.100003 144.64579
(G:0.201633,E:0.170947):0.0914086 D:0.0536457
2->1 0.058598913 100.34976 144.64579
p2->1 4.0751289e-05 25.100315 144.64579
Trying E F
E:0.170947 F:0.045099
1->2 0.029793506 129.59499 144.64579
2->1 0.026682585 65.059767 144.64579
p1->2 0.42102641 122.69861 144.64579
p2->1 0.040413067 41.580069 144.64579
(G:0.197281,E:0.190152):0.0958794 F:0.045099
2->1 0.17948262 122.69859 144.64579
p1->2 4.0751289e-05 25.100297 144.64579
Trying G D
(G:0.201633,E:0.170947):0.0914085 D:0.0536457
G:0.201633 D:0.0536457
1->2 0.026290987 102.14903 144.64579
2->1 0.023536913 57.926517 144.64579
p2->1 0.030857163 41.592828 144.64579
Trying G F
(E:0.167322,G:0.218403):0.0949175 F:0.045099
G:0.218403 F:0.045099
1->2 0.03475105 122.69859 144.64579
2->1 3.9084634e-07 25.100273 144.64579
p2->1 0.42117655 25.100341 144.64579
Migration added
Local updates around node 1: 0 ln(lk):144.64579 
Local updates around node 2: 0 ln(lk):144.64579 
Updates in migration position: 0 ln(lk):144.64579 
Switches in migration direction: 0 ln(lk):144.64579 
ln(likelihood):144.64579 
Targeting migration to vicinity of:
G D
B F
F C
D E

B F
C F
D G
D E
F B
F C
G D
E D
Trying B F
B:0.00808302 F:0.0405873
1->2 0.018634498 156.11876 144.64579
2->1 0.010159736 152.3283 156.11876
p2->1 0.011221911 149.07087 156.11876
Trying C F
C:0.00975678 F:0.04059
1->2 0.018569048 154.35102 156.11876
2->1 0.011286461 154.21612 156.11876
p1->2 0.019961324 155.24223 156.11876
p2->1 0.011093902 150.79174 156.11876
C:0.0114122 (A:0.0411868,F:0.0405254):0.0397154
1->2 0.10177718 190.11116 156.11876
p1->2 0.10177718 190.11116 190.11116
p2->1 0.19196916 144.85106 190.11116
Trying D E
D:0.0532759 E:0.170947
1->2 5.6427712e-07 144.64575 190.11116
2->1 0.023109306 190.11317 190.11116
p1->2 3.8719494e-07 144.64544 190.11317
p2->1 0.040413067 190.08862 190.11317
D:0.0606956 (G:0.201633,E:0.170947):0.0904384
1->2 0.04049908 190.08862 190.11317
p1->2 4.0751289e-05 144.64577 190.11317
Trying D G
D:0.0533196 G:0.201633
1->2 0.021455709 171.07436 190.11317
2->1 0.020827172 192.04806 190.11317
p1->2 0.031247443 161.87299 192.04806
D:0.0533196 (E:0.167282,G:0.218617):0.0932713
Trying E D
E:0.167282 D:0.0533196
(E:0.167282,G:0.218617):0.0932713 D:0.0533196
Trying F B
F:0.0405873 B:0.00808288
Trying F C
F:0.0405873 C:0.0104667
(A:0.0411341,F:0.0405873):0.038901 C:0.0104667
Trying G D
G:0.218617 D:0.0533196
(E:0.167282,G:0.218617):0.0932713 D:0.0533196
Migration added
Local updates around node 1: 0 ln(lk):192.04806 
Local updates around node 2: 0 ln(lk):192.04806 
Updates in migration position: 4 ln(lk):199.1485 
Switches in migration direction: 0 ln(lk):199.1485 
Local updates around node 1: 0 ln(lk):199.1485 
Local updates around node 2: 0 ln(lk):199.1485 
Switches in migration direction: 0 ln(lk):199.1485 
Updates in migration position: 0 ln(lk):199.1485 
Trying all local rearrangements
Local rearrangements: 0 ln(lk):199.1485 
ln(likelihood):199.1618 
Targeting migration to vicinity of:
A E
G C
G B
E F

A E
F E
E A
E F
G B
G C
G B
G C
Trying A E
(A:0.0426949,F:0.0401623):0.0390186 E:0.170838
1->2 0.030512087 214.17171 199.1618
2->1 0.098679066 214.42483 214.17171
p1->2 0.011671776 199.16371 214.42483
A:0.0426939 E:0.175982
1->2 0.030577701 214.43071 214.42483
2->1 0.0023359479 201.75946 214.43071
p2->1 0.39736319 199.16185 214.43071
Trying E A
E:0.170837 (F:0.0106747,A:0.183339):0.0685067
E:0.170837 A:0.183339
Trying E F
E:0.170837 F:0.0106747
1->2 0.002680829 202.14635 214.43071
2->1 0.030577701 214.43071 214.43071
p1->2 0.43606377 199.1618 214.43071
E:0.170838 (A:0.0125237,F:0.179788):0.0691898
Trying F E
F:0.179788 E:0.170838
(A:0.0125237,F:0.179788):0.0691898 E:0.170838
Trying G B
G:0.201744 B:0.00914146
1->2 0.0014816187 201.15569 214.43071
2->1 0.020754183 214.57019 214.43071
p1->2 3.0968394e-07 199.16179 214.57019
Trying G C
G:0.201744 C:0.0105008
1->2 0.0014373558 201.01131 214.57019
2->1 0.020754183 214.5702 214.57019
p1->2 2.1744359e-05 199.16188 214.5702
p2->1 0.020754183 214.57019 214.5702
Migration added
Local updates around node 1: 0 ln(lk):214.5702 
Local updates around node 2: 0 ln(lk):214.5702 
Updates in migration position: 2 ln(lk):214.65473 
Switches in migration direction: 0 ln(lk):214.65473 
Local updates around node 1: 0 ln(lk):214.65473 
Local updates around node 2: 0 ln(lk):214.65473 
Switches in migration direction: 0 ln(lk):214.65473 
Updates in migration position: 0 ln(lk):214.65473 
Trying all local rearrangements
Local rearrangements: 0 ln(lk):214.65473 
ln(likelihood):214.65542 
DONE.
