
TreeMix v. 1.13
$Revision: 231 $

npop:7 nsnp:18176136
Estimating covariance matrix in 6990 blocks of size 2600
SEED: 1607916309
Starting from:
(A:0.0629457,(B:0.0284465,D:0.0515582):0.0629457);
Adding F [4/7]
ln(likelihood): -16898.095 
((B:0.0335683,D:0.0560723):0.0415958,(A:0.0439222,F:0.0577482):0.0415958);
Adding E [5/7]
ln(likelihood): -10969.185 
((B:0.0408063,D:0.0620697):0.0175204,((A:0.0359553,F:0.0492721):0.0425023,E:0.246985):0.0175204);
Adding C [6/7]
ln(likelihood): -7759.9227 
(E:0.134146,((A:0.0326468,F:0.0462539):0.0348444,(D:0.0546623,(B:0.0191808,C:0.0113984):0.0188784):0.0369202):0.134146);
Adding G [7/7]
ln(likelihood): 38.41753 
(((E:0.170947,G:0.201633):0.0914083,(A:0.0319579,F:0.045097):0.0353364):0.0185143,(D:0.0536459,(B:0.0182829,C:0.0105006):0.019234):0.0185143);
Testing global rearrangements
E:0.170947 F:0.045097
-53921.675 38.41753
E:0.170947 D:0.0536459
-86040.877 38.41753
A:0.0319579 ((E:0.170947,G:0.201633):0.0914083,(A:0.0319579,F:0.045097):0.0353364):0.0185143
-8511.3647 38.41753
A:0.0319579 B:0.0182829
-51805.576 38.41753
A:0.0319579 (B:0.0182829,C:0.0105006):0.019234
-29342.958 38.41753
A:0.0319579 C:0.0105006
-51805.576 38.41753
(A:0.0319579,F:0.045097):0.0353364 E:0.170947
-44048.296 38.41753
F:0.045097 D:0.0536459
-31146.207 38.41753
F:0.045097 (D:0.0536459,(B:0.0182829,C:0.0105006):0.019234):0.0185143
-8511.3647 38.41753
F:0.045097 B:0.0182829
-55502.912 38.41753
F:0.045097 (B:0.0182829,C:0.0105006):0.019234
-31146.207 38.41753
F:0.045097 C:0.0105006
-55502.912 38.41753
D:0.0536459 E:0.170947
-90435.682 38.41753
D:0.0536459 (E:0.170947,G:0.201633):0.0914083
-21986.54 38.41753
D:0.0536459 G:0.201633
-90435.682 38.41753
D:0.0536459 B:0.0182829
-5103.1576 38.41753
D:0.0536459 C:0.0105006
-5103.1576 38.41753
Targeting migration to vicinity of:
F E
D G
A C
A B

A B
A C
A B
A C
D E
D G
F E
F G
Trying A B
A:0.0319579 B:0.0182829
1->2 0.01707634 54.737974 38.41753
2->1 0.063618705 148.84466 54.737974
p1->2 0.014303165 45.179814 148.84466
p2->1 0.066113293 148.48811 148.84466
A:0.0415093 (C:0.0105006,B:0.0182829):0.0195621
1->2 0.055149082 147.13144 148.84466
p1->2 0.25018033 107.98339 148.84466
p2->1 0.53994477 128.60718 148.84466
Trying A C
A:0.246135 (C:0.0105009,B:0.0182832):0.019234
A:0.246135 C:0.0105009
1->2 0.017016266 54.593985 148.84466
2->1 0.063832618 148.79585 148.84466
p1->2 0.014202423 45.09057 148.84466
Trying D E
D:0.0532558 E:0.170947
1->2 0.0025434764 38.796246 148.84466
2->1 0.02840524 107.98643 148.84466
p1->2 0.18111619 38.41753 148.84466
p2->1 0.10924691 107.98339 148.84466
D:0.0741739 (G:0.201633,E:0.170947):0.0922776
1->2 0.048598293 107.98339 148.84466
p1->2 0.9956758 38.41753 148.84466
p2->1 4.1615585e-05 38.41753 148.84466
Trying D G
D:0.0536503 G:0.201633
1->2 0.023536913 68.750436 148.84466
2->1 0.026290987 109.64531 148.84466
p1->2 0.35612994 53.654758 148.84466
D:0.0536459 (E:0.119344,G:0.566105):0.142893
Trying F E
F:0.045097 E:0.119344
1->2 0.026682585 75.334481 148.84466
2->1 0.029793506 134.92556 148.84466
p1->2 0.1776699 53.654758 148.84466
p2->1 0.24796221 128.54777 148.84466
F:0.0968083 (G:0.201633,E:0.170947):0.0930239
1->2 0.25018033 128.54777 148.84466
p2->1 4.0751289e-05 38.417511 148.84466
Trying F G
F:0.0451021 G:0.201633
1->2 3.9084634e-07 38.417456 148.84466
2->1 0.03475105 128.54768 148.84466
p1->2 0.43571407 38.41753 148.84466
F:0.045097 (E:0.100366,G:0.758314):0.161989
Migration added
Local updates around node 1: 0 ln(lk):148.84466 
Local updates around node 2: 0 ln(lk):148.84466 
Updates in migration position: 0 ln(lk):148.84466 
Switches in migration direction: 0 ln(lk):148.84466 
ln(likelihood):148.84466 
Targeting migration to vicinity of:
D G
B F
F C
D E

B F
C F
D E
D G
D E
D G
F B
F C
Trying B F
B:0.0183032 F:0.040585
1->2 0.018634498 159.46388 148.84466
2->1 0.010159736 155.95025 159.46388
p1->2 0.014252706 153.38416 159.46388
p2->1 0.011221911 152.93806 159.46388
(C:0.00975649,B:0.019438):0.0201137 F:0.0405877
2->1 0.040725101 194.63818 159.46388
p1->2 0.016859977 149.03863 194.63818
p2->1 0.56907475 190.85978 194.63818
Trying C F
C:0.0105324 F:0.0406482
1->2 0.018569048 157.82933 194.63818
2->1 0.011286461 157.69637 194.63818
p2->1 0.011093902 154.52859 194.63818
C:0.011412 (A:0.0411861,F:0.040523):0.0397186
1->2 0.10197032 190.88065 194.63818
p1->2 0.69039536 190.85978 194.63818
p2->1 0.19196916 149.03474 194.63818
(B:0.0136442,C:0.0217992):0.0242721 F:0.0405489
Trying D E
D:0.0532762 E:0.170947
1->2 3.8719494e-07 148.84461 194.63818
2->1 0.023109306 190.88253 194.63818
p1->2 0.22138484 148.84466 194.63818
p2->1 0.022640204 190.85977 194.63818
D:0.0578097 (G:0.201633,E:0.170947):0.0904384
1->2 0.39919356 190.85977 194.63818
p1->2 6.3106971e-05 148.84466 194.63818
p2->1 0.33671704 148.84466 194.63818
Trying D G
D:0.150713 G:0.201633
1->2 0.021455709 173.2711 194.63818
2->1 0.020827172 192.67031 194.63818
p1->2 0.65312707 164.77464 194.63818
D:0.0533198 (E:5.73685e-05,G:2.16587):0.260496
Trying F B
F:0.040585 B:0.0183032
F:0.040585 (B:0.0183032,C:0.0104664):0.0195778
Trying F C
F:0.040585 C:0.0104664
F:0.040585 (B:0.0183032,C:0.0104664):0.0195778
(A:0.0411333,F:0.040585):0.0389019 C:0.0104664
Migration added
Local updates around node 1: 0 ln(lk):194.63818 
Local updates around node 2: 0 ln(lk):194.63818 
Updates in migration position: 1 ln(lk):197.5246 
Switches in migration direction: 0 ln(lk):197.5246 
Local updates around node 1: 0 ln(lk):197.5246 
Local updates around node 2: 0 ln(lk):197.5246 
Switches in migration direction: 0 ln(lk):197.5246 
Updates in migration position: 0 ln(lk):197.5246 
Trying all local rearrangements
Local rearrangements: 0 ln(lk):197.5246 
ln(likelihood):197.52461 
DONE.
