
TreeMix v. 1.13
$Revision: 231 $

npop:7 nsnp:18176136
Estimating covariance matrix in 22720 blocks of size 800
SEED: 1607916592
Starting from:
((D:0.0515583,B:0.0284474):0.0629421,A:0.0629421);
Adding G [4/7]
ln(likelihood): -30776.036 
((D:0.0684335,B:0.0466316):0.018076,(A:0.0664836,G:0.275615):0.018076);
Adding C [5/7]
ln(likelihood): -40908.731 
(A:0.0339723,(G:0.272755,(D:0.0558206,(B:0.0204675,C:0.0126857):0.0192642):0.0466082):0.0339723);
Adding F [6/7]
ln(likelihood): -23962.639 
(((D:0.0539701,(B:0.0184887,C:0.0107068):0.0188793):0.035683,(A:0.0316348,F:0.0452453):0.035711):0.149843,G:0.149843);
Adding E [7/7]
ln(likelihood): -322.30797 
(((A:0.0319586,F:0.045101):0.0353316,(G:0.201633,E:0.170945):0.0914088):0.0185125,(D:0.0536457,(B:0.0182829,C:0.010501):0.0192348):0.0185125);
Testing global rearrangements
A:0.0319586 B:0.0182829
-162023.93 -322.30797
A:0.0319586 (B:0.0182829,C:0.010501):0.0192348
-93429.758 -322.30797
A:0.0319586 C:0.010501
-162023.93 -322.30797
(A:0.0319586,F:0.045101):0.0353316 E:0.170945
-138971.27 -322.30797
F:0.045101 D:0.0536457
-99092.736 -322.30797
F:0.045101 (D:0.0536457,(B:0.0182829,C:0.010501):0.0192348):0.0185125
-27323.118 -322.30797
F:0.045101 B:0.0182829
-173515.49 -322.30797
F:0.045101 (B:0.0182829,C:0.010501):0.0192348
-99092.736 -322.30797
F:0.045101 C:0.010501
-173515.49 -322.30797
G:0.201633 F:0.045101
-170119.43 -322.30797
G:0.201633 D:0.0536457
-270072.35 -322.30797
D:0.0536457 B:0.0182829
-16144.066 -322.30797
D:0.0536457 C:0.010501
-16144.066 -322.30797
Targeting migration to vicinity of:
F E
D G
B A
A C

A B
A C
B A
C A
D G
D E
F G
F E
Trying A B
A:0.0319586 (B:0.0182829,C:0.010501):0.0192348
1->2 0.055077769 19.43652 -322.30797
2->1 0.066113293 24.684215 19.43652
p1->2 0.099995285 -103.51121 24.684215
p2->1 0.21881565 -37.666136 24.684215
A:0.0676376 B:0.0182829
1->2 0.017016266 -271.1751 24.684215
2->1 0.063618705 25.771212 24.684215
p1->2 0.014252706 -301.13725 25.771212
Trying A C
A:0.0319586 (C:0.00958818,B:0.0197354):0.0199146
A:0.0319586 C:0.00958818
1->2 0.016979244 -271.51057 25.771212
2->1 0.063832618 25.627796 25.771212
p1->2 0.014171434 -301.36529 25.771212
Trying B A
(B:0.0173753,C:0.0117197):0.0199106 A:0.0319586
B:0.0173753 A:0.0319586
Trying C A
(B:0.0173753,C:0.0117197):0.0199106 A:0.0319586
C:0.0117197 A:0.0319586
Trying D E
D:0.0532566 (G:0.201633,E:0.170945):0.0912422
1->2 0.39150524 -103.51121 25.771212
2->1 0.18481079 -103.51121 25.771212
p1->2 0.0001280524 -322.30797 25.771212
p2->1 0.0026463708 -322.30797 25.771212
D:0.0539308 E:0.170945
1->2 0.0025052361 -321.14155 25.771212
2->1 0.02840524 -103.50209 25.771212
p1->2 0.68287283 -322.30797 25.771212
Trying D G
D:0.0536457 (G:0.00480193,E:2.32044):0.28824
D:0.0536457 G:0.00480193
1->2 0.023670606 -226.39124 25.771212
2->1 0.026290987 -98.216964 25.771212
p1->2 0.50060552 -274.76531 25.771212
Trying F E
F:0.045101 (E:0.0780022,G:0.993645):0.184233
1->2 0.078036837 -37.666136 25.771212
2->1 0.25744852 -37.666136 25.771212
p2->1 4.0751289e-05 -322.30803 25.771212
F:0.0451061 E:0.170945
1->2 0.026682585 -206.07949 25.771212
2->1 0.029793506 -17.847492 25.771212
p1->2 0.099995285 -274.76531 25.771212
Trying F G
F:0.045101 (G:0.190934,E:0.222841):0.102227
F:0.045101 G:0.190934
1->2 3.9084634e-07 -322.30818 25.771212
2->1 0.03475105 -37.666124 25.771212
p1->2 0.42054057 -322.30797 25.771212
Migration added
Local updates around node 1: 0 ln(lk):25.771212 
Local updates around node 2: 0 ln(lk):25.771212 
Updates in migration position: 0 ln(lk):25.771212 
Switches in migration direction: 0 ln(lk):25.771212 
ln(likelihood):25.77122 
Targeting migration to vicinity of:
D G
B F
C F
D E

B F
C F
B F
C F
D G
D E
D G
D E
Trying B F
(C:0.0104669,B:0.0183032):0.0195786 F:0.0405894
1->2 0.014252706 40.087664 25.77122
2->1 0.040638626 170.06551 40.087664
p1->2 0.096514925 26.348209 170.06551
p2->1 0.56907475 157.95845 170.06551
B:0.0183147 (A:0.0410752,F:0.0406527):0.0408116
1->2 0.10177718 158.02317 170.06551
2->1 0.011157725 38.621472 170.06551
p1->2 0.69039536 157.95843 170.06551
p2->1 0.23425055 28.865698 170.06551
B:0.0389977 F:0.040478
1->2 0.018569048 59.076743 170.06551
2->1 0.010123746 48.113692 170.06551
Trying C F
(C:0.00974048,B:0.0193975):0.0201208 F:0.0406736
C:0.00974048 (A:0.041044,F:0.0406736):0.0397159
1->2 0.10177718 158.02317 170.06551
2->1 0.011093902 43.580281 170.06551
p2->1 0.00055847154 25.803593 170.06551
C:0.0105061 F:0.0405884
1->2 0.018528711 53.939144 170.06551
2->1 0.011221911 53.550618 170.06551
Trying D E
D:0.0529079 E:0.170945
1->2 3.8719494e-07 25.77106 170.06551
2->1 0.023109306 158.02813 170.06551
p1->2 0.17986722 25.771224 170.06551
p2->1 0.022640204 157.95842 170.06551
D:0.057809 (G:0.201633,E:0.170945):0.0904386
1->2 0.3979882 157.95842 170.06551
p1->2 0.00012879728 25.771224 170.06551
p2->1 0.33671704 25.771224 170.06551
Trying D G
D:0.150714 (G:0.201633,E:0.170945):0.0897449
D:0.150714 G:0.201633
1->2 0.021531111 102.8537 170.06551
2->1 0.020754183 163.70383 170.06551
p1->2 0.65312707 75.434068 170.06551
Migration added
Local updates around node 1: 0 ln(lk):170.06551 
Local updates around node 2: 0 ln(lk):170.06551 
Updates in migration position: 1 ln(lk):179.29807 
Switches in migration direction: 0 ln(lk):179.29807 
Local updates around node 1: 0 ln(lk):179.29807 
Local updates around node 2: 0 ln(lk):179.29807 
Switches in migration direction: 0 ln(lk):179.29807 
Updates in migration position: 0 ln(lk):179.29807 
Trying all local rearrangements
Local rearrangements: 0 ln(lk):179.29807 
ln(likelihood):179.29811 
Targeting migration to vicinity of:
F E
A E
B G
G C

A E
F E
B G
D G
C G
A E
F E
G B
G D
G C
Trying A E
A:0.0433295 E:0.170945
1->2 0.028990248 229.39827 179.29811
2->1 0.0033183794 191.20707 229.39827
p1->2 0.40270579 229.29918 229.39827
p2->1 0.0008357527 179.29811 229.39827
Trying B G
B:0.0182829 G:0.201633
1->2 0.021185054 225.131 229.39827
2->1 0.0012034889 183.12431 229.39827
p1->2 0.022929015 227.31948 229.39827
p2->1 3.0968394e-07 179.2981 229.39827
(C:0.010501,B:0.0182829):0.0239223 G:0.201633
2->1 0.0036468189 203.35171 229.39827
p1->2 0.65758699 229.28103 229.39827
p2->1 3.0968394e-07 179.29811 229.39827
Trying C G
(C:0.010501,B:0.0182829):0.0239224 G:0.201633
C:0.010501 G:0.201633
1->2 0.021185054 225.131 229.39827
2->1 0.0011743098 182.87503 229.39827
p2->1 3.4060465e-06 179.29815 229.39827
Trying D G
D:0.0506663 G:0.201633
1->2 0.030130707 229.29954 229.39827
2->1 0.0024445727 184.82365 229.39827
p2->1 0.0008357527 179.29811 229.39827
Trying F E
F:0.039781 E:0.170945
1->2 0.020754183 223.47094 229.39827
2->1 0.0036049047 192.353 229.39827
p2->1 3.0968394e-07 179.29811 229.39827
Trying G B
G:0.201633 B:0.0182829
G:0.201633 (B:0.0182829,C:0.010501):0.0239223
Trying G C
G:0.201633 (B:0.0182829,C:0.010501):0.0239223
G:0.201633 C:0.010501
Trying G D
G:0.201633 D:0.0506665
Migration added
Local updates around node 1: 0 ln(lk):229.39827 
Local updates around node 2: 0 ln(lk):229.39827 
Updates in migration position: 0 ln(lk):229.39827 
Switches in migration direction: 0 ln(lk):229.39827 
ln(likelihood):229.46406 
Targeting migration to vicinity of:
D E
B G
G C
A G

B G
D E
C G
B G
D E
C G
G B
G C
E D
Trying B G
B:0.0182829 G:0.198534
1->2 0.00022978502 229.47015 229.46406
2->1 3.3285003e-05 229.46688 229.47015
p1->2 0.00022632237 229.46818 229.47015
p2->1 1.6942953e-06 229.46406 229.47015
(C:0.0105009,B:0.0182831):0.0232884 G:0.198534
2->1 7.6540469e-05 229.47751 229.47015
p1->2 0.099995285 229.46417 229.47751
p2->1 4.9713737e-05 229.46424 229.47751
Trying C G
C:0.010501 G:0.198534
1->2 0.00025498722 229.46958 229.47751
2->1 3.2289227e-05 229.46669 229.47751
p2->1 2.2804268e-06 229.46406 229.47751
(B:0.0182827,C:0.0105012):0.0232885 G:0.198534
Trying D E
D:0.050973 E:0.18427
1->2 0.00034316847 229.47861 229.47751
2->1 0.00020395275 229.49404 229.47861
p1->2 1.7129389e-05 229.46407 229.49404
p2->1 0.28884163 229.46417 229.49404
Trying E D
E:0.18427 D:0.12407
Trying G B
G:0.198534 B:0.0182829
G:0.198534 (B:0.0182829,C:0.010501):0.00673007
Trying G C
G:0.198534 C:0.010501
G:0.198534 (B:0.0182829,C:0.010501):0.00673007
Migration added
Local updates around node 1: 0 ln(lk):229.49404 
Local updates around node 2: 0 ln(lk):229.49404 
Updates in migration position: 0 ln(lk):229.49404 
Switches in migration direction: 0 ln(lk):229.49404 
ln(likelihood):229.49736 
DONE.
