
TreeMix v. 1.13
$Revision: 231 $

npop:7 nsnp:18176136
Estimating covariance matrix in 4783 blocks of size 3800
SEED: 1607916169
Starting from:
((D:0.047852,C:0.0169062):0.0704314,F:0.0704314);
Adding G [4/7]
ln(likelihood): -5974.7519 
((D:0.0676102,C:0.0379754):0.0195917,(F:0.0786175,G:0.273919):0.0195917);
Adding B [5/7]
ln(likelihood): -10775.556 
(F:0.040556,(G:0.271125,(D:0.0550311,(C:0.0118763,B:0.0196584):0.0192053):0.0470867):0.040556);
Adding A [6/7]
ln(likelihood): -5145.5561 
(((D:0.0539701,(C:0.0107066,B:0.0184886):0.0188791):0.035684,(F:0.0452437,A:0.0316351):0.0357126):0.149842,G:0.149842);
Adding E [7/7]
ln(likelihood): 87.933466 
(((D:0.0536458,(C:0.0105008,B:0.0182828):0.0192347):0.037026,(G:0.201633,E:0.170947):0.0914083):0.0176665,(F:0.0450994,A:0.0319589):0.0176665);
Testing global rearrangements
D:0.0536458 G:0.201633
-62165.825 87.933466
D:0.0536458 (G:0.201633,E:0.170947):0.0914083
-15059.542 87.933466
D:0.0536458 E:0.170947
-62165.825 87.933466
(D:0.0536458,(C:0.0105008,B:0.0182828):0.0192347):0.037026 A:0.0319589
-5784.6187 87.933466
C:0.0105008 (D:0.0536458,(C:0.0105008,B:0.0182828):0.0192347):0.037026
-3458.2417 87.933466
C:0.0105008 G:0.201633
-93851.516 87.933466
C:0.0105008 (G:0.201633,E:0.170947):0.0914083
-33087.255 87.933466
C:0.0105008 E:0.170947
-93851.516 87.933466
G:0.201633 F:0.0450994
-37011.19 87.933466
F:0.0450994 D:0.0536458
-21331.013 87.933466
F:0.0450994 (D:0.0536458,(C:0.0105008,B:0.0182828):0.0192347):0.037026
-5784.6187 87.933466
F:0.0450994 C:0.0105008
-38134.439 87.933466
F:0.0450994 (C:0.0105008,B:0.0182828):0.0192347
-21331.013 87.933466
F:0.0450994 B:0.0182828
-38134.439 87.933466
(F:0.0450994,A:0.0319589):0.0176665 E:0.170947
-30227.514 87.933466
A:0.0319589 D:0.0536458
-20089.879 87.933466
A:0.0319589 (D:0.0536458,(C:0.0105008,B:0.0182828):0.0192347):0.037026
-5784.6187 87.933466
A:0.0319589 C:0.0105008
-35587.353 87.933466
A:0.0319589 (C:0.0105008,B:0.0182828):0.0192347
-20089.879 87.933466
A:0.0319589 B:0.0182828
-35587.353 87.933466
Targeting migration to vicinity of:
F E
D G
B A
C A

C A
B A
C A
B A
D G
D E
F G
F E
Trying B A
B:0.0182828 A:0.0319589
1->2 0.063618705 163.87335 87.933466
2->1 0.01707634 99.155622 163.87335
p1->2 0.066250235 163.62875 163.87335
p2->1 0.014303165 92.581338 163.87335
(C:0.00958466,B:0.0197406):0.0199169 A:0.0319589
2->1 0.055264656 162.672 163.87335
p1->2 0.4061625 149.91332 163.87335
p2->1 0.49835891 135.73663 163.87335
Trying C A
C:0.0105008 A:0.0319589
1->2 0.063832618 163.83966 163.87335
2->1 0.017016266 99.05389 163.87335
p2->1 0.014202423 92.518724 163.87335
(B:0.0173732,C:0.0117222):0.019912 A:0.0319589
Trying D E
D:0.0532557 E:0.170947
1->2 0.0025288016 88.193918 163.87335
2->1 0.02840524 135.73876 163.87335
p1->2 0.42046553 87.933466 163.87335
p2->1 0.051945686 135.73663 163.87335
D:0.0632004 (G:0.201633,E:0.170947):0.0922774
1->2 0.33689713 135.73663 163.87335
p2->1 4.0751289e-05 87.933454 163.87335
Trying D G
D:0.0536517 G:0.201633
1->2 0.023536913 108.76274 163.87335
2->1 0.026290987 136.87776 163.87335
p1->2 0.099995285 98.417761 163.87335
D:0.0536458 (E:0.160009,G:0.261021):0.102227
Trying F E
F:0.0450994 E:0.160009
1->2 0.026589634 113.30753 163.87335
2->1 0.029793506 154.30445 163.87335
p1->2 0.10342383 98.417761 163.87335
p2->1 0.046632897 149.91332 163.87335
F:0.0527717 (G:0.201633,E:0.170947):0.0930244
1->2 0.45919013 149.91332 163.87335
p1->2 0.3969771 87.933466 163.87335
p2->1 4.0751289e-05 87.933466 163.87335
Trying F G
F:0.0451031 G:0.201633
1->2 3.8719494e-07 87.933416 163.87335
2->1 0.03475105 149.9133 163.87335
p1->2 0.0020163679 87.933466 163.87335
F:0.0450994 (E:0.170762,G:0.202634):0.091593
Migration added
Local updates around node 1: 0 ln(lk):163.87335 
Local updates around node 2: 0 ln(lk):163.87335 
Updates in migration position: 0 ln(lk):163.87335 
Switches in migration direction: 0 ln(lk):163.87335 
ln(likelihood):163.87335 
DONE.
