
TreeMix v. 1.13
$Revision: 231 $

npop:7 nsnp:18176136
Estimating covariance matrix in 12982 blocks of size 1400
SEED: 1607916450
Starting from:
((G:0.267748,A:0.0610741):0.0374819,B:0.0374819);
Adding D [4/7]
ln(likelihood): -17946.249 
((G:0.275614,A:0.0664854):0.0180772,(B:0.0466315,D:0.0684339):0.0180772);
Adding E [5/7]
ln(likelihood): -2944.705 
((A:0.0619661,(G:0.202848,E:0.172222):0.0956755):0.0170732,(B:0.0366287,D:0.0572155):0.0170732);
Adding F [6/7]
ln(likelihood): -126.29926 
(B:0.018817,(D:0.0537542,((G:0.201903,E:0.171102):0.0910609,(A:0.0321457,F:0.0449892):0.0356821):0.037078):0.018817);
Adding C [7/7]
ln(likelihood): -99.367716 
((B:0.0182829,(D:0.0536459,((G:0.201633,E:0.170947):0.0914086,(A:0.0319586,F:0.0450985):0.0353344):0.0370272):0.0192344):0.00525041,C:0.00525041);
Testing global rearrangements
B:0.0182829 A:0.0319586
-109716.08 -99.367716
B:0.0182829 C:0.00525041
-99.367716 -99.367716
D:0.0536459 G:0.201633
-165844.53 -99.367716
D:0.0536459 (G:0.201633,E:0.170947):0.0914086
-40484.698 -99.367716
D:0.0536459 E:0.170947
-165844.53 -99.367716
E:0.170947 F:0.0450985
-99051.937 -99.367716
A:0.0319586 B:0.0182829
-94846.108 -99.367716
A:0.0319586 D:0.0536459
-54137.76 -99.367716
A:0.0319586 C:0.00525041
-94846.108 -99.367716
(A:0.0319586,F:0.0450985):0.0353344 E:0.170947
-80931.762 -99.367716
F:0.0450985 B:0.0182829
-101595.39 -99.367716
F:0.0450985 D:0.0536459
-57443.215 -99.367716
F:0.0450985 ((G:0.201633,E:0.170947):0.0914086,(A:0.0319586,F:0.0450985):0.0353344):0.0370272
-15801.468 -99.367716
F:0.0450985 C:0.00525041
-101595.39 -99.367716
C:0.00525041 B:0.0182829
-99.367716 -99.367716
C:0.00525041 D:0.0536459
-9447.187 -99.367716
Targeting migration to vicinity of:
E F
G D
A C
A B

A B
A C
A B
A C
G F
E F
G D
E D
Trying A B
A:0.0319586 B:0.0182829
1->2 0.017016266 -69.490478 -99.367716
2->1 0.063618705 103.28884 -69.490478
p1->2 0.014252706 -86.99188 103.28884
p2->1 0.063832618 103.20145 103.28884
Trying A C
A:0.0411668 C:0.0042391
1->2 0.016979244 -69.730143 103.28884
2->1 0.063832618 103.20145 103.28884
p1->2 0.014171434 -87.144679 103.28884
Trying E D
E:0.170947 D:0.0532567
1->2 0.02840524 28.186386 103.28884
2->1 0.0025434764 -98.679313 103.28884
p1->2 0.046731509 28.180952 103.28884
p2->1 3.8719494e-07 -99.368293 103.28884
(G:0.201633,E:0.170947):0.0914086 D:0.0536459
2->1 0.3970964 28.180952 103.28884
p2->1 4.0751289e-05 -99.367755 103.28884
Trying E F
E:0.170947 F:0.0450985
1->2 0.029793506 77.802105 103.28884
2->1 0.026682585 -31.656986 103.28884
p1->2 0.39974564 66.164602 103.28884
p2->1 0.046731509 -71.524258 103.28884
(G:0.196646,E:0.193313):0.0965149 F:0.0450985
2->1 0.17986722 66.164634 103.28884
p1->2 4.0751289e-05 -99.367791 103.28884
Trying G D
(G:0.201633,E:0.170947):0.0914086 D:0.0536459
G:0.201633 D:0.0536459
1->2 0.026290987 31.242592 103.28884
2->1 0.023619452 -43.631191 103.28884
p2->1 0.030857163 -71.502244 103.28884
Trying G F
(E:0.167322,G:0.218403):0.0949176 F:0.0450985
G:0.218403 F:0.0450985
1->2 0.03475105 66.164549 103.28884
2->1 3.9084634e-07 -99.367828 103.28884
p2->1 0.39786881 -99.367716 103.28884
Migration added
Local updates around node 1: 0 ln(lk):103.28884 
Local updates around node 2: 0 ln(lk):103.28884 
Updates in migration position: 0 ln(lk):103.28884 
Switches in migration direction: 0 ln(lk):103.28884 
ln(likelihood):103.28884 
Targeting migration to vicinity of:
G D
B F
F C
D E

B F
C F
D G
D E
F B
F C
G D
E D
Trying B F
B:0.0183032 F:0.0405867
1->2 0.018634498 122.7363 103.28884
2->1 0.010159736 116.31468 122.7363
p1->2 0.018569048 119.73997 122.7363
p2->1 0.011182198 110.7878 122.7363
B:0.0194338 (A:0.0411288,F:0.0405894):0.0396642
1->2 0.10177718 180.36851 122.7363
p1->2 0.10177718 180.36851 180.36851
p2->1 0.23671019 105.13527 180.36851
Trying C F
C:0.00222128 F:0.0404738
1->2 0.018569048 119.73997 180.36851
2->1 0.011261761 119.50274 180.36851
p2->1 0.011093902 113.69425 180.36851
C:0.0057061 (A:0.0411866,F:0.0405247):0.0397163
1->2 0.10177718 180.36851 180.36851
p2->1 0.19058588 103.626 180.36851
Trying D E
D:0.0532767 (G:0.201633,E:0.170947):0.0897172
1->2 0.040413067 180.33058 180.36851
2->1 0.040413067 180.33058 180.36851
p1->2 4.0751289e-05 103.28881 180.36851
D:0.0533199 E:0.170947
1->2 5.6427712e-07 103.28877 180.36851
2->1 0.023109306 180.37172 180.36851
p1->2 3.8719494e-07 103.28824 180.37172
(((A:0.0411339,F:0.0405867):0.0395142,(G:0.201633,E:0.170947):0.0897447):0.038574,D:0.0533199):0.0195782 E:0.170947
p1->2 3.8719494e-07 103.28765 180.37172
Trying D G
D:0.0533199 G:0.201633
1->2 0.021455709 148.13465 180.37172
2->1 0.020827172 183.66081 180.37172
p1->2 0.031247443 132.39166 183.66081
D:0.0533198 (E:0.167282,G:0.218617):0.0932713
Trying E D
(E:0.167282,G:0.218617):0.0932713 D:0.0533198
E:0.167282 D:0.0533198
Trying F B
F:0.0405867 B:0.0183032
(A:0.0411339,F:0.0405867):0.038902 B:0.0183032
Trying F C
F:0.0405867 C:0.00523334
(A:0.0411339,F:0.0405867):0.038902 C:0.00523334
Trying G D
G:0.218617 D:0.0533198
(E:0.167282,G:0.218617):0.0932713 D:0.0533198
Migration added
Local updates around node 1: 0 ln(lk):183.66081 
Local updates around node 2: 0 ln(lk):183.66081 
Updates in migration position: 4 ln(lk):195.76285 
Switches in migration direction: 0 ln(lk):195.76285 
Local updates around node 1: 0 ln(lk):195.76285 
Local updates around node 2: 0 ln(lk):195.76285 
Switches in migration direction: 0 ln(lk):195.76285 
Updates in migration position: 0 ln(lk):195.76285 
Trying all local rearrangements
Local rearrangements: 0 ln(lk):195.76285 
ln(likelihood):195.78542 
Targeting migration to vicinity of:
A E
G B
G C
E F

A E
F E
E A
E F
G B
G C
G B
G C
Trying A E
A:0.0426751 E:0.170837
1->2 0.030577701 221.55557 195.78542
2->1 0.0023008205 200.09304 221.55557
p1->2 0.030512087 221.11462 221.55557
p2->1 0.0009253035 195.78519 221.55557
(F:0.0401294,A:0.0428017):0.0390531 E:0.170837
2->1 0.099995285 221.54513 221.55557
p1->2 0.011671776 195.78878 221.55557
Trying E A
E:0.175981 A:0.0426741
E:0.175981 (F:0.0401714,A:0.0426741):0.0390137
Trying E F
E:0.175981 F:0.0401714
1->2 0.002680829 200.87704 221.55557
2->1 0.030577701 221.55557 221.55557
p1->2 4.0751289e-05 195.78542 221.55557
E:0.170837 (A:0.0426735,F:0.0401751):0.0390138
Trying F E
F:0.0401751 E:0.170837
(A:0.0426735,F:0.0401751):0.0390138 E:0.170837
Trying G B
G:0.201745 B:0.0182829
1->2 0.0014816187 199.14227 221.55557
2->1 0.020754183 221.79944 221.55557
p1->2 3.0968394e-07 195.78542 221.79944
p2->1 0.020754183 221.79945 221.79944
Trying G C
G:0.213005 C:0.0052504
1->2 0.0014322192 198.90218 221.79945
2->1 0.020754183 221.79945 221.79945
p1->2 1.63079e-05 195.7855 221.79945
Migration added
Local updates around node 1: 0 ln(lk):221.79945 
Local updates around node 2: 0 ln(lk):221.79945 
Updates in migration position: 0 ln(lk):221.79945 
Switches in migration direction: 0 ln(lk):221.79945 
ln(likelihood):221.99351 
DONE.
