
TreeMix v. 1.13
$Revision: 231 $

npop:7 nsnp:18176136
Estimating covariance matrix in 5048 blocks of size 3600
SEED: 1607916592
Starting from:
((D:0.0515577,B:0.0284455):0.062948,A:0.062948);
Adding G [4/7]
ln(likelihood): -7069.5063 
((D:0.0684338,B:0.0466307):0.0180794,(A:0.0664878,G:0.275613):0.0180794);
Adding C [5/7]
ln(likelihood): -9314.0688 
(A:0.0339756,(G:0.272754,(D:0.0558203,(B:0.020467,C:0.0126848):0.0192628):0.0466147):0.0339756);
Adding F [6/7]
ln(likelihood): -5432.7547 
(((D:0.0539699,(B:0.0184883,C:0.0107062):0.018878):0.0356888,(A:0.031634,F:0.0452394):0.0357188):0.149842,G:0.149842);
Adding E [7/7]
ln(likelihood): 82.095859 
((A:0.0319577,F:0.0450952):0.0176696,((G:0.201632,E:0.170948):0.0914093,(D:0.0536454,(B:0.0182824,C:0.0105003):0.0192336):0.0370308):0.0176696);
Testing global rearrangements
A:0.0319577 B:0.0182824
-37565.919 82.095859
A:0.0319577 (B:0.0182824,C:0.0105003):0.0192336
-21217.294 82.095859
A:0.0319577 C:0.0105003
-37565.919 82.095859
(A:0.0319577,F:0.0450952):0.0176696 E:0.170948
-31892.67 82.095859
F:0.0450952 D:0.0536454
-22526.209 82.095859
F:0.0450952 (D:0.0536454,(B:0.0182824,C:0.0105003):0.0192336):0.0370308
-6115.8666 82.095859
F:0.0450952 B:0.0182824
-40252.116 82.095859
F:0.0450952 (B:0.0182824,C:0.0105003):0.0192336
-22526.209 82.095859
F:0.0450952 C:0.0105003
-40252.116 82.095859
G:0.201632 F:0.0450952
-39054.257 82.095859
G:0.201632 D:0.0536454
-62389.63 82.095859
D:0.0536454 B:0.0182824
-3658.0019 82.095859
D:0.0536454 C:0.0105003
-3658.0019 82.095859
Targeting migration to vicinity of:
F E
D G
B A
A C

A B
A C
B A
C A
D G
D E
F G
F E
Trying A B
A:0.0319577 B:0.0182824
1->2 0.01707634 93.9349 82.095859
2->1 0.063618705 162.15367 93.9349
p1->2 0.014303165 87.00094 162.15367
p2->1 0.066113293 161.8929 162.15367
A:0.0415094 (C:0.0105003,B:0.0182824):0.0195617
1->2 0.055264656 160.96379 162.15367
p1->2 0.25018033 132.55849 162.15367
p2->1 0.20468213 147.41524 162.15367
Trying A C
A:0.0645006 C:0.0105003
1->2 0.017016266 93.827188 162.15367
2->1 0.063832618 162.11781 162.15367
p1->2 0.014202423 86.934697 162.15367
A:0.0319577 (B:0.0173728,C:0.0117218):0.019911
Trying B A
B:0.0173728 A:0.0319577
(B:0.0173728,C:0.0117218):0.019911 A:0.0319577
Trying C A
C:0.0117218 A:0.0319577
(B:0.0173728,C:0.0117218):0.019911 A:0.0319577
Trying D E
D:0.0532553 E:0.170948
1->2 0.0025288016 82.370737 162.15367
2->1 0.028504353 132.56069 162.15367
p1->2 0.43606377 82.095859 162.15367
p2->1 0.052354887 132.55849 162.15367
D:0.0632718 (G:0.201632,E:0.170948):0.0922787
1->2 0.053587563 132.55849 162.15367
p2->1 4.0751289e-05 82.095846 162.15367
Trying D G
D:0.0536513 G:0.201632
1->2 0.023536913 104.08372 162.15367
2->1 0.026290987 133.76307 162.15367
p1->2 0.37356812 93.157889 162.15367
D:0.0536454 (E:0.115366,G:0.602096):0.146872
Trying F E
F:0.0450952 E:0.115366
1->2 0.026589634 108.87508 162.15367
2->1 0.029793506 152.04755 162.15367
p1->2 0.49836951 93.157889 162.15367
p2->1 0.3421469 147.41524 162.15367
F:0.133849 (G:0.201632,E:0.170948):0.0930245
1->2 0.17967483 147.41524 162.15367
p1->2 0.00028031008 82.095859 162.15367
p2->1 4.0751289e-05 82.095859 162.15367
Trying F G
F:0.0450989 G:0.201632
1->2 3.8719494e-07 82.095805 162.15367
2->1 0.03475105 147.41513 162.15367
p1->2 0.016859977 82.095859 162.15367
F:0.0450952 (E:0.16938,G:0.210202):0.0929768
Migration added
Local updates around node 1: 0 ln(lk):162.15367 
Local updates around node 2: 0 ln(lk):162.15367 
Updates in migration position: 0 ln(lk):162.15367 
Switches in migration direction: 0 ln(lk):162.15367 
ln(likelihood):162.15367 
Targeting migration to vicinity of:
D G
B F
C F
D E

B F
C F
B F
C F
D G
D E
D G
D E
Trying B F
B:0.0183027 F:0.0405829
1->2 0.018634498 169.86597 162.15367
2->1 0.010159736 167.30608 169.86597
p1->2 0.014252706 165.45065 169.86597
p2->1 0.011221911 165.12166 169.86597
Trying C F
C:0.00975616 F:0.0405856
1->2 0.018634498 168.68033 169.86597
2->1 0.011286461 168.57453 169.86597
p2->1 0.011093902 166.27722 169.86597
C:0.0114117 (A:0.0411861,F:0.0405209):0.0198608
1->2 0.10197032 192.64771 169.86597
p1->2 0.69039536 192.63262 192.64771
Trying D E
D:0.0523275 (G:0.201632,E:0.170948):3.97301e-05
1->2 0.10792446 192.63261 192.64771
2->1 0.11444625 192.63261 192.64771
p2->1 4.0751289e-05 162.15366 192.64771
D:0.0533253 E:0.170948
1->2 3.9084634e-07 162.15363 192.64771
2->1 0.023109306 192.64908 192.64771
p1->2 0.42102641 162.15367 192.64908
Trying D G
D:0.0533194 (G:0.13637,E:0.622692):0.155007
D:0.0533194 G:0.13637
1->2 0.021455709 179.86471 192.64908
2->1 0.020827172 193.9453 192.64908
p1->2 0.24590679 173.71957 193.9453
Migration added
Local updates around node 1: 0 ln(lk):193.9453 
Local updates around node 2: 0 ln(lk):193.9453 
Updates in migration position: 4 ln(lk):198.67996 
Switches in migration direction: 0 ln(lk):198.67996 
Local updates around node 1: 0 ln(lk):198.67996 
Local updates around node 2: 0 ln(lk):198.67996 
Switches in migration direction: 0 ln(lk):198.67996 
Updates in migration position: 0 ln(lk):198.67996 
Trying all local rearrangements
Local rearrangements: 0 ln(lk):198.67996 
ln(likelihood):198.68968 
Targeting migration to vicinity of:
A E
B G
G C
F E

A E
F E
B G
C G
A E
F E
G B
G C
Trying A E
(A:0.0426742,F:0.0401669):0.0195087 E:0.170838
1->2 0.030512087 208.76254 198.68968
2->1 0.30637521 208.92487 208.76254
p2->1 0.99987155 198.68974 208.92487
A:0.0426755 E:0.170838
1->2 0.030577701 208.92925 208.92487
2->1 0.0023141752 200.40972 208.92925
p2->1 0.46867251 198.69159 208.92925
Trying B G
(C:0.0105003,B:0.0182825):0.0166474 G:0.201744
1->2 0.029420836 209.03188 208.92925
2->1 0.0047838055 207.31498 209.03188
p1->2 0.069964387 209.08949 209.03188
p2->1 3.0968394e-07 198.68968 209.08949
B:0.0182824 G:0.201744
1->2 0.020754183 209.02608 209.08949
2->1 0.0014816187 200.02466 209.08949
p2->1 3.0968394e-07 198.68967 209.08949
Trying C G
(C:0.0105002,B:0.0182825):0.0166461 G:0.201744
C:0.0105002 G:0.201744
1->2 0.020754183 209.02608 209.08949
2->1 0.0014373558 199.92717 209.08949
p2->1 1.1295716e-05 198.68969 209.08949
Trying F E
(F:0.040167,A:0.0426741):0.0195085 E:0.170838
F:0.040167 E:0.170838
1->2 0.030577701 208.92925 209.08949
2->1 0.0026963835 200.71772 209.08949
p2->1 0.051593695 198.68968 209.08949
Trying G B
G:0.201744 (B:0.0182824,C:0.0105003):0.0166461
G:0.201744 B:0.0182824
Trying G C
G:0.201744 (B:0.0182824,C:0.0105003):0.0166461
G:0.201744 C:0.0105003
Migration added
Local updates around node 1: 0 ln(lk):209.08949 
Local updates around node 2: 0 ln(lk):209.08949 
Updates in migration position: 0 ln(lk):209.08949 
Switches in migration direction: 0 ln(lk):209.08949 
ln(likelihood):209.09037 
Targeting migration to vicinity of:
A E
G F
B G
G C

A E
F G
G F
E A
Trying A E
A:0.0427111 E:0.163202
1->2 0.0014955701 209.10888 209.09037
2->1 0.00018207697 209.09913 209.10888
p1->2 4.0751289e-05 209.09037 209.10888
p2->1 0.47170356 209.09037 209.10888
Trying E A
E:0.163202 A:0.260709
Trying F G
F:0 G:0.241959
1->2 0.001643893 209.10998 209.10888
2->1 0.00018836523 209.10269 209.10998
p1->2 6.793467e-05 209.09037 209.10998
p2->1 3.6306955e-07 209.09037 209.10998
Trying G F
G:0.241959 F:0.0401574
Migration added
Local updates around node 1: 0 ln(lk):209.10998 
Local updates around node 2: 0 ln(lk):209.10998 
Updates in migration position: 0 ln(lk):209.10998 
Switches in migration direction: 0 ln(lk):209.10998 
ln(likelihood):209.11822 
DONE.
