
TreeMix v. 1.13
$Revision: 231 $

npop:7 nsnp:18176136
Estimating covariance matrix in 9088 blocks of size 2000
SEED: 1607916735
Starting from:
((D:0.0720052,E:0.247829):0.0247766,C:0.0247766);
Adding F [4/7]
ln(likelihood): -28802.82 
((D:0.082066,E:0.257626):0,(C:0.0524315,F:0.0927649):0);
Adding A [5/7]
ln(likelihood): -33683.346 
((D:0.077044,E:0.253199):0,(C:0.0479995,(F:0.0495885,A:0.0362682):0.0543032):0);
Adding B [6/7]
ln(likelihood): -10069.777 
((((C:0.0113989,B:0.0191807):0.0188793,D:0.0546621):0.0369166,(F:0.046258,A:0.0326475):0.0348396):0.134145,E:0.134145);
Adding G [7/7]
ln(likelihood): -9.6439125 
(((F:0.045101,A:0.0319586):0.0353316,(E:0.170945,G:0.201633):0.0914088):0.0185125,((C:0.010501,B:0.0182829):0.0192348,D:0.0536457):0.0185125);
Testing global rearrangements
F:0.045101 E:0.170945
-69123.738 -9.6439125
F:0.045101 (E:0.170945,G:0.201633):0.0914088
-11077.99 -9.6439125
F:0.045101 G:0.201633
-69123.738 -9.6439125
(F:0.045101,A:0.0319586):0.0353316 C:0.010501
-63552.19 -9.6439125
(F:0.045101,A:0.0319586):0.0353316 (C:0.010501,B:0.0182829):0.0192348
-28513.462 -9.6439125
(F:0.045101,A:0.0319586):0.0353316 B:0.0182829
-63552.19 -9.6439125
A:0.0319586 E:0.170945
-69933.491 -9.6439125
A:0.0319586 (E:0.170945,G:0.201633):0.0914088
-11077.99 -9.6439125
A:0.0319586 G:0.201633
-69933.491 -9.6439125
C:0.010501 F:0.045101
-77656.726 -9.6439125
C:0.010501 (F:0.045101,A:0.0319586):0.0353316
-62124.839 -9.6439125
C:0.010501 A:0.0319586
-77656.726 -9.6439125
C:0.010501 ((C:0.010501,B:0.0182829):0.0192348,D:0.0536457):0.0185125
-6643.5619 -9.6439125
D:0.0536457 F:0.045101
-41452.929 -9.6439125
D:0.0536457 (F:0.045101,A:0.0319586):0.0353316
-28513.462 -9.6439125
D:0.0536457 A:0.0319586
-41452.929 -9.6439125
D:0.0536457 ((F:0.045101,A:0.0319586):0.0353316,(E:0.170945,G:0.201633):0.0914088):0.0185125
-9.6439125 -9.6439125
D:0.0536457 E:0.170945
-117056.87 -9.6439125
D:0.0536457 (E:0.170945,G:0.201633):0.0914088
-28513.462 -9.6439125
D:0.0536457 G:0.201633
-117056.87 -9.6439125
Targeting migration to vicinity of:
E F
D G
C A
A B

A C
A B
C A
B A
D E
D G
E F
G F
Trying A B
A:0.0319586 (C:0.010501,B:0.0182829):0.0192348
1->2 0.055149082 131.02471 -9.6439125
2->1 0.066250235 132.95836 131.02471
p1->2 0.39810762 80.337426 132.95836
p2->1 0.12586832 107.19154 132.95836
A:0.0499172 B:0.0182829
1->2 0.01707634 11.461847 132.95836
2->1 0.063618705 133.41458 132.95836
p1->2 0.014303165 -0.90464378 133.41458
Trying A C
A:0.0319586 C:0.0095849
1->2 0.017016266 11.280788 133.41458
2->1 0.063832618 133.35222 133.41458
p1->2 0.014171434 -1.0177272 133.41458
A:0.0319586 (B:0.0173753,C:0.0117197):0.0199106
Trying B A
(B:0.0173753,C:0.0117197):0.0199106 A:0.0319586
B:0.0173753 A:0.0319586
Trying C A
C:0.0117197 A:0.0319586
(B:0.0173753,C:0.0117197):0.0199106 A:0.0319586
Trying D E
D:0.0532566 E:0.170945
1->2 0.0025288016 -9.1569602 133.41458
2->1 0.02840524 80.341398 133.41458
p1->2 0.65098524 -9.6439125 133.41458
p2->1 0.048598293 80.337426 133.41458
D:0.0626242 (G:0.201633,E:0.170945):0.0922778
1->2 0.058326188 80.337426 133.41458
p1->2 0.9928323 -9.6439125 133.41458
p2->1 0.099995285 -9.6439125 133.41458
Trying D G
D:0.0662286 (G:0.201633,E:0.170945):0.0914088
D:0.0662286 G:0.201633
1->2 0.023536913 29.631764 133.41458
2->1 0.026290987 82.493292 133.41458
p1->2 0.3970964 10.045386 133.41458
Trying E F
E:0.109632 F:0.045101
1->2 0.029793506 115.42829 133.41458
2->1 0.026682585 38.145999 133.41458
p1->2 0.071489401 107.19154 133.41458
p2->1 0.25018033 10.045386 133.41458
(G:0.170459,E:0.345307):0.122703 F:0.045101
2->1 0.25067014 107.19154 133.41458
p1->2 4.0751289e-05 -9.643937 133.41458
Trying G F
(G:0.201633,E:0.170945):0.0914088 F:0.0451061
G:0.201633 F:0.0451061
1->2 0.03475105 107.19155 133.41458
2->1 3.9084634e-07 -9.6440063 133.41458
p2->1 0.43028674 -9.6438937 133.41458
Migration added
Local updates around node 1: 0 ln(lk):133.41458 
Local updates around node 2: 0 ln(lk):133.41458 
Updates in migration position: 0 ln(lk):133.41458 
Switches in migration direction: 0 ln(lk):133.41458 
ln(likelihood):133.41458 
Targeting migration to vicinity of:
D G
F B
C F
E D

C F
B F
D E
D G
E D
G D
F C
F B
Trying B F
B:0.0183032 F:0.0405894
1->2 0.018569048 147.11756 133.41458
2->1 0.010159736 142.60112 147.11756
p1->2 0.014252706 139.26669 147.11756
p2->1 0.011221911 138.70573 147.11756
Trying C F
C:0.00975697 F:0.0405921
1->2 0.018569048 145.00343 147.11756
2->1 0.011261761 144.85646 147.11756
p2->1 0.011093902 140.76195 147.11756
C:0.0114124 (A:0.0411864,F:0.0405275):0.0397132
1->2 0.10177718 187.78141 147.11756
p1->2 0.69039536 187.75443 187.78141
p2->1 0.00055847154 133.4283 187.78141
Trying D E
D:0.0533086 E:0.170945
1->2 3.8719494e-07 133.41452 187.78141
2->1 0.023109306 187.78376 187.78141
p1->2 0.033326045 133.41458 187.78376
p2->1 0.022640204 187.75443 187.78376
D:0.057809 (G:0.201633,E:0.170945):0.0904386
1->2 0.10569112 187.75443 187.78376
p1->2 0.0053747296 133.41458 187.78376
p2->1 0.33671704 133.41458 187.78376
Trying D G
D:0.150714 G:0.201633
1->2 0.021455709 165.03123 187.78376
2->1 0.020827172 190.10149 187.78376
p1->2 0.65312707 153.99754 190.10149
D:0.0533196 (E:5.46503e-05,G:2.16587):0.260497
Trying E D
E:5.46503e-05 D:0.0533196
(E:5.46503e-05,G:2.16587):0.260497 D:0.0533196
Trying F B
F:0.0405894 B:0.0183032
Trying F C
F:0.0405894 C:0.0104669
(A:0.0411337,F:0.0405894):0.0388966 C:0.0104669
Trying G D
G:2.16587 D:0.0533196
(E:5.46503e-05,G:2.16587):0.260497 D:0.0533196
Migration added
Local updates around node 1: 0 ln(lk):190.10149 
Local updates around node 2: 0 ln(lk):190.10149 
Updates in migration position: 4 ln(lk):198.61253 
Switches in migration direction: 0 ln(lk):198.61253 
Local updates around node 1: 0 ln(lk):198.61253 
Local updates around node 2: 0 ln(lk):198.61253 
Switches in migration direction: 0 ln(lk):198.61253 
Updates in migration position: 0 ln(lk):198.61253 
Trying all local rearrangements
Local rearrangements: 0 ln(lk):198.61253 
ln(likelihood):198.62805 
Targeting migration to vicinity of:
E A
B G
C G
E F

C G
B G
C G
B G
E F
E A
E F
E A
Trying B G
B:0.0182829 G:0.201745
1->2 0.020754183 217.02531 198.62805
2->1 0.0014816187 201.00394 217.02531
p1->2 0.029420836 217.03482 217.02531
p2->1 3.0968394e-07 198.62805 217.03482
(C:0.010501,B:0.0182829):0.0166453 G:0.201745
2->1 0.0048287008 213.99199 217.03482
p1->2 0.069587864 217.1355 217.03482
p2->1 3.0968394e-07 198.62805 217.1355
Trying C G
(C:0.010501,B:0.0182829):0.0166454 G:0.201745
C:0.010501 G:0.201745
1->2 0.020754183 217.02531 217.1355
2->1 0.0014373558 200.83272 217.1355
p2->1 1.506132e-05 198.6281 217.1355
Trying E A
E:0.170836 A:0.0426749
1->2 0.0023141752 201.67276 217.1355
2->1 0.030577701 216.85278 217.1355
p1->2 0.0053555979 198.62791 217.1355
p2->1 0.030512087 216.5398 217.1355
E:0.185278 (F:0.0402484,A:0.0426185):0.0396226
1->2 0.0070466255 216.84528 217.1355
p2->1 0.012027409 198.63046 217.1355
Trying E F
E:0.176139 (F:0.0401741,A:0.0426739):0.0390107
E:0.176139 F:0.0401741
1->2 0.0026963835 202.24391 217.1355
2->1 0.030577701 216.85278 217.1355
p1->2 4.0751289e-05 198.62805 217.1355
Migration added
Local updates around node 1: 0 ln(lk):217.1355 
Local updates around node 2: 0 ln(lk):217.1355 
Updates in migration position: 0 ln(lk):217.1355 
Switches in migration direction: 0 ln(lk):217.1355 
ln(likelihood):217.1377 
Targeting migration to vicinity of:
E A
F G
B G
C G

E A
G F
F G
A E
Trying A E
A:0.0427264 E:0.163306
1->2 0.0015272426 217.17175 217.1377
2->1 0.00018836523 217.15436 217.17175
p1->2 0.00013324572 217.1377 217.17175
p2->1 0.099995285 217.13772 217.17175
Trying E A
E:0.163306 A:0.0589769
Trying F G
F:0.0354865 G:0.24133
1->2 0.0016191556 217.1717 217.17175
2->1 0.0001837937 217.15852 217.17175
p1->2 6.0296406e-05 217.1377 217.17175
p2->1 0.098679066 217.1377 217.17175
Trying G F
G:0.24133 F:0.0541
Migration added
Local updates around node 1: 0 ln(lk):217.17175 
Local updates around node 2: 0 ln(lk):217.17175 
Updates in migration position: 0 ln(lk):217.17175 
Switches in migration direction: 0 ln(lk):217.17175 
ln(likelihood):217.18744 
Targeting migration to vicinity of:
F G
C A
A B
D F

A C
A B
C A
B A
C A
B A
F G
Trying A B
A:0.042917 B:0.0182829
1->2 6.2716344e-06 217.18744 217.18744
2->1 4.6180827e-05 217.18751 217.18744
p1->2 3.0968394e-07 217.18744 217.18751
p2->1 6.5286717e-05 217.18751 217.18751
A:0.0429274 (C:0.010501,B:0.0182829):0.0166844
1->2 3.1211141e-05 217.18747 217.18751
p1->2 3.0968394e-07 217.18744 217.18751
p2->1 0.00017234383 217.18751 217.18751
Trying A C
A:0.0429419 (C:0.010501,B:0.0182829):0.0166844
A:0.0429419 C:0.010501
1->2 6.2716344e-06 217.18744 217.18751
2->1 4.6180827e-05 217.18751 217.18751
p1->2 3.0968394e-07 217.18744 217.18751
Trying B A
B:0.0182829 A:0.042917
(B:0.0182829,C:0.010501):0.016684 A:0.042917
Trying C A
(B:0.0182829,C:0.010501):0.016684 A:0.042917
C:0.010501 A:0.042917
Trying F G
F:0.0400645 G:0.240978
1->2 9.1434173e-05 217.18753 217.18751
2->1 7.8695175e-06 217.18752 217.18753
p1->2 4.8943862e-06 217.18744 217.18753
p2->1 4.0751289e-05 217.18747 217.18753
Migration added
Local updates around node 1: 0 ln(lk):217.18753 
Local updates around node 2: 0 ln(lk):217.18753 
Updates in migration position: 0 ln(lk):217.18753 
Switches in migration direction: 0 ln(lk):217.18753 
ln(likelihood):217.18754 
DONE.
