
TreeMix v. 1.13
$Revision: 231 $

npop:7 nsnp:18176136
Estimating covariance matrix in 7573 blocks of size 2400
SEED: 1607916876
Starting from:
(C:0.0244034,(D:0.0716056,G:0.277989):0.0244034);
Adding B [4/7]
ln(likelihood): -84863 
((D:0.0337906,(C:0,B:0.00731457):0):0.166798,G:0.166798);
Adding F [5/7]
ln(likelihood): -16986.354 
(((D:0.055031,(C:0.0118764,B:0.0196585):0.0192054):0.0470871,G:0.271125):0.040556,F:0.040556);
Adding A [6/7]
ln(likelihood): -8175.9422 
(((D:0.05397,(C:0.0107067,B:0.0184888):0.0188792):0.0356843,(F:0.0452433,A:0.031635):0.035713):0.149842,G:0.149842);
Adding E [7/7]
ln(likelihood): 25.100341 
(((D:0.0536457,(C:0.0105008,B:0.0182829):0.0192348):0.0370264,(G:0.201633,E:0.170947):0.0914085):0.0176668,(F:0.045099,A:0.0319589):0.0176668);
Testing global rearrangements
D:0.0536457 G:0.201633
-97893.013 25.100341
D:0.0536457 (G:0.201633,E:0.170947):0.0914085
-23814.616 25.100341
D:0.0536457 E:0.170947
-97893.013 25.100341
(D:0.0536457,(C:0.0105008,B:0.0182829):0.0192348):0.0370264 A:0.0319589
-9226.3194 25.100341
C:0.0105008 (D:0.0536457,(C:0.0105008,B:0.0182829):0.0192348):0.0370264
-5534.7575 25.100341
C:0.0105008 G:0.201633
-147395.03 25.100341
C:0.0105008 (G:0.201633,E:0.170947):0.0914085
-52017.309 25.100341
C:0.0105008 E:0.170947
-147395.03 25.100341
G:0.201633 F:0.045099
-58360.484 25.100341
F:0.045099 D:0.0536457
-33735.746 25.100341
F:0.045099 (D:0.0536457,(C:0.0105008,B:0.0182829):0.0192348):0.0370264
-9226.3194 25.100341
F:0.045099 C:0.0105008
-60052.927 25.100341
F:0.045099 (C:0.0105008,B:0.0182829):0.0192348
-33735.746 25.100341
F:0.045099 B:0.0182829
-60052.927 25.100341
(F:0.045099,A:0.0319589):0.0176668 E:0.170947
-47679.741 25.100341
A:0.0319589 D:0.0536457
-31783.053 25.100341
A:0.0319589 (D:0.0536457,(C:0.0105008,B:0.0182829):0.0192348):0.0370264
-9226.3194 25.100341
A:0.0319589 C:0.0105008
-56052.391 25.100341
A:0.0319589 (C:0.0105008,B:0.0182829):0.0192348
-31783.053 25.100341
A:0.0319589 B:0.0182829
-56052.391 25.100341
DONE.
