
TreeMix v. 1.13
$Revision: 231 $

npop:7 nsnp:18176136
Estimating covariance matrix in 10097 blocks of size 1800
SEED: 1607916450
Starting from:
((G:0.267747,A:0.0610744):0.037482,B:0.037482);
Adding D [4/7]
ln(likelihood): -14036.015 
((G:0.275614,A:0.0664856):0.0180775,(B:0.0466315,D:0.0684339):0.0180775);
Adding E [5/7]
ln(likelihood): -2280.7063 
((A:0.0619663,(G:0.202848,E:0.172221):0.0956756):0.0170735,(B:0.0366286,D:0.0572155):0.0170735);
Adding F [6/7]
ln(likelihood): -65.41652 
(B:0.0188169,(D:0.0537542,((G:0.201903,E:0.171102):0.0910611,(A:0.0321455,F:0.0449889):0.0356826):0.0370784):0.0188169);
Adding C [7/7]
ln(likelihood): -32.803685 
((A:0.0319585,F:0.0450982):0.0176674,((G:0.201633,E:0.170947):0.0914088,(D:0.0536459,(B:0.0182829,C:0.0105008):0.0192343):0.0370276):0.0176674);
Testing global rearrangements
A:0.0319585 B:0.0182829
-74296.181 -32.803685
A:0.0319585 (B:0.0182829,C:0.0105008):0.0192343
-42262.009 -32.803685
A:0.0319585 C:0.0105008
-74296.181 -32.803685
(A:0.0319585,F:0.0450982):0.0176674 E:0.170947
-63283.869 -32.803685
F:0.0450982 D:0.0536459
-44849.606 -32.803685
F:0.0450982 (D:0.0536459,(B:0.0182829,C:0.0105008):0.0192343):0.0370276
-12309.512 -32.803685
F:0.0450982 B:0.0182829
-79589.208 -32.803685
F:0.0450982 (B:0.0182829,C:0.0105008):0.0192343
-44849.606 -32.803685
F:0.0450982 C:0.0105008
-79589.208 -32.803685
G:0.201633 F:0.0450982
-77454.992 -32.803685
G:0.201633 D:0.0536459
-123470.38 -32.803685
D:0.0536459 B:0.0182829
-7378.9029 -32.803685
D:0.0536459 C:0.0105008
-7378.9029 -32.803685
Targeting migration to vicinity of:
E F
G D
A C
A B

A B
A C
A B
A C
G F
E F
G D
E D
Trying A B
A:0.0319585 B:0.0182829
1->2 0.01707634 -9.4124377 -32.803685
2->1 0.063618705 125.72022 -9.4124377
p1->2 0.014252706 -23.114589 125.72022
p2->1 0.066113293 125.21224 125.72022
A:0.0415098 (C:0.0105008,B:0.0182829):0.0195623
1->2 0.055149082 123.15704 125.72022
p1->2 0.10342383 66.998343 125.72022
p2->1 0.17986722 96.635852 125.72022
Trying A C
A:0.0594135 C:0.0105008
1->2 0.016979244 -9.6090257 125.72022
2->1 0.063832618 125.65104 125.72022
p1->2 0.014171434 -23.238138 125.72022
A:0.0319585 (B:0.0173754,C:0.0117195):0.0199101
Trying E D
(G:0.201633,E:0.170947):0.0912422 D:0.0532567
1->2 0.078394055 66.998343 125.72022
2->1 0.30159259 66.998343 125.72022
p1->2 4.0751289e-05 -32.803709 125.72022
E:0.170947 D:0.0536518
1->2 0.02840524 67.002667 125.72022
2->1 0.0025288016 -32.262378 125.72022
p2->1 0.43606377 -32.803685 125.72022
Trying E F
(G:0.130951,E:0.662864):0.162091 F:0.0450982
1->2 0.051945686 96.635852 125.72022
2->1 0.12586832 96.635852 125.72022
p1->2 4.0751289e-05 -32.803685 125.72022
p2->1 0.0041069267 -32.803685 125.72022
E:0.170947 F:0.0450982
1->2 0.029793506 105.76418 125.72022
2->1 0.026682585 20.182389 125.72022
p2->1 0.099995285 -10.97743 125.72022
Trying G D
G:0.190934 D:0.0536459
1->2 0.026290987 69.388623 125.72022
2->1 0.023619452 10.758695 125.72022
p2->1 0.099995285 -10.97743 125.72022
(E:0.160009,G:0.261021):0.102227 D:0.0536459
Trying G F
G:0.261021 F:0.0450982
1->2 0.03475105 96.635792 125.72022
2->1 3.8719494e-07 -32.803787 125.72022
p2->1 0.099995285 -32.803685 125.72022
(E:0.160791,G:0.260211):0.101565 F:0.0450982
Migration added
Local updates around node 1: 0 ln(lk):125.72022 
Local updates around node 2: 0 ln(lk):125.72022 
Updates in migration position: 0 ln(lk):125.72022 
Switches in migration direction: 0 ln(lk):125.72022 
ln(likelihood):125.72023 
Targeting migration to vicinity of:
G D
B F
F C
D E

B F
C F
D G
D E
F B
F C
G D
E D
Trying B F
B:0.0183032 F:0.0405863
1->2 0.018634498 140.94 125.72023
2->1 0.010159736 135.90956 140.94
p1->2 0.014252706 132.23075 140.94
p2->1 0.011182198 131.58772 140.94
Trying C F
C:0.00975937 F:0.0405891
1->2 0.018569048 138.59565 140.94
2->1 0.011261761 138.41002 140.94
p2->1 0.011093902 133.86713 140.94
C:0.0114122 (A:0.0411866,F:0.0405244):0.0198584
1->2 0.10177718 186.02859 140.94
p1->2 0.69039536 185.99875 186.02859
Trying D E
D:0.0523283 E:0.170947
1->2 3.9084634e-07 125.72015 186.02859
2->1 0.023109306 186.0312 186.02859
p1->2 0.39786881 125.72023 186.0312
p2->1 0.044005293 185.99875 186.0312
D:0.0613008 (G:0.201633,E:0.170947):0.0904387
1->2 0.051593695 185.99875 186.0312
p2->1 4.0751289e-05 125.72021 186.0312
Trying D G
D:0.0533258 (G:0.201633,E:0.170947):0.0897448
D:0.0533258 G:0.201633
1->2 0.021455709 160.78406 186.0312
2->1 0.020827172 188.60056 186.0312
p1->2 0.12586832 148.53396 188.60056
Trying E D
E:0.157182 D:0.0533198
(E:0.157182,G:0.279548):0.10337 D:0.0533198
Trying F B
F:0.0405863 B:0.0183032
Trying F C
F:0.0405863 C:0.0104667
(A:0.0411338,F:0.0405863):0.0194501 C:0.0104667
Trying G D
(E:0.157182,G:0.279548):0.10337 D:0.0533198
G:0.279548 D:0.0533198
Migration added
Local updates around node 1: 0 ln(lk):188.60056 
Local updates around node 2: 0 ln(lk):188.60056 
Updates in migration position: 4 ln(lk):198.03486 
Switches in migration direction: 0 ln(lk):198.03486 
Local updates around node 1: 0 ln(lk):198.03486 
Local updates around node 2: 0 ln(lk):198.03486 
Switches in migration direction: 0 ln(lk):198.03486 
Updates in migration position: 0 ln(lk):198.03486 
Trying all local rearrangements
Local rearrangements: 0 ln(lk):198.03486 
ln(likelihood):198.05278 
Targeting migration to vicinity of:
A E
G B
G C
E F

A E
F E
E A
E F
G B
G C
G B
G C
Trying A E
(A:0.042675,F:0.0401699):0.0195063 E:0.170837
1->2 0.030512087 217.90828 198.05278
2->1 0.0070466255 218.24263 217.90828
p2->1 0.99991232 198.05277 218.24263
A:0.0426768 E:0.170837
1->2 0.030577701 218.25093 218.24263
2->1 0.0023141752 201.4332 218.25093
p2->1 0.4686906 198.05631 218.25093
Trying E A
E:0.170837 (F:0,A:0.257628):0.0395928
E:0.170837 A:0.257628
Trying E F
E:0.170837 F:0
1->2 0.0026963835 202.04991 218.25093
2->1 0.030577701 218.25093 218.25093
p1->2 0.016859977 198.05278 218.25093
E:0.170837 (A:0.042006,F:0.04224):0.0198408
Trying F E
F:0.04224 E:0.170837
(A:0.042006,F:0.04224):0.0198408 E:0.170837
Trying G B
G:0.201744 B:0.0182829
1->2 0.0014816187 200.68513 218.25093
2->1 0.020754183 218.44179 218.25093
p1->2 3.0968394e-07 198.05278 218.44179
p2->1 0.029420836 218.45257 218.44179
G:0.217668 (C:0.0105008,B:0.0182829):0.0167296
1->2 0.0048009045 215.07702 218.45257
p1->2 3.0968394e-07 198.05278 218.45257
p2->1 0.069587864 218.56397 218.45257
Trying G C
G:0.241042 C:0.0105008
1->2 0.0014322192 200.49582 218.56397
2->1 0.020754183 218.4418 218.56397
p1->2 1.4834312e-05 198.05283 218.56397
G:0.201744 (B:0.0182817,C:0.0105024):0.0166459
Migration added
Local updates around node 1: 0 ln(lk):218.56397 
Local updates around node 2: 0 ln(lk):218.56397 
Updates in migration position: 0 ln(lk):218.56397 
Switches in migration direction: 0 ln(lk):218.56397 
ln(likelihood):218.56615 
DONE.
