
TreeMix v. 1.13
$Revision: 231 $

npop:7 nsnp:18176136
Estimating covariance matrix in 18176 blocks of size 1000
SEED: 1607916592
Starting from:
((D:0.0515583,B:0.0284474):0.0629421,A:0.0629421);
Adding G [4/7]
ln(likelihood): -24864.853 
((D:0.0684335,B:0.0466316):0.018076,(A:0.0664836,G:0.275615):0.018076);
Adding C [5/7]
ln(likelihood): -32984.271 
(A:0.0339723,(G:0.272755,(D:0.0558206,(B:0.0204675,C:0.0126857):0.0192642):0.0466082):0.0339723);
Adding F [6/7]
ln(likelihood): -19345.888 
(((D:0.0539701,(B:0.0184887,C:0.0107068):0.0188793):0.035683,(A:0.0316348,F:0.0452453):0.035711):0.149843,G:0.149843);
Adding E [7/7]
ln(likelihood): -218.90517 
((B:0.0182829,(D:0.0536457,((A:0.0319586,F:0.045101):0.0353316,(G:0.201633,E:0.170945):0.0914088):0.037025):0.0192348):0.0052505,C:0.0052505);
Testing global rearrangements
B:0.0182829 A:0.0319586
-151401.65 -218.90517
B:0.0182829 C:0.0052505
-218.90517 -218.90517
D:0.0536457 G:0.201633
-229564.34 -218.90517
D:0.0536457 (G:0.201633,E:0.170945):0.0914088
-56149.058 -218.90517
D:0.0536457 E:0.170945
-229564.34 -218.90517
A:0.0319586 B:0.0182829
-131121.13 -218.90517
A:0.0319586 D:0.0536457
-75247.418 -218.90517
A:0.0319586 C:0.0052505
-131121.13 -218.90517
(A:0.0319586,F:0.045101):0.0353316 E:0.170945
-112182.93 -218.90517
F:0.045101 B:0.0182829
-140435.86 -218.90517
F:0.045101 D:0.0536457
-79824.123 -218.90517
F:0.045101 ((A:0.0319586,F:0.045101):0.0353316,(G:0.201633,E:0.170945):0.0914088):0.037025
-21994.711 -218.90517
F:0.045101 C:0.0052505
-140435.86 -218.90517
G:0.201633 D:0.0536457
-218276 -218.90517
G:0.201633 F:0.045101
-137313.02 -218.90517
C:0.0052505 B:0.0182829
-218.90517 -218.90517
C:0.0052505 A:0.0319586
-151459.4 -218.90517
C:0.0052505 (A:0.0319586,F:0.045101):0.0353316
-120832.65 -218.90517
C:0.0052505 F:0.045101
-151459.4 -218.90517
Targeting migration to vicinity of:
F E
D G
A C
B A

A B
A C
B A
C A
D G
D E
F G
F E
Trying A B
A:0.0319586 B:0.0182829
1->2 0.017016266 -177.57657 -218.90517
2->1 0.063618705 62.070498 -177.57657
p1->2 0.014252706 -201.79392 62.070498
p2->1 0.063832618 61.952421 62.070498
Trying A C
A:0.0411665 C:0.00423869
1->2 0.016979244 -177.87353 62.070498
2->1 0.063832618 61.952421 62.070498
p1->2 0.014171434 -201.98971 62.070498
Trying B A
B:0.0173753 A:0.0319586
Trying C A
C:0.00585986 A:0.0319586
Trying D E
D:0.0532566 (G:0.201633,E:0.170945):0.0912422
1->2 0.42117655 -42.260268 62.070498
2->1 0.046731509 -42.260268 62.070498
p1->2 4.0751289e-05 -218.90522 62.070498
D:0.0536457 E:0.170945
1->2 0.0025434764 -217.95654 62.070498
2->1 0.02840524 -42.252812 62.070498
p1->2 3.8719494e-07 -218.90596 62.070498
Trying D G
D:0.0536457 (G:0.201633,E:0.170946):0.0914088
D:0.0536457 G:0.201633
1->2 0.023619452 -141.5916 62.070498
2->1 0.026290987 -38.001553 62.070498
p1->2 0.030857163 -180.41383 62.070498
Trying F E
F:0.045101 (E:0.16732,G:0.218403):0.0949177
1->2 0.17986722 10.76729 62.070498
2->1 0.39919356 10.767196 62.070498
p2->1 4.0751289e-05 -218.90527 62.070498
F:0.0451061 E:0.170945
1->2 0.026682585 -125.10425 62.070498
2->1 0.029793506 26.822809 62.070498
p1->2 0.04049908 -180.44473 62.070498
Trying F G
F:0.045101 (G:0.197273,E:0.190193):0.0958882
F:0.045101 G:0.197273
1->2 3.9084634e-07 -218.90532 62.070498
2->1 0.03475105 10.767269 62.070498
p1->2 0.39786881 -218.90517 62.070498
Migration added
Local updates around node 1: 0 ln(lk):62.070498 
Local updates around node 2: 0 ln(lk):62.070498 
Updates in migration position: 0 ln(lk):62.070498 
Switches in migration direction: 0 ln(lk):62.070498 
ln(likelihood):62.070506 
Targeting migration to vicinity of:
D G
B F
C F
D E

B F
C F
B F
C F
D G
D E
D G
D E
Trying B F
B:0.0183032 F:0.0405894
1->2 0.018634498 88.963693 62.070506
2->1 0.010123746 80.106316 88.963693
p1->2 0.018528711 84.815573 88.963693
p2->1 0.011182198 72.448094 88.963693
B:0.0194337 (A:0.0411285,F:0.0405922):0.039661
1->2 0.10177718 168.82697 88.963693
p1->2 0.10177718 168.82697 168.82697
p2->1 0.23524335 64.595885 168.82697
Trying C F
C:0.00224583 F:0.0404774
1->2 0.018528711 84.815569 168.82697
2->1 0.011261761 84.507976 168.82697
p2->1 0.011093902 76.462507 168.82697
C:0.00570618 (A:0.0411864,F:0.0405275):0.0397132
1->2 0.10177718 168.82697 168.82697
p2->1 0.18921024 62.523449 168.82697
Trying D E
D:0.053277 E:0.170945
1->2 5.6427712e-07 62.0704 168.82697
2->1 0.023109306 168.83116 168.82697
p1->2 3.8719494e-07 62.069669 168.83116
p2->1 0.046731509 168.77463 168.83116
D:0.061764 (G:0.201633,E:0.170945):0.0904386
1->2 0.046731509 168.77463 168.83116
p1->2 4.0751289e-05 62.070465 168.83116
(((A:0.0411337,F:0.0405894):0.0395096,(G:0.201633,E:0.170945):0.0897538):0.0385734,D:0.0533196):0.0195786 E:0.170945
p1->2 3.8719494e-07 62.068863 168.83116
Trying D G
D:0.0533196 G:0.201633
1->2 0.021455709 124.24467 168.83116
2->1 0.020827172 173.40202 168.83116
p1->2 0.031247443 102.26683 173.40202
D:0.0533196 (E:0.167281,G:0.218618):0.0932716
Migration added
Local updates around node 1: 0 ln(lk):173.40202 
Local updates around node 2: 0 ln(lk):173.40202 
Updates in migration position: 4 ln(lk):190.27509 
Switches in migration direction: 0 ln(lk):190.27509 
Local updates around node 1: 0 ln(lk):190.27509 
Local updates around node 2: 0 ln(lk):190.27509 
Switches in migration direction: 0 ln(lk):190.27509 
Updates in migration position: 0 ln(lk):190.27509 
Trying all local rearrangements
Local rearrangements: 0 ln(lk):190.27509 
ln(likelihood):190.3046 
Targeting migration to vicinity of:
A E
B G
G C
F E

A E
F E
B G
C G
A E
F E
G B
G C
Trying A E
A:0.0426749 E:0.170836
1->2 0.030577701 225.88844 190.3046
2->1 0.0023008205 196.22908 225.88844
p1->2 0.030512087 225.26679 225.88844
p2->1 0.0009253035 190.30433 225.88844
(F:0.0401325,A:0.0428011):0.0390496 E:0.170836
2->1 0.098679066 225.87433 225.88844
p1->2 0.011671776 190.30928 225.88844
Trying B G
B:0.0182829 G:0.200673
1->2 0.020754183 226.22674 225.88844
2->1 0.0014763242 194.9365 226.22674
p1->2 0.020754183 226.22675 226.22674
p2->1 3.0968394e-07 190.30459 226.22675
Trying C G
C:0.00525049 G:0.201745
1->2 0.020754183 226.22675 226.22675
2->1 0.0014322192 194.61125 226.22675
p2->1 1.826759e-05 190.30473 226.22675
Trying F E
(F:0.040173,A:0.0426748):0.0390084 E:0.170836
F:0.040173 E:0.170836
1->2 0.030577701 225.88844 226.22675
2->1 0.002680829 197.32582 226.22675
p2->1 4.0751289e-05 190.3046 226.22675
Trying G B
G:0.201745 B:0.0182829
Trying G C
G:0.201745 C:0.0052505
Migration added
Local updates around node 1: 0 ln(lk):226.22675 
Local updates around node 2: 0 ln(lk):226.22675 
Updates in migration position: 0 ln(lk):226.22675 
Switches in migration direction: 0 ln(lk):226.22675 
ln(likelihood):226.49606 
Targeting migration to vicinity of:
A E
G F
B G
C F

A E
F G
G F
E A
Trying A E
A:0.0426628 E:0.16825
1->2 6.6910798e-05 226.49974 226.49606
2->1 4.4380755e-05 226.50536 226.49974
p1->2 4.0751289e-05 226.49607 226.50536
p2->1 8.7836434e-06 226.49607 226.50536
Trying E A
E:0.16825 A:0.0426644
Trying F G
F:0.0401856 G:0.213072
1->2 0.00027192611 226.50342 226.50536
2->1 9.9934812e-05 226.51027 226.50536
p1->2 0.00086459692 226.49615 226.51027
p2->1 0.3970964 226.49606 226.51027
Trying G F
G:0.213072 F:0.152518
Migration added
Local updates around node 1: 0 ln(lk):226.51027 
Local updates around node 2: 0 ln(lk):226.51027 
Updates in migration position: 1 ln(lk):226.51394 
Switches in migration direction: 0 ln(lk):226.51394 
Local updates around node 1: 0 ln(lk):226.51394 
Local updates around node 2: 0 ln(lk):226.51394 
Switches in migration direction: 0 ln(lk):226.51394 
Updates in migration position: 0 ln(lk):226.51394 
Trying all local rearrangements
Local rearrangements: 0 ln(lk):226.51394 
ln(likelihood):226.54396 
DONE.
