
TreeMix v. 1.13
$Revision: 231 $

npop:7 nsnp:18176136
Estimating covariance matrix in 10097 blocks of size 1800
SEED: 1607916592
Starting from:
((D:0.0515583,B:0.0284468):0.0629448,A:0.0629448);
Adding G [4/7]
ln(likelihood): -14036.015 
((D:0.0684339,B:0.0466315):0.0180775,(A:0.0664856,G:0.275614):0.0180775);
Adding C [5/7]
ln(likelihood): -18549.376 
(A:0.0339739,(G:0.272755,(D:0.0558208,(B:0.0204675,C:0.0126854):0.0192636):0.046611):0.0339739);
Adding F [6/7]
ln(likelihood): -10880.528 
(((D:0.0539703,(B:0.0184888,C:0.0107067):0.0188787):0.0356855,(A:0.0316347,F:0.0452425):0.0357144):0.149842,G:0.149842);
Adding E [7/7]
ln(likelihood): -32.803685 
((D:0.0536459,(B:0.0182829,C:0.0105008):0.0192343):0.0185138,((G:0.201633,E:0.170947):0.0914088,(A:0.0319585,F:0.0450982):0.0353349):0.0185138);
Testing global rearrangements
D:0.0536459 G:0.201633
-129802.7 -32.803685
D:0.0536459 (G:0.201633,E:0.170947):0.0914088
-31639.784 -32.803685
D:0.0536459 E:0.170947
-129802.7 -32.803685
(D:0.0536459,(B:0.0182829,C:0.0105008):0.0192343):0.0185138 A:0.0319585
-12309.512 -32.803685
B:0.0182829 (D:0.0536459,(B:0.0182829,C:0.0105008):0.0192343):0.0185138
-7378.9029 -32.803685
B:0.0182829 G:0.201633
-196749.69 -32.803685
B:0.0182829 (G:0.201633,E:0.170947):0.0914088
-68927.267 -32.803685
B:0.0182829 E:0.170947
-196749.69 -32.803685
G:0.201633 F:0.0450982
-77454.992 -32.803685
A:0.0319585 D:0.0536459
-42262.009 -32.803685
A:0.0319585 (D:0.0536459,(B:0.0182829,C:0.0105008):0.0192343):0.0185138
-12309.512 -32.803685
A:0.0319585 B:0.0182829
-74296.181 -32.803685
A:0.0319585 (B:0.0182829,C:0.0105008):0.0192343
-42262.009 -32.803685
A:0.0319585 C:0.0105008
-74296.181 -32.803685
(A:0.0319585,F:0.0450982):0.0353349 E:0.170947
-63283.869 -32.803685
F:0.0450982 D:0.0536459
-44849.606 -32.803685
F:0.0450982 (D:0.0536459,(B:0.0182829,C:0.0105008):0.0192343):0.0185138
-12309.512 -32.803685
F:0.0450982 B:0.0182829
-79589.208 -32.803685
F:0.0450982 (B:0.0182829,C:0.0105008):0.0192343
-44849.606 -32.803685
F:0.0450982 C:0.0105008
-79589.208 -32.803685
F:0.0450982 ((G:0.201633,E:0.170947):0.0914088,(A:0.0319585,F:0.0450982):0.0353349):0.0185138
-12309.512 -32.803685
Targeting migration to vicinity of:
F E
D G
A C
B A

A B
A C
B A
C A
D G
D E
F G
F E
Trying A B
A:0.0319585 B:0.0182829
1->2 0.01707634 -9.4124462 -32.803685
2->1 0.063618705 125.72022 -9.4124462
p1->2 0.014252706 -23.114589 125.72022
p2->1 0.066113293 125.21224 125.72022
A:0.0415098 (C:0.0105008,B:0.0182829):0.0195623
1->2 0.055149082 123.15704 125.72022
p1->2 0.39919356 66.998343 125.72022
p2->1 0.35964021 96.635852 125.72022
Trying A C
A:0.112238 C:0.0105008
1->2 0.016979244 -9.6090342 125.72022
2->1 0.063832618 125.65103 125.72022
p1->2 0.014171434 -23.238138 125.72022
A:0.0319585 (B:0.0173754,C:0.0117195):0.0199101
Trying B A
B:0.0173754 A:0.0319585
(B:0.0173754,C:0.0117195):0.0199101 A:0.0319585
Trying C A
C:0.0117195 A:0.0319585
(B:0.0173754,C:0.0117195):0.0199101 A:0.0319585
Trying D E
D:0.0532567 E:0.170947
1->2 0.0025434764 -32.262356 125.72022
2->1 0.02840524 67.002667 125.72022
p1->2 0.065808043 -32.803685 125.72022
p2->1 0.065808043 66.998343 125.72022
D:0.0656579 (G:0.201633,E:0.170947):0.0922779
1->2 0.099995285 66.998343 125.72022
p1->2 0.016859977 -32.803685 125.72022
p2->1 0.97216505 -32.803685 125.72022
Trying D G
D:69.2398 G:0.201633
1->2 0.023619452 10.758693 125.72022
2->1 0.026290987 69.388623 125.72022
p1->2 0.12534989 -10.97743 125.72022
D:0.0536459 (E:0.157046,G:0.279383):0.10519
Trying F E
F:0.0450982 E:0.157046
1->2 0.026682585 20.182403 125.72022
2->1 0.029793506 105.76418 125.72022
p1->2 0.099995285 -10.97743 125.72022
p2->1 0.099120617 96.635852 125.72022
F:0.0612792 (G:0.201633,E:0.170947):0.0930247
1->2 0.11543796 96.635852 125.72022
p2->1 4.0751289e-05 -32.803712 125.72022
Trying F G
F:0.0451033 G:0.201633
1->2 3.9084634e-07 -32.803789 125.72022
2->1 0.03475105 96.635792 125.72022
p1->2 0.42122295 -32.803706 125.72022
F:0.0450982 (E:0.104421,G:0.716861):0.157934
Migration added
Local updates around node 1: 0 ln(lk):125.72022 
Local updates around node 2: 0 ln(lk):125.72022 
Updates in migration position: 0 ln(lk):125.72022 
Switches in migration direction: 0 ln(lk):125.72022 
ln(likelihood):125.72022 
Targeting migration to vicinity of:
D G
B F
C F
D E

B F
C F
B F
C F
D G
D E
D G
D E
Trying B F
B:0.0183032 F:0.0405863
1->2 0.018634498 140.94001 125.72022
2->1 0.010159736 135.90956 140.94001
p1->2 0.014252706 132.23075 140.94001
p2->1 0.011182198 131.58772 140.94001
Trying C F
C:0.00975937 F:0.0405891
1->2 0.018569048 138.59566 140.94001
2->1 0.011261761 138.41001 140.94001
p2->1 0.011093902 133.86712 140.94001
C:0.0114122 (A:0.0411866,F:0.0405244):0.0397169
1->2 0.10177718 186.02859 140.94001
p1->2 0.69039536 185.99875 186.02859
p2->1 0.00055847154 125.73538 186.02859
Trying D E
D:0.0533088 (G:0.201633,E:0.170947):0.089744
1->2 0.17986722 185.99875 186.02859
2->1 0.022640204 185.99875 186.02859
p1->2 0.97237098 125.72023 186.02859
p2->1 0.33671704 125.72023 186.02859
D:0.150714 E:0.170947
1->2 3.8719494e-07 125.72015 186.02859
2->1 0.023109306 186.0312 186.02859
p1->2 0.099995285 125.72023 186.0312
Trying D G
D:0.0533198 G:0.191662
1->2 0.021455709 160.78406 186.0312
2->1 0.020827172 188.60056 186.0312
p1->2 0.65312707 148.53396 188.60056
D:0.0533198 (E:5.59182e-05,G:2.16587):0.260497
Migration added
Local updates around node 1: 0 ln(lk):188.60056 
Local updates around node 2: 0 ln(lk):188.60056 
Updates in migration position: 4 ln(lk):198.03486 
Switches in migration direction: 0 ln(lk):198.03486 
Local updates around node 1: 0 ln(lk):198.03486 
Local updates around node 2: 0 ln(lk):198.03486 
Switches in migration direction: 0 ln(lk):198.03486 
Updates in migration position: 0 ln(lk):198.03486 
Trying all local rearrangements
Local rearrangements: 0 ln(lk):198.03486 
ln(likelihood):198.05278 
Targeting migration to vicinity of:
A E
B G
G C
F E

A E
F E
B G
C G
A E
F E
G B
G C
Trying A E
A:0.042675 E:0.170837
1->2 0.030577701 218.25093 198.05278
2->1 0.0023141752 201.43321 218.25093
p1->2 0.030512087 217.90828 218.25093
p2->1 0.0008357527 198.05259 218.25093
(F:0.0401329,A:0.0427895):0.0390498 E:0.170837
2->1 0.0070466255 218.24263 218.25093
p1->2 0.012027409 198.05541 218.25093
Trying B G
(C:0.0105008,B:0.0182829):0.0166522 G:0.200639
1->2 0.029420836 218.45257 218.25093
2->1 0.0048009045 215.07702 218.45257
p1->2 0.069587864 218.56397 218.45257
p2->1 3.0968394e-07 198.05278 218.56397
B:0.0182829 G:0.201744
1->2 0.020754183 218.44179 218.56397
2->1 0.0014816187 200.68513 218.56397
p2->1 3.0968394e-07 198.05278 218.56397
Trying C G
C:0.0105008 G:0.201744
1->2 0.020754183 218.4418 218.56397
2->1 0.0014322192 200.49582 218.56397
p2->1 1.506132e-05 198.05283 218.56397
(B:0.0182816,C:0.0105024):0.016646 G:0.201744
Trying F E
F:0.04017 E:0.170837
1->2 0.030577701 218.25093 218.56397
2->1 0.0026963835 202.04991 218.56397
p2->1 4.0751289e-05 198.05278 218.56397
(A:0.0426734,F:0.0401748):0.0390142 E:0.170837
Trying G B
G:0.201744 (B:0.0182829,C:0.0105008):0.0166451
G:0.201744 B:0.0182829
Trying G C
G:0.201744 C:0.0105008
G:0.201744 (B:0.0182829,C:0.0105008):0.0166451
Migration added
Local updates around node 1: 0 ln(lk):218.56397 
Local updates around node 2: 0 ln(lk):218.56397 
Updates in migration position: 0 ln(lk):218.56397 
Switches in migration direction: 0 ln(lk):218.56397 
ln(likelihood):218.56615 
Targeting migration to vicinity of:
A E
G F
B G
G C

A E
F G
G F
E A
Trying A E
A:0.0427265 E:0.163302
1->2 0.0015416229 218.60448 218.56615
2->1 0.00019124725 218.58523 218.60448
p1->2 3.0968394e-07 218.56615 218.60448
p2->1 0.099995285 218.56622 218.60448
Trying E A
E:0.163302 A:0.058978
Trying F G
F:0.0354827 G:0.241362
1->2 0.0016040532 218.60319 218.60448
2->1 0.00018037626 218.58855 218.60448
p1->2 3.6306955e-07 218.56615 218.60448
p2->1 0.099995285 218.56615 218.60448
Trying G F
G:0.241362 F:0.0543176
Migration added
Local updates around node 1: 0 ln(lk):218.60448 
Local updates around node 2: 0 ln(lk):218.60448 
Updates in migration position: 0 ln(lk):218.60448 
Switches in migration direction: 0 ln(lk):218.60448 
ln(likelihood):218.62129 
DONE.
