
TreeMix v. 1.13
$Revision: 231 $

npop:7 nsnp:18176136
Estimating covariance matrix in 12982 blocks of size 1400
SEED: 1607916169
Starting from:
((D:0.0478523,C:0.0169062):0.070432,F:0.070432);
Adding G [4/7]
ln(likelihood): -16027.421 
((D:0.0676106,C:0.0379754):0.0195922,(F:0.0786176,G:0.273919):0.0195922);
Adding B [5/7]
ln(likelihood): -28743.191 
(F:0.0405561,(G:0.271125,(D:0.0550313,(C:0.0118764,B:0.0196585):0.0192051):0.0470879):0.0405561);
Adding A [6/7]
ln(likelihood): -13941.372 
(((D:0.0539703,(C:0.0107067,B:0.0184888):0.0188789):0.0356851,(F:0.0452428,A:0.0316348):0.0357139):0.149842,G:0.149842);
Adding E [7/7]
ln(likelihood): -99.367716 
(((D:0.0536459,(C:0.0105008,B:0.0182829):0.0192344):0.0370272,(F:0.0450985,A:0.0319586):0.0353344):0.0457043,(G:0.201633,E:0.170947):0.0457043);
Testing global rearrangements
D:0.0536459 ((D:0.0536459,(C:0.0105008,B:0.0182829):0.0192344):0.0370272,(F:0.0450985,A:0.0319586):0.0353344):0.0457043
-40484.698 -99.367716
D:0.0536459 G:0.201633
-165844.53 -99.367716
D:0.0536459 (G:0.201633,E:0.170947):0.0457043
-40484.698 -99.367716
D:0.0536459 E:0.170947
-165844.53 -99.367716
(D:0.0536459,(C:0.0105008,B:0.0182829):0.0192344):0.0370272 A:0.0319586
-15801.468 -99.367716
C:0.0105008 (D:0.0536459,(C:0.0105008,B:0.0182829):0.0192344):0.0370272
-9447.187 -99.367716
C:0.0105008 ((D:0.0536459,(C:0.0105008,B:0.0182829):0.0192344):0.0370272,(F:0.0450985,A:0.0319586):0.0353344):0.0457043
-87698.3 -99.367716
C:0.0105008 G:0.201633
-248473.63 -99.367716
C:0.0105008 (G:0.201633,E:0.170947):0.0457043
-87698.3 -99.367716
C:0.0105008 E:0.170947
-248473.63 -99.367716
F:0.0450985 D:0.0536459
-57443.215 -99.367716
F:0.0450985 G:0.201633
-98029.39 -99.367716
F:0.0450985 (G:0.201633,E:0.170947):0.0457043
-15801.468 -99.367716
F:0.0450985 E:0.170947
-98029.39 -99.367716
(F:0.0450985,A:0.0319586):0.0353344 C:0.0105008
-89776.323 -99.367716
(F:0.0450985,A:0.0319586):0.0353344 (C:0.0105008,B:0.0182829):0.0192344
-40484.698 -99.367716
(F:0.0450985,A:0.0319586):0.0353344 B:0.0182829
-89776.323 -99.367716
A:0.0319586 ((D:0.0536459,(C:0.0105008,B:0.0182829):0.0192344):0.0370272,(F:0.0450985,A:0.0319586):0.0353344):0.0457043
-15801.468 -99.367716
A:0.0319586 G:0.201633
-99189.365 -99.367716
A:0.0319586 (G:0.201633,E:0.170947):0.0457043
-15801.468 -99.367716
A:0.0319586 E:0.170947
-99189.365 -99.367716
Targeting migration to vicinity of:
F E
D G
C A
B A

C A
B A
C A
B A
D G
D E
F G
F E
Trying B A
B:0.0182829 A:0.0319586
1->2 0.063618705 103.28884 -99.367716
2->1 0.017016266 -69.490545 103.28884
p1->2 0.066113293 102.64331 103.28884
p2->1 0.014252706 -86.991924 103.28884
(C:0.00958796,B:0.0197355):0.0199142 A:0.0319586
2->1 0.055149082 99.918094 103.28884
p1->2 0.50038493 66.164602 103.28884
p2->1 0.40270579 28.180952 103.28884
Trying C A
C:0.0105008 A:0.0319586
1->2 0.063832618 103.20146 103.28884
2->1 0.016979244 -69.730079 103.28884
p2->1 0.014171434 -87.144646 103.28884
(B:0.0173754,C:0.0117196):0.0199102 A:0.0319586
Trying D E
D:0.0532567 E:0.170947
1->2 0.0025288016 -98.679392 103.28884
2->1 0.02840524 28.186386 103.28884
p1->2 0.12586832 -99.367716 103.28884
p2->1 0.18029797 28.180952 103.28884
D:0.091367 (G:0.201633,E:0.170947):0.0850469
1->2 0.066695184 28.180952 103.28884
p1->2 0.00012879728 -99.367716 103.28884
Trying D G
D:0.0536459 G:0.201633
1->2 0.023619452 -43.631186 103.28884
2->1 0.026290987 31.242592 103.28884
p1->2 0.14418608 -71.52423 103.28884
D:0.0536459 (E:0.154731,G:0.294152):0.0537527
Trying F E
F:0.0450985 E:0.154731
1->2 0.026682585 -31.656976 103.28884
2->1 0.029793506 77.802112 103.28884
p1->2 0.12694483 -71.52423 103.28884
p2->1 0.082792945 66.164602 103.28884
F:0.0584628 (G:0.201633,E:0.170947):0.073506
1->2 0.10569112 66.164602 103.28884
p1->2 0.0008357527 -99.367716 103.28884
Trying F G
F:0.0450985 G:0.201633
1->2 3.0968394e-07 -99.367839 103.28884
2->1 0.03475105 66.16454 103.28884
p1->2 0.00016974664 -99.367716 103.28884
F:0.0450985 (E:0.170931,G:0.201717):0.0457121
Migration added
Local updates around node 1: 0 ln(lk):103.28884 
Local updates around node 2: 0 ln(lk):103.28884 
Updates in migration position: 0 ln(lk):103.28884 
Switches in migration direction: 0 ln(lk):103.28884 
ln(likelihood):103.28885 
DONE.
