
TreeMix v. 1.13
$Revision: 231 $

npop:7 nsnp:18176136
Estimating covariance matrix in 22720 blocks of size 800
SEED: 1607916309
Starting from:
(A:0.0629421,(B:0.0284474,D:0.0515583):0.0629421);
Adding F [4/7]
ln(likelihood): -53706.753 
((B:0.0335699,D:0.056073):0.0415916,(A:0.043922,F:0.0577518):0.0415916);
Adding E [5/7]
ln(likelihood): -34734.767 
((B:0.040807,D:0.0620697):0.0175186,((A:0.035956,F:0.0492763):0.0424975,E:0.246984):0.0175186);
Adding C [6/7]
ln(likelihood): -24465.464 
(E:0.134145,((A:0.0326475,F:0.046258):0.0348396,(D:0.0546621,(B:0.0191807,C:0.0113989):0.0188793):0.0369166):0.134145);
Adding G [7/7]
ln(likelihood): -322.30797 
(((D:0.0536457,(B:0.0182829,C:0.010501):0.0192348):0.037025,(E:0.170945,G:0.201633):0.0914088):0.0176658,(F:0.045101,A:0.0319586):0.0176658);
Testing global rearrangements
D:0.0536457 E:0.170945
-284106.48 -322.30797
D:0.0536457 (E:0.170945,G:0.201633):0.0914088
-69569.271 -322.30797
D:0.0536457 G:0.201633
-284106.48 -322.30797
(D:0.0536457,(B:0.0182829,C:0.010501):0.0192348):0.037025 A:0.0319586
-27323.118 -322.30797
B:0.0182829 (D:0.0536457,(B:0.0182829,C:0.010501):0.0192348):0.037025
-16144.066 -322.30797
B:0.0182829 E:0.170945
-425683.38 -322.30797
B:0.0182829 (E:0.170945,G:0.201633):0.0914088
-149024.6 -322.30797
B:0.0182829 G:0.201633
-425683.38 -322.30797
E:0.170945 F:0.045101
-170119.43 -322.30797
F:0.045101 D:0.0536457
-99092.736 -322.30797
F:0.045101 (D:0.0536457,(B:0.0182829,C:0.010501):0.0192348):0.037025
-27323.118 -322.30797
F:0.045101 B:0.0182829
-173515.49 -322.30797
F:0.045101 (B:0.0182829,C:0.010501):0.0192348
-99092.736 -322.30797
F:0.045101 C:0.010501
-173515.49 -322.30797
(F:0.045101,A:0.0319586):0.0176658 E:0.170945
-138971.27 -322.30797
A:0.0319586 D:0.0536457
-93429.758 -322.30797
A:0.0319586 (D:0.0536457,(B:0.0182829,C:0.010501):0.0192348):0.037025
-27323.118 -322.30797
A:0.0319586 B:0.0182829
-162023.93 -322.30797
A:0.0319586 (B:0.0182829,C:0.010501):0.0192348
-93429.758 -322.30797
A:0.0319586 C:0.010501
-162023.93 -322.30797
Targeting migration to vicinity of:
F E
D G
A B
A C

A B
A C
A B
A C
D E
D G
F E
F G
Trying A B
A:0.0319586 B:0.0182829
1->2 0.017016266 -271.17511 -322.30797
2->1 0.063618705 25.771215 -271.17511
p1->2 0.014252706 -301.13725 25.771215
p2->1 0.066113293 24.684215 25.771215
A:0.0415097 (C:0.010501,B:0.0182829):0.0195628
1->2 0.055077769 19.436513 25.771215
p1->2 0.20420764 -103.51121 25.771215
p2->1 0.12414305 -37.666136 25.771215
Trying A C
A:0.0496449 (C:0.010501,B:0.0182829):0.0192348
A:0.0496449 C:0.010501
1->2 0.016919507 -271.51062 25.771215
2->1 0.063832618 25.627799 25.771215
p1->2 0.014171434 -301.36529 25.771215
Trying D E
D:0.0532566 E:0.170945
1->2 0.0025142115 -321.14157 25.771215
2->1 0.02840524 -103.50209 25.771215
p1->2 0.42117655 -322.30797 25.771215
p2->1 0.10924691 -103.51121 25.771215
D:0.0741728 (G:0.201633,E:0.170945):0.0922778
1->2 0.095626324 -103.51121 25.771215
p2->1 4.0751289e-05 -322.30802 25.771215
Trying D G
D:0.0536516 G:0.201633
1->2 0.023670606 -226.39124 25.771215
2->1 0.026290987 -98.216964 25.771215
p1->2 0.099995285 -274.76531 25.771215
D:0.0536457 (E:0.160008,G:0.261021):0.102227
Trying F E
F:0.045101 E:0.160008
1->2 0.026682585 -206.07952 25.771215
2->1 0.029793506 -17.847492 25.771215
p1->2 0.099995285 -274.76531 25.771215
p2->1 0.33689713 -37.666136 25.771215
F:0.131344 (G:0.201633,E:0.170945):0.0930252
1->2 0.43606377 -37.666136 25.771215
p1->2 0.0057424628 -322.30797 25.771215
p2->1 0.57090008 -322.30797 25.771215
Trying F G
F:0.244945 G:0.201633
1->2 3.8719494e-07 -322.30818 25.771215
2->1 0.03475105 -37.666124 25.771215
p1->2 0.016859977 -322.30797 25.771215
F:0.045101 (E:0.169378,G:0.210203):0.0929764
Migration added
Local updates around node 1: 0 ln(lk):25.771215 
Local updates around node 2: 0 ln(lk):25.771215 
Updates in migration position: 0 ln(lk):25.771215 
Switches in migration direction: 0 ln(lk):25.771215 
ln(likelihood):25.771224 
Targeting migration to vicinity of:
D G
B F
F C
D E

B F
C F
D E
D G
D E
D G
F B
F C
Trying B F
(C:0.0104669,B:0.0183032):0.0195786 F:0.0405894
1->2 0.014252706 40.087653 25.771224
2->1 0.040638626 170.06549 40.087653
p1->2 0.016859977 26.348209 170.06549
p2->1 0.050470028 157.95843 170.06549
B:0.0183147 F:0.0406527
1->2 0.018634498 59.076747 170.06549
2->1 0.010123746 48.113695 170.06549
p2->1 0.011157725 38.621474 170.06549
Trying C F
C:0.00976122 (A:0.0411285,F:0.0405923):0.0198303
1->2 0.10177718 158.02318 170.06549
2->1 0.011093902 43.580291 170.06549
p1->2 0.69039536 157.95844 170.06549
C:0.0105328 F:0.0406527
1->2 0.018528711 53.939112 170.06549
2->1 0.011221911 53.550627 170.06549
(B:0.0175111,C:0.011506):0.0202101 F:0.0406081
Trying D E
D:0.0529079 E:0.170945
1->2 3.9084634e-07 25.771059 170.06549
2->1 0.023109306 158.02814 170.06549
p1->2 0.43571407 25.771224 170.06549
p2->1 0.10924691 157.95843 170.06549
D:0.0736983 (G:0.201633,E:0.170945):0.0904387
1->2 0.39786881 157.95843 170.06549
p2->1 4.0751289e-05 25.77118 170.06549
Trying D G
D:0.0533256 (G:0.201633,E:0.170945):0.0897449
D:0.0533256 G:0.201633
1->2 0.021531111 102.8537 170.06549
2->1 0.020754183 163.70383 170.06549
p1->2 0.22485073 75.434068 170.06549
Trying F B
F:0.0405894 (B:0.0183032,C:0.0104669):0.0195786
F:0.0405894 B:0.0183032
Trying F C
(A:0.0411337,F:0.0405894):0.0194483 C:0.0104669
F:0.0405894 C:0.0104669
F:0.0405894 (B:0.0183032,C:0.0104669):0.0195786
Migration added
Local updates around node 1: 0 ln(lk):170.06549 
Local updates around node 2: 0 ln(lk):170.06549 
Updates in migration position: 1 ln(lk):179.29807 
Switches in migration direction: 0 ln(lk):179.29807 
Local updates around node 1: 0 ln(lk):179.29807 
Local updates around node 2: 0 ln(lk):179.29807 
Switches in migration direction: 0 ln(lk):179.29807 
Updates in migration position: 0 ln(lk):179.29807 
Trying all local rearrangements
Local rearrangements: 0 ln(lk):179.29807 
ln(likelihood):179.29811 
DONE.
