
TreeMix v. 1.13
$Revision: 231 $

npop:7 nsnp:18176136
Estimating covariance matrix in 10097 blocks of size 1800
SEED: 1607916876
Starting from:
(C:0.0244034,(D:0.0716063,G:0.277989):0.0244034);
Adding B [4/7]
ln(likelihood): -112354.4 
((D:0.033791,(C:0,B:0.00731454):0):0.166799,G:0.166799);
Adding F [5/7]
ln(likelihood): -22511.449 
(((D:0.0550313,(C:0.0118764,B:0.0196585):0.019205):0.0470883,G:0.271125):0.0405562,F:0.0405562);
Adding A [6/7]
ln(likelihood): -10880.528 
(((D:0.0539703,(C:0.0107067,B:0.0184888):0.0188787):0.0356855,(F:0.0452425,A:0.0316347):0.0357144):0.149842,G:0.149842);
Adding E [7/7]
ln(likelihood): -32.803685 
(((F:0.0450982,A:0.0319585):0.0353349,(G:0.201633,E:0.170947):0.0914088):0.0185138,(D:0.0536459,(C:0.0105008,B:0.0182829):0.0192343):0.0185138);
Testing global rearrangements
F:0.0450982 G:0.201633
-76649.656 -32.803685
F:0.0450982 (G:0.201633,E:0.170947):0.0914088
-12309.512 -32.803685
F:0.0450982 E:0.170947
-76649.656 -32.803685
(F:0.0450982,A:0.0319585):0.0353349 C:0.0105008
-70423.604 -32.803685
(F:0.0450982,A:0.0319585):0.0353349 (C:0.0105008,B:0.0182829):0.0192343
-31639.784 -32.803685
(F:0.0450982,A:0.0319585):0.0353349 B:0.0182829
-70423.604 -32.803685
A:0.0319585 G:0.201633
-77553.194 -32.803685
A:0.0319585 (G:0.201633,E:0.170947):0.0914088
-12309.512 -32.803685
A:0.0319585 E:0.170947
-77553.194 -32.803685
D:0.0536459 A:0.0319585
-46009.968 -32.803685
C:0.0105008 D:0.0536459
-7378.9029 -32.803685
DONE.
