
TreeMix v. 1.13
$Revision: 231 $

npop:7 nsnp:18176136
Estimating covariance matrix in 6491 blocks of size 2800
SEED: 1607916169
Starting from:
((D:0.0478523,C:0.0169062):0.070432,F:0.070432);
Adding G [4/7]
ln(likelihood): -8101.0388 
((D:0.0676106,C:0.0379754):0.0195922,(F:0.0786176,G:0.273919):0.0195922);
Adding B [5/7]
ln(likelihood): -14595.056 
(F:0.0405561,(G:0.271125,(D:0.0550313,(C:0.0118764,B:0.0196585):0.0192051):0.0470879):0.0405561);
Adding A [6/7]
ln(likelihood): -7003.4381 
(((D:0.0539703,(C:0.0107067,B:0.0184888):0.0188789):0.0356851,(F:0.0452428,A:0.0316348):0.0357139):0.149842,G:0.149842);
Adding E [7/7]
ln(likelihood): 49.720685 
(((F:0.0450985,A:0.0319586):0.0353344,(G:0.201633,E:0.170947):0.0914086):0.0185136,(D:0.0536459,(C:0.0105008,B:0.0182829):0.0192344):0.0185136);
Testing global rearrangements
F:0.0450985 G:0.201633
-49582.683 49.720685
F:0.0450985 (G:0.201633,E:0.170947):0.0914086
-7896.2542 49.720685
F:0.0450985 E:0.170947
-49582.683 49.720685
(F:0.0450985,A:0.0319586):0.0353344 C:0.0105008
-45738.136 49.720685
(F:0.0450985,A:0.0319586):0.0353344 (C:0.0105008,B:0.0182829):0.0192344
-20433.385 49.720685
(F:0.0450985,A:0.0319586):0.0353344 B:0.0182829
-45738.136 49.720685
A:0.0319586 G:0.201633
-50161.437 49.720685
A:0.0319586 (G:0.201633,E:0.170947):0.0914086
-7896.2542 49.720685
A:0.0319586 E:0.170947
-50161.437 49.720685
D:0.0536459 A:0.0319586
-29697.844 49.720685
C:0.0105008 D:0.0536459
-4736.2 49.720685
Targeting migration to vicinity of:
F E
D G
C A
B A

C A
B A
C A
B A
D G
D E
F G
F E
Trying B A
(C:0.0105008,B:0.0182829):0.0192344 A:0.0319586
1->2 0.066250235 152.07182 49.720685
2->1 0.055149082 150.77246 152.07182
p1->2 0.10924691 133.54046 152.07182
p2->1 0.3151128 114.36674 152.07182
B:0.0182829 A:0.0319586
1->2 0.063618705 152.40225 152.07182
2->1 0.01707634 64.885434 152.40225
p2->1 0.014303165 56.00165 152.40225
Trying C A
(C:0.00958467,B:0.0197408):0.0199167 A:0.0319586
C:0.00958467 A:0.0319586
1->2 0.063832618 152.35679 152.40225
2->1 0.017016266 64.749904 152.40225
p2->1 0.014202423 55.917914 152.40225
Trying D E
D:0.0532559 (G:0.201633,E:0.170947):0.0912416
1->2 0.33689713 114.36674 152.40225
2->1 0.051593695 114.36674 152.40225
p1->2 0.0008357527 49.720685 152.40225
p2->1 0.97237098 49.720685 152.40225
D:70.2758 E:0.170947
1->2 0.0025434764 50.072223 152.40225
2->1 0.02840524 114.3696 152.40225
p1->2 0.09951704 49.720685 152.40225
Trying D G
D:0.0536459 (G:0.191531,E:0.222038):0.101511
D:0.0536459 G:0.191531
1->2 0.023536913 77.908974 152.40225
2->1 0.026290987 115.91158 152.40225
p1->2 0.096514925 63.885522 152.40225
Trying F E
F:0.0450985 (E:0.160403,G:0.258627):0.101833
1->2 0.10342383 133.54046 152.40225
2->1 0.22188811 133.54046 152.40225
p2->1 4.0751289e-05 49.720668 152.40225
F:0.0451036 E:0.170947
1->2 0.026682585 84.043585 152.40225
2->1 0.029793506 139.46983 152.40225
p1->2 0.12586832 63.885522 152.40225
Trying F G
F:0.0450985 (G:0.187908,E:0.239305):0.105253
F:0.0450985 G:0.187908
1->2 3.9084634e-07 49.720616 152.40225
2->1 0.03475105 133.54042 152.40225
p1->2 0.3970964 49.720685 152.40225
Migration added
Local updates around node 1: 0 ln(lk):152.40225 
Local updates around node 2: 0 ln(lk):152.40225 
Updates in migration position: 0 ln(lk):152.40225 
Switches in migration direction: 0 ln(lk):152.40225 
ln(likelihood):152.40225 
DONE.
