
TreeMix v. 1.13
$Revision: 231 $

npop:7 nsnp:18176136
Estimating covariance matrix in 4544 blocks of size 4000
SEED: 1607916309
Starting from:
(A:0.0629421,(B:0.0284474,D:0.0515583):0.0629421);
Adding F [4/7]
ln(likelihood): -11010.631 
((B:0.0335699,D:0.056073):0.0415916,(A:0.043922,F:0.0577518):0.0415916);
Adding E [5/7]
ln(likelihood): -7135.2151 
((B:0.040807,D:0.0620697):0.0175186,((A:0.035956,F:0.0492763):0.0424975,E:0.246984):0.0175186);
Adding C [6/7]
ln(likelihood): -5030.0374 
(E:0.134145,((A:0.0326475,F:0.046258):0.0348396,(D:0.0546621,(B:0.0191807,C:0.0113989):0.0188793):0.0369166):0.134145);
Adding G [7/7]
ln(likelihood): 93.132077 
(((A:0.0319586,F:0.045101):0.0353316,(D:0.0536457,(B:0.0182829,C:0.010501):0.0192348):0.037025):0.0457044,(E:0.170945,G:0.201633):0.0457044);
Testing global rearrangements
A:0.0319586 B:0.0182829
-33835.722 93.132077
A:0.0319586 (B:0.0182829,C:0.010501):0.0192348
-19092.833 93.132077
A:0.0319586 C:0.010501
-33835.722 93.132077
(A:0.0319586,F:0.045101):0.0353316 E:0.170945
-28727.412 93.132077
F:0.045101 D:0.0536457
-20273.657 93.132077
F:0.045101 (D:0.0536457,(B:0.0182829,C:0.010501):0.0192348):0.037025
-5490.2703 93.132077
F:0.045101 B:0.0182829
-36259.531 93.132077
F:0.045101 (B:0.0182829,C:0.010501):0.0192348
-20273.657 93.132077
F:0.045101 C:0.010501
-36259.531 93.132077
D:0.0536457 B:0.0182829
-3279.9805 93.132077
D:0.0536457 C:0.010501
-3279.9805 93.132077
D:0.0536457 E:0.170945
-59084.107 93.132077
D:0.0536457 (E:0.170945,G:0.201633):0.0457044
-14310.583 93.132077
D:0.0536457 G:0.201633
-59084.107 93.132077
(D:0.0536457,(B:0.0182829,C:0.010501):0.0192348):0.037025 A:0.0319586
-5490.2703 93.132077
B:0.0182829 ((A:0.0319586,F:0.045101):0.0353316,(D:0.0536457,(B:0.0182829,C:0.010501):0.0192348):0.037025):0.0457044
-31507.177 93.132077
B:0.0182829 (D:0.0536457,(B:0.0182829,C:0.010501):0.0192348):0.037025
-3279.9805 93.132077
B:0.0182829 E:0.170945
-90046.445 93.132077
B:0.0182829 (E:0.170945,G:0.201633):0.0457044
-31507.177 93.132077
B:0.0182829 G:0.201633
-90046.445 93.132077
E:0.170945 F:0.045101
-35182.738 93.132077
Targeting migration to vicinity of:
F E
D G
A B
A C

A B
A C
A B
A C
D E
D G
F E
F G
Trying A B
A:0.0319586 B:0.0182829
1->2 0.01707634 103.80029 93.132077
2->1 0.063618705 165.36796 103.80029
p1->2 0.014303165 97.548238 165.36796
p2->1 0.066250235 165.13594 165.36796
A:0.0415318 (C:0.010501,B:0.0182829):0.0195637
1->2 0.055264656 164.19464 165.36796
p1->2 0.12414305 138.56634 165.36796
p2->1 0.12770388 152.1039 165.36796
Trying A C
A:0.0502088 (C:0.010501,B:0.0182829):0.0192348
A:0.0502088 C:0.010501
1->2 0.017016266 103.70224 165.36796
2->1 0.063832618 165.33587 165.36796
p1->2 0.014202423 97.48811 165.36796
Trying D E
D:0.0532557 E:0.170945
1->2 0.0025288016 93.378451 165.36796
2->1 0.02840524 138.56839 165.36796
p1->2 0.052354887 93.132077 165.36796
p2->1 0.05120283 138.56634 165.36796
D:0.0630718 (G:0.201633,E:0.170945):0.0668204
1->2 0.051485382 138.56634 165.36796
p1->2 0.051593695 93.132077 165.36796
Trying D G
D:0.0536457 G:0.201633
1->2 0.023536913 112.93725 165.36796
2->1 0.026290987 139.65188 165.36796
p1->2 0.051485382 103.10133 165.36796
D:0.0536457 (E:0.165236,G:0.230109):0.0484994
Trying F E
F:0.045101 E:0.165236
1->2 0.026682585 117.2796 165.36796
2->1 0.029793506 156.27855 165.36796
p1->2 0.051593695 103.10133 165.36796
p2->1 0.37356812 152.1039 165.36796
F:0.150322 (G:0.201633,E:0.170945):0.0886982
1->2 0.10924691 152.1039 165.36796
p1->2 0.051593695 93.132077 165.36796
Trying F G
F:0.045101 G:0.201633
1->2 3.0968394e-07 93.132032 165.36796
2->1 0.03475105 152.1039 165.36796
p1->2 0.066609994 93.132077 165.36796
F:0.045101 (E:0.164422,G:0.238427):0.048966
Migration added
Local updates around node 1: 0 ln(lk):165.36796 
Local updates around node 2: 0 ln(lk):165.36796 
Updates in migration position: 0 ln(lk):165.36796 
Switches in migration direction: 0 ln(lk):165.36796 
ln(likelihood):165.36796 
Targeting migration to vicinity of:
D G
B F
F C
D E

B F
C F
D E
D G
D E
D G
F B
F C
Trying B F
B:0.0183032 F:0.0405894
1->2 0.018634498 172.28745 165.36796
2->1 0.010159736 170.00432 172.28745
p1->2 0.014202423 168.31648 172.28745
p2->1 0.011221911 168.03924 172.28745
Trying C F
C:0.00975697 (A:0.0411286,F:0.0405921):0.0396616
1->2 0.10177718 192.81661 172.28745
2->1 0.011093902 169.0811 192.81661
p1->2 0.69039536 192.8029 192.81661
p2->1 0.0011076209 165.37724 192.81661
C:0.0105447 F:0.0405875
1->2 0.018569048 171.22001 192.81661
2->1 0.011286461 171.14722 192.81661
Trying D E
D:0.0529056 E:0.170945
1->2 3.0968394e-07 165.36793 192.81661
2->1 0.023109306 192.81786 192.81661
p1->2 0.029091341 165.36796 192.81786
p2->1 0.022640204 192.8029 192.81786
D:0.057809 (G:0.201633,E:0.170945):0.0453438
1->2 0.49459535 192.8029 192.81786
p1->2 0.99995428 165.41363 192.81786
Trying D G
D:0.053318 (G:0.201633,E:0.170945):2.14734e+07
D:0.053318 G:0.201633
1->2 0.021455709 181.3207 192.81786
2->1 0.020827172 193.986 192.81786
p1->2 0.65312707 175.79174 193.986
Trying F B
F:0.0405894 B:0.0183032
Trying F C
(A:0.0411337,F:0.0405894):0.0388966 C:0.0104669
F:0.0405894 C:0.0104669
Migration added
Local updates around node 1: 0 ln(lk):193.986 
Local updates around node 2: 0 ln(lk):193.986 
Updates in migration position: 4 ln(lk):198.26177 
Switches in migration direction: 0 ln(lk):198.26177 
Local updates around node 1: 0 ln(lk):198.26177 
Local updates around node 2: 0 ln(lk):198.26177 
Switches in migration direction: 0 ln(lk):198.26177 
Updates in migration position: 0 ln(lk):198.26177 
Trying all local rearrangements
Local rearrangements: 0 ln(lk):198.26177 
ln(likelihood):198.2697 
DONE.
