
TreeMix v. 1.13
$Revision: 231 $

npop:7 nsnp:18176136
Estimating covariance matrix in 4783 blocks of size 3800
SEED: 1607916450
Starting from:
((G:0.267747,A:0.0610735):0.0374814,B:0.0374814);
Adding D [4/7]
ln(likelihood): -6698.8861 
((G:0.275614,A:0.0664848):0.0180766,(B:0.0466315,D:0.0684336):0.0180766);
Adding E [5/7]
ln(likelihood): -1038.6325 
((A:0.0619653,(G:0.202848,E:0.172221):0.0956753):0.0170726,(B:0.0366287,D:0.0572153):0.0170726);
Adding F [6/7]
ln(likelihood): 45.627792 
(B:0.0188171,(D:0.0537541,((G:0.201904,E:0.171102):0.0910607,(A:0.032146,F:0.0449901):0.0356807):0.0370769):0.0188171);
Adding C [7/7]
ln(likelihood): 87.933466 
((D:0.0536458,((G:0.201633,E:0.170947):0.0914083,(A:0.0319589,F:0.0450994):0.0353331):0.037026):0.00961733,(B:0.0182828,C:0.0105008):0.00961733);
Testing global rearrangements
D:0.0536458 G:0.201633
-62165.825 87.933466
D:0.0536458 (G:0.201633,E:0.170947):0.0914083
-15059.542 87.933466
D:0.0536458 E:0.170947
-62165.825 87.933466
E:0.170947 F:0.0450994
-37011.19 87.933466
A:0.0319589 D:0.0536458
-20089.879 87.933466
A:0.0319589 B:0.0182828
-35587.353 87.933466
A:0.0319589 (B:0.0182828,C:0.0105008):0.00961733
-20089.879 87.933466
A:0.0319589 C:0.0105008
-35587.353 87.933466
(A:0.0319589,F:0.0450994):0.0353331 E:0.170947
-30227.514 87.933466
F:0.0450994 D:0.0536458
-21331.013 87.933466
F:0.0450994 ((G:0.201633,E:0.170947):0.0914083,(A:0.0319589,F:0.0450994):0.0353331):0.037026
-5784.6187 87.933466
F:0.0450994 B:0.0182828
-38134.439 87.933466
F:0.0450994 (B:0.0182828,C:0.0105008):0.00961733
-21331.013 87.933466
F:0.0450994 C:0.0105008
-38134.439 87.933466
B:0.0182828 D:0.0536458
-3458.2417 87.933466
Targeting migration to vicinity of:
E F
G D
A B
A C

A B
A C
A B
A C
G F
E F
G D
E D
Trying A B
A:0.0319589 B:0.0182828
1->2 0.01707634 99.155612 87.933466
2->1 0.063618705 163.87335 99.155612
p1->2 0.014303165 92.581335 163.87335
p2->1 0.066250235 163.62875 163.87335
A:0.0415322 (C:0.0105008,B:0.0182828):0.00978178
1->2 0.055264656 162.672 163.87335
p1->2 0.076227464 135.73663 163.87335
Trying A C
A:0.0319589 (C:0.0105008,B:0.0182828):0.0136293
A:0.0319589 C:0.0105008
1->2 0.017016266 99.053899 163.87335
2->1 0.063832618 163.83966 163.87335
p1->2 0.014202423 92.518723 163.87335
Trying E D
(G:0.201633,E:0.170947):0.0912414 D:0.0532557
1->2 0.082792945 135.73663 163.87335
2->1 0.3970964 135.73663 163.87335
p2->1 4.0751289e-05 87.93346 163.87335
E:0.170947 D:0.0536458
1->2 0.02840524 135.73876 163.87335
2->1 0.0025434764 88.193951 163.87335
p2->1 3.8719494e-07 87.933236 163.87335
Trying E F
(G:0.201633,E:0.170947):0.0914084 F:0.0450994
1->2 0.43028674 149.91332 163.87335
2->1 0.17986722 149.91332 163.87335
p1->2 4.0751289e-05 87.933439 163.87335
E:0.170947 F:0.0451045
1->2 0.029793506 154.30445 163.87335
2->1 0.026589634 113.30753 163.87335
p2->1 0.040413067 98.417758 163.87335
Trying G D
G:0.197282 D:0.0536458
1->2 0.026290987 136.87776 163.87335
2->1 0.023536913 108.76274 163.87335
p2->1 0.030857163 98.425854 163.87335
(E:0.167322,G:0.218403):0.0949173 D:0.0536455
Trying G F
G:0.218403 F:0.0450994
1->2 0.03475105 149.9133 163.87335
2->1 3.9084634e-07 87.933424 163.87335
p2->1 0.39919356 87.933447 163.87335
(E:0.110212,G:0.659678):0.152143 F:0.0450994
Migration added
Local updates around node 1: 0 ln(lk):163.87335 
Local updates around node 2: 0 ln(lk):163.87335 
Updates in migration position: 0 ln(lk):163.87335 
Switches in migration direction: 0 ln(lk):163.87335 
ln(likelihood):163.87335 
Targeting migration to vicinity of:
G D
B F
F C
D E

B F
C F
D G
D E
F B
F C
G D
E D
Trying B F
B:0.0183031 F:0.0405877
1->2 0.018634498 171.16031 163.87335
2->1 0.010159736 168.75269 171.16031
p1->2 0.014252706 166.98104 171.16031
p2->1 0.011221911 166.68483 171.16031
Trying C F
C:0.00975674 F:0.0405904
1->2 0.018569048 170.03744 171.16031
2->1 0.011286461 169.95573 171.16031
p2->1 0.011093902 167.78094 171.16031
C:0.0114122 (A:0.0411868,F:0.0405258):0.0397149
1->2 0.10177718 192.7519 171.16031
p1->2 0.69039536 192.73755 192.7519
p2->1 0.19282788 164.00606 192.7519
Trying D E
D:0.0532757 E:0.170947
1->2 5.6427712e-07 163.87331 192.7519
2->1 0.023109306 192.7532 192.7519
p1->2 3.8719494e-07 163.87311 192.7532
p2->1 0.022640204 192.73755 192.7532
D:0.0578092 (G:0.201633,E:0.170947):0.0904382
1->2 0.078036837 192.73755 192.7532
p1->2 4.0751289e-05 163.87335 192.7532
Trying D G
D:0.0533197 G:0.201633
1->2 0.021455709 180.65049 192.7532
2->1 0.020827172 193.98127 192.7532
p1->2 0.031247443 174.83633 193.98127
D:0.0533196 (E:0.167282,G:0.218618):0.0932711
Trying E D
E:0.167282 D:0.0533196
(E:0.167282,G:0.218618):0.0932711 D:0.0533196
Trying F B
F:0.0405877 B:0.0183031
Trying F C
F:0.0405877 C:0.0104667
(A:0.0411341,F:0.0405877):0.0389005 C:0.0104667
Trying G D
G:0.218618 D:0.0533196
(E:0.167282,G:0.218618):0.0932711 D:0.0533196
Migration added
Local updates around node 1: 0 ln(lk):193.98127 
Local updates around node 2: 0 ln(lk):193.98127 
Updates in migration position: 4 ln(lk):198.47657 
Switches in migration direction: 0 ln(lk):198.47657 
Local updates around node 1: 0 ln(lk):198.47657 
Local updates around node 2: 0 ln(lk):198.47657 
Switches in migration direction: 0 ln(lk):198.47657 
Updates in migration position: 0 ln(lk):198.47657 
Trying all local rearrangements
Local rearrangements: 0 ln(lk):198.47657 
ln(likelihood):198.48513 
Targeting migration to vicinity of:
A E
G B
G C
E F

A E
F E
E A
E F
G B
G C
G B
G C
Trying A E
A:0.0426758 E:0.170838
1->2 0.030577701 208.202 198.48513
2->1 0.0023224677 200.12131 208.202
p1->2 0.030512087 208.03102 208.202
p2->1 0.099995285 198.48505 208.202
(F:0.0354309,A:0.0589851):0.0437498 E:0.170838
2->1 0.099995285 208.1983 208.202
p1->2 0.011671776 198.48634 208.202
Trying E A
E:0.175982 A:0.0426748
E:0.175982 (F:0.0401718,A:0.0426748):0.0390114
Trying E F
E:0.175982 F:0.0401718
1->2 0.0026963835 200.40874 208.202
2->1 0.030577701 208.202 208.202
p1->2 4.0751289e-05 198.48513 208.202
E:0.170838 (A:0.0426742,F:0.0401755):0.0390115
Trying F E
F:0.0401755 E:0.170838
(A:0.0426742,F:0.0401755):0.0390115 E:0.170838
Trying G B
G:0.201744 B:0.0182828
1->2 0.0014816187 199.75552 208.202
2->1 0.020754183 208.29125 208.202
p1->2 3.0968394e-07 198.48513 208.29125
p2->1 0.029523386 208.29554 208.29125
G:0.217726 (C:0.0105008,B:0.0182828):0.0167248
1->2 0.0048566568 206.69836 208.29554
p1->2 3.2783333e-05 198.48517 208.29554
Trying G C
G:0.201745 C:0.0105008
1->2 0.0014373558 199.66306 208.29554
2->1 0.020754183 208.29126 208.29554
p1->2 2.2285298e-05 198.48519 208.29554
G:0.201744 (B:0.0182809,C:0.0105032):0.00832072
Migration added
Local updates around node 1: 0 ln(lk):208.29554 
Local updates around node 2: 0 ln(lk):208.29554 
Updates in migration position: 1 ln(lk):208.34372 
Switches in migration direction: 0 ln(lk):208.34372 
Local updates around node 1: 0 ln(lk):208.34372 
Local updates around node 2: 0 ln(lk):208.34372 
Switches in migration direction: 0 ln(lk):208.34372 
Updates in migration position: 0 ln(lk):208.34372 
Trying all local rearrangements
Local rearrangements: 0 ln(lk):208.34372 
ln(likelihood):208.34478 
DONE.
