
TreeMix v. 1.13
$Revision: 231 $

npop:7 nsnp:18176136
Estimating covariance matrix in 90880 blocks of size 200
SEED: 1607916169
Starting from:
((D:0.0478517,C:0.0169062):0.0704312,F:0.0704312);
Adding G [4/7]
ln(likelihood): -96159.063 
((D:0.06761,C:0.0379755):0.0195914,(F:0.0786179,G:0.273919):0.0195914);
Adding B [5/7]
ln(likelihood): -168284.51 
(F:0.040556,(G:0.271125,(D:0.055031,(C:0.0118765,B:0.0196584):0.0192054):0.0470858):0.040556);
Adding A [6/7]
ln(likelihood): -83265.269 
(((D:0.0539701,(C:0.0107068,B:0.0184887):0.0188793):0.035683,(F:0.0452453,A:0.0316348):0.035711):0.149843,G:0.149843);
Adding E [7/7]
ln(likelihood): -1705.4386 
(((D:0.0536457,(C:0.010501,B:0.0182829):0.0192348):0.037025,(G:0.201633,E:0.170945):0.0914088):0.0176658,(F:0.045101,A:0.0319586):0.0176658);
Testing global rearrangements
D:0.0536457 G:0.201633
-989291.75 -1705.4386
D:0.0536457 (G:0.201633,E:0.170945):0.0914088
-244881.86 -1705.4386
D:0.0536457 E:0.170945
-989291.75 -1705.4386
(D:0.0536457,(C:0.010501,B:0.0182829):0.0192348):0.037025 A:0.0319586
-98309.869 -1705.4386
C:0.010501 G:0.201633
-1405535.3 -1705.4386
C:0.010501 (G:0.201633,E:0.170945):0.0914088
-492223.86 -1705.4386
C:0.010501 E:0.170945
-1405535.3 -1705.4386
G:0.201633 F:0.045101
-599511.95 -1705.4386
F:0.045101 D:0.0536457
-358548.43 -1705.4386
F:0.045101 (D:0.0536457,(C:0.010501,B:0.0182829):0.0192348):0.037025
-98309.869 -1705.4386
F:0.045101 C:0.010501
-596865.18 -1705.4386
F:0.045101 (C:0.010501,B:0.0182829):0.0192348
-358548.43 -1705.4386
F:0.045101 B:0.0182829
-596865.18 -1705.4386
(F:0.045101,A:0.0319586):0.0176658 E:0.170945
-489378.33 -1705.4386
A:0.0319586 D:0.0536457
-338844.97 -1705.4386
A:0.0319586 (D:0.0536457,(C:0.010501,B:0.0182829):0.0192348):0.037025
-98309.869 -1705.4386
A:0.0319586 C:0.010501
-558185.81 -1705.4386
A:0.0319586 (C:0.010501,B:0.0182829):0.0192348
-338844.97 -1705.4386
A:0.0319586 B:0.0182829
-558185.81 -1705.4386
Targeting migration to vicinity of:
F E
D G
B A
C A

C A
B A
C A
B A
D G
D E
F G
F E
Trying B A
(C:0.010501,B:0.0182829):0.0192348 A:0.0319586
1->2 0.065892279 -477.25249 -1705.4386
2->1 0.054776639 -503.35724 -477.25249
p1->2 0.11162595 -693.04118 -477.25249
p2->1 0.17986722 -931.71641 -477.25249
B:0.0182829 A:0.0319586
1->2 0.063700333 -473.76244 -477.25249
2->1 0.016727606 -1527.4329 -473.76244
p2->1 0.014040899 -1631.6149 -473.76244
Trying C A
(C:0.00960197,B:0.0197133):0.0199042 A:0.0319586
C:0.00960197 A:0.0319586
1->2 0.063832618 -474.16787 -473.76244
2->1 0.016727606 -1527.2943 -473.76244
p2->1 0.014040899 -1631.8227 -473.76244
Trying D E
D:0.0532602 (G:0.201633,E:0.170945):0.0912437
1->2 0.090682708 -931.71641 -473.76244
2->1 0.051593695 -931.71641 -473.76244
p2->1 4.0751289e-05 -1705.4388 -473.76244
D:0.0536516 E:0.170945
1->2 0.0025142115 -1701.3936 -473.76244
2->1 0.02840524 -931.68974 -473.76244
p1->2 0.42102641 -1705.4386 -473.76244
Trying D G
D:0.0536457 (G:0.135161,E:0.624775):0.157881
D:0.0536457 G:0.135161
1->2 0.023972237 -1360.4066 -473.76244
2->1 0.026142891 -912.37013 -473.76244
p1->2 0.030857163 -1542.239 -473.76244
Trying F E
F:0.045101 (E:0.16732,G:0.218403):0.0949179
1->2 0.099995285 -693.04118 -473.76244
2->1 0.16563053 -693.04118 -473.76244
p1->2 0.099995285 -1705.4386 -473.76244
p2->1 3.0871831e-06 -1705.4386 -473.76244
F:0.0451013 E:0.170945
1->2 0.027079854 -1294.305 -473.76244
2->1 0.029897315 -626.05802 -473.76244
p1->2 0.10015381 -1542.3599 -473.76244
Trying F G
F:0.045101 (G:0.190916,E:0.222937):0.102245
F:0.045101 G:0.190916
1->2 3.8719494e-07 -1705.4392 -473.76244
2->1 0.03475105 -693.04119 -473.76244
p1->2 9.7472466e-06 -1705.4386 -473.76244
Migration added
Local updates around node 1: 0 ln(lk):-473.76244 
Local updates around node 2: 0 ln(lk):-473.76244 
Updates in migration position: 0 ln(lk):-473.76244 
Switches in migration direction: 0 ln(lk):-473.76244 
ln(likelihood):-473.76247 
DONE.
