
TreeMix v. 1.13
$Revision: 231 $

npop:7 nsnp:18176136
Estimating covariance matrix in 15146 blocks of size 1200
SEED: 1607916735
Starting from:
((D:0.0720056,E:0.247831):0.0247767,C:0.0247767);
Adding F [4/7]
ln(likelihood): -47375.607 
((D:0.0820666,E:0.257627):0,(C:0.0524319,F:0.0927647):0);
Adding A [5/7]
ln(likelihood): -55396.609 
((D:0.0770445,E:0.2532):0,(C:0.0479998,(F:0.0495865,A:0.0362684):0.0543057):0);
Adding B [6/7]
ln(likelihood): -16596.883 
((((C:0.0113987,B:0.0191808):0.0188792,D:0.0546621):0.036918,(F:0.046256,A:0.0326477):0.0348416):0.134146,E:0.134146);
Adding G [7/7]
ln(likelihood): -149.12888 
((((C:0.0105008,B:0.0182829):0.0192348,D:0.0536457):0.0370264,(F:0.045099,A:0.0319589):0.0353336):0.0457043,(E:0.170947,G:0.201633):0.0457043);
Testing global rearrangements
C:0.0105008 D:0.0536457
-10972.588 -149.12888
C:0.0105008 A:0.0319589
-127245.54 -149.12888
B:0.0182829 D:0.0536457
-10972.588 -149.12888
D:0.0536457 F:0.045099
-68508.005 -149.12888
D:0.0536457 (F:0.045099,A:0.0319589):0.0353336
-47034.085 -149.12888
D:0.0536457 A:0.0319589
-68508.005 -149.12888
D:0.0536457 E:0.170947
-192519.52 -149.12888
D:0.0536457 (E:0.170947,G:0.201633):0.0457043
-47034.085 -149.12888
D:0.0536457 G:0.201633
-192519.52 -149.12888
F:0.045099 D:0.0536457
-66789.936 -149.12888
F:0.045099 E:0.170947
-113873.82 -149.12888
(F:0.045099,A:0.0319589):0.0353336 C:0.0105008
-104054.17 -149.12888
(F:0.045099,A:0.0319589):0.0353336 (C:0.0105008,B:0.0182829):0.0192348
-47034.085 -149.12888
(F:0.045099,A:0.0319589):0.0353336 B:0.0182829
-104054.17 -149.12888
A:0.0319589 (((C:0.0105008,B:0.0182829):0.0192348,D:0.0536457):0.0370264,(F:0.045099,A:0.0319589):0.0353336):0.0457043
-18390.937 -149.12888
A:0.0319589 E:0.170947
-115227.54 -149.12888
A:0.0319589 (E:0.170947,G:0.201633):0.0457043
-18390.937 -149.12888
A:0.0319589 G:0.201633
-115227.54 -149.12888
Targeting migration to vicinity of:
E F
D G
C A
A B

A C
A B
C A
B A
D E
D G
E F
G F
Trying A B
A:0.0319589 (C:0.0105008,B:0.0182829):0.0192348
1->2 0.055149082 82.234825 -149.12888
2->1 0.066113293 85.48396 82.234825
p1->2 0.088966839 -1.0369268 85.48396
p2->1 0.43606377 43.160198 85.48396
A:0.152822 B:0.0182829
1->2 0.017016266 -114.45826 85.48396
2->1 0.063618705 86.230214 85.48396
p1->2 0.014252706 -134.76903 86.230214
Trying A C
A:0.0319589 C:0.00958797
1->2 0.016979244 -114.7217 86.230214
2->1 0.063832618 86.130053 86.230214
p1->2 0.014171434 -134.93971 86.230214
A:0.0319589 (B:0.0173754,C:0.0117196):0.0199106
Trying B A
(B:0.0173754,C:0.0117196):0.0199106 A:0.0319589
B:0.0173754 A:0.0319589
Trying C A
C:0.0117196 A:0.0319589
(B:0.0173754,C:0.0117196):0.0199106 A:0.0319589
Trying D E
D:0.0532565 (E:0.170947,G:0.201633):0.045621
1->2 0.17986722 -1.0369268 86.230214
2->1 0.056872107 -1.0369268 86.230214
p1->2 0.10046206 -149.12888 86.230214
D:0.0536457 E:0.170947
1->2 0.0025288016 -148.3307 86.230214
2->1 0.02840524 -1.0306305 86.230214
p1->2 0.096514925 -149.12888 86.230214
Trying D G
D:0.0536457 G:0.191868
1->2 0.023619452 -84.379908 86.230214
2->1 0.026290987 2.524352 86.230214
p1->2 0.50113988 -116.83403 86.230214
D:0.0536457 (E:0.0778065,G:0.995968):0.0922148
Trying E F
(E:0.0778065,G:0.995968):0.0922148 F:0.045099
1->2 0.30197251 43.160198 86.230214
2->1 0.12586832 43.160198 86.230214
p2->1 0.17986722 -149.12888 86.230214
E:0.170947 F:0.045099
1->2 0.029793506 56.652615 86.230214
2->1 0.026682585 -70.513061 86.230214
p2->1 0.099120617 -116.83403 86.230214
Trying G F
G:0.191033 F:0.045099
1->2 0.03475105 43.160139 86.230214
2->1 3.0968394e-07 -149.12902 86.230214
p2->1 0.091048792 -149.12888 86.230214
(E:0.161791,G:0.254124):0.0502824 F:0.045099
Migration added
Local updates around node 1: 0 ln(lk):86.230214 
Local updates around node 2: 0 ln(lk):86.230214 
Updates in migration position: 0 ln(lk):86.230214 
Switches in migration direction: 0 ln(lk):86.230214 
ln(likelihood):86.230222 
Targeting migration to vicinity of:
D G
F B
C F
E D

C F
B F
D E
D G
E D
G D
F C
F B
Trying B F
B:0.0183032 F:0.0405873
1->2 0.018634498 108.80409 86.230222
2->1 0.010123746 101.35382 108.80409
p1->2 0.014252706 95.910145 108.80409
p2->1 0.011182198 94.934932 108.80409
B:0.0194338 (A:0.041129,F:0.0405901):0.0396632
1->2 0.10177718 175.72477 108.80409
p1->2 0.69039536 175.68083 175.72477
p2->1 6.2255936e-07 86.230237 175.72477
Trying C F
C:0.0104667 F:0.0405873
1->2 0.018569048 105.32606 175.72477
2->1 0.011261761 105.05094 175.72477
p2->1 0.011093902 98.305071 175.72477
C:0.0114122 (A:0.0411868,F:0.0405254):0.0397154
1->2 0.10177718 175.72477 175.72477
p2->1 0.0010846412 86.259403 175.72477
Trying D E
D:0.0532981 E:0.170947
1->2 3.0968394e-07 86.23011 175.72477
2->1 0.023109306 175.72841 175.72477
p1->2 0.029091341 86.230221 175.72841
p2->1 0.022640204 175.68082 175.72841
D:0.0578091 (G:0.201633,E:0.170947):0.0453382
1->2 0.49459964 175.68083 175.72841
p1->2 0.99995428 86.377367 175.72841
Trying D G
D:0.053318 (G:0.201633,E:0.170947):2.14733e+07
D:0.053318 G:0.201633
1->2 0.021455709 138.31827 175.72841
2->1 0.020827172 179.55305 175.72841
p1->2 0.65312707 119.98452 179.55305
Trying E D
E:5.64921e-05 D:0.0533196
(E:5.64921e-05,G:2.16587):0.130248 D:0.0533196
Trying F B
F:0.0405873 B:0.0183032
(A:0.0411341,F:0.0405873):0.0388987 B:0.0183032
Trying F C
F:0.0405873 C:0.0104667
(A:0.0411341,F:0.0405873):0.0388987 C:0.0104667
Trying G D
(E:5.64921e-05,G:2.16587):0.130248 D:0.0533196
G:2.16587 D:0.0533196
Migration added
Local updates around node 1: 0 ln(lk):179.55305 
Local updates around node 2: 0 ln(lk):179.55305 
Updates in migration position: 4 ln(lk):193.64338 
Switches in migration direction: 0 ln(lk):193.64338 
Local updates around node 1: 0 ln(lk):193.64338 
Local updates around node 2: 0 ln(lk):193.64338 
Switches in migration direction: 0 ln(lk):193.64338 
Updates in migration position: 0 ln(lk):193.64338 
Trying all local rearrangements
Local rearrangements: 0 ln(lk):193.64338 
ln(likelihood):193.66931 
Targeting migration to vicinity of:
E A
B G
C G
E F

C G
B G
C G
B G
E F
E A
E F
E A
Trying B G
B:0.0182829 G:0.201744
1->2 0.020754183 223.83425 193.66931
2->1 0.0014763242 197.56038 223.83425
p1->2 0.029420836 223.85018 223.83425
p2->1 3.0968394e-07 193.6693 223.85018
(C:0.0105008,B:0.018283):0.0166454 G:0.201744
2->1 0.0048287008 218.85166 223.85018
p1->2 0.069587864 224.01524 223.85018
p2->1 5.4313232e-06 193.66931 224.01524
Trying C G
C:0.0105008 G:0.201745
1->2 0.020754183 223.83426 224.01524
2->1 0.0014322192 197.28518 224.01524
p2->1 1.6969365e-05 193.6694 224.01524
(B:0.0182815,C:0.0105026):0.0166464 G:0.201745
Trying E A
E:0.170837 A:0.0426752
1->2 0.0023008205 198.65909 224.01524
2->1 0.030577701 223.55113 224.01524
p1->2 0.46193969 193.66905 224.01524
p2->1 0.030512087 223.03603 224.01524
E:0.185279 (F:0.0402462,A:0.042619):0.0396249
1->2 0.0070466255 223.53912 224.01524
p1->2 2.0082221e-05 193.66931 224.01524
p2->1 0.99987918 193.66931 224.01524
Trying E F
E:1.17036e+07 F:0.0401708
1->2 0.002680829 199.56687 224.01524
2->1 0.030577701 223.55113 224.01524
p1->2 0.00078198599 193.66931 224.01524
E:0.170837 (A:0.0426448,F:0.0402643):0.0390418
Migration added
Local updates around node 1: 0 ln(lk):224.01524 
Local updates around node 2: 0 ln(lk):224.01524 
Updates in migration position: 0 ln(lk):224.01524 
Switches in migration direction: 0 ln(lk):224.01524 
ln(likelihood):224.01854 
Targeting migration to vicinity of:
E A
F G
B G
C G

E A
G F
F G
A E
Trying A E
A:0.0427269 E:0.163302
1->2 0.0015361143 224.0752 224.01854
2->1 0.0001894609 224.04665 224.0752
p1->2 3.0968394e-07 224.01854 224.0752
p2->1 2.6621987e-05 224.01865 224.0752
Trying E A
E:0.163302 A:0.0427319
Trying F G
F:0.0401528 G:0.241362
1->2 0.0016040532 224.07355 224.0752
2->1 0.00018207697 224.05186 224.0752
p1->2 3.0968394e-07 224.01854 224.0752
p2->1 0.12586832 224.01854 224.0752
Trying G F
G:0.241362 F:0.058883
Migration added
Local updates around node 1: 0 ln(lk):224.0752 
Local updates around node 2: 0 ln(lk):224.0752 
Updates in migration position: 0 ln(lk):224.0752 
Switches in migration direction: 0 ln(lk):224.0752 
ln(likelihood):224.10027 
Targeting migration to vicinity of:
F G
C A
A B
D F

A C
A B
C A
B A
C A
B A
F G
Trying A B
A:0.0429175 B:0.0182829
1->2 5.7587208e-06 224.10028 224.10027
2->1 3.7855272e-05 224.10035 224.10028
p1->2 3.8719494e-07 224.10027 224.10035
p2->1 5.3016964e-05 224.10035 224.10035
A:0.0429259 (C:0.0105008,B:0.0182829):0.0166846
1->2 2.7284266e-05 224.10031 224.10035
p1->2 3.8719494e-07 224.10027 224.10035
p2->1 0.00013995696 224.10035 224.10035
Trying A C
A:0.0429377 (C:0.0105008,B:0.0182829):0.0166845
A:0.0429377 C:0.0105008
1->2 5.7587208e-06 224.10028 224.10035
2->1 3.7855272e-05 224.10035 224.10035
p1->2 3.8719494e-07 224.10027 224.10035
Trying B A
B:0.0182829 A:0.0429175
(B:0.0182829,C:0.0105008):0.0166842 A:0.0429175
Trying C A
(B:0.0182829,C:0.0105008):0.0166842 A:0.0429175
C:0.0105008 A:0.0429175
Trying F G
F:0.0400624 G:0.240922
1->2 7.7262215e-05 224.10038 224.10035
2->1 2.4357319e-05 224.10036 224.10038
p1->2 7.468267e-05 224.10028 224.10038
p2->1 4.5894271e-06 224.1003 224.10038
Migration added
Local updates around node 1: 0 ln(lk):224.10038 
Local updates around node 2: 0 ln(lk):224.10038 
Updates in migration position: 0 ln(lk):224.10038 
Switches in migration direction: 0 ln(lk):224.10038 
ln(likelihood):224.10027 
DONE.
