
TreeMix v. 1.13
$Revision: 231 $

npop:7 nsnp:18176136
Estimating covariance matrix in 90880 blocks of size 200
SEED: 1607916592
Starting from:
((D:0.0515583,B:0.0284474):0.0629421,A:0.0629421);
Adding G [4/7]
ln(likelihood): -107539.05 
((D:0.0684335,B:0.0466316):0.018076,(A:0.0664836,G:0.275615):0.018076);
Adding C [5/7]
ln(likelihood): -146792.4 
(A:0.0339723,(G:0.272755,(D:0.0558206,(B:0.0204675,C:0.0126857):0.0192642):0.0466082):0.0339723);
Adding F [6/7]
ln(likelihood): -83265.269 
(((D:0.0539701,(B:0.0184887,C:0.0107068):0.0188793):0.035683,(A:0.0316348,F:0.0452453):0.035711):0.149843,G:0.149843);
Adding E [7/7]
ln(likelihood): -1705.4386 
(F:0.0225505,(A:0.0319586,((D:0.0536457,(B:0.0182829,C:0.010501):0.0192348):0.037025,(G:0.201633,E:0.170945):0.0914088):0.0353316):0.0225505);
Testing global rearrangements
F:0.0225505 A:0.0319586
-1705.4386 -1705.4386
F:0.0225505 G:0.201633
-593866.5 -1705.4386
F:0.0225505 (G:0.201633,E:0.170945):0.0914088
-98309.869 -1705.4386
F:0.0225505 E:0.170945
-593866.5 -1705.4386
A:0.0319586 F:0.0225505
-1705.4386 -1705.4386
A:0.0319586 B:0.0182829
-558185.81 -1705.4386
A:0.0319586 (B:0.0182829,C:0.010501):0.0192348
-338844.97 -1705.4386
A:0.0319586 C:0.010501
-558185.81 -1705.4386
D:0.0536457 B:0.0182829
-53403.447 -1705.4386
D:0.0536457 C:0.010501
-53403.447 -1705.4386
D:0.0536457 G:0.201633
-989291.75 -1705.4386
D:0.0536457 (G:0.201633,E:0.170945):0.0914088
-244881.86 -1705.4386
D:0.0536457 E:0.170945
-989291.75 -1705.4386
(D:0.0536457,(B:0.0182829,C:0.010501):0.0192348):0.037025 A:0.0319586
-98309.869 -1705.4386
B:0.0182829 G:0.201633
-1414478.5 -1705.4386
B:0.0182829 (G:0.201633,E:0.170945):0.0914088
-492369.31 -1705.4386
B:0.0182829 E:0.170945
-1414478.5 -1705.4386
G:0.201633 F:0.0225505
-599511.95 -1705.4386
Targeting migration to vicinity of:
F E
D G
B A
A C

A B
A C
B A
C A
D G
D E
F G
F E
Trying A B
A:0.0319586 (B:0.0182829,C:0.010501):0.0192348
1->2 0.054776639 -503.35735 -1705.4386
2->1 0.065892279 -477.25249 -503.35735
p1->2 0.070723094 -931.6973 -477.25249
p2->1 0.3970964 -693.04118 -477.25249
A:0.130089 B:0.0182829
1->2 0.016727606 -1527.433 -477.25249
2->1 0.063700333 -473.76244 -477.25249
p1->2 0.014040899 -1631.6938 -473.76244
Trying A C
A:0.0319533 (C:0.00960194,B:0.0197133):0.0199043
A:0.0319533 C:0.00960194
1->2 0.016727606 -1527.2943 -473.76244
2->1 0.063832618 -474.16787 -473.76244
p1->2 0.014040899 -1631.901 -473.76244
Trying B A
(B:0.0173838,C:0.0117083):0.0199043 A:0.0319533
B:0.0173838 A:0.0319533
Trying C A
(B:0.0173838,C:0.0117083):0.0199043 A:0.0319533
C:0.0117083 A:0.0319533
Trying D E
D:0.0532601 (G:0.201633,E:0.170945):0.0912433
1->2 0.39786881 -931.71641 -473.76244
2->1 0.046731509 -931.71652 -473.76244
p2->1 4.0751289e-05 -1705.4392 -473.76244
D:0.0536516 E:0.170945
1->2 0.0025142115 -1701.3941 -473.76244
2->1 0.02840524 -931.68978 -473.76244
p1->2 0.42102641 -1705.4386 -473.76244
Trying D G
D:0.0536457 (G:0.135161,E:0.624775):0.157881
D:0.0536457 G:0.135161
1->2 0.023972237 -1360.4068 -473.76244
2->1 0.026142891 -912.37015 -473.76244
p1->2 0.42117655 -1542.3599 -473.76244
Trying F E
F:0.0225505 (E:0.103284,G:0.718121):0.158951
1->2 0.097772695 -693.04118 -473.76244
2->1 0.099995285 -693.04118 -473.76244
p2->1 6.2741972e-05 -1705.4386 -473.76244
F:0.0225533 E:0.170945
1->2 0.027079854 -1294.305 -473.76244
2->1 0.029897315 -626.05802 -473.76244
Trying F G
F:0.0251766 (G:0.201454,E:0.171125):0.0930236
F:0.0251766 G:0.201454
1->2 3.8719494e-07 -1705.4392 -473.76244
2->1 0.03475105 -693.04119 -473.76244
Migration added
Local updates around node 1: 0 ln(lk):-473.76244 
Local updates around node 2: 0 ln(lk):-473.76244 
Updates in migration position: 0 ln(lk):-473.76244 
Switches in migration direction: 0 ln(lk):-473.76244 
ln(likelihood):-473.76247 
Targeting migration to vicinity of:
D G
B F
C F
D E

B F
C F
B F
C F
D G
D E
D G
D E
Trying B F
B:0.0183028 F:0.0202918
1->2 0.018700175 -355.3656 -473.76247
2->1 0.010030115 -394.34164 -355.3656
p1->2 0.014385181 -421.00324 -355.3656
(C:0.010458,B:0.0182398):0.019687 F:0.0214309
2->1 0.040413067 40.956976 -355.3656
p1->2 0.051593695 -471.84353 40.956976
Trying C F
C:0.0104575 F:0.0237269
1->2 0.018528711 -373.54774 40.956976
2->1 0.011093902 -376.2037 40.956976
(B:0.0175199,C:0.0114945):0.0202027 F:0.0203011
Trying D E
D:0.0529126 (G:0.201633,E:0.170945):0.0894758
1->2 0.046731509 -5.7866741 40.956976
2->1 0.046731509 -5.7867164 40.956976
p2->1 4.0751289e-05 -473.76292 40.956976
D:0.0533255 E:0.170945
1->2 3.9084634e-07 -473.7628 40.956976
2->1 0.023059336 -5.5589687 40.956976
p1->2 0.3979882 -473.76247 40.956976
Trying D G
D:0.0533195 G:0.142304
1->2 0.021700654 -198.51324 40.956976
2->1 0.020636614 14.945806 40.956976
p1->2 0.040413067 -304.08982 40.956976
D:0.0533195 (E:0.166387,G:0.223704):0.0941631
Migration added
Local updates around node 1: 0 ln(lk):40.956976 
Local updates around node 2: 0 ln(lk):40.956976 
Updates in migration position: 1 ln(lk):74.471658 
Switches in migration direction: 0 ln(lk):74.471658 
Local updates around node 1: 0 ln(lk):74.471658 
Local updates around node 2: 0 ln(lk):74.471658 
Switches in migration direction: 0 ln(lk):74.471658 
Updates in migration position: 0 ln(lk):74.471658 
Trying all local rearrangements
Local rearrangements: 0 ln(lk):74.471658 
ln(likelihood):74.47184 
Targeting migration to vicinity of:
F E
A E
G C
B G

A E
F E
B G
D G
C G
A E
F E
G B
G D
G C
Trying A E
A:0.0433329 E:0.170945
1->2 0.028990248 246.32916 74.47184
2->1 0.0032380903 114.36854 246.32916
p1->2 0.029793506 245.98097 246.32916
p2->1 0.0053747296 74.47184 246.32916
Trying B G
(C:0.010501,B:0.0182829):0.0239864 G:0.201633
1->2 0.023109306 239.44431 246.32916
2->1 0.0037372047 156.34778 246.32916
p1->2 0.3970964 245.9803 246.32916
p2->1 1.5436006e-05 74.471842 246.32916
B:0.0182829 G:0.201633
1->2 0.021259526 231.58051 246.32916
2->1 0.0011853708 87.179523 246.32916
p2->1 3.0968394e-07 74.47183 246.32916
Trying C G
(C:0.010501,B:0.0182829):0.0239864 G:0.201633
C:0.010501 G:0.201633
1->2 0.021259526 231.58051 246.32916
2->1 0.0011566306 86.478112 246.32916
p2->1 2.8780828e-06 74.471915 246.32916
Trying D G
D:0.0506356 G:0.201633
1->2 0.030130707 245.98141 246.32916
2->1 0.0025052361 94.545304 246.32916
p2->1 4.0751289e-05 74.47184 246.32916
Trying F E
F:0.02787 E:0.170945
1->2 0.021139156 226.73121 246.32916
2->1 0.0035051624 117.85778 246.32916
p2->1 0.099995285 74.465041 246.32916
Trying G B
G:0.201633 (B:0.0182829,C:0.010501):0.0239726
G:0.201633 B:0.0182829
Trying G C
G:0.201633 (B:0.0182829,C:0.010501):0.0239726
G:0.201633 C:0.010501
Trying G D
G:0.201633 D:0.0506363
Migration added
Local updates around node 1: 0 ln(lk):246.32916 
Local updates around node 2: 0 ln(lk):246.32916 
Updates in migration position: 0 ln(lk):246.32916 
Switches in migration direction: 0 ln(lk):246.32916 
ln(likelihood):246.55474 
Targeting migration to vicinity of:
D E
G C
B G
A G

B G
D E
C G
B G
D E
C G
G B
G C
E D
Trying B G
B:0.0182829 G:0.198534
1->2 0.0002102414 246.57231 246.55474
2->1 2.8556096e-05 246.56299 246.57231
p1->2 0.00019600413 246.56661 246.57231
p2->1 1.9748804e-06 246.55474 246.57231
(C:0.0105008,B:0.0182831):0.0232848 G:0.198534
2->1 6.7300047e-05 246.59209 246.57231
p1->2 0.43606377 246.5551 246.59209
p2->1 1.3445585e-05 246.5549 246.59209
Trying C G
(C:0.010501,B:0.0182829):0.0232871 G:0.198534
C:0.010501 G:0.198534
1->2 0.00021876725 246.57061 246.59209
2->1 2.7701788e-05 246.56254 246.59209
p2->1 2.2804268e-06 246.55474 246.59209
Trying D E
D:0.0509748 E:0.184272
1->2 0.00034316847 246.60562 246.59209
2->1 0.00020395275 246.65771 246.60562
p1->2 0.099995285 246.55442 246.65771
p2->1 0.17948262 246.5551 246.65771
Trying E D
E:0.184272 D:0.0865828
Trying G B
G:0.198534 B:0.0182829
G:0.198534 (B:0.0182829,C:0.010501):0.0143672
Trying G C
G:0.198534 (B:0.0182829,C:0.010501):0.0143672
G:0.198534 C:0.010501
Migration added
Local updates around node 1: 0 ln(lk):246.65771 
Local updates around node 2: 0 ln(lk):246.65771 
Updates in migration position: 0 ln(lk):246.65771 
Switches in migration direction: 0 ln(lk):246.65771 
ln(likelihood):246.66861 
DONE.
