
TreeMix v. 1.13
$Revision: 231 $

npop:7 nsnp:18176136
Estimating covariance matrix in 12982 blocks of size 1400
SEED: 1607916735
Starting from:
((D:0.0720062,E:0.247831):0.0247767,C:0.0247767);
Adding F [4/7]
ln(likelihood): -40811.992 
((D:0.0820671,E:0.257628):0,(C:0.052432,F:0.092765):0);
Adding A [5/7]
ln(likelihood): -47723.883 
((D:0.0770451,E:0.253201):0,(C:0.0479998,(F:0.0495859,A:0.0362682):0.0543068):0);
Adding B [6/7]
ln(likelihood): -14293.904 
((((C:0.0113987,B:0.0191808):0.0188789,D:0.0546623):0.0369188,(F:0.0462555,A:0.0326475):0.0348425):0.134146,E:0.134146);
Adding G [7/7]
ln(likelihood): -99.367716 
(((F:0.0450985,A:0.0319586):0.0353344,(E:0.170947,G:0.201633):0.0914086):0.0185136,((C:0.0105008,B:0.0182829):0.0192344,D:0.0536459):0.0185136);
Testing global rearrangements
F:0.0450985 E:0.170947
-98029.39 -99.367716
F:0.0450985 (E:0.170947,G:0.201633):0.0914086
-15801.468 -99.367716
F:0.0450985 G:0.201633
-98029.39 -99.367716
(F:0.0450985,A:0.0319586):0.0353344 C:0.0105008
-89776.323 -99.367716
(F:0.0450985,A:0.0319586):0.0353344 (C:0.0105008,B:0.0182829):0.0192344
-40484.698 -99.367716
(F:0.0450985,A:0.0319586):0.0353344 B:0.0182829
-89776.323 -99.367716
A:0.0319586 E:0.170947
-99189.365 -99.367716
A:0.0319586 (E:0.170947,G:0.201633):0.0914086
-15801.468 -99.367716
A:0.0319586 G:0.201633
-99189.365 -99.367716
C:0.0105008 F:0.0450985
-109750.12 -99.367716
C:0.0105008 (F:0.0450985,A:0.0319586):0.0353344
-87698.3 -99.367716
C:0.0105008 A:0.0319586
-109750.12 -99.367716
C:0.0105008 ((C:0.0105008,B:0.0182829):0.0192344,D:0.0536459):0.0185136
-9447.187 -99.367716
D:0.0536459 F:0.0450985
-58924.041 -99.367716
D:0.0536459 (F:0.0450985,A:0.0319586):0.0353344
-40484.698 -99.367716
D:0.0536459 A:0.0319586
-58924.041 -99.367716
D:0.0536459 ((F:0.0450985,A:0.0319586):0.0353344,(E:0.170947,G:0.201633):0.0914086):0.0185136
-99.367716 -99.367716
D:0.0536459 E:0.170947
-165844.53 -99.367716
D:0.0536459 (E:0.170947,G:0.201633):0.0914086
-40484.698 -99.367716
D:0.0536459 G:0.201633
-165844.53 -99.367716
Targeting migration to vicinity of:
E F
D G
C A
A B

A C
A B
C A
B A
D E
D G
E F
G F
Trying A B
A:0.0319586 (C:0.0105008,B:0.0182829):0.0192344
1->2 0.055149082 99.918096 -99.367716
2->1 0.066113293 102.64331 99.918096
p1->2 0.078036837 28.180952 102.64331
p2->1 0.13286082 66.164602 102.64331
A:0.0510389 B:0.0182829
1->2 0.017016266 -69.490492 102.64331
2->1 0.063618705 103.28884 102.64331
p1->2 0.014252706 -86.991886 103.28884
Trying A C
A:0.0319586 C:0.00958796
1->2 0.016979244 -69.73013 103.28884
2->1 0.063832618 103.20145 103.28884
p1->2 0.014171434 -87.144674 103.28884
A:0.0319586 (B:0.0173754,C:0.0117196):0.0199102
Trying B A
(B:0.0173754,C:0.0117196):0.0199102 A:0.0319586
B:0.0173754 A:0.0319586
Trying C A
C:0.0117196 A:0.0319586
(B:0.0173754,C:0.0117196):0.0199102 A:0.0319586
Trying D E
D:0.0532567 E:0.170947
1->2 0.0025288016 -98.679377 103.28884
2->1 0.02840524 28.186386 103.28884
p1->2 0.25018033 -99.367716 103.28884
p2->1 0.051593695 28.180952 103.28884
D:0.0631399 (G:0.201633,E:0.170947):0.0922777
1->2 0.079074882 28.180952 103.28884
p1->2 0.99931085 -99.367716 103.28884
p2->1 0.016859977 -99.367716 103.28884
Trying D G
D:0.0555017 (G:0.201633,E:0.170947):0.0914086
D:0.0555017 G:0.201633
1->2 0.023619452 -43.631187 103.28884
2->1 0.026290987 31.242592 103.28884
p1->2 0.3970964 -71.52423 103.28884
Trying E F
E:0.109634 F:0.0450985
1->2 0.029793506 77.802112 103.28884
2->1 0.026682585 -31.656966 103.28884
p1->2 0.42102641 66.164602 103.28884
p2->1 0.03229196 -71.503873 103.28884
(G:0.1981,E:0.186174):0.0950581 F:0.0450985
2->1 0.11522258 66.164602 103.28884
p1->2 4.0751289e-05 -99.367751 103.28884
Trying G F
(G:0.201633,E:0.170947):0.0914086 F:0.0451036
G:0.201633 F:0.0451036
1->2 0.03475105 66.16454 103.28884
2->1 3.9084634e-07 -99.367848 103.28884
p2->1 0.43028674 -99.36769 103.28884
Migration added
Local updates around node 1: 0 ln(lk):103.28884 
Local updates around node 2: 0 ln(lk):103.28884 
Updates in migration position: 0 ln(lk):103.28884 
Switches in migration direction: 0 ln(lk):103.28884 
ln(likelihood):103.28884 
Targeting migration to vicinity of:
D G
F B
C F
E D

C F
B F
D E
D G
E D
G D
F C
F B
Trying B F
B:0.0183032 F:0.0405867
1->2 0.018634498 122.73627 103.28884
2->1 0.010159736 116.31467 122.73627
p1->2 0.014252706 111.61922 122.73627
p2->1 0.011182198 110.7878 122.73627
Trying C F
C:0.00975939 F:0.0405894
1->2 0.018569048 119.73993 122.73627
2->1 0.011261761 119.50274 122.73627
p2->1 0.011093902 113.69425 122.73627
C:0.0114122 (A:0.0411866,F:0.0405247):0.0397163
1->2 0.10177718 180.36852 122.73627
p1->2 0.69039536 180.3306 180.36852
p2->1 0.19058588 103.62599 180.36852
Trying D E
D:0.0532767 E:0.170947
1->2 3.8719494e-07 103.28875 180.36852
2->1 0.023109306 180.37174 180.36852
p1->2 0.033936135 103.28884 180.37174
p2->1 0.022640204 180.3306 180.37174
D:0.0578095 (G:0.201633,E:0.170947):0.0904385
1->2 0.079074882 180.3306 180.37174
p1->2 0.0051777032 103.28884 180.37174
p2->1 0.33671704 103.28884 180.37174
Trying D G
D:0.150714 G:0.201633
1->2 0.021455709 148.13465 180.37174
2->1 0.020827172 183.66082 180.37174
p1->2 0.65312707 132.39104 183.66082
D:0.0533199 (E:5.64867e-05,G:2.16587):0.260496
Trying E D
E:5.64867e-05 D:0.0533199
(E:5.64867e-05,G:2.16587):0.260496 D:0.0533199
Trying F B
F:0.0405867 B:0.0183032
Trying F C
F:0.0405867 C:0.0104667
(A:0.0411339,F:0.0405867):0.0388997 C:0.0104667
Trying G D
G:2.16587 D:0.0533199
(E:5.64867e-05,G:2.16587):0.260496 D:0.0533199
Migration added
Local updates around node 1: 0 ln(lk):183.66082 
Local updates around node 2: 0 ln(lk):183.66082 
Updates in migration position: 4 ln(lk):195.76285 
Switches in migration direction: 0 ln(lk):195.76285 
Local updates around node 1: 0 ln(lk):195.76285 
Local updates around node 2: 0 ln(lk):195.76285 
Switches in migration direction: 0 ln(lk):195.76285 
Updates in migration position: 0 ln(lk):195.76285 
Trying all local rearrangements
Local rearrangements: 0 ln(lk):195.76285 
ln(likelihood):195.78542 
Targeting migration to vicinity of:
E A
B G
C G
E F

C G
B G
C G
B G
E F
E A
E F
E A
Trying B G
B:0.0182829 G:0.201745
1->2 0.020754183 221.79944 195.78542
2->1 0.0014816187 199.14228 221.79944
p1->2 0.029420836 221.8132 221.79944
p2->1 3.0968394e-07 195.78542 221.8132
(C:0.0105008,B:0.018283):0.0166451 G:0.201745
2->1 0.0048009045 217.50418 221.8132
p1->2 0.069587864 221.95547 221.8132
p2->1 3.0968394e-07 195.78542 221.95547
Trying C G
(C:0.0105008,B:0.0182829):0.0166452 G:0.201745
C:0.0105008 G:0.201745
1->2 0.020754183 221.79945 221.95547
2->1 0.0014322192 198.90218 221.95547
p2->1 1.63079e-05 195.7855 221.95547
Trying E A
E:0.170837 A:0.042675
1->2 0.0023008205 200.09305 221.95547
2->1 0.030577701 221.55558 221.95547
p1->2 0.3825919 195.78519 221.95547
p2->1 0.030512087 221.11462 221.95547
E:0.185279 (F:0.0402456,A:0.0426188):0.0396259
1->2 0.0070466255 221.54513 221.95547
p2->1 0.012027409 195.78884 221.95547
Trying E F
E:0.176141 (F:0.0401715,A:0.0426741):0.0390138
E:0.176141 F:0.0401715
1->2 0.002680829 200.87703 221.95547
2->1 0.030577701 221.55558 221.95547
p1->2 4.0751289e-05 195.78542 221.95547
Migration added
Local updates around node 1: 0 ln(lk):221.95547 
Local updates around node 2: 0 ln(lk):221.95547 
Updates in migration position: 0 ln(lk):221.95547 
Switches in migration direction: 0 ln(lk):221.95547 
ln(likelihood):221.95827 
Targeting migration to vicinity of:
E A
F G
B G
C G

E A
G F
F G
A E
Trying A E
A:0.0427266 E:0.163302
1->2 0.0015361143 222.00717 221.95827
2->1 0.00019124725 221.98258 222.00717
p1->2 3.0968394e-07 221.95827 222.00717
p2->1 2.7442997e-05 221.95836 222.00717
Trying E A
E:0.163302 A:0.0427318
Trying F G
F:0.0401521 G:0.241362
1->2 0.0016040532 222.0056 222.00717
2->1 0.00018037626 221.9869 222.00717
p1->2 3.6306955e-07 221.95827 222.00717
p2->1 0.10146535 221.95827 222.00717
Trying G F
G:0.241362 F:0.0545658
Migration added
Local updates around node 1: 0 ln(lk):222.00717 
Local updates around node 2: 0 ln(lk):222.00717 
Updates in migration position: 0 ln(lk):222.00717 
Switches in migration direction: 0 ln(lk):222.00717 
ln(likelihood):222.02869 
Targeting migration to vicinity of:
F G
C A
A B
D F

A C
A B
C A
B A
C A
B A
F G
Trying A B
A:0.0429174 B:0.0182829
1->2 4.8660759e-06 222.02869 222.02869
2->1 3.5165056e-05 222.02875 222.02869
p1->2 3.0968394e-07 222.02869 222.02875
p2->1 4.924932e-05 222.02875 222.02875
A:0.0429251 (C:0.0105008,B:0.0182829):0.0166841
1->2 2.3189205e-05 222.02872 222.02875
p1->2 3.0968394e-07 222.02869 222.02875
p2->1 0.00013001174 222.02875 222.02875
Trying A C
A:0.0429361 (C:0.0105008,B:0.0182829):0.0166841
A:0.0429361 C:0.0105008
1->2 4.8660759e-06 222.02869 222.02875
2->1 3.5165056e-05 222.02875 222.02875
p1->2 3.0968394e-07 222.02869 222.02875
Trying B A
B:0.0182829 A:0.0429174
(B:0.0182829,C:0.0105008):0.0166838 A:0.0429174
Trying C A
(B:0.0182829,C:0.0105008):0.0166838 A:0.0429174
C:0.0105008 A:0.0429174
Trying F G
F:0.0400617 G:0.240976
1->2 7.24485e-05 222.02877 222.02875
2->1 3.0871831e-06 222.02874 222.02877
p1->2 3.6306955e-07 222.02869 222.02877
p2->1 4.0751289e-05 222.02871 222.02877
Migration added
Local updates around node 1: 0 ln(lk):222.02877 
Local updates around node 2: 0 ln(lk):222.02877 
Updates in migration position: 0 ln(lk):222.02877 
Switches in migration direction: 0 ln(lk):222.02877 
ln(likelihood):222.02878 
DONE.
