
TreeMix v. 1.13
$Revision: 231 $

npop:7 nsnp:18176136
Estimating covariance matrix in 11360 blocks of size 1600
SEED: 1607916876
Starting from:
(C:0.0244032,(D:0.0716052,G:0.277989):0.0244032);
Adding B [4/7]
ln(likelihood): -125996.34 
((D:0.0337904,(C:0,B:0.00731424):0):0.166798,G:0.166798);
Adding F [5/7]
ln(likelihood): -25254.941 
(((D:0.055031,(C:0.0118765,B:0.0196584):0.0192054):0.0470858,G:0.271125):0.040556,F:0.040556);
Adding A [6/7]
ln(likelihood): -12226.483 
(((D:0.0539701,(C:0.0107068,B:0.0184887):0.0188793):0.035683,(F:0.0452453,A:0.0316348):0.035711):0.149843,G:0.149843);
Adding E [7/7]
ln(likelihood): -62.024541 
(((F:0.045101,A:0.0319586):0.0353316,(G:0.201633,E:0.170945):0.0914088):0.0185125,(D:0.0536457,(C:0.010501,B:0.0182829):0.0192348):0.0185125);
Testing global rearrangements
F:0.045101 G:0.201633
-86048.007 -62.024541
F:0.045101 (G:0.201633,E:0.170945):0.0914088
-13840.542 -62.024541
F:0.045101 E:0.170945
-86048.007 -62.024541
(F:0.045101,A:0.0319586):0.0353316 C:0.010501
-78950.571 -62.024541
(F:0.045101,A:0.0319586):0.0353316 (C:0.010501,B:0.0182829):0.0192348
-35524.694 -62.024541
(F:0.045101,A:0.0319586):0.0353316 B:0.0182829
-78950.571 -62.024541
A:0.0319586 G:0.201633
-87066.213 -62.024541
A:0.0319586 (G:0.201633,E:0.170945):0.0914088
-13840.542 -62.024541
A:0.0319586 E:0.170945
-87066.213 -62.024541
D:0.0536457 A:0.0319586
-51673.668 -62.024541
C:0.010501 D:0.0536457
-8291.8565 -62.024541
DONE.
