
TreeMix v. 1.13
$Revision: 231 $

npop:7 nsnp:18176136
Estimating covariance matrix in 5680 blocks of size 3200
SEED: 1607916450
Starting from:
((G:0.267748,A:0.0610722):0.037481,B:0.037481);
Adding D [4/7]
ln(likelihood): -7950.2664 
((G:0.275615,A:0.0664836):0.018076,(B:0.0466316,D:0.0684335):0.018076);
Adding E [5/7]
ln(likelihood): -1249.9166 
((A:0.061964,(G:0.202848,E:0.17222):0.0956759):0.017072,(B:0.0366289,D:0.0572153):0.017072);
Adding F [6/7]
ln(likelihood): 27.144343 
(B:0.0188172,(D:0.053754,((G:0.201904,E:0.171101):0.0910612,(A:0.0321457,F:0.0449917):0.0356792):0.0370759):0.0188172);
Adding C [7/7]
ln(likelihood): 67.958202 
((B:0.0182829,(D:0.0536457,((G:0.201633,E:0.170945):0.0914088,(A:0.0319586,F:0.045101):0.0353316):0.037025):0.0192348):0.0052505,C:0.0052505);
Testing global rearrangements
B:0.0182829 A:0.0319586
-48981.377 67.958202
D:0.0536457 B:0.0182829
-4131.9781 67.958202
D:0.0536457 G:0.201633
-73697.153 67.958202
D:0.0536457 (G:0.201633,E:0.170945):0.0914088
-17884.447 67.958202
D:0.0536457 E:0.170945
-73697.153 67.958202
E:0.170945 F:0.045101
-43902.351 67.958202
A:0.0319586 B:0.0182829
-42213.197 67.958202
A:0.0319586 D:0.0536457
-23860.298 67.958202
A:0.0319586 C:0.0052505
-42213.197 67.958202
(A:0.0319586,F:0.045101):0.0353316 E:0.170945
-35861.849 67.958202
F:0.045101 B:0.0182829
-45232.214 67.958202
F:0.045101 D:0.0536457
-25331.73 67.958202
F:0.045101 ((G:0.201633,E:0.170945):0.0914088,(A:0.0319586,F:0.045101):0.0353316):0.037025
-6894.2736 67.958202
F:0.045101 C:0.0052505
-45232.214 67.958202
C:0.0052505 B:0.0182829
67.958202 67.958202
C:0.0052505 D:0.0536457
-4131.9781 67.958202
Targeting migration to vicinity of:
E F
G D
A B
A C

A B
A C
A B
A C
G F
E F
G D
E D
Trying A B
A:0.0319586 B:0.0182829
1->2 0.01707634 81.256421 67.958202
2->1 0.063618705 158.00168 81.256421
p1->2 0.014303165 73.465298 158.00168
p2->1 0.063832618 157.96191 158.00168
Trying A C
A:0.0411665 C:0.00423869
1->2 0.017016266 81.136986 158.00168
2->1 0.063832618 157.96191 158.00168
p1->2 0.014202423 73.391573 158.00168
Trying E D
E:0.170945 D:0.0532557
1->2 0.02840524 124.61817 158.00168
2->1 0.0025434764 68.26666 158.00168
p1->2 0.046731509 124.61561 158.00168
p2->1 3.8719494e-07 67.957945 158.00168
(G:0.201633,E:0.170946):0.0914088 D:0.0536457
2->1 0.43606377 124.61561 158.00168
p2->1 4.0751289e-05 67.958185 158.00168
Trying E F
E:0.170945 F:0.045101
1->2 0.029793506 146.66856 158.00168
2->1 0.026682585 98.054921 158.00168
p1->2 0.43591231 141.46739 158.00168
p2->1 0.04049908 80.379961 158.00168
(G:0.197273,E:0.190193):0.0958882 F:0.045101
2->1 0.17948262 141.46738 158.00168
p1->2 4.0751289e-05 67.958169 158.00168
Trying G D
(G:0.201633,E:0.170945):0.0914088 D:0.0536457
G:0.201633 D:0.0536457
1->2 0.026290987 125.96891 158.00168
2->1 0.023536913 92.657095 158.00168
p2->1 0.030857163 80.389514 158.00168
Trying G F
(E:0.16732,G:0.218403):0.0949177 F:0.045101
G:0.218403 F:0.045101
1->2 0.03475105 141.4674 158.00168
2->1 3.9084634e-07 67.958151 158.00168
p2->1 0.42102641 67.958202 158.00168
Migration added
Local updates around node 1: 0 ln(lk):158.00168 
Local updates around node 2: 0 ln(lk):158.00168 
Updates in migration position: 0 ln(lk):158.00168 
Switches in migration direction: 0 ln(lk):158.00168 
ln(likelihood):158.00168 
Targeting migration to vicinity of:
G D
B F
F C
D E

B F
C F
D G
D E
F B
F C
G D
E D
Trying B F
B:0.0183032 F:0.0405894
1->2 0.018634498 166.63122 158.00168
2->1 0.010159736 163.7844 166.63122
p1->2 0.018569048 165.30037 166.63122
p2->1 0.011221911 161.33348 166.63122
B:0.0194379 (A:0.0411286,F:0.0405921):0.0396616
1->2 0.10177718 192.23074 166.63122
p1->2 0.10177718 192.23074 192.23074
p2->1 0.23871307 158.83825 192.23074
Trying C F
C:0.00218764 F:0.0404753
1->2 0.018569048 165.30037 192.23074
2->1 0.011286461 165.20915 192.23074
p2->1 0.011093902 162.63199 192.23074
C:0.00570618 (A:0.0411864,F:0.0405275):0.0397132
1->2 0.10177718 192.23074 192.23074
p2->1 0.19249953 158.158 192.23074
Trying D E
D:0.0532757 (G:0.201633,E:0.170945):0.0897168
1->2 0.42137316 192.21365 192.23074
2->1 0.040413067 192.21365 192.23074
p1->2 4.0751289e-05 158.00167 192.23074
D:0.0533196 E:0.170945
1->2 5.6427712e-07 158.00165 192.23074
2->1 0.023109306 192.23228 192.23074
p1->2 3.8719494e-07 158.00141 192.23228
(((A:0.0411337,F:0.0405894):0.0395111,(G:0.201633,E:0.170946):0.0897449):0.0385718,D:0.0533196):0.0195786 E:0.170946
p1->2 3.8719494e-07 158.00115 192.23228
Trying D G
D:0.0533196 G:0.201633
1->2 0.021455709 177.89199 192.23228
2->1 0.020827172 193.6882 192.23228
p1->2 0.031247443 170.98844 193.6882
D:0.0533196 (E:0.167281,G:0.218618):0.0932716
Trying E D
(E:0.167281,G:0.218618):0.0932716 D:0.0533196
E:0.167281 D:0.0533196
Trying F B
F:0.0405894 B:0.0183032
(A:0.0411337,F:0.0405894):0.0388989 B:0.0183032
Trying F C
F:0.0405894 C:0.00523343
(A:0.0411337,F:0.0405894):0.0388989 C:0.00523343
Trying G D
G:0.218618 D:0.0533196
(E:0.167281,G:0.218618):0.0932716 D:0.0533196
Migration added
Local updates around node 1: 0 ln(lk):193.6882 
Local updates around node 2: 0 ln(lk):193.6882 
Updates in migration position: 4 ln(lk):199.02551 
Switches in migration direction: 0 ln(lk):199.02551 
Local updates around node 1: 0 ln(lk):199.02551 
Local updates around node 2: 0 ln(lk):199.02551 
Switches in migration direction: 0 ln(lk):199.02551 
Updates in migration position: 0 ln(lk):199.02551 
Trying all local rearrangements
Local rearrangements: 0 ln(lk):199.02551 
ln(likelihood):199.03532 
Targeting migration to vicinity of:
A E
G B
G C
E F

A E
F E
E A
E F
G B
G C
G B
G C
Trying A E
A:0.0426748 E:0.170836
1->2 0.030577701 210.53202 199.03532
2->1 0.0023141752 200.95635 210.53202
p1->2 0.030512087 210.338 210.53202
p2->1 0.0009253035 199.03523 210.53202
(F:0.0401328,A:0.0428008):0.0390497 E:0.170836
2->1 0.099995285 210.52712 210.53202
p1->2 0.011671776 199.0368 210.53202
Trying E A
E:0.17598 A:0.0426738
E:0.17598 (F:0.0401742,A:0.0426738):0.0390109
Trying E F
E:0.17598 F:0.0401742
1->2 0.0026963835 201.32351 210.53202
2->1 0.030577701 210.53202 210.53202
p1->2 4.0751289e-05 199.03532 210.53202
E:0.170836 (A:0.0426732,F:0.0401779):0.0390109
Trying F E
F:0.0401779 E:0.170836
(A:0.0426732,F:0.0401779):0.0390109 E:0.170836
Trying G B
G:0.201745 B:0.0182829
1->2 0.0014816187 200.53382 210.53202
2->1 0.020754183 210.6414 210.53202
p1->2 3.0968394e-07 199.03532 210.6414
p2->1 0.020754183 210.64141 210.6414
Trying G C
G:0.213005 C:0.0052505
1->2 0.0014373558 200.4249 210.64141
2->1 0.020754183 210.64141 210.64141
p1->2 1.1190189e-05 199.03534 210.64141
Migration added
Local updates around node 1: 0 ln(lk):210.64141 
Local updates around node 2: 0 ln(lk):210.64141 
Updates in migration position: 0 ln(lk):210.64141 
Switches in migration direction: 0 ln(lk):210.64141 
ln(likelihood):210.72984 
DONE.
