
TreeMix v. 1.13
$Revision: 231 $

npop:7 nsnp:18176136
Estimating covariance matrix in 8261 blocks of size 2200
SEED: 1607916592
Starting from:
((D:0.0515581,B:0.0284465):0.0629454,A:0.0629454);
Adding G [4/7]
ln(likelihood): -11522.687 
((D:0.0684339,B:0.0466313):0.0180779,(A:0.0664861,G:0.275614):0.0180779);
Adding C [5/7]
ln(likelihood): -15214.352 
(A:0.0339743,(G:0.272755,(D:0.0558207,(B:0.0204674,C:0.0126852):0.0192634):0.0466117):0.0339743);
Adding F [6/7]
ln(likelihood): -8917.2754 
(((D:0.0539702,(B:0.0184887,C:0.0107065):0.0188786):0.0356862,(A:0.0316345,F:0.0452418):0.0357154):0.149842,G:0.149842);
Adding E [7/7]
ln(likelihood): 9.4032463 
(((D:0.0536458,(B:0.0182828,C:0.0105006):0.0192342):0.0370283,(G:0.201633,E:0.170947):0.0914084):0.0176679,(A:0.0319583,F:0.0450975):0.0176679);
Testing global rearrangements
D:0.0536458 G:0.201633
-106611.8 9.4032463
D:0.0536458 (G:0.201633,E:0.170947):0.0914084
-25953.604 9.4032463
D:0.0536458 E:0.170947
-106611.8 9.4032463
(D:0.0536458,(B:0.0182828,C:0.0105006):0.0192342):0.0370283 A:0.0319583
-10070.06 9.4032463
B:0.0182828 (D:0.0536458,(B:0.0182828,C:0.0105006):0.0192342):0.0370283
-6043.539 9.4032463
B:0.0182828 G:0.201633
-161935.06 9.4032463
B:0.0182828 (G:0.201633,E:0.170947):0.0914084
-56736.344 9.4032463
B:0.0182828 E:0.170947
-161935.06 9.4032463
G:0.201633 F:0.0450975
-63580.291 9.4032463
A:0.0319583 D:0.0536458
-34646.714 9.4032463
A:0.0319583 (D:0.0536458,(B:0.0182828,C:0.0105006):0.0192342):0.0370283
-10070.06 9.4032463
A:0.0319583 B:0.0182828
-61075.252 9.4032463
A:0.0319583 (B:0.0182828,C:0.0105006):0.0192342
-34646.714 9.4032463
A:0.0319583 C:0.0105006
-61075.252 9.4032463
(A:0.0319583,F:0.0450975):0.0176679 E:0.170947
-51943.494 9.4032463
F:0.0450975 D:0.0536458
-36772.518 9.4032463
F:0.0450975 (D:0.0536458,(B:0.0182828,C:0.0105006):0.0192342):0.0370283
-10070.06 9.4032463
F:0.0450975 B:0.0182828
-65430.4 9.4032463
F:0.0450975 (B:0.0182828,C:0.0105006):0.0192342
-36772.518 9.4032463
F:0.0450975 C:0.0105006
-65430.4 9.4032463
Targeting migration to vicinity of:
F E
D G
A C
B A

A B
A C
B A
C A
D G
D E
F G
F E
Trying A B
A:0.0319583 B:0.0182828
1->2 0.01707634 28.625395 9.4032463
2->1 0.063618705 139.57788 28.625395
p1->2 0.014303165 17.366108 139.57788
p2->1 0.066113293 139.15898 139.57788
A:0.0415097 (C:0.0105006,B:0.0182828):0.0195622
1->2 0.055149082 137.51975 139.57788
p1->2 0.35389775 91.38161 139.57788
p2->1 0.39717013 115.67028 139.57788
Trying A C
A:0.13013 C:0.0105006
1->2 0.017016266 28.460771 139.57788
2->1 0.063832618 139.52083 139.57788
p1->2 0.014202423 17.263192 139.57788
A:0.0319583 (B:0.0173732,C:0.0117221):0.0199115
Trying B A
B:0.0173732 A:0.0319583
(B:0.0173732,C:0.0117221):0.0199115 A:0.0319583
Trying C A
C:0.0117221 A:0.0319583
(B:0.0173732,C:0.0117221):0.0199115 A:0.0319583
Trying D E
D:0.0532558 E:0.170947
1->2 0.0025288016 9.8476573 139.57788
2->1 0.02840524 91.385144 139.57788
p1->2 0.43606377 9.4032463 139.57788
p2->1 0.11543796 91.38161 139.57788
D:0.0754983 (G:0.201633,E:0.170947):0.0922777
1->2 0.090205498 91.38161 139.57788
p2->1 4.0751289e-05 9.4032261 139.57788
Trying D G
D:0.0536517 G:0.201633
1->2 0.023619452 45.172705 139.57788
2->1 0.026290987 93.342284 139.57788
p1->2 0.17986722 27.345418 139.57788
D:0.0536458 (E:0.150054,G:0.325122):0.112182
Trying F E
F:0.0450975 E:0.150054
1->2 0.026682585 52.907551 139.57788
2->1 0.029793506 123.17751 139.57788
p1->2 0.17898016 27.345418 139.57788
p2->1 0.2682336 115.67028 139.57788
F:0.103524 (G:0.201633,E:0.170947):0.0930242
1->2 0.17986722 115.67028 139.57788
p1->2 0.0002511449 9.4032463 139.57788
p2->1 0.00019600413 9.4032463 139.57788
Trying F G
F:0.0451152 G:0.201633
1->2 3.8719494e-07 9.4031618 139.57788
2->1 0.03475105 115.67021 139.57788
p1->2 0.12586832 9.4032463 139.57788
F:0.0450975 (E:0.157785,G:0.278938):0.104571
Migration added
Local updates around node 1: 0 ln(lk):139.57788 
Local updates around node 2: 0 ln(lk):139.57788 
Updates in migration position: 0 ln(lk):139.57788 
Switches in migration direction: 0 ln(lk):139.57788 
ln(likelihood):139.57788 
Targeting migration to vicinity of:
D G
B F
C F
D E

B F
C F
B F
C F
D G
D E
D G
D E
Trying B F
B:0.0183031 F:0.0405855
1->2 0.018634498 152.08594 139.57788
2->1 0.010159736 147.94788 152.08594
p1->2 0.014252706 144.92688 152.08594
p2->1 0.011221911 144.3987 152.08594
Trying C F
C:0.00975654 F:0.0405883
1->2 0.018569048 150.16065 152.08594
2->1 0.011286461 150.00494 152.08594
p2->1 0.011093902 146.27291 152.08594
C:0.011412 (A:0.0411864,F:0.0405236):0.019859
1->2 0.10177718 189.11436 152.08594
p1->2 0.69039536 189.08991 189.11436
Trying D E
D:0.0523282 (G:0.201633,E:0.170947):4.59624e-05
1->2 0.25018033 189.08991 189.11436
2->1 0.091048792 189.08991 189.11436
p2->1 4.0751289e-05 139.57787 189.11436
D:0.0533257 E:0.170947
1->2 3.9084634e-07 139.57782 189.11436
2->1 0.023109306 189.11655 189.11436
p1->2 0.3979882 139.57788 189.11655
Trying D G
D:0.0533198 (G:0.142303,E:0.570237):0.149074
D:0.0533198 G:0.142303
1->2 0.021455709 168.37423 189.11655
2->1 0.020827172 191.22481 189.11655
p1->2 0.3970964 158.33365 191.22481
Migration added
Local updates around node 1: 0 ln(lk):191.22481 
Local updates around node 2: 0 ln(lk):191.22481 
Updates in migration position: 4 ln(lk):198.95673 
Switches in migration direction: 0 ln(lk):198.95673 
Local updates around node 1: 0 ln(lk):198.95673 
Local updates around node 2: 0 ln(lk):198.95673 
Switches in migration direction: 0 ln(lk):198.95673 
Updates in migration position: 0 ln(lk):198.95673 
Trying all local rearrangements
Local rearrangements: 0 ln(lk):198.95673 
ln(likelihood):198.97149 
Targeting migration to vicinity of:
A E
B G
G C
F E

A E
F E
B G
C G
A E
F E
G B
G C
Trying A E
(A:0.0426944,F:0.0401607):0.0195105 E:0.170838
1->2 0.030512087 215.31622 198.97149
2->1 0.30637521 215.58924 215.31622
p2->1 1.9894611e-05 198.97149 215.58924
A:0.0426944 E:0.170838
1->2 0.030577701 215.59563 215.58924
2->1 0.0023359479 201.80273 215.59563
p2->1 5.9387647e-05 198.97175 215.59563
Trying B G
(C:0.0105006,B:0.0182828):0.0166419 G:0.201744
1->2 0.029523386 215.75604 215.59563
2->1 0.0048009045 213.00734 215.75604
p1->2 0.067786671 215.83947 215.75604
p2->1 3.3598884e-05 198.97155 215.83947
B:0.0182828 G:0.201745
1->2 0.020754183 215.74736 215.83947
2->1 0.0014816187 201.14184 215.83947
p2->1 3.0968394e-07 198.97149 215.83947
Trying C G
(C:0.0105006,B:0.0182829):0.0166428 G:0.201744
C:0.0105006 G:0.201744
1->2 0.020754183 215.74737 215.83947
2->1 0.0014373558 200.98531 215.83947
p2->1 2.1744359e-05 198.97158 215.83947
Trying F E
(F:0.0401608,A:0.0426943):0.0195101 E:0.170838
F:0.0401608 E:0.170838
1->2 0.030577701 215.59563 215.83947
2->1 0.0026712604 202.21632 215.83947
p2->1 0.0009889144 198.97149 215.83947
Trying G B
G:0.201744 (B:0.0182828,C:0.0105006):0.0166428
G:0.201744 B:0.0182828
Trying G C
G:0.201744 (B:0.0182828,C:0.0105006):0.0166428
G:0.201744 C:0.0105006
Migration added
Local updates around node 1: 0 ln(lk):215.83947 
Local updates around node 2: 0 ln(lk):215.83947 
Updates in migration position: 0 ln(lk):215.83947 
Switches in migration direction: 0 ln(lk):215.83947 
ln(likelihood):215.84013 
Targeting migration to vicinity of:
A E
G F
B G
G C

A E
F G
G F
E A
Trying A E
A:0.0427309 E:0.163434
1->2 0.0015651776 215.87251 215.84013
2->1 0.00019714423 215.85672 215.87251
p1->2 0.0013305692 215.84013 215.87251
p2->1 0.47155008 215.84028 215.87251
Trying E A
E:0.163434 A:0.260688
Trying F G
F:0 G:0.240585
1->2 0.0015799145 215.8698 215.87251
2->1 0.00017663061 215.85765 215.87251
p1->2 4.8053906e-05 215.84013 215.87251
p2->1 9.8237888e-07 215.84013 215.87251
Trying G F
G:0.240585 F:0.0401518
Migration added
Local updates around node 1: 0 ln(lk):215.87251 
Local updates around node 2: 0 ln(lk):215.87251 
Updates in migration position: 0 ln(lk):215.87251 
Switches in migration direction: 0 ln(lk):215.87251 
ln(likelihood):215.88552 
DONE.
