
TreeMix v. 1.13
$Revision: 231 $

npop:7 nsnp:18176136
Estimating covariance matrix in 7573 blocks of size 2400
SEED: 1607916735
Starting from:
((D:0.0720056,E:0.247831):0.0247767,C:0.0247767);
Adding F [4/7]
ln(likelihood): -24089.117 
((D:0.0820666,E:0.257627):0,(C:0.0524319,F:0.0927647):0);
Adding A [5/7]
ln(likelihood): -28167.076 
((D:0.0770445,E:0.2532):0,(C:0.0479998,(F:0.0495865,A:0.0362684):0.0543057):0);
Adding B [6/7]
ln(likelihood): -8406.1877 
((((C:0.0113987,B:0.0191808):0.0188792,D:0.0546621):0.036918,(F:0.046256,A:0.0326477):0.0348416):0.134146,E:0.134146);
Adding G [7/7]
ln(likelihood): 25.100341 
((((C:0.0105008,B:0.0182829):0.0192348,D:0.0536457):0.0370264,(F:0.045099,A:0.0319589):0.0353336):0.0457043,(E:0.170947,G:0.201633):0.0457043);
Testing global rearrangements
C:0.0105008 ((C:0.0105008,B:0.0182829):0.0192348,D:0.0536457):0.0370264
-5534.7575 25.100341
C:0.0105008 A:0.0319589
-64994.974 25.100341
D:0.0536457 C:0.0105008
-5534.7575 25.100341
D:0.0536457 E:0.170947
-97893.013 25.100341
D:0.0536457 (E:0.170947,G:0.201633):0.0457043
-23814.616 25.100341
D:0.0536457 G:0.201633
-97893.013 25.100341
F:0.045099 D:0.0536457
-33735.746 25.100341
F:0.045099 E:0.170947
-57750.943 25.100341
(F:0.045099,A:0.0319589):0.0353336 C:0.0105008
-53197.433 25.100341
(F:0.045099,A:0.0319589):0.0353336 (C:0.0105008,B:0.0182829):0.0192348
-23814.616 25.100341
(F:0.045099,A:0.0319589):0.0353336 B:0.0182829
-53197.433 25.100341
A:0.0319589 (((C:0.0105008,B:0.0182829):0.0192348,D:0.0536457):0.0370264,(F:0.045099,A:0.0319589):0.0353336):0.0457043
-9226.3194 25.100341
A:0.0319589 E:0.170947
-58427.12 25.100341
A:0.0319589 (E:0.170947,G:0.201633):0.0457043
-9226.3194 25.100341
A:0.0319589 G:0.201633
-58427.12 25.100341
Targeting migration to vicinity of:
E F
D G
A B
C A

A C
A B
C A
B A
D E
D G
E F
G F
Trying A B
A:0.0319589 B:0.0182829
1->2 0.01707634 42.750827 25.100341
2->1 0.063618705 144.64579 42.750827
p1->2 0.014303165 32.411025 144.64579
p2->1 0.066113293 144.2623 144.64579
A:0.0415101 (C:0.0105008,B:0.0182829):0.0195628
1->2 0.055149082 142.72053 144.64579
p1->2 0.39919356 100.34976 144.64579
p2->1 0.5109297 122.69861 144.64579
Trying A C
A:0.213744 C:0.0105008
1->2 0.017016266 42.595338 144.64579
2->1 0.063832618 144.59321 144.64579
p1->2 0.014202423 32.314579 144.64579
A:0.0319589 (B:0.0173734,C:0.0117223):0.0199121
Trying B A
B:0.0173734 A:0.0319589
(B:0.0173734,C:0.0117223):0.0199121 A:0.0319589
Trying C A
C:0.0117223 A:0.0319589
(B:0.0173734,C:0.0117223):0.0199121 A:0.0319589
Trying D E
D:0.0532556 E:0.170947
1->2 0.0025288016 25.508873 144.64579
2->1 0.02840524 100.35307 144.64579
p1->2 0.099995285 25.100341 144.64579
p2->1 0.076227464 100.34976 144.64579
D:0.067583 (G:0.201633,E:0.170947):0.0751759
1->2 0.14470783 100.34976 144.64579
p1->2 0.17724408 25.100341 144.64579
Trying D G
D:0.0536457 (G:0.201633,E:0.170947):0.0675172
D:0.0536457 G:0.201633
1->2 0.023536913 57.926518 144.64579
2->1 0.026290987 102.14903 144.64579
p1->2 0.091048792 41.580081 144.64579
Trying E F
E:0.161016 F:0.045099
1->2 0.029793506 129.595 144.64579
2->1 0.026682585 65.059775 144.64579
p1->2 0.43638465 122.69861 144.64579
p2->1 0.099995285 41.580081 144.64579
(G:0.190934,E:0.222843):0.0511134 F:0.045099
2->1 0.098679066 122.69861 144.64579
p2->1 0.18732169 25.100341 144.64579
Trying G F
(G:0.201633,E:0.170947):0.0692021 F:0.045099
G:0.201633 F:0.045099
1->2 0.03475105 122.69858 144.64579
2->1 3.0968394e-07 25.100267 144.64579
p2->1 0.14470783 25.100341 144.64579
Migration added
Local updates around node 1: 0 ln(lk):144.64579 
Local updates around node 2: 0 ln(lk):144.64579 
Updates in migration position: 0 ln(lk):144.64579 
Switches in migration direction: 0 ln(lk):144.64579 
ln(likelihood):144.6458 
Targeting migration to vicinity of:
D G
F B
C F
E D

C F
B F
D E
D G
E D
G D
F C
F B
Trying B F
B:0.0183032 F:0.0405873
1->2 0.018634498 156.11871 144.6458
2->1 0.010159736 152.3283 156.11871
p1->2 0.014252706 149.5472 156.11871
p2->1 0.011182198 149.07086 156.11871
Trying C F
C:0.00975941 (A:0.041129,F:0.0405901):0.0396632
1->2 0.10177718 190.11118 156.11871
2->1 0.011093902 150.79174 190.11118
p1->2 0.69039536 190.08863 190.11118
p2->1 0.0010846412 144.66101 190.11118
C:0.010543 F:0.0405854
1->2 0.018569048 154.35098 190.11118
2->1 0.011261761 154.21611 190.11118
Trying D E
D:0.0529064 (E:0.170947,G:0.201633):0.0447366
1->2 0.49459964 190.08863 190.11118
2->1 0.022640204 190.08863 190.11118
p1->2 0.99995428 144.72129 190.11118
D:0.053318 E:0.170947
1->2 3.0968394e-07 144.64574 190.11118
2->1 0.023109306 190.11318 190.11118
p1->2 0.029091341 144.6458 190.11318
Trying D G
D:0.0533196 G:0.198944
1->2 0.021455709 171.07436 190.11318
2->1 0.020827172 192.04807 190.11318
p1->2 0.65312707 161.87268 192.04807
D:0.0533196 (E:5.64921e-05,G:2.16587):0.130248
Trying E D
(E:5.64921e-05,G:2.16587):0.130248 D:0.0533196
E:5.64921e-05 D:0.0533196
Trying F B
F:0.0405873 B:0.0183032
Trying F C
(A:0.0411341,F:0.0405873):0.0388987 C:0.0104667
F:0.0405873 C:0.0104667
Trying G D
G:2.16587 D:0.0533196
(E:5.64921e-05,G:2.16587):0.130248 D:0.0533196
Migration added
Local updates around node 1: 0 ln(lk):192.04807 
Local updates around node 2: 0 ln(lk):192.04807 
Updates in migration position: 4 ln(lk):199.1485 
Switches in migration direction: 0 ln(lk):199.1485 
Local updates around node 1: 0 ln(lk):199.1485 
Local updates around node 2: 0 ln(lk):199.1485 
Switches in migration direction: 0 ln(lk):199.1485 
Updates in migration position: 0 ln(lk):199.1485 
Trying all local rearrangements
Local rearrangements: 0 ln(lk):199.1485 
ln(likelihood):199.16179 
Targeting migration to vicinity of:
E A
B G
C G
E F

C G
B G
C G
B G
E F
E A
E F
E A
Trying B G
B:0.0182829 G:0.201744
1->2 0.020754183 214.57019 199.16179
2->1 0.0014816187 201.1557 214.57019
p1->2 0.029523386 214.57807 214.57019
p2->1 3.0968394e-07 199.16179 214.57807
(C:0.0105008,B:0.018283):0.0166432 G:0.201744
2->1 0.0048009045 212.05488 214.57807
p1->2 0.067786671 214.65473 214.57807
p2->1 3.0740728e-05 199.16184 214.65473
Trying C G
C:0.0105008 G:0.201744
1->2 0.020754183 214.5702 214.65473
2->1 0.0014373558 201.0113 214.65473
p2->1 2.1744359e-05 199.16188 214.65473
(B:0.0182811,C:0.0105032):0.0166445 G:0.201744
Trying E A
E:0.170838 (A:0.0426948,F:0.0401624):0.0390178
1->2 0.0070466255 214.42483 214.65473
2->1 0.030512087 214.17171 214.65473
p1->2 0.9999103 199.1618 214.65473
p2->1 0.17998619 199.1618 214.65473
E:0.278344 A:0.0426949
1->2 0.0023359479 201.75945 214.65473
2->1 0.030577701 214.43071 214.65473
p1->2 0.46856651 199.16458 214.65473
Trying E F
E:0.170838 (F:0,A:0.257642):0.0791843
E:0.170838 F:0
1->2 0.0026712604 202.14634 214.65473
2->1 0.030577701 214.43071 214.65473
p1->2 0.0053747296 199.1618 214.65473
Migration added
Local updates around node 1: 0 ln(lk):214.65473 
Local updates around node 2: 0 ln(lk):214.65473 
Updates in migration position: 0 ln(lk):214.65473 
Switches in migration direction: 0 ln(lk):214.65473 
ln(likelihood):214.65542 
Targeting migration to vicinity of:
E A
F G
B G
C G

E A
G F
F G
A E
Trying A E
A:0.0427315 E:0.163434
1->2 0.0015561384 214.6849 214.65542
2->1 0.00019417335 214.67039 214.6849
p1->2 3.0968394e-07 214.65542 214.6849
p2->1 3.7855272e-05 214.65552 214.6849
Trying E A
E:0.163434 A:0.0427386
Trying F G
F:0.0401499 G:0.240585
1->2 0.0015890915 214.68291 214.6849
2->1 0.00017933312 214.67177 214.6849
p1->2 5.5687517e-05 214.65542 214.6849
p2->1 0.099838786 214.65542 214.6849
Trying G F
G:0.240585 F:0.0542901
Migration added
Local updates around node 1: 0 ln(lk):214.6849 
Local updates around node 2: 0 ln(lk):214.6849 
Updates in migration position: 0 ln(lk):214.6849 
Switches in migration direction: 0 ln(lk):214.6849 
ln(likelihood):214.69709 
Targeting migration to vicinity of:
F G
E D
A B
C A

A C
A B
C A
B A
E D
F G
Trying A B
A:0.0429273 (C:0.0105008,B:0.0182829):0.0166838
1->2 1.6461689e-05 214.6971 214.69709
2->1 1.9594758e-05 214.6971 214.6971
p1->2 1.6969365e-05 214.69709 214.6971
p2->1 1.6557458e-05 214.69709 214.6971
A:0.0429301 B:0.0182829
1->2 2.8780828e-06 214.69709 214.6971
2->1 1.3990952e-05 214.6971 214.6971
p1->2 2.2804268e-06 214.69709 214.6971
Trying A C
A:0.0429273 (C:0.0105007,B:0.0182832):0.0166839
A:0.0429273 C:0.0105007
1->2 2.8780828e-06 214.69709 214.6971
2->1 1.3990952e-05 214.6971 214.6971
p1->2 2.2804268e-06 214.69709 214.6971
Trying B A
(B:0.0182828,C:0.010501):0.0166839 A:0.0429273
B:0.0182828 A:0.0429273
Trying C A
(B:0.0182828,C:0.010501):0.0166839 A:0.0429273
C:0.010501 A:0.0429273
Trying E D
E:0.164599 D:0.0593118
1->2 7.4221166e-06 214.69709 214.6971
2->1 0.00019417335 214.69709 214.6971
p1->2 0.00017234383 214.6971 214.6971
p2->1 0.0081748953 214.6971 214.6971
Trying F G
F:0.0400575 G:0.239253
1->2 0.00013001174 214.6971 214.6971
2->1 2.8082206e-06 214.6971 214.6971
p1->2 0.00016974664 214.69709 214.6971
p2->1 7.4921095e-06 214.69709 214.6971
Migration added
Local updates around node 1: 0 ln(lk):214.6971 
Local updates around node 2: 0 ln(lk):214.6971 
Updates in migration position: 0 ln(lk):214.6971 
Switches in migration direction: 0 ln(lk):214.6971 
ln(likelihood):214.6971 
DONE.
