
TreeMix v. 1.13
$Revision: 231 $

npop:7 nsnp:18176136
Estimating covariance matrix in 5345 blocks of size 3400
SEED: 1607916169
Starting from:
((D:0.0478522,C:0.0169058):0.0704338,F:0.0704338);
Adding G [4/7]
ln(likelihood): -6676.4638 
((D:0.0676105,C:0.0379752):0.0195934,(F:0.0786178,G:0.27392):0.0195934);
Adding B [5/7]
ln(likelihood): -12036.447 
(F:0.0405567,(G:0.271125,(D:0.0550307,(C:0.0118759,B:0.019658):0.0192046):0.0470911):0.0405567);
Adding A [6/7]
ln(likelihood): -5756.5425 
(((D:0.0539698,(C:0.0107062,B:0.0184883):0.0188781):0.0356885,(F:0.0452397,A:0.0316339):0.0357183):0.149842,G:0.149842);
Adding E [7/7]
ln(likelihood): 75.521631 
(((D:0.0536453,(C:0.0105003,B:0.0182824):0.0192337):0.0370306,(G:0.201633,E:0.170948):0.0914091):0.0176694,(F:0.0450955,A:0.0319576):0.0176694);
Testing global rearrangements
D:0.0536453 G:0.201633
-69394.628 75.521631
D:0.0536453 (G:0.201633,E:0.170948):0.0914091
-16834.948 75.521631
D:0.0536453 E:0.170948
-69394.628 75.521631
(D:0.0536453,(C:0.0105003,B:0.0182824):0.0192337):0.0370306 A:0.0319576
-6482.2598 75.521631
C:0.0105003 (D:0.0536453,(C:0.0105003,B:0.0182824):0.0192337):0.0370306
-3879.177 75.521631
C:0.0105003 G:0.201633
-104699.59 75.521631
C:0.0105003 (G:0.201633,E:0.170948):0.0914091
-36930.87 75.521631
C:0.0105003 E:0.170948
-104699.59 75.521631
G:0.201633 F:0.0450955
-41326.051 75.521631
F:0.0450955 D:0.0536453
-23847.269 75.521631
F:0.0450955 (D:0.0536453,(C:0.0105003,B:0.0182824):0.0192337):0.0370306
-6482.2598 75.521631
F:0.0450955 C:0.0105003
-42583.845 75.521631
F:0.0450955 (C:0.0105003,B:0.0182824):0.0192337
-23847.269 75.521631
F:0.0450955 B:0.0182824
-42583.845 75.521631
(F:0.0450955,A:0.0319576):0.0176694 E:0.170948
-33750.922 75.521631
A:0.0319576 D:0.0536453
-22462.447 75.521631
A:0.0319576 (D:0.0536453,(C:0.0105003,B:0.0182824):0.0192337):0.0370306
-6482.2598 75.521631
A:0.0319576 C:0.0105003
-39742.878 75.521631
A:0.0319576 (C:0.0105003,B:0.0182824):0.0192337
-22462.447 75.521631
A:0.0319576 B:0.0182824
-39742.878 75.521631
Targeting migration to vicinity of:
F E
D G
B A
C A

C A
B A
C A
B A
D G
D E
F G
F E
Trying B A
B:0.0182824 A:0.0319576
1->2 0.063618705 160.22029 75.521631
2->1 0.01707634 88.044501 160.22029
p1->2 0.066113293 159.94481 160.22029
p2->1 0.014303165 80.710055 160.22029
(C:0.00958407,B:0.0197402):0.019916 A:0.0319576
2->1 0.055264656 158.95394 160.22029
p1->2 0.099120617 144.62961 160.22029
p2->1 0.12437277 128.9064 160.22029
Trying C A
C:0.0105003 A:0.0319576
1->2 0.063832618 160.18244 160.22029
2->1 0.017016266 87.930736 160.22029
p2->1 0.014202423 80.640119 160.22029
(B:0.0173727,C:0.0117218):0.0199111 A:0.0319576
Trying D E
D:0.0532552 E:0.170948
1->2 0.0025288016 75.812444 160.22029
2->1 0.028504353 128.90872 160.22029
p1->2 0.43606377 75.521631 160.22029
p2->1 0.051593695 128.9064 160.22029
D:0.0631399 (G:0.201633,E:0.170948):0.0922785
1->2 0.099995285 128.9064 160.22029
p2->1 4.0751289e-05 75.521618 160.22029
Trying D G
D:0.0536512 G:0.201633
1->2 0.023536913 98.78452 160.22029
2->1 0.026290987 130.18085 160.22029
p1->2 0.18552299 87.222671 160.22029
D:0.0536453 (E:0.149276,G:0.330427):0.112962
Trying F E
F:0.0450955 E:0.149276
1->2 0.026589634 103.83965 160.22029
2->1 0.029793506 149.52894 160.22029
p1->2 0.099995285 87.222671 160.22029
p2->1 0.35938364 144.62961 160.22029
F:0.142566 (G:0.201633,E:0.170948):0.0930245
1->2 0.076227464 144.62961 160.22029
p1->2 0.00012879728 75.521631 160.22029
p2->1 0.0008357527 75.521631 160.22029
Trying F G
F:0.0451709 G:0.201633
1->2 3.8719494e-07 75.521575 160.22029
2->1 0.03475105 144.62951 160.22029
p1->2 0.12586832 75.521631 160.22029
F:0.0450955 (E:0.157786,G:0.278938):0.104571
Migration added
Local updates around node 1: 0 ln(lk):160.22029 
Local updates around node 2: 0 ln(lk):160.22029 
Updates in migration position: 0 ln(lk):160.22029 
Switches in migration direction: 0 ln(lk):160.22029 
ln(likelihood):160.22029 
DONE.
