
TreeMix v. 1.13
$Revision: 231 $

npop:7 nsnp:18176136
Estimating covariance matrix in 4783 blocks of size 3800
SEED: 1607916876
Starting from:
(C:0.0244032,(D:0.0716056,G:0.277989):0.0244032);
Adding B [4/7]
ln(likelihood): -53981.759 
((D:0.0337906,(C:0,B:0.00731431):0):0.166798,G:0.166798);
Adding F [5/7]
ln(likelihood): -10775.556 
(((D:0.0550311,(C:0.0118763,B:0.0196584):0.0192053):0.0470867,G:0.271125):0.040556,F:0.040556);
Adding A [6/7]
ln(likelihood): -5145.5561 
(((D:0.0539701,(C:0.0107066,B:0.0184886):0.0188791):0.035684,(F:0.0452437,A:0.0316351):0.0357126):0.149842,G:0.149842);
Adding E [7/7]
ln(likelihood): 87.933466 
(((F:0.0450994,A:0.0319589):0.0353331,(G:0.201633,E:0.170947):0.0914083):0.018513,(D:0.0536458,(C:0.0105008,B:0.0182828):0.0192347):0.018513);
Testing global rearrangements
F:0.0450994 G:0.201633
-36620.98 87.933466
F:0.0450994 (G:0.201633,E:0.170947):0.0914083
-5784.6187 87.933466
F:0.0450994 E:0.170947
-36620.98 87.933466
(F:0.0450994,A:0.0319589):0.0353331 C:0.0105008
-33822.275 87.933466
(F:0.0450994,A:0.0319589):0.0353331 (C:0.0105008,B:0.0182828):0.0192347
-15059.542 87.933466
(F:0.0450994,A:0.0319589):0.0353331 B:0.0182828
-33822.275 87.933466
A:0.0319589 G:0.201633
-37047.498 87.933466
A:0.0319589 (G:0.201633,E:0.170947):0.0914083
-5784.6187 87.933466
A:0.0319589 E:0.170947
-37047.498 87.933466
D:0.0536458 A:0.0319589
-21888.174 87.933466
C:0.0105008 D:0.0536458
-3458.2417 87.933466
DONE.
