
TreeMix v. 1.13
$Revision: 231 $

npop:7 nsnp:18176136
Estimating covariance matrix in 90880 blocks of size 200
SEED: 1607916450
Starting from:
((G:0.267748,A:0.0610722):0.037481,B:0.037481);
Adding D [4/7]
ln(likelihood): -107539.05 
((G:0.275615,A:0.0664836):0.018076,(B:0.0466316,D:0.0684335):0.018076);
Adding E [5/7]
ln(likelihood): -18313.551 
((A:0.061964,(G:0.202848,E:0.17222):0.0956759):0.017072,(B:0.0366289,D:0.0572153):0.017072);
Adding F [6/7]
ln(likelihood): -1583.4924 
(B:0.0188172,(D:0.053754,((G:0.201904,E:0.171101):0.0910612,(A:0.0321457,F:0.0449917):0.0356792):0.0370759):0.0188172);
Adding C [7/7]
ln(likelihood): -1705.4386 
(B:0.00914143,((D:0.0536457,((G:0.201633,E:0.170945):0.0914088,(A:0.0319586,F:0.045101):0.0353316):0.037025):0.0192348,C:0.010501):0.00914143);
Testing global rearrangements
B:0.00914143 A:0.0319586
-630683.77 -1705.4386
B:0.00914143 C:0.010501
-1705.4386 -1705.4386
D:0.0536457 G:0.201633
-989291.75 -1705.4386
D:0.0536457 (G:0.201633,E:0.170945):0.0914088
-244881.86 -1705.4386
D:0.0536457 E:0.170945
-989291.75 -1705.4386
E:0.170945 F:0.045101
-599511.95 -1705.4386
A:0.0319586 B:0.00914143
-558185.81 -1705.4386
A:0.0319586 D:0.0536457
-338844.97 -1705.4386
A:0.0319586 C:0.010501
-558185.81 -1705.4386
(A:0.0319586,F:0.045101):0.0353316 E:0.170945
-489378.33 -1705.4386
F:0.045101 B:0.00914143
-596865.18 -1705.4386
F:0.045101 D:0.0536457
-358548.43 -1705.4386
F:0.045101 C:0.010501
-596865.18 -1705.4386
C:0.010501 B:0.00914143
-1705.4386 -1705.4386
C:0.010501 D:0.0536457
-53403.447 -1705.4386
Targeting migration to vicinity of:
E F
G D
A B
A C

A B
A C
A B
A C
G F
E F
G D
E D
Trying A B
A:0.0319586 B:0.00914143
1->2 0.016727606 -1527.4328 -1705.4386
2->1 0.063700333 -473.76244 -1527.4328
p1->2 0.014040899 -1631.6149 -473.76244
Trying A C
A:0.0319586 C:0.00960197
1->2 0.016727606 -1527.2941 -473.76244
2->1 0.063832618 -474.16786 -473.76244
p1->2 0.014040899 -1631.8227 -473.76244
p2->1 0.063700333 -473.76244 -473.76244
Trying E D
(G:0.201633,E:0.170945):0.0897432 D:0.0533196
1->2 0.040413067 -931.71641 -473.76244
2->1 0.058598913 -931.71641 -473.76244
p2->1 4.0751289e-05 -1705.4389 -473.76244
E:0.170945 D:0.0536457
1->2 0.02840524 -931.68974 -473.76244
2->1 0.0025052361 -1701.3937 -473.76244
p2->1 3.8719494e-07 -1705.442 -473.76244
Trying E F
((F:0.045101,A:0.0319586):0.0353316,(G:0.201633,E:0.170946):0.0914088):0.0370251 F:0.045101
1->2 4.0751289e-05 -1705.4391 -473.76244
p1->2 3.8719494e-07 -1705.4469 -473.76244
(G:0.201633,E:0.170945):0.0914088 F:0.045101
1->2 0.42122295 -693.04142 -473.76244
2->1 0.17948262 -693.0414 -473.76244
E:0.170945 F:0.0463941
1->2 0.029897315 -626.05789 -473.76244
2->1 0.027079854 -1294.305 -473.76244
p2->1 0.046731509 -1542.36 -473.76244
Trying G D
G:0.196646 D:0.0536457
1->2 0.026142891 -912.37013 -473.76244
2->1 0.023972237 -1360.4065 -473.76244
p2->1 0.030857163 -1542.2301 -473.76244
(E:0.16732,G:0.218403):0.0949177 D:0.0536455
Trying G F
G:0.218403 F:0.045101
1->2 0.03475105 -693.04113 -473.76244
2->1 3.9084634e-07 -1705.4391 -473.76244
p2->1 0.39786881 -1705.4386 -473.76244
((E:0.110545,G:0.656445):0.151809,(A:0.0319586,F:0.045101):0.0353316):0.037025 F:0.045101
(E:0.110545,G:0.656445):0.151809 F:0.045101
Migration added
Local updates around node 1: 0 ln(lk):-473.76244 
Local updates around node 2: 0 ln(lk):-473.76244 
Updates in migration position: 0 ln(lk):-473.76244 
Switches in migration direction: 0 ln(lk):-473.76244 
ln(likelihood):-473.76247 
Targeting migration to vicinity of:
G D
B F
F C
D E

B F
C F
D G
D E
F B
F C
G D
E D
Trying B F
B:0.0172518 F:0.0405837
1->2 0.018700175 -355.36547 -473.76247
2->1 0.010030115 -394.34164 -355.36547
p2->1 0.011015512 -428.3876 -355.36547
B:0.0194162 (A:0.0411413,F:0.0405863):0.0396644
1->2 0.10177718 -5.5679524 -355.36547
p2->1 0.21657376 -464.58206 -5.5679524
Trying C F
C:0.00510057 F:0.0404829
1->2 0.018528711 -373.54761 -5.5679524
2->1 0.011093902 -376.2037 -5.5679524
p1->2 0.020075126 -364.98242 -5.5679524
p2->1 0.010928518 -412.02081 -5.5679524
C:0.0113986 (A:0.0411983,F:0.0405226):0.0397156
1->2 0.10177718 -5.5679524 -5.5679524
p1->2 0.10177718 -5.5679524 -5.5679524
p2->1 0.17141654 -472.43417 -5.5679524
Trying D E
(D:0.0532835,((G:0.201633,E:0.170945):0.0897214,(A:0.0411689,F:0.0405556):0.0395407):0.0386115):0.0236646 E:0.170945
1->2 3.8719494e-07 -473.76603 -5.5679524
p1->2 3.8719494e-07 -473.76944 -5.5679524
D:0.0533195 E:0.170946
1->2 5.6427712e-07 -473.76291 -5.5679524
2->1 0.023059336 -5.5590743 -5.5679524
p2->1 0.051593695 -5.7867123 -5.5590743
D:0.0626014 (G:0.201633,E:0.170945):0.0904363
1->2 0.077303804 -5.7867123 -5.5590743
p1->2 4.0751289e-05 -473.76263 -5.5590743
Trying D G
D:0.0533195 (G:0.201633,E:0.170945):0.089752
D:0.0533195 G:0.201633
1->2 0.021700654 -198.51321 -5.5590743
2->1 0.020636614 14.94577 -5.5590743
p1->2 0.031139096 -304.08149 14.94577
Trying E D
E:0.167294 D:0.0533195
(E:0.167294,G:0.218556):0.0932571 D:0.0533195
Trying F B
F:0.0405837 B:0.0172515
(A:0.0411463,F:0.0405837):0.0389064 B:0.0172515
Trying F C
F:0.0405837 C:0.0104674
(A:0.0411463,F:0.0405837):0.0389064 C:0.0104674
Trying G D
(E:0.167294,G:0.218556):0.0932571 D:0.0533195
G:0.218556 D:0.0533195
Migration added
Local updates around node 1: 0 ln(lk):14.94577 
Local updates around node 2: 0 ln(lk):14.94577 
Updates in migration position: 1 ln(lk):70.777711 
Switches in migration direction: 0 ln(lk):70.777711 
Local updates around node 1: 0 ln(lk):70.777711 
Local updates around node 2: 0 ln(lk):70.777711 
Switches in migration direction: 0 ln(lk):70.777711 
Updates in migration position: 0 ln(lk):70.777711 
Trying all local rearrangements
Local rearrangements: 0 ln(lk):70.777711 
ln(likelihood):91.198114 
Targeting migration to vicinity of:
E F
G B
G C
A E

A E
F E
E A
E F
G B
G C
G B
G C
Trying A E
(A:0.0430563,F:0.0400586):0.0391775 E:0.170837
1->2 0.040413067 238.97102 91.198114
2->1 0.098679066 238.97103 238.97102
p1->2 4.0751289e-05 91.19783 238.97103
A:0.0430563 E:0.170854
1->2 0.029690048 239.1491 238.97103
2->1 0.0027473387 115.45371 239.1491
p2->1 4.0370596e-05 91.198123 239.1491
Trying E A
E:0.170837 (F:0.0400569,A:0.0430618):0.0391792
E:0.170837 A:0.0430618
Trying E F
E:0.170837 (F:0.0400569,A:0.0430618):0.0391792
E:0.170837 F:0.0400569
1->2 0.0023008205 116.38737 239.1491
2->1 0.030235654 238.98863 239.1491
p1->2 0.3970964 91.198114 239.1491
Trying F E
(A:0.0172524,F:0.153004):0.0649814 E:0.170837
F:0.153004 E:0.170837
Trying G B
G:0.201744 B:0.00914143
1->2 0.0014322192 109.98467 239.1491
2->1 0.020636614 240.83502 239.1491
p1->2 3.0968394e-07 91.198107 240.83502
Trying G C
G:0.201744 C:0.010501
1->2 0.0013975023 108.88234 240.83502
2->1 0.020636614 240.83502 240.83502
p1->2 9.5448031e-06 91.198272 240.83502
p2->1 0.020636614 240.83502 240.83502
Migration added
Local updates around node 1: 0 ln(lk):240.83502 
Local updates around node 2: 0 ln(lk):240.83502 
Updates in migration position: 5 ln(lk):246.10858 
Switches in migration direction: 0 ln(lk):246.10858 
Local updates around node 1: 0 ln(lk):246.10858 
Local updates around node 2: 0 ln(lk):246.10858 
Switches in migration direction: 0 ln(lk):246.10858 
Updates in migration position: 0 ln(lk):246.10858 
Trying all local rearrangements
Local rearrangements: 0 ln(lk):246.10858 
ln(likelihood):246.16514 
DONE.
