
TreeMix v. 1.13
$Revision: 231 $

npop:7 nsnp:18176136
Estimating covariance matrix in 6990 blocks of size 2600
SEED: 1607916735
Starting from:
((D:0.0720066,E:0.247832):0.0247767,C:0.0247767);
Adding F [4/7]
ln(likelihood): -22246.493 
((D:0.0820676,E:0.257628):0,(C:0.0524321,F:0.0927654):0);
Adding A [5/7]
ln(likelihood): -26018.729 
((D:0.0770456,E:0.253201):0,(C:0.0479998,(F:0.0495843,A:0.0362675):0.0543093):0);
Adding B [6/7]
ln(likelihood): -7759.9227 
((((C:0.0113984,B:0.0191808):0.0188784,D:0.0546623):0.0369202,(F:0.0462539,A:0.0326468):0.0348444):0.134146,E:0.134146);
Adding G [7/7]
ln(likelihood): 38.41753 
((((C:0.0105006,B:0.0182829):0.019234,D:0.0536459):0.0370286,(F:0.045097,A:0.0319579):0.0353364):0.0457041,(E:0.170947,G:0.201633):0.0457041);
Testing global rearrangements
C:0.0105006 ((C:0.0105006,B:0.0182829):0.019234,D:0.0536459):0.0370286
-5103.1576 38.41753
C:0.0105006 A:0.0319579
-60084.564 38.41753
D:0.0536459 C:0.0105006
-5103.1576 38.41753
D:0.0536459 E:0.170947
-90435.682 38.41753
D:0.0536459 (E:0.170947,G:0.201633):0.0457041
-21986.54 38.41753
D:0.0536459 G:0.201633
-90435.682 38.41753
F:0.045097 D:0.0536459
-31146.207 38.41753
F:0.045097 E:0.170947
-53357.956 38.41753
(F:0.045097,A:0.0319579):0.0353364 C:0.0105006
-49177.634 38.41753
(F:0.045097,A:0.0319579):0.0353364 (C:0.0105006,B:0.0182829):0.019234
-21986.54 38.41753
(F:0.045097,A:0.0319579):0.0353364 B:0.0182829
-49177.634 38.41753
A:0.0319579 (((C:0.0105006,B:0.0182829):0.019234,D:0.0536459):0.0370286,(F:0.045097,A:0.0319579):0.0353364):0.0457041
-8511.3647 38.41753
A:0.0319579 E:0.170947
-53982.24 38.41753
A:0.0319579 (E:0.170947,G:0.201633):0.0457041
-8511.3647 38.41753
A:0.0319579 G:0.201633
-53982.24 38.41753
Targeting migration to vicinity of:
E F
D G
C A
A B

A C
A B
C A
B A
D E
D G
E F
G F
Trying A B
A:0.0319579 B:0.0182829
1->2 0.01707634 54.738003 38.41753
2->1 0.063618705 148.84466 54.738003
p1->2 0.014303165 45.179836 148.84466
p2->1 0.066113293 148.48811 148.84466
A:0.0415093 (C:0.0105006,B:0.0182829):0.0195621
1->2 0.055149082 147.13144 148.84466
p1->2 0.42102641 107.98339 148.84466
p2->1 0.46036255 128.54777 148.84466
Trying A C
A:0.169708 C:0.0105006
1->2 0.017016266 54.593957 148.84466
2->1 0.063832618 148.79586 148.84466
p1->2 0.014202423 45.090579 148.84466
A:0.0319579 (B:0.0173733,C:0.011722):0.0199114
Trying B A
B:0.0173733 A:0.0319579
(B:0.0173733,C:0.011722):0.0199114 A:0.0319579
Trying C A
C:0.011722 A:0.0319579
(B:0.0173733,C:0.011722):0.0199114 A:0.0319579
Trying D E
D:0.0532558 E:0.170947
1->2 0.0025288016 38.796232 148.84466
2->1 0.02840524 107.98643 148.84466
p1->2 0.026589634 38.41753 148.84466
p2->1 0.066695184 107.98339 148.84466
D:0.0658193 (G:0.201633,E:0.170947):0.0727273
1->2 0.050470028 107.98339 148.84466
p1->2 4.8053906e-05 38.41753 148.84466
Trying D G
D:0.0536459 (G:0.201633,E:0.170947):0.0457085
D:0.0536459 G:0.201633
1->2 0.023536913 68.750436 148.84466
2->1 0.026290987 109.64531 148.84466
p1->2 0.066695184 53.654758 148.84466
Trying E F
E:0.163657 F:0.045097
1->2 0.029793506 134.92556 148.84466
2->1 0.026682585 75.334476 148.84466
p1->2 0.10046206 128.54777 148.84466
p2->1 0.094320953 53.654758 148.84466
(G:0.191575,E:0.219431):0.050793 F:0.045097
2->1 0.17948262 128.54777 148.84466
p2->1 0.00031105199 38.41753 148.84466
Trying G F
(G:0.201633,E:0.170947):0.0457326 F:0.045097
G:0.201633 F:0.045097
1->2 0.03475105 128.54768 148.84466
2->1 3.0968394e-07 38.417461 148.84466
p2->1 0.0014373558 38.41753 148.84466
Migration added
Local updates around node 1: 0 ln(lk):148.84466 
Local updates around node 2: 0 ln(lk):148.84466 
Updates in migration position: 0 ln(lk):148.84466 
Switches in migration direction: 0 ln(lk):148.84466 
ln(likelihood):148.84466 
Targeting migration to vicinity of:
D G
F B
C F
E D

C F
B F
D E
D G
E D
G D
F C
F B
Trying B F
B:0.0183032 F:0.040585
1->2 0.018634498 159.46386 148.84466
2->1 0.010159736 155.95026 159.46386
p1->2 0.014252706 153.38415 159.46386
p2->1 0.011221911 152.93809 159.46386
Trying C F
C:0.00975649 (A:0.0411283,F:0.0405877):0.039667
1->2 0.10197032 190.88065 159.46386
2->1 0.011093902 154.52858 190.88065
p1->2 0.69039536 190.85978 190.88065
p2->1 0.0010846412 148.85871 190.88065
C:0.0105427 F:0.0405831
1->2 0.018569048 157.82931 190.88065
2->1 0.011286461 157.69639 190.88065
Trying D E
D:0.0529057 (E:0.170947,G:0.201633):0.0447362
1->2 0.49460229 190.85978 190.88065
2->1 0.022640204 190.85978 190.88065
p1->2 0.99995428 148.91498 190.88065
D:0.0533181 E:0.170947
1->2 3.0968394e-07 148.84461 190.88065
2->1 0.023109306 190.88253 190.88065
p1->2 0.029091341 148.84466 190.88253
Trying D G
D:0.0533198 G:0.198944
1->2 0.021455709 173.2711 190.88253
2->1 0.020827172 192.67032 190.88253
p1->2 0.65312707 164.77465 192.67032
D:0.0533198 (E:5.73687e-05,G:2.16587):0.130248
Trying E D
(E:5.73687e-05,G:2.16587):0.130248 D:0.0533198
E:5.73687e-05 D:0.0533198
Trying F B
F:0.040585 B:0.0183032
Trying F C
(A:0.0411333,F:0.040585):0.0389019 C:0.0104664
F:0.040585 C:0.0104664
Trying G D
G:2.16587 D:0.0533198
(E:5.73687e-05,G:2.16587):0.130248 D:0.0533198
Migration added
Local updates around node 1: 0 ln(lk):192.67032 
Local updates around node 2: 0 ln(lk):192.67032 
Updates in migration position: 4 ln(lk):199.22003 
Switches in migration direction: 0 ln(lk):199.22003 
Local updates around node 1: 0 ln(lk):199.22003 
Local updates around node 2: 0 ln(lk):199.22003 
Switches in migration direction: 0 ln(lk):199.22003 
Updates in migration position: 0 ln(lk):199.22003 
Trying all local rearrangements
Local rearrangements: 0 ln(lk):199.22003 
ln(likelihood):199.23301 
Targeting migration to vicinity of:
E A
B G
C G
E F

C G
B G
C G
B G
E F
E A
E F
E A
Trying B G
B:0.0182829 G:0.201745
1->2 0.020754183 213.47531 199.23301
2->1 0.0014816187 201.07587 213.47531
p1->2 0.029523386 213.48219 213.47531
p2->1 3.0968394e-07 199.233 213.48219
(C:0.0105005,B:0.018283):0.0166419 G:0.201745
2->1 0.0048287008 211.14589 213.48219
p1->2 0.068382211 213.55518 213.48219
p2->1 1.3910027e-05 199.23301 213.55518
Trying C G
C:0.0105006 G:0.201745
1->2 0.020754183 213.47532 213.55518
2->1 0.0014373558 200.94222 213.55518
p2->1 1.9299421e-05 199.23306 213.55518
(B:0.0182813,C:0.0105026):0.016643 G:0.201745
Trying E A
E:0.170838 (A:0.0426746,F:0.0401684):0.039013
1->2 0.0070466255 213.33889 213.55518
2->1 0.030512087 213.10261 213.55518
p1->2 0.31227869 199.23301 213.55518
p2->1 0.99979401 199.23301 213.55518
E:4.02613e+06 A:0.0426747
1->2 0.0023141752 201.60762 213.55518
2->1 0.030577701 213.34444 213.55518
p1->2 0.4686906 199.23553 213.55518
Trying E F
E:0.170838 (F:0,A:0.257629):0.0791854
E:0.170838 F:0
1->2 0.0026963835 202.02072 213.55518
2->1 0.030577701 213.34444 213.55518
p1->2 1.9089405e-06 199.23301 213.55518
Migration added
Local updates around node 1: 0 ln(lk):213.55518 
Local updates around node 2: 0 ln(lk):213.55518 
Updates in migration position: 0 ln(lk):213.55518 
Switches in migration direction: 0 ln(lk):213.55518 
ln(likelihood):213.55649 
Targeting migration to vicinity of:
E A
F G
B G
C G

E A
G F
F G
A E
Trying A E
A:0.0427113 E:0.163383
1->2 0.0014902257 213.58179 213.55649
2->1 0.00018037626 213.56836 213.58179
p1->2 0.068752699 213.55649 213.58179
p2->1 0.4118498 213.55649 213.58179
Trying E A
E:0.163383 A:0.195118
Trying F G
F:0.00920319 G:0.240891
1->2 0.001653441 213.58367 213.58179
2->1 0.0001894609 213.57368 213.58367
p1->2 3.0968394e-07 213.55649 213.58367
p2->1 0.078036837 213.55649 213.58367
Trying G F
G:0.240891 F:0.0507733
Migration added
Local updates around node 1: 0 ln(lk):213.58367 
Local updates around node 2: 0 ln(lk):213.58367 
Updates in migration position: 0 ln(lk):213.58367 
Switches in migration direction: 0 ln(lk):213.58367 
ln(likelihood):213.59491 
Targeting migration to vicinity of:
E A
F B
C F
D F

C F
B F
C F
B F
E A
F C
F B
Trying B F
(C:0.0105006,B:0.0182829):0.0166871 F:0.0402407
1->2 8.3656552e-05 213.59499 213.59491
2->1 1.1822264e-05 213.59492 213.59499
p1->2 0.00018486279 213.595 213.59499
p2->1 2.7819854e-06 213.59491 213.595
(D:0.0592899,(C:0.0105006,B:0.0182829):0.0166873):0.0417573 F:0.0402407
2->1 8.3172708e-05 213.59499 213.595
p1->2 0.003381049 213.59492 213.595
p2->1 4.0751289e-05 213.59491 213.595
B:0.0182829 F:0.0402407
1->2 5.7946159e-05 213.59498 213.595
2->1 3.0871831e-06 213.59492 213.595
p2->1 3.9084634e-07 213.59491 213.595
((D:0.05929,(C:0.0105005,B:0.018283):0.0166871):0.0417572,(A:0.0425473,F:0.0402407):0.0383707):0.0492887 F:0.0402407
Trying C F
(C:0.0105005,B:0.018283):0.0166871 F:0.0402407
(D:0.05929,(C:0.0105005,B:0.018283):0.0166871):0.0417572 F:0.0402407
C:0.0105005 F:0.0402407
1->2 5.7946159e-05 213.59498 213.595
2->1 3.1938225e-06 213.59492 213.595
p2->1 3.9084634e-07 213.59491 213.595
((D:0.05929,(B:0.0182829,C:0.0105006):0.0166871):0.0417572,(A:0.0425473,F:0.0402407):0.0383707):0.0492887 F:0.0402407
Trying E A
E:0.162943 A:0.0425473
1->2 3.4113033e-05 213.59499 213.595
2->1 0.0064281002 213.59504 213.595
p1->2 0.099995285 213.59491 213.59504
p2->1 6.2716344e-06 213.59491 213.59504
Trying F B
F:0.0402407 (B:0.0182829,C:0.0105006):0.0166871
F:0.0402407 (D:0.05929,(B:0.0182829,C:0.0105006):0.0166871):0.0417572
F:0.0402407 B:0.0182829
Trying F C
F:0.0402407 (B:0.0182829,C:0.0105006):0.0166871
F:0.0402407 (D:0.05929,(B:0.0182829,C:0.0105006):0.0166871):0.0417572
F:0.0402407 C:0.0105006
Migration added
Local updates around node 1: 0 ln(lk):213.59504 
Local updates around node 2: 0 ln(lk):213.59504 
Updates in migration position: 0 ln(lk):213.59504 
Switches in migration direction: 0 ln(lk):213.59504 
ln(likelihood):213.59504 
DONE.
