
TreeMix v. 1.13
$Revision: 231 $

npop:7 nsnp:18176136
Estimating covariance matrix in 18176 blocks of size 1000
SEED: 1607916309
Starting from:
(A:0.0629421,(B:0.0284474,D:0.0515583):0.0629421);
Adding F [4/7]
ln(likelihood): -43260.473 
((B:0.0335699,D:0.056073):0.0415916,(A:0.043922,F:0.0577518):0.0415916);
Adding E [5/7]
ln(likelihood): -28027.566 
((B:0.040807,D:0.0620697):0.0175186,((A:0.035956,F:0.0492763):0.0424975,E:0.246984):0.0175186);
Adding C [6/7]
ln(likelihood): -19786.288 
(E:0.134145,((A:0.0326475,F:0.046258):0.0348396,(D:0.0546621,(B:0.0191807,C:0.0113989):0.0188793):0.0369166):0.134145);
Adding G [7/7]
ln(likelihood): -218.90517 
(((A:0.0319586,F:0.045101):0.0353316,(D:0.0536457,(B:0.0182829,C:0.010501):0.0192348):0.037025):0.0457044,(E:0.170945,G:0.201633):0.0457044);
Testing global rearrangements
A:0.0319586 B:0.0182829
-131121.13 -218.90517
A:0.0319586 (B:0.0182829,C:0.010501):0.0192348
-75247.418 -218.90517
A:0.0319586 C:0.010501
-131121.13 -218.90517
(A:0.0319586,F:0.045101):0.0353316 E:0.170945
-112182.93 -218.90517
F:0.045101 D:0.0536457
-79824.123 -218.90517
F:0.045101 (D:0.0536457,(B:0.0182829,C:0.010501):0.0192348):0.037025
-21994.711 -218.90517
F:0.045101 B:0.0182829
-140435.86 -218.90517
F:0.045101 (B:0.0182829,C:0.010501):0.0192348
-79824.123 -218.90517
F:0.045101 C:0.010501
-140435.86 -218.90517
D:0.0536457 B:0.0182829
-13078.932 -218.90517
D:0.0536457 C:0.010501
-13078.932 -218.90517
D:0.0536457 E:0.170945
-229564.34 -218.90517
D:0.0536457 (E:0.170945,G:0.201633):0.0457044
-56149.058 -218.90517
D:0.0536457 G:0.201633
-229564.34 -218.90517
(D:0.0536457,(B:0.0182829,C:0.010501):0.0192348):0.037025 A:0.0319586
-21994.711 -218.90517
B:0.0182829 E:0.170945
-345415.95 -218.90517
B:0.0182829 (E:0.170945,G:0.201633):0.0457044
-120986.11 -218.90517
B:0.0182829 G:0.201633
-345415.95 -218.90517
E:0.170945 F:0.045101
-137313.02 -218.90517
Targeting migration to vicinity of:
F E
D G
A C
A B

A B
A C
A B
A C
D E
D G
F E
F G
Trying A B
A:0.0319586 B:0.0182829
1->2 0.017016266 -177.57666 -218.90517
2->1 0.063618705 62.070501 -177.57666
p1->2 0.014252706 -201.79398 62.070501
p2->1 0.066113293 61.186764 62.070501
A:0.0415097 (C:0.010501,B:0.0182829):0.0195628
1->2 0.055149082 57.086212 62.070501
p1->2 0.078554288 -42.260268 62.070501
p2->1 0.3970964 10.767246 62.070501
Trying A C
A:0.130089 (C:0.010501,B:0.0182829):0.0192348
A:0.130089 C:0.010501
1->2 0.016979244 -177.87344 62.070501
2->1 0.063832618 61.952428 62.070501
p1->2 0.014121434 -201.98976 62.070501
Trying D E
D:0.0532579 E:0.170945
1->2 0.0025288016 -217.95662 62.070501
2->1 0.02840524 -42.252812 62.070501
p1->2 0.078036837 -218.90517 62.070501
p2->1 0.22152387 -42.260268 62.070501
D:0.103729 (G:0.201633,E:0.170945):0.0863936
1->2 0.051593695 -42.260268 62.070501
p1->2 0.0010948586 -218.90517 62.070501
Trying D G
D:0.0536457 G:0.201633
1->2 0.023619452 -141.5916 62.070501
2->1 0.026290987 -38.001553 62.070501
p1->2 0.040050637 -180.44471 62.070501
D:0.0536457 (E:0.166392,G:0.223532):0.0479217
Trying F E
F:0.045101 E:0.166392
1->2 0.026682585 -125.10423 62.070501
2->1 0.029793506 26.822818 62.070501
p1->2 0.03229196 -180.41606 62.070501
p2->1 0.099995285 10.767246 62.070501
F:0.0614382 (G:0.201633,E:0.170945):0.0768603
1->2 0.098800935 10.767246 62.070501
p1->2 0.0008357527 -218.90517 62.070501
Trying F G
F:0.045101 G:0.201633
1->2 3.0968394e-07 -218.90533 62.070501
2->1 0.03475105 10.767257 62.070501
p1->2 1.2846737e-05 -218.90517 62.070501
F:0.045101 (E:0.170944,G:0.20164):0.045705
Migration added
Local updates around node 1: 0 ln(lk):62.070501 
Local updates around node 2: 0 ln(lk):62.070501 
Updates in migration position: 0 ln(lk):62.070501 
Switches in migration direction: 0 ln(lk):62.070501 
ln(likelihood):62.070513 
Targeting migration to vicinity of:
D G
B F
F C
D E

B F
C F
D E
D G
D E
D G
F B
F C
Trying B F
(C:0.0104669,B:0.0183032):0.0195786 F:0.0405894
1->2 0.014252706 73.606964 62.070513
2->1 0.040638626 178.49492 73.606964
p1->2 0.0081279948 62.540426 178.49492
p2->1 0.078975216 168.77466 178.49492
B:0.0183147 (A:0.0410752,F:0.0406527):0.0408116
1->2 0.10177718 168.827 178.49492
2->1 0.011182198 72.448119 178.49492
p1->2 0.69039536 168.77467 178.49492
p2->1 6.2255936e-07 62.070531 178.49492
B:0.0183032 F:0.0405894
1->2 0.018634498 88.963585 178.49492
2->1 0.010123746 80.106335 178.49492
Trying C F
C:0.00974048 (A:0.041044,F:0.0406736):0.0397159
1->2 0.10177718 168.827 178.49492
2->1 0.011093902 76.462497 178.49492
p2->1 0.0010846412 62.105105 178.49492
C:0.0105431 F:0.0405875
1->2 0.018528711 84.815447 178.49492
2->1 0.011261761 84.507984 178.49492
(B:0.0175083,C:0.0115097):0.0202124 F:0.0406082
Trying D E
D:0.0529065 E:0.170945
1->2 3.0968394e-07 62.07038 178.49492
2->1 0.023109306 168.83119 178.49492
p1->2 0.029091341 62.070512 178.49492
p2->1 0.022640204 168.77466 178.49492
D:0.057809 (G:0.201633,E:0.170945):0.0453438
1->2 0.49459535 168.77467 178.49492
p1->2 0.99995428 62.24479 178.49492
Trying D G
D:0.053318 (G:0.201633,E:0.170945):2.14734e+07
D:0.053318 G:0.201633
1->2 0.021455709 124.24467 178.49492
2->1 0.020827172 173.40204 178.49492
p1->2 0.65312707 102.26591 178.49492
Trying F B
(A:0.0411337,F:0.0405894):0.0388966 B:0.0183032
F:0.0405894 (B:0.0183032,C:0.0104669):0.0195786
F:0.0405894 B:0.0183032
Trying F C
(A:0.0411337,F:0.0405894):0.0388966 C:0.0104669
F:0.0405894 C:0.0104669
F:0.0405894 (B:0.0183032,C:0.0104669):0.0195786
Migration added
Local updates around node 1: 0 ln(lk):178.49492 
Local updates around node 2: 0 ln(lk):178.49492 
Updates in migration position: 1 ln(lk):185.92845 
Switches in migration direction: 0 ln(lk):185.92845 
Local updates around node 1: 0 ln(lk):185.92845 
Local updates around node 2: 0 ln(lk):185.92845 
Switches in migration direction: 0 ln(lk):185.92845 
Updates in migration position: 0 ln(lk):185.92845 
Trying all local rearrangements
Local rearrangements: 0 ln(lk):185.92845 
ln(likelihood):185.92849 
DONE.
