
TreeMix v. 1.13
$Revision: 231 $

npop:7 nsnp:4048660
WARNING: no counts at SNP 1222213 population 1
WARNING: no counts at SNP 1222213 population 2
WARNING: no counts at SNP 1222213 population 3
WARNING: no counts at SNP 1222213 population 4
WARNING: no counts at SNP 1222214 population 1
WARNING: no counts at SNP 1222214 population 2
WARNING: no counts at SNP 1222214 population 3
WARNING: no counts at SNP 1222214 population 4
WARNING: no counts at SNP 1222215 population 1
WARNING: no counts at SNP 1222215 population 2
WARNING: no counts at SNP 1222215 population 4
WARNING: no counts at SNP 1222216 population 1
WARNING: no counts at SNP 1222216 population 2
WARNING: no counts at SNP 1222216 population 4
WARNING: no counts at SNP 1222217 population 1
WARNING: no counts at SNP 1222217 population 2
WARNING: no counts at SNP 1222217 population 3
WARNING: no counts at SNP 1222217 population 4
WARNING: no counts at SNP 1222218 population 1
WARNING: no counts at SNP 1222218 population 2
WARNING: no counts at SNP 1222218 population 3
WARNING: no counts at SNP 1222218 population 4
WARNING: no counts at SNP 1222219 population 1
WARNING: no counts at SNP 1222219 population 2
WARNING: no counts at SNP 1222219 population 4
WARNING: no counts at SNP 1222220 population 1
WARNING: no counts at SNP 1222220 population 2
WARNING: no counts at SNP 1222220 population 3
WARNING: no counts at SNP 1222220 population 4
WARNING: no counts at SNP 1222221 population 1
WARNING: no counts at SNP 1222221 population 2
WARNING: no counts at SNP 1222221 population 3
WARNING: no counts at SNP 1222221 population 4
WARNING: no counts at SNP 1222222 population 1
WARNING: no counts at SNP 1222222 population 2
WARNING: no counts at SNP 1222222 population 4
WARNING: no counts at SNP 1222223 population 1
WARNING: no counts at SNP 1222223 population 2
WARNING: no counts at SNP 1222223 population 4
WARNING: no counts at SNP 1222224 population 1
WARNING: no counts at SNP 1222224 population 2
WARNING: no counts at SNP 1222224 population 4
WARNING: no counts at SNP 1222225 population 1
WARNING: no counts at SNP 1222225 population 2
WARNING: no counts at SNP 1222225 population 4
WARNING: no counts at SNP 1222226 population 1
WARNING: no counts at SNP 1222226 population 2
WARNING: no counts at SNP 1222226 population 3
WARNING: no counts at SNP 1222226 population 4
WARNING: no counts at SNP 1222227 population 0
WARNING: no counts at SNP 1222227 population 1
WARNING: no counts at SNP 1222227 population 2
WARNING: no counts at SNP 1222227 population 4
WARNING: no counts at SNP 1222228 population 1
WARNING: no counts at SNP 1222228 population 2
WARNING: no counts at SNP 1222228 population 3
WARNING: no counts at SNP 1222228 population 4
WARNING: no counts at SNP 1222229 population 1
WARNING: no counts at SNP 1222229 population 2
WARNING: no counts at SNP 1222229 population 4
WARNING: no counts at SNP 1222230 population 1
WARNING: no counts at SNP 1222230 population 2
WARNING: no counts at SNP 1222230 population 3
WARNING: no counts at SNP 1222230 population 4
WARNING: no counts at SNP 1222231 population 1
WARNING: no counts at SNP 1222231 population 2
WARNING: no counts at SNP 1222231 population 3
WARNING: no counts at SNP 1222231 population 4
WARNING: no counts at SNP 1222232 population 1
WARNING: no counts at SNP 1222232 population 2
WARNING: no counts at SNP 1222232 population 3
WARNING: no counts at SNP 1222232 population 4
WARNING: no counts at SNP 1222233 population 1
WARNING: no counts at SNP 1222233 population 2
WARNING: no counts at SNP 1222233 population 3
WARNING: no counts at SNP 1222233 population 4
WARNING: no counts at SNP 1222234 population 1
WARNING: no counts at SNP 1222234 population 2
WARNING: no counts at SNP 1222234 population 3
WARNING: no counts at SNP 1222234 population 4
WARNING: no counts at SNP 1222235 population 1
WARNING: no counts at SNP 1222235 population 2
WARNING: no counts at SNP 1222235 population 3
WARNING: no counts at SNP 1222235 population 4
WARNING: no counts at SNP 1222236 population 1
WARNING: no counts at SNP 1222236 population 2
WARNING: no counts at SNP 1222236 population 3
WARNING: no counts at SNP 1222236 population 4
WARNING: no counts at SNP 1222237 population 1
WARNING: no counts at SNP 1222237 population 2
WARNING: no counts at SNP 1222237 population 3
WARNING: no counts at SNP 1222237 population 4
WARNING: no counts at SNP 1222238 population 1
WARNING: no counts at SNP 1222238 population 2
WARNING: no counts at SNP 1222238 population 3
WARNING: no counts at SNP 1222238 population 4
WARNING: no counts at SNP 1222239 population 1
WARNING: no counts at SNP 1222239 population 2
WARNING: no counts at SNP 1222239 population 3
WARNING: no counts at SNP 1222239 population 4
WARNING: no counts at SNP 1222240 population 1
WARNING: no counts at SNP 1222240 population 2
WARNING: no counts at SNP 1222240 population 3
WARNING: no counts at SNP 1222240 population 4
WARNING: no counts at SNP 1222241 population 1
WARNING: no counts at SNP 1222241 population 2
WARNING: no counts at SNP 1222241 population 3
WARNING: no counts at SNP 1222241 population 4
WARNING: no counts at SNP 1222242 population 1
WARNING: no counts at SNP 1222242 population 2
WARNING: no counts at SNP 1222242 population 3
WARNING: no counts at SNP 1222242 population 4
WARNING: no counts at SNP 1222243 population 1
WARNING: no counts at SNP 1222243 population 2
WARNING: no counts at SNP 1222243 population 3
WARNING: no counts at SNP 1222243 population 4
WARNING: no counts at SNP 1222244 population 1
WARNING: no counts at SNP 1222244 population 2
WARNING: no counts at SNP 1222244 population 3
WARNING: no counts at SNP 1222244 population 4
WARNING: no counts at SNP 1222245 population 1
WARNING: no counts at SNP 1222245 population 2
WARNING: no counts at SNP 1222245 population 3
WARNING: no counts at SNP 1222245 population 4
WARNING: no counts at SNP 1222246 population 1
WARNING: no counts at SNP 1222246 population 2
WARNING: no counts at SNP 1222246 population 3
WARNING: no counts at SNP 1222246 population 4
WARNING: no counts at SNP 1222247 population 1
WARNING: no counts at SNP 1222247 population 2
WARNING: no counts at SNP 1222247 population 3
WARNING: no counts at SNP 1222247 population 4
WARNING: no counts at SNP 1222248 population 1
WARNING: no counts at SNP 1222248 population 2
WARNING: no counts at SNP 1222248 population 3
WARNING: no counts at SNP 1222248 population 4
WARNING: no counts at SNP 1222249 population 1
WARNING: no counts at SNP 1222249 population 2
WARNING: no counts at SNP 1222249 population 3
WARNING: no counts at SNP 1222249 population 4
WARNING: no counts at SNP 1222250 population 1
WARNING: no counts at SNP 1222250 population 2
WARNING: no counts at SNP 1222250 population 3
WARNING: no counts at SNP 1222250 population 4
WARNING: no counts at SNP 1222251 population 1
WARNING: no counts at SNP 1222251 population 2
WARNING: no counts at SNP 1222251 population 3
WARNING: no counts at SNP 1222251 population 4
WARNING: no counts at SNP 1222252 population 1
WARNING: no counts at SNP 1222252 population 2
WARNING: no counts at SNP 1222252 population 3
WARNING: no counts at SNP 1222252 population 4
WARNING: no counts at SNP 1222253 population 1
WARNING: no counts at SNP 1222253 population 2
WARNING: no counts at SNP 1222253 population 3
WARNING: no counts at SNP 1222253 population 4
WARNING: no counts at SNP 1222254 population 1
WARNING: no counts at SNP 1222254 population 2
WARNING: no counts at SNP 1222254 population 4
WARNING: no counts at SNP 1222255 population 1
WARNING: no counts at SNP 1222255 population 2
WARNING: no counts at SNP 1222255 population 4
WARNING: no counts at SNP 1222256 population 1
WARNING: no counts at SNP 1222256 population 2
WARNING: no counts at SNP 1222256 population 3
WARNING: no counts at SNP 1222256 population 4
WARNING: no counts at SNP 1222257 population 0
WARNING: no counts at SNP 1222257 population 1
WARNING: no counts at SNP 1222257 population 2
WARNING: no counts at SNP 1222257 population 3
WARNING: no counts at SNP 1222257 population 4
WARNING: no counts at SNP 1222258 population 1
WARNING: no counts at SNP 1222258 population 2
WARNING: no counts at SNP 1222258 population 3
WARNING: no counts at SNP 1222258 population 4
WARNING: no counts at SNP 1222259 population 1
WARNING: no counts at SNP 1222259 population 2
WARNING: no counts at SNP 1222259 population 3
WARNING: no counts at SNP 1222259 population 4
WARNING: no counts at SNP 1222260 population 1
WARNING: no counts at SNP 1222260 population 2
WARNING: no counts at SNP 1222260 population 4
WARNING: no counts at SNP 1222261 population 1
WARNING: no counts at SNP 1222261 population 2
WARNING: no counts at SNP 1222261 population 4
WARNING: no counts at SNP 1222262 population 1
WARNING: no counts at SNP 1222262 population 2
WARNING: no counts at SNP 1222262 population 4
WARNING: no counts at SNP 1222263 population 0
WARNING: no counts at SNP 1222263 population 1
WARNING: no counts at SNP 1222263 population 2
WARNING: no counts at SNP 1222263 population 3
WARNING: no counts at SNP 1222263 population 4
WARNING: no counts at SNP 1222264 population 1
WARNING: no counts at SNP 1222264 population 2
WARNING: no counts at SNP 1222264 population 3
WARNING: no counts at SNP 1222264 population 4
WARNING: no counts at SNP 1222265 population 0
WARNING: no counts at SNP 1222265 population 1
WARNING: no counts at SNP 1222265 population 2
WARNING: no counts at SNP 1222265 population 3
WARNING: no counts at SNP 1222265 population 4
WARNING: no counts at SNP 1222266 population 0
WARNING: no counts at SNP 1222266 population 1
WARNING: no counts at SNP 1222266 population 2
WARNING: no counts at SNP 1222266 population 3
WARNING: no counts at SNP 1222266 population 4
WARNING: no counts at SNP 1222267 population 1
WARNING: no counts at SNP 1222267 population 2
WARNING: no counts at SNP 1222267 population 3
WARNING: no counts at SNP 1222267 population 4
WARNING: no counts at SNP 1222268 population 1
WARNING: no counts at SNP 1222268 population 2
WARNING: no counts at SNP 1222268 population 3
WARNING: no counts at SNP 1222268 population 4
WARNING: no counts at SNP 1222269 population 1
WARNING: no counts at SNP 1222269 population 2
WARNING: no counts at SNP 1222269 population 3
WARNING: no counts at SNP 1222269 population 4
WARNING: no counts at SNP 1222270 population 1
WARNING: no counts at SNP 1222270 population 2
WARNING: no counts at SNP 1222270 population 4
WARNING: no counts at SNP 1222271 population 1
WARNING: no counts at SNP 1222271 population 2
WARNING: no counts at SNP 1222271 population 4
WARNING: no counts at SNP 1222272 population 1
WARNING: no counts at SNP 1222272 population 2
WARNING: no counts at SNP 1222272 population 3
WARNING: no counts at SNP 1222272 population 4
WARNING: no counts at SNP 1222273 population 1
WARNING: no counts at SNP 1222273 population 2
WARNING: no counts at SNP 1222273 population 4
WARNING: no counts at SNP 1222274 population 1
WARNING: no counts at SNP 1222274 population 2
WARNING: no counts at SNP 1222274 population 3
WARNING: no counts at SNP 1222274 population 4
WARNING: no counts at SNP 1222275 population 1
WARNING: no counts at SNP 1222275 population 2
WARNING: no counts at SNP 1222275 population 3
WARNING: no counts at SNP 1222275 population 4
WARNING: no counts at SNP 1222276 population 1
WARNING: no counts at SNP 1222276 population 2
WARNING: no counts at SNP 1222276 population 3
WARNING: no counts at SNP 1222276 population 4
WARNING: no counts at SNP 1222277 population 1
WARNING: no counts at SNP 1222277 population 2
WARNING: no counts at SNP 1222277 population 3
WARNING: no counts at SNP 1222277 population 4
WARNING: no counts at SNP 1222278 population 1
WARNING: no counts at SNP 1222278 population 2
WARNING: no counts at SNP 1222278 population 4
WARNING: no counts at SNP 1222279 population 1
WARNING: no counts at SNP 1222279 population 2
WARNING: no counts at SNP 1222279 population 4
WARNING: no counts at SNP 1222280 population 1
WARNING: no counts at SNP 1222280 population 2
WARNING: no counts at SNP 1222280 population 3
WARNING: no counts at SNP 1222280 population 4
WARNING: no counts at SNP 1222281 population 1
WARNING: no counts at SNP 1222281 population 2
WARNING: no counts at SNP 1222281 population 4
WARNING: no counts at SNP 1222282 population 1
WARNING: no counts at SNP 1222282 population 2
WARNING: no counts at SNP 1222282 population 4
WARNING: no counts at SNP 1222283 population 1
WARNING: no counts at SNP 1222283 population 2
WARNING: no counts at SNP 1222283 population 4
WARNING: no counts at SNP 1222284 population 1
WARNING: no counts at SNP 1222284 population 2
WARNING: no counts at SNP 1222284 population 4
WARNING: no counts at SNP 1222285 population 1
WARNING: no counts at SNP 1222285 population 2
WARNING: no counts at SNP 1222285 population 4
WARNING: no counts at SNP 1222286 population 1
WARNING: no counts at SNP 1222286 population 2
WARNING: no counts at SNP 1222286 population 4
WARNING: no counts at SNP 1222287 population 1
WARNING: no counts at SNP 1222287 population 2
WARNING: no counts at SNP 1222287 population 4
WARNING: no counts at SNP 1222288 population 1
WARNING: no counts at SNP 1222288 population 2
WARNING: no counts at SNP 1222288 population 4
WARNING: no counts at SNP 1222289 population 1
WARNING: no counts at SNP 1222289 population 2
WARNING: no counts at SNP 1222289 population 4
WARNING: no counts at SNP 1222290 population 1
WARNING: no counts at SNP 1222290 population 2
WARNING: no counts at SNP 1222290 population 4
WARNING: no counts at SNP 1222291 population 1
WARNING: no counts at SNP 1222291 population 2
WARNING: no counts at SNP 1222291 population 4
WARNING: no counts at SNP 1222292 population 1
WARNING: no counts at SNP 1222292 population 2
WARNING: no counts at SNP 1222292 population 4
WARNING: no counts at SNP 1222293 population 1
WARNING: no counts at SNP 1222293 population 2
WARNING: no counts at SNP 1222293 population 4
WARNING: no counts at SNP 1222294 population 1
WARNING: no counts at SNP 1222294 population 2
WARNING: no counts at SNP 1222294 population 4
WARNING: no counts at SNP 1222295 population 1
WARNING: no counts at SNP 1222295 population 2
WARNING: no counts at SNP 1222295 population 4
WARNING: no counts at SNP 1222296 population 1
WARNING: no counts at SNP 1222296 population 2
WARNING: no counts at SNP 1222296 population 4
WARNING: no counts at SNP 1222297 population 1
WARNING: no counts at SNP 1222297 population 2
WARNING: no counts at SNP 1222297 population 4
WARNING: no counts at SNP 1222298 population 1
WARNING: no counts at SNP 1222298 population 2
WARNING: no counts at SNP 1222298 population 4
WARNING: no counts at SNP 1222299 population 1
WARNING: no counts at SNP 1222299 population 2
WARNING: no counts at SNP 1222299 population 4
WARNING: no counts at SNP 1222300 population 1
WARNING: no counts at SNP 1222300 population 2
WARNING: no counts at SNP 1222300 population 4
WARNING: no counts at SNP 1222301 population 1
WARNING: no counts at SNP 1222301 population 2
WARNING: no counts at SNP 1222301 population 4
WARNING: no counts at SNP 1222302 population 1
WARNING: no counts at SNP 1222302 population 2
WARNING: no counts at SNP 1222302 population 4
WARNING: no counts at SNP 1222303 population 1
WARNING: no counts at SNP 1222303 population 2
WARNING: no counts at SNP 1222303 population 4
WARNING: no counts at SNP 1222304 population 1
WARNING: no counts at SNP 1222304 population 2
WARNING: no counts at SNP 1222304 population 4
WARNING: no counts at SNP 1222305 population 1
WARNING: no counts at SNP 1222305 population 2
WARNING: no counts at SNP 1222305 population 4
WARNING: no counts at SNP 1222306 population 1
WARNING: no counts at SNP 1222306 population 2
WARNING: no counts at SNP 1222306 population 4
WARNING: no counts at SNP 1222307 population 1
WARNING: no counts at SNP 1222307 population 2
WARNING: no counts at SNP 1222307 population 4
WARNING: no counts at SNP 1222308 population 0
WARNING: no counts at SNP 1222308 population 1
WARNING: no counts at SNP 1222308 population 2
WARNING: no counts at SNP 1222308 population 4
WARNING: no counts at SNP 1222309 population 1
WARNING: no counts at SNP 1222309 population 2
WARNING: no counts at SNP 1222309 population 3
WARNING: no counts at SNP 1222309 population 4
WARNING: no counts at SNP 1222310 population 1
WARNING: no counts at SNP 1222310 population 2
WARNING: no counts at SNP 1222310 population 3
WARNING: no counts at SNP 1222310 population 4
Estimating covariance matrix in 1190 blocks of size 3400
SEED: 1585221594
Starting from:
((G.MaheSouth:0.10096,D.LaDigue:0.0158909):0.0290566,A.PraslinPasquereRiver:0.0290566);
Adding C.PraslinWest [4/7]
ln(likelihood): -587.57995 
((G.MaheSouth:0.107628,D.LaDigue:0.0194609):0.0152208,(A.PraslinPasquereRiver:0.0246464,C.PraslinWest:0.0331729):0.0152208);
Adding B.PraslinPlaineHollandaise [5/7]
ln(likelihood): -1745.5245 
((G.MaheSouth:0.109123,(A.PraslinPasquereRiver:0.0203146,(C.PraslinWest:0.00870996,B.PraslinPlaineHollandaise:0.00867833):0.0283126):0.030865):0.0072599,D.LaDigue:0.0072599);
Adding F.Curieuse [6/7]
ln(likelihood): -2101.8348 
((G.MaheSouth:0.105279,((A.PraslinPasquereRiver:0.0191283,(C.PraslinWest:0.00860756,B.PraslinPlaineHollandaise:0.00867192):0.0317083):0.0137196,F.Curieuse:0.0709165):0.0183573):0.00712201,D.LaDigue:0.00712201);
Adding E.MaheNorth [7/7]
ln(likelihood): -2103.0747 
(((G.MaheSouth:0.08141,E.MaheNorth:0.0904536):0.0314157,D.LaDigue:0.016345):0.00542947,((A.PraslinPasquereRiver:0.0174426,(C.PraslinWest:0.0068024,B.PraslinPlaineHollandaise:0.00719377):0.0318406):0.0160227,F.Curieuse:0.0681306):0.00542947);
Testing global rearrangements
G.MaheSouth:0.08141 D.LaDigue:0.016345
-5997.103 -2103.0747
G.MaheSouth:0.08141 F.Curieuse:0.0681306
-10149.701 -2103.0747
D.LaDigue:0.016345 G.MaheSouth:0.08141
-5997.103 -2103.0747
D.LaDigue:0.016345 C.PraslinWest:0.0068024
-9355.0392 -2103.0747
D.LaDigue:0.016345 (C.PraslinWest:0.0068024,B.PraslinPlaineHollandaise:0.00719377):0.0318406
-4806.828 -2103.0747
D.LaDigue:0.016345 B.PraslinPlaineHollandaise:0.00719377
-9355.0392 -2103.0747
A.PraslinPasquereRiver:0.0174426 C.PraslinWest:0.0068024
-5287.2214 -2103.0747
A.PraslinPasquereRiver:0.0174426 B.PraslinPlaineHollandaise:0.00719377
-5287.2214 -2103.0747
A.PraslinPasquereRiver:0.0174426 F.Curieuse:0.0681306
-3703.7137 -2103.0747
C.PraslinWest:0.0068024 D.LaDigue:0.016345
-13043.905 -2103.0747
C.PraslinWest:0.0068024 A.PraslinPasquereRiver:0.0174426
-5287.2214 -2103.0747
(C.PraslinWest:0.0068024,B.PraslinPlaineHollandaise:0.00719377):0.0318406 D.LaDigue:0.016345
-5288.2239 -2103.0747
B.PraslinPlaineHollandaise:0.00719377 A.PraslinPasquereRiver:0.0174426
-5287.2214 -2103.0747
F.Curieuse:0.0681306 G.MaheSouth:0.08141
-8641.4238 -2103.0747
F.Curieuse:0.0681306 (G.MaheSouth:0.08141,E.MaheNorth:0.0904536):0.0314157
-2850.3553 -2103.0747
F.Curieuse:0.0681306 E.MaheNorth:0.0904536
-8641.4238 -2103.0747
F.Curieuse:0.0681306 A.PraslinPasquereRiver:0.0174426
-3703.7137 -2103.0747
Targeting migration to vicinity of:
A.PraslinPasquereRiver F.Curieuse
D.LaDigue C.PraslinWest
D.LaDigue B.PraslinPlaineHollandaise
F.Curieuse E.MaheNorth

A.PraslinPasquereRiver F.Curieuse
F.Curieuse A.PraslinPasquereRiver
D.LaDigue C.PraslinWest
D.LaDigue B.PraslinPlaineHollandaise
D.LaDigue C.PraslinWest
D.LaDigue B.PraslinPlaineHollandaise
F.Curieuse E.MaheNorth
Trying A.PraslinPasquereRiver F.Curieuse
A.PraslinPasquereRiver:0.0174426 F.Curieuse:0.0681306
1->2 0.43132201 -1498.6082 -2103.0747
2->1 0.3970964 -1278.1319 -1498.6082
p2->1 4.0751289e-05 -2103.0747 -1278.1319
Trying D.LaDigue B.PraslinPlaineHollandaise
D.LaDigue:0.016345 B.PraslinPlaineHollandaise:0.00719377
1->2 0.13057403 -1949.7984 -1278.1319
2->1 0.31585041 -577.5856 -1278.1319
p1->2 0.01059067 -2102.8608 -577.5856
p2->1 0.34664834 -588.25981 -577.5856
D.LaDigue:0.0651118 (C.PraslinWest:0.00645577,B.PraslinPlaineHollandaise:0.0070992):0.0352699
1->2 0.41769964 -390.52514 -577.5856
p1->2 0.44952312 -1461.4639 -390.52514
p2->1 0.56883031 -1312.3419 -390.52514
Trying D.LaDigue C.PraslinWest
D.LaDigue:0.152179 C.PraslinWest:0.0068024
1->2 0.18162332 -1708.3797 -390.52514
2->1 0.31567621 -578.63378 -390.52514
p1->2 0.15307099 -1962.7254 -390.52514
D.LaDigue:0.0162069 (B.PraslinPlaineHollandaise:0,C.PraslinWest:0.0209602):0.0387888
Trying F.Curieuse A.PraslinPasquereRiver
F.Curieuse:0.0674955 A.PraslinPasquereRiver:0.0154544
Trying F.Curieuse E.MaheNorth
F.Curieuse:0.0674955 (G.MaheSouth:0.0814205,E.MaheNorth:0.0904641):0.0311679
1->2 0.43754596 -1305.6018 -390.52514
2->1 0.32859775 -1312.3434 -390.52514
p1->2 0.0008357527 -2103.0747 -390.52514
p2->1 0.099838786 -2103.0747 -390.52514
F.Curieuse:0.0840818 E.MaheNorth:0.0904536
1->2 0.31687132 -1547.8434 -390.52514
2->1 0.29926953 -1241.2847 -390.52514
p1->2 0.66776133 -1926.7094 -390.52514
Migration added
Local updates around node 1: 0 ln(lk):-390.52514 
Local updates around node 2: 0 ln(lk):-390.52514 
Updates in migration position: 0 ln(lk):-390.52514 
Switches in migration direction: 0 ln(lk):-390.52514 
ln(likelihood):-390.52516 
Targeting migration to vicinity of:
F.Curieuse E.MaheNorth
D.LaDigue G.MaheSouth
A.PraslinPasquereRiver B.PraslinPlaineHollandaise
A.PraslinPasquereRiver F.Curieuse

A.PraslinPasquereRiver B.PraslinPlaineHollandaise
B.PraslinPlaineHollandaise A.PraslinPasquereRiver
F.Curieuse A.PraslinPasquereRiver
A.PraslinPasquereRiver F.Curieuse
B.PraslinPlaineHollandaise A.PraslinPasquereRiver
F.Curieuse A.PraslinPasquereRiver
D.LaDigue G.MaheSouth
G.MaheSouth D.LaDigue
F.Curieuse E.MaheNorth
Trying A.PraslinPasquereRiver B.PraslinPlaineHollandaise
(A.PraslinPasquereRiver:0,(C.PraslinWest:0.00684313,B.PraslinPlaineHollandaise:0.0072345):0.123554):0.031246 B.PraslinPlaineHollandaise:0.0072345
1->2 0.075879306 -376.92088 -390.52516
p1->2 3.8719494e-07 -390.52541 -376.92088
(A.PraslinPasquereRiver:0,(C.PraslinWest:0.00684311,B.PraslinPlaineHollandaise:0.00723452):0.123554):0.031246 (C.PraslinWest:0.00684311,B.PraslinPlaineHollandaise:0.00723452):0.123554
1->2 0.010928518 -390.52515 -376.92088
p1->2 3.0968394e-07 -390.52549 -376.92088
A.PraslinPasquereRiver:0 B.PraslinPlaineHollandaise:0.0072345
1->2 0.075879306 -376.92088 -376.92088
2->1 0.1921716 -294.27255 -376.92088
A.PraslinPasquereRiver:0.0170826 (C.PraslinWest:0.00682671,B.PraslinPlaineHollandaise:0.00721807):0.136395
p2->1 0.90058804 -326.86712 -294.27255
Trying A.PraslinPasquereRiver F.Curieuse
A.PraslinPasquereRiver:0 F.Curieuse:0.0599882
1->2 0.39351866 -390.52516 -294.27255
2->1 0.29411229 -301.89329 -294.27255
p2->1 0.61862415 -326.86712 -294.27255
Trying B.PraslinPlaineHollandaise A.PraslinPasquereRiver
B.PraslinPlaineHollandaise:0.00721329 A.PraslinPasquereRiver:0.106514
(C.PraslinWest:0.00682192,B.PraslinPlaineHollandaise:0.00721329):0.0656774 A.PraslinPasquereRiver:0.106514
Trying D.LaDigue G.MaheSouth
D.LaDigue:0.0235693 G.MaheSouth:0.0814295
1->2 0.28630984 -196.54079 -294.27255
2->1 0.084956534 -182.12342 -196.54079
p1->2 4.0751289e-05 -390.52517 -182.12342
p2->1 0.13198337 -333.90119 -182.12342
Trying F.Curieuse A.PraslinPasquereRiver
F.Curieuse:0.0607547 A.PraslinPasquereRiver:0
Trying F.Curieuse E.MaheNorth
F.Curieuse:0.0607547 E.MaheNorth:0.0904468
1->2 0.2152807 -85.472799 -182.12342
2->1 0.18993545 -32.233762 -85.472799
p1->2 0.33284512 -198.91839 -32.233762
p2->1 0.26086393 -100.28452 -32.233762
F.Curieuse:0.126834 (G.MaheSouth:0.081298,E.MaheNorth:0.0903416):0.0299608
1->2 0.45544642 -89.126241 -32.233762
p1->2 0.99995387 -390.52514 -32.233762
p2->1 0.00081367878 -390.52516 -32.233762
Trying G.MaheSouth D.LaDigue
G.MaheSouth:0.0814507 D.LaDigue:0.023018
Migration added
Local updates around node 1: 0 ln(lk):-32.233762 
Local updates around node 2: 0 ln(lk):-32.233762 
Updates in migration position: 0 ln(lk):-32.233762 
Switches in migration direction: 0 ln(lk):-32.233762 
ln(likelihood):-32.015629 
Targeting migration to vicinity of:
D.LaDigue G.MaheSouth
A.PraslinPasquereRiver B.PraslinPlaineHollandaise
A.PraslinPasquereRiver E.MaheNorth
C.PraslinWest E.MaheNorth

A.PraslinPasquereRiver B.PraslinPlaineHollandaise
B.PraslinPlaineHollandaise A.PraslinPasquereRiver
A.PraslinPasquereRiver E.MaheNorth
C.PraslinWest E.MaheNorth
A.PraslinPasquereRiver E.MaheNorth
C.PraslinWest E.MaheNorth
D.LaDigue G.MaheSouth
G.MaheSouth D.LaDigue
Trying A.PraslinPasquereRiver B.PraslinPlaineHollandaise
((C.PraslinWest:0.00682262,B.PraslinPlaineHollandaise:0.00721398):0.119212,A.PraslinPasquereRiver:0):0.0185993 B.PraslinPlaineHollandaise:0.00721398
1->2 0.086710796 -16.888295 -32.015629
p1->2 3.8719494e-07 -32.015695 -16.888295
A.PraslinPasquereRiver:0 B.PraslinPlaineHollandaise:0.00721401
1->2 0.086710796 -16.888295 -16.888295
2->1 0.033863567 -16.271616 -16.888295
Trying A.PraslinPasquereRiver E.MaheNorth
A.PraslinPasquereRiver:0 E.MaheNorth:0.0914119
1->2 0.14555538 103.31952 -16.271616
2->1 0.025061708 9.2303425 103.31952
p1->2 0.14892361 102.98121 103.31952
p2->1 0.015882026 -28.994632 103.31952
Trying B.PraslinPlaineHollandaise A.PraslinPasquereRiver
B.PraslinPlaineHollandaise:0.00721135 A.PraslinPasquereRiver:0
Trying C.PraslinWest E.MaheNorth
C.PraslinWest:0.00681998 E.MaheNorth:0.0914315
1->2 0.033326045 -15.67325 103.31952
2->1 0.01021824 -23.352404 103.31952
p1->2 0.14513108 103.85089 103.31952
p2->1 0.058843862 -20.919601 103.85089
Trying D.LaDigue G.MaheSouth
D.LaDigue:0.0184453 G.MaheSouth:0.0803283
1->2 0.28475174 96.977953 103.85089
2->1 0.068013579 79.69835 103.85089
p1->2 4.0751289e-05 -32.015639 103.85089
p2->1 0.036563918 -25.400783 103.85089
Trying G.MaheSouth D.LaDigue
G.MaheSouth:0.0803901 D.LaDigue:0.021303
Migration added
Local updates around node 1: 0 ln(lk):103.85089 
Local updates around node 2: 0 ln(lk):103.85089 
Updates in migration position: 0 ln(lk):103.85089 
Switches in migration direction: 0 ln(lk):103.85089 
ln(likelihood):105.25662 
Targeting migration to vicinity of:
A.PraslinPasquereRiver B.PraslinPlaineHollandaise
A.PraslinPasquereRiver F.Curieuse
C.PraslinWest E.MaheNorth
D.LaDigue G.MaheSouth

A.PraslinPasquereRiver B.PraslinPlaineHollandaise
B.PraslinPlaineHollandaise A.PraslinPasquereRiver
F.Curieuse A.PraslinPasquereRiver
A.PraslinPasquereRiver F.Curieuse
B.PraslinPlaineHollandaise A.PraslinPasquereRiver
F.Curieuse A.PraslinPasquereRiver
C.PraslinWest E.MaheNorth
Trying A.PraslinPasquereRiver B.PraslinPlaineHollandaise
A.PraslinPasquereRiver:0 B.PraslinPlaineHollandaise:0.00721341
1->2 0.090093173 121.49887 105.25662
2->1 0.032769933 118.79608 121.49887
p1->2 0.090093173 121.49887 121.49887
p2->1 0.36170217 125.9257 121.49887
Trying A.PraslinPasquereRiver F.Curieuse
A.PraslinPasquereRiver:0 F.Curieuse:0.102455
1->2 0.099995285 105.25662 125.9257
2->1 0.14402516 137.7229 125.9257
p2->1 0.17948262 125.88227 137.7229
Trying B.PraslinPlaineHollandaise A.PraslinPasquereRiver
B.PraslinPlaineHollandaise:0.00720304 A.PraslinPasquereRiver:0.000201298
Trying C.PraslinWest E.MaheNorth
C.PraslinWest:0.00681167 E.MaheNorth:0.137444
1->2 0.0091846939 105.72397 137.7229
2->1 0.01320641 113.63194 137.7229
p2->1 0.057887431 116.43935 137.7229
Trying F.Curieuse A.PraslinPasquereRiver
F.Curieuse:0.102826 A.PraslinPasquereRiver:0
Migration added
Local updates around node 1: 0 ln(lk):137.7229 
Local updates around node 2: 0 ln(lk):137.7229 
Updates in migration position: 1 ln(lk):137.83066 
Switches in migration direction: 0 ln(lk):137.83066 
Local updates around node 1: 0 ln(lk):137.83066 
Local updates around node 2: 0 ln(lk):137.83066 
Switches in migration direction: 0 ln(lk):137.83066 
Updates in migration position: 0 ln(lk):137.83066 
Trying all local rearrangements
Local rearrangements: 0 ln(lk):137.83066 
ln(likelihood):149.23517 
Targeting migration to vicinity of:
A.PraslinPasquereRiver B.PraslinPlaineHollandaise
C.PraslinWest E.MaheNorth
D.LaDigue G.MaheSouth
A.PraslinPasquereRiver G.MaheSouth

A.PraslinPasquereRiver B.PraslinPlaineHollandaise
B.PraslinPlaineHollandaise A.PraslinPasquereRiver
C.PraslinWest E.MaheNorth
C.PraslinWest E.MaheNorth
Trying A.PraslinPasquereRiver B.PraslinPlaineHollandaise
(A.PraslinPasquereRiver:0,(C.PraslinWest:0.00680774,B.PraslinPlaineHollandaise:0.00719911):0.128622):0.0389787 B.PraslinPlaineHollandaise:0.00719911
1->2 0.093710199 170.05355 149.23517
p1->2 0.0087133721 149.34089 170.05355
A.PraslinPasquereRiver:0 B.PraslinPlaineHollandaise:0.00772792
1->2 0.096514925 171.744 170.05355
2->1 0.066695184 153.95821 171.744
p2->1 0.00049250387 149.23834 171.744
Trying B.PraslinPlaineHollandaise A.PraslinPasquereRiver
B.PraslinPlaineHollandaise:0.00719885 A.PraslinPasquereRiver:0
Trying C.PraslinWest E.MaheNorth
C.PraslinWest:0.00680748 (G.MaheSouth:0.0708557,E.MaheNorth:0.130649):0.0381122
1->2 3.0968394e-07 149.23502 171.744
2->1 0.079236388 169.5966 171.744
p1->2 3.0968394e-07 149.23514 171.744
p2->1 0.12832078 172.24529 171.744
C.PraslinWest:0.0170111 E.MaheNorth:0.130487
1->2 0.00083875185 149.2464 172.24529
2->1 0.020331895 161.85526 172.24529
p1->2 3.3026194e-07 149.23516 172.24529
Migration added
Local updates around node 1: 0 ln(lk):172.24529 
Local updates around node 2: 0 ln(lk):172.24529 
Updates in migration position: 2 ln(lk):182.0988 
Switches in migration direction: 0 ln(lk):182.0988 
Local updates around node 1: 0 ln(lk):182.0988 
Local updates around node 2: 0 ln(lk):182.0988 
Switches in migration direction: 0 ln(lk):182.0988 
Updates in migration position: 0 ln(lk):182.0988 
Trying all local rearrangements
Local rearrangements: 0 ln(lk):182.0988 
Flipping migration edge
Flipping migration edge
ln(likelihood):196.13444 
Flipping migration edge
DONE.
