
TreeMix v. 1.13
$Revision: 231 $

npop:7 nsnp:4048660
WARNING: no counts at SNP 1222213 population 1
WARNING: no counts at SNP 1222213 population 2
WARNING: no counts at SNP 1222213 population 3
WARNING: no counts at SNP 1222213 population 4
WARNING: no counts at SNP 1222214 population 1
WARNING: no counts at SNP 1222214 population 2
WARNING: no counts at SNP 1222214 population 3
WARNING: no counts at SNP 1222214 population 4
WARNING: no counts at SNP 1222215 population 1
WARNING: no counts at SNP 1222215 population 2
WARNING: no counts at SNP 1222215 population 4
WARNING: no counts at SNP 1222216 population 1
WARNING: no counts at SNP 1222216 population 2
WARNING: no counts at SNP 1222216 population 4
WARNING: no counts at SNP 1222217 population 1
WARNING: no counts at SNP 1222217 population 2
WARNING: no counts at SNP 1222217 population 3
WARNING: no counts at SNP 1222217 population 4
WARNING: no counts at SNP 1222218 population 1
WARNING: no counts at SNP 1222218 population 2
WARNING: no counts at SNP 1222218 population 3
WARNING: no counts at SNP 1222218 population 4
WARNING: no counts at SNP 1222219 population 1
WARNING: no counts at SNP 1222219 population 2
WARNING: no counts at SNP 1222219 population 4
WARNING: no counts at SNP 1222220 population 1
WARNING: no counts at SNP 1222220 population 2
WARNING: no counts at SNP 1222220 population 3
WARNING: no counts at SNP 1222220 population 4
WARNING: no counts at SNP 1222221 population 1
WARNING: no counts at SNP 1222221 population 2
WARNING: no counts at SNP 1222221 population 3
WARNING: no counts at SNP 1222221 population 4
WARNING: no counts at SNP 1222222 population 1
WARNING: no counts at SNP 1222222 population 2
WARNING: no counts at SNP 1222222 population 4
WARNING: no counts at SNP 1222223 population 1
WARNING: no counts at SNP 1222223 population 2
WARNING: no counts at SNP 1222223 population 4
WARNING: no counts at SNP 1222224 population 1
WARNING: no counts at SNP 1222224 population 2
WARNING: no counts at SNP 1222224 population 4
WARNING: no counts at SNP 1222225 population 1
WARNING: no counts at SNP 1222225 population 2
WARNING: no counts at SNP 1222225 population 4
WARNING: no counts at SNP 1222226 population 1
WARNING: no counts at SNP 1222226 population 2
WARNING: no counts at SNP 1222226 population 3
WARNING: no counts at SNP 1222226 population 4
WARNING: no counts at SNP 1222227 population 0
WARNING: no counts at SNP 1222227 population 1
WARNING: no counts at SNP 1222227 population 2
WARNING: no counts at SNP 1222227 population 4
WARNING: no counts at SNP 1222228 population 1
WARNING: no counts at SNP 1222228 population 2
WARNING: no counts at SNP 1222228 population 3
WARNING: no counts at SNP 1222228 population 4
WARNING: no counts at SNP 1222229 population 1
WARNING: no counts at SNP 1222229 population 2
WARNING: no counts at SNP 1222229 population 4
WARNING: no counts at SNP 1222230 population 1
WARNING: no counts at SNP 1222230 population 2
WARNING: no counts at SNP 1222230 population 3
WARNING: no counts at SNP 1222230 population 4
WARNING: no counts at SNP 1222231 population 1
WARNING: no counts at SNP 1222231 population 2
WARNING: no counts at SNP 1222231 population 3
WARNING: no counts at SNP 1222231 population 4
WARNING: no counts at SNP 1222232 population 1
WARNING: no counts at SNP 1222232 population 2
WARNING: no counts at SNP 1222232 population 3
WARNING: no counts at SNP 1222232 population 4
WARNING: no counts at SNP 1222233 population 1
WARNING: no counts at SNP 1222233 population 2
WARNING: no counts at SNP 1222233 population 3
WARNING: no counts at SNP 1222233 population 4
WARNING: no counts at SNP 1222234 population 1
WARNING: no counts at SNP 1222234 population 2
WARNING: no counts at SNP 1222234 population 3
WARNING: no counts at SNP 1222234 population 4
WARNING: no counts at SNP 1222235 population 1
WARNING: no counts at SNP 1222235 population 2
WARNING: no counts at SNP 1222235 population 3
WARNING: no counts at SNP 1222235 population 4
WARNING: no counts at SNP 1222236 population 1
WARNING: no counts at SNP 1222236 population 2
WARNING: no counts at SNP 1222236 population 3
WARNING: no counts at SNP 1222236 population 4
WARNING: no counts at SNP 1222237 population 1
WARNING: no counts at SNP 1222237 population 2
WARNING: no counts at SNP 1222237 population 3
WARNING: no counts at SNP 1222237 population 4
WARNING: no counts at SNP 1222238 population 1
WARNING: no counts at SNP 1222238 population 2
WARNING: no counts at SNP 1222238 population 3
WARNING: no counts at SNP 1222238 population 4
WARNING: no counts at SNP 1222239 population 1
WARNING: no counts at SNP 1222239 population 2
WARNING: no counts at SNP 1222239 population 3
WARNING: no counts at SNP 1222239 population 4
WARNING: no counts at SNP 1222240 population 1
WARNING: no counts at SNP 1222240 population 2
WARNING: no counts at SNP 1222240 population 3
WARNING: no counts at SNP 1222240 population 4
WARNING: no counts at SNP 1222241 population 1
WARNING: no counts at SNP 1222241 population 2
WARNING: no counts at SNP 1222241 population 3
WARNING: no counts at SNP 1222241 population 4
WARNING: no counts at SNP 1222242 population 1
WARNING: no counts at SNP 1222242 population 2
WARNING: no counts at SNP 1222242 population 3
WARNING: no counts at SNP 1222242 population 4
WARNING: no counts at SNP 1222243 population 1
WARNING: no counts at SNP 1222243 population 2
WARNING: no counts at SNP 1222243 population 3
WARNING: no counts at SNP 1222243 population 4
WARNING: no counts at SNP 1222244 population 1
WARNING: no counts at SNP 1222244 population 2
WARNING: no counts at SNP 1222244 population 3
WARNING: no counts at SNP 1222244 population 4
WARNING: no counts at SNP 1222245 population 1
WARNING: no counts at SNP 1222245 population 2
WARNING: no counts at SNP 1222245 population 3
WARNING: no counts at SNP 1222245 population 4
WARNING: no counts at SNP 1222246 population 1
WARNING: no counts at SNP 1222246 population 2
WARNING: no counts at SNP 1222246 population 3
WARNING: no counts at SNP 1222246 population 4
WARNING: no counts at SNP 1222247 population 1
WARNING: no counts at SNP 1222247 population 2
WARNING: no counts at SNP 1222247 population 3
WARNING: no counts at SNP 1222247 population 4
WARNING: no counts at SNP 1222248 population 1
WARNING: no counts at SNP 1222248 population 2
WARNING: no counts at SNP 1222248 population 3
WARNING: no counts at SNP 1222248 population 4
WARNING: no counts at SNP 1222249 population 1
WARNING: no counts at SNP 1222249 population 2
WARNING: no counts at SNP 1222249 population 3
WARNING: no counts at SNP 1222249 population 4
WARNING: no counts at SNP 1222250 population 1
WARNING: no counts at SNP 1222250 population 2
WARNING: no counts at SNP 1222250 population 3
WARNING: no counts at SNP 1222250 population 4
WARNING: no counts at SNP 1222251 population 1
WARNING: no counts at SNP 1222251 population 2
WARNING: no counts at SNP 1222251 population 3
WARNING: no counts at SNP 1222251 population 4
WARNING: no counts at SNP 1222252 population 1
WARNING: no counts at SNP 1222252 population 2
WARNING: no counts at SNP 1222252 population 3
WARNING: no counts at SNP 1222252 population 4
WARNING: no counts at SNP 1222253 population 1
WARNING: no counts at SNP 1222253 population 2
WARNING: no counts at SNP 1222253 population 3
WARNING: no counts at SNP 1222253 population 4
WARNING: no counts at SNP 1222254 population 1
WARNING: no counts at SNP 1222254 population 2
WARNING: no counts at SNP 1222254 population 4
WARNING: no counts at SNP 1222255 population 1
WARNING: no counts at SNP 1222255 population 2
WARNING: no counts at SNP 1222255 population 4
WARNING: no counts at SNP 1222256 population 1
WARNING: no counts at SNP 1222256 population 2
WARNING: no counts at SNP 1222256 population 3
WARNING: no counts at SNP 1222256 population 4
WARNING: no counts at SNP 1222257 population 0
WARNING: no counts at SNP 1222257 population 1
WARNING: no counts at SNP 1222257 population 2
WARNING: no counts at SNP 1222257 population 3
WARNING: no counts at SNP 1222257 population 4
WARNING: no counts at SNP 1222258 population 1
WARNING: no counts at SNP 1222258 population 2
WARNING: no counts at SNP 1222258 population 3
WARNING: no counts at SNP 1222258 population 4
WARNING: no counts at SNP 1222259 population 1
WARNING: no counts at SNP 1222259 population 2
WARNING: no counts at SNP 1222259 population 3
WARNING: no counts at SNP 1222259 population 4
WARNING: no counts at SNP 1222260 population 1
WARNING: no counts at SNP 1222260 population 2
WARNING: no counts at SNP 1222260 population 4
WARNING: no counts at SNP 1222261 population 1
WARNING: no counts at SNP 1222261 population 2
WARNING: no counts at SNP 1222261 population 4
WARNING: no counts at SNP 1222262 population 1
WARNING: no counts at SNP 1222262 population 2
WARNING: no counts at SNP 1222262 population 4
WARNING: no counts at SNP 1222263 population 0
WARNING: no counts at SNP 1222263 population 1
WARNING: no counts at SNP 1222263 population 2
WARNING: no counts at SNP 1222263 population 3
WARNING: no counts at SNP 1222263 population 4
WARNING: no counts at SNP 1222264 population 1
WARNING: no counts at SNP 1222264 population 2
WARNING: no counts at SNP 1222264 population 3
WARNING: no counts at SNP 1222264 population 4
WARNING: no counts at SNP 1222265 population 0
WARNING: no counts at SNP 1222265 population 1
WARNING: no counts at SNP 1222265 population 2
WARNING: no counts at SNP 1222265 population 3
WARNING: no counts at SNP 1222265 population 4
WARNING: no counts at SNP 1222266 population 0
WARNING: no counts at SNP 1222266 population 1
WARNING: no counts at SNP 1222266 population 2
WARNING: no counts at SNP 1222266 population 3
WARNING: no counts at SNP 1222266 population 4
WARNING: no counts at SNP 1222267 population 1
WARNING: no counts at SNP 1222267 population 2
WARNING: no counts at SNP 1222267 population 3
WARNING: no counts at SNP 1222267 population 4
WARNING: no counts at SNP 1222268 population 1
WARNING: no counts at SNP 1222268 population 2
WARNING: no counts at SNP 1222268 population 3
WARNING: no counts at SNP 1222268 population 4
WARNING: no counts at SNP 1222269 population 1
WARNING: no counts at SNP 1222269 population 2
WARNING: no counts at SNP 1222269 population 3
WARNING: no counts at SNP 1222269 population 4
WARNING: no counts at SNP 1222270 population 1
WARNING: no counts at SNP 1222270 population 2
WARNING: no counts at SNP 1222270 population 4
WARNING: no counts at SNP 1222271 population 1
WARNING: no counts at SNP 1222271 population 2
WARNING: no counts at SNP 1222271 population 4
WARNING: no counts at SNP 1222272 population 1
WARNING: no counts at SNP 1222272 population 2
WARNING: no counts at SNP 1222272 population 3
WARNING: no counts at SNP 1222272 population 4
WARNING: no counts at SNP 1222273 population 1
WARNING: no counts at SNP 1222273 population 2
WARNING: no counts at SNP 1222273 population 4
WARNING: no counts at SNP 1222274 population 1
WARNING: no counts at SNP 1222274 population 2
WARNING: no counts at SNP 1222274 population 3
WARNING: no counts at SNP 1222274 population 4
WARNING: no counts at SNP 1222275 population 1
WARNING: no counts at SNP 1222275 population 2
WARNING: no counts at SNP 1222275 population 3
WARNING: no counts at SNP 1222275 population 4
WARNING: no counts at SNP 1222276 population 1
WARNING: no counts at SNP 1222276 population 2
WARNING: no counts at SNP 1222276 population 3
WARNING: no counts at SNP 1222276 population 4
WARNING: no counts at SNP 1222277 population 1
WARNING: no counts at SNP 1222277 population 2
WARNING: no counts at SNP 1222277 population 3
WARNING: no counts at SNP 1222277 population 4
WARNING: no counts at SNP 1222278 population 1
WARNING: no counts at SNP 1222278 population 2
WARNING: no counts at SNP 1222278 population 4
WARNING: no counts at SNP 1222279 population 1
WARNING: no counts at SNP 1222279 population 2
WARNING: no counts at SNP 1222279 population 4
WARNING: no counts at SNP 1222280 population 1
WARNING: no counts at SNP 1222280 population 2
WARNING: no counts at SNP 1222280 population 3
WARNING: no counts at SNP 1222280 population 4
WARNING: no counts at SNP 1222281 population 1
WARNING: no counts at SNP 1222281 population 2
WARNING: no counts at SNP 1222281 population 4
WARNING: no counts at SNP 1222282 population 1
WARNING: no counts at SNP 1222282 population 2
WARNING: no counts at SNP 1222282 population 4
WARNING: no counts at SNP 1222283 population 1
WARNING: no counts at SNP 1222283 population 2
WARNING: no counts at SNP 1222283 population 4
WARNING: no counts at SNP 1222284 population 1
WARNING: no counts at SNP 1222284 population 2
WARNING: no counts at SNP 1222284 population 4
WARNING: no counts at SNP 1222285 population 1
WARNING: no counts at SNP 1222285 population 2
WARNING: no counts at SNP 1222285 population 4
WARNING: no counts at SNP 1222286 population 1
WARNING: no counts at SNP 1222286 population 2
WARNING: no counts at SNP 1222286 population 4
WARNING: no counts at SNP 1222287 population 1
WARNING: no counts at SNP 1222287 population 2
WARNING: no counts at SNP 1222287 population 4
WARNING: no counts at SNP 1222288 population 1
WARNING: no counts at SNP 1222288 population 2
WARNING: no counts at SNP 1222288 population 4
WARNING: no counts at SNP 1222289 population 1
WARNING: no counts at SNP 1222289 population 2
WARNING: no counts at SNP 1222289 population 4
WARNING: no counts at SNP 1222290 population 1
WARNING: no counts at SNP 1222290 population 2
WARNING: no counts at SNP 1222290 population 4
WARNING: no counts at SNP 1222291 population 1
WARNING: no counts at SNP 1222291 population 2
WARNING: no counts at SNP 1222291 population 4
WARNING: no counts at SNP 1222292 population 1
WARNING: no counts at SNP 1222292 population 2
WARNING: no counts at SNP 1222292 population 4
WARNING: no counts at SNP 1222293 population 1
WARNING: no counts at SNP 1222293 population 2
WARNING: no counts at SNP 1222293 population 4
WARNING: no counts at SNP 1222294 population 1
WARNING: no counts at SNP 1222294 population 2
WARNING: no counts at SNP 1222294 population 4
WARNING: no counts at SNP 1222295 population 1
WARNING: no counts at SNP 1222295 population 2
WARNING: no counts at SNP 1222295 population 4
WARNING: no counts at SNP 1222296 population 1
WARNING: no counts at SNP 1222296 population 2
WARNING: no counts at SNP 1222296 population 4
WARNING: no counts at SNP 1222297 population 1
WARNING: no counts at SNP 1222297 population 2
WARNING: no counts at SNP 1222297 population 4
WARNING: no counts at SNP 1222298 population 1
WARNING: no counts at SNP 1222298 population 2
WARNING: no counts at SNP 1222298 population 4
WARNING: no counts at SNP 1222299 population 1
WARNING: no counts at SNP 1222299 population 2
WARNING: no counts at SNP 1222299 population 4
WARNING: no counts at SNP 1222300 population 1
WARNING: no counts at SNP 1222300 population 2
WARNING: no counts at SNP 1222300 population 4
WARNING: no counts at SNP 1222301 population 1
WARNING: no counts at SNP 1222301 population 2
WARNING: no counts at SNP 1222301 population 4
WARNING: no counts at SNP 1222302 population 1
WARNING: no counts at SNP 1222302 population 2
WARNING: no counts at SNP 1222302 population 4
WARNING: no counts at SNP 1222303 population 1
WARNING: no counts at SNP 1222303 population 2
WARNING: no counts at SNP 1222303 population 4
WARNING: no counts at SNP 1222304 population 1
WARNING: no counts at SNP 1222304 population 2
WARNING: no counts at SNP 1222304 population 4
WARNING: no counts at SNP 1222305 population 1
WARNING: no counts at SNP 1222305 population 2
WARNING: no counts at SNP 1222305 population 4
WARNING: no counts at SNP 1222306 population 1
WARNING: no counts at SNP 1222306 population 2
WARNING: no counts at SNP 1222306 population 4
WARNING: no counts at SNP 1222307 population 1
WARNING: no counts at SNP 1222307 population 2
WARNING: no counts at SNP 1222307 population 4
WARNING: no counts at SNP 1222308 population 0
WARNING: no counts at SNP 1222308 population 1
WARNING: no counts at SNP 1222308 population 2
WARNING: no counts at SNP 1222308 population 4
WARNING: no counts at SNP 1222309 population 1
WARNING: no counts at SNP 1222309 population 2
WARNING: no counts at SNP 1222309 population 3
WARNING: no counts at SNP 1222309 population 4
WARNING: no counts at SNP 1222310 population 1
WARNING: no counts at SNP 1222310 population 2
WARNING: no counts at SNP 1222310 population 3
WARNING: no counts at SNP 1222310 population 4
Estimating covariance matrix in 2891 blocks of size 1400
SEED: 1585221594
Starting from:
((G.MaheSouth:0.100946,D.LaDigue:0.015893):0.0290516,A.PraslinPasquereRiver:0.0290516);
Adding C.PraslinWest [4/7]
ln(likelihood): -1115.7737 
((G.MaheSouth:0.107615,D.LaDigue:0.0194627):0.0152163,(A.PraslinPasquereRiver:0.0246449,C.PraslinWest:0.0331665):0.0152163);
Adding B.PraslinPlaineHollandaise [5/7]
ln(likelihood): -3330.959 
((G.MaheSouth:0.109109,(A.PraslinPasquereRiver:0.0203125,(C.PraslinWest:0.00870931,B.PraslinPlaineHollandaise:0.00868359):0.0283041):0.0308583):0.00726091,D.LaDigue:0.00726091);
Adding F.Curieuse [6/7]
ln(likelihood): -3712.9909 
((G.MaheSouth:0.105265,((A.PraslinPasquereRiver:0.0191267,(C.PraslinWest:0.00860722,B.PraslinPlaineHollandaise:0.0086771):0.0316988):0.0137154,F.Curieuse:0.0709209):0.0183545):0.00712308,D.LaDigue:0.00712308);
Adding E.MaheNorth [7/7]
ln(likelihood): -3430.7745 
((F.Curieuse:0.0681348,((G.MaheSouth:0.0813962,E.MaheNorth:0.0904513):0.0314154,D.LaDigue:0.0163466):0.0108565):0.00800938,(A.PraslinPasquereRiver:0.0174407,(C.PraslinWest:0.0068018,B.PraslinPlaineHollandaise:0.00719896):0.0318315):0.00800938);
Testing global rearrangements
F.Curieuse:0.0681348 G.MaheSouth:0.0813962
-12373.565 -3430.7745
F.Curieuse:0.0681348 (G.MaheSouth:0.0813962,E.MaheNorth:0.0904513):0.0314154
-4628.4614 -3430.7745
F.Curieuse:0.0681348 E.MaheNorth:0.0904513
-12373.565 -3430.7745
F.Curieuse:0.0681348 A.PraslinPasquereRiver:0.0174407
-5912.9467 -3430.7745
G.MaheSouth:0.0813962 F.Curieuse:0.0681348
-14378.345 -3430.7745
G.MaheSouth:0.0813962 D.LaDigue:0.0163466
-9063.9768 -3430.7745
E.MaheNorth:0.0904513 F.Curieuse:0.0681348
-14378.345 -3430.7745
D.LaDigue:0.0163466 G.MaheSouth:0.0813962
-9063.9768 -3430.7745
D.LaDigue:0.0163466 C.PraslinWest:0.0068018
-15967.191 -3430.7745
D.LaDigue:0.0163466 (C.PraslinWest:0.0068018,B.PraslinPlaineHollandaise:0.00719896):0.0318315
-8272.1436 -3430.7745
D.LaDigue:0.0163466 B.PraslinPlaineHollandaise:0.00719896
-15967.191 -3430.7745
A.PraslinPasquereRiver:0.0174407 F.Curieuse:0.0681348
-5912.9467 -3430.7745
A.PraslinPasquereRiver:0.0174407 C.PraslinWest:0.0068018
-8365.5731 -3430.7745
A.PraslinPasquereRiver:0.0174407 B.PraslinPlaineHollandaise:0.00719896
-8365.5731 -3430.7745
C.PraslinWest:0.0068018 D.LaDigue:0.0163466
-21140.806 -3430.7745
DONE.
