
TreeMix v. 1.13
$Revision: 231 $

npop:7 nsnp:4048660
WARNING: no counts at SNP 1222213 population 1
WARNING: no counts at SNP 1222213 population 2
WARNING: no counts at SNP 1222213 population 3
WARNING: no counts at SNP 1222213 population 4
WARNING: no counts at SNP 1222214 population 1
WARNING: no counts at SNP 1222214 population 2
WARNING: no counts at SNP 1222214 population 3
WARNING: no counts at SNP 1222214 population 4
WARNING: no counts at SNP 1222215 population 1
WARNING: no counts at SNP 1222215 population 2
WARNING: no counts at SNP 1222215 population 4
WARNING: no counts at SNP 1222216 population 1
WARNING: no counts at SNP 1222216 population 2
WARNING: no counts at SNP 1222216 population 4
WARNING: no counts at SNP 1222217 population 1
WARNING: no counts at SNP 1222217 population 2
WARNING: no counts at SNP 1222217 population 3
WARNING: no counts at SNP 1222217 population 4
WARNING: no counts at SNP 1222218 population 1
WARNING: no counts at SNP 1222218 population 2
WARNING: no counts at SNP 1222218 population 3
WARNING: no counts at SNP 1222218 population 4
WARNING: no counts at SNP 1222219 population 1
WARNING: no counts at SNP 1222219 population 2
WARNING: no counts at SNP 1222219 population 4
WARNING: no counts at SNP 1222220 population 1
WARNING: no counts at SNP 1222220 population 2
WARNING: no counts at SNP 1222220 population 3
WARNING: no counts at SNP 1222220 population 4
WARNING: no counts at SNP 1222221 population 1
WARNING: no counts at SNP 1222221 population 2
WARNING: no counts at SNP 1222221 population 3
WARNING: no counts at SNP 1222221 population 4
WARNING: no counts at SNP 1222222 population 1
WARNING: no counts at SNP 1222222 population 2
WARNING: no counts at SNP 1222222 population 4
WARNING: no counts at SNP 1222223 population 1
WARNING: no counts at SNP 1222223 population 2
WARNING: no counts at SNP 1222223 population 4
WARNING: no counts at SNP 1222224 population 1
WARNING: no counts at SNP 1222224 population 2
WARNING: no counts at SNP 1222224 population 4
WARNING: no counts at SNP 1222225 population 1
WARNING: no counts at SNP 1222225 population 2
WARNING: no counts at SNP 1222225 population 4
WARNING: no counts at SNP 1222226 population 1
WARNING: no counts at SNP 1222226 population 2
WARNING: no counts at SNP 1222226 population 3
WARNING: no counts at SNP 1222226 population 4
WARNING: no counts at SNP 1222227 population 0
WARNING: no counts at SNP 1222227 population 1
WARNING: no counts at SNP 1222227 population 2
WARNING: no counts at SNP 1222227 population 4
WARNING: no counts at SNP 1222228 population 1
WARNING: no counts at SNP 1222228 population 2
WARNING: no counts at SNP 1222228 population 3
WARNING: no counts at SNP 1222228 population 4
WARNING: no counts at SNP 1222229 population 1
WARNING: no counts at SNP 1222229 population 2
WARNING: no counts at SNP 1222229 population 4
WARNING: no counts at SNP 1222230 population 1
WARNING: no counts at SNP 1222230 population 2
WARNING: no counts at SNP 1222230 population 3
WARNING: no counts at SNP 1222230 population 4
WARNING: no counts at SNP 1222231 population 1
WARNING: no counts at SNP 1222231 population 2
WARNING: no counts at SNP 1222231 population 3
WARNING: no counts at SNP 1222231 population 4
WARNING: no counts at SNP 1222232 population 1
WARNING: no counts at SNP 1222232 population 2
WARNING: no counts at SNP 1222232 population 3
WARNING: no counts at SNP 1222232 population 4
WARNING: no counts at SNP 1222233 population 1
WARNING: no counts at SNP 1222233 population 2
WARNING: no counts at SNP 1222233 population 3
WARNING: no counts at SNP 1222233 population 4
WARNING: no counts at SNP 1222234 population 1
WARNING: no counts at SNP 1222234 population 2
WARNING: no counts at SNP 1222234 population 3
WARNING: no counts at SNP 1222234 population 4
WARNING: no counts at SNP 1222235 population 1
WARNING: no counts at SNP 1222235 population 2
WARNING: no counts at SNP 1222235 population 3
WARNING: no counts at SNP 1222235 population 4
WARNING: no counts at SNP 1222236 population 1
WARNING: no counts at SNP 1222236 population 2
WARNING: no counts at SNP 1222236 population 3
WARNING: no counts at SNP 1222236 population 4
WARNING: no counts at SNP 1222237 population 1
WARNING: no counts at SNP 1222237 population 2
WARNING: no counts at SNP 1222237 population 3
WARNING: no counts at SNP 1222237 population 4
WARNING: no counts at SNP 1222238 population 1
WARNING: no counts at SNP 1222238 population 2
WARNING: no counts at SNP 1222238 population 3
WARNING: no counts at SNP 1222238 population 4
WARNING: no counts at SNP 1222239 population 1
WARNING: no counts at SNP 1222239 population 2
WARNING: no counts at SNP 1222239 population 3
WARNING: no counts at SNP 1222239 population 4
WARNING: no counts at SNP 1222240 population 1
WARNING: no counts at SNP 1222240 population 2
WARNING: no counts at SNP 1222240 population 3
WARNING: no counts at SNP 1222240 population 4
WARNING: no counts at SNP 1222241 population 1
WARNING: no counts at SNP 1222241 population 2
WARNING: no counts at SNP 1222241 population 3
WARNING: no counts at SNP 1222241 population 4
WARNING: no counts at SNP 1222242 population 1
WARNING: no counts at SNP 1222242 population 2
WARNING: no counts at SNP 1222242 population 3
WARNING: no counts at SNP 1222242 population 4
WARNING: no counts at SNP 1222243 population 1
WARNING: no counts at SNP 1222243 population 2
WARNING: no counts at SNP 1222243 population 3
WARNING: no counts at SNP 1222243 population 4
WARNING: no counts at SNP 1222244 population 1
WARNING: no counts at SNP 1222244 population 2
WARNING: no counts at SNP 1222244 population 3
WARNING: no counts at SNP 1222244 population 4
WARNING: no counts at SNP 1222245 population 1
WARNING: no counts at SNP 1222245 population 2
WARNING: no counts at SNP 1222245 population 3
WARNING: no counts at SNP 1222245 population 4
WARNING: no counts at SNP 1222246 population 1
WARNING: no counts at SNP 1222246 population 2
WARNING: no counts at SNP 1222246 population 3
WARNING: no counts at SNP 1222246 population 4
WARNING: no counts at SNP 1222247 population 1
WARNING: no counts at SNP 1222247 population 2
WARNING: no counts at SNP 1222247 population 3
WARNING: no counts at SNP 1222247 population 4
WARNING: no counts at SNP 1222248 population 1
WARNING: no counts at SNP 1222248 population 2
WARNING: no counts at SNP 1222248 population 3
WARNING: no counts at SNP 1222248 population 4
WARNING: no counts at SNP 1222249 population 1
WARNING: no counts at SNP 1222249 population 2
WARNING: no counts at SNP 1222249 population 3
WARNING: no counts at SNP 1222249 population 4
WARNING: no counts at SNP 1222250 population 1
WARNING: no counts at SNP 1222250 population 2
WARNING: no counts at SNP 1222250 population 3
WARNING: no counts at SNP 1222250 population 4
WARNING: no counts at SNP 1222251 population 1
WARNING: no counts at SNP 1222251 population 2
WARNING: no counts at SNP 1222251 population 3
WARNING: no counts at SNP 1222251 population 4
WARNING: no counts at SNP 1222252 population 1
WARNING: no counts at SNP 1222252 population 2
WARNING: no counts at SNP 1222252 population 3
WARNING: no counts at SNP 1222252 population 4
WARNING: no counts at SNP 1222253 population 1
WARNING: no counts at SNP 1222253 population 2
WARNING: no counts at SNP 1222253 population 3
WARNING: no counts at SNP 1222253 population 4
WARNING: no counts at SNP 1222254 population 1
WARNING: no counts at SNP 1222254 population 2
WARNING: no counts at SNP 1222254 population 4
WARNING: no counts at SNP 1222255 population 1
WARNING: no counts at SNP 1222255 population 2
WARNING: no counts at SNP 1222255 population 4
WARNING: no counts at SNP 1222256 population 1
WARNING: no counts at SNP 1222256 population 2
WARNING: no counts at SNP 1222256 population 3
WARNING: no counts at SNP 1222256 population 4
WARNING: no counts at SNP 1222257 population 0
WARNING: no counts at SNP 1222257 population 1
WARNING: no counts at SNP 1222257 population 2
WARNING: no counts at SNP 1222257 population 3
WARNING: no counts at SNP 1222257 population 4
WARNING: no counts at SNP 1222258 population 1
WARNING: no counts at SNP 1222258 population 2
WARNING: no counts at SNP 1222258 population 3
WARNING: no counts at SNP 1222258 population 4
WARNING: no counts at SNP 1222259 population 1
WARNING: no counts at SNP 1222259 population 2
WARNING: no counts at SNP 1222259 population 3
WARNING: no counts at SNP 1222259 population 4
WARNING: no counts at SNP 1222260 population 1
WARNING: no counts at SNP 1222260 population 2
WARNING: no counts at SNP 1222260 population 4
WARNING: no counts at SNP 1222261 population 1
WARNING: no counts at SNP 1222261 population 2
WARNING: no counts at SNP 1222261 population 4
WARNING: no counts at SNP 1222262 population 1
WARNING: no counts at SNP 1222262 population 2
WARNING: no counts at SNP 1222262 population 4
WARNING: no counts at SNP 1222263 population 0
WARNING: no counts at SNP 1222263 population 1
WARNING: no counts at SNP 1222263 population 2
WARNING: no counts at SNP 1222263 population 3
WARNING: no counts at SNP 1222263 population 4
WARNING: no counts at SNP 1222264 population 1
WARNING: no counts at SNP 1222264 population 2
WARNING: no counts at SNP 1222264 population 3
WARNING: no counts at SNP 1222264 population 4
WARNING: no counts at SNP 1222265 population 0
WARNING: no counts at SNP 1222265 population 1
WARNING: no counts at SNP 1222265 population 2
WARNING: no counts at SNP 1222265 population 3
WARNING: no counts at SNP 1222265 population 4
WARNING: no counts at SNP 1222266 population 0
WARNING: no counts at SNP 1222266 population 1
WARNING: no counts at SNP 1222266 population 2
WARNING: no counts at SNP 1222266 population 3
WARNING: no counts at SNP 1222266 population 4
WARNING: no counts at SNP 1222267 population 1
WARNING: no counts at SNP 1222267 population 2
WARNING: no counts at SNP 1222267 population 3
WARNING: no counts at SNP 1222267 population 4
WARNING: no counts at SNP 1222268 population 1
WARNING: no counts at SNP 1222268 population 2
WARNING: no counts at SNP 1222268 population 3
WARNING: no counts at SNP 1222268 population 4
WARNING: no counts at SNP 1222269 population 1
WARNING: no counts at SNP 1222269 population 2
WARNING: no counts at SNP 1222269 population 3
WARNING: no counts at SNP 1222269 population 4
WARNING: no counts at SNP 1222270 population 1
WARNING: no counts at SNP 1222270 population 2
WARNING: no counts at SNP 1222270 population 4
WARNING: no counts at SNP 1222271 population 1
WARNING: no counts at SNP 1222271 population 2
WARNING: no counts at SNP 1222271 population 4
WARNING: no counts at SNP 1222272 population 1
WARNING: no counts at SNP 1222272 population 2
WARNING: no counts at SNP 1222272 population 3
WARNING: no counts at SNP 1222272 population 4
WARNING: no counts at SNP 1222273 population 1
WARNING: no counts at SNP 1222273 population 2
WARNING: no counts at SNP 1222273 population 4
WARNING: no counts at SNP 1222274 population 1
WARNING: no counts at SNP 1222274 population 2
WARNING: no counts at SNP 1222274 population 3
WARNING: no counts at SNP 1222274 population 4
WARNING: no counts at SNP 1222275 population 1
WARNING: no counts at SNP 1222275 population 2
WARNING: no counts at SNP 1222275 population 3
WARNING: no counts at SNP 1222275 population 4
WARNING: no counts at SNP 1222276 population 1
WARNING: no counts at SNP 1222276 population 2
WARNING: no counts at SNP 1222276 population 3
WARNING: no counts at SNP 1222276 population 4
WARNING: no counts at SNP 1222277 population 1
WARNING: no counts at SNP 1222277 population 2
WARNING: no counts at SNP 1222277 population 3
WARNING: no counts at SNP 1222277 population 4
WARNING: no counts at SNP 1222278 population 1
WARNING: no counts at SNP 1222278 population 2
WARNING: no counts at SNP 1222278 population 4
WARNING: no counts at SNP 1222279 population 1
WARNING: no counts at SNP 1222279 population 2
WARNING: no counts at SNP 1222279 population 4
WARNING: no counts at SNP 1222280 population 1
WARNING: no counts at SNP 1222280 population 2
WARNING: no counts at SNP 1222280 population 3
WARNING: no counts at SNP 1222280 population 4
WARNING: no counts at SNP 1222281 population 1
WARNING: no counts at SNP 1222281 population 2
WARNING: no counts at SNP 1222281 population 4
WARNING: no counts at SNP 1222282 population 1
WARNING: no counts at SNP 1222282 population 2
WARNING: no counts at SNP 1222282 population 4
WARNING: no counts at SNP 1222283 population 1
WARNING: no counts at SNP 1222283 population 2
WARNING: no counts at SNP 1222283 population 4
WARNING: no counts at SNP 1222284 population 1
WARNING: no counts at SNP 1222284 population 2
WARNING: no counts at SNP 1222284 population 4
WARNING: no counts at SNP 1222285 population 1
WARNING: no counts at SNP 1222285 population 2
WARNING: no counts at SNP 1222285 population 4
WARNING: no counts at SNP 1222286 population 1
WARNING: no counts at SNP 1222286 population 2
WARNING: no counts at SNP 1222286 population 4
WARNING: no counts at SNP 1222287 population 1
WARNING: no counts at SNP 1222287 population 2
WARNING: no counts at SNP 1222287 population 4
WARNING: no counts at SNP 1222288 population 1
WARNING: no counts at SNP 1222288 population 2
WARNING: no counts at SNP 1222288 population 4
WARNING: no counts at SNP 1222289 population 1
WARNING: no counts at SNP 1222289 population 2
WARNING: no counts at SNP 1222289 population 4
WARNING: no counts at SNP 1222290 population 1
WARNING: no counts at SNP 1222290 population 2
WARNING: no counts at SNP 1222290 population 4
WARNING: no counts at SNP 1222291 population 1
WARNING: no counts at SNP 1222291 population 2
WARNING: no counts at SNP 1222291 population 4
WARNING: no counts at SNP 1222292 population 1
WARNING: no counts at SNP 1222292 population 2
WARNING: no counts at SNP 1222292 population 4
WARNING: no counts at SNP 1222293 population 1
WARNING: no counts at SNP 1222293 population 2
WARNING: no counts at SNP 1222293 population 4
WARNING: no counts at SNP 1222294 population 1
WARNING: no counts at SNP 1222294 population 2
WARNING: no counts at SNP 1222294 population 4
WARNING: no counts at SNP 1222295 population 1
WARNING: no counts at SNP 1222295 population 2
WARNING: no counts at SNP 1222295 population 4
WARNING: no counts at SNP 1222296 population 1
WARNING: no counts at SNP 1222296 population 2
WARNING: no counts at SNP 1222296 population 4
WARNING: no counts at SNP 1222297 population 1
WARNING: no counts at SNP 1222297 population 2
WARNING: no counts at SNP 1222297 population 4
WARNING: no counts at SNP 1222298 population 1
WARNING: no counts at SNP 1222298 population 2
WARNING: no counts at SNP 1222298 population 4
WARNING: no counts at SNP 1222299 population 1
WARNING: no counts at SNP 1222299 population 2
WARNING: no counts at SNP 1222299 population 4
WARNING: no counts at SNP 1222300 population 1
WARNING: no counts at SNP 1222300 population 2
WARNING: no counts at SNP 1222300 population 4
WARNING: no counts at SNP 1222301 population 1
WARNING: no counts at SNP 1222301 population 2
WARNING: no counts at SNP 1222301 population 4
WARNING: no counts at SNP 1222302 population 1
WARNING: no counts at SNP 1222302 population 2
WARNING: no counts at SNP 1222302 population 4
WARNING: no counts at SNP 1222303 population 1
WARNING: no counts at SNP 1222303 population 2
WARNING: no counts at SNP 1222303 population 4
WARNING: no counts at SNP 1222304 population 1
WARNING: no counts at SNP 1222304 population 2
WARNING: no counts at SNP 1222304 population 4
WARNING: no counts at SNP 1222305 population 1
WARNING: no counts at SNP 1222305 population 2
WARNING: no counts at SNP 1222305 population 4
WARNING: no counts at SNP 1222306 population 1
WARNING: no counts at SNP 1222306 population 2
WARNING: no counts at SNP 1222306 population 4
WARNING: no counts at SNP 1222307 population 1
WARNING: no counts at SNP 1222307 population 2
WARNING: no counts at SNP 1222307 population 4
WARNING: no counts at SNP 1222308 population 0
WARNING: no counts at SNP 1222308 population 1
WARNING: no counts at SNP 1222308 population 2
WARNING: no counts at SNP 1222308 population 4
WARNING: no counts at SNP 1222309 population 1
WARNING: no counts at SNP 1222309 population 2
WARNING: no counts at SNP 1222309 population 3
WARNING: no counts at SNP 1222309 population 4
WARNING: no counts at SNP 1222310 population 1
WARNING: no counts at SNP 1222310 population 2
WARNING: no counts at SNP 1222310 population 3
WARNING: no counts at SNP 1222310 population 4
Estimating covariance matrix in 1065 blocks of size 3800
SEED: 1585221594
Starting from:
((G.MaheSouth:0.100953,D.LaDigue:0.0158906):0.0290513,A.PraslinPasquereRiver:0.0290513);
Adding C.PraslinWest [4/7]
ln(likelihood): -540.12515 
((G.MaheSouth:0.107621,D.LaDigue:0.0194601):0.0152168,(A.PraslinPasquereRiver:0.0246437,C.PraslinWest:0.0331694):0.0152168);
Adding B.PraslinPlaineHollandaise [5/7]
ln(likelihood): -1588.5528 
((G.MaheSouth:0.109115,(A.PraslinPasquereRiver:0.0203119,(C.PraslinWest:0.00870975,B.PraslinPlaineHollandaise:0.00868168):0.0283082):0.0308583):0.0072594,D.LaDigue:0.0072594);
Adding F.Curieuse [6/7]
ln(likelihood): -1952.2051 
((G.MaheSouth:0.105271,((A.PraslinPasquereRiver:0.0191258,(C.PraslinWest:0.00860725,B.PraslinPlaineHollandaise:0.00867533):0.0317031):0.0137154,F.Curieuse:0.0709213):0.0183541):0.00712154,D.LaDigue:0.00712154);
Adding E.MaheNorth [7/7]
ln(likelihood): -1991.8804 
(((G.MaheSouth:0.0814009,E.MaheNorth:0.0904497):0.0314173,D.LaDigue:0.016344):0.00542776,((A.PraslinPasquereRiver:0.0174398,(C.PraslinWest:0.00680187,B.PraslinPlaineHollandaise:0.00719704):0.0318358):0.016019,F.Curieuse:0.0681351):0.00542776);
Testing global rearrangements
G.MaheSouth:0.0814009 D.LaDigue:0.016344
-5566.227 -1991.8804
G.MaheSouth:0.0814009 F.Curieuse:0.0681351
-9544.6009 -1991.8804
D.LaDigue:0.016344 G.MaheSouth:0.0814009
-5566.227 -1991.8804
D.LaDigue:0.016344 C.PraslinWest:0.00680187
-8764.7533 -1991.8804
D.LaDigue:0.016344 (C.PraslinWest:0.00680187,B.PraslinPlaineHollandaise:0.00719704):0.0318358
-4505.9675 -1991.8804
D.LaDigue:0.016344 B.PraslinPlaineHollandaise:0.00719704
-8764.7533 -1991.8804
A.PraslinPasquereRiver:0.0174398 C.PraslinWest:0.00680187
-5050.9018 -1991.8804
A.PraslinPasquereRiver:0.0174398 B.PraslinPlaineHollandaise:0.00719704
-5050.9018 -1991.8804
A.PraslinPasquereRiver:0.0174398 F.Curieuse:0.0681351
-3482.94 -1991.8804
C.PraslinWest:0.00680187 D.LaDigue:0.016344
-12382.089 -1991.8804
C.PraslinWest:0.00680187 A.PraslinPasquereRiver:0.0174398
-5050.9018 -1991.8804
(C.PraslinWest:0.00680187,B.PraslinPlaineHollandaise:0.00719704):0.0318358 D.LaDigue:0.016344
-4960.6659 -1991.8804
B.PraslinPlaineHollandaise:0.00719704 A.PraslinPasquereRiver:0.0174398
-5050.9018 -1991.8804
F.Curieuse:0.0681351 G.MaheSouth:0.0814009
-8158.6291 -1991.8804
F.Curieuse:0.0681351 (G.MaheSouth:0.0814009,E.MaheNorth:0.0904497):0.0314173
-2724.3071 -1991.8804
F.Curieuse:0.0681351 E.MaheNorth:0.0904497
-8158.6291 -1991.8804
F.Curieuse:0.0681351 A.PraslinPasquereRiver:0.0174398
-3482.94 -1991.8804
Targeting migration to vicinity of:
A.PraslinPasquereRiver F.Curieuse
D.LaDigue C.PraslinWest
D.LaDigue B.PraslinPlaineHollandaise
F.Curieuse E.MaheNorth

A.PraslinPasquereRiver F.Curieuse
F.Curieuse A.PraslinPasquereRiver
D.LaDigue C.PraslinWest
D.LaDigue B.PraslinPlaineHollandaise
D.LaDigue C.PraslinWest
D.LaDigue B.PraslinPlaineHollandaise
F.Curieuse E.MaheNorth
Trying A.PraslinPasquereRiver F.Curieuse
A.PraslinPasquereRiver:0.0174398 F.Curieuse:0.0681351
1->2 0.43127531 -1402.3387 -1991.8804
2->1 0.24859969 -1202.7876 -1402.3387
p2->1 4.0751289e-05 -1991.8804 -1202.7876
Trying D.LaDigue B.PraslinPlaineHollandaise
D.LaDigue:0.016344 B.PraslinPlaineHollandaise:0.00719704
1->2 0.13120271 -1843.6761 -1202.7876
2->1 0.31585041 -536.9576 -1202.7876
p1->2 0.013423924 -1991.5617 -536.9576
p2->1 0.34664834 -547.07637 -536.9576
D.LaDigue:0.0651046 (C.PraslinWest:0.00644186,B.PraslinPlaineHollandaise:0.00709882):0.0352709
1->2 0.41765332 -357.53315 -536.9576
p1->2 0.4485257 -1372.4185 -357.53315
p2->1 0.56887704 -1235.0241 -357.53315
Trying D.LaDigue C.PraslinWest
D.LaDigue:0.152194 C.PraslinWest:0.00680187
1->2 0.18213156 -1612.8825 -357.53315
2->1 0.31539443 -537.64245 -357.53315
p1->2 0.15307099 -1856.3881 -357.53315
D.LaDigue:0.0162058 (B.PraslinPlaineHollandaise:0,C.PraslinWest:0.0209558):0.0387852
Trying F.Curieuse A.PraslinPasquereRiver
F.Curieuse:0.0675 A.PraslinPasquereRiver:0.0154519
Trying F.Curieuse E.MaheNorth
F.Curieuse:0.0675 E.MaheNorth:0.0904602
1->2 0.31109303 -1464.1243 -357.53315
2->1 0.29926953 -1168.2505 -357.53315
p1->2 0.66501397 -1829.5185 -357.53315
p2->1 0.32859775 -1235.031 -357.53315
F.Curieuse:0.172276 (G.MaheSouth:0.0814009,E.MaheNorth:0.0904497):0.0342283
1->2 0.25299853 -1244.1822 -357.53315
p1->2 0.0002511449 -1991.8804 -357.53315
p2->1 0.099995285 -1991.8804 -357.53315
Migration added
Local updates around node 1: 0 ln(lk):-357.53315 
Local updates around node 2: 0 ln(lk):-357.53315 
Updates in migration position: 0 ln(lk):-357.53315 
Switches in migration direction: 0 ln(lk):-357.53315 
ln(likelihood):-357.5331 
Targeting migration to vicinity of:
F.Curieuse E.MaheNorth
D.LaDigue G.MaheSouth
A.PraslinPasquereRiver B.PraslinPlaineHollandaise
A.PraslinPasquereRiver F.Curieuse

A.PraslinPasquereRiver B.PraslinPlaineHollandaise
B.PraslinPlaineHollandaise A.PraslinPasquereRiver
F.Curieuse A.PraslinPasquereRiver
A.PraslinPasquereRiver F.Curieuse
B.PraslinPlaineHollandaise A.PraslinPasquereRiver
F.Curieuse A.PraslinPasquereRiver
D.LaDigue G.MaheSouth
G.MaheSouth D.LaDigue
F.Curieuse E.MaheNorth
Trying A.PraslinPasquereRiver B.PraslinPlaineHollandaise
(A.PraslinPasquereRiver:0,(C.PraslinWest:0.00684258,B.PraslinPlaineHollandaise:0.00723775):0.12351):0.0312386 B.PraslinPlaineHollandaise:0.00723775
1->2 0.076540112 -344.55757 -357.5331
p1->2 3.8719494e-07 -357.53334 -344.55757
(A.PraslinPasquereRiver:0,(C.PraslinWest:0.00684256,B.PraslinPlaineHollandaise:0.00723777):0.12351):0.0312386 (C.PraslinWest:0.00684256,B.PraslinPlaineHollandaise:0.00723777):0.12351
1->2 0.010928518 -357.53316 -344.55757
p1->2 3.0968394e-07 -357.53347 -344.55757
A.PraslinPasquereRiver:0 B.PraslinPlaineHollandaise:0.00723775
1->2 0.076540112 -344.55757 -344.55757
2->1 0.19356364 -264.9765 -344.55757
A.PraslinPasquereRiver:0.0173225 (C.PraslinWest:0.0068262,B.PraslinPlaineHollandaise:0.00722138):0.136468
p2->1 0.92138368 -296.62619 -264.9765
Trying A.PraslinPasquereRiver F.Curieuse
A.PraslinPasquereRiver:0 F.Curieuse:0.0599955
1->2 4.7680956e-07 -357.5331 -264.9765
2->1 0.25018033 -274.61019 -264.9765
p2->1 0.56735206 -296.62619 -264.9765
Trying B.PraslinPlaineHollandaise A.PraslinPasquereRiver
B.PraslinPlaineHollandaise:0.00721656 A.PraslinPasquereRiver:0.0730781
(C.PraslinWest:0.00682139,B.PraslinPlaineHollandaise:0.00721656):0.076639 A.PraslinPasquereRiver:0.0730781
Trying D.LaDigue G.MaheSouth
D.LaDigue:0.0235685 G.MaheSouth:0.0814205
1->2 0.2854479 -177.4211 -264.9765
2->1 0.085235663 -162.29451 -177.4211
p1->2 4.0751289e-05 -357.53311 -162.29451
p2->1 0.13444278 -302.17164 -162.29451
Trying F.Curieuse A.PraslinPasquereRiver
F.Curieuse:0.0607636 A.PraslinPasquereRiver:0
Trying F.Curieuse E.MaheNorth
F.Curieuse:0.0607636 (E.MaheNorth:0.0904453,G.MaheSouth:0.0813966):0.029211
1->2 0.12044398 -81.4704 -162.29451
2->1 0.26070848 -81.146328 -81.4704
p1->2 0.00089123764 -357.5331 -81.146328
p2->1 3.9682749e-07 -357.5331 -81.146328
F.Curieuse:0.0606093 E.MaheNorth:0.0904904
1->2 0.211922 -70.82112 -81.146328
2->1 0.18973479 -16.82877 -70.82112
p1->2 0.71735549 -177.48473 -16.82877
Trying G.MaheSouth D.LaDigue
G.MaheSouth:0 D.LaDigue:0.0189959
Migration added
Local updates around node 1: 0 ln(lk):-16.82877 
Local updates around node 2: 0 ln(lk):-16.82877 
Updates in migration position: 0 ln(lk):-16.82877 
Switches in migration direction: 0 ln(lk):-16.82877 
ln(likelihood):-16.635993 
Targeting migration to vicinity of:
D.LaDigue G.MaheSouth
A.PraslinPasquereRiver B.PraslinPlaineHollandaise
A.PraslinPasquereRiver E.MaheNorth
C.PraslinWest E.MaheNorth

A.PraslinPasquereRiver B.PraslinPlaineHollandaise
B.PraslinPlaineHollandaise A.PraslinPasquereRiver
A.PraslinPasquereRiver E.MaheNorth
C.PraslinWest E.MaheNorth
A.PraslinPasquereRiver E.MaheNorth
C.PraslinWest E.MaheNorth
D.LaDigue G.MaheSouth
G.MaheSouth D.LaDigue
Trying A.PraslinPasquereRiver B.PraslinPlaineHollandaise
((C.PraslinWest:0.00682209,B.PraslinPlaineHollandaise:0.00721726):0.119211,A.PraslinPasquereRiver:0):0.0186063 B.PraslinPlaineHollandaise:0.00721726
1->2 0.087633997 -2.224941 -16.635993
p1->2 3.8719494e-07 -16.636055 -2.224941
A.PraslinPasquereRiver:0 B.PraslinPlaineHollandaise:0.00721728
1->2 0.087633997 -2.224941 -2.224941
2->1 0.03405387 -1.5903548 -2.224941
Trying A.PraslinPasquereRiver E.MaheNorth
A.PraslinPasquereRiver:0 E.MaheNorth:0.0914084
1->2 0.14555538 108.03156 -1.5903548
2->1 0.024779787 20.915193 108.03156
p1->2 0.14875832 107.71205 108.03156
p2->1 0.015791612 -13.835454 108.03156
Trying B.PraslinPlaineHollandaise A.PraslinPasquereRiver
B.PraslinPlaineHollandaise:0.00721464 A.PraslinPasquereRiver:0
Trying C.PraslinWest E.MaheNorth
C.PraslinWest:0.00681947 E.MaheNorth:0.0914283
1->2 0.032954302 -1.7230565 108.03156
2->1 0.01021824 -8.4237914 108.03156
p1->2 0.14513108 108.5283 108.03156
p2->1 0.058721267 -6.2196134 108.5283
Trying D.LaDigue G.MaheSouth
D.LaDigue:0.0184465 G.MaheSouth:0.0803182
1->2 0.28442341 102.21079 108.5283
2->1 0.067334965 85.408035 108.5283
p1->2 4.0751289e-05 -16.636001 108.5283
p2->1 0.036437832 -10.459711 108.5283
Trying G.MaheSouth D.LaDigue
G.MaheSouth:0.0803798 D.LaDigue:0.0212938
Migration added
Local updates around node 1: 0 ln(lk):108.5283 
Local updates around node 2: 0 ln(lk):108.5283 
Updates in migration position: 0 ln(lk):108.5283 
Switches in migration direction: 0 ln(lk):108.5283 
ln(likelihood):109.80857 
DONE.
