
TreeMix v. 1.13
$Revision: 231 $

npop:7 nsnp:4048660
WARNING: no counts at SNP 1222213 population 1
WARNING: no counts at SNP 1222213 population 2
WARNING: no counts at SNP 1222213 population 3
WARNING: no counts at SNP 1222213 population 4
WARNING: no counts at SNP 1222214 population 1
WARNING: no counts at SNP 1222214 population 2
WARNING: no counts at SNP 1222214 population 3
WARNING: no counts at SNP 1222214 population 4
WARNING: no counts at SNP 1222215 population 1
WARNING: no counts at SNP 1222215 population 2
WARNING: no counts at SNP 1222215 population 4
WARNING: no counts at SNP 1222216 population 1
WARNING: no counts at SNP 1222216 population 2
WARNING: no counts at SNP 1222216 population 4
WARNING: no counts at SNP 1222217 population 1
WARNING: no counts at SNP 1222217 population 2
WARNING: no counts at SNP 1222217 population 3
WARNING: no counts at SNP 1222217 population 4
WARNING: no counts at SNP 1222218 population 1
WARNING: no counts at SNP 1222218 population 2
WARNING: no counts at SNP 1222218 population 3
WARNING: no counts at SNP 1222218 population 4
WARNING: no counts at SNP 1222219 population 1
WARNING: no counts at SNP 1222219 population 2
WARNING: no counts at SNP 1222219 population 4
WARNING: no counts at SNP 1222220 population 1
WARNING: no counts at SNP 1222220 population 2
WARNING: no counts at SNP 1222220 population 3
WARNING: no counts at SNP 1222220 population 4
WARNING: no counts at SNP 1222221 population 1
WARNING: no counts at SNP 1222221 population 2
WARNING: no counts at SNP 1222221 population 3
WARNING: no counts at SNP 1222221 population 4
WARNING: no counts at SNP 1222222 population 1
WARNING: no counts at SNP 1222222 population 2
WARNING: no counts at SNP 1222222 population 4
WARNING: no counts at SNP 1222223 population 1
WARNING: no counts at SNP 1222223 population 2
WARNING: no counts at SNP 1222223 population 4
WARNING: no counts at SNP 1222224 population 1
WARNING: no counts at SNP 1222224 population 2
WARNING: no counts at SNP 1222224 population 4
WARNING: no counts at SNP 1222225 population 1
WARNING: no counts at SNP 1222225 population 2
WARNING: no counts at SNP 1222225 population 4
WARNING: no counts at SNP 1222226 population 1
WARNING: no counts at SNP 1222226 population 2
WARNING: no counts at SNP 1222226 population 3
WARNING: no counts at SNP 1222226 population 4
WARNING: no counts at SNP 1222227 population 0
WARNING: no counts at SNP 1222227 population 1
WARNING: no counts at SNP 1222227 population 2
WARNING: no counts at SNP 1222227 population 4
WARNING: no counts at SNP 1222228 population 1
WARNING: no counts at SNP 1222228 population 2
WARNING: no counts at SNP 1222228 population 3
WARNING: no counts at SNP 1222228 population 4
WARNING: no counts at SNP 1222229 population 1
WARNING: no counts at SNP 1222229 population 2
WARNING: no counts at SNP 1222229 population 4
WARNING: no counts at SNP 1222230 population 1
WARNING: no counts at SNP 1222230 population 2
WARNING: no counts at SNP 1222230 population 3
WARNING: no counts at SNP 1222230 population 4
WARNING: no counts at SNP 1222231 population 1
WARNING: no counts at SNP 1222231 population 2
WARNING: no counts at SNP 1222231 population 3
WARNING: no counts at SNP 1222231 population 4
WARNING: no counts at SNP 1222232 population 1
WARNING: no counts at SNP 1222232 population 2
WARNING: no counts at SNP 1222232 population 3
WARNING: no counts at SNP 1222232 population 4
WARNING: no counts at SNP 1222233 population 1
WARNING: no counts at SNP 1222233 population 2
WARNING: no counts at SNP 1222233 population 3
WARNING: no counts at SNP 1222233 population 4
WARNING: no counts at SNP 1222234 population 1
WARNING: no counts at SNP 1222234 population 2
WARNING: no counts at SNP 1222234 population 3
WARNING: no counts at SNP 1222234 population 4
WARNING: no counts at SNP 1222235 population 1
WARNING: no counts at SNP 1222235 population 2
WARNING: no counts at SNP 1222235 population 3
WARNING: no counts at SNP 1222235 population 4
WARNING: no counts at SNP 1222236 population 1
WARNING: no counts at SNP 1222236 population 2
WARNING: no counts at SNP 1222236 population 3
WARNING: no counts at SNP 1222236 population 4
WARNING: no counts at SNP 1222237 population 1
WARNING: no counts at SNP 1222237 population 2
WARNING: no counts at SNP 1222237 population 3
WARNING: no counts at SNP 1222237 population 4
WARNING: no counts at SNP 1222238 population 1
WARNING: no counts at SNP 1222238 population 2
WARNING: no counts at SNP 1222238 population 3
WARNING: no counts at SNP 1222238 population 4
WARNING: no counts at SNP 1222239 population 1
WARNING: no counts at SNP 1222239 population 2
WARNING: no counts at SNP 1222239 population 3
WARNING: no counts at SNP 1222239 population 4
WARNING: no counts at SNP 1222240 population 1
WARNING: no counts at SNP 1222240 population 2
WARNING: no counts at SNP 1222240 population 3
WARNING: no counts at SNP 1222240 population 4
WARNING: no counts at SNP 1222241 population 1
WARNING: no counts at SNP 1222241 population 2
WARNING: no counts at SNP 1222241 population 3
WARNING: no counts at SNP 1222241 population 4
WARNING: no counts at SNP 1222242 population 1
WARNING: no counts at SNP 1222242 population 2
WARNING: no counts at SNP 1222242 population 3
WARNING: no counts at SNP 1222242 population 4
WARNING: no counts at SNP 1222243 population 1
WARNING: no counts at SNP 1222243 population 2
WARNING: no counts at SNP 1222243 population 3
WARNING: no counts at SNP 1222243 population 4
WARNING: no counts at SNP 1222244 population 1
WARNING: no counts at SNP 1222244 population 2
WARNING: no counts at SNP 1222244 population 3
WARNING: no counts at SNP 1222244 population 4
WARNING: no counts at SNP 1222245 population 1
WARNING: no counts at SNP 1222245 population 2
WARNING: no counts at SNP 1222245 population 3
WARNING: no counts at SNP 1222245 population 4
WARNING: no counts at SNP 1222246 population 1
WARNING: no counts at SNP 1222246 population 2
WARNING: no counts at SNP 1222246 population 3
WARNING: no counts at SNP 1222246 population 4
WARNING: no counts at SNP 1222247 population 1
WARNING: no counts at SNP 1222247 population 2
WARNING: no counts at SNP 1222247 population 3
WARNING: no counts at SNP 1222247 population 4
WARNING: no counts at SNP 1222248 population 1
WARNING: no counts at SNP 1222248 population 2
WARNING: no counts at SNP 1222248 population 3
WARNING: no counts at SNP 1222248 population 4
WARNING: no counts at SNP 1222249 population 1
WARNING: no counts at SNP 1222249 population 2
WARNING: no counts at SNP 1222249 population 3
WARNING: no counts at SNP 1222249 population 4
WARNING: no counts at SNP 1222250 population 1
WARNING: no counts at SNP 1222250 population 2
WARNING: no counts at SNP 1222250 population 3
WARNING: no counts at SNP 1222250 population 4
WARNING: no counts at SNP 1222251 population 1
WARNING: no counts at SNP 1222251 population 2
WARNING: no counts at SNP 1222251 population 3
WARNING: no counts at SNP 1222251 population 4
WARNING: no counts at SNP 1222252 population 1
WARNING: no counts at SNP 1222252 population 2
WARNING: no counts at SNP 1222252 population 3
WARNING: no counts at SNP 1222252 population 4
WARNING: no counts at SNP 1222253 population 1
WARNING: no counts at SNP 1222253 population 2
WARNING: no counts at SNP 1222253 population 3
WARNING: no counts at SNP 1222253 population 4
WARNING: no counts at SNP 1222254 population 1
WARNING: no counts at SNP 1222254 population 2
WARNING: no counts at SNP 1222254 population 4
WARNING: no counts at SNP 1222255 population 1
WARNING: no counts at SNP 1222255 population 2
WARNING: no counts at SNP 1222255 population 4
WARNING: no counts at SNP 1222256 population 1
WARNING: no counts at SNP 1222256 population 2
WARNING: no counts at SNP 1222256 population 3
WARNING: no counts at SNP 1222256 population 4
WARNING: no counts at SNP 1222257 population 0
WARNING: no counts at SNP 1222257 population 1
WARNING: no counts at SNP 1222257 population 2
WARNING: no counts at SNP 1222257 population 3
WARNING: no counts at SNP 1222257 population 4
WARNING: no counts at SNP 1222258 population 1
WARNING: no counts at SNP 1222258 population 2
WARNING: no counts at SNP 1222258 population 3
WARNING: no counts at SNP 1222258 population 4
WARNING: no counts at SNP 1222259 population 1
WARNING: no counts at SNP 1222259 population 2
WARNING: no counts at SNP 1222259 population 3
WARNING: no counts at SNP 1222259 population 4
WARNING: no counts at SNP 1222260 population 1
WARNING: no counts at SNP 1222260 population 2
WARNING: no counts at SNP 1222260 population 4
WARNING: no counts at SNP 1222261 population 1
WARNING: no counts at SNP 1222261 population 2
WARNING: no counts at SNP 1222261 population 4
WARNING: no counts at SNP 1222262 population 1
WARNING: no counts at SNP 1222262 population 2
WARNING: no counts at SNP 1222262 population 4
WARNING: no counts at SNP 1222263 population 0
WARNING: no counts at SNP 1222263 population 1
WARNING: no counts at SNP 1222263 population 2
WARNING: no counts at SNP 1222263 population 3
WARNING: no counts at SNP 1222263 population 4
WARNING: no counts at SNP 1222264 population 1
WARNING: no counts at SNP 1222264 population 2
WARNING: no counts at SNP 1222264 population 3
WARNING: no counts at SNP 1222264 population 4
WARNING: no counts at SNP 1222265 population 0
WARNING: no counts at SNP 1222265 population 1
WARNING: no counts at SNP 1222265 population 2
WARNING: no counts at SNP 1222265 population 3
WARNING: no counts at SNP 1222265 population 4
WARNING: no counts at SNP 1222266 population 0
WARNING: no counts at SNP 1222266 population 1
WARNING: no counts at SNP 1222266 population 2
WARNING: no counts at SNP 1222266 population 3
WARNING: no counts at SNP 1222266 population 4
WARNING: no counts at SNP 1222267 population 1
WARNING: no counts at SNP 1222267 population 2
WARNING: no counts at SNP 1222267 population 3
WARNING: no counts at SNP 1222267 population 4
WARNING: no counts at SNP 1222268 population 1
WARNING: no counts at SNP 1222268 population 2
WARNING: no counts at SNP 1222268 population 3
WARNING: no counts at SNP 1222268 population 4
WARNING: no counts at SNP 1222269 population 1
WARNING: no counts at SNP 1222269 population 2
WARNING: no counts at SNP 1222269 population 3
WARNING: no counts at SNP 1222269 population 4
WARNING: no counts at SNP 1222270 population 1
WARNING: no counts at SNP 1222270 population 2
WARNING: no counts at SNP 1222270 population 4
WARNING: no counts at SNP 1222271 population 1
WARNING: no counts at SNP 1222271 population 2
WARNING: no counts at SNP 1222271 population 4
WARNING: no counts at SNP 1222272 population 1
WARNING: no counts at SNP 1222272 population 2
WARNING: no counts at SNP 1222272 population 3
WARNING: no counts at SNP 1222272 population 4
WARNING: no counts at SNP 1222273 population 1
WARNING: no counts at SNP 1222273 population 2
WARNING: no counts at SNP 1222273 population 4
WARNING: no counts at SNP 1222274 population 1
WARNING: no counts at SNP 1222274 population 2
WARNING: no counts at SNP 1222274 population 3
WARNING: no counts at SNP 1222274 population 4
WARNING: no counts at SNP 1222275 population 1
WARNING: no counts at SNP 1222275 population 2
WARNING: no counts at SNP 1222275 population 3
WARNING: no counts at SNP 1222275 population 4
WARNING: no counts at SNP 1222276 population 1
WARNING: no counts at SNP 1222276 population 2
WARNING: no counts at SNP 1222276 population 3
WARNING: no counts at SNP 1222276 population 4
WARNING: no counts at SNP 1222277 population 1
WARNING: no counts at SNP 1222277 population 2
WARNING: no counts at SNP 1222277 population 3
WARNING: no counts at SNP 1222277 population 4
WARNING: no counts at SNP 1222278 population 1
WARNING: no counts at SNP 1222278 population 2
WARNING: no counts at SNP 1222278 population 4
WARNING: no counts at SNP 1222279 population 1
WARNING: no counts at SNP 1222279 population 2
WARNING: no counts at SNP 1222279 population 4
WARNING: no counts at SNP 1222280 population 1
WARNING: no counts at SNP 1222280 population 2
WARNING: no counts at SNP 1222280 population 3
WARNING: no counts at SNP 1222280 population 4
WARNING: no counts at SNP 1222281 population 1
WARNING: no counts at SNP 1222281 population 2
WARNING: no counts at SNP 1222281 population 4
WARNING: no counts at SNP 1222282 population 1
WARNING: no counts at SNP 1222282 population 2
WARNING: no counts at SNP 1222282 population 4
WARNING: no counts at SNP 1222283 population 1
WARNING: no counts at SNP 1222283 population 2
WARNING: no counts at SNP 1222283 population 4
WARNING: no counts at SNP 1222284 population 1
WARNING: no counts at SNP 1222284 population 2
WARNING: no counts at SNP 1222284 population 4
WARNING: no counts at SNP 1222285 population 1
WARNING: no counts at SNP 1222285 population 2
WARNING: no counts at SNP 1222285 population 4
WARNING: no counts at SNP 1222286 population 1
WARNING: no counts at SNP 1222286 population 2
WARNING: no counts at SNP 1222286 population 4
WARNING: no counts at SNP 1222287 population 1
WARNING: no counts at SNP 1222287 population 2
WARNING: no counts at SNP 1222287 population 4
WARNING: no counts at SNP 1222288 population 1
WARNING: no counts at SNP 1222288 population 2
WARNING: no counts at SNP 1222288 population 4
WARNING: no counts at SNP 1222289 population 1
WARNING: no counts at SNP 1222289 population 2
WARNING: no counts at SNP 1222289 population 4
WARNING: no counts at SNP 1222290 population 1
WARNING: no counts at SNP 1222290 population 2
WARNING: no counts at SNP 1222290 population 4
WARNING: no counts at SNP 1222291 population 1
WARNING: no counts at SNP 1222291 population 2
WARNING: no counts at SNP 1222291 population 4
WARNING: no counts at SNP 1222292 population 1
WARNING: no counts at SNP 1222292 population 2
WARNING: no counts at SNP 1222292 population 4
WARNING: no counts at SNP 1222293 population 1
WARNING: no counts at SNP 1222293 population 2
WARNING: no counts at SNP 1222293 population 4
WARNING: no counts at SNP 1222294 population 1
WARNING: no counts at SNP 1222294 population 2
WARNING: no counts at SNP 1222294 population 4
WARNING: no counts at SNP 1222295 population 1
WARNING: no counts at SNP 1222295 population 2
WARNING: no counts at SNP 1222295 population 4
WARNING: no counts at SNP 1222296 population 1
WARNING: no counts at SNP 1222296 population 2
WARNING: no counts at SNP 1222296 population 4
WARNING: no counts at SNP 1222297 population 1
WARNING: no counts at SNP 1222297 population 2
WARNING: no counts at SNP 1222297 population 4
WARNING: no counts at SNP 1222298 population 1
WARNING: no counts at SNP 1222298 population 2
WARNING: no counts at SNP 1222298 population 4
WARNING: no counts at SNP 1222299 population 1
WARNING: no counts at SNP 1222299 population 2
WARNING: no counts at SNP 1222299 population 4
WARNING: no counts at SNP 1222300 population 1
WARNING: no counts at SNP 1222300 population 2
WARNING: no counts at SNP 1222300 population 4
WARNING: no counts at SNP 1222301 population 1
WARNING: no counts at SNP 1222301 population 2
WARNING: no counts at SNP 1222301 population 4
WARNING: no counts at SNP 1222302 population 1
WARNING: no counts at SNP 1222302 population 2
WARNING: no counts at SNP 1222302 population 4
WARNING: no counts at SNP 1222303 population 1
WARNING: no counts at SNP 1222303 population 2
WARNING: no counts at SNP 1222303 population 4
WARNING: no counts at SNP 1222304 population 1
WARNING: no counts at SNP 1222304 population 2
WARNING: no counts at SNP 1222304 population 4
WARNING: no counts at SNP 1222305 population 1
WARNING: no counts at SNP 1222305 population 2
WARNING: no counts at SNP 1222305 population 4
WARNING: no counts at SNP 1222306 population 1
WARNING: no counts at SNP 1222306 population 2
WARNING: no counts at SNP 1222306 population 4
WARNING: no counts at SNP 1222307 population 1
WARNING: no counts at SNP 1222307 population 2
WARNING: no counts at SNP 1222307 population 4
WARNING: no counts at SNP 1222308 population 0
WARNING: no counts at SNP 1222308 population 1
WARNING: no counts at SNP 1222308 population 2
WARNING: no counts at SNP 1222308 population 4
WARNING: no counts at SNP 1222309 population 1
WARNING: no counts at SNP 1222309 population 2
WARNING: no counts at SNP 1222309 population 3
WARNING: no counts at SNP 1222309 population 4
WARNING: no counts at SNP 1222310 population 1
WARNING: no counts at SNP 1222310 population 2
WARNING: no counts at SNP 1222310 population 3
WARNING: no counts at SNP 1222310 population 4
Estimating covariance matrix in 2249 blocks of size 1800
SEED: 1585221594
Starting from:
((G.MaheSouth:0.100943,D.LaDigue:0.0158925):0.0290482,A.PraslinPasquereRiver:0.0290482);
Adding C.PraslinWest [4/7]
ln(likelihood): -937.78006 
((G.MaheSouth:0.107611,D.LaDigue:0.019462):0.0152131,(A.PraslinPasquereRiver:0.0246438,C.PraslinWest:0.0331694):0.0152131);
Adding B.PraslinPlaineHollandaise [5/7]
ln(likelihood): -2778.1923 
((G.MaheSouth:0.109105,(A.PraslinPasquereRiver:0.0203114,(C.PraslinWest:0.00871659,B.PraslinPlaineHollandaise:0.00868469):0.028298):0.0308535):0.00726017,D.LaDigue:0.00726017);
Adding F.Curieuse [6/7]
ln(likelihood): -3159.8791 
((G.MaheSouth:0.105261,((A.PraslinPasquereRiver:0.0191256,(C.PraslinWest:0.00861485,B.PraslinPlaineHollandaise:0.00867775):0.0316924):0.0137124,F.Curieuse:0.0709179):0.0183522):0.00712266,D.LaDigue:0.00712266);
Adding E.MaheNorth [7/7]
ln(likelihood): -3011.1663 
((F.Curieuse:0.0681318,((G.MaheSouth:0.0813921,E.MaheNorth:0.0904476):0.0314164,D.LaDigue:0.016346):0.010854):0.00800788,(A.PraslinPasquereRiver:0.0174394,(C.PraslinWest:0.00680937,B.PraslinPlaineHollandaise:0.00719954):0.0318254):0.00800788);
Testing global rearrangements
F.Curieuse:0.0681318 G.MaheSouth:0.0813921
-11301.254 -3011.1663
F.Curieuse:0.0681318 (G.MaheSouth:0.0813921,E.MaheNorth:0.0904476):0.0314164
-4073.965 -3011.1663
F.Curieuse:0.0681318 E.MaheNorth:0.0904476
-11301.254 -3011.1663
F.Curieuse:0.0681318 A.PraslinPasquereRiver:0.0174394
-5219.4981 -3011.1663
G.MaheSouth:0.0813921 F.Curieuse:0.0681318
-13153.608 -3011.1663
G.MaheSouth:0.0813921 D.LaDigue:0.016346
-8124.3215 -3011.1663
E.MaheNorth:0.0904476 F.Curieuse:0.0681318
-13153.608 -3011.1663
D.LaDigue:0.016346 G.MaheSouth:0.0813921
-8124.3215 -3011.1663
D.LaDigue:0.016346 C.PraslinWest:0.00680937
-13798.585 -3011.1663
D.LaDigue:0.016346 (C.PraslinWest:0.00680937,B.PraslinPlaineHollandaise:0.00719954):0.0318254
-7163.1785 -3011.1663
D.LaDigue:0.016346 B.PraslinPlaineHollandaise:0.00719954
-13798.585 -3011.1663
A.PraslinPasquereRiver:0.0174394 F.Curieuse:0.0681318
-5219.4981 -3011.1663
A.PraslinPasquereRiver:0.0174394 C.PraslinWest:0.00680937
-7373.4426 -3011.1663
A.PraslinPasquereRiver:0.0174394 B.PraslinPlaineHollandaise:0.00719954
-7373.4426 -3011.1663
C.PraslinWest:0.00680937 D.LaDigue:0.016346
-18548.184 -3011.1663
Targeting migration to vicinity of:
A.PraslinPasquereRiver F.Curieuse
D.LaDigue C.PraslinWest
D.LaDigue B.PraslinPlaineHollandaise
F.Curieuse E.MaheNorth

A.PraslinPasquereRiver F.Curieuse
C.PraslinWest D.LaDigue
B.PraslinPlaineHollandaise D.LaDigue
D.LaDigue C.PraslinWest
D.LaDigue B.PraslinPlaineHollandaise
F.Curieuse A.PraslinPasquereRiver
D.LaDigue C.PraslinWest
D.LaDigue B.PraslinPlaineHollandaise
F.Curieuse A.PraslinPasquereRiver
D.LaDigue G.MaheSouth
F.Curieuse E.MaheNorth
Trying A.PraslinPasquereRiver F.Curieuse
A.PraslinPasquereRiver:0.0174394 F.Curieuse:0.0681318
1->2 0.43127531 -2173.9418 -3011.1663
2->1 0.3970964 -1864.6408 -2173.9418
p1->2 0.014303165 -3011.1663 -1864.6408
p2->1 0.099995285 -3011.1663 -1864.6408
Trying B.PraslinPlaineHollandaise D.LaDigue
B.PraslinPlaineHollandaise:0.00719954 D.LaDigue:0.016346
1->2 0.31624016 -876.3959 -1864.6408
2->1 0.12956221 -2804.9906 -876.3959
p1->2 0.34701365 -891.38346 -876.3959
p2->1 0.00081076915 -3011.1645 -876.3959
(C.PraslinWest:0.00676786,B.PraslinPlaineHollandaise:0.00725276):0.0318618 D.LaDigue:0.016346
2->1 0.41713998 -617.09425 -876.3959
p1->2 0.56895256 -1958.3545 -617.09425
p2->1 0.45138463 -2122.2584 -617.09425
Trying C.PraslinWest D.LaDigue
(C.PraslinWest:0.00682679,B.PraslinPlaineHollandaise:0.00721696):0.14229 D.LaDigue:0.0159222
C.PraslinWest:0.00682679 D.LaDigue:0.0159222
1->2 0.31550205 -877.35809 -617.09425
2->1 0.18162332 -2450.7135 -617.09425
p2->1 0.15459467 -2811.4668 -617.09425
Trying D.LaDigue B.PraslinPlaineHollandaise
D.LaDigue:0.0162096 B.PraslinPlaineHollandaise:0
D.LaDigue:0.0162096 (B.PraslinPlaineHollandaise:0,C.PraslinWest:0.0211765):0.0388108
Trying D.LaDigue C.PraslinWest
D.LaDigue:0.0162096 (B.PraslinPlaineHollandaise:0,C.PraslinWest:0.0211765):0.0388108
D.LaDigue:0.0162096 C.PraslinWest:0.0211765
Trying D.LaDigue G.MaheSouth
(F.Curieuse:0.0674923,((G.MaheSouth:0.081403,E.MaheNorth:0.0904585):0.0311707,D.LaDigue:0.0162096):0.0120707):0.00872604 G.MaheSouth:0.081403
1->2 3.8719494e-07 -3011.1665 -617.09425
((G.MaheSouth:0.0813921,E.MaheNorth:0.0904475):0.0314164,D.LaDigue:0.016346):0.010854 G.MaheSouth:0.0813921
1->2 4.0751289e-05 -3011.1663 -617.09425
D.LaDigue:0.016346 G.MaheSouth:0.0814
1->2 0.56512684 -2759.32 -617.09425
2->1 0.098679066 -2759.32 -617.09425
Trying F.Curieuse A.PraslinPasquereRiver
F.Curieuse:0.0681318 A.PraslinPasquereRiver:0.0174394
Trying F.Curieuse E.MaheNorth
F.Curieuse:0.0681318 (E.MaheNorth:0.0889136,G.MaheSouth:0.0829261):0.0391108
1->2 0.43739438 -1953.368 -617.09425
2->1 0.32848781 -1958.3569 -617.09425
p1->2 4.0751289e-05 -3011.1663 -617.09425
F.Curieuse:0.0681318 E.MaheNorth:0.0904476
1->2 0.32213658 -2260.708 -617.09425
2->1 0.29926953 -1864.6922 -617.09425
p1->2 0.4792549 -2755.8885 -617.09425
Migration added
Local updates around node 1: 0 ln(lk):-617.09425 
Local updates around node 2: 0 ln(lk):-617.09425 
Updates in migration position: 0 ln(lk):-617.09425 
Switches in migration direction: 0 ln(lk):-617.09425 
ln(likelihood):-617.09423 
Targeting migration to vicinity of:
F.Curieuse E.MaheNorth
D.LaDigue G.MaheSouth
A.PraslinPasquereRiver B.PraslinPlaineHollandaise
A.PraslinPasquereRiver F.Curieuse

A.PraslinPasquereRiver B.PraslinPlaineHollandaise
B.PraslinPlaineHollandaise A.PraslinPasquereRiver
A.PraslinPasquereRiver F.Curieuse
D.LaDigue G.MaheSouth
G.MaheSouth D.LaDigue
F.Curieuse E.MaheNorth
D.LaDigue G.MaheSouth
F.Curieuse E.MaheNorth
Trying A.PraslinPasquereRiver B.PraslinPlaineHollandaise
(A.PraslinPasquereRiver:0,(C.PraslinWest:0.00684999,B.PraslinPlaineHollandaise:0.00724016):0.123229):0.0156122 B.PraslinPlaineHollandaise:0.00724016
1->2 0.077048466 -596.98493 -617.09423
A.PraslinPasquereRiver:0 B.PraslinPlaineHollandaise:0.0117715
1->2 0.077048466 -596.98493 -596.98493
2->1 0.18532592 -492.10248 -596.98493
Trying A.PraslinPasquereRiver F.Curieuse
A.PraslinPasquereRiver:0.0159805 F.Curieuse:0.0585467
1->2 7.9029166e-07 -617.09423 -492.10248
2->1 0.3966648 -499.79985 -492.10248
p1->2 0.00053671375 -617.0942 -492.10248
p2->1 0.94894457 -534.60324 -492.10248
Trying B.PraslinPlaineHollandaise A.PraslinPasquereRiver
B.PraslinPlaineHollandaise:0.00721642 A.PraslinPasquereRiver:0
Trying D.LaDigue G.MaheSouth
D.LaDigue:0.0235662 G.MaheSouth:0.0814118
1->2 0.28711027 -342.1496 -492.10248
2->1 0.083613388 -320.8969 -342.1496
p1->2 4.0751289e-05 -617.09427 -320.8969
p2->1 0.12610076 -541.78521 -320.8969
Trying F.Curieuse E.MaheNorth
F.Curieuse:0.0607584 E.MaheNorth:0.0904361
1->2 0.22079663 -195.71551 -320.8969
2->1 0.18804134 -133.89154 -195.71551
p1->2 0.33244488 -345.0897 -133.89154
p2->1 0.25744852 -226.77611 -133.89154
F.Curieuse:0.125491 (G.MaheSouth:0.0812686,E.MaheNorth:0.090324):0.0299387
1->2 0.22138484 -236.20833 -133.89154
p1->2 4.0751289e-05 -617.09426 -133.89154
Trying G.MaheSouth D.LaDigue
G.MaheSouth:0.0814327 D.LaDigue:0.0230254
Migration added
Local updates around node 1: 0 ln(lk):-133.89154 
Local updates around node 2: 0 ln(lk):-133.89154 
Updates in migration position: 0 ln(lk):-133.89154 
Switches in migration direction: 0 ln(lk):-133.89154 
ln(likelihood):-133.52394 
DONE.
