
TreeMix v. 1.13
$Revision: 231 $

npop:7 nsnp:4048660
WARNING: no counts at SNP 1222213 population 1
WARNING: no counts at SNP 1222213 population 2
WARNING: no counts at SNP 1222213 population 3
WARNING: no counts at SNP 1222213 population 4
WARNING: no counts at SNP 1222214 population 1
WARNING: no counts at SNP 1222214 population 2
WARNING: no counts at SNP 1222214 population 3
WARNING: no counts at SNP 1222214 population 4
WARNING: no counts at SNP 1222215 population 1
WARNING: no counts at SNP 1222215 population 2
WARNING: no counts at SNP 1222215 population 4
WARNING: no counts at SNP 1222216 population 1
WARNING: no counts at SNP 1222216 population 2
WARNING: no counts at SNP 1222216 population 4
WARNING: no counts at SNP 1222217 population 1
WARNING: no counts at SNP 1222217 population 2
WARNING: no counts at SNP 1222217 population 3
WARNING: no counts at SNP 1222217 population 4
WARNING: no counts at SNP 1222218 population 1
WARNING: no counts at SNP 1222218 population 2
WARNING: no counts at SNP 1222218 population 3
WARNING: no counts at SNP 1222218 population 4
WARNING: no counts at SNP 1222219 population 1
WARNING: no counts at SNP 1222219 population 2
WARNING: no counts at SNP 1222219 population 4
WARNING: no counts at SNP 1222220 population 1
WARNING: no counts at SNP 1222220 population 2
WARNING: no counts at SNP 1222220 population 3
WARNING: no counts at SNP 1222220 population 4
WARNING: no counts at SNP 1222221 population 1
WARNING: no counts at SNP 1222221 population 2
WARNING: no counts at SNP 1222221 population 3
WARNING: no counts at SNP 1222221 population 4
WARNING: no counts at SNP 1222222 population 1
WARNING: no counts at SNP 1222222 population 2
WARNING: no counts at SNP 1222222 population 4
WARNING: no counts at SNP 1222223 population 1
WARNING: no counts at SNP 1222223 population 2
WARNING: no counts at SNP 1222223 population 4
WARNING: no counts at SNP 1222224 population 1
WARNING: no counts at SNP 1222224 population 2
WARNING: no counts at SNP 1222224 population 4
WARNING: no counts at SNP 1222225 population 1
WARNING: no counts at SNP 1222225 population 2
WARNING: no counts at SNP 1222225 population 4
WARNING: no counts at SNP 1222226 population 1
WARNING: no counts at SNP 1222226 population 2
WARNING: no counts at SNP 1222226 population 3
WARNING: no counts at SNP 1222226 population 4
WARNING: no counts at SNP 1222227 population 0
WARNING: no counts at SNP 1222227 population 1
WARNING: no counts at SNP 1222227 population 2
WARNING: no counts at SNP 1222227 population 4
WARNING: no counts at SNP 1222228 population 1
WARNING: no counts at SNP 1222228 population 2
WARNING: no counts at SNP 1222228 population 3
WARNING: no counts at SNP 1222228 population 4
WARNING: no counts at SNP 1222229 population 1
WARNING: no counts at SNP 1222229 population 2
WARNING: no counts at SNP 1222229 population 4
WARNING: no counts at SNP 1222230 population 1
WARNING: no counts at SNP 1222230 population 2
WARNING: no counts at SNP 1222230 population 3
WARNING: no counts at SNP 1222230 population 4
WARNING: no counts at SNP 1222231 population 1
WARNING: no counts at SNP 1222231 population 2
WARNING: no counts at SNP 1222231 population 3
WARNING: no counts at SNP 1222231 population 4
WARNING: no counts at SNP 1222232 population 1
WARNING: no counts at SNP 1222232 population 2
WARNING: no counts at SNP 1222232 population 3
WARNING: no counts at SNP 1222232 population 4
WARNING: no counts at SNP 1222233 population 1
WARNING: no counts at SNP 1222233 population 2
WARNING: no counts at SNP 1222233 population 3
WARNING: no counts at SNP 1222233 population 4
WARNING: no counts at SNP 1222234 population 1
WARNING: no counts at SNP 1222234 population 2
WARNING: no counts at SNP 1222234 population 3
WARNING: no counts at SNP 1222234 population 4
WARNING: no counts at SNP 1222235 population 1
WARNING: no counts at SNP 1222235 population 2
WARNING: no counts at SNP 1222235 population 3
WARNING: no counts at SNP 1222235 population 4
WARNING: no counts at SNP 1222236 population 1
WARNING: no counts at SNP 1222236 population 2
WARNING: no counts at SNP 1222236 population 3
WARNING: no counts at SNP 1222236 population 4
WARNING: no counts at SNP 1222237 population 1
WARNING: no counts at SNP 1222237 population 2
WARNING: no counts at SNP 1222237 population 3
WARNING: no counts at SNP 1222237 population 4
WARNING: no counts at SNP 1222238 population 1
WARNING: no counts at SNP 1222238 population 2
WARNING: no counts at SNP 1222238 population 3
WARNING: no counts at SNP 1222238 population 4
WARNING: no counts at SNP 1222239 population 1
WARNING: no counts at SNP 1222239 population 2
WARNING: no counts at SNP 1222239 population 3
WARNING: no counts at SNP 1222239 population 4
WARNING: no counts at SNP 1222240 population 1
WARNING: no counts at SNP 1222240 population 2
WARNING: no counts at SNP 1222240 population 3
WARNING: no counts at SNP 1222240 population 4
WARNING: no counts at SNP 1222241 population 1
WARNING: no counts at SNP 1222241 population 2
WARNING: no counts at SNP 1222241 population 3
WARNING: no counts at SNP 1222241 population 4
WARNING: no counts at SNP 1222242 population 1
WARNING: no counts at SNP 1222242 population 2
WARNING: no counts at SNP 1222242 population 3
WARNING: no counts at SNP 1222242 population 4
WARNING: no counts at SNP 1222243 population 1
WARNING: no counts at SNP 1222243 population 2
WARNING: no counts at SNP 1222243 population 3
WARNING: no counts at SNP 1222243 population 4
WARNING: no counts at SNP 1222244 population 1
WARNING: no counts at SNP 1222244 population 2
WARNING: no counts at SNP 1222244 population 3
WARNING: no counts at SNP 1222244 population 4
WARNING: no counts at SNP 1222245 population 1
WARNING: no counts at SNP 1222245 population 2
WARNING: no counts at SNP 1222245 population 3
WARNING: no counts at SNP 1222245 population 4
WARNING: no counts at SNP 1222246 population 1
WARNING: no counts at SNP 1222246 population 2
WARNING: no counts at SNP 1222246 population 3
WARNING: no counts at SNP 1222246 population 4
WARNING: no counts at SNP 1222247 population 1
WARNING: no counts at SNP 1222247 population 2
WARNING: no counts at SNP 1222247 population 3
WARNING: no counts at SNP 1222247 population 4
WARNING: no counts at SNP 1222248 population 1
WARNING: no counts at SNP 1222248 population 2
WARNING: no counts at SNP 1222248 population 3
WARNING: no counts at SNP 1222248 population 4
WARNING: no counts at SNP 1222249 population 1
WARNING: no counts at SNP 1222249 population 2
WARNING: no counts at SNP 1222249 population 3
WARNING: no counts at SNP 1222249 population 4
WARNING: no counts at SNP 1222250 population 1
WARNING: no counts at SNP 1222250 population 2
WARNING: no counts at SNP 1222250 population 3
WARNING: no counts at SNP 1222250 population 4
WARNING: no counts at SNP 1222251 population 1
WARNING: no counts at SNP 1222251 population 2
WARNING: no counts at SNP 1222251 population 3
WARNING: no counts at SNP 1222251 population 4
WARNING: no counts at SNP 1222252 population 1
WARNING: no counts at SNP 1222252 population 2
WARNING: no counts at SNP 1222252 population 3
WARNING: no counts at SNP 1222252 population 4
WARNING: no counts at SNP 1222253 population 1
WARNING: no counts at SNP 1222253 population 2
WARNING: no counts at SNP 1222253 population 3
WARNING: no counts at SNP 1222253 population 4
WARNING: no counts at SNP 1222254 population 1
WARNING: no counts at SNP 1222254 population 2
WARNING: no counts at SNP 1222254 population 4
WARNING: no counts at SNP 1222255 population 1
WARNING: no counts at SNP 1222255 population 2
WARNING: no counts at SNP 1222255 population 4
WARNING: no counts at SNP 1222256 population 1
WARNING: no counts at SNP 1222256 population 2
WARNING: no counts at SNP 1222256 population 3
WARNING: no counts at SNP 1222256 population 4
WARNING: no counts at SNP 1222257 population 0
WARNING: no counts at SNP 1222257 population 1
WARNING: no counts at SNP 1222257 population 2
WARNING: no counts at SNP 1222257 population 3
WARNING: no counts at SNP 1222257 population 4
WARNING: no counts at SNP 1222258 population 1
WARNING: no counts at SNP 1222258 population 2
WARNING: no counts at SNP 1222258 population 3
WARNING: no counts at SNP 1222258 population 4
WARNING: no counts at SNP 1222259 population 1
WARNING: no counts at SNP 1222259 population 2
WARNING: no counts at SNP 1222259 population 3
WARNING: no counts at SNP 1222259 population 4
WARNING: no counts at SNP 1222260 population 1
WARNING: no counts at SNP 1222260 population 2
WARNING: no counts at SNP 1222260 population 4
WARNING: no counts at SNP 1222261 population 1
WARNING: no counts at SNP 1222261 population 2
WARNING: no counts at SNP 1222261 population 4
WARNING: no counts at SNP 1222262 population 1
WARNING: no counts at SNP 1222262 population 2
WARNING: no counts at SNP 1222262 population 4
WARNING: no counts at SNP 1222263 population 0
WARNING: no counts at SNP 1222263 population 1
WARNING: no counts at SNP 1222263 population 2
WARNING: no counts at SNP 1222263 population 3
WARNING: no counts at SNP 1222263 population 4
WARNING: no counts at SNP 1222264 population 1
WARNING: no counts at SNP 1222264 population 2
WARNING: no counts at SNP 1222264 population 3
WARNING: no counts at SNP 1222264 population 4
WARNING: no counts at SNP 1222265 population 0
WARNING: no counts at SNP 1222265 population 1
WARNING: no counts at SNP 1222265 population 2
WARNING: no counts at SNP 1222265 population 3
WARNING: no counts at SNP 1222265 population 4
WARNING: no counts at SNP 1222266 population 0
WARNING: no counts at SNP 1222266 population 1
WARNING: no counts at SNP 1222266 population 2
WARNING: no counts at SNP 1222266 population 3
WARNING: no counts at SNP 1222266 population 4
WARNING: no counts at SNP 1222267 population 1
WARNING: no counts at SNP 1222267 population 2
WARNING: no counts at SNP 1222267 population 3
WARNING: no counts at SNP 1222267 population 4
WARNING: no counts at SNP 1222268 population 1
WARNING: no counts at SNP 1222268 population 2
WARNING: no counts at SNP 1222268 population 3
WARNING: no counts at SNP 1222268 population 4
WARNING: no counts at SNP 1222269 population 1
WARNING: no counts at SNP 1222269 population 2
WARNING: no counts at SNP 1222269 population 3
WARNING: no counts at SNP 1222269 population 4
WARNING: no counts at SNP 1222270 population 1
WARNING: no counts at SNP 1222270 population 2
WARNING: no counts at SNP 1222270 population 4
WARNING: no counts at SNP 1222271 population 1
WARNING: no counts at SNP 1222271 population 2
WARNING: no counts at SNP 1222271 population 4
WARNING: no counts at SNP 1222272 population 1
WARNING: no counts at SNP 1222272 population 2
WARNING: no counts at SNP 1222272 population 3
WARNING: no counts at SNP 1222272 population 4
WARNING: no counts at SNP 1222273 population 1
WARNING: no counts at SNP 1222273 population 2
WARNING: no counts at SNP 1222273 population 4
WARNING: no counts at SNP 1222274 population 1
WARNING: no counts at SNP 1222274 population 2
WARNING: no counts at SNP 1222274 population 3
WARNING: no counts at SNP 1222274 population 4
WARNING: no counts at SNP 1222275 population 1
WARNING: no counts at SNP 1222275 population 2
WARNING: no counts at SNP 1222275 population 3
WARNING: no counts at SNP 1222275 population 4
WARNING: no counts at SNP 1222276 population 1
WARNING: no counts at SNP 1222276 population 2
WARNING: no counts at SNP 1222276 population 3
WARNING: no counts at SNP 1222276 population 4
WARNING: no counts at SNP 1222277 population 1
WARNING: no counts at SNP 1222277 population 2
WARNING: no counts at SNP 1222277 population 3
WARNING: no counts at SNP 1222277 population 4
WARNING: no counts at SNP 1222278 population 1
WARNING: no counts at SNP 1222278 population 2
WARNING: no counts at SNP 1222278 population 4
WARNING: no counts at SNP 1222279 population 1
WARNING: no counts at SNP 1222279 population 2
WARNING: no counts at SNP 1222279 population 4
WARNING: no counts at SNP 1222280 population 1
WARNING: no counts at SNP 1222280 population 2
WARNING: no counts at SNP 1222280 population 3
WARNING: no counts at SNP 1222280 population 4
WARNING: no counts at SNP 1222281 population 1
WARNING: no counts at SNP 1222281 population 2
WARNING: no counts at SNP 1222281 population 4
WARNING: no counts at SNP 1222282 population 1
WARNING: no counts at SNP 1222282 population 2
WARNING: no counts at SNP 1222282 population 4
WARNING: no counts at SNP 1222283 population 1
WARNING: no counts at SNP 1222283 population 2
WARNING: no counts at SNP 1222283 population 4
WARNING: no counts at SNP 1222284 population 1
WARNING: no counts at SNP 1222284 population 2
WARNING: no counts at SNP 1222284 population 4
WARNING: no counts at SNP 1222285 population 1
WARNING: no counts at SNP 1222285 population 2
WARNING: no counts at SNP 1222285 population 4
WARNING: no counts at SNP 1222286 population 1
WARNING: no counts at SNP 1222286 population 2
WARNING: no counts at SNP 1222286 population 4
WARNING: no counts at SNP 1222287 population 1
WARNING: no counts at SNP 1222287 population 2
WARNING: no counts at SNP 1222287 population 4
WARNING: no counts at SNP 1222288 population 1
WARNING: no counts at SNP 1222288 population 2
WARNING: no counts at SNP 1222288 population 4
WARNING: no counts at SNP 1222289 population 1
WARNING: no counts at SNP 1222289 population 2
WARNING: no counts at SNP 1222289 population 4
WARNING: no counts at SNP 1222290 population 1
WARNING: no counts at SNP 1222290 population 2
WARNING: no counts at SNP 1222290 population 4
WARNING: no counts at SNP 1222291 population 1
WARNING: no counts at SNP 1222291 population 2
WARNING: no counts at SNP 1222291 population 4
WARNING: no counts at SNP 1222292 population 1
WARNING: no counts at SNP 1222292 population 2
WARNING: no counts at SNP 1222292 population 4
WARNING: no counts at SNP 1222293 population 1
WARNING: no counts at SNP 1222293 population 2
WARNING: no counts at SNP 1222293 population 4
WARNING: no counts at SNP 1222294 population 1
WARNING: no counts at SNP 1222294 population 2
WARNING: no counts at SNP 1222294 population 4
WARNING: no counts at SNP 1222295 population 1
WARNING: no counts at SNP 1222295 population 2
WARNING: no counts at SNP 1222295 population 4
WARNING: no counts at SNP 1222296 population 1
WARNING: no counts at SNP 1222296 population 2
WARNING: no counts at SNP 1222296 population 4
WARNING: no counts at SNP 1222297 population 1
WARNING: no counts at SNP 1222297 population 2
WARNING: no counts at SNP 1222297 population 4
WARNING: no counts at SNP 1222298 population 1
WARNING: no counts at SNP 1222298 population 2
WARNING: no counts at SNP 1222298 population 4
WARNING: no counts at SNP 1222299 population 1
WARNING: no counts at SNP 1222299 population 2
WARNING: no counts at SNP 1222299 population 4
WARNING: no counts at SNP 1222300 population 1
WARNING: no counts at SNP 1222300 population 2
WARNING: no counts at SNP 1222300 population 4
WARNING: no counts at SNP 1222301 population 1
WARNING: no counts at SNP 1222301 population 2
WARNING: no counts at SNP 1222301 population 4
WARNING: no counts at SNP 1222302 population 1
WARNING: no counts at SNP 1222302 population 2
WARNING: no counts at SNP 1222302 population 4
WARNING: no counts at SNP 1222303 population 1
WARNING: no counts at SNP 1222303 population 2
WARNING: no counts at SNP 1222303 population 4
WARNING: no counts at SNP 1222304 population 1
WARNING: no counts at SNP 1222304 population 2
WARNING: no counts at SNP 1222304 population 4
WARNING: no counts at SNP 1222305 population 1
WARNING: no counts at SNP 1222305 population 2
WARNING: no counts at SNP 1222305 population 4
WARNING: no counts at SNP 1222306 population 1
WARNING: no counts at SNP 1222306 population 2
WARNING: no counts at SNP 1222306 population 4
WARNING: no counts at SNP 1222307 population 1
WARNING: no counts at SNP 1222307 population 2
WARNING: no counts at SNP 1222307 population 4
WARNING: no counts at SNP 1222308 population 0
WARNING: no counts at SNP 1222308 population 1
WARNING: no counts at SNP 1222308 population 2
WARNING: no counts at SNP 1222308 population 4
WARNING: no counts at SNP 1222309 population 1
WARNING: no counts at SNP 1222309 population 2
WARNING: no counts at SNP 1222309 population 3
WARNING: no counts at SNP 1222309 population 4
WARNING: no counts at SNP 1222310 population 1
WARNING: no counts at SNP 1222310 population 2
WARNING: no counts at SNP 1222310 population 3
WARNING: no counts at SNP 1222310 population 4
Estimating covariance matrix in 1840 blocks of size 2200
SEED: 1585221594
Starting from:
((G.MaheSouth:0.100941,D.LaDigue:0.0158926):0.0290485,A.PraslinPasquereRiver:0.0290485);
Adding C.PraslinWest [4/7]
ln(likelihood): -809.92427 
((G.MaheSouth:0.10761,D.LaDigue:0.0194622):0.0152135,(A.PraslinPasquereRiver:0.0246438,C.PraslinWest:0.03317):0.0152135);
Adding B.PraslinPlaineHollandaise [5/7]
ln(likelihood): -2403.2628 
((G.MaheSouth:0.109103,(A.PraslinPasquereRiver:0.0203113,(C.PraslinWest:0.00871653,B.PraslinPlaineHollandaise:0.00868586):0.0282989):0.030854):0.00726046,D.LaDigue:0.00726046);
Adding F.Curieuse [6/7]
ln(likelihood): -2779.9284 
((G.MaheSouth:0.10526,((A.PraslinPasquereRiver:0.0191256,(C.PraslinWest:0.00861481,B.PraslinPlaineHollandaise:0.00867907):0.0316933):0.0137119,F.Curieuse:0.0709186):0.0183536):0.0071226,D.LaDigue:0.0071226);
Adding E.MaheNorth [7/7]
ln(likelihood): -2700.9468 
((F.Curieuse:0.0681325,((G.MaheSouth:0.0813894,E.MaheNorth:0.0904484):0.0314172,D.LaDigue:0.0163455):0.0108557):0.00800752,(A.PraslinPasquereRiver:0.0174394,(C.PraslinWest:0.00680923,B.PraslinPlaineHollandaise:0.00720091):0.0318263):0.00800752);
Testing global rearrangements
F.Curieuse:0.0681325 G.MaheSouth:0.0813894
-10307.772 -2700.9468
F.Curieuse:0.0681325 (G.MaheSouth:0.0813894,E.MaheNorth:0.0904484):0.0314172
-3642.1786 -2700.9468
F.Curieuse:0.0681325 E.MaheNorth:0.0904484
-10307.772 -2700.9468
F.Curieuse:0.0681325 A.PraslinPasquereRiver:0.0174394
-4712.3513 -2700.9468
G.MaheSouth:0.0813894 F.Curieuse:0.0681325
-12007.533 -2700.9468
G.MaheSouth:0.0813894 D.LaDigue:0.0163455
-7319.4609 -2700.9468
E.MaheNorth:0.0904484 F.Curieuse:0.0681325
-12007.533 -2700.9468
D.LaDigue:0.0163455 G.MaheSouth:0.0813894
-7319.4609 -2700.9468
D.LaDigue:0.0163455 C.PraslinWest:0.00680923
-12202.853 -2700.9468
D.LaDigue:0.0163455 (C.PraslinWest:0.00680923,B.PraslinPlaineHollandaise:0.00720091):0.0318263
-6304.7136 -2700.9468
D.LaDigue:0.0163455 B.PraslinPlaineHollandaise:0.00720091
-12202.853 -2700.9468
A.PraslinPasquereRiver:0.0174394 F.Curieuse:0.0681325
-4712.3513 -2700.9468
A.PraslinPasquereRiver:0.0174394 C.PraslinWest:0.00680923
-6647.9457 -2700.9468
A.PraslinPasquereRiver:0.0174394 B.PraslinPlaineHollandaise:0.00720091
-6647.9457 -2700.9468
C.PraslinWest:0.00680923 D.LaDigue:0.0163455
-16645.018 -2700.9468
Targeting migration to vicinity of:
A.PraslinPasquereRiver F.Curieuse
D.LaDigue C.PraslinWest
D.LaDigue B.PraslinPlaineHollandaise
F.Curieuse E.MaheNorth

A.PraslinPasquereRiver F.Curieuse
C.PraslinWest D.LaDigue
B.PraslinPlaineHollandaise D.LaDigue
D.LaDigue C.PraslinWest
D.LaDigue B.PraslinPlaineHollandaise
F.Curieuse A.PraslinPasquereRiver
D.LaDigue C.PraslinWest
D.LaDigue B.PraslinPlaineHollandaise
F.Curieuse A.PraslinPasquereRiver
D.LaDigue G.MaheSouth
F.Curieuse E.MaheNorth
Trying A.PraslinPasquereRiver F.Curieuse
A.PraslinPasquereRiver:0.0174394 F.Curieuse:0.0681325
1->2 0.43127531 -1950.14 -2700.9468
2->1 0.38801861 -1669.2224 -1950.14
p1->2 0.085796408 -2700.9468 -1669.2224
p2->1 0.00083092251 -2700.9468 -1669.2224
Trying B.PraslinPlaineHollandaise D.LaDigue
B.PraslinPlaineHollandaise:0.00720091 D.LaDigue:0.0163455
1->2 0.31624016 -770.994 -1669.2224
2->1 0.12970942 -2512.6671 -770.994
p1->2 0.34690073 -784.38323 -770.994
p2->1 0.0032992486 -2700.9206 -770.994
(C.PraslinWest:0.00663988,B.PraslinPlaineHollandaise:0.0074185):0.031975 D.LaDigue:0.0163455
2->1 0.41738233 -541.6247 -770.994
p1->2 0.56895256 -1728.61 -541.6247
p2->1 0.45036846 -1901.937 -541.6247
Trying C.PraslinWest D.LaDigue
(C.PraslinWest:0.00682634,B.PraslinPlaineHollandaise:0.00721803):0.141694 D.LaDigue:0.0159138
C.PraslinWest:0.00682634 D.LaDigue:0.0159138
1->2 0.31567621 -772.00585 -541.6247
2->1 0.1815035 -2198.3891 -541.6247
p2->1 0.15387376 -2522.649 -541.6247
Trying D.LaDigue B.PraslinPlaineHollandaise
D.LaDigue:0.0162081 B.PraslinPlaineHollandaise:0
D.LaDigue:0.0162081 (B.PraslinPlaineHollandaise:0,C.PraslinWest:0.0210745):0.0387956
Trying D.LaDigue C.PraslinWest
D.LaDigue:0.0162081 (B.PraslinPlaineHollandaise:0,C.PraslinWest:0.0210745):0.0387956
D.LaDigue:0.0162081 C.PraslinWest:0.0210745
Trying D.LaDigue G.MaheSouth
D.LaDigue:0.0162081 G.MaheSouth:0.0814001
1->2 0.56512684 -2474.8013 -541.6247
2->1 0.099995285 -2474.8013 -541.6247
p1->2 4.0751289e-05 -2700.9469 -541.6247
(F.Curieuse:0.0681325,((E.MaheNorth:0.0904471,G.MaheSouth:0.0813973):0.0314185,D.LaDigue:0.0163455):0.0108557):0.00800752 G.MaheSouth:0.0813973
1->2 3.8719494e-07 -2700.9471 -541.6247
((E.MaheNorth:0.0904484,G.MaheSouth:0.0813895):0.0314172,D.LaDigue:0.0163455):0.0108557 G.MaheSouth:0.0813895
Trying F.Curieuse A.PraslinPasquereRiver
F.Curieuse:0.0681325 A.PraslinPasquereRiver:0.0174394
Trying F.Curieuse E.MaheNorth
F.Curieuse:0.0681325 E.MaheNorth:0.0904484
1->2 0.32029551 -2007.6452 -541.6247
2->1 0.29910046 -1641.4519 -541.6247
p1->2 0.48188964 -2472.1224 -541.6247
p2->1 0.32848781 -1728.6049 -541.6247
F.Curieuse:0.172212 (G.MaheSouth:0.0813894,E.MaheNorth:0.0904484):0.0342281
1->2 0.43747017 -1721.7552 -541.6247
p1->2 4.0751289e-05 -2700.9469 -541.6247
Migration added
Local updates around node 1: 0 ln(lk):-541.6247 
Local updates around node 2: 0 ln(lk):-541.6247 
Updates in migration position: 0 ln(lk):-541.6247 
Switches in migration direction: 0 ln(lk):-541.6247 
ln(likelihood):-541.62467 
Targeting migration to vicinity of:
F.Curieuse E.MaheNorth
D.LaDigue G.MaheSouth
A.PraslinPasquereRiver B.PraslinPlaineHollandaise
A.PraslinPasquereRiver F.Curieuse

A.PraslinPasquereRiver B.PraslinPlaineHollandaise
B.PraslinPlaineHollandaise A.PraslinPasquereRiver
A.PraslinPasquereRiver F.Curieuse
D.LaDigue G.MaheSouth
G.MaheSouth D.LaDigue
F.Curieuse E.MaheNorth
D.LaDigue G.MaheSouth
F.Curieuse E.MaheNorth
Trying A.PraslinPasquereRiver B.PraslinPlaineHollandaise
(A.PraslinPasquereRiver:0,(C.PraslinWest:0.00684989,B.PraslinPlaineHollandaise:0.00724157):0.123348):0.0156143 (C.PraslinWest:0.00684989,B.PraslinPlaineHollandaise:0.00724157):0.123348
1->2 0.010928518 -541.62471 -541.62467
(A.PraslinPasquereRiver:0,(C.PraslinWest:0.00684989,B.PraslinPlaineHollandaise:0.00724157):0.128109):0.0156143 B.PraslinPlaineHollandaise:0.00724157
1->2 0.076793902 -523.71665 -541.62467
A.PraslinPasquereRiver:0 (C.PraslinWest:0.00372377,B.PraslinPlaineHollandaise:0.0117569):0.132719
p2->1 0.57794535 -464.38053 -523.71665
A.PraslinPasquereRiver:0 B.PraslinPlaineHollandaise:0.00722046
1->2 0.076793902 -523.71665 -464.38053
2->1 0.1886868 -424.66698 -464.38053
Trying A.PraslinPasquereRiver F.Curieuse
A.PraslinPasquereRiver:0.0165189 F.Curieuse:0.0585114
1->2 3.9682749e-07 -541.62467 -424.66698
2->1 0.25018033 -432.98157 -424.66698
p1->2 0.0053747296 -541.62465 -424.66698
p2->1 0.24644816 -464.38053 -424.66698
Trying B.PraslinPlaineHollandaise A.PraslinPasquereRiver
(C.PraslinWest:0.00682878,B.PraslinPlaineHollandaise:0.00722046):0.114414 A.PraslinPasquereRiver:0
B.PraslinPlaineHollandaise:0.00722046 A.PraslinPasquereRiver:0
Trying D.LaDigue G.MaheSouth
D.LaDigue:0.0235698 G.MaheSouth:0.081409
1->2 0.28754252 -293.397 -424.66698
2->1 0.084335394 -274.73093 -293.397
p1->2 4.0751289e-05 -541.62471 -274.73093
p2->1 0.12870331 -471.50861 -274.73093
Trying F.Curieuse E.MaheNorth
F.Curieuse:0.0607585 E.MaheNorth:0.090439
1->2 0.21867786 -156.35347 -274.73093
2->1 0.18856341 -97.137171 -156.35347
p1->2 0.3337833 -296.16231 -97.137171
p2->1 0.25939399 -182.21086 -97.137171
F.Curieuse:0.126258 (G.MaheSouth:0.0812727,E.MaheNorth:0.0903317):0.0299515
1->2 0.11985973 -182.72632 -97.137171
p1->2 4.0751289e-05 -541.6247 -97.137171
Trying G.MaheSouth D.LaDigue
G.MaheSouth:0.0814301 D.LaDigue:0.0230214
Migration added
Local updates around node 1: 0 ln(lk):-97.137171 
Local updates around node 2: 0 ln(lk):-97.137171 
Updates in migration position: 0 ln(lk):-97.137171 
Switches in migration direction: 0 ln(lk):-97.137171 
ln(likelihood):-96.814198 
Targeting migration to vicinity of:
D.LaDigue G.MaheSouth
A.PraslinPasquereRiver B.PraslinPlaineHollandaise
A.PraslinPasquereRiver E.MaheNorth
C.PraslinWest E.MaheNorth

A.PraslinPasquereRiver B.PraslinPlaineHollandaise
B.PraslinPlaineHollandaise A.PraslinPasquereRiver
A.PraslinPasquereRiver E.MaheNorth
C.PraslinWest E.MaheNorth
A.PraslinPasquereRiver E.MaheNorth
C.PraslinWest E.MaheNorth
D.LaDigue G.MaheSouth
G.MaheSouth D.LaDigue
Trying A.PraslinPasquereRiver B.PraslinPlaineHollandaise
((C.PraslinWest:0.00682942,B.PraslinPlaineHollandaise:0.00722111):0.118916,A.PraslinPasquereRiver:0):0.00933256 B.PraslinPlaineHollandaise:0.00722111
1->2 0.086710796 -77.188545 -96.814198
A.PraslinPasquereRiver:0 B.PraslinPlaineHollandaise:0.0123318
1->2 0.086710796 -77.188545 -77.188545
2->1 0.033441737 -76.908389 -77.188545
Trying A.PraslinPasquereRiver E.MaheNorth
A.PraslinPasquereRiver:0 E.MaheNorth:0.0914082
1->2 0.14624406 78.891471 -76.908389
2->1 0.025292072 -43.336941 78.891471
p1->2 0.14935705 78.499454 78.891471
p2->1 0.016668739 -92.531986 78.891471
Trying B.PraslinPlaineHollandaise A.PraslinPasquereRiver
B.PraslinPlaineHollandaise:0.00721833 A.PraslinPasquereRiver:0
Trying C.PraslinWest E.MaheNorth
C.PraslinWest:0.00682665 E.MaheNorth:0.0914284
1->2 0.034126829 -74.620106 78.891471
2->1 0.01033625 -85.221683 78.891471
p1->2 0.14581811 79.476768 78.891471
p2->1 0.059118856 -82.471343 79.476768
Trying D.LaDigue G.MaheSouth
D.LaDigue:0.0184692 G.MaheSouth:0.0803012
1->2 0.28641167 70.743388 79.476768
2->1 0.068610966 51.589556 79.476768
p1->2 4.0751289e-05 -96.81423 79.476768
p2->1 0.038765207 -87.476348 79.476768
Trying G.MaheSouth D.LaDigue
G.MaheSouth:0.0803661 D.LaDigue:0.0215
Migration added
Local updates around node 1: 0 ln(lk):79.476768 
Local updates around node 2: 0 ln(lk):79.476768 
Updates in migration position: 0 ln(lk):79.476768 
Switches in migration direction: 0 ln(lk):79.476768 
ln(likelihood):81.208541 
Targeting migration to vicinity of:
A.PraslinPasquereRiver B.PraslinPlaineHollandaise
A.PraslinPasquereRiver F.Curieuse
C.PraslinWest E.MaheNorth
D.LaDigue G.MaheSouth

A.PraslinPasquereRiver B.PraslinPlaineHollandaise
B.PraslinPlaineHollandaise A.PraslinPasquereRiver
A.PraslinPasquereRiver F.Curieuse
C.PraslinWest E.MaheNorth
Trying A.PraslinPasquereRiver B.PraslinPlaineHollandaise
A.PraslinPasquereRiver:0 B.PraslinPlaineHollandaise:0.00722051
1->2 0.089911692 102.15946 81.208541
2->1 0.032543421 98.661224 102.15946
p1->2 0.089911692 102.15946 102.15946
p2->1 0.36913291 107.3179 102.15946
Trying A.PraslinPasquereRiver F.Curieuse
A.PraslinPasquereRiver:0 F.Curieuse:0.102292
1->2 0.51428437 80.254506 107.3179
2->1 0.14334516 122.62194 107.3179
p1->2 0.066695184 81.208541 122.62194
p2->1 0.27431032 107.26873 122.62194
Trying B.PraslinPlaineHollandaise A.PraslinPasquereRiver
B.PraslinPlaineHollandaise:0.00721022 A.PraslinPasquereRiver:0
Trying C.PraslinWest E.MaheNorth
C.PraslinWest:0.00681854 E.MaheNorth:0.137626
1->2 0.0083468379 81.711643 122.62194
2->1 0.012816369 91.768836 122.62194
p2->1 0.057887431 95.698391 122.62194
Migration added
Local updates around node 1: 0 ln(lk):122.62194 
Local updates around node 2: 0 ln(lk):122.62194 
Updates in migration position: 2 ln(lk):122.77397 
Switches in migration direction: 0 ln(lk):122.77397 
Local updates around node 1: 0 ln(lk):122.77397 
Local updates around node 2: 0 ln(lk):122.77397 
Switches in migration direction: 0 ln(lk):122.77397 
Updates in migration position: 0 ln(lk):122.77397 
Trying all local rearrangements
Local rearrangements: 0 ln(lk):122.77397 
ln(likelihood):137.88997 
DONE.
