
TreeMix v. 1.13
$Revision: 231 $

npop:7 nsnp:17937834
Estimating covariance matrix in 44844 blocks of size 400
SEED: 1607918493
Starting from:
(A:0.0870299,(B:0.0122204,C:0.00676357):0.0870299);
Adding F [4/7]
ln(likelihood): -89646.108 
((B:0.0153573,C:0.00990047):0.0657143,(A:0.0451165,F:0.0535553):0.0657143);
Adding D [5/7]
ln(likelihood): -175211.25 
((A:0.0417875,F:0.0502263):0.0549593,((B:0.020763,C:0.0153062):0.018258,D:0.0428717):0.0549593);
Adding E [6/7]
ln(likelihood): -10470.331 
(((A:0.0369782,F:0.045417):0.0533624,((B:0.0154677,C:0.0100109):0.0177209,D:0.037212):0.051092):0.110474,E:0.110474);
Adding G [7/7]
ln(likelihood): 211.47191 
((B:0.0143024,(D:0.0360147,((A:0.0358421,F:0.0442809):0.0533704,(E:0.119789,G:0.139981):0.0981153):0.0511793):0.0178168):0.00442278,C:0.00442278);
Testing global rearrangements
B:0.0143024 D:0.0360147
-14784.063 211.47191
B:0.0143024 A:0.0358421
-470920.84 211.47191
B:0.0143024 (A:0.0358421,F:0.0442809):0.0533704
-277567.12 211.47191
B:0.0143024 F:0.0442809
-470920.84 211.47191
B:0.0143024 C:0.00442278
211.47191 211.47191
D:0.0360147 B:0.0143024
-14784.063 211.47191
D:0.0360147 E:0.119789
-414403.17 211.47191
D:0.0360147 (E:0.119789,G:0.139981):0.0981153
-157955.78 211.47191
D:0.0360147 G:0.139981
-414403.17 211.47191
D:0.0360147 C:0.00442278
-14784.063 211.47191
A:0.0358421 D:0.0360147
-323688.14 211.47191
A:0.0358421 G:0.139981
-324761.36 211.47191
(A:0.0358421,F:0.0442809):0.0533704 B:0.0143024
-295890 211.47191
(A:0.0358421,F:0.0442809):0.0533704 C:0.00442278
-295890 211.47191
F:0.0442809 E:0.119789
-325099.03 211.47191
F:0.0442809 (E:0.119789,G:0.139981):0.0981153
-112177.3 211.47191
F:0.0442809 G:0.139981
-325099.03 211.47191
C:0.00442278 B:0.0143024
211.47191 211.47191
C:0.00442278 D:0.0360147
-14784.063 211.47191
C:0.00442278 A:0.0358421
-471358.04 211.47191
C:0.00442278 (A:0.0358421,F:0.0442809):0.0533704
-277606.8 211.47191
C:0.00442278 F:0.0442809
-471358.04 211.47191
Targeting migration to vicinity of:
D E
D G
A C
A B

A B
A C
F B
F C
A B
A C
F B
F C
D E
D G
D E
D G
Trying A B
(A:0.0358421,F:0.0442809):0.0533704 B:0.0143024
1->2 0.0029293604 214.0471 211.47191
2->1 0.038631834 234.63728 214.0471
p1->2 0.0008357527 211.47191 234.63728
p2->1 0.038631834 234.63728 234.63728
A:0.0358421 B:0.0143022
1->2 0.0024304674 214.32686 234.63728
2->1 0.0018625207 212.25071 234.63728
p2->1 0.0018068991 212.14536 234.63728
Trying A C
(F:0.0441126,A:0.0361405):0.0535268 C:0
1->2 0.0029463528 214.07938 234.63728
2->1 0.038631834 234.63728 234.63728
p1->2 9.5853272e-07 211.47191 234.63728
A:0.0358421 C:0.0044228
1->2 0.0024304674 214.35286 234.63728
2->1 0.0018068991 212.14536 234.63728
Trying D E
D:0.0360048 E:0.119789
1->2 0.0026963835 212.97308 234.63728
2->1 0.0071536894 234.63729 234.63728
p1->2 2.02716e-05 211.472 234.63729
p2->1 0.016859977 234.63732 234.63729
D:0.0385107 (G:0.139981,E:0.119789):0.0983496
1->2 0.056945603 234.63732 234.63732
p1->2 4.0751289e-05 211.47189 234.63732
Trying D G
D:0.0360147 G:0.139981
1->2 0.0029634435 213.34933 234.63732
2->1 0.0071536894 234.63729 234.63732
p1->2 6.2255936e-07 211.47193 234.63732
D:0.0360147 (E:0.119789,G:0.139981):0.0981154
Trying F B
(F:0.0442809,A:0.0358421):0.0533703 B:0.0143024
F:0.0442809 B:0.0143024
1->2 0.0023853751 214.31458 234.63732
2->1 0.0018173923 212.21017 234.63732
p2->1 0.001763116 212.1099 234.63732
Trying F C
(A:0.0356779,F:0.0446019):0.053523 C:0
F:0.0446019 C:0
1->2 0.002407816 214.33982 234.63732
2->1 0.001763116 212.1099 234.63732
Migration added
Local updates around node 1: 0 ln(lk):234.63732 
Local updates around node 2: 0 ln(lk):234.63732 
Updates in migration position: 0 ln(lk):234.63732 
Switches in migration direction: 0 ln(lk):234.63732 
ln(likelihood):234.63732 
Targeting migration to vicinity of:
B E
B G
A C
C D

A C
F C
B E
B G
B E
B G
C D
Trying A C
(F:0.0442809,A:0.0358421):0.0329799 C:0.00442278
1->2 3.0968394e-07 234.63732 234.63732
2->1 0.0008357527 234.63732 234.63732
p1->2 0.43606377 234.63732 234.63732
A:0.0358421 C:0.025881
1->2 3.0968394e-07 234.63732 234.63732
2->1 3.6306955e-07 234.63732 234.63732
Trying B E
B:0.0143024 E:0.119789
1->2 3.8719494e-07 234.63732 234.63732
2->1 3.0968394e-07 234.63732 234.63732
p1->2 3.8719494e-07 234.63732 234.63732
p2->1 3.0968394e-07 234.63732 234.63732
B:0.0143024 (G:0.139981,E:0.119789):0.217993
1->2 0.0008357527 234.63732 234.63732
p1->2 0.099995285 234.63732 234.63732
p2->1 0.0008357527 234.63732 234.63732
Trying B G
B:0.0143409 G:0.139981
1->2 3.8719494e-07 234.63732 234.63732
2->1 3.0968394e-07 234.63732 234.63732
p1->2 3.8719494e-07 234.63732 234.63732
B:0.0143024 (E:0.119789,G:0.139981):0.217993
Trying C D
C:0.00442278 D:0.0363661
1->2 0.099995285 234.63732 234.63732
2->1 3.0968394e-07 234.63732 234.63732
p2->1 0.43606377 234.63732 234.63732
Trying F C
(F:0.0442809,A:0.0358421):0.0329799 C:0.025881
F:0.0442809 C:0.025881
1->2 3.0968394e-07 234.63732 234.63732
2->1 3.6306955e-07 234.63732 234.63732
Migration added
Local updates around node 1: 0 ln(lk):234.63732 
Local updates around node 2: 0 ln(lk):234.63732 
Updates in migration position: 0 ln(lk):234.63732 
Switches in migration direction: 0 ln(lk):234.63732 
ln(likelihood):234.63732 
Targeting migration to vicinity of:
D E
A G
A C
A B

A B
A C
A B
A C
A G
D E
Trying A B
A:0.0358421 B:0.0143024
1->2 3.0968394e-07 234.63732 234.63732
2->1 3.6306955e-07 234.63732 234.63732
p1->2 3.0968394e-07 234.63732 234.63732
p2->1 3.6306955e-07 234.63732 234.63732
Trying A C
A:0.0358422 C:0.00884557
1->2 3.0968394e-07 234.63732 234.63732
2->1 3.6306955e-07 234.63732 234.63732
p1->2 3.0968394e-07 234.63732 234.63732
Trying A G
A:0.0358421 G:0.139981
1->2 3.3026194e-07 234.63732 234.63732
2->1 3.3026194e-07 234.63732 234.63732
p1->2 3.9084634e-07 234.63732 234.63732
p2->1 4.030861e-06 234.63732 234.63732
Trying D E
D:0.0363515 E:0.119789
1->2 3.8719494e-07 234.63732 234.63732
2->1 0.0008357527 234.63732 234.63732
p1->2 3.8719494e-07 234.63732 234.63732
p2->1 0.099995285 234.63732 234.63732
ln(likelihood):234.63732 
Targeting migration to vicinity of:
D E
A G
A C
A B

A B
A C
A B
A C
A G
D E
Trying A B
A:0.0358421 B:0.0143024
1->2 3.0968394e-07 234.63732 234.63732
2->1 3.6306955e-07 234.63732 234.63732
p1->2 3.0968394e-07 234.63732 234.63732
p2->1 3.6306955e-07 234.63732 234.63732
Trying A C
A:0.0358422 C:0.00884557
1->2 3.0968394e-07 234.63732 234.63732
2->1 3.6306955e-07 234.63732 234.63732
p1->2 3.0968394e-07 234.63732 234.63732
Trying A G
A:0.0358421 G:0.139981
1->2 3.3026194e-07 234.63732 234.63732
2->1 3.3026194e-07 234.63732 234.63732
p1->2 3.9084634e-07 234.63732 234.63732
p2->1 4.030861e-06 234.63732 234.63732
Trying D E
D:0.0363515 E:0.119789
1->2 3.8719494e-07 234.63732 234.63732
2->1 0.0008357527 234.63732 234.63732
p1->2 3.8719494e-07 234.63732 234.63732
p2->1 0.099995285 234.63732 234.63732
ln(likelihood):234.63732 
Targeting migration to vicinity of:
A C
D E
A G
A B

A B
A C
A B
A C
A G
D E
Trying A B
A:0.0358421 B:0.0143024
1->2 3.0968394e-07 234.63732 234.63732
2->1 3.6306955e-07 234.63732 234.63732
p1->2 3.0968394e-07 234.63732 234.63732
p2->1 3.6306955e-07 234.63732 234.63732
Trying A C
A:0.0358422 C:0.00884557
1->2 3.0968394e-07 234.63732 234.63732
2->1 3.6306955e-07 234.63732 234.63732
p1->2 3.0968394e-07 234.63732 234.63732
Trying A G
A:0.0358421 G:0.139981
1->2 3.3026194e-07 234.63732 234.63732
2->1 3.3026194e-07 234.63732 234.63732
p1->2 3.9084634e-07 234.63732 234.63732
p2->1 4.030861e-06 234.63732 234.63732
Trying D E
D:0.0363514 E:0.119789
1->2 3.8719494e-07 234.63732 234.63732
2->1 0.0008357527 234.63732 234.63732
p1->2 3.8719494e-07 234.63732 234.63732
p2->1 0.099995285 234.63732 234.63732
ln(likelihood):234.63732 
DONE.
