
TreeMix v. 1.13
$Revision: 231 $

npop:7 nsnp:17937834
Estimating covariance matrix in 8968 blocks of size 2000
SEED: 1607918213
Starting from:
((D:0.0307224,C:0.0151077):0.0782692,A:0.0782692);
Adding E [4/7]
ln(likelihood): -10109.066 
((D:0.0524492,C:0.0378174):0.0256818,(A:0.0822817,E:0.19765):0.0256818);
Adding G [5/7]
ln(likelihood): -3087.0555 
((D:0.0403308,C:0.0266118):0.0245052,(A:0.0797316,(E:0.121398,G:0.14159):0.102497):0.0245052);
Adding B [6/7]
ln(likelihood): -273.63974 
(A:0.0446756,((E:0.120555,G:0.140748):0.0981217,(D:0.0367123,(C:0.00957414,B:0.0150308):0.0179135):0.0513646):0.0446756);
Adding F [7/7]
ln(likelihood): 208.27272 
(((E:0.119791,G:0.139984):0.0981073,(D:0.036016,(C:0.00884588,B:0.0143026):0.0178176):0.0511813):0.0266871,(A:0.035841,F:0.0442807):0.0266871);
Testing global rearrangements
E:0.119791 D:0.036016
-82054.872 208.27272
D:0.036016 C:0.00884588
-3044.4196 208.27272
D:0.036016 B:0.0143026
-3044.4196 208.27272
A:0.035841 D:0.036016
-68512.868 208.27272
Targeting migration to vicinity of:
D E
D G
A B
C F

A C
A B
F C
F B
C A
C F
B A
B F
D E
D G
D E
D G
Trying A B
A:0.035841 B:0.0143026
1->2 0.0024304674 208.8746 208.27272
2->1 0.0018625207 208.43591 208.8746
p1->2 0.0029463528 208.81604 208.8746
p2->1 0.001643893 208.37578 208.8746
A:0.0361095 (C:0.00884558,B:0.0143023):0.0178256
1->2 0.013056064 213.1431 208.8746
p1->2 0.099995285 213.1431 213.1431
p2->1 0.00053671375 208.27272 213.1431
(F:0.0442521,A:0.0359082):0.0267014 B:0.0143026
2->1 0.038631834 213.14309 213.1431
p2->1 0.099995285 213.1431 213.1431
(F:0.0442807,A:0.035841):0.0363734 (C:0.00884588,B:0.0143026):0.0181691
p2->1 0.015847431 208.27272 213.1431
Trying A C
A:0.035841 (C:0.00884588,B:0.0143026):0.0178176
A:0.035841 C:0.00884588
1->2 0.0024445727 208.87935 213.1431
2->1 0.0018068991 208.41378 213.1431
p1->2 0.0029634435 208.82224 213.1431
(F:0.0442807,A:0.035841):0.0267135 (B:0.0140643,C:0.00913712):0.0179867
(F:0.0442807,A:0.035841):0.0267135 C:0.00913712
2->1 0.038631834 213.14309 213.1431
Trying B A
B:0.0143024 A:0.035841
B:0.0143024 (F:0.0442807,A:0.035841):0.0301906
(B:0.0143024,C:0.00884603):0.0181687 A:0.035841
(B:0.0143024,C:0.00884603):0.0181687 (F:0.0442807,A:0.035841):0.0301906
Trying B F
B:0.0143024 F:0.0442807
1->2 0.0018068991 208.42709 213.1431
2->1 0.0023939221 208.87192 213.1431
p1->2 0.0016040532 208.3701 213.1431
B:0.0143026 (A:0.0356944,F:0.0445699):0.0267554
(C:0.00884588,B:0.0143026):0.0178249 F:0.0445699
2->1 0.013056064 213.1431 213.1431
p1->2 3.9993458e-05 208.27272 213.1431
(C:0.00884588,B:0.0143026):0.0178176 (A:0.0358388,F:0.0442864):0.0266882
Trying C A
(C:0.00884588,B:0.0143026):0.0178176 A:0.0358388
(C:0.00884588,B:0.0143026):0.0178176 (A:0.0358388,F:0.0442864):0.0266882
C:0.00884588 A:0.0358388
C:0.00884588 (A:0.0358388,F:0.0442864):0.0266882
Trying C F
(C:0.00884588,B:0.0143026):0.0178176 F:0.0442864
(C:0.00884588,B:0.0143026):0.0178176 (A:0.0358388,F:0.0442864):0.0266882
C:0.00884588 F:0.0442864
1->2 0.0017529356 208.40605 213.1431
2->1 0.0024164431 208.87653 213.1431
C:0.00910176 (A:0.0358221,F:0.0442992):0.0267166
Trying D E
D:0.0359102 (E:0.119791,G:0.139984):0.0980487
1->2 0.099995285 213.1431 213.1431
2->1 0.099995285 213.1431 213.1431
p2->1 4.0751289e-05 208.27271 213.1431
D:0.0360211 E:0.119791
1->2 0.0026712604 208.58488 213.1431
2->1 0.0071536894 213.1431 213.1431
p1->2 4.0751289e-05 208.27272 213.1431
Trying D G
D:0.036016 G:0.13998
1->2 0.0029740555 208.66741 213.1431
2->1 0.0071536894 213.1431 213.1431
p1->2 0.3968578 208.27272 213.1431
D:0.036016 (E:0.0552383,G:0.491831):0.16266
Trying F B
F:0.0442807 B:0.0143026
F:0.0442807 (B:0.0143026,C:0.00884588):0.0178176
(A:0.035841,F:0.0442807):0.0266871 B:0.0143026
(A:0.035841,F:0.0442807):0.0266871 (B:0.0143026,C:0.00884588):0.0178176
Trying F C
F:0.0442807 (B:0.0143026,C:0.00884588):0.0178176
F:0.0442807 C:0.00884588
(A:0.035841,F:0.0442807):0.0266871 (B:0.0143026,C:0.00884588):0.0178176
(A:0.035841,F:0.0442807):0.0266871 C:0.00884588
Migration added
Local updates around node 1: 0 ln(lk):213.1431 
Local updates around node 2: 0 ln(lk):213.1431 
Updates in migration position: 0 ln(lk):213.1431 
Switches in migration direction: 0 ln(lk):213.1431 
ln(likelihood):213.1431 
Targeting migration to vicinity of:
D D
D A
D E
E E

D A
D D
D E
E E
Trying D A
D:0.0299393 A:0.035841
1->2 3.0968394e-07 213.1431 213.1431
2->1 0.0008357527 213.1431 213.1431
p1->2 3.6306955e-07 213.1431 213.1431
p2->1 0.0008357527 213.1431 213.1431
Trying D D
D:0.0300374 D:0.0300374
p1->2 0.099995285 213.1431 213.1431
D:0.0369618 ((C:0.00884588,B:0.0143026):0.0287051,D:0.0369618):0.057258
p2->1 0.099995285 213.1431 213.1431
((C:0.00884588,B:0.0143026):0.0223434,D:0.0440302):0.0636197 ((C:0.00884588,B:0.0143026):0.0223434,D:0.0440302):0.0636197
p1->2 0.099995285 213.1431 213.1431
Trying D E
D:0.0299393 E:0.119791
1->2 3.0968394e-07 213.1431 213.1431
2->1 0.0008357527 213.1431 213.1431
p1->2 0.099995285 213.1431 213.1431
p2->1 0.099995285 213.1431 213.1431
Trying E E
E:0.119791 E:0.119791
p1->2 0.0008357527 213.1431 213.1431
E:0.119992 (G:0.139984,E:0.119992):0.0976387
p2->1 0.0008357527 213.1431 213.1431
(G:0.139902,E:0.120074):0.0977204 E:0.120074
(G:0.139902,E:0.120074):0.0977204 (G:0.139902,E:0.120074):0.0977204
p1->2 0.099995285 213.1431 213.1431
ln(likelihood):213.1431 
Targeting migration to vicinity of:
E E
D A
D D
D E

D A
D D
D E
E E
Trying D A
D:0.0299396 A:0.035841
1->2 3.0968394e-07 213.1431 213.1431
2->1 0.0008357527 213.1431 213.1431
p1->2 3.6306955e-07 213.1431 213.1431
p2->1 0.0008357527 213.1431 213.1431
Trying D D
D:0.0300377 D:0.0300377
p1->2 0.099995285 213.1431 213.1431
D:0.0369621 ((C:0.00884588,B:0.0143026):0.0287045,D:0.0369621):0.0572577
p2->1 0.099995285 213.1431 213.1431
((C:0.00884588,B:0.0143026):0.0223428,D:0.0440306):0.0636194 ((C:0.00884588,B:0.0143026):0.0223428,D:0.0440306):0.0636194
p1->2 0.099995285 213.1431 213.1431
Trying D E
D:0.0299396 E:0.119791
1->2 3.0968394e-07 213.1431 213.1431
2->1 0.0008357527 213.1431 213.1431
p1->2 0.099995285 213.1431 213.1431
p2->1 0.099995285 213.1431 213.1431
Trying E E
(G:0.139984,E:0.119791):0.0983416 (G:0.139984,E:0.119791):0.0983416
p1->2 0.099995285 213.1431 213.1431
(G:0.139984,E:0.119791):0.12054 E:0.119791
1->2 0.0008357527 213.1431 213.1431
p1->2 0.0008357527 213.1431 213.1431
E:0.120074 (G:0.139902,E:0.120074):0.0977204
E:0.120074 E:0.120074
ln(likelihood):213.1431 
DONE.
