
TreeMix v. 1.13
$Revision: 231 $

npop:7 nsnp:17937834
Estimating covariance matrix in 11211 blocks of size 1600
SEED: 1607918352
Starting from:
((F:0.0162143,A:0.00777546):0.147223,E:0.147223);
Adding D [4/7]
ln(likelihood): -14279.976 
(((F:0.0449284,A:0.0364895):0.0639018,E:0.19404):0.0429571,D:0.0429571);
Adding B [5/7]
ln(likelihood): -14285.913 
(((F:0.0477017,A:0.0392628):0.0611053,E:0.200605):0.0237525,(D:0.0442508,B:0.0358132):0.0237525);
Adding G [6/7]
ln(likelihood): 137.33584 
(B:0.0160435,(D:0.0361198,((F:0.044405,A:0.0359662):0.0534641,(E:0.11996,G:0.140152):0.0980216):0.0513026):0.0160435);
Adding C [7/7]
ln(likelihood): 210.11892 
((B:0.0143024,(D:0.0360147,((F:0.0442809,A:0.0358421):0.0533704,(E:0.119789,G:0.139981):0.0981153):0.0511793):0.0178168):0.00442278,C:0.00442278);
Testing global rearrangements
B:0.0143024 F:0.0442809
-125772.54 210.11892
B:0.0143024 (F:0.0442809,A:0.0358421):0.0533704
-74050.323 210.11892
B:0.0143024 A:0.0358421
-125772.54 210.11892
D:0.0360147 B:0.0143024
-3821.5025 210.11892
D:0.0360147 E:0.119789
-107912.72 210.11892
D:0.0360147 (E:0.119789,G:0.139981):0.0981153
-41121.02 210.11892
D:0.0360147 G:0.139981
-107912.72 210.11892
F:0.0442809 E:0.119789
-85981.614 210.11892
F:0.0442809 (E:0.119789,G:0.139981):0.0981153
-29804.469 210.11892
F:0.0442809 G:0.139981
-85981.614 210.11892
(F:0.0442809,A:0.0358421):0.0533704 B:0.0143024
-78571.744 210.11892
(F:0.0442809,A:0.0358421):0.0533704 C:0.00442278
-78571.744 210.11892
A:0.0358421 E:0.119789
-85877.15 210.11892
A:0.0358421 (E:0.119789,G:0.139981):0.0981153
-29804.469 210.11892
A:0.0358421 G:0.139981
-85877.15 210.11892
C:0.00442278 F:0.0442809
-125864.9 210.11892
C:0.00442278 (F:0.0442809,A:0.0358421):0.0533704
-74043.721 210.11892
C:0.00442278 A:0.0358421
-125864.9 210.11892
Targeting migration to vicinity of:
E D
D G
A C
A B

A B
A C
F B
F C
A B
A C
F B
F C
D E
D G
E D
G D
Trying A B
(F:0.0442809,A:0.0358421):0.0533704 B:0.0143024
1->2 0.0029463528 210.79513 210.11892
2->1 0.038631834 216.17826 210.79513
p1->2 0.12586832 210.11892 216.17826
p2->1 0.038631834 216.17826 216.17826
A:0.0358421 B:0.0143022
1->2 0.0024304674 210.86798 216.17826
2->1 0.0018625207 210.32201 216.17826
p2->1 0.0018068991 210.29446 216.17826
Trying A C
(F:0.0441126,A:0.0361405):0.0535268 C:0
1->2 0.0029634435 210.80281 216.17826
2->1 0.038631834 216.17826 216.17826
p1->2 0.044005293 210.11892 216.17826
A:0.0358421 C:0.00526826
1->2 0.0024445727 210.87388 216.17826
2->1 0.0018068991 210.29446 216.17826
Trying D E
D:0.0360048 (E:0.119789,G:0.139981):0.0980557
1->2 0.051593695 216.17827 216.17826
2->1 0.016859977 216.17827 216.17827
p1->2 4.0751289e-05 210.11892 216.17827
D:0.0360147 E:0.119789
1->2 0.0026558505 210.50751 216.17827
2->1 0.0071536894 216.17826 216.17827
p1->2 4.0751289e-05 210.11895 216.17827
Trying D G
D:0.0360147 G:0.139976
1->2 0.0029634435 210.60992 216.17827
2->1 0.0071536894 216.17826 216.17827
p1->2 6.2255936e-07 210.11893 216.17827
D:0.0360147 (E:0.119789,G:0.139981):0.0981154
Trying E D
(E:0.119789,G:0.139981):0.0981154 D:0.0360147
E:0.119789 D:0.0360147
Trying F B
(F:0.0442809,A:0.0358421):0.0533703 B:0.0143024
F:0.0442809 B:0.0143024
1->2 0.0023939221 210.86467 216.17827
2->1 0.0018068991 210.31109 216.17827
p2->1 0.0017529356 210.28491 216.17827
Trying F C
(A:0.0356788,F:0.0446001):0.0535221 C:0
F:0.0446001 C:0
1->2 0.0024164431 210.87039 216.17827
2->1 0.0017529356 210.28491 216.17827
Trying G D
G:0.139981 D:0.0360051
(E:0.119789,G:0.139981):0.0980575 D:0.0360051
Migration added
Local updates around node 1: 0 ln(lk):216.17827 
Local updates around node 2: 0 ln(lk):216.17827 
Updates in migration position: 0 ln(lk):216.17827 
Switches in migration direction: 0 ln(lk):216.17827 
ln(likelihood):216.17827 
Targeting migration to vicinity of:
D B
A C
F C
E C

D B
B D
Trying B D
B:0.0143024 D:0.0442265
1->2 0.0008357527 216.17827 216.17827
2->1 0.099995285 216.17827 216.17827
p1->2 0.099995285 216.17827 216.17827
Trying D B
D:0.0572493 B:0.0143024
Migration added
Local updates around node 1: 0 ln(lk):216.17827 
Local updates around node 2: 0 ln(lk):216.17827 
Updates in migration position: 0 ln(lk):216.17827 
Switches in migration direction: 0 ln(lk):216.17827 
ln(likelihood):216.17827 
Targeting migration to vicinity of:
B G
B G
B G
B G

ln(likelihood):216.17827 
Targeting migration to vicinity of:
B G
B G
B G
B G

ln(likelihood):216.17827 
DONE.
