
TreeMix v. 1.13
$Revision: 231 $

npop:7 nsnp:17937834
Estimating covariance matrix in 6406 blocks of size 2800
SEED: 1607917923
Starting from:
((G:0.20955,A:0.0762832):0.0444197,D:0.0444197);
Adding E [4/7]
ln(likelihood): -3677.2603 
((A:0.0751402,(G:0.139753,E:0.119561):0.102271):0.0426635,D:0.0426635);
Adding C [5/7]
ln(likelihood): -2190.8555 
((A:0.0797304,(G:0.141589,E:0.121397):0.1025):0.0245048,(D:0.0403301,C:0.0266113):0.0245048);
Adding B [6/7]
ln(likelihood): -155.77946 
(((G:0.140746,E:0.120554):0.0981255,(D:0.0367117,(C:0.00957397,B:0.0150307):0.0179132):0.0513637):0.0446748,A:0.0446748);
Adding F [7/7]
ln(likelihood): 205.04414 
(A:0.0179207,(((G:0.139982,E:0.11979):0.0981112,(D:0.0360154,(C:0.00884574,B:0.0143025):0.0178174):0.0511805):0.0533722,F:0.0442808):0.0179207);
Testing global rearrangements
A:0.0179207 C:0.00884574
-73298.635 205.04414
A:0.0179207 (C:0.00884574,B:0.0143025):0.0178174
-49221.53 205.04414
A:0.0179207 B:0.0143025
-73298.635 205.04414
G:0.139982 A:0.0179207
-47163.687 205.04414
G:0.139982 ((G:0.139982,E:0.11979):0.0981112,(D:0.0360154,(C:0.00884574,B:0.0143025):0.0178174):0.0511805):0.0533722
-28954.69 205.04414
G:0.139982 (((G:0.139982,E:0.11979):0.0981112,(D:0.0360154,(C:0.00884574,B:0.0143025):0.0178174):0.0511805):0.0533722,F:0.0442808):0.0179207
-47163.687 205.04414
D:0.0360154 A:0.0179207
-49753.982 205.04414
D:0.0360154 ((G:0.139982,E:0.11979):0.0981112,(D:0.0360154,(C:0.00884574,B:0.0143025):0.0178174):0.0511805):0.0533722
-23677.571 205.04414
D:0.0360154 F:0.0442808
-49753.982 205.04414
C:0.00884574 D:0.0360154
-2143.1405 205.04414
F:0.0442808 D:0.0360154
-49144.701 205.04414
Targeting migration to vicinity of:
G D
D E
B F
A B

A C
A B
F C
F B
C A
C F
B A
B F
D G
D E
G D
E D
Trying A B
A:0.0179207 B:0.0143025
1->2 0.0024304674 205.47622 205.04414
2->1 0.0018517675 205.1613 205.47622
p2->1 0.001643893 205.11813 205.47622
A:0.018055 (C:0.00884545,B:0.0143022):0.0178253
1->2 0.013056064 208.5427 205.47622
p2->1 0.3970964 205.04414 208.5427
Trying A C
A:0.0784545 C:0.00884574
1->2 0.0024304674 205.4796 208.5427
2->1 0.0018068991 205.1454 208.5427
A:0.0180699 (B:0.014299,C:0.00884864):0.017828
Trying B A
B:0.014299 A:0.0180699
(B:0.014299,C:0.00884864):0.017828 A:0.0180699
Trying B F
B:0.014299 F:0.0441125
1->2 0.0018068991 205.15495 208.5427
2->1 0.0023939221 205.47429 208.5427
p1->2 0.0015947899 205.11404 208.5427
p2->1 0.0024304674 205.47622 208.5427
(C:0.00863298,B:0.0145851):0.0179668 F:0.0442632
2->1 0.013056064 208.5427 208.5427
p1->2 3.4434721e-05 205.04414 208.5427
p2->1 0.013056064 208.5427 208.5427
Trying C A
C:0.00884574 A:0.0179207
(C:0.00884574,B:0.0143025):0.019334 A:0.0179207
Trying C F
C:0.00884574 F:0.0442808
1->2 0.0017529356 205.13985 208.5427
2->1 0.0024164431 205.47756 208.5427
p2->1 0.0024304674 205.4796 208.5427
(B:0.0140897,C:0.00910175):0.0179668 F:0.0442632
Trying D E
D:0.0359098 E:0.11979
1->2 0.0026712604 205.26831 208.5427
2->1 0.0071536894 208.5427 208.5427
p1->2 4.0751289e-05 205.04414 208.5427
p2->1 0.010928518 208.5427 208.5427
D:0.0377428 (G:0.139982,E:0.11979):0.0983455
1->2 0.056945603 208.5427 208.5427
p2->1 4.0751289e-05 205.04412 208.5427
Trying D G
D:0.0360205 (G:0.139982,E:0.11979):0.0981112
D:0.0360205 G:0.139982
1->2 0.0029740555 205.3278 208.5427
2->1 0.0071536894 208.5427 208.5427
p1->2 0.010928518 205.04414 208.5427
Trying E D
E:0.118706 D:0.0360154
(E:0.118706,G:0.144189):0.0991952 D:0.0360154
Trying F B
F:0.0442808 B:0.0143025
F:0.0442808 (B:0.0143025,C:0.00884574):0.0178174
Trying F C
F:0.0442808 C:0.00884574
F:0.0442808 (B:0.0143025,C:0.00884574):0.0178174
Trying G D
(E:0.118706,G:0.144189):0.0991952 D:0.0360154
G:0.144189 D:0.0360154
Migration added
Local updates around node 1: 0 ln(lk):208.5427 
Local updates around node 2: 0 ln(lk):208.5427 
Updates in migration position: 0 ln(lk):208.5427 
Switches in migration direction: 0 ln(lk):208.5427 
ln(likelihood):208.5427 
DONE.
