
TreeMix v. 1.13
$Revision: 231 $

npop:7 nsnp:17937834
Estimating covariance matrix in 44844 blocks of size 400
SEED: 1607918072
Starting from:
(F:0.0913908,(C:0.0044152,B:0.00987201):0.0913908);
Adding D [4/7]
ln(likelihood): -77237.295 
(F:0.0835469,((C:0.0126856,B:0.0181425):0.0182188,D:0.0401246):0.0835469);
Adding E [5/7]
ln(likelihood): -82478.996 
(F:0.0481764,(((C:0.0100163,B:0.0154732):0.0178168,D:0.0371855):0.0616586,E:0.194546):0.0481764);
Adding G [6/7]
ln(likelihood): -821.6536 
(F:0.0489671,(((C:0.00934988,B:0.0148067):0.0179126,D:0.0364871):0.0512687,(E:0.120323,G:0.140515):0.0981234):0.0489671);
Adding A [7/7]
ln(likelihood): 211.47191 
((F:0.0442809,(((C:0.00884557,B:0.0143024):0.0178168,D:0.0360147):0.0511793,(E:0.119789,G:0.139981):0.0981153):0.0533704):0.0179211,A:0.0179211);
Testing global rearrangements
F:0.0442809 C:0.00884557
-473890.56 211.47191
F:0.0442809 (C:0.00884557,B:0.0143024):0.0178168
-323194.43 211.47191
F:0.0442809 B:0.0143024
-473890.56 211.47191
C:0.00884557 D:0.0360147
-14784.063 211.47191
D:0.0360147 F:0.0442809
-327619.86 211.47191
D:0.0360147 E:0.119789
-414403.17 211.47191
D:0.0360147 (E:0.119789,G:0.139981):0.0981153
-157955.78 211.47191
D:0.0360147 G:0.139981
-414403.17 211.47191
D:0.0360147 A:0.0179211
-327619.86 211.47191
E:0.119789 F:0.0442809
-309819.92 211.47191
E:0.119789 C:0.00884557
-559730.25 211.47191
E:0.119789 A:0.0179211
-309819.92 211.47191
A:0.0179211 F:0.0442809
211.47191 211.47191
A:0.0179211 C:0.00884557
-475180.64 211.47191
A:0.0179211 (C:0.00884557,B:0.0143024):0.0178168
-323688.14 211.47191
A:0.0179211 B:0.0143024
-475180.64 211.47191
A:0.0179211 ((C:0.00884557,B:0.0143024):0.0178168,D:0.0360147):0.0511793
-112177.3 211.47191
A:0.0179211 D:0.0360147
-323688.14 211.47191
Targeting migration to vicinity of:
D E
D G
C A
B A

C F
C A
B F
B A
C F
C A
B F
B A
D E
D G
D E
D G
Trying B A
B:0.0143024 A:0.0179211
1->2 0.0018625207 212.25071 211.47191
2->1 0.0024304674 214.32686 212.25071
p1->2 0.001653441 211.96394 214.32686
(C:0.00884527,B:0.0143021):0.0178248 A:0.0180561
2->1 0.013056064 234.63732 214.32686
p1->2 4.0751289e-05 211.47191 234.63732
Trying B F
B:0.0143024 F:0.0442788
1->2 0.0018173923 212.21017 234.63732
2->1 0.0023853751 214.31458 234.63732
p1->2 0.0016040532 211.93793 234.63732
p2->1 0.0024304674 214.32686 234.63732
(C:0.00863281,B:0.014585):0.0179663 F:0.0442633
2->1 0.013056064 234.63732 234.63732
p1->2 0.016859977 211.47191 234.63732
p2->1 0.013056064 234.63732 234.63732
Trying C A
C:0.00884557 A:0.0179211
1->2 0.0018068991 212.14536 234.63732
2->1 0.0024304674 214.35286 234.63732
(B:0.0140896,C:0.00910157):0.0179663 A:0.0179297
Trying C F
C:0.00910157 F:0.0442633
1->2 0.001763116 212.1099 234.63732
2->1 0.002407816 214.33981 234.63732
p2->1 0.0024304674 214.35286 234.63732
(B:0.0140896,C:0.00910157):0.0179663 F:0.0442633
Trying D E
D:0.0359091 E:0.119789
1->2 0.002680829 212.97311 234.63732
2->1 0.0071536894 234.63729 234.63732
p1->2 4.0751289e-05 211.47191 234.63732
p2->1 0.010928518 234.63732 234.63732
D:0.037742 (G:0.139981,E:0.119789):0.0983496
1->2 0.056945603 234.63732 234.63732
p2->1 4.0751289e-05 211.47184 234.63732
Trying D G
D:0.0360198 (G:0.139981,E:0.119789):0.0981153
D:0.0360198 G:0.139981
1->2 0.0029740555 213.34932 234.63732
2->1 0.0071536894 234.63729 234.63732
p1->2 0.010928518 211.47191 234.63732
Migration added
Local updates around node 1: 0 ln(lk):234.63732 
Local updates around node 2: 0 ln(lk):234.63732 
Updates in migration position: 0 ln(lk):234.63732 
Switches in migration direction: 0 ln(lk):234.63732 
ln(likelihood):234.63732 
Targeting migration to vicinity of:
F D
G A
C A
B A

D F
D F
F D
Trying D F
D:0.037917 F:0.0442809
1->2 3.0968394e-07 234.63732 234.63732
2->1 0.0008357527 234.63732 234.63732
p1->2 0.0008357527 234.63732 234.63732
p2->1 0.0008357527 234.63732 234.63732
Trying F D
F:0.0442809 D:0.038071
Migration added
Local updates around node 1: 0 ln(lk):234.63732 
Local updates around node 2: 0 ln(lk):234.63732 
Updates in migration position: 0 ln(lk):234.63732 
Switches in migration direction: 0 ln(lk):234.63732 
ln(likelihood):234.63732 
DONE.
