
TreeMix v. 1.13
$Revision: 231 $

npop:7 nsnp:17937834
Estimating covariance matrix in 5979 blocks of size 3000
SEED: 1607918072
Starting from:
(F:0.0913919,(C:0.00441526,B:0.00987213):0.0913919);
Adding D [4/7]
ln(likelihood): -10939.765 
(F:0.0835478,((C:0.0126857,B:0.0181425):0.0182194,D:0.0401251):0.0835478);
Adding E [5/7]
ln(likelihood): -11872.725 
(F:0.0481772,(((C:0.0100164,B:0.0154733):0.0178173,D:0.037186):0.061659,E:0.194545):0.0481772);
Adding G [6/7]
ln(likelihood): 12.123568 
(F:0.0489678,(((C:0.00935002,B:0.0148069):0.0179132,D:0.0364877):0.0512696,(E:0.120324,G:0.140516):0.0981201):0.0489678);
Adding A [7/7]
ln(likelihood): 204.30186 
((((C:0.00884569,B:0.0143026):0.0178173,D:0.0360153):0.0511802,(E:0.11979,G:0.139982):0.098112):0.0266859,(F:0.0442808,A:0.0358415):0.0266859);
Testing global rearrangements
C:0.00884569 ((C:0.00884569,B:0.0143026):0.0178173,D:0.0360153):0.0511802
-1981.0015 204.30186
C:0.00884569 (((C:0.00884569,B:0.0143026):0.0178173,D:0.0360153):0.0511802,(E:0.11979,G:0.139982):0.098112):0.0266859
-39973.907 204.30186
C:0.00884569 F:0.0442808
-67987.445 204.30186
C:0.00884569 (F:0.0442808,A:0.0358415):0.0266859
-39973.907 204.30186
C:0.00884569 A:0.0358415
-67987.445 204.30186
D:0.0360153 C:0.00884569
-1981.0015 204.30186
D:0.0360153 E:0.11979
-57975.437 204.30186
D:0.0360153 (E:0.11979,G:0.139982):0.098112
-22053.65 204.30186
D:0.0360153 G:0.139982
-57975.437 204.30186
E:0.11979 F:0.0442808
-43987.227 204.30186
E:0.11979 (F:0.0442808,A:0.0358415):0.0266859
-26994.807 204.30186
E:0.11979 A:0.0358415
-43987.227 204.30186
F:0.0442808 C:0.00884569
-68085.385 204.30186
F:0.0442808 (C:0.00884569,B:0.0143026):0.0178173
-45788.246 204.30186
F:0.0442808 B:0.0143026
-68085.385 204.30186
F:0.0442808 ((C:0.00884569,B:0.0143026):0.0178173,D:0.0360153):0.0511802
-16001.594 204.30186
F:0.0442808 D:0.0360153
-45788.246 204.30186
Targeting migration to vicinity of:
D E
D G
F B
B A

C F
C A
B F
B A
D E
D G
D E
D G
F C
F B
A C
A B
Trying A B
(F:0.0442808,A:0.0358415):0.0266859 B:0.0143026
1->2 0.0029463528 204.66584 204.30186
2->1 0.038631834 207.56377 204.66584
p2->1 0.099995285 207.56377 207.56377
(F:0.0442808,A:0.0358414):0.0363719 (C:0.00884569,B:0.0143026):0.0181687
1->2 0.099995285 207.56377 207.56377
p2->1 0.00026379287 204.30186 207.56377
A:0.0358415 B:0.0143026
1->2 0.0024304674 204.70505 207.56377
2->1 0.0018625207 204.41112 207.56377
p2->1 0.001643893 204.37086 207.56377
A:0.03611 (C:0.0088454,B:0.0143023):0.0178253
1->2 0.013056064 207.56377 207.56377
p2->1 0.078036837 204.30186 207.56377
Trying A C
(F:0.0397633,A:0.0470655):0.0289447 (C:0.00884569,B:0.0143026):0.0178173
(F:0.0397633,A:0.0470655):0.0289447 C:0.00884569
1->2 0.0029634435 204.66995 207.56377
2->1 0.038631834 207.56377 207.56377
A:0.0358415 (B:0.0143024,C:0.00884584):0.0181684
A:0.0358415 C:0.00884584
1->2 0.0024445727 204.70819 207.56377
2->1 0.0018068991 204.3963 207.56377
Trying B A
B:0.0142991 (F:0.0441125,A:0.0361399):0.0267642
B:0.0142991 A:0.0361399
(B:0.0142991,C:0.00884859):0.017828 (F:0.0441125,A:0.0361399):0.0267642
(B:0.0142991,C:0.00884859):0.017828 A:0.0361399
Trying B F
B:0.0142991 F:0.0441125
1->2 0.0018068991 204.4052 207.56377
2->1 0.0023939221 204.70326 207.56377
p1->2 0.0015947899 204.36704 207.56377
B:0.0143026 (A:0.0356957,F:0.0445683):0.0267538
(C:0.00884569,B:0.0143026):0.0178245 F:0.0445683
2->1 0.013056064 207.56377 207.56377
p1->2 0.016859977 204.30186 207.56377
(C:0.00884569,B:0.0143026):0.0178173 (A:0.0349262,F:0.0467436):0.0271436
Trying C A
(C:0.00884569,B:0.0143026):0.0178173 (A:0.0349262,F:0.0467436):0.0271436
(C:0.00884569,B:0.0143026):0.0178173 A:0.0349262
C:0.00884569 (A:0.0349262,F:0.0467436):0.0271436
C:0.00884569 A:0.0349262
Trying C F
(C:0.00884569,B:0.0143026):0.0178173 F:0.0467436
(C:0.00884569,B:0.0143026):0.0178173 (A:0.0349262,F:0.0467436):0.0271436
C:0.00884569 F:0.0467436
1->2 0.0017529356 204.39111 207.56377
2->1 0.0024164431 204.7063 207.56377
C:0.00910156 (A:0.0358226,F:0.0442993):0.0267154
Trying D E
D:0.0359095 E:0.11979
1->2 0.0026712604 204.51069 207.56377
2->1 0.0071536894 207.56377 207.56377
p1->2 4.0751289e-05 204.30186 207.56377
p2->1 0.099995285 207.56377 207.56377
D:0.0511715 (G:0.139982,E:0.11979):0.0983463
1->2 0.099995285 207.56377 207.56377
p2->1 4.0751289e-05 204.30186 207.56377
Trying D G
D:0.0360203 G:0.139982
1->2 0.0029740555 204.56622 207.56377
2->1 0.0071536894 207.56377 207.56377
p1->2 0.099995285 204.30186 207.56377
D:0.0360153 (E:0.108889,G:0.184927):0.109013
Trying F B
F:0.0442808 B:0.0143026
F:0.0442808 (B:0.0143026,C:0.00884569):0.0178173
(A:0.0358415,F:0.0442808):0.0266859 B:0.0143026
(A:0.0358415,F:0.0442808):0.0266859 (B:0.0143026,C:0.00884569):0.0178173
Trying F C
F:0.0442808 (B:0.0143026,C:0.00884569):0.0178173
F:0.0442808 C:0.00884569
(A:0.0358415,F:0.0442808):0.0266859 (B:0.0143026,C:0.00884569):0.0178173
(A:0.0358415,F:0.0442808):0.0266859 C:0.00884569
Migration added
Local updates around node 1: 0 ln(lk):207.56377 
Local updates around node 2: 0 ln(lk):207.56377 
Updates in migration position: 0 ln(lk):207.56377 
Switches in migration direction: 0 ln(lk):207.56377 
ln(likelihood):207.56377 
Targeting migration to vicinity of:
F F
E E
F F
F F

E E
F F
Trying E E
(E:0.11979,G:0.139982):0.0919183 (E:0.11979,G:0.139982):0.0919183
p1->2 0.099995285 207.56377 207.56377
(E:0.11979,G:0.139982):0.113478 ((D:0.0356639,(C:0.00884569,B:0.0143026):0.0181687):0.0572568,(E:0.11979,G:0.139982):0.113478):0.0363713
(E:0.11979,G:0.139982):0.113478 E:0.11979
1->2 0.0010948586 207.56377 207.56377
p1->2 0.0008357527 207.56377 207.56377
((D:0.0356639,(C:0.00884569,B:0.0143026):0.0181687):0.0572568,(E:0.120067,G:0.139905):0.0919952):0.0363713 ((D:0.0356639,(C:0.00884569,B:0.0143026):0.0181687):0.0572568,(E:0.120067,G:0.139905):0.0919952):0.0363713
E:0.120067 (E:0.120067,G:0.139905):0.0919952
E:0.120067 ((D:0.0356639,(C:0.00884569,B:0.0143026):0.0181687):0.0572568,(E:0.120067,G:0.139905):0.0919952):0.0363713
E:0.120067 E:0.120067
Trying F F
(F:0.0442808,A:0.0358415):0.0363713 (F:0.0442808,A:0.0358415):0.0363713
F:0.0442808 (F:0.0442808,A:0.0358415):0.0363713
2->1 3.6306955e-07 207.56377 207.56377
F:0.0442809 F:0.0442809
ln(likelihood):207.56377 
DONE.
