
TreeMix v. 1.13
$Revision: 231 $

npop:7 nsnp:17937834
Estimating covariance matrix in 7474 blocks of size 2400
SEED: 1607918630
Starting from:
((A:0.0804168,G:0.213875):0.0374125,C:0.0374125);
Adding F [4/7]
ln(likelihood): -6297.6021 
((G:0.215766,(A:0.0367859,F:0.0452247):0.0662767):0.0366875,C:0.0366875);
Adding E [5/7]
ln(likelihood): -3018.6505 
(((A:0.0377128,F:0.0461516):0.0544947,(G:0.141793,E:0.121601):0.0994739):0.0393,C:0.0393);
Adding D [6/7]
ln(likelihood): 96.765027 
(C:0.0132262,(((A:0.0361076,F:0.0445464):0.0534641,(G:0.140293,E:0.120101):0.0980216):0.0514761,D:0.0362014):0.0132262);
Adding B [7/7]
ln(likelihood): 206.57152 
((D:0.0360147,(C:0.00884557,B:0.0143024):0.0178168):0.0255897,((A:0.0358421,F:0.0442809):0.0533704,(G:0.139981,E:0.119789):0.0981153):0.0255897);
Testing global rearrangements
D:0.0360147 G:0.139981
-72348.788 206.57152
D:0.0360147 (G:0.139981,E:0.119789):0.0981153
-27547.366 206.57152
D:0.0360147 E:0.119789
-72348.788 206.57152
C:0.00884557 D:0.0360147
-2514.4325 206.57152
A:0.0358421 D:0.0360147
-57219.652 206.57152
A:0.0358421 E:0.119789
-57645.194 206.57152
(A:0.0358421,F:0.0442809):0.0533704 C:0.00884557
-52843.512 206.57152
(A:0.0358421,F:0.0442809):0.0533704 (C:0.00884557,B:0.0143024):0.0178168
-27547.366 206.57152
(A:0.0358421,F:0.0442809):0.0533704 B:0.0143024
-52843.512 206.57152
F:0.0442809 G:0.139981
-57717.9 206.57152
F:0.0442809 (G:0.139981,E:0.119789):0.0981153
-19984.817 206.57152
F:0.0442809 E:0.119789
-57717.9 206.57152
DONE.
