
TreeMix v. 1.13
$Revision: 231 $

npop:7 nsnp:17937834
Estimating covariance matrix in 4720 blocks of size 3800
SEED: 1607918493
Starting from:
(A:0.0870319,(B:0.0122205,C:0.00676384):0.0870319);
Adding F [4/7]
ln(likelihood): -10139.826 
((B:0.0153567,C:0.0099):0.0657174,(A:0.0451156,F:0.0535554):0.0657174);
Adding D [5/7]
ln(likelihood): -19839.55 
((A:0.0417864,F:0.0502262):0.0549621,((B:0.0207629,C:0.0153062):0.0182586,D:0.0428726):0.0549621);
Adding E [6/7]
ln(likelihood): -1050.0066 
(((A:0.0369769,F:0.0454166):0.0533663,((B:0.0154678,C:0.0100111):0.0177218,D:0.0372132):0.0510939):0.110471,E:0.110471);
Adding G [7/7]
ln(likelihood): 201.74264 
((((A:0.035841,F:0.0442807):0.0533742,((B:0.0143026,C:0.00884588):0.0178176,D:0.036016):0.0511813):0.0981073,E:0.119791):0.0699919,G:0.0699919);
Testing global rearrangements
A:0.035841 B:0.0143026
-54183.477 201.74264
A:0.035841 (B:0.0143026,C:0.00884588):0.0178176
-36341.725 201.74264
A:0.035841 C:0.00884588
-54183.477 201.74264
B:0.0143026 D:0.036016
-1537.2844 201.74264
D:0.036016 A:0.035841
-36733.78 201.74264
D:0.036016 (A:0.035841,F:0.0442807):0.0533742
-17452.49 201.74264
D:0.036016 F:0.0442807
-36733.78 201.74264
D:0.036016 E:0.119791
-45906.23 201.74264
D:0.036016 G:0.0699919
-45906.23 201.74264
E:0.119791 A:0.035841
-34829.491 201.74264
E:0.119791 (A:0.035841,F:0.0442807):0.0533742
-21351.911 201.74264
E:0.119791 F:0.0442807
-34829.491 201.74264
E:0.119791 G:0.0699919
201.74264 201.74264
G:0.0699919 D:0.036016
-43456.75 201.74264
Targeting migration to vicinity of:
D E
D G
B F
A B

A B
A C
F B
F C
B A
B F
C A
C F
D E
D G
D E
D G
Trying A B
(A:0.035841,F:0.0442807):0.0533742 (B:0.0143026,C:0.00884588):0.0178176
1->2 0.016823286 204.32899 201.74264
2->1 0.056945603 204.32899 204.32899
p1->2 4.0751289e-05 201.74262 204.32899
(A:0.035841,F:0.0442807):0.0533742 B:0.0143026
1->2 0.0029463528 202.03104 204.32899
2->1 0.038631834 204.32899 204.32899
p1->2 6.2353583e-06 201.74262 204.32899
A:0.035841 (C:0.00884551,B:0.0143031):0.0178179
1->2 0.013056064 204.32899 204.32899
2->1 0.0016380195 201.79732 204.32899
p2->1 0.3970964 201.74264 204.32899
A:0.15691 B:0.0143026
1->2 0.0024304674 202.06214 204.32899
2->1 0.0018691977 201.82923 204.32899
Trying A C
(F:0.0441045,A:0.0361517):0.0535378 C:0.00884023
1->2 0.0029634435 202.03431 204.32899
2->1 0.038631834 204.32899 204.32899
p1->2 4.0751289e-05 201.74264 204.32899
(F:0.0442807,A:0.035841):0.0533742 (B:0.0143002,C:0.00884899):0.0178194
A:0.035841 C:0.00884899
1->2 0.0024445727 202.06462 204.32899
2->1 0.0017964664 201.81749 204.32899
A:0.0361377 (B:0.0142991,C:0.00884876):0.0178283
Trying B A
(B:0.0142991,C:0.00884876):0.0178283 (F:0.0441133,A:0.0361377):0.0535298
(B:0.0142991,C:0.00884876):0.0178283 A:0.0361377
B:0.0142991 (F:0.0441133,A:0.0361377):0.0535298
B:0.0142991 A:0.0361377
Trying B F
(B:0.0142991,C:0.00884876):0.0178283 F:0.0441133
1->2 0.0015947899 201.79429 204.32899
2->1 0.013056064 204.32899 204.32899
p1->2 0.39974564 201.74264 204.32899
(B:0.0143026,C:0.00884588):0.0178176 (A:0.000295859,F:0.182115):0.0889193
B:0.0143026 F:0.182115
1->2 0.0018173923 201.82453 204.32899
2->1 0.0023939221 202.06071 204.32899
B:0.0145826 (A:0.0358219,F:0.0442994):0.0534329
Trying C A
C:0.00863461 (A:0.0358219,F:0.0442994):0.0534329
C:0.00863461 A:0.0358219
(C:0.00863461,B:0.0145826):0.0179659 (A:0.0358219,F:0.0442994):0.0534329
(C:0.00863461,B:0.0145826):0.0179659 A:0.0358219
Trying C F
C:0.00863461 F:0.0442994
1->2 0.0017529356 201.81336 204.32899
2->1 0.0024304674 202.06311 204.32899
C:0.00910302 (A:0.0358222,F:0.0442991):0.0534333
(B:0.0140887,C:0.00910302):0.0179678 F:0.0442991
(B:0.0140887,C:0.00910302):0.0179678 (A:0.0358222,F:0.0442991):0.0534333
Trying D E
D:0.0359097 E:0.119791
1->2 0.0026712604 201.90821 204.32899
2->1 0.0071536894 204.32899 204.32899
p1->2 6.2716344e-06 201.74264 204.32899
p2->1 0.0071536894 204.32899 204.32899
Trying D G
D:0.0372626 G:0.0699919
1->2 0.0029740555 201.95234 204.32899
2->1 0.0071536894 204.32899 204.32899
p1->2 0.0008357527 201.74264 204.32899
Trying F B
F:0.0442807 (B:0.0143026,C:0.00884588):0.0178176
F:0.0442807 B:0.0143026
(A:0.035841,F:0.0442807):0.0533742 (B:0.0143026,C:0.00884588):0.0178176
(A:0.035841,F:0.0442807):0.0533742 B:0.0143026
Trying F C
F:0.0442807 C:0.00884588
F:0.0442807 (B:0.0143026,C:0.00884588):0.0178176
(A:0.035841,F:0.0442807):0.0533742 C:0.00884588
(A:0.035841,F:0.0442807):0.0533742 (B:0.0143026,C:0.00884588):0.0178176
Migration added
Local updates around node 1: 0 ln(lk):204.32899 
Local updates around node 2: 0 ln(lk):204.32899 
Updates in migration position: 0 ln(lk):204.32899 
Switches in migration direction: 0 ln(lk):204.32899 
ln(likelihood):204.32899 
Targeting migration to vicinity of:
B E
C E
D G
F G

B E
C E
D G
B E
C E
D G
B E
C E
D G
A G
F G
Trying A G
(A:0.035841,F:0.0442807):0.0538428 G:0.0699919
1->2 3.0968394e-07 204.32899 204.32899
2->1 0.099995285 204.32899 204.32899
p1->2 0.0008357527 204.32899 204.32899
A:0.035841 G:0.0701499
1->2 3.0968394e-07 204.32899 204.32899
2->1 3.6306955e-07 204.32899 204.32899
Trying B E
B:0.0143026 E:0.119791
1->2 3.0968394e-07 204.32899 204.32899
2->1 3.8719494e-07 204.32899 204.32899
p1->2 3.0968394e-07 204.32899 204.32899
p2->1 3.8719494e-07 204.32899 204.32899
(C:0.00884584,B:0.0143026):0.0196789 E:0.119791
2->1 0.0008357527 204.32899 204.32899
p1->2 0.0008357527 204.32899 204.32899
p2->1 4.0751289e-05 204.32899 204.32899
Trying C E
C:0.00884588 E:0.119791
1->2 3.0968394e-07 204.32899 204.32899
2->1 3.8719494e-07 204.32899 204.32899
p2->1 3.8719494e-07 204.32899 204.32899
(B:0.0143025,C:0.00884592):0.0196789 E:0.119791
Trying D G
D:0.0347839 G:0.0699919
1->2 3.0968394e-07 204.32899 204.32899
2->1 0.0008357527 204.32899 204.32899
p1->2 0.0008357527 204.32899 204.32899
Trying F G
(F:0.0442807,A:0.035841):0.0538428 G:0.0701499
F:0.0442807 G:0.0701499
1->2 3.0968394e-07 204.32899 204.32899
2->1 3.6306955e-07 204.32899 204.32899
Migration added
Local updates around node 1: 0 ln(lk):204.32899 
Local updates around node 2: 0 ln(lk):204.32899 
Updates in migration position: 0 ln(lk):204.32899 
Switches in migration direction: 0 ln(lk):204.32899 
ln(likelihood):204.32899 
Targeting migration to vicinity of:
B B
B B
B B
B B

ln(likelihood):204.32899 
Targeting migration to vicinity of:
B B
B B
B B
B B

ln(likelihood):204.32899 
Targeting migration to vicinity of:
B B
B B
B B
B B

ln(likelihood):204.32899 
DONE.
