
TreeMix v. 1.13
$Revision: 231 $

npop:7 nsnp:17937834
Estimating covariance matrix in 22422 blocks of size 800
SEED: 1607918213
Starting from:
((D:0.0307213,C:0.015107):0.0782676,A:0.0782676);
Adding E [4/7]
ln(likelihood): -24810.378 
((D:0.052448,C:0.0378166):0.0256808,(A:0.0822805,E:0.197654):0.0256808);
Adding G [5/7]
ln(likelihood): -7682.8394 
((D:0.0403293,C:0.0266105):0.0245043,(A:0.0797296,(E:0.121396,G:0.141588):0.102504):0.0245043);
Adding B [6/7]
ln(likelihood): -882.46448 
(A:0.0446743,((E:0.120553,G:0.140745):0.0981297,(D:0.036711,(C:0.00957375,B:0.0150306):0.0179126):0.0513626):0.0446743);
Adding F [7/7]
ln(likelihood): 213.62226 
(A:0.0179211,(((E:0.119789,G:0.139981):0.0981153,(D:0.0360147,(C:0.00884557,B:0.0143024):0.0178168):0.0511793):0.0533704,F:0.0442809):0.0179211);
Testing global rearrangements
A:0.0179211 C:0.00884557
-247714.88 213.62226
A:0.0179211 (C:0.00884557,B:0.0143024):0.0178168
-167560.92 213.62226
A:0.0179211 B:0.0143024
-247714.88 213.62226
A:0.0179211 F:0.0442809
213.62226 213.62226
E:0.119789 D:0.0360147
-201579.06 213.62226
D:0.0360147 C:0.00884557
-7651.1708 213.62226
D:0.0360147 B:0.0143024
-7651.1708 213.62226
F:0.0442809 A:0.0179211
213.62226 213.62226
F:0.0442809 D:0.0360147
-167303.76 213.62226
Targeting migration to vicinity of:
D E
D G
B F
C A

C A
C F
B A
B F
C A
C F
B A
B F
D E
D G
D E
D G
Trying B A
(C:0.00884557,B:0.0143024):0.0178168 A:0.0179211
1->2 0.001643893 213.87516 213.62226
2->1 0.013056064 225.55615 213.87516
p1->2 4.0751289e-05 213.62226 225.55615
B:0.0143024 A:0.0179236
1->2 0.0018625207 214.02265 225.55615
2->1 0.0024304674 215.09586 225.55615
Trying B F
(C:0.00863281,B:0.014585):0.0179663 F:0.0442633
1->2 0.0016040532 213.86148 225.55615
2->1 0.013056064 225.55615 225.55615
p1->2 0.010750998 213.62226 225.55615
p2->1 0.013056064 225.55615 225.55615
B:0.0143024 F:0.0442809
1->2 0.0018173923 214.00138 225.55615
2->1 0.0023939221 215.08943 225.55615
p2->1 0.0024304674 215.09586 225.55615
Trying C A
C:0.00863281 A:0
1->2 0.0018068991 213.9684 225.55615
2->1 0.0024304674 215.10815 225.55615
(B:0.0140896,C:0.00910157):0.0179663 A:0.0179297
Trying C F
C:0.00910157 F:0.0442633
1->2 0.001763116 213.94978 225.55615
2->1 0.0024164431 215.10135 225.55615
p2->1 0.0024304674 215.10815 225.55615
(B:0.0140896,C:0.00910157):0.0179663 F:0.0442633
Trying D E
D:0.0359091 E:0.119789
1->2 0.002680829 214.39039 225.55615
2->1 0.0071536894 225.55614 225.55615
p1->2 4.0751289e-05 213.62226 225.55615
p2->1 0.010750998 225.55615 225.55615
D:0.0377193 (G:0.139981,E:0.119789):0.0983496
1->2 0.056945603 225.55615 225.55615
p2->1 4.0751289e-05 213.62222 225.55615
Trying D G
D:0.0360198 (G:0.139981,E:0.119789):0.0981153
D:0.0360198 G:0.139981
1->2 0.0029740555 214.58949 225.55615
2->1 0.0071536894 225.55614 225.55615
p1->2 0.010928518 213.62226 225.55615
Migration added
Local updates around node 1: 0 ln(lk):225.55615 
Local updates around node 2: 0 ln(lk):225.55615 
Updates in migration position: 0 ln(lk):225.55615 
Switches in migration direction: 0 ln(lk):225.55615 
ln(likelihood):225.55615 
Targeting migration to vicinity of:
D A
B F
G F
C F

D A
D A
D A
Trying D A
D:0.0378629 A:0.0179211
1->2 3.0968394e-07 225.55615 225.55615
2->1 0.0008357527 225.55615 225.55615
p1->2 0.43606377 225.55615 225.55615
Migration added
Local updates around node 1: 0 ln(lk):225.55615 
Local updates around node 2: 0 ln(lk):225.55615 
Updates in migration position: 0 ln(lk):225.55615 
Switches in migration direction: 0 ln(lk):225.55615 
ln(likelihood):225.55615 
Targeting migration to vicinity of:
A F
D F
B F
F F

A A
A F
F A
F F
D A
D F
B F
D A
D F
B F
A A
A F
F A
F F
Trying A A
A:0.0358421 A:0.0358421
Trying A F
A:0.0358421 F:0.0442809
1->2 0.099995285 225.55615 225.55615
2->1 0.099995285 225.55615 225.55615
p2->1 0.099995285 225.55615 225.55615
Trying B F
B:0.0143024 F:0.0442809
1->2 3.0968394e-07 225.55615 225.55615
2->1 3.7561097e-07 225.55615 225.55615
p1->2 3.0968394e-07 225.55615 225.55615
p2->1 3.7561097e-07 225.55615 225.55615
Trying D A
D:0.0380153 A:0.0358421
1->2 3.0968394e-07 225.55615 225.55615
p1->2 0.099995285 225.55615 225.55615
((C:0.00884557,B:0.0143024):0.0167528,D:0.0380204):0.0522433 A:0.0475289
2->1 0.099995285 225.55615 225.55615
p1->2 0.099995285 225.55615 225.55615
Trying D F
D:0.0380153 F:0.0442809
1->2 3.0968394e-07 225.55615 225.55615
2->1 0.0008357527 225.55615 225.55615
p1->2 6.2255936e-07 225.55615 225.55615
p2->1 0.0008357527 225.55615 225.55615
Trying F A
F:0.0442809 A:0.0358421
Trying F F
F:0.0442809 F:0.0442809
p1->2 0.099995285 225.55615 225.55615
ln(likelihood):225.55615 
DONE.
