
TreeMix v. 1.13
$Revision: 231 $

npop:7 nsnp:17937834
Estimating covariance matrix in 4484 blocks of size 4000
SEED: 1607918072
Starting from:
(F:0.0913933,(C:0.00441522,B:0.00987191):0.0913933);
Adding D [4/7]
ln(likelihood): -8209.8971 
(F:0.0835492,((C:0.0126857,B:0.0181424):0.0182197,D:0.0401257):0.0835492);
Adding E [5/7]
ln(likelihood): -8910.125 
(F:0.0481784,(((C:0.0100165,B:0.0154732):0.0178176,D:0.0371867):0.0616595,E:0.194542):0.0481784);
Adding G [6/7]
ln(likelihood): 44.566409 
(F:0.0489689,(((C:0.00935024,B:0.0148069):0.0179135,D:0.0364884):0.0512707,(E:0.120325,G:0.140518):0.0981154):0.0489689);
Adding A [7/7]
ln(likelihood): 201.1307 
((((C:0.00884588,B:0.0143026):0.0178176,D:0.036016):0.0511813,(E:0.119791,G:0.139984):0.0981073):0.0266871,(F:0.0442807,A:0.035841):0.0266871);
Testing global rearrangements
C:0.00884588 ((C:0.00884588,B:0.0143026):0.0178176,D:0.036016):0.0511813
-1443.9704 201.1307
C:0.00884588 (((C:0.00884588,B:0.0143026):0.0178176,D:0.036016):0.0511813,(E:0.119791,G:0.139984):0.0981073):0.0266871
-30034.51 201.1307
C:0.00884588 F:0.0442807
-51117.442 201.1307
C:0.00884588 (F:0.0442807,A:0.035841):0.0266871
-30034.51 201.1307
C:0.00884588 A:0.035841
-51117.442 201.1307
D:0.036016 C:0.00884588
-1443.9704 201.1307
D:0.036016 E:0.119791
-43519.988 201.1307
D:0.036016 (E:0.119791,G:0.139984):0.0981073
-16528.755 201.1307
D:0.036016 G:0.139984
-43519.988 201.1307
E:0.119791 F:0.0442807
-33029.304 201.1307
E:0.119791 (F:0.0442807,A:0.035841):0.0266871
-20239.777 201.1307
E:0.119791 A:0.035841
-33029.304 201.1307
F:0.0442807 C:0.00884588
-51182.439 201.1307
F:0.0442807 (C:0.00884588,B:0.0143026):0.0178176
-34386.168 201.1307
F:0.0442807 B:0.0143026
-51182.439 201.1307
F:0.0442807 ((C:0.00884588,B:0.0143026):0.0178176,D:0.036016):0.0511813
-11992.841 201.1307
F:0.0442807 D:0.036016
-34386.168 201.1307
Targeting migration to vicinity of:
D E
D G
F B
B A

C F
C A
B F
B A
D E
D G
D E
D G
F C
F B
A C
A B
Trying A B
(F:0.0442807,A:0.035841):0.0266871 B:0.0143026
1->2 0.0029463528 201.40435 201.1307
2->1 0.038631834 203.5827 201.40435
p2->1 0.099995285 203.58271 203.5827
(F:0.0442807,A:0.035841):0.0363734 (C:0.00884588,B:0.0143026):0.0181691
1->2 0.099995285 203.58271 203.58271
p2->1 0.0008357527 201.1307 203.58271
A:0.035841 B:0.0143026
1->2 0.0024304674 201.43381 203.58271
2->1 0.0018517675 201.21282 203.58271
p2->1 0.001643893 201.18256 203.58271
A:0.0361095 (C:0.00884558,B:0.0143023):0.0178256
1->2 0.013056064 203.58271 203.58271
p2->1 0.0008357527 201.1307 203.58271
Trying A C
(F:0.0442361,A:0.0359457):0.0267094 (C:0.00884588,B:0.0143026):0.0178176
(F:0.0442361,A:0.0359457):0.0267094 C:0.00884588
1->2 0.0029634435 201.40742 203.58271
2->1 0.038631834 203.5827 203.58271
A:0.035841 (B:0.0143024,C:0.00884603):0.0181687
A:0.035841 C:0.00884603
1->2 0.0024445727 201.43615 203.58271
2->1 0.0018068991 201.20168 203.58271
Trying B A
B:0.0142991 (F:0.0441124,A:0.0361394):0.0267653
B:0.0142991 A:0.0361394
(B:0.0142991,C:0.00884877):0.0178283 (F:0.0441124,A:0.0361394):0.0267653
(B:0.0142991,C:0.00884877):0.0178283 A:0.0361394
Trying B F
B:0.0142991 F:0.0441124
1->2 0.0018068991 201.20837 203.58271
2->1 0.0023939221 201.43246 203.58271
p1->2 0.0015947899 201.17969 203.58271
B:0.0143026 (A:0.0356953,F:0.0445682):0.026755
(C:0.00884588,B:0.0143026):0.0178248 F:0.0445682
2->1 0.013056064 203.58271 203.58271
p1->2 3.6591351e-05 201.1307 203.58271
(C:0.00884588,B:0.0143026):0.0178176 (A:0.035839,F:0.0442859):0.0266881
Trying C A
(C:0.00884588,B:0.0143026):0.0178176 (A:0.035839,F:0.0442859):0.0266881
(C:0.00884588,B:0.0143026):0.0178176 A:0.035839
C:0.00884588 (A:0.035839,F:0.0442859):0.0266881
C:0.00884588 A:0.035839
Trying C F
(C:0.00884588,B:0.0143026):0.0178176 F:0.0442859
(C:0.00884588,B:0.0143026):0.0178176 (A:0.035839,F:0.0442859):0.0266881
C:0.00884588 F:0.0442859
1->2 0.0017529356 201.19778 203.58271
2->1 0.0024304674 201.43472 203.58271
C:0.00910302 (A:0.0358222,F:0.0442991):0.0267167
Trying D E
D:0.0359097 E:0.119791
1->2 0.0026712604 201.28763 203.58271
2->1 0.0071536894 203.5827 203.58271
p1->2 4.0751289e-05 201.1307 203.58271
p2->1 0.099995285 203.58271 203.58271
D:0.0511726 (G:0.139984,E:0.119791):0.0983416
1->2 0.099995285 203.58271 203.58271
p2->1 4.0751289e-05 201.1307 203.58271
Trying D G
D:0.0360211 G:0.139984
1->2 0.0029740555 201.32942 203.58271
2->1 0.0071536894 203.5827 203.58271
p1->2 0.017555457 201.1307 203.58271
D:0.036016 (E:0.118038,G:0.146816):0.0998604
Trying F B
F:0.0442807 B:0.0143026
F:0.0442807 (B:0.0143026,C:0.00884588):0.0178176
(A:0.035841,F:0.0442807):0.0266871 B:0.0143026
(A:0.035841,F:0.0442807):0.0266871 (B:0.0143026,C:0.00884588):0.0178176
Trying F C
F:0.0442807 (B:0.0143026,C:0.00884588):0.0178176
F:0.0442807 C:0.00884588
(A:0.035841,F:0.0442807):0.0266871 (B:0.0143026,C:0.00884588):0.0178176
(A:0.035841,F:0.0442807):0.0266871 C:0.00884588
Migration added
Local updates around node 1: 0 ln(lk):203.58271 
Local updates around node 2: 0 ln(lk):203.58271 
Updates in migration position: 0 ln(lk):203.58271 
Switches in migration direction: 0 ln(lk):203.58271 
ln(likelihood):203.58271 
Targeting migration to vicinity of:
B B
B B
B B
B B

ln(likelihood):203.58271 
DONE.
