
TreeMix v. 1.13
$Revision: 231 $

npop:7 nsnp:17937834
Estimating covariance matrix in 6899 blocks of size 2600
SEED: 1607918213
Starting from:
((D:0.0307216,C:0.0151071):0.0782677,A:0.0782677);
Adding E [4/7]
ln(likelihood): -7796.5326 
((D:0.0524482,C:0.0378167):0.0256809,(A:0.0822806,E:0.197653):0.0256809);
Adding G [5/7]
ln(likelihood): -2362.1898 
((D:0.0403296,C:0.0266108):0.0245044,(A:0.0797298,(E:0.121396,G:0.141588):0.102503):0.0245044);
Adding B [6/7]
ln(likelihood): -178.2232 
(A:0.0446744,((E:0.120553,G:0.140745):0.0981282,(D:0.0367112,(C:0.00957382,B:0.0150307):0.0179128):0.0513628):0.0446744);
Adding F [7/7]
ln(likelihood): 205.7871 
(A:0.017921,(((E:0.119789,G:0.139981):0.0981139,(D:0.036015,(C:0.00884562,B:0.0143025):0.017817):0.0511796):0.0533708,F:0.044281):0.017921);
Testing global rearrangements
A:0.017921 C:0.00884562
-78704.255 205.7871
A:0.017921 (C:0.00884562,B:0.0143025):0.017817
-52888.207 205.7871
A:0.017921 B:0.0143025
-78704.255 205.7871
E:0.119789 A:0.017921
-50721.014 205.7871
E:0.119789 ((E:0.119789,G:0.139981):0.0981139,(D:0.036015,(C:0.00884562,B:0.0143025):0.017817):0.0511796):0.0533708
-31152.934 205.7871
E:0.119789 (((E:0.119789,G:0.139981):0.0981139,(D:0.036015,(C:0.00884562,B:0.0143025):0.017817):0.0511796):0.0533708,F:0.044281):0.017921
-50721.014 205.7871
D:0.036015 A:0.017921
-53460.433 205.7871
D:0.036015 ((E:0.119789,G:0.139981):0.0981139,(D:0.036015,(C:0.00884562,B:0.0143025):0.017817):0.0511796):0.0533708
-25459.142 205.7871
D:0.036015 F:0.044281
-53460.433 205.7871
C:0.00884562 D:0.036015
-2312.6701 205.7871
F:0.044281 D:0.036015
-52805.718 205.7871
Targeting migration to vicinity of:
D E
D G
B F
C F

C A
C F
B A
B F
C A
C F
B A
B F
D E
D G
D E
D G
Trying B A
(C:0.00884562,B:0.0143025):0.017817 A:0.017921
1->2 0.001643893 205.86666 205.7871
2->1 0.013056064 209.54779 205.86666
p1->2 6.2716344e-06 205.7871 209.54779
B:0.0143025 A:0.0179213
1->2 0.0018625207 205.91308 209.54779
2->1 0.0024304674 206.25185 209.54779
Trying B F
(C:0.00863287,B:0.0145851):0.0179665 F:0.0442634
1->2 0.0015947899 205.86226 209.54779
2->1 0.013056064 209.54779 209.54779
p1->2 0.0008357527 205.7871 209.54779
p2->1 0.013056064 209.54779 209.54779
B:0.0143025 F:0.044281
1->2 0.0018068991 205.90626 209.54779
2->1 0.0023939221 206.24978 209.54779
p2->1 0.0024304674 206.25185 209.54779
Trying C A
C:0.00863287 A:0
1->2 0.0018068991 205.89599 209.54779
2->1 0.0024445727 206.25548 209.54779
(B:0.0140885,C:0.00910312):0.0179673 A:0.0179296
Trying C F
C:0.00910312 F:0.0442633
1->2 0.0017529356 205.89002 209.54779
2->1 0.0024164431 206.25329 209.54779
p2->1 0.0024445727 206.25548 209.54779
(B:0.0140885,C:0.00910312):0.0179673 F:0.0442633
Trying D E
D:0.0359088 E:0.119789
1->2 0.0026712604 206.02795 209.54779
2->1 0.0071536894 209.54779 209.54779
p1->2 4.0751289e-05 205.7871 209.54779
p2->1 0.010750998 209.54779 209.54779
D:0.0377195 (G:0.139981,E:0.119789):0.0983481
1->2 0.056945603 209.54779 209.54779
p2->1 4.0751289e-05 205.78709 209.54779
Trying D G
D:0.03602 (G:0.139981,E:0.119789):0.0981139
D:0.03602 G:0.139981
1->2 0.0029740555 206.09191 209.54779
2->1 0.0071536894 209.54779 209.54779
p1->2 0.010928518 205.7871 209.54779
Migration added
Local updates around node 1: 0 ln(lk):209.54779 
Local updates around node 2: 0 ln(lk):209.54779 
Updates in migration position: 0 ln(lk):209.54779 
Switches in migration direction: 0 ln(lk):209.54779 
ln(likelihood):209.54779 
Targeting migration to vicinity of:
D A
E F
G F
B F

D A
D A
Trying D A
D:0.0378631 A:0.017921
1->2 3.0968394e-07 209.54779 209.54779
2->1 0.0008357527 209.54779 209.54779
p1->2 0.43606377 209.54779 209.54779
Migration added
Local updates around node 1: 0 ln(lk):209.54779 
Local updates around node 2: 0 ln(lk):209.54779 
Updates in migration position: 0 ln(lk):209.54779 
Switches in migration direction: 0 ln(lk):209.54779 
ln(likelihood):209.54779 
Targeting migration to vicinity of:
E B
D D
D E
D D

D D
D E
B E
E D
E B
Trying B E
B:0.0143025 E:0.119789
1->2 3.3026194e-07 209.54779 209.54779
2->1 3.0968394e-07 209.54779 209.54779
p1->2 3.3026194e-07 209.54779 209.54779
p2->1 3.0968394e-07 209.54779 209.54779
Trying D D
D:0.0380156 D:0.0380156
p1->2 0.099995285 209.54779 209.54779
D:0.0470667 (D:0.0470667,(C:0.00884562,B:0.0143025):0.016758):0.0522386
p2->1 0.099995285 209.54779 209.54779
(D:0.0536171,(C:0.00884562,B:0.0143025):0.010871):0.0581256 (D:0.0536171,(C:0.00884562,B:0.0143025):0.010871):0.0581256
p1->2 0.099995285 209.54779 209.54779
Trying D E
D:0.0380156 E:0.119789
1->2 3.3026194e-07 209.54779 209.54779
2->1 0.0008357527 209.54779 209.54779
p1->2 8.1759055e-07 209.54779 209.54779
Trying E B
E:0.11979 B:0.0143025
Trying E D
E:0.11979 D:0.0380156
ln(likelihood):209.54779 
DONE.
