
TreeMix v. 1.13
$Revision: 231 $

npop:7 nsnp:17937834
Estimating covariance matrix in 4982 blocks of size 3600
SEED: 1607918493
Starting from:
(A:0.0870329,(B:0.0122208,C:0.00676393):0.0870329);
Adding F [4/7]
ln(likelihood): -10694.304 
((B:0.0153566,C:0.00989974):0.0657189,(A:0.0451152,F:0.0535555):0.0657189);
Adding D [5/7]
ln(likelihood): -20920.49 
((A:0.0417859,F:0.0502263):0.0549635,((B:0.020763,C:0.0153061):0.0182589,D:0.0428733):0.0549635);
Adding E [6/7]
ln(likelihood): -1115.0764 
(((A:0.0369764,F:0.0454167):0.0533679,((B:0.015468,C:0.0100111):0.0177221,D:0.037214):0.051095):0.11047,E:0.11047);
Adding G [7/7]
ln(likelihood): 202.34235 
(E:0.0598959,(((A:0.0358405,F:0.0442808):0.0533759,((B:0.0143028,C:0.00884595):0.017818,D:0.0360169):0.0511825):0.0981036,G:0.139985):0.0598959);
Testing global rearrangements
E:0.0598959 D:0.0360169
-45842.46 202.34235
A:0.0358405 B:0.0143028
-57138.261 202.34235
A:0.0358405 (B:0.0143028,C:0.00884595):0.017818
-38336.982 202.34235
A:0.0358405 C:0.00884595
-57138.261 202.34235
B:0.0143028 D:0.0360169
-1630.2603 202.34235
D:0.0360169 E:0.0598959
-48424.836 202.34235
D:0.0360169 A:0.0358405
-38749.963 202.34235
D:0.0360169 (A:0.0358405,F:0.0442808):0.0533759
-18414.472 202.34235
D:0.0360169 F:0.0442808
-38749.963 202.34235
D:0.0360169 G:0.139985
-48424.836 202.34235
G:0.139985 E:0.0598959
202.34235 202.34235
G:0.139985 A:0.0358405
-36740.83 202.34235
G:0.139985 (A:0.0358405,F:0.0442808):0.0533759
-22527.242 202.34235
G:0.139985 F:0.0442808
-36740.83 202.34235
Targeting migration to vicinity of:
D E
D G
B F
A B

A B
A C
F B
F C
B A
B F
C A
C F
D E
D G
D E
D G
Trying A B
(A:0.0358405,F:0.0442808):0.0533759 (B:0.0143028,C:0.00884595):0.017818
1->2 0.016823286 205.07019 202.34235
2->1 0.056945603 205.07019 205.07019
p1->2 4.0751289e-05 202.34233 205.07019
(A:0.0358405,F:0.0442808):0.0533759 B:0.0143028
1->2 0.0029463528 202.64656 205.07019
2->1 0.038631834 205.07019 205.07019
p1->2 6.2353583e-06 202.34233 205.07019
A:0.0358405 (C:0.00884558,B:0.0143034):0.0178183
1->2 0.013056064 205.07019 205.07019
2->1 0.0016380195 202.40004 205.07019
p2->1 4.0751289e-05 202.34235 205.07019
A:0.0358456 B:0.0143028
1->2 0.0024304674 202.67937 205.07019
2->1 0.0018691977 202.43371 205.07019
Trying A C
(F:0.0441046,A:0.0361513):0.0535395 C:0.0088403
1->2 0.0029634435 202.65005 205.07019
2->1 0.038631834 205.07019 205.07019
p1->2 4.0751289e-05 202.34235 205.07019
(F:0.0442808,A:0.0358405):0.0533759 (B:0.0143004,C:0.00884907):0.0178198
A:0.0358405 C:0.00884907
1->2 0.0024445727 202.68202 205.07019
2->1 0.0017964664 202.42132 205.07019
A:0.0361372 (B:0.0142994,C:0.00884883):0.0178286
Trying B A
(B:0.0142994,C:0.00884883):0.0178286 (F:0.0441134,A:0.0361372):0.0535314
(B:0.0142994,C:0.00884883):0.0178286 A:0.0361372
B:0.0142994 (F:0.0441134,A:0.0361372):0.0535314
B:0.0142994 A:0.0361372
Trying B F
(B:0.0142994,C:0.00884883):0.0178286 F:0.0441134
1->2 0.0015947899 202.39683 205.07019
2->1 0.013056064 205.07019 205.07019
p1->2 4.0751289e-05 202.34235 205.07019
(B:0.0143028,C:0.00884595):0.017818 (A:0.0358383,F:0.0442866):0.0533781
B:0.0143028 F:0.0442866
1->2 0.0018173923 202.42872 205.07019
2->1 0.0023939221 202.67785 205.07019
B:0.0145829 (A:0.0358214,F:0.0442995):0.0534346
Trying C A
C:0.00863468 (A:0.0358214,F:0.0442995):0.0534346
C:0.00863468 A:0.0358214
(C:0.00863468,B:0.0145829):0.0179663 (A:0.0358214,F:0.0442995):0.0534346
(C:0.00863468,B:0.0145829):0.0179663 A:0.0358214
Trying C F
C:0.00863468 F:0.0442995
1->2 0.0017529356 202.41694 205.07019
2->1 0.0024304674 202.68042 205.07019
C:0.00910309 (A:0.0358218,F:0.0442992):0.053435
(B:0.0140889,C:0.00910309):0.0179682 F:0.0442992
(B:0.0140889,C:0.00910309):0.0179682 (A:0.0358218,F:0.0442992):0.053435
Trying D E
D:0.0359106 E:0.0598959
1->2 0.0026712604 202.51697 205.07019
2->1 0.0071536894 205.07019 205.07019
p1->2 0.099995285 202.34235 205.07019
Trying D G
D:0.0360169 G:0.129085
1->2 0.0029740555 202.56355 205.07019
2->1 0.0071536894 205.07019 205.07019
p1->2 0.0008357527 202.34235 205.07019
p2->1 0.0071536894 205.07019 205.07019
Trying F B
F:0.0442808 (B:0.0143028,C:0.00884595):0.0170949
F:0.0442808 B:0.0143028
(A:0.0358405,F:0.0442808):0.0531414 (B:0.0143028,C:0.00884595):0.0170949
(A:0.0358405,F:0.0442808):0.0531414 B:0.0143028
Trying F C
F:0.0442808 C:0.00884595
F:0.0442808 (B:0.0143028,C:0.00884595):0.0170949
(A:0.0358405,F:0.0442808):0.0531414 C:0.00884595
(A:0.0358405,F:0.0442808):0.0531414 (B:0.0143028,C:0.00884595):0.0170949
Migration added
Local updates around node 1: 0 ln(lk):205.07019 
Local updates around node 2: 0 ln(lk):205.07019 
Updates in migration position: 0 ln(lk):205.07019 
Switches in migration direction: 0 ln(lk):205.07019 
ln(likelihood):205.07019 
Targeting migration to vicinity of:
B G
C G
A E
D E

A E
F E
B G
C G
D E
B G
C G
D E
B G
C G
D E
Trying A E
(A:0.0358405,F:0.0442808):0.0538445 E:0.0598959
1->2 3.0968394e-07 205.07019 205.07019
2->1 0.099995285 205.07019 205.07019
p1->2 0.0008357527 205.07019 205.07019
A:0.0358405 E:0.060037
1->2 3.0968394e-07 205.07019 205.07019
2->1 3.6306955e-07 205.07019 205.07019
Trying B G
B:0.0143028 G:0.139985
1->2 3.0968394e-07 205.07019 205.07019
2->1 3.8719494e-07 205.07019 205.07019
p1->2 3.0968394e-07 205.07019 205.07019
p2->1 3.8719494e-07 205.07019 205.07019
(C:0.00884591,B:0.0143029):0.0196793 G:0.139985
2->1 0.0008357527 205.07019 205.07019
p1->2 0.0008357527 205.07019 205.07019
p2->1 4.0751289e-05 205.07019 205.07019
Trying C G
C:0.00884595 G:0.139985
1->2 3.0968394e-07 205.07019 205.07019
2->1 3.8719494e-07 205.07019 205.07019
p2->1 3.8719494e-07 205.07019 205.07019
(B:0.0143028,C:0.00884599):0.0196793 G:0.139985
Trying D E
D:0.0347847 E:0.0598959
1->2 3.0968394e-07 205.07019 205.07019
2->1 0.0008357527 205.07019 205.07019
p1->2 0.0008357527 205.07019 205.07019
Trying F E
(F:0.0442808,A:0.0358405):0.0538445 E:0.060037
F:0.0442808 E:0.060037
1->2 3.0968394e-07 205.07019 205.07019
2->1 3.6306955e-07 205.07019 205.07019
Migration added
Local updates around node 1: 0 ln(lk):205.07019 
Local updates around node 2: 0 ln(lk):205.07019 
Updates in migration position: 0 ln(lk):205.07019 
Switches in migration direction: 0 ln(lk):205.07019 
ln(likelihood):205.07019 
Targeting migration to vicinity of:
B B
B B
B B
B B

B B
Trying B B
B:0.0143028 B:0.0143028
p1->2 7.7838007e-07 205.07019 205.07019
B:0.0143029 (D:0.034971,(B:0.0143029,C:0.00884595):0.0194877):0.0413812
2->1 1.9748804e-06 205.07019 205.07019
p2->1 3.8719494e-07 205.07019 205.07019
B:0.0143029 ((A:0.0358405,F:0.0442808):0.0785256,(D:0.034971,(B:0.0143029,C:0.00884593):0.0194877):0.0413812):0.108482
p2->1 3.6306955e-07 205.07019 205.07019
B:0.0143029 (B:0.0143029,C:0.00884591):0.0194877
B:0.0143029 (G:0.139985,((A:0.0358405,F:0.0442808):0.0785256,(D:0.034971,(B:0.0143029,C:0.00884591):0.0194877):0.0413812):0.108482):0
(D:0.034971,(B:0.0143029,C:0.00884591):0.0194877):0.0413812 B:0.0143029
(D:0.034971,(B:0.0143029,C:0.00884591):0.0194877):0.0413812 (D:0.034971,(B:0.0143029,C:0.00884591):0.0194877):0.0413812
p1->2 0.099995285 205.07019 205.07019
(D:0.034971,(B:0.0143028,C:0.00884595):0.0194877):0.0510874 ((A:0.0358405,F:0.0442808):0.0785256,(D:0.034971,(B:0.0143028,C:0.00884595):0.0194877):0.0510874):0.108482
p2->1 0.099995285 205.07019 205.07019
(D:0.034971,(B:0.0143028,C:0.00884595):0.0194877):0.0644795 (B:0.0143028,C:0.00884595):0.0194877
1->2 0.099995285 205.07019 205.07019
p1->2 0.099995285 205.07019 205.07019
(D:0.030286,(B:0.0143028,C:0.00884595):0.0293656):0.0460662 (G:0.139985,((A:0.0358405,F:0.0442808):0.0785256,(D:0.030286,(B:0.0143028,C:0.00884595):0.0293656):0.0460662):0.108482):8.41821e-16
((A:0.0358405,F:0.0442808):0.0785256,(D:0.030286,(B:0.0143028,C:0.00884595):0.0293656):0.0460662):0.108482 ((A:0.0358405,F:0.0442808):0.0785256,(D:0.030286,(B:0.0143028,C:0.00884595):0.0293656):0.0460662):0.108482
p1->2 0.099995285 205.07019 205.07019
((A:0.0358405,F:0.0442808):0.0785256,(D:0.034971,(B:0.0143028,C:0.00884595):0.0194877):0.0413812):0.133927 (G:0.139985,((A:0.0358405,F:0.0442808):0.0785256,(D:0.034971,(B:0.0143028,C:0.00884595):0.0194877):0.0413812):0.133927):2.06221e-15
(B:0.0143028,C:0.00884595):0.0194877 B:0.0143028
(B:0.0143028,C:0.00884595):0.0194877 (D:0.034971,(B:0.0143028,C:0.00884595):0.0194877):0.0413812
(B:0.0143028,C:0.00884595):0.0194877 ((A:0.0358405,F:0.0442808):0.0785256,(D:0.034971,(B:0.0143028,C:0.00884595):0.0194877):0.0413812):0.133927
p2->1 0.0008357527 205.07019 205.07019
(B:0.0143028,C:0.00884595):0.0196501 (B:0.0143028,C:0.00884595):0.0196501
(B:0.0143028,C:0.00884595):0.0196501 (G:0.139985,((A:0.0358405,F:0.0442808):0.0785256,(D:0.0348435,(B:0.0143028,C:0.00884595):0.0196501):0.0415087):0.108482):1.6663e-15
(G:0.139985,((A:0.0358405,F:0.0442808):0.0785256,(D:0.0348435,(B:0.0143028,C:0.00884595):0.0196501):0.0415087):0.108482):1.6663e-15 ((A:0.0358405,F:0.0442808):0.0785256,(D:0.0348435,(B:0.0143028,C:0.00884595):0.0196501):0.0415087):0.108482
(G:0.139985,((A:0.0358405,F:0.0442808):0.0785256,(D:0.0348435,(B:0.0143028,C:0.00884595):0.0196501):0.0415087):0.108482):1.6663e-15 (G:0.139985,((A:0.0358405,F:0.0442808):0.0785256,(D:0.0348435,(B:0.0143028,C:0.00884595):0.0196501):0.0415087):0.108482):1.6663e-15
ln(likelihood):205.07019 
Targeting migration to vicinity of:
B B
B B
B B
B B

B B
Trying B B
((B:0.0143028,C:0.00884595):0.019486,D:0.0349719):0.0413809 ((B:0.0143028,C:0.00884595):0.019486,D:0.0349719):0.0413809
p1->2 0.099995285 205.07019 205.07019
((B:0.0143028,C:0.00884595):0.019486,D:0.0349719):0.051087 (G:0.139985,(((B:0.0143028,C:0.00884595):0.019486,D:0.0349719):0.051087,(A:0.0358405,F:0.0442808):0.0785242):0.108482):7.95427e-16
2->1 0.099995285 205.07019 205.07019
((B:0.0143028,C:0.00884595):0.019486,D:0.0349719):0.064479 (((B:0.0143028,C:0.00884595):0.019486,D:0.0349719):0.064479,(A:0.0358405,F:0.0442808):0.0664713):0.120535
((B:0.0143028,C:0.00884595):0.019486,D:0.0349719):0.064479 B:0.0143028
1->2 1.9748804e-06 205.07019 205.07019
p1->2 3.8719494e-07 205.07019 205.07019
((B:0.0143029,C:0.00884593):0.0194861,D:0.0349719):0.0413809 (B:0.0143029,C:0.00884593):0.0194861
1->2 0.099995285 205.07019 205.07019
p1->2 0.099995285 205.07019 205.07019
(G:0.139985,((A:0.0358405,F:0.0442808):0.0785242,((B:0.0143028,C:0.00884595):0.0293632,D:0.030287):0.0460658):0.108482):8.3666e-16 (G:0.139985,((A:0.0358405,F:0.0442808):0.0785242,((B:0.0143028,C:0.00884595):0.0293632,D:0.030287):0.0460658):0.108482):8.3666e-16
(G:0.139985,((A:0.0358405,F:0.0442808):0.0785242,((B:0.0143028,C:0.00884595):0.0293632,D:0.030287):0.0460658):0.108482):8.3666e-16 ((A:0.0358405,F:0.0442808):0.0785242,((B:0.0143028,C:0.00884595):0.0293632,D:0.030287):0.0460658):0.108482
1->2 0.099995285 205.07019 205.07019
((A:0.0358405,F:0.0442808):0.0785242,((B:0.0143028,C:0.00884595):0.019486,D:0.0349719):0.0413809):0.133927 (G:0.139985,((A:0.0358405,F:0.0442808):0.0785242,((B:0.0143028,C:0.00884595):0.019486,D:0.0349719):0.0413809):0.133927):1.94319e-15
((A:0.0358405,F:0.0442808):0.0785242,((B:0.0143028,C:0.00884595):0.019486,D:0.0349719):0.0413809):0.133927 ((A:0.0358405,F:0.0442808):0.0785242,((B:0.0143028,C:0.00884595):0.019486,D:0.0349719):0.0413809):0.133927
B:0.0143028 ((B:0.0143028,C:0.00884595):0.019486,D:0.0349719):0.0413809
B:0.0143028 (G:0.139985,((A:0.0358405,F:0.0442808):0.0785242,((B:0.0143028,C:0.00884595):0.019486,D:0.0349719):0.0413809):0.133927):1.94319e-15
2->1 3.6306955e-07 205.07019 205.07019
B:0.0143029 ((A:0.0358405,F:0.0442808):0.0785242,((B:0.0143029,C:0.00884591):0.0194861,D:0.0349719):0.0413809):0.108482
B:0.0143029 B:0.0143029
p1->2 7.7838007e-07 205.07019 205.07019
B:0.0143029 (B:0.0143029,C:0.00884595):0.019486
(B:0.0143029,C:0.00884595):0.019486 (D:0.0349719,(B:0.0143029,C:0.00884595):0.019486):0.0413809
(B:0.0143029,C:0.00884595):0.019486 (G:0.139985,((A:0.0358405,F:0.0442808):0.0785242,(D:0.0349719,(B:0.0143029,C:0.00884595):0.019486):0.0413809):0.108482):8.73006e-16
2->1 0.0008357527 205.07019 205.07019
(B:0.0143028,C:0.00884595):0.0196484 ((A:0.0358405,F:0.0442808):0.0785242,(D:0.0348444,(B:0.0143028,C:0.00884595):0.0196484):0.0415084):0.108482
(B:0.0143028,C:0.00884595):0.0196484 B:0.0143028
(B:0.0143028,C:0.00884595):0.0196484 (B:0.0143028,C:0.00884595):0.0196484
ln(likelihood):205.07019 
Targeting migration to vicinity of:
B B
B B
B B
B B

B B
Trying B B
B:0.0143028 B:0.0143028
p1->2 7.7838007e-07 205.07019 205.07019
B:0.0143029 (D:0.0349727,(B:0.0143029,C:0.00884595):0.0194844):0.0413806
2->1 1.9748804e-06 205.07019 205.07019
p2->1 3.8719494e-07 205.07019 205.07019
B:0.0143029 ((A:0.0358405,F:0.0442808):0.0785228,(D:0.0349727,(B:0.0143029,C:0.00884593):0.0194844):0.0413806):0.108481
p2->1 3.6306955e-07 205.07019 205.07019
B:0.0143029 (B:0.0143029,C:0.00884591):0.0194844
B:0.0143029 (G:0.139985,((A:0.0358405,F:0.0442808):0.0785228,(D:0.0349727,(B:0.0143029,C:0.00884591):0.0194844):0.0413806):0.108481):0
(D:0.0349727,(B:0.0143029,C:0.00884591):0.0194844):0.0413806 B:0.0143029
(D:0.0349727,(B:0.0143029,C:0.00884591):0.0194844):0.0413806 (D:0.0349727,(B:0.0143029,C:0.00884591):0.0194844):0.0413806
p1->2 0.099995285 205.07019 205.07019
(D:0.0349727,(B:0.0143028,C:0.00884595):0.0194844):0.0510866 ((A:0.0358405,F:0.0442808):0.0785228,(D:0.0349727,(B:0.0143028,C:0.00884595):0.0194844):0.0510866):0.108481
p2->1 0.099995285 205.07019 205.07019
(D:0.0349727,(B:0.0143028,C:0.00884595):0.0194844):0.0644786 (B:0.0143028,C:0.00884595):0.0194844
1->2 0.099995285 205.07019 205.07019
p1->2 0.099995285 205.07019 205.07019
(D:0.030288,(B:0.0143028,C:0.00884595):0.0293609):0.0460654 (G:0.139985,((A:0.0358405,F:0.0442808):0.0785228,(D:0.030288,(B:0.0143028,C:0.00884595):0.0293609):0.0460654):0.108481):9.11717e-16
((A:0.0358405,F:0.0442808):0.0785228,(D:0.030288,(B:0.0143028,C:0.00884595):0.0293609):0.0460654):0.108481 ((A:0.0358405,F:0.0442808):0.0785228,(D:0.030288,(B:0.0143028,C:0.00884595):0.0293609):0.0460654):0.108481
p1->2 0.099995285 205.07019 205.07019
((A:0.0358405,F:0.0442808):0.0785228,(D:0.0349727,(B:0.0143028,C:0.00884595):0.0194844):0.0413806):0.133926 (G:0.139985,((A:0.0358405,F:0.0442808):0.0785228,(D:0.0349727,(B:0.0143028,C:0.00884595):0.0194844):0.0413806):0.133926):8.65611e-16
(B:0.0143028,C:0.00884595):0.0194844 B:0.0143028
(B:0.0143028,C:0.00884595):0.0194844 (D:0.0349727,(B:0.0143028,C:0.00884595):0.0194844):0.0413806
(B:0.0143028,C:0.00884595):0.0194844 ((A:0.0358405,F:0.0442808):0.0785228,(D:0.0349727,(B:0.0143028,C:0.00884595):0.0194844):0.0413806):0.133926
p2->1 0.0008357527 205.07019 205.07019
(B:0.0143028,C:0.00884595):0.0196467 (B:0.0143028,C:0.00884595):0.0196467
(B:0.0143028,C:0.00884595):0.0196467 (G:0.139985,((A:0.0358405,F:0.0442808):0.0785228,(D:0.0348453,(B:0.0143028,C:0.00884595):0.0196467):0.0415081):0.108481):1.72948e-15
(G:0.139985,((A:0.0358405,F:0.0442808):0.0785228,(D:0.0348453,(B:0.0143028,C:0.00884595):0.0196467):0.0415081):0.108481):1.72948e-15 ((A:0.0358405,F:0.0442808):0.0785228,(D:0.0348453,(B:0.0143028,C:0.00884595):0.0196467):0.0415081):0.108481
(G:0.139985,((A:0.0358405,F:0.0442808):0.0785228,(D:0.0348453,(B:0.0143028,C:0.00884595):0.0196467):0.0415081):0.108481):1.72948e-15 (G:0.139985,((A:0.0358405,F:0.0442808):0.0785228,(D:0.0348453,(B:0.0143028,C:0.00884595):0.0196467):0.0415081):0.108481):1.72948e-15
ln(likelihood):205.07019 
DONE.
