
TreeMix v. 1.13
$Revision: 231 $

npop:7 nsnp:17937834
Estimating covariance matrix in 5275 blocks of size 3400
SEED: 1607917923
Starting from:
((G:0.209547,A:0.0762839):0.0444217,D:0.0444217);
Adding E [4/7]
ln(likelihood): -3025.9555 
((A:0.0751423,(G:0.139756,E:0.119563):0.102262):0.0426654,D:0.0426654);
Adding C [5/7]
ln(likelihood): -1789.885 
((A:0.0797327,(G:0.141592,E:0.121399):0.102492):0.0245059,(D:0.0403321,C:0.0266124):0.0245059);
Adding B [6/7]
ln(likelihood): -103.35812 
(((G:0.140749,E:0.120556):0.0981168,(D:0.0367135,(C:0.00957423,B:0.0150313):0.017914):0.0513661):0.0446763,A:0.0446763);
Adding F [7/7]
ln(likelihood): 202.9681 
(((G:0.139985,E:0.119792):0.0981025,(D:0.0360171,(C:0.00884593,B:0.014303):0.0178182):0.0511827):0.0266881,(A:0.0358404,F:0.0442809):0.0266881);
Testing global rearrangements
G:0.139985 D:0.0360171
-48511.62 202.9681
D:0.0360171 C:0.00884593
-1733.9905 202.9681
D:0.0360171 B:0.014303
-1733.9905 202.9681
A:0.0358404 D:0.0360171
-40562.323 202.9681
Targeting migration to vicinity of:
D E
G D
A B
B F

A C
A B
F C
F B
C A
C F
B A
B F
D G
D E
G D
E D
Trying A B
(A:0.0358404,F:0.0442809):0.0266881 B:0.014303
1->2 0.0029463528 203.28994 202.9681
2->1 0.038631834 205.85375 203.28994
p2->1 0.099995285 205.85375 205.85375
(A:0.0358404,F:0.0442809):0.0363748 (C:0.00884593,B:0.014303):0.0181696
1->2 0.099995285 205.85375 205.85375
p2->1 0.39786881 202.9681 205.85375
A:0.0358404 B:0.014303
1->2 0.0024304674 203.32462 205.85375
2->1 0.0018517675 203.06472 205.85375
p2->1 0.001643893 203.02912 205.85375
A:0.036109 (C:0.00884564,B:0.0143027):0.0178261
1->2 0.013056064 205.85375 205.85375
p2->1 0.17986722 202.9681 205.85375
Trying A C
(F:0.0325747,A:0.0675586):0.0325412 C:0.00884593
1->2 0.0029634435 203.29358 205.85375
2->1 0.038631834 205.85375 205.85375
(F:0.0442809,A:0.0358405):0.0301917 (B:0.0143028,C:0.00884609):0.0181693
A:0.0358405 C:0.00884609
1->2 0.0024445727 203.32741 205.85375
2->1 0.0017964664 203.05161 205.85375
A:0.0361371 (B:0.0142995,C:0.00884881):0.0178288
Trying B A
B:0.0142995 (F:0.0441135,A:0.0361371):0.0267659
B:0.0142995 A:0.0361371
(B:0.0142995,C:0.00884881):0.0178288 (F:0.0441135,A:0.0361371):0.0267659
(B:0.0142995,C:0.00884881):0.0178288 A:0.0361371
Trying B F
B:0.0142995 (F:0.0441135,A:0.0361371):0.0267659
B:0.0142995 F:0.0441135
1->2 0.0018068991 203.05948 205.85375
2->1 0.0023939221 203.32303 205.85375
p1->2 0.0015947899 203.02574 205.85375
(C:0.00884593,B:0.014303):0.0178254 (A:0.0356947,F:0.0445683):0.026756
(C:0.00884593,B:0.014303):0.0178254 F:0.0445683
2->1 0.013056064 205.85375 205.85375
p1->2 0.0008357527 202.9681 205.85375
Trying C A
C:0.00884593 (A:0.0357958,F:0.0443997):0.0267105
C:0.00884593 A:0.0357958
(C:0.00884593,B:0.014303):0.0178182 (A:0.0357958,F:0.0443997):0.0267105
(C:0.00884593,B:0.014303):0.0178182 A:0.0357958
Trying C F
C:0.00884593 (A:0.0357958,F:0.0443997):0.0267105
C:0.00884593 F:0.0443997
1->2 0.0017529356 203.04702 205.85375
2->1 0.0024164431 203.32573 205.85375
(B:0.0140901,C:0.00910182):0.0179677 (A:0.0358216,F:0.0442994):0.0267176
(B:0.0140901,C:0.00910182):0.0179677 F:0.0442994
Trying D E
D:0.0359113 (G:0.139985,E:0.119792):0.0980439
1->2 0.099995285 205.85375 205.85375
2->1 0.099995285 205.85375 205.85375
p2->1 4.0751289e-05 202.96809 205.85375
D:0.0360221 E:0.119792
1->2 0.0026712604 203.15281 205.85375
2->1 0.0071536894 205.85375 205.85375
p1->2 4.0751289e-05 202.9681 205.85375
Trying D G
D:0.0360171 (G:0.139981,E:0.119806):0.0981065
D:0.0360171 G:0.139981
1->2 0.0029740555 203.20202 205.85375
2->1 0.0071536894 205.85375 205.85375
p1->2 0.3970964 202.9681 205.85375
Trying E D
(E:0.0551782,G:0.492283):0.162717 D:0.0360171
E:0.0551782 D:0.0360171
Trying F B
(A:0.0358404,F:0.0442809):0.0266881 B:0.014303
(A:0.0358404,F:0.0442809):0.0266881 (B:0.014303,C:0.00884593):0.0178182
F:0.0442809 B:0.014303
F:0.0442809 (B:0.014303,C:0.00884593):0.0178182
Trying F C
(A:0.0358404,F:0.0442809):0.0266881 C:0.00884593
(A:0.0358404,F:0.0442809):0.0266881 (B:0.014303,C:0.00884593):0.0178182
F:0.0442809 C:0.00884593
F:0.0442809 (B:0.014303,C:0.00884593):0.0178182
Trying G D
(E:0.0551782,G:0.492283):0.162717 D:0.0360171
G:0.492283 D:0.0360171
Migration added
Local updates around node 1: 0 ln(lk):205.85375 
Local updates around node 2: 0 ln(lk):205.85375 
Updates in migration position: 0 ln(lk):205.85375 
Switches in migration direction: 0 ln(lk):205.85375 
ln(likelihood):205.85375 
DONE.
