
TreeMix v. 1.13
$Revision: 231 $

npop:7 nsnp:17937834
Estimating covariance matrix in 7474 blocks of size 2400
SEED: 1607918352
Starting from:
((F:0.0162143,A:0.00777546):0.147223,E:0.147223);
Adding D [4/7]
ln(likelihood): -9611.2458 
(((F:0.0449284,A:0.0364895):0.0639018,E:0.19404):0.0429571,D:0.0429571);
Adding B [5/7]
ln(likelihood): -9566.0549 
(((F:0.0477017,A:0.0392628):0.0611053,E:0.200605):0.0237525,(D:0.0442508,B:0.0358132):0.0237525);
Adding G [6/7]
ln(likelihood): 140.964 
(B:0.0160435,(D:0.0361198,((F:0.044405,A:0.0359662):0.0534641,(E:0.11996,G:0.140152):0.0980216):0.0513026):0.0160435);
Adding C [7/7]
ln(likelihood): 206.57152 
(B:0.00715119,((D:0.0360147,((F:0.0442809,A:0.0358421):0.0533704,(E:0.119789,G:0.139981):0.0981153):0.0511793):0.0178168,C:0.00884557):0.00715119);
Testing global rearrangements
B:0.00715119 F:0.0442809
-84682.818 206.57152
B:0.00715119 (F:0.0442809,A:0.0358421):0.0533704
-49842.502 206.57152
B:0.00715119 A:0.0358421
-84682.818 206.57152
D:0.0360147 B:0.00715119
-2514.4325 206.57152
D:0.0360147 E:0.119789
-72348.788 206.57152
D:0.0360147 (E:0.119789,G:0.139981):0.0981153
-27547.366 206.57152
D:0.0360147 G:0.139981
-72348.788 206.57152
F:0.0442809 E:0.119789
-57717.9 206.57152
F:0.0442809 (E:0.119789,G:0.139981):0.0981153
-19984.817 206.57152
F:0.0442809 G:0.139981
-57717.9 206.57152
(F:0.0442809,A:0.0358421):0.0533704 B:0.00715119
-52843.512 206.57152
(F:0.0442809,A:0.0358421):0.0533704 C:0.00884557
-52843.512 206.57152
A:0.0358421 E:0.119789
-57645.194 206.57152
A:0.0358421 (E:0.119789,G:0.139981):0.0981153
-19984.817 206.57152
A:0.0358421 G:0.139981
-57645.194 206.57152
C:0.00884557 F:0.0442809
-84743.177 206.57152
C:0.00884557 (F:0.0442809,A:0.0358421):0.0533704
-49836.831 206.57152
C:0.00884557 A:0.0358421
-84743.177 206.57152
Targeting migration to vicinity of:
E D
D G
A C
A B

A B
A C
F B
F C
A B
A C
F B
F C
D E
D G
E D
G D
Trying A B
(F:0.0442809,A:0.0358421):0.0533704 B:0.00715119
1->2 0.0029463528 207.02531 206.57152
2->1 0.038631834 210.63901 207.02531
p1->2 0.099995285 206.57152 210.63901
A:0.0358421 B:0.00992827
1->2 0.0024304674 207.0742 210.63901
2->1 0.0018625207 206.70779 210.63901
Trying A C
(F:0.0441054,A:0.0361518):0.0535333 C:0.00883994
1->2 0.0029634435 207.03042 210.63901
2->1 0.038631834 210.63901 210.63901
p1->2 0.016859977 206.57152 210.63901
p2->1 0.038631834 210.63901 210.63901
A:0.0358421 C:0.00884538
1->2 0.0024445727 207.07811 210.63901
2->1 0.0018068991 206.6893 210.63901
p2->1 0.0018625207 206.70779 210.63901
Trying D E
D:0.0360032 (E:0.119789,G:0.139981):0.0980522
1->2 0.051593695 210.63902 210.63901
2->1 0.016859977 210.63902 210.63902
p1->2 4.0751289e-05 206.57152 210.63902
D:0.0360147 E:0.119789
1->2 0.0026558505 206.8321 210.63902
2->1 0.0071536894 210.63901 210.63902
p1->2 4.0751289e-05 206.57154 210.63902
Trying D G
D:0.0360147 G:0.139976
1->2 0.0029634435 206.90124 210.63902
2->1 0.0071536894 210.63901 210.63902
p1->2 6.2255936e-07 206.57152 210.63902
D:0.0360147 (E:0.119789,G:0.139981):0.0981154
Trying E D
(E:0.119789,G:0.139981):0.0981154 D:0.0360147
E:0.119789 D:0.0360147
Trying F B
(F:0.0442809,A:0.0358421):0.0533703 B:0.00715119
F:0.0442809 B:0.00715119
1->2 0.0023939221 207.07196 210.63902
2->1 0.0018068991 206.70041 210.63902
Trying F C
(A:0.0356718,F:0.0446119):0.0535285 C:0.0088401
F:0.0446119 C:0.0088401
1->2 0.0024164431 207.07575 210.63902
2->1 0.0017529356 206.68285 210.63902
p2->1 0.0018068991 206.70041 210.63902
Trying G D
G:0.139981 D:0.0360035
(E:0.119789,G:0.139981):0.098054 D:0.0360035
Migration added
Local updates around node 1: 0 ln(lk):210.63902 
Local updates around node 2: 0 ln(lk):210.63902 
Updates in migration position: 0 ln(lk):210.63902 
Switches in migration direction: 0 ln(lk):210.63902 
ln(likelihood):210.63902 
Targeting migration to vicinity of:
D C
E B
B G
A B

D C
C D
Trying C D
C:0.00884557 D:0.0442265
1->2 0.099995285 210.63902 210.63902
2->1 0.099995285 210.63902 210.63902
p1->2 0.099995285 210.63902 210.63902
Trying D C
D:0.0572493 C:0.00884557
Migration added
Local updates around node 1: 0 ln(lk):210.63902 
Local updates around node 2: 0 ln(lk):210.63902 
Updates in migration position: 0 ln(lk):210.63902 
Switches in migration direction: 0 ln(lk):210.63902 
ln(likelihood):210.63902 
Targeting migration to vicinity of:
A E
E D
E E
E B

A E
E D
Trying A E
A:0.0358421 E:0.119789
1->2 3.3026194e-07 210.63902 210.63902
2->1 3.3026194e-07 210.63902 210.63902
p1->2 8.3010218e-07 210.63902 210.63902
p2->1 3.9084634e-07 210.63902 210.63902
Trying E D
E:0.119789 D:0.0572491
1->2 0.0008357527 210.63902 210.63902
2->1 3.8719494e-07 210.63902 210.63902
p2->1 3.8719494e-07 210.63902 210.63902
ln(likelihood):210.63902 
Targeting migration to vicinity of:
A E
E D
E E
A E

A E
E D
Trying A E
A:0.0358421 E:0.119789
1->2 3.3026194e-07 210.63902 210.63902
2->1 3.3026194e-07 210.63902 210.63902
p1->2 8.3010218e-07 210.63902 210.63902
p2->1 3.9084634e-07 210.63902 210.63902
Trying E D
E:0.119789 D:0.0443186
1->2 0.0008357527 210.63902 210.63902
2->1 3.8719494e-07 210.63902 210.63902
p2->1 3.8719494e-07 210.63902 210.63902
ln(likelihood):210.63902 
DONE.
