
TreeMix v. 1.13
$Revision: 231 $

npop:7 nsnp:17937834
Estimating covariance matrix in 11211 blocks of size 1600
SEED: 1607918630
Starting from:
((A:0.0804168,G:0.213875):0.0374125,C:0.0374125);
Adding F [4/7]
ln(likelihood): -9395.9999 
((G:0.215766,(A:0.0367859,F:0.0452247):0.0662767):0.0366875,C:0.0366875);
Adding E [5/7]
ln(likelihood): -4524.4041 
(((A:0.0377128,F:0.0461516):0.0544947,(G:0.141793,E:0.121601):0.0994739):0.0393,C:0.0393);
Adding D [6/7]
ln(likelihood): 71.658849 
(C:0.0132262,(((A:0.0361076,F:0.0445464):0.0534641,(G:0.140293,E:0.120101):0.0980216):0.0514761,D:0.0362014):0.0132262);
Adding B [7/7]
ln(likelihood): 210.11892 
((C:0.00884557,(((A:0.0358421,F:0.0442809):0.0533704,(G:0.139981,E:0.119789):0.0981153):0.0511793,D:0.0360147):0.0178168):0.00715119,B:0.00715119);
Testing global rearrangements
C:0.00884557 A:0.0358421
-125864.9 210.11892
C:0.00884557 (A:0.0358421,F:0.0442809):0.0533704
-74043.721 210.11892
C:0.00884557 F:0.0442809
-125864.9 210.11892
A:0.0358421 G:0.139981
-85877.15 210.11892
A:0.0358421 (G:0.139981,E:0.119789):0.0981153
-29804.469 210.11892
A:0.0358421 E:0.119789
-85877.15 210.11892
(A:0.0358421,F:0.0442809):0.0533704 C:0.00884557
-78571.744 210.11892
(A:0.0358421,F:0.0442809):0.0533704 B:0.00715119
-78571.744 210.11892
F:0.0442809 G:0.139981
-85981.614 210.11892
F:0.0442809 (G:0.139981,E:0.119789):0.0981153
-29804.469 210.11892
F:0.0442809 E:0.119789
-85981.614 210.11892
D:0.0360147 F:0.0442809
-86154.229 210.11892
B:0.00715119 D:0.0360147
-3821.5025 210.11892
DONE.
