
TreeMix v. 1.13
$Revision: 231 $

npop:7 nsnp:17937834
Estimating covariance matrix in 17937 blocks of size 1000
SEED: 1607918213
Starting from:
((D:0.0307219,C:0.0151075):0.0782681,A:0.0782681);
Adding E [4/7]
ln(likelihood): -19984.384 
((D:0.0524485,C:0.037817):0.0256812,(A:0.0822808,E:0.197652):0.0256812);
Adding G [5/7]
ln(likelihood): -6176.8317 
((D:0.0403299,C:0.0266112):0.0245047,(A:0.0797302,(E:0.121396,G:0.141589):0.102501):0.0245047);
Adding B [6/7]
ln(likelihood): -682.91218 
(A:0.0446747,((E:0.120554,G:0.140746):0.0981263,(D:0.0367116,(C:0.00957391,B:0.0150308):0.0179132):0.0513635):0.0446747);
Adding F [7/7]
ln(likelihood): 212.95774 
((A:0.0358415,((E:0.11979,G:0.139982):0.098112,(D:0.0360153,(C:0.00884569,B:0.0143026):0.0178173):0.0511802):0.0533719):0.0221404,F:0.0221404);
Testing global rearrangements
A:0.0358415 C:0.00884569
-200037.57 212.95774
A:0.0358415 (C:0.00884569,B:0.0143026):0.0178173
-135078.21 212.95774
A:0.0358415 B:0.0143026
-200037.57 212.95774
A:0.0358415 F:0.0221404
212.95774 212.95774
E:0.11979 D:0.0360153
-162277.98 212.95774
E:0.11979 F:0.0221404
-129491.63 212.95774
D:0.0360153 A:0.0358415
-136587.93 212.95774
D:0.0360153 ((E:0.11979,G:0.139982):0.098112,(D:0.0360153,(C:0.00884569,B:0.0143026):0.0178173):0.0511802):0.0533719
-65373.765 212.95774
D:0.0360153 F:0.0221404
-136587.93 212.95774
C:0.00884569 E:0.11979
-247124.6 212.95774
C:0.00884569 D:0.0360153
-6150.1803 212.95774
F:0.0221404 A:0.0358415
212.95774 212.95774
F:0.0221404 E:0.11979
-136103.14 212.95774
F:0.0221404 D:0.0360153
-134869.4 212.95774
Targeting migration to vicinity of:
D E
D G
C A
A B

A C
A B
F C
F B
C A
C F
B A
B F
D E
D G
D E
D G
Trying A B
A:0.0358415 B:0.0143026
1->2 0.0024304674 214.14497 212.95774
2->1 0.0018625207 213.28015 214.14497
p1->2 0.0023939221 214.13974 214.14497
p2->1 0.001643893 213.16138 214.14497
A:0.03611 (C:0.0088454,B:0.0143023):0.0178253
1->2 0.013056064 222.57012 214.14497
p1->2 0.013056064 222.57012 222.57012
p2->1 0.0075278822 212.95774 222.57012
Trying A C
A:0.0367951 (C:0.00884569,B:0.0143026):0.0178173
A:0.0367951 C:0.00884569
1->2 0.0024304674 214.15476 222.57012
2->1 0.0018068991 213.23645 222.57012
p1->2 0.0024164431 214.14923 222.57012
Trying B A
B:0.0140897 A:0.0358226
(B:0.0140897,C:0.00910156):0.0179668 A:0.0358226
Trying B F
B:0.0140897 F:0.0028258
1->2 0.0018068991 213.2629 222.57012
2->1 0.0023939221 214.13974 222.57012
p1->2 0.0016040532 213.15028 222.57012
(C:0.00884569,B:0.0143026):0.0178245 F:0.022285
2->1 0.013056064 222.57012 222.57012
p1->2 0.12586832 212.95774 222.57012
Trying C A
(C:0.00884569,B:0.0143026):0.0178173 A:0.0281563
C:0.00884569 A:0.0281563
Trying C F
(C:0.00884569,B:0.0143026):0.0178173 F:0.0333715
C:0.00884569 F:0.0333715
1->2 0.0017529356 213.22135 222.57012
2->1 0.0024164431 214.14923 222.57012
Trying D E
D:0.0359095 (E:0.11979,G:0.139982):0.0980534
1->2 0.056945603 222.57012 222.57012
2->1 0.010928518 222.57012 222.57012
p2->1 4.0751289e-05 212.95771 222.57012
D:0.0360203 E:0.11979
1->2 0.0026712604 213.57554 222.57012
2->1 0.0071536894 222.57011 222.57012
p1->2 4.0751289e-05 212.95774 222.57012
Trying D G
D:0.0360153 G:0.139978
1->2 0.0029740555 213.73676 222.57012
2->1 0.0071536894 222.57011 222.57012
p1->2 0.3970964 212.95774 222.57012
D:0.0360153 (E:0.0551694,G:0.492284):0.162732
Trying F B
F:0.0221404 B:0.0143026
F:0.0221404 (B:0.0143026,C:0.00884569):0.0178173
Trying F C
F:0.0221404 (B:0.0143026,C:0.00884569):0.0178173
F:0.0221404 C:0.00884569
Migration added
Local updates around node 1: 0 ln(lk):222.57012 
Local updates around node 2: 0 ln(lk):222.57012 
Updates in migration position: 0 ln(lk):222.57012 
Switches in migration direction: 0 ln(lk):222.57012 
ln(likelihood):222.57012 
Targeting migration to vicinity of:
D A
E F
G F
C F

D A
D A
Trying D A
D:0.0379176 A:0.0358415
1->2 3.0968394e-07 222.57012 222.57012
2->1 0.0008357527 222.57012 222.57012
p1->2 0.0008357527 222.57012 222.57012
p2->1 0.0008357527 222.57012 222.57012
Migration added
Local updates around node 1: 0 ln(lk):222.57012 
Local updates around node 2: 0 ln(lk):222.57012 
Updates in migration position: 0 ln(lk):222.57012 
Switches in migration direction: 0 ln(lk):222.57012 
ln(likelihood):222.57012 
Targeting migration to vicinity of:
D A
E F
G F
C F

D A
D A
Trying D A
D:0.0380701 A:0.0358415
1->2 3.0968394e-07 222.57012 222.57012
2->1 0.0008357527 222.57012 222.57012
p1->2 4.7680956e-07 222.57012 222.57012
Migration added
Local updates around node 1: 0 ln(lk):222.57012 
Local updates around node 2: 0 ln(lk):222.57012 
Updates in migration position: 0 ln(lk):222.57012 
Switches in migration direction: 0 ln(lk):222.57012 
ln(likelihood):222.57012 
DONE.
