
TreeMix v. 1.13
$Revision: 231 $

npop:7 nsnp:17937834
Estimating covariance matrix in 5275 blocks of size 3400
SEED: 1607918493
Starting from:
(A:0.0870332,(B:0.012221,C:0.00676392):0.0870332);
Adding F [4/7]
ln(likelihood): -11313.661 
((B:0.0153567,C:0.00989966):0.0657192,(A:0.0451151,F:0.0535556):0.0657192);
Adding D [5/7]
ln(likelihood): -22127.463 
((A:0.0417859,F:0.0502263):0.0549638,((B:0.0207631,C:0.0153061):0.0182591,D:0.0428734):0.0549638);
Adding E [6/7]
ln(likelihood): -1187.8411 
(((A:0.0369763,F:0.0454167):0.0533683,((B:0.0154681,C:0.010011):0.0177223,D:0.0372142):0.0510952):0.11047,E:0.11047);
Adding G [7/7]
ln(likelihood): 202.9681 
(((A:0.0358404,F:0.0442809):0.0533763,(E:0.119792,G:0.139985):0.0981025):0.0255914,((B:0.014303,C:0.00884593):0.0178182,D:0.0360171):0.0255914);
Testing global rearrangements
A:0.0358404 ((A:0.0358404,F:0.0442809):0.0533763,(E:0.119792,G:0.139985):0.0981025):0.0255914
-14136.571 202.9681
A:0.0358404 B:0.014303
-60430.169 202.9681
A:0.0358404 (B:0.014303,C:0.00884593):0.0178182
-40562.323 202.9681
A:0.0358404 C:0.00884593
-60430.169 202.9681
E:0.119792 A:0.0358404
-38882.185 202.9681
B:0.014303 A:0.0358404
-60152.515 202.9681
B:0.014303 (A:0.0358404,F:0.0442809):0.0533763
-35392.857 202.9681
B:0.014303 F:0.0442809
-60152.515 202.9681
B:0.014303 ((B:0.014303,C:0.00884593):0.0178182,D:0.0360171):0.0255914
-1733.9905 202.9681
D:0.0360171 A:0.0358404
-40999.576 202.9681
D:0.0360171 (A:0.0358404,F:0.0442809):0.0533763
-19492.093 202.9681
D:0.0360171 F:0.0442809
-40999.576 202.9681
D:0.0360171 ((A:0.0358404,F:0.0442809):0.0533763,(E:0.119792,G:0.139985):0.0981025):0.0255914
202.9681 202.9681
D:0.0360171 E:0.119792
-51244.792 202.9681
D:0.0360171 (E:0.119792,G:0.139985):0.0981025
-19492.093 202.9681
D:0.0360171 G:0.139985
-51244.792 202.9681
Targeting migration to vicinity of:
D E
D G
A B
B F

A B
A C
F B
F C
B A
B F
C A
C F
D E
D G
D E
D G
Trying A B
(A:0.0358404,F:0.0442809):0.0533763 (B:0.014303,C:0.00884593):0.0178182
1->2 0.099995285 205.85375 202.9681
2->1 0.099995285 205.85375 205.85375
p1->2 0.3970964 202.9681 205.85375
p2->1 0.10342383 202.9681 205.85375
(A:0.0358404,F:0.0442809):0.0664009 B:0.014303
1->2 0.0029463528 203.28994 205.85375
2->1 0.038631834 205.85375 205.85375
p1->2 0.051593695 202.9681 205.85375
A:0.0358404 (C:0.00787661,B:0.0169235):0.0187875
1->2 0.013056064 205.85375 205.85375
2->1 0.001643893 203.02912 205.85375
p2->1 0.04230709 202.9681 205.85375
A:0.0415391 B:0.014303
1->2 0.0024304674 203.32462 205.85375
2->1 0.0018625207 203.06472 205.85375
Trying A C
(F:0.0441053,A:0.0361501):0.0535392 C:0.0088403
1->2 0.0029634435 203.29358 205.85375
2->1 0.038631834 205.85375 205.85375
p1->2 5.2605753e-07 202.9681 205.85375
(F:0.0442809,A:0.0358404):0.0533763 (B:0.014303,C:0.00884595):0.0178182
A:0.0358404 C:0.00884595
1->2 0.0024445727 203.32741 205.85375
2->1 0.0018068991 203.05161 205.85375
A:0.0361389 (B:0.0142995,C:0.00884883):0.0178289
Trying B A
(B:0.0142995,C:0.00884883):0.0178289 (F:0.0441125,A:0.0361389):0.0535327
(B:0.0142995,C:0.00884883):0.0178289 A:0.0361389
B:0.0142995 (F:0.0441125,A:0.0361389):0.0535327
B:0.0142995 A:0.0361389
Trying B F
(B:0.0142995,C:0.00884883):0.0178289 (F:0.0441125,A:0.0361389):0.0535327
(B:0.0142995,C:0.00884883):0.0178289 F:0.0441125
1->2 0.0015947899 203.02574 205.85375
2->1 0.013056064 205.85375 205.85375
p1->2 0.052354887 202.9681 205.85375
B:0.014303 (A:0.0328916,F:0.0524206):0.0563252
B:0.014303 F:0.0524206
1->2 0.0018068991 203.05948 205.85375
2->1 0.0023939221 203.32303 205.85375
Trying C A
C:0.00863465 (A:0.0358214,F:0.0442996):0.053435
C:0.00863465 A:0.0358214
(C:0.00863465,B:0.0145831):0.0179665 (A:0.0358214,F:0.0442996):0.053435
(C:0.00863465,B:0.0145831):0.0179665 A:0.0358214
Trying C F
C:0.00863465 (A:0.0358214,F:0.0442996):0.053435
C:0.00863465 F:0.0442996
1->2 0.0017529356 203.04702 205.85375
2->1 0.0024164431 203.32573 205.85375
(B:0.0140901,C:0.00910182):0.0179677 (A:0.0358216,F:0.0442994):0.0534352
(B:0.0140901,C:0.00910182):0.0179677 F:0.0442994
Trying D E
D:0.0359113 E:0.119792
1->2 0.0026558505 203.15281 205.85375
2->1 0.0071536894 205.85375 205.85375
p1->2 0.0012983129 202.9681 205.85375
p2->1 0.099995285 205.85375 205.85375
D:0.0511741 (G:0.139985,E:0.119792):0.0983368
1->2 0.099995285 205.85375 205.85375
p1->2 0.00086769956 202.9681 205.85375
p2->1 0.016859977 202.9681 205.85375
Trying D G
D:0.037263 G:0.139985
1->2 0.0029634435 203.20203 205.85375
2->1 0.0071536894 205.85375 205.85375
p1->2 0.17986722 202.9681 205.85375
D:0.0360171 (E:0.0982771,G:0.234354):0.119618
Trying F B
(A:0.0358404,F:0.0442809):0.0533763 (B:0.014303,C:0.00884593):0.0178182
(A:0.0358404,F:0.0442809):0.0533763 B:0.014303
F:0.0442809 (B:0.014303,C:0.00884593):0.0178182
F:0.0442809 B:0.014303
Trying F C
(A:0.0358404,F:0.0442809):0.0533763 C:0.00884593
(A:0.0358404,F:0.0442809):0.0533763 (B:0.014303,C:0.00884593):0.0178182
F:0.0442809 C:0.00884593
F:0.0442809 (B:0.014303,C:0.00884593):0.0178182
Migration added
Local updates around node 1: 0 ln(lk):205.85375 
Local updates around node 2: 0 ln(lk):205.85375 
Updates in migration position: 0 ln(lk):205.85375 
Switches in migration direction: 0 ln(lk):205.85375 
ln(likelihood):205.85375 
Targeting migration to vicinity of:
B B
B B
B B
B B

ln(likelihood):205.85375 
Targeting migration to vicinity of:
B B
B B
B B
B B

ln(likelihood):205.85375 
Targeting migration to vicinity of:
B B
B B
B B
B B

ln(likelihood):205.85375 
Targeting migration to vicinity of:
B B
B B
B B
B B

ln(likelihood):205.85375 
DONE.
