
TreeMix v. 1.13
$Revision: 231 $

npop:7 nsnp:17937834
Estimating covariance matrix in 14948 blocks of size 1200
SEED: 1607918072
Starting from:
(F:0.0913908,(C:0.0044152,B:0.00987201):0.0913908);
Adding D [4/7]
ln(likelihood): -27007.241 
(F:0.0835469,((C:0.0126856,B:0.0181425):0.0182188,D:0.0401246):0.0835469);
Adding E [5/7]
ln(likelihood): -29215.777 
(F:0.0481764,(((C:0.0100163,B:0.0154732):0.0178168,D:0.0371855):0.0616586,E:0.194546):0.0481764);
Adding G [6/7]
ln(likelihood): -186.56499 
(F:0.0489671,(((C:0.00934988,B:0.0148067):0.0179126,D:0.0364871):0.0512687,(E:0.120323,G:0.140515):0.0981234):0.0489671);
Adding A [7/7]
ln(likelihood): 212.06494 
((((C:0.00884557,B:0.0143024):0.0178168,D:0.0360147):0.0511793,(E:0.119789,G:0.139981):0.0981153):0.0266852,(F:0.0442809,A:0.0358421):0.0266852);
Testing global rearrangements
C:0.00884557 D:0.0360147
-5131.0539 212.06494
C:0.00884557 F:0.0442809
-166891.83 212.06494
C:0.00884557 (F:0.0442809,A:0.0358421):0.0266852
-98214.133 212.06494
C:0.00884557 A:0.0358421
-166891.83 212.06494
D:0.0360147 C:0.00884557
-5131.0539 212.06494
D:0.0360147 E:0.119789
-143403.3 212.06494
D:0.0360147 (E:0.119789,G:0.139981):0.0981153
-54682.689 212.06494
D:0.0360147 G:0.139981
-143403.3 212.06494
E:0.119789 F:0.0442809
-108462.2 212.06494
E:0.119789 (F:0.0442809,A:0.0358421):0.0266852
-66877.859 212.06494
E:0.119789 A:0.0358421
-108462.2 212.06494
F:0.0442809 C:0.00884557
-167306.52 212.06494
F:0.0442809 (C:0.00884557,B:0.0143024):0.0178168
-112972.49 212.06494
F:0.0442809 B:0.0143024
-167306.52 212.06494
F:0.0442809 ((C:0.00884557,B:0.0143024):0.0178168,D:0.0360147):0.0511793
-39544.509 212.06494
F:0.0442809 D:0.0360147
-112972.49 212.06494
(F:0.0442809,A:0.0358421):0.0266852 E:0.119789
-66877.859 212.06494
A:0.0358421 C:0.00884557
-167762.62 212.06494
A:0.0358421 (C:0.00884557,B:0.0143024):0.0178168
-113147.57 212.06494
A:0.0358421 B:0.0143024
-167762.62 212.06494
A:0.0358421 ((C:0.00884557,B:0.0143024):0.0178168,D:0.0360147):0.0511793
-39544.509 212.06494
A:0.0358421 D:0.0360147
-113147.57 212.06494
Targeting migration to vicinity of:
D E
D G
F C
B A

C F
C A
B F
B A
D E
D G
D E
D G
F C
F B
A C
A B
Trying A B
A:0.0358421 B:0.0143024
1->2 0.0024304674 213.05879 212.06494
2->1 0.0018625207 212.3347 213.05879
p1->2 0.0029463528 212.96197 213.05879
p2->1 0.001643893 212.23531 213.05879
A:0.0361106 (C:0.00884528,B:0.0143021):0.0178247
1->2 0.013056064 220.11026 213.05879
p1->2 0.099995285 220.11026 220.11026
p2->1 4.8053906e-05 212.06494 220.11026
(F:0.0442784,A:0.0358481):0.0266865 B:0.0143024
2->1 0.038631834 220.11025 220.11026
p2->1 0.099995285 220.11026 220.11026
(F:0.0442809,A:0.0358421):0.0363709 (C:0.00884557,B:0.0143024):0.0181682
p2->1 0.099995285 212.06494 220.11026
Trying A C
A:0.0358421 C:0.00884557
1->2 0.0024445727 213.06683 220.11026
2->1 0.0018068991 212.29812 220.11026
p1->2 0.0029634435 212.97237 220.11026
A:0.0358421 (B:0.0140641,C:0.0091368):0.0179858
(F:0.0442809,A:0.0358421):0.0267116 C:0.0091368
2->1 0.038631834 220.11025 220.11026
(F:0.0442809,A:0.0358421):0.0301884 (B:0.0143022,C:0.00884571):0.0181678
Trying B A
B:0.0143022 A:0.0358421
B:0.0143022 (F:0.0442809,A:0.0358421):0.0301884
(B:0.0143022,C:0.00884571):0.0181678 A:0.0358421
(B:0.0143022,C:0.00884571):0.0181678 (F:0.0442809,A:0.0358421):0.0301884
Trying B F
B:0.0143022 F:0.0442809
1->2 0.0018068991 212.32026 220.11026
2->1 0.0023939221 213.05439 220.11026
p1->2 0.0016040532 212.22603 220.11026
B:0.0143024 (A:0.0356955,F:0.0445701):0.0267534
(C:0.00884557,B:0.0143024):0.017824 F:0.0445701
2->1 0.013056064 220.11026 220.11026
p1->2 0.0008357527 212.06494 220.11026
(C:0.00884557,B:0.0143024):0.0178168 (A:0.0357975,F:0.0443997):0.0267075
Trying C A
C:0.00884557 A:0.0357975
C:0.00884557 (A:0.0357975,F:0.0443997):0.0267075
(C:0.00884557,B:0.0143024):0.0178168 A:0.0357975
(C:0.00884557,B:0.0143024):0.0178168 (A:0.0357975,F:0.0443997):0.0267075
Trying C F
C:0.00884557 F:0.0443997
1->2 0.0017529356 212.28549 220.11026
2->1 0.0024164431 213.06218 220.11026
C:0.00910144 (A:0.0358232,F:0.0442994):0.0267146
(B:0.0140895,C:0.00910144):0.0179662 F:0.0442994
(B:0.0140895,C:0.00910144):0.0179662 (A:0.0358232,F:0.0442994):0.0267146
Trying D E
D:0.0359089 E:0.119789
1->2 0.0026712604 212.58167 220.11026
2->1 0.0071536894 220.11025 220.11026
p1->2 4.0751289e-05 212.06494 220.11026
p2->1 0.099995285 220.11026 220.11026
D:0.0511707 (G:0.139981,E:0.119789):0.0983496
1->2 0.099995285 220.11026 220.11026
p2->1 4.0751289e-05 212.06492 220.11026
Trying D G
D:0.0360198 (G:0.139981,E:0.119789):0.0981153
D:0.0360198 G:0.139981
1->2 0.0029740555 212.71706 220.11026
2->1 0.0071536894 220.11025 220.11026
p1->2 0.10115437 212.06494 220.11026
Trying F B
F:0.0442809 B:0.0143024
F:0.0442809 (B:0.0143024,C:0.00884557):0.0178168
(A:0.0358421,F:0.0442809):0.0266852 B:0.0143024
(A:0.0358421,F:0.0442809):0.0266852 (B:0.0143024,C:0.00884557):0.0178168
Trying F C
F:0.0442809 C:0.00884557
F:0.0442809 (B:0.0143024,C:0.00884557):0.0178168
(A:0.0358421,F:0.0442809):0.0266852 C:0.00884557
(A:0.0358421,F:0.0442809):0.0266852 (B:0.0143024,C:0.00884557):0.0178168
Migration added
Local updates around node 1: 0 ln(lk):220.11026 
Local updates around node 2: 0 ln(lk):220.11026 
Updates in migration position: 0 ln(lk):220.11026 
Switches in migration direction: 0 ln(lk):220.11026 
ln(likelihood):220.11026 
Targeting migration to vicinity of:
B E
F E
B G
C G

C G
B E
B G
C G
B E
B G
C G
B E
B G
F E
Trying B E
B:0.0143024 E:0.119789
1->2 3.0968394e-07 220.11026 220.11026
2->1 3.0968394e-07 220.11026 220.11026
p1->2 3.0968394e-07 220.11026 220.11026
p2->1 3.8719494e-07 220.11026 220.11026
B:0.0143024 (G:0.139981,E:0.119789):0.0976468
1->2 0.099995285 220.11026 220.11026
p1->2 0.099995285 220.11026 220.11026
p2->1 3.8719494e-07 220.11026 220.11026
Trying B G
B:0.0143024 G:0.139981
1->2 3.0968394e-07 220.11026 220.11026
2->1 3.0968394e-07 220.11026 220.11026
p1->2 3.0968394e-07 220.11026 220.11026
B:0.0143024 (E:0.119789,G:0.139981):0.0976469
(C:0.00884557,B:0.0143024):0.0287037 G:0.139981
2->1 0.0008357527 220.11026 220.11026
p1->2 0.099995285 220.11026 220.11026
p2->1 0.099995285 220.11026 220.11026
Trying C G
(C:0.00884557,B:0.0143024):0.0443786 G:0.139981
C:0.00884557 G:0.139981
1->2 3.0968394e-07 220.11026 220.11026
2->1 3.0968394e-07 220.11026 220.11026
p2->1 3.8719494e-07 220.11026 220.11026
Trying F E
F:0.0442809 E:0.119789
1->2 3.0968394e-07 220.11026 220.11026
2->1 3.0968394e-07 220.11026 220.11026
p1->2 3.0968394e-07 220.11026 220.11026
p2->1 3.6306955e-07 220.11026 220.11026
(A:0.0358421,F:0.044281):0.0503246 E:0.119789
2->1 0.099995285 220.11026 220.11026
p2->1 0.099995285 220.11026 220.11026
ln(likelihood):220.11026 
DONE.
