
TreeMix v. 1.13
$Revision: 231 $

npop:7 nsnp:17937834
Estimating covariance matrix in 29896 blocks of size 600
SEED: 1607918352
Starting from:
((F:0.0162143,A:0.00777546):0.147223,E:0.147223);
Adding D [4/7]
ln(likelihood): -36522.42 
(((F:0.0449284,A:0.0364895):0.0639018,E:0.19404):0.0429571,D:0.0429571);
Adding B [5/7]
ln(likelihood): -37170.412 
(((F:0.0477017,A:0.0392628):0.0611053,E:0.200605):0.0237525,(D:0.0442508,B:0.0358132):0.0237525);
Adding G [6/7]
ln(likelihood): 109.73131 
(B:0.0160435,(D:0.0361198,((F:0.044405,A:0.0359662):0.0534641,(E:0.11996,G:0.140152):0.0980216):0.0513026):0.0160435);
Adding C [7/7]
ln(likelihood): 213.61788 
(B:0.00715119,((D:0.0360147,((F:0.0442809,A:0.0358421):0.0533704,(E:0.119789,G:0.139981):0.0981153):0.0511793):0.0178168,C:0.00884557):0.00715119);
Testing global rearrangements
B:0.00715119 F:0.0442809
-323492.21 213.61788
B:0.00715119 (F:0.0442809,A:0.0358421):0.0533704
-190640.11 213.61788
B:0.00715119 A:0.0358421
-323492.21 213.61788
D:0.0360147 B:0.00715119
-10117.525 213.61788
D:0.0360147 E:0.119789
-281439.69 213.61788
D:0.0360147 (E:0.119789,G:0.139981):0.0981153
-107329.67 213.61788
D:0.0360147 G:0.139981
-281439.69 213.61788
F:0.0442809 E:0.119789
-222245.23 213.61788
F:0.0442809 (E:0.119789,G:0.139981):0.0981153
-76917.766 213.61788
F:0.0442809 G:0.139981
-222245.23 213.61788
(F:0.0442809,A:0.0358421):0.0533704 B:0.00715119
-202777.16 213.61788
(F:0.0442809,A:0.0358421):0.0533704 C:0.00884557
-202777.16 213.61788
A:0.0358421 E:0.119789
-221998.06 213.61788
A:0.0358421 (E:0.119789,G:0.139981):0.0981153
-76917.766 213.61788
A:0.0358421 G:0.139981
-221998.06 213.61788
C:0.00884557 F:0.0442809
-323763.73 213.61788
C:0.00884557 (F:0.0442809,A:0.0358421):0.0533704
-190647.1 213.61788
C:0.00884557 A:0.0358421
-323763.73 213.61788
Targeting migration to vicinity of:
D G
E D
A B
A C

A B
A C
F B
F C
A B
A C
F B
F C
D E
D G
E D
G D
Trying A B
(F:0.0442809,A:0.0358421):0.0533704 B:0.00715119
1->2 0.0029463528 215.37279 213.61788
2->1 0.038631834 229.37776 215.37279
p1->2 0.0022321388 213.61788 229.37776
A:0.0358421 B:0.0072032
1->2 0.0024304674 215.56275 229.37776
2->1 0.0018625207 214.14714 229.37776
Trying A C
(F:0.0441054,A:0.0361518):0.0535333 C:0.00883994
1->2 0.0029463528 215.39376 229.37776
2->1 0.038631834 229.37776 229.37776
p1->2 0.0010948586 213.61788 229.37776
p2->1 0.038631834 229.37776 229.37776
A:0.0358421 C:0.00884538
1->2 0.0024304674 215.57927 229.37776
2->1 0.0018068991 214.07546 229.37776
p2->1 0.0018625207 214.14714 229.37776
Trying D E
D:0.0360032 (E:0.119789,G:0.139981):0.0980522
1->2 0.056945603 229.37779 229.37776
2->1 0.016859977 229.37779 229.37779
p1->2 4.0751289e-05 213.61786 229.37779
D:0.0360147 E:0.119789
1->2 0.002680829 214.63468 229.37779
2->1 0.0071536894 229.37777 229.37779
p1->2 4.0751289e-05 213.61794 229.37779
Trying D G
D:0.0360147 G:0.139976
1->2 0.0029634435 214.89554 229.37779
2->1 0.0071536894 229.37777 229.37779
p1->2 6.2255936e-07 213.61789 229.37779
D:0.0360147 (E:0.119789,G:0.139981):0.0981154
(((F:0.0442809,A:0.0358421):0.0533703,(E:0.119789,G:0.139981):0.0981154):0.0511794,D:0.0360147):0.0178168 G:0.139981
p1->2 3.8719494e-07 213.61773 229.37779
Trying E D
(E:0.119789,G:0.139981):0.0981154 D:0.0360147
E:0.119789 D:0.0360147
Trying F B
(F:0.0442809,A:0.0358421):0.0533703 B:0.00715119
F:0.0442809 B:0.00715119
1->2 0.0023939221 215.55422 229.37779
2->1 0.0018173923 214.11909 229.37779
Trying F C
(A:0.0356708,F:0.0446138):0.0535294 C:0.00884007
F:0.0446138 C:0.00884007
1->2 0.0024164431 215.57025 229.37779
2->1 0.001763116 214.05092 229.37779
p2->1 0.0018173923 214.11909 229.37779
Trying G D
G:0.139981 D:0.0360035
(E:0.119789,G:0.139981):0.0980537 D:0.0360035
Migration added
Local updates around node 1: 0 ln(lk):229.37779 
Local updates around node 2: 0 ln(lk):229.37779 
Updates in migration position: 0 ln(lk):229.37779 
Switches in migration direction: 0 ln(lk):229.37779 
ln(likelihood):229.37779 
Targeting migration to vicinity of:
G C
E C
A B
F B

A B
F B
E C
G C
A B
F B
E C
G C
Trying A B
(F:0.0442809,A:0.0358421):0.0329799 B:0.00715119
1->2 3.0968394e-07 229.37779 229.37779
2->1 0.0008357527 229.37779 229.37779
p1->2 0.25018033 229.37779 229.37779
A:0.0358421 B:0.0166052
1->2 3.0968394e-07 229.37779 229.37779
2->1 3.6306955e-07 229.37779 229.37779
Trying E C
E:0.119789 C:0.00884557
1->2 3.0968394e-07 229.37779 229.37779
2->1 3.8719494e-07 229.37779 229.37779
p1->2 3.0968394e-07 229.37779 229.37779
p2->1 3.8719494e-07 229.37779 229.37779
(G:0.139981,E:0.119789):0.217993 C:0.00884557
2->1 0.0008357527 229.37779 229.37779
p1->2 0.0008357527 229.37779 229.37779
p2->1 0.099995285 229.37779 229.37779
Trying F B
F:0.0442809 B:0.00715119
1->2 3.0968394e-07 229.37779 229.37779
2->1 3.6306955e-07 229.37779 229.37779
(A:0.0358421,F:0.044281):0.03298 B:0.0143024
Trying G C
G:0.139981 C:0.00884557
1->2 3.0968394e-07 229.37779 229.37779
2->1 3.8719494e-07 229.37779 229.37779
p2->1 3.8719494e-07 229.37779 229.37779
(E:0.119789,G:0.139981):0.217993 C:0.00884557
Migration added
Local updates around node 1: 0 ln(lk):229.37779 
Local updates around node 2: 0 ln(lk):229.37779 
Updates in migration position: 0 ln(lk):229.37779 
Switches in migration direction: 0 ln(lk):229.37779 
ln(likelihood):229.37779 
Targeting migration to vicinity of:
A G
A A
G G
A D

A A
A D
A C
A G
G G
Trying A A
A:0.0358421 A:0.0358421
p1->2 1.789998e-06 229.37779 229.37779
Trying A C
A:0.0358422 C:0.00884557
1->2 3.0968394e-07 229.37779 229.37779
2->1 3.7561097e-07 229.37779 229.37779
p1->2 3.0968394e-07 229.37779 229.37779
p2->1 3.7561097e-07 229.37779 229.37779
Trying A D
(F:0.0442809,A:0.0358422):0.0331122 D:0.0363515
1->2 0.099995285 229.37779 229.37779
2->1 0.099995285 229.37779 229.37779
p1->2 0.099995285 229.37779 229.37779
p2->1 0.099995285 229.37779 229.37779
A:0.0358421 D:0.0356633
1->2 0.099995285 229.37779 229.37779
2->1 3.8719494e-07 229.37779 229.37779
p2->1 3.8719494e-07 229.37779 229.37779
Trying A G
(F:0.0442809,A:0.0358422):0.0331121 G:0.139981
1->2 3.9084634e-07 229.37779 229.37779
2->1 0.099995285 229.37779 229.37779
p1->2 6.2255936e-07 229.37779 229.37779
(F:0.0442809,A:0.0358421):0.0331121 (E:0.119789,G:0.139981):0.217898
p1->2 0.099995285 229.37779 229.37779
p2->1 0.099995285 229.37779 229.37779
A:0.0358421 G:0.139981
1->2 3.3026194e-07 229.37779 229.37779
2->1 3.3026194e-07 229.37779 229.37779
p2->1 4.030861e-06 229.37779 229.37779
A:0.0358425 (E:0.119789,G:0.139981):0.217898
1->2 0.099995285 229.37779 229.37779
p2->1 1.6130394e-06 229.37779 229.37779
Trying G G
G:0.139981 G:0.139981
p1->2 3.9084634e-07 229.37779 229.37779
G:0.139981 (E:0.119789,G:0.139981):0.217898
(E:0.119789,G:0.139981):0.217898 (E:0.119789,G:0.139981):0.217898
ln(likelihood):229.37779 
Targeting migration to vicinity of:
A G
A A
A F
A C

A A
A F
F A
A A
A F
F A
A G
Trying A A
A:0.0358421 A:0.0358421
p1->2 1.789998e-06 229.37779 229.37779
Trying A F
(F:0.0442809,A:0.0358422):0.0331145 F:0.0442809
1->2 1.789998e-06 229.37779 229.37779
p1->2 1.6130394e-06 229.37779 229.37779
A:0.0358421 F:0.0442811
Trying A G
(D:0.0363515,((E:0.119789,G:0.139981):0.217883,(F:0.0442811,A:0.0358421):0.0331145):0.0717429):0.01748 G:0.139981
1->2 3.8719494e-07 229.37779 229.37779
p1->2 3.2717654e-07 229.37779 229.37779
((E:0.119789,G:0.139981):0.217883,(F:0.0442809,A:0.0358421):0.0331145):0.071743 G:0.139981
1->2 6.2255936e-07 229.37779 229.37779
(F:0.0442809,A:0.0358421):0.0331145 G:0.139981
1->2 3.9084634e-07 229.37779 229.37779
2->1 0.099995285 229.37779 229.37779
A:0.0358421 G:0.139981
1->2 3.3026194e-07 229.37779 229.37779
2->1 3.3026194e-07 229.37779 229.37779
p2->1 4.030861e-06 229.37779 229.37779
Trying F A
F:0.0442808 A:0.0358425
ln(likelihood):229.37779 
DONE.
