
TreeMix v. 1.13
$Revision: 231 $

npop:7 nsnp:17937834
Estimating covariance matrix in 5979 blocks of size 3000
SEED: 1607918352
Starting from:
((F:0.016215,A:0.00777561):0.147222,E:0.147222);
Adding D [4/7]
ln(likelihood): -7707.1495 
(((F:0.0449283,A:0.0364889):0.0639028,E:0.194038):0.0429579,D:0.0429579);
Adding B [5/7]
ln(likelihood): -7652.0819 
(((F:0.0477015,A:0.0392621):0.0611066,E:0.200603):0.0237531,(D:0.0442511,B:0.0358135):0.0237531);
Adding G [6/7]
ln(likelihood): 141.81339 
(B:0.0160439,(D:0.0361203,((F:0.044405,A:0.0359656):0.0534656,(E:0.119961,G:0.140153):0.0980183):0.0513034):0.0160439);
Adding C [7/7]
ln(likelihood): 204.30186 
((((F:0.0442808,A:0.0358415):0.0533719,(E:0.11979,G:0.139982):0.098112):0.0511802,(B:0.0143026,C:0.00884569):0.0178173):0.0180076,D:0.0180076);
Testing global rearrangements
F:0.0442808 ((F:0.0442808,A:0.0358415):0.0533719,(E:0.11979,G:0.139982):0.098112):0.0511802
-16001.594 204.30186
F:0.0442808 B:0.0143026
-68085.385 204.30186
F:0.0442808 (B:0.0143026,C:0.00884569):0.0178173
-45788.246 204.30186
F:0.0442808 C:0.00884569
-68085.385 204.30186
E:0.11979 F:0.0442808
-43987.227 204.30186
B:0.0143026 F:0.0442808
-67939.511 204.30186
B:0.0143026 (F:0.0442808,A:0.0358415):0.0533719
-39978.895 204.30186
B:0.0143026 A:0.0358415
-67939.511 204.30186
D:0.0180076 E:0.11979
-57975.437 204.30186
D:0.0180076 (E:0.11979,G:0.139982):0.098112
-22053.65 204.30186
D:0.0180076 G:0.139982
-57975.437 204.30186
D:0.0180076 B:0.0143026
-1981.0015 204.30186
Targeting migration to vicinity of:
E D
D G
F B
A B

A B
A C
F B
F C
D E
D G
E D
G D
A B
A C
F B
F C
Trying A B
(F:0.0442808,A:0.0358415):0.0533719 B:0.0143026
1->2 0.0029463528 204.66585 204.30186
2->1 0.038631834 207.56377 204.66585
p1->2 0.010928518 204.30186 207.56377
p2->1 0.099995285 207.56377 207.56377
(F:0.0442808,A:0.0358414):0.0727437 (C:0.00884569,B:0.0143026):0.0181687
1->2 0.099995285 207.56377 207.56377
p2->1 4.0751289e-05 204.30186 207.56377
A:0.0358415 B:0.0143026
1->2 0.0024304674 204.70505 207.56377
2->1 0.0018625207 204.41112 207.56377
p2->1 0.001643893 204.37086 207.56377
A:0.03611 (C:0.0088454,B:0.0143023):0.0178253
1->2 0.013056064 207.56377 207.56377
p2->1 6.2353583e-06 204.30186 207.56377
Trying A C
(F:0.0442803,A:0.0358424):0.0533724 (C:0.00884569,B:0.0143026):0.0178173
(F:0.0442803,A:0.0358424):0.0533724 C:0.00884569
1->2 0.0029634435 204.66995 207.56377
2->1 0.038631834 207.56377 207.56377
p1->2 4.0751289e-05 204.30186 207.56377
A:0.0358415 (B:0.0143018,C:0.00884714):0.017818
A:0.0358415 C:0.00884714
1->2 0.0024445727 204.70819 207.56377
2->1 0.0018068991 204.39629 207.56377
Trying D E
D:0.0180027 E:0.11979
1->2 0.0026558505 204.51069 207.56377
2->1 0.0071536894 207.56377 207.56377
p2->1 0.099995285 207.56377 207.56377
D:0.0255857 (G:0.139982,E:0.11979):0.0983463
1->2 0.099995285 207.56377 207.56377
p2->1 0.0008357527 204.30186 207.56377
Trying D G
D:0.0180378 (G:0.139982,E:0.11979):0.098112
D:0.0180378 G:0.139982
1->2 0.0029634435 204.56622 207.56377
2->1 0.0071536894 207.56377 207.56377
Trying E D
E:0.11979 D:0.0186309
(E:0.11979,G:0.139982):0.0983465 D:0.0186309
Trying F B
F:0.0442808 B:0.0143026
1->2 0.0023939221 204.70325 207.56377
2->1 0.0018068991 204.4052 207.56377
p2->1 0.0016040532 204.36704 207.56377
F:0.04457 (C:0.00884569,B:0.0143026):0.0178245
1->2 0.013056064 207.56377 207.56377
p2->1 6.2353583e-06 204.30186 207.56377
(A:0.0358409,F:0.0442819):0.0533724 B:0.0143026
(A:0.0358409,F:0.0442819):0.0533724 (C:0.00884569,B:0.0143026):0.0178173
Trying F C
F:0.0442819 (C:0.00884569,B:0.0143026):0.0178173
F:0.0442819 C:0.00884569
1->2 0.0024164431 204.70629 207.56377
2->1 0.001763116 204.39111 207.56377
(A:0.0356772,F:0.0446018):0.0535245 (B:0.0142991,C:0.00884851):0.0178278
(A:0.0356772,F:0.0446018):0.0535245 C:0.00884851
Trying G D
(E:0.11979,G:0.139982):0.0980538 D:0.0180028
G:0.139982 D:0.0180028
Migration added
Local updates around node 1: 0 ln(lk):207.56377 
Local updates around node 2: 0 ln(lk):207.56377 
Updates in migration position: 0 ln(lk):207.56377 
Switches in migration direction: 0 ln(lk):207.56377 
ln(likelihood):207.56377 
Targeting migration to vicinity of:
F F
F F
F F
F F

F F
Trying F F
(((E:0.11979,G:0.139982):0.0919183,(F:0.0442808,A:0.0358415):0.0727427):0.0572568,(C:0.00884569,B:0.0143026):0.0181687):0.0178319 (((E:0.11979,G:0.139982):0.0919183,(F:0.0442808,A:0.0358415):0.0727427):0.0572568,(C:0.00884569,B:0.0143026):0.0181687):0.0178319
(((E:0.11979,G:0.139982):0.0919183,(F:0.0442808,A:0.0358415):0.0727427):0.0572568,(C:0.00884569,B:0.0143026):0.0181687):0.0178319 (F:0.0442808,A:0.0358415):0.0727427
1->2 0.099995285 207.56377 207.56377
(((E:0.11979,G:0.139982):0.0833694,(F:0.0442808,A:0.0358415):0.101855):0.0658057,(C:0.00884569,B:0.0143026):0.0181687):0.0234016 ((E:0.11979,G:0.139982):0.0833694,(F:0.0442808,A:0.0358415):0.101855):0.0658057
1->2 0.099995285 207.56377 207.56377
F:0.0442808 (((E:0.11979,G:0.139982):0.0919183,(F:0.0442808,A:0.0358414):0.0727427):0.0706866,(C:0.00884569,B:0.0143026):0.0181687):0.0178319
2->1 3.8719494e-07 207.56377 207.56377
F:0.0442809 F:0.0442809
p1->2 3.9084634e-07 207.56377 207.56377
F:0.0442809 (F:0.0442809,A:0.0358415):0.0727427
p2->1 6.2255936e-07 207.56377 207.56377
F:0.0442809 ((E:0.11979,G:0.139982):0.0919183,(F:0.0442809,A:0.0358414):0.0727427):0.0572568
(F:0.0442809,A:0.0358414):0.0727427 ((C:0.00884569,B:0.0143026):0.0181687,((E:0.11979,G:0.139982):0.0919183,(F:0.0442809,A:0.0358414):0.0727427):0.0572568):0.0178319
(F:0.0442809,A:0.0358414):0.0727427 (F:0.0442809,A:0.0358414):0.0727427
p1->2 0.099995285 207.56377 207.56377
(F:0.0442808,A:0.0358415):0.0920636 ((E:0.11979,G:0.139982):0.0919183,(F:0.0442808,A:0.0358415):0.0920636):0.0572568
((E:0.11979,G:0.139982):0.0919183,(F:0.0442808,A:0.0358415):0.0920636):0.0572568 ((C:0.00884569,B:0.0143026):0.0181687,((E:0.11979,G:0.139982):0.0919183,(F:0.0442808,A:0.0358415):0.0920636):0.0572568):0.0178319
((E:0.11979,G:0.139982):0.0919183,(F:0.0442808,A:0.0358415):0.0920636):0.0572568 (F:0.0442808,A:0.0358415):0.0920636
((E:0.11979,G:0.139982):0.0919183,(F:0.0442808,A:0.0358415):0.0920636):0.0572568 ((E:0.11979,G:0.139982):0.0919183,(F:0.0442808,A:0.0358415):0.0920636):0.0572568
ln(likelihood):207.56377 
Targeting migration to vicinity of:
F F
F F
F F
F F

F F
Trying F F
F:0.0442808 F:0.0442808
p1->2 3.9084634e-07 207.56377 207.56377
F:0.0442809 (F:0.0442809,A:0.0358415):0.0727416
p2->1 6.2255936e-07 207.56377 207.56377
F:0.0442809 ((C:0.00884569,B:0.0143026):0.0181687,((E:0.11979,G:0.139982):0.0919186,(F:0.0442809,A:0.0358414):0.0727417):0.0572565):0.0178319
2->1 3.8719494e-07 207.56377 207.56377
F:0.0442809 ((E:0.11979,G:0.139982):0.0919186,(F:0.0442809,A:0.0358414):0.0727417):0.0572565
(F:0.0442809,A:0.0358414):0.0727417 (F:0.0442809,A:0.0358414):0.0727417
p1->2 0.099995285 207.56377 207.56377
(F:0.0442808,A:0.0358415):0.0920622 ((C:0.00884569,B:0.0143026):0.0181687,((E:0.11979,G:0.139982):0.0919186,(F:0.0442808,A:0.0358415):0.0920622):0.0572565):0.0178319
2->1 0.099995285 207.56377 207.56377
(F:0.0442808,A:0.0358415):0.101853 ((E:0.11979,G:0.139982):0.0833698,(F:0.0442808,A:0.0358415):0.101853):0.0658052
((C:0.00884569,B:0.0143026):0.0181687,((E:0.11979,G:0.139982):0.0833698,(F:0.0442808,A:0.0358415):0.101853):0.0658052):0.0234012 (F:0.0442808,A:0.0358415):0.101853
((C:0.00884569,B:0.0143026):0.0181687,((E:0.11979,G:0.139982):0.0833698,(F:0.0442808,A:0.0358415):0.101853):0.0658052):0.0234012 ((C:0.00884569,B:0.0143026):0.0181687,((E:0.11979,G:0.139982):0.0833698,(F:0.0442808,A:0.0358415):0.101853):0.0658052):0.0234012
((C:0.00884569,B:0.0143026):0.0181687,((E:0.11979,G:0.139982):0.0833698,(F:0.0442808,A:0.0358415):0.101853):0.0658052):0.0234012 ((E:0.11979,G:0.139982):0.0833698,(F:0.0442808,A:0.0358415):0.101853):0.0658052
1->2 0.099995285 207.56377 207.56377
((E:0.11979,G:0.139982):0.0919186,(F:0.0442808,A:0.0358414):0.0727416):0.0706862 (F:0.0442808,A:0.0358414):0.0727416
((E:0.11979,G:0.139982):0.0919186,(F:0.0442808,A:0.0358414):0.0727416):0.0706862 ((C:0.00884569,B:0.0143026):0.0181687,((E:0.11979,G:0.139982):0.0919186,(F:0.0442808,A:0.0358414):0.0727416):0.0706862):0.0178319
((E:0.11979,G:0.139982):0.0919186,(F:0.0442808,A:0.0358414):0.0727416):0.0706862 ((E:0.11979,G:0.139982):0.0919186,(F:0.0442808,A:0.0358414):0.0727416):0.0706862
ln(likelihood):207.56377 
Targeting migration to vicinity of:
F F
F F
F F
F F

F F
Trying F F
(((E:0.11979,G:0.139982):0.0919189,(F:0.0442808,A:0.0358415):0.0727406):0.0572562,(C:0.00884569,B:0.0143026):0.0181687):0.0178319 (((E:0.11979,G:0.139982):0.0919189,(F:0.0442808,A:0.0358415):0.0727406):0.0572562,(C:0.00884569,B:0.0143026):0.0181687):0.0178319
(((E:0.11979,G:0.139982):0.0919189,(F:0.0442808,A:0.0358415):0.0727406):0.0572562,(C:0.00884569,B:0.0143026):0.0181687):0.0178319 (F:0.0442808,A:0.0358415):0.0727406
1->2 0.099995285 207.56377 207.56377
(((E:0.11979,G:0.139982):0.0833703,(F:0.0442808,A:0.0358415):0.101852):0.0658047,(C:0.00884569,B:0.0143026):0.0181687):0.0234007 ((E:0.11979,G:0.139982):0.0833703,(F:0.0442808,A:0.0358415):0.101852):0.0658047
1->2 0.099995285 207.56377 207.56377
F:0.0442808 (((E:0.11979,G:0.139982):0.0919189,(F:0.0442808,A:0.0358414):0.0727406):0.0706859,(C:0.00884569,B:0.0143026):0.0181687):0.0178319
2->1 3.8719494e-07 207.56377 207.56377
F:0.0442809 F:0.0442809
p1->2 3.9084634e-07 207.56377 207.56377
F:0.0442809 (F:0.0442809,A:0.0358415):0.0727406
p2->1 6.2255936e-07 207.56377 207.56377
F:0.0442809 ((E:0.11979,G:0.139982):0.0919189,(F:0.0442809,A:0.0358414):0.0727406):0.0572562
(F:0.0442809,A:0.0358414):0.0727406 ((C:0.00884569,B:0.0143026):0.0181687,((E:0.11979,G:0.139982):0.0919189,(F:0.0442809,A:0.0358414):0.0727406):0.0572562):0.0178319
(F:0.0442809,A:0.0358414):0.0727406 (F:0.0442809,A:0.0358414):0.0727406
p1->2 0.099995285 207.56377 207.56377
(F:0.0442808,A:0.0358415):0.0920607 ((E:0.11979,G:0.139982):0.0919189,(F:0.0442808,A:0.0358415):0.0920607):0.0572562
((E:0.11979,G:0.139982):0.0919189,(F:0.0442808,A:0.0358415):0.0920607):0.0572562 ((C:0.00884569,B:0.0143026):0.0181687,((E:0.11979,G:0.139982):0.0919189,(F:0.0442808,A:0.0358415):0.0920607):0.0572562):0.0178319
((E:0.11979,G:0.139982):0.0919189,(F:0.0442808,A:0.0358415):0.0920607):0.0572562 (F:0.0442808,A:0.0358415):0.0920607
((E:0.11979,G:0.139982):0.0919189,(F:0.0442808,A:0.0358415):0.0920607):0.0572562 ((E:0.11979,G:0.139982):0.0919189,(F:0.0442808,A:0.0358415):0.0920607):0.0572562
ln(likelihood):207.56377 
DONE.
