
TreeMix v. 1.13
$Revision: 231 $

npop:7 nsnp:17937834
Estimating covariance matrix in 5979 blocks of size 3000
SEED: 1607918630
Starting from:
((A:0.0804168,G:0.213874):0.0374133,C:0.0374133);
Adding F [4/7]
ln(likelihood): -5039.608 
((G:0.215764,(A:0.0367852,F:0.0452246):0.0662777):0.0366883,C:0.0366883);
Adding E [5/7]
ln(likelihood): -2404.2815 
(((A:0.0377121,F:0.0461515):0.0544962,(G:0.141794,E:0.121602):0.0994706):0.0393008,C:0.0393008);
Adding D [6/7]
ln(likelihood): 106.33821 
(C:0.0132265,(((A:0.036107,F:0.0445464):0.0534656,(G:0.140294,E:0.120102):0.0980183):0.0514769,D:0.0362019):0.0132265);
Adding B [7/7]
ln(likelihood): 204.30186 
(C:0.00442285,((((A:0.0358415,F:0.0442808):0.0533719,(G:0.139982,E:0.11979):0.098112):0.0511802,D:0.0360153):0.0178173,B:0.0143026):0.00442285);
Testing global rearrangements
C:0.00442285 A:0.0358415
-67987.445 204.30186
C:0.00442285 (A:0.0358415,F:0.0442808):0.0533719
-39973.907 204.30186
C:0.00442285 F:0.0442808
-67987.445 204.30186
A:0.0358415 G:0.139982
-46215.704 204.30186
A:0.0358415 (G:0.139982,E:0.11979):0.098112
-16001.594 204.30186
A:0.0358415 E:0.11979
-46215.704 204.30186
(A:0.0358415,F:0.0442808):0.0533719 C:0.00442285
-42378.417 204.30186
(A:0.0358415,F:0.0442808):0.0533719 B:0.0143026
-42378.417 204.30186
F:0.0442808 G:0.139982
-46274.344 204.30186
F:0.0442808 (G:0.139982,E:0.11979):0.098112
-16001.594 204.30186
F:0.0442808 E:0.11979
-46274.344 204.30186
D:0.0360153 F:0.0442808
-46353.806 204.30186
B:0.0143026 D:0.0360153
-1981.0015 204.30186
DONE.
