
TreeMix v. 1.13
$Revision: 231 $

npop:7 nsnp:17937834
Estimating covariance matrix in 44844 blocks of size 400
SEED: 1607917923
Starting from:
((G:0.209552,A:0.0762831):0.0444187,D:0.0444187);
Adding E [4/7]
ln(likelihood): -23424.552 
((A:0.0751395,(G:0.139752,E:0.11956):0.102275):0.0426627,D:0.0426627);
Adding C [5/7]
ln(likelihood): -14916.815 
((A:0.0797296,(G:0.141588,E:0.121396):0.102504):0.0245043,(D:0.0403293,C:0.0266105):0.0245043);
Adding B [6/7]
ln(likelihood): -1838.3306 
(((G:0.140745,E:0.120553):0.0981297,(D:0.036711,(C:0.00957375,B:0.0150306):0.0179126):0.0513626):0.0446743,A:0.0446743);
Adding F [7/7]
ln(likelihood): 211.47191 
(D:0.0180074,((C:0.00884557,B:0.0143024):0.0178168,((G:0.139981,E:0.119789):0.0981153,(A:0.0358421,F:0.0442809):0.0533704):0.0511793):0.0180074);
Testing global rearrangements
D:0.0180074 C:0.00884557
-14784.063 211.47191
D:0.0180074 G:0.139981
-414403.17 211.47191
D:0.0180074 (G:0.139981,E:0.119789):0.0981153
-157955.78 211.47191
D:0.0180074 E:0.119789
-414403.17 211.47191
C:0.00884557 D:0.0180074
-14784.063 211.47191
C:0.00884557 A:0.0358421
-471358.04 211.47191
(C:0.00884557,B:0.0143024):0.0178168 D:0.0180074
211.47191 211.47191
B:0.0143024 A:0.0358421
-470920.84 211.47191
B:0.0143024 (A:0.0358421,F:0.0442809):0.0533704
-277567.12 211.47191
B:0.0143024 F:0.0442809
-470920.84 211.47191
G:0.139981 D:0.0180074
-392170.12 211.47191
G:0.139981 A:0.0358421
-309819.92 211.47191
G:0.139981 (A:0.0358421,F:0.0442809):0.0533704
-193040.44 211.47191
G:0.139981 F:0.0442809
-309819.92 211.47191
A:0.0358421 D:0.0180074
-323688.14 211.47191
A:0.0358421 C:0.00884557
-475180.64 211.47191
A:0.0358421 (C:0.00884557,B:0.0143024):0.0178168
-323688.14 211.47191
A:0.0358421 B:0.0143024
-475180.64 211.47191
Targeting migration to vicinity of:
D E
G D
A C
A B

A C
A B
F C
F B
A C
A B
F C
F B
D G
D E
G D
E D
Trying A B
(A:0.0358421,F:0.0442809):0.0533704 B:0.0143024
1->2 0.0029293604 214.04711 211.47191
2->1 0.038631834 234.63728 214.04711
p1->2 0.099838786 211.47191 234.63728
p2->1 0.099995285 234.63732 234.63728
(A:0.0358421,F:0.0442809):0.0727418 (C:0.00884557,B:0.0143024):0.0181682
1->2 0.099995285 234.63732 234.63732
p2->1 4.0751289e-05 211.47189 234.63732
A:0.0358421 B:0.0143024
1->2 0.0024304674 214.32686 234.63732
2->1 0.0018625207 212.2507 234.63732
p2->1 0.001653441 211.96395 234.63732
A:0.0361122 (C:0.00884527,B:0.0143021):0.0178248
1->2 0.013056064 234.63732 234.63732
p2->1 6.2353583e-06 211.4719 234.63732
Trying A C
(F:0.0442804,A:0.0358431):0.0533709 C:0.00884557
1->2 0.0029463528 214.07938 234.63732
2->1 0.038631834 234.63728 234.63732
p1->2 4.0751289e-05 211.47191 234.63732
(F:0.0442809,A:0.0358421):0.0533704 (B:0.0143017,C:0.00884702):0.0178175
A:0.0358421 C:0.00884702
1->2 0.0024304674 214.35285 234.63732
2->1 0.0018068991 212.14535 234.63732
A:0.0361405 (B:0.0142989,C:0.00884847):0.0178275
Trying D E
D:0.0180024 (G:0.139981,E:0.119789):0.0980557
1->2 0.099995285 234.63732 234.63732
2->1 0.099995285 234.63732 234.63732
p2->1 0.00012879728 211.47191 234.63732
D:0.018012 E:0.119789
1->2 0.0026963835 212.97309 234.63732
2->1 0.0071536894 234.63729 234.63732
Trying D G
D:0.0186307 (G:0.139981,E:0.119789):0.0983499
D:0.0186307 G:0.139981
1->2 0.0029913064 213.34931 234.63732
2->1 0.0071536894 234.63729 234.63732
Trying E D
(E:0.119789,G:0.139981):0.0983499 D:0.0186307
E:0.119789 D:0.0186307
Trying F B
(F:0.0442809,A:0.0358421):0.0531358 B:0.0143024
(F:0.0442809,A:0.0358421):0.0531358 (B:0.0143024,C:0.00884557):0.0170937
F:0.0442809 B:0.0143024
1->2 0.0023853751 214.31458 234.63732
2->1 0.0018173923 212.21015 234.63732
p2->1 0.0016040532 211.93791 234.63732
F:0.0445701 (C:0.00884557,B:0.0143024):0.017824
1->2 0.013056064 234.63732 234.63732
p2->1 6.2353583e-06 211.4719 234.63732
Trying F C
(A:0.0358416,F:0.044282):0.0533709 C:0.00884557
(A:0.0358416,F:0.044282):0.0533709 (C:0.00884557,B:0.0143024):0.0178168
F:0.044282 C:0.00884557
1->2 0.002407816 214.33981 234.63732
2->1 0.001763116 212.10991 234.63732
F:0.0446019 (B:0.014299,C:0.00884839):0.0178272
Trying G D
(E:0.119789,G:0.139981):0.0980571 D:0.0180025
G:0.139981 D:0.0180025
Migration added
Local updates around node 1: 0 ln(lk):234.63732 
Local updates around node 2: 0 ln(lk):234.63732 
Updates in migration position: 0 ln(lk):234.63732 
Switches in migration direction: 0 ln(lk):234.63732 
ln(likelihood):234.63732 
DONE.
