
TreeMix v. 1.13
$Revision: 231 $

npop:7 nsnp:17937834
Estimating covariance matrix in 9965 blocks of size 1800
SEED: 1607918630
Starting from:
((A:0.0804168,G:0.213874):0.0374133,C:0.0374133);
Adding F [4/7]
ln(likelihood): -8376.6266 
((G:0.215764,(A:0.0367852,F:0.0452246):0.0662777):0.0366883,C:0.0366883);
Adding E [5/7]
ln(likelihood): -4031.1713 
(((A:0.0377121,F:0.0461515):0.0544962,(G:0.141794,E:0.121602):0.0994706):0.0393008,C:0.0393008);
Adding D [6/7]
ln(likelihood): 80.091759 
(C:0.0132265,(((A:0.036107,F:0.0445464):0.0534656,(G:0.140294,E:0.120102):0.0980183):0.0514769,D:0.0362019):0.0132265);
Adding B [7/7]
ln(likelihood): 209.18265 
((((A:0.0358415,F:0.0442808):0.0533719,(G:0.139982,E:0.11979):0.098112):0.0511802,D:0.0360153):0.00890866,(C:0.00884569,B:0.0143026):0.00890866);
Testing global rearrangements
A:0.0358415 ((A:0.0358415,F:0.0442808):0.0533719,(G:0.139982,E:0.11979):0.098112):0.0511802
-26565.622 209.18265
A:0.0358415 (((A:0.0358415,F:0.0442808):0.0533719,(G:0.139982,E:0.11979):0.098112):0.0511802,D:0.0360153):0.00890866
-76011.644 209.18265
A:0.0358415 C:0.00884569
-112927.16 209.18265
A:0.0358415 (C:0.00884569,B:0.0143026):0.00890866
-76011.644 209.18265
A:0.0358415 B:0.0143026
-112927.16 209.18265
G:0.139982 A:0.0358415
-72871.837 209.18265
D:0.0360153 A:0.0358415
-76839.885 209.18265
D:0.0360153 (A:0.0358415,F:0.0442808):0.0533719
-36652.435 209.18265
D:0.0360153 F:0.0442808
-76839.885 209.18265
C:0.00884569 D:0.0360153
-3395.597 209.18265
DONE.
