
TreeMix v. 1.13
$Revision: 231 $

npop:7 nsnp:17937834
Estimating covariance matrix in 29896 blocks of size 600
SEED: 1607918493
Starting from:
(A:0.0870299,(B:0.0122204,C:0.00676357):0.0870299);
Adding F [4/7]
ln(likelihood): -61361.168 
((B:0.0153573,C:0.00990047):0.0657143,(A:0.0451165,F:0.0535553):0.0657143);
Adding D [5/7]
ln(likelihood): -119892.05 
((A:0.0417875,F:0.0502263):0.0549593,((B:0.020763,C:0.0153062):0.018258,D:0.0428717):0.0549593);
Adding E [6/7]
ln(likelihood): -7102.7505 
(((A:0.0369782,F:0.045417):0.0533624,((B:0.0154677,C:0.0100109):0.0177209,D:0.037212):0.051092):0.110474,E:0.110474);
Adding G [7/7]
ln(likelihood): 213.61788 
(((A:0.0358421,F:0.0442809):0.0533704,((B:0.0143024,C:0.00884557):0.0178168,D:0.0360147):0.0511793):0.0490577,(E:0.119789,G:0.139981):0.0490577);
Testing global rearrangements
A:0.0358421 B:0.0143024
-325915.39 213.61788
A:0.0358421 (B:0.0143024,C:0.00884557):0.0178168
-220915.28 213.61788
A:0.0358421 C:0.00884557
-325915.39 213.61788
A:0.0358421 G:0.139981
-221998.06 213.61788
(A:0.0358421,F:0.0442809):0.0533704 B:0.0143024
-202777.16 213.61788
(A:0.0358421,F:0.0442809):0.0533704 (B:0.0143024,C:0.00884557):0.0178168
-107329.67 213.61788
(A:0.0358421,F:0.0442809):0.0533704 C:0.00884557
-202777.16 213.61788
F:0.0442809 E:0.119789
-222245.23 213.61788
F:0.0442809 (E:0.119789,G:0.139981):0.0490577
-76917.766 213.61788
F:0.0442809 G:0.139981
-222245.23 213.61788
B:0.0143024 A:0.0358421
-323492.21 213.61788
B:0.0143024 (A:0.0358421,F:0.0442809):0.0533704
-190640.11 213.61788
B:0.0143024 F:0.0442809
-323492.21 213.61788
B:0.0143024 ((B:0.0143024,C:0.00884557):0.0178168,D:0.0360147):0.0511793
-10117.525 213.61788
D:0.0360147 A:0.0358421
-223479.28 213.61788
D:0.0360147 (A:0.0358421,F:0.0442809):0.0533704
-107329.67 213.61788
D:0.0360147 F:0.0442809
-223479.28 213.61788
D:0.0360147 E:0.119789
-281439.69 213.61788
D:0.0360147 (E:0.119789,G:0.139981):0.0490577
-107329.67 213.61788
D:0.0360147 G:0.139981
-281439.69 213.61788
E:0.119789 A:0.0358421
-211610.98 213.61788
E:0.119789 (A:0.0358421,F:0.0442809):0.0533704
-131221.32 213.61788
E:0.119789 F:0.0442809
-211610.98 213.61788
Targeting migration to vicinity of:
D G
D E
A B
A C

A B
A C
F B
F C
A B
A C
F B
F C
D E
D G
D E
D G
Trying A B
(A:0.0358421,F:0.0442809):0.0533704 (B:0.0143024,C:0.00884557):0.0178168
1->2 0.099995285 229.37779 213.61788
2->1 0.099995285 229.37779 229.37779
p1->2 4.0751289e-05 213.61784 229.37779
(A:0.0358421,F:0.0442809):0.0533704 B:0.0143024
1->2 0.0029463528 215.37276 229.37779
2->1 0.038631834 229.37776 229.37779
p1->2 6.2255936e-07 213.61791 229.37779
A:0.0358421 (C:0.00884553,B:0.0143024):0.0178168
1->2 0.013056064 229.37778 229.37779
2->1 0.001653441 213.9522 229.37779
p2->1 4.0751289e-05 213.61788 229.37779
A:0.0358472 B:0.0143024
1->2 0.0024304674 215.56278 229.37779
2->1 0.0018691977 214.14713 229.37779
Trying A C
(F:0.0441047,A:0.0361529):0.0535339 C:0.00883992
1->2 0.0029634435 215.39377 229.37779
2->1 0.038631834 229.37776 229.37779
p1->2 4.0751289e-05 213.61792 229.37779
(F:0.0442809,A:0.0358421):0.0533704 (B:0.0143,C:0.00884869):0.0178185
A:0.0358421 C:0.00884869
1->2 0.0024445727 215.57927 229.37779
2->1 0.0018068991 214.07546 229.37779
A:0.0361405 (B:0.0142989,C:0.00884847):0.0178275
Trying D E
D:0.0360048 E:0.119789
1->2 0.002680829 214.63469 229.37779
2->1 0.0071536894 229.37777 229.37779
p1->2 0.0053747296 213.61788 229.37779
p2->1 0.099995285 229.37779 229.37779
D:0.0511707 (G:0.139981,E:0.119789):0.0948355
1->2 0.099995285 229.37779 229.37779
p1->2 0.00063651579 213.61788 229.37779
Trying D G
D:0.0360147 G:0.139981
1->2 0.0029740555 214.89554 229.37779
2->1 0.0071536894 229.37777 229.37779
p1->2 0.0009253035 213.61788 229.37779
D:0.0360147 (E:0.119698,G:0.140331):0.0491031
Trying F B
(F:0.0442809,A:0.0358421):0.0533704 (B:0.0143024,C:0.00884557):0.0178168
(F:0.0442809,A:0.0358421):0.0533704 B:0.0143024
F:0.0442809 (B:0.0143024,C:0.00884557):0.0178168
1->2 0.013056064 229.37778 229.37779
2->1 0.0016133703 213.93418 229.37779
p2->1 0.022102786 213.61788 229.37779
F:0.0475388 B:0.0143024
1->2 0.0023939221 215.55424 229.37779
2->1 0.0018173923 214.1191 229.37779
Trying F C
(A:0.0356708,F:0.0446138):0.0535294 C:0.00884007
(A:0.0356708,F:0.0446138):0.0535294 (C:0.00884007,B:0.0143073):0.0178288
F:0.0446138 C:0.00884007
1->2 0.0024304674 215.57025 229.37779
2->1 0.0017529356 214.05091 229.37779
F:0.0446001 (B:0.014299,C:0.00884838):0.0178272
Migration added
Local updates around node 1: 0 ln(lk):229.37779 
Local updates around node 2: 0 ln(lk):229.37779 
Updates in migration position: 0 ln(lk):229.37779 
Switches in migration direction: 0 ln(lk):229.37779 
ln(likelihood):229.37779 
Targeting migration to vicinity of:
A G
A A
A B
A F

A A
A F
F A
A B
A A
A F
F A
A G
Trying A A
A:0.0358421 A:0.0358421
p1->2 0.0012983129 229.37779 229.37779
Trying A B
A:0.0359354 ((B:0.0143024,C:0.00884557):0.0287037,D:0.0299383):0.0572558
1->2 0.099995285 229.37779 229.37779
2->1 7.7838007e-07 229.37779 229.37779
p1->2 0.099995285 229.37779 229.37779
p2->1 5.6427712e-07 229.37779 229.37779
A:0.0358422 B:0.0143024
1->2 3.0968394e-07 229.37779 229.37779
2->1 3.3026194e-07 229.37779 229.37779
p1->2 3.8719494e-07 229.37779 229.37779
p2->1 3.3026194e-07 229.37779 229.37779
A:0.0358422 (C:0.00884557,B:0.0143024):0.0287037
1->2 0.0008357527 229.37779 229.37779
Trying A F
(F:0.0442809,A:0.0358421):0.0538389 F:0.0442809
1->2 0.0012983129 229.37779 229.37779
p1->2 5.6427712e-07 229.37779 229.37779
A:0.0358421 F:0.044281
1->2 0.0012983129 229.37779 229.37779
2->1 0.0012983129 229.37779 229.37779
Trying A G
(A:0.0359354,F:0.0442809):0.0538389 G:0.139981
1->2 3.0968394e-07 229.37779 229.37779
2->1 0.099995285 229.37779 229.37779
p1->2 0.099995285 229.37779 229.37779
p2->1 0.099995285 229.37779 229.37779
A:0.0358421 G:0.139981
1->2 3.0968394e-07 229.37779 229.37779
2->1 3.0968394e-07 229.37779 229.37779
p2->1 3.6306955e-07 229.37779 229.37779
Trying F A
F:0.0442809 A:0.0358422
ln(likelihood):229.37779 
Targeting migration to vicinity of:
A G
A B
A F
D G

A B
A F
F A
A G
Trying A B
A:0.0358421 B:0.0143024
1->2 3.0968394e-07 229.37779 229.37779
2->1 3.3026194e-07 229.37779 229.37779
p1->2 3.8719494e-07 229.37779 229.37779
p2->1 3.3026194e-07 229.37779 229.37779
Trying A F
(F:0.0442809,A:0.0358422):0.0538389 F:0.0442809
1->2 0.0012983129 229.37779 229.37779
p1->2 5.6427712e-07 229.37779 229.37779
A:0.0358421 F:0.044281
1->2 0.0012983129 229.37779 229.37779
2->1 0.0012983129 229.37779 229.37779
p2->1 0.0012983129 229.37779 229.37779
Trying A G
(A:0.0359354,F:0.0442809):0.0538389 G:0.139981
1->2 3.0968394e-07 229.37779 229.37779
2->1 0.099995285 229.37779 229.37779
p1->2 0.099995285 229.37779 229.37779
p2->1 0.099995285 229.37779 229.37779
A:0.0358421 G:0.139981
1->2 3.0968394e-07 229.37779 229.37779
2->1 3.0968394e-07 229.37779 229.37779
p2->1 3.6306955e-07 229.37779 229.37779
A:0.0358422 (E:0.119789,G:0.139981):0.0976468
1->2 0.099995285 229.37779 229.37779
p1->2 0.099995285 229.37779 229.37779
Trying F A
F:0.0442809 A:0.0358421
ln(likelihood):229.37779 
Targeting migration to vicinity of:
A G
A A
G G
A B

A A
A F
F A
A B
A G
G G
Trying A A
A:0.0358421 A:0.0358421
p1->2 0.0012983129 229.37779 229.37779
Trying A B
A:0.0359354 B:0.0143024
1->2 3.0968394e-07 229.37779 229.37779
2->1 3.3026194e-07 229.37779 229.37779
p1->2 3.8719494e-07 229.37779 229.37779
p2->1 3.3026194e-07 229.37779 229.37779
Trying A F
(F:0.0442809,A:0.0358422):0.0538389 F:0.0442809
1->2 0.0012983129 229.37779 229.37779
p1->2 5.6427712e-07 229.37779 229.37779
A:0.0358421 F:0.044281
1->2 0.0012983129 229.37779 229.37779
2->1 0.0012983129 229.37779 229.37779
Trying A G
A:0.0359354 G:0.139981
1->2 3.0968394e-07 229.37779 229.37779
2->1 3.0968394e-07 229.37779 229.37779
p1->2 3.0968394e-07 229.37779 229.37779
p2->1 3.6306955e-07 229.37779 229.37779
Trying F A
F:0.0442809 A:0.0358422
Trying G G
G:0.139981 G:0.139981
p1->2 0.099995285 229.37779 229.37779
(E:0.119789,G:0.172814):0.0488234 G:0.172814
ln(likelihood):229.37779 
Targeting migration to vicinity of:
A G
A A
A F
G G

A A
A F
F A
A A
A F
F A
A G
G G
Trying A A
A:0.0358421 A:0.0358421
p1->2 0.0012983129 229.37779 229.37779
Trying A F
(A:0.0359354,F:0.0442809):0.0538389 F:0.0442809
1->2 0.0012983129 229.37779 229.37779
p1->2 5.6427712e-07 229.37779 229.37779
A:0.0358421 F:0.044281
1->2 0.0012983129 229.37779 229.37779
2->1 0.0012983129 229.37779 229.37779
Trying A G
(A:0.0359354,F:0.0442809):0.0538389 G:0.139981
1->2 3.0968394e-07 229.37779 229.37779
2->1 0.099995285 229.37779 229.37779
p1->2 0.099995285 229.37779 229.37779
p2->1 0.099995285 229.37779 229.37779
A:0.0358421 G:0.139981
1->2 3.0968394e-07 229.37779 229.37779
2->1 3.0968394e-07 229.37779 229.37779
p2->1 3.6306955e-07 229.37779 229.37779
Trying F A
F:0.0442809 A:0.0358422
Trying G G
G:0.139981 G:0.139981
p1->2 0.099995285 229.37779 229.37779
(E:0.119789,G:0.172814):0.0488234 G:0.172814
ln(likelihood):229.37779 
DONE.
