
TreeMix v. 1.13
$Revision: 231 $

npop:7 nsnp:17937834
Estimating covariance matrix in 7474 blocks of size 2400
SEED: 1607918072
Starting from:
(F:0.0913908,(C:0.0044152,B:0.00987201):0.0913908);
Adding D [4/7]
ln(likelihood): -13655.888 
(F:0.0835469,((C:0.0126856,B:0.0181425):0.0182188,D:0.0401246):0.0835469);
Adding E [5/7]
ln(likelihood): -14814.402 
(F:0.0481764,(((C:0.0100163,B:0.0154732):0.0178168,D:0.0371855):0.0616586,E:0.194546):0.0481764);
Adding G [6/7]
ln(likelihood): -20.745649 
(F:0.0489671,(((C:0.00934988,B:0.0148067):0.0179126,D:0.0364871):0.0512687,(E:0.120323,G:0.140515):0.0981234):0.0489671);
Adding A [7/7]
ln(likelihood): 206.57152 
((((C:0.00884557,B:0.0143024):0.0178168,D:0.0360147):0.0511793,(E:0.119789,G:0.139981):0.0981153):0.0266852,(F:0.0442809,A:0.0358421):0.0266852);
Testing global rearrangements
C:0.00884557 ((C:0.00884557,B:0.0143024):0.0178168,D:0.0360147):0.0511793
-2514.4325 206.57152
C:0.00884557 (((C:0.00884557,B:0.0143024):0.0178168,D:0.0360147):0.0511793,(E:0.119789,G:0.139981):0.0981153):0.0266852
-49836.831 206.57152
C:0.00884557 F:0.0442809
-84743.177 206.57152
C:0.00884557 (F:0.0442809,A:0.0358421):0.0266852
-49836.831 206.57152
C:0.00884557 A:0.0358421
-84743.177 206.57152
D:0.0360147 C:0.00884557
-2514.4325 206.57152
D:0.0360147 E:0.119789
-72348.788 206.57152
D:0.0360147 (E:0.119789,G:0.139981):0.0981153
-27547.366 206.57152
D:0.0360147 G:0.139981
-72348.788 206.57152
E:0.119789 F:0.0442809
-54871.487 206.57152
E:0.119789 (F:0.0442809,A:0.0358421):0.0266852
-33711.643 206.57152
E:0.119789 A:0.0358421
-54871.487 206.57152
F:0.0442809 C:0.00884557
-84881.718 206.57152
F:0.0442809 (C:0.00884557,B:0.0143024):0.0178168
-57130.582 206.57152
F:0.0442809 B:0.0143024
-84881.718 206.57152
F:0.0442809 ((C:0.00884557,B:0.0143024):0.0178168,D:0.0360147):0.0511793
-19984.817 206.57152
F:0.0442809 D:0.0360147
-57130.582 206.57152
(F:0.0442809,A:0.0358421):0.0266852 E:0.119789
-33711.643 206.57152
A:0.0358421 C:0.00884557
-85113.757 206.57152
A:0.0358421 (C:0.00884557,B:0.0143024):0.0178168
-57219.652 206.57152
A:0.0358421 B:0.0143024
-85113.757 206.57152
A:0.0358421 ((C:0.00884557,B:0.0143024):0.0178168,D:0.0360147):0.0511793
-19984.817 206.57152
A:0.0358421 D:0.0360147
-57219.652 206.57152
Targeting migration to vicinity of:
D E
D G
C A
F B

C F
C A
B F
B A
D E
D G
D E
D G
F C
F B
A C
A B
Trying A B
(F:0.0442809,A:0.0358421):0.0266852 B:0.0143024
1->2 0.0029463528 207.02531 206.57152
2->1 0.038631834 210.63901 207.02531
p2->1 0.099995285 210.63902 210.63901
(F:0.0442809,A:0.0358421):0.0363709 (C:0.00884557,B:0.0143024):0.0181682
1->2 0.099995285 210.63902 210.63902
p2->1 0.00553957 206.57152 210.63902
A:0.0358421 B:0.0143024
1->2 0.0024304674 207.0742 210.63902
2->1 0.0018625207 206.70779 210.63902
p2->1 0.001643893 206.65758 210.63902
A:0.0361106 (C:0.00884528,B:0.0143021):0.0178247
1->2 0.013056064 210.63902 210.63902
p2->1 0.00069565739 206.57152 210.63902
Trying A C
(F:0.0442438,A:0.0359292):0.0267038 (C:0.00884557,B:0.0143024):0.0178168
(F:0.0442438,A:0.0359292):0.0267038 C:0.00884557
1->2 0.0029634435 207.03043 210.63902
2->1 0.038631834 210.63901 210.63902
A:0.0358421 (B:0.0143022,C:0.00884571):0.0181678
A:0.0358421 C:0.00884571
1->2 0.0024445727 207.07811 210.63902
2->1 0.0018068991 206.6893 210.63902
Trying B A
B:0.0142989 (F:0.0441126,A:0.0361405):0.0267634
B:0.0142989 A:0.0361405
(B:0.0142989,C:0.00884847):0.0178275 (F:0.0441126,A:0.0361405):0.0267634
(B:0.0142989,C:0.00884847):0.0178275 A:0.0361405
Trying B F
B:0.0142989 F:0.0441126
1->2 0.0018068991 206.70041 210.63902
2->1 0.0023939221 207.07196 210.63902
p1->2 0.0015947899 206.65283 210.63902
B:0.0143024 (A:0.0356964,F:0.0445684):0.026753
(C:0.00884557,B:0.0143024):0.0178239 F:0.0445684
2->1 0.013056064 210.63902 210.63902
p1->2 0.099995285 206.57152 210.63902
(C:0.00884557,B:0.0143024):0.0178168 (A:0.0299124,F:0.0612558):0.02965
Trying C A
(C:0.00884557,B:0.0143024):0.0178168 (A:0.0299124,F:0.0612558):0.02965
(C:0.00884557,B:0.0143024):0.0178168 A:0.0299124
C:0.00884557 (A:0.0299124,F:0.0612558):0.02965
C:0.00884557 A:0.0299124
Trying C F
(C:0.00884557,B:0.0143024):0.0178168 F:0.0612558
(C:0.00884557,B:0.0143024):0.0178168 (A:0.0299124,F:0.0612558):0.02965
C:0.00884557 F:0.0612558
1->2 0.0017529356 206.68285 210.63902
2->1 0.0024164431 207.07575 210.63902
C:0.00910144 (A:0.0358232,F:0.0442994):0.0267146
Trying D E
D:0.0359089 E:0.119789
1->2 0.0026712604 206.83211 210.63902
2->1 0.0071536894 210.63901 210.63902
p1->2 4.0751289e-05 206.57152 210.63902
p2->1 0.099995285 210.63902 210.63902
D:0.0511707 (G:0.139981,E:0.119789):0.0983496
1->2 0.099995285 210.63902 210.63902
p2->1 4.0751289e-05 206.57152 210.63902
Trying D G
D:0.0360198 G:0.139981
1->2 0.0029740555 206.90124 210.63902
2->1 0.0071536894 210.63901 210.63902
p1->2 0.099995285 206.57152 210.63902
D:0.0360147 (E:0.108888,G:0.184927):0.109016
Trying F B
F:0.0442809 B:0.0143024
F:0.0442809 (B:0.0143024,C:0.00884557):0.0178168
(A:0.0358421,F:0.0442809):0.0266852 B:0.0143024
(A:0.0358421,F:0.0442809):0.0266852 (B:0.0143024,C:0.00884557):0.0178168
Trying F C
F:0.0442809 (B:0.0143024,C:0.00884557):0.0178168
F:0.0442809 C:0.00884557
(A:0.0358421,F:0.0442809):0.0266852 (B:0.0143024,C:0.00884557):0.0178168
(A:0.0358421,F:0.0442809):0.0266852 C:0.00884557
Migration added
Local updates around node 1: 0 ln(lk):210.63902 
Local updates around node 2: 0 ln(lk):210.63902 
Updates in migration position: 0 ln(lk):210.63902 
Switches in migration direction: 0 ln(lk):210.63902 
ln(likelihood):210.63902 
Targeting migration to vicinity of:
E E
E A
D E
A A

A A
D E
E A
E E
Trying A A
A:0.0358421 A:0.0358421
p1->2 3.6306955e-07 210.63902 210.63902
A:0.0358421 (F:0.0442809,A:0.0358421):0.0363703
(F:0.0442809,A:0.0358421):0.0363703 A:0.0358421
(F:0.0442809,A:0.0358421):0.0363703 (F:0.0442809,A:0.0358421):0.0363703
Trying D E
D:0.0356633 E:0.119789
1->2 3.3026194e-07 210.63902 210.63902
2->1 0.0008357527 210.63902 210.63902
p1->2 0.099995285 210.63902 210.63902
p2->1 0.099995285 210.63902 210.63902
Trying E A
E:0.119789 A:0.0358421
1->2 3.0968394e-07 210.63902 210.63902
2->1 3.0968394e-07 210.63902 210.63902
p1->2 3.6306955e-07 210.63902 210.63902
p2->1 0.099995285 210.63902 210.63902
Trying E E
(G:0.129768,E:0.159234):0.102135 (G:0.129768,E:0.159234):0.102135
p1->2 0.099995285 210.63902 210.63902
(G:0.139981,E:0.119789):0.113482 E:0.119789
1->2 0.0010948586 210.63902 210.63902
p1->2 0.0008357527 210.63902 210.63902
E:0.120067 (G:0.139904,E:0.120067):0.0919987
E:0.120067 E:0.120067
ln(likelihood):210.63902 
DONE.
