
TreeMix v. 1.13
$Revision: 231 $

npop:7 nsnp:17937834
Estimating covariance matrix in 17937 blocks of size 1000
SEED: 1607917923
Starting from:
((G:0.209551,A:0.0762831):0.0444195,D:0.0444195);
Adding E [4/7]
ln(likelihood): -10034.43 
((A:0.07514,(G:0.139752,E:0.11956):0.102271):0.0426634,D:0.0426634);
Adding C [5/7]
ln(likelihood): -6176.8317 
((A:0.0797302,(G:0.141589,E:0.121396):0.102501):0.0245047,(D:0.0403299,C:0.0266112):0.0245047);
Adding B [6/7]
ln(likelihood): -682.91218 
(((G:0.140746,E:0.120554):0.0981263,(D:0.0367116,(C:0.00957391,B:0.0150308):0.0179132):0.0513635):0.0446747,A:0.0446747);
Adding F [7/7]
ln(likelihood): 212.95774 
((((G:0.139982,E:0.11979):0.098112,(D:0.0360153,(C:0.00884569,B:0.0143026):0.0178173):0.0511802):0.0533719,A:0.0358415):0.0221404,F:0.0221404);
Testing global rearrangements
G:0.139982 D:0.0360153
-162277.98 212.95774
D:0.0360153 C:0.00884569
-6150.1803 212.95774
D:0.0360153 B:0.0143026
-6150.1803 212.95774
A:0.0358415 D:0.0360153
-135078.21 212.95774
A:0.0358415 F:0.0221404
212.95774 212.95774
F:0.0221404 E:0.11979
-136103.14 212.95774
F:0.0221404 C:0.00884569
-199493.23 212.95774
F:0.0221404 (C:0.00884569,B:0.0143026):0.0178173
-134869.4 212.95774
F:0.0221404 B:0.0143026
-199493.23 212.95774
F:0.0221404 A:0.0358415
212.95774 212.95774
Targeting migration to vicinity of:
D E
G D
A C
A B

A C
A B
F C
F B
A C
A B
F C
F B
D G
D E
G D
E D
Trying A B
A:0.0358415 B:0.0143026
1->2 0.0024304674 214.14497 212.95774
2->1 0.0018625207 213.28015 214.14497
p1->2 0.0023939221 214.13974 214.14497
p2->1 0.001643893 213.16138 214.14497
A:0.03611 (C:0.0088454,B:0.0143023):0.0178253
1->2 0.013056064 222.57012 214.14497
p1->2 0.013056064 222.57012 222.57012
p2->1 0.0010948586 212.95774 222.57012
Trying A C
A:0.0359786 C:0.00884569
1->2 0.0024304674 214.15476 222.57012
2->1 0.0018068991 213.23645 222.57012
p1->2 0.0024164431 214.14923 222.57012
A:0.0358226 (B:0.0140897,C:0.00910156):0.0179668
Trying D E
D:0.0359095 (G:0.139982,E:0.11979):0.0980534
1->2 0.056945603 222.57012 222.57012
2->1 0.010928518 222.57012 222.57012
p2->1 4.0751289e-05 212.95771 222.57012
D:0.0360203 E:0.11979
1->2 0.0026712604 213.57554 222.57012
2->1 0.0071536894 222.57011 222.57012
p1->2 4.0751289e-05 212.95774 222.57012
Trying D G
D:0.0360153 (G:0.139978,E:0.119804):0.098116
D:0.0360153 G:0.139978
1->2 0.0029740555 213.73676 222.57012
2->1 0.0071536894 222.57011 222.57012
p1->2 0.43606377 212.95774 222.57012
Trying E D
(E:0.0439248,G:0.574689):0.173977 D:0.0360153
E:0.0439248 D:0.0360153
Trying F B
F:0.0221404 B:0.0143026
1->2 0.0023939221 214.13974 222.57012
2->1 0.0018068991 213.2629 222.57012
p2->1 0.0016040532 213.15028 222.57012
F:0.022285 (C:0.00884569,B:0.0143026):0.0178245
1->2 0.013056064 222.57012 222.57012
p2->1 0.099995285 212.95774 222.57012
Trying F C
F:0.0306279 C:0.00884569
1->2 0.0024164431 214.14923 222.57012
2->1 0.0017529356 213.22135 222.57012
F:0.0223 (B:0.0142992,C:0.0088485):0.0178277
Trying G D
(E:0.11979,G:0.139982):0.0980541 D:0.0360056
G:0.139982 D:0.0360056
Migration added
Local updates around node 1: 0 ln(lk):222.57012 
Local updates around node 2: 0 ln(lk):222.57012 
Updates in migration position: 0 ln(lk):222.57012 
Switches in migration direction: 0 ln(lk):222.57012 
ln(likelihood):222.57012 
DONE.
