
TreeMix v. 1.13
$Revision: 231 $

npop:7 nsnp:17937834
Estimating covariance matrix in 5275 blocks of size 3400
SEED: 1607918213
Starting from:
((D:0.0307234,C:0.015108):0.0782701,A:0.0782701);
Adding E [4/7]
ln(likelihood): -5967.7442 
((D:0.0524502,C:0.0378178):0.0256825,(A:0.0822824,E:0.197648):0.0256825);
Adding G [5/7]
ln(likelihood): -1789.885 
((D:0.0403321,C:0.0266124):0.0245059,(A:0.0797327,(E:0.121399,G:0.141592):0.102492):0.0245059);
Adding B [6/7]
ln(likelihood): -103.35812 
(A:0.0446763,((E:0.120556,G:0.140749):0.0981168,(D:0.0367135,(C:0.00957423,B:0.0150313):0.017914):0.0513661):0.0446763);
Adding F [7/7]
ln(likelihood): 202.9681 
(A:0.0179202,(((E:0.119792,G:0.139985):0.0981025,(D:0.0360171,(C:0.00884593,B:0.014303):0.0178182):0.0511827):0.0533763,F:0.0442809):0.0179202);
Testing global rearrangements
A:0.0179202 C:0.00884593
-60430.169 202.9681
A:0.0179202 (C:0.00884593,B:0.014303):0.0178182
-40562.323 202.9681
A:0.0179202 B:0.014303
-60430.169 202.9681
E:0.119792 A:0.0179202
-38882.185 202.9681
E:0.119792 ((E:0.119792,G:0.139985):0.0981025,(D:0.0360171,(C:0.00884593,B:0.014303):0.0178182):0.0511827):0.0533763
-23844.627 202.9681
E:0.119792 (((E:0.119792,G:0.139985):0.0981025,(D:0.0360171,(C:0.00884593,B:0.014303):0.0178182):0.0511827):0.0533763,F:0.0442809):0.0179202
-38882.185 202.9681
D:0.0360171 A:0.0179202
-40999.576 202.9681
D:0.0360171 ((E:0.119792,G:0.139985):0.0981025,(D:0.0360171,(C:0.00884593,B:0.014303):0.0178182):0.0511827):0.0533763
-19492.093 202.9681
D:0.0360171 F:0.0442809
-40999.576 202.9681
C:0.00884593 D:0.0360171
-1733.9905 202.9681
F:0.0442809 D:0.0360171
-40498.856 202.9681
Targeting migration to vicinity of:
D E
D G
A B
B F

A C
A B
F C
F B
C A
C F
B A
B F
D E
D G
D E
D G
Trying A B
A:0.0179202 (C:0.00884593,B:0.014303):0.0178182
1->2 0.013056064 205.85375 202.9681
2->1 0.001643893 203.02912 205.85375
p2->1 0.033863567 202.9681 205.85375
A:0.0201667 B:0.014303
1->2 0.0024304674 203.32462 205.85375
2->1 0.0018517675 203.06472 205.85375
Trying A C
A:0.0180742 C:0.00884033
1->2 0.0024445727 203.32741 205.85375
2->1 0.0017964664 203.05161 205.85375
A:0.0180686 (B:0.0142995,C:0.00884881):0.0178288
Trying B A
(B:0.0142995,C:0.00884881):0.0178288 A:0.0180686
B:0.0142995 A:0.0180686
Trying B F
(B:0.0142995,C:0.00884881):0.0178288 F:0.0441135
1->2 0.0015947899 203.02574 205.85375
2->1 0.013056064 205.85375 205.85375
p1->2 0.00026379287 202.9681 205.85375
p2->1 0.013056064 205.85375 205.85375
B:0.014303 F:0.0442809
1->2 0.0018068991 203.05948 205.85375
2->1 0.0023939221 203.32302 205.85375
p2->1 0.0024304674 203.32462 205.85375
Trying C A
C:0.00863316 A:0
(C:0.00863316,B:0.0145856):0.0179677 A:0
Trying C F
C:0.00863316 F:0.0442633
1->2 0.0017529356 203.04702 205.85375
2->1 0.0024164431 203.32572 205.85375
p2->1 0.0024445727 203.32741 205.85375
(B:0.014089,C:0.00910345):0.0179685 F:0.0442632
Trying D E
D:0.0359109 E:0.119792
1->2 0.0026712604 203.15281 205.85375
2->1 0.0071536894 205.85375 205.85375
p1->2 4.0751289e-05 202.9681 205.85375
p2->1 0.016859977 205.85375 205.85375
D:0.0385133 (G:0.139985,E:0.119792):0.0983368
1->2 0.05120283 205.85375 205.85375
p2->1 4.0751289e-05 202.96809 205.85375
Trying D G
D:0.0360221 (G:0.139985,E:0.119792):0.0981025
D:0.0360221 G:0.139985
1->2 0.0029740555 203.20202 205.85375
2->1 0.0071536894 205.85375 205.85375
p1->2 0.010928518 202.9681 205.85375
Trying F B
F:0.0442809 (B:0.014303,C:0.00884593):0.0178182
F:0.0442809 B:0.014303
Trying F C
F:0.0442809 C:0.00884593
F:0.0442809 (B:0.014303,C:0.00884593):0.0178182
Migration added
Local updates around node 1: 0 ln(lk):205.85375 
Local updates around node 2: 0 ln(lk):205.85375 
Updates in migration position: 0 ln(lk):205.85375 
Switches in migration direction: 0 ln(lk):205.85375 
ln(likelihood):205.85375 
Targeting migration to vicinity of:
A E
A G
D F
B F

A E
A G
A E
A G
C F
D F
B F
C F
D F
B F
Trying A E
A:0.0179202 (G:0.139985,E:0.119792):0.205124
1->2 0.099995285 205.85375 205.85375
2->1 0.099995285 205.85375 205.85375
p2->1 0.099995285 205.85375 205.85375
A:0.0242733 E:0.119792
1->2 3.6306955e-07 205.85375 205.85375
2->1 3.0968394e-07 205.85375 205.85375
Trying A G
A:0.0179203 (G:0.139985,E:0.119792):0.205124
A:0.0179203 G:0.139985
1->2 3.6306955e-07 205.85375 205.85375
2->1 3.0968394e-07 205.85375 205.85375
Trying B F
B:0.014303 F:0.0442808
1->2 3.0968394e-07 205.85375 205.85375
2->1 3.8719494e-07 205.85375 205.85375
p1->2 3.0968394e-07 205.85375 205.85375
p2->1 3.8719494e-07 205.85375 205.85375
(C:0.0088459,B:0.014303):0.0174668 F:0.0442809
2->1 0.0008357527 205.85375 205.85375
p1->2 0.099995285 205.85375 205.85375
p2->1 4.0751289e-05 205.85375 205.85375
Trying C F
(C:0.00884593,B:0.014303):0.0174724 F:0.0442809
C:0.00884593 F:0.0442809
1->2 3.0968394e-07 205.85375 205.85375
2->1 3.8719494e-07 205.85375 205.85375
p2->1 3.8719494e-07 205.85375 205.85375
Trying D F
D:0.0363685 F:0.0442809
1->2 3.0968394e-07 205.85375 205.85375
2->1 0.099995285 205.85375 205.85375
p2->1 4.0751289e-05 205.85375 205.85375
Migration added
Local updates around node 1: 0 ln(lk):205.85375 
Local updates around node 2: 0 ln(lk):205.85375 
Updates in migration position: 0 ln(lk):205.85375 
Switches in migration direction: 0 ln(lk):205.85375 
ln(likelihood):205.85375 
Targeting migration to vicinity of:
D D
D D
D D
D D

ln(likelihood):205.85375 
DONE.
