
TreeMix v. 1.13
$Revision: 231 $

npop:7 nsnp:17937834
Estimating covariance matrix in 4982 blocks of size 3600
SEED: 1607918352
Starting from:
((F:0.0162171,A:0.00777673):0.147222,E:0.147222);
Adding D [4/7]
ln(likelihood): -6445.3792 
(((F:0.0449282,A:0.0364878):0.0639057,E:0.194034):0.0429601,D:0.0429601);
Adding B [5/7]
ln(likelihood): -6383.1787 
(((F:0.0477014,A:0.039261):0.06111,E:0.200599):0.0237544,(D:0.0442522,B:0.0358138):0.0237544);
Adding G [6/7]
ln(likelihood): 142.03836 
(B:0.0160444,(D:0.036122,((F:0.044405,A:0.0359646):0.0534696,(E:0.119963,G:0.140156):0.0980099):0.0513057):0.0160444);
Adding C [7/7]
ln(likelihood): 202.34235 
((((F:0.0442808,A:0.0358405):0.0533759,(E:0.119792,G:0.139985):0.0981036):0.0511825,(B:0.0143028,C:0.00884595):0.017818):0.0180085,D:0.0180085);
Testing global rearrangements
F:0.0442808 ((F:0.0442808,A:0.0358405):0.0533759,(E:0.119792,G:0.139985):0.0981036):0.0511825
-13353.963 202.34235
F:0.0442808 B:0.0143028
-56981.421 202.34235
F:0.0442808 (B:0.0143028,C:0.00884595):0.017818
-38276.786 202.34235
F:0.0442808 C:0.00884595
-56981.421 202.34235
E:0.119792 F:0.0442808
-36740.83 202.34235
B:0.0143028 F:0.0442808
-56883.257 202.34235
B:0.0143028 (F:0.0442808,A:0.0358405):0.0533759
-33466.971 202.34235
B:0.0143028 A:0.0358405
-56883.257 202.34235
D:0.0180085 E:0.119792
-48424.836 202.34235
D:0.0180085 (E:0.119792,G:0.139985):0.0981036
-18414.472 202.34235
D:0.0180085 G:0.139985
-48424.836 202.34235
D:0.0180085 B:0.0143028
-1630.2603 202.34235
Targeting migration to vicinity of:
E D
D G
F B
A B

A B
A C
F B
F C
D E
D G
E D
G D
A B
A C
F B
F C
Trying A B
(F:0.0442808,A:0.0358405):0.0533759 B:0.0143028
1->2 0.0029463528 202.64657 202.34235
2->1 0.038631834 205.07019 202.64657
p1->2 0.033863567 202.34235 205.07019
p2->1 0.099995285 205.07019 205.07019
(F:0.0442808,A:0.0358405):0.072749 (C:0.00884595,B:0.0143028):0.0181694
1->2 0.099995285 205.07019 205.07019
p2->1 4.0751289e-05 202.34235 205.07019
A:0.0358405 B:0.0143028
1->2 0.0024304674 202.67936 205.07019
2->1 0.0018625207 202.43371 205.07019
p2->1 0.001643893 202.40004 205.07019
A:0.036109 (C:0.00884566,B:0.0143025):0.0178259
1->2 0.013056064 205.07019 205.07019
p2->1 6.2353583e-06 202.34235 205.07019
Trying A C
(F:0.0442803,A:0.0358415):0.0533764 (C:0.00884595,B:0.0143028):0.017818
(F:0.0442803,A:0.0358415):0.0533764 C:0.00884595
1->2 0.0029634435 202.65004 205.07019
2->1 0.038631834 205.07019 205.07019
p1->2 4.0751289e-05 202.34235 205.07019
A:0.0358405 (B:0.0143021,C:0.0088474):0.0178187
A:0.0358405 C:0.0088474
1->2 0.0024304674 202.68201 205.07019
2->1 0.0018068991 202.42131 205.07019
Trying D E
D:0.0180035 E:0.119792
1->2 0.0026712604 202.51697 205.07019
2->1 0.0071536894 205.07019 205.07019
p2->1 0.099995285 205.07019 205.07019
D:0.0255869 (G:0.139985,E:0.119792):0.0983379
1->2 0.099995285 205.07019 205.07019
p2->1 0.0026463708 202.34235 205.07019
Trying D G
D:0.0181041 (G:0.139985,E:0.119792):0.0981036
D:0.0181041 G:0.139985
1->2 0.0029634435 202.56355 205.07019
2->1 0.0071536894 205.07019 205.07019
Trying E D
E:0.119792 D:0.0186318
(E:0.119792,G:0.139985):0.0983381 D:0.0186318
Trying F B
F:0.0442808 B:0.0143028
1->2 0.0023939221 202.67784 205.07019
2->1 0.0018068991 202.42872 205.07019
p2->1 0.0016040532 202.39683 205.07019
F:0.04457 (C:0.00884595,B:0.0143028):0.0178252
1->2 0.013056064 205.07019 205.07019
p2->1 6.2353583e-06 202.34235 205.07019
(A:0.03584,F:0.0442819):0.0533764 B:0.0143028
(A:0.03584,F:0.0442819):0.0533764 (C:0.00884595,B:0.0143028):0.017818
Trying F C
F:0.0442819 (C:0.00884595,B:0.0143028):0.017818
F:0.0442819 C:0.00884595
1->2 0.0024164431 202.68042 205.07019
2->1 0.001763116 202.41695 205.07019
(A:0.0356762,F:0.0446018):0.0535285 (B:0.0142994,C:0.00884877):0.0178284
(A:0.0356762,F:0.0446018):0.0535285 C:0.00884877
Trying G D
(E:0.119792,G:0.139985):0.0980454 D:0.0180036
G:0.139985 D:0.0180036
Migration added
Local updates around node 1: 0 ln(lk):205.07019 
Local updates around node 2: 0 ln(lk):205.07019 
Updates in migration position: 0 ln(lk):205.07019 
Switches in migration direction: 0 ln(lk):205.07019 
ln(likelihood):205.07019 
Targeting migration to vicinity of:
B B
B B
B B
B B

B B
Trying B B
(((E:0.119792,G:0.139985):0.0919096,(F:0.0442808,A:0.0358405):0.072748):0.0572593,(C:0.00884595,B:0.0143028):0.0181694):0.0178327 (((E:0.119792,G:0.139985):0.0919096,(F:0.0442808,A:0.0358405):0.072748):0.0572593,(C:0.00884595,B:0.0143028):0.0181694):0.0178327
B:0.0143028 (((E:0.119792,G:0.139985):0.0919096,(F:0.0442808,A:0.0358405):0.072748):0.0572593,(C:0.00884595,B:0.0143028):0.0181694):0.0178327
2->1 4.4451434e-07 205.07019 205.07019
B:0.0143029 B:0.0143029
p1->2 0.0010948586 205.07019 205.07019
B:0.0143342 (C:0.00884595,B:0.0143342):0.0181694
(C:0.00884595,B:0.0143342):0.0181694 (((E:0.119792,G:0.139985):0.0919096,(F:0.0442808,A:0.0358405):0.072748):0.0572593,(C:0.00884595,B:0.0143342):0.0181694):0.0178327
2->1 0.099995285 205.07019 205.07019
(C:0.00884595,B:0.0143028):0.0224312 B:0.0143028
(C:0.00884595,B:0.0143028):0.0224312 (C:0.00884595,B:0.0143028):0.0224312
ln(likelihood):205.07019 
Targeting migration to vicinity of:
B B
B B
B B
B B

B B
Trying B B
(((E:0.119792,G:0.139985):0.0919099,(F:0.0442808,A:0.0358405):0.0727469):0.057259,(C:0.00884595,B:0.0143028):0.0181694):0.0178327 (((E:0.119792,G:0.139985):0.0919099,(F:0.0442808,A:0.0358405):0.0727469):0.057259,(C:0.00884595,B:0.0143028):0.0181694):0.0178327
B:0.0143028 (((E:0.119792,G:0.139985):0.0919099,(F:0.0442808,A:0.0358405):0.0727469):0.057259,(C:0.00884595,B:0.0143028):0.0181694):0.0178327
2->1 4.4451434e-07 205.07019 205.07019
B:0.0143029 B:0.0143029
p1->2 0.0010948586 205.07019 205.07019
B:0.0143342 (C:0.00884595,B:0.0143342):0.0181694
(C:0.00884595,B:0.0143342):0.0181694 (((E:0.119792,G:0.139985):0.0919099,(F:0.0442808,A:0.0358405):0.0727469):0.057259,(C:0.00884595,B:0.0143342):0.0181694):0.0178327
2->1 0.099995285 205.07019 205.07019
(C:0.00884595,B:0.0143028):0.0224312 B:0.0143028
(C:0.00884595,B:0.0143028):0.0224312 (C:0.00884595,B:0.0143028):0.0224312
ln(likelihood):205.07019 
Targeting migration to vicinity of:
B B
B B
B B
B B

B B
Trying B B
(((E:0.119792,G:0.139985):0.0919102,(F:0.0442808,A:0.0358405):0.0727459):0.0572587,(C:0.00884595,B:0.0143028):0.0181694):0.0178327 (((E:0.119792,G:0.139985):0.0919102,(F:0.0442808,A:0.0358405):0.0727459):0.0572587,(C:0.00884595,B:0.0143028):0.0181694):0.0178327
B:0.0143028 (((E:0.119792,G:0.139985):0.0919102,(F:0.0442808,A:0.0358405):0.0727459):0.0572587,(C:0.00884595,B:0.0143028):0.0181694):0.0178327
2->1 4.4451434e-07 205.07019 205.07019
B:0.0143029 B:0.0143029
p1->2 0.0010948586 205.07019 205.07019
B:0.0143342 (C:0.00884595,B:0.0143342):0.0181694
(C:0.00884595,B:0.0143342):0.0181694 (((E:0.119792,G:0.139985):0.0919102,(F:0.0442808,A:0.0358405):0.0727459):0.0572587,(C:0.00884595,B:0.0143342):0.0181694):0.0178327
2->1 0.099995285 205.07019 205.07019
(C:0.00884595,B:0.0143028):0.0224312 B:0.0143028
(C:0.00884595,B:0.0143028):0.0224312 (C:0.00884595,B:0.0143028):0.0224312
ln(likelihood):205.07019 
DONE.
