
TreeMix v. 1.13
$Revision: 231 $

npop:7 nsnp:17937834
Estimating covariance matrix in 14948 blocks of size 1200
SEED: 1607918493
Starting from:
(A:0.0870299,(B:0.0122204,C:0.00676357):0.0870299);
Adding F [4/7]
ln(likelihood): -31515.264 
((B:0.0153573,C:0.00990047):0.0657143,(A:0.0451165,F:0.0535553):0.0657143);
Adding D [5/7]
ln(likelihood): -61567.78 
((A:0.0417875,F:0.0502263):0.0549593,((B:0.020763,C:0.0153062):0.018258,D:0.0428717):0.0549593);
Adding E [6/7]
ln(likelihood): -3566.775 
(((A:0.0369782,F:0.045417):0.0533624,((B:0.0154677,C:0.0100109):0.0177209,D:0.037212):0.051092):0.110474,E:0.110474);
Adding G [7/7]
ln(likelihood): 212.06494 
((((B:0.0143024,C:0.00884557):0.0178168,D:0.0360147):0.0511793,(E:0.119789,G:0.139981):0.0981153):0.0266852,(A:0.0358421,F:0.0442809):0.0266852);
Testing global rearrangements
B:0.0143024 A:0.0358421
-166765.36 212.06494
B:0.0143024 (A:0.0358421,F:0.0442809):0.0266852
-98220.505 212.06494
B:0.0143024 F:0.0442809
-166765.36 212.06494
D:0.0360147 B:0.0143024
-5131.0539 212.06494
D:0.0360147 E:0.119789
-143403.3 212.06494
D:0.0360147 (E:0.119789,G:0.139981):0.0981153
-54682.689 212.06494
D:0.0360147 G:0.139981
-143403.3 212.06494
E:0.119789 A:0.0358421
-108462.2 212.06494
E:0.119789 (A:0.0358421,F:0.0442809):0.0266852
-66877.859 212.06494
E:0.119789 F:0.0442809
-108462.2 212.06494
A:0.0358421 B:0.0143024
-167762.62 212.06494
A:0.0358421 (B:0.0143024,C:0.00884557):0.0178168
-113147.57 212.06494
A:0.0358421 C:0.00884557
-167762.62 212.06494
A:0.0358421 ((B:0.0143024,C:0.00884557):0.0178168,D:0.0360147):0.0511793
-39544.509 212.06494
A:0.0358421 D:0.0360147
-113147.57 212.06494
(A:0.0358421,F:0.0442809):0.0266852 E:0.119789
-66877.859 212.06494
F:0.0442809 B:0.0143024
-167306.52 212.06494
F:0.0442809 (B:0.0143024,C:0.00884557):0.0178168
-112972.49 212.06494
F:0.0442809 C:0.00884557
-167306.52 212.06494
F:0.0442809 ((B:0.0143024,C:0.00884557):0.0178168,D:0.0360147):0.0511793
-39544.509 212.06494
F:0.0442809 D:0.0360147
-112972.49 212.06494
Targeting migration to vicinity of:
D E
D G
C F
A B

A B
A C
F B
F C
B A
B F
C A
C F
D E
D G
D E
D G
Trying A B
(A:0.0358421,F:0.0442809):0.0266852 (B:0.0143024,C:0.00884557):0.0178168
1->2 0.099995285 220.11026 212.06494
2->1 0.099995285 220.11026 220.11026
p2->1 0.016859977 212.06494 220.11026
(A:0.0358421,F:0.0442809):0.0276083 B:0.0143024
1->2 0.0029463528 212.96197 220.11026
2->1 0.038631834 220.11025 220.11026
A:0.0358421 (C:0.00884538,B:0.0143025):0.0181678
1->2 0.013056064 220.11026 220.11026
2->1 0.001643893 212.23531 220.11026
p2->1 0.016859977 212.06494 220.11026
A:0.0380129 B:0.0143024
1->2 0.0024304674 213.05879 220.11026
2->1 0.0018625207 212.3347 220.11026
Trying A C
(F:0.0441054,A:0.0361518):0.0267667 C:0.00883994
1->2 0.0029634435 212.97237 220.11026
2->1 0.038631834 220.11025 220.11026
(F:0.0442809,A:0.0358421):0.0301884 (B:0.0143022,C:0.00884571):0.0181678
A:0.0358421 C:0.00884571
1->2 0.0024445727 213.06683 220.11026
2->1 0.0018068991 212.29812 220.11026
A:0.0361405 (B:0.0142989,C:0.00884847):0.0178275
Trying B A
(B:0.0142989,C:0.00884847):0.0178275 (F:0.0441126,A:0.0361405):0.0267634
(B:0.0142989,C:0.00884847):0.0178275 A:0.0361405
B:0.0142989 (F:0.0441126,A:0.0361405):0.0267634
B:0.0142989 A:0.0361405
Trying B F
(B:0.0142989,C:0.00884847):0.0178275 F:0.0441126
1->2 0.0016040532 212.22603 220.11026
2->1 0.013056064 220.11026 220.11026
p1->2 0.099995285 212.06494 220.11026
(B:0.0143024,C:0.00884557):0.0178168 (A:0.0299124,F:0.0612558):0.02965
B:0.0143024 F:0.0612558
1->2 0.0018068991 212.32026 220.11026
2->1 0.0023939221 213.05439 220.11026
B:0.0145824 (A:0.0358231,F:0.0442996):0.0267145
Trying C A
C:0.00863431 (A:0.0358231,F:0.0442996):0.0267145
C:0.00863431 A:0.0358231
(C:0.00863431,B:0.0145824):0.0179651 (A:0.0358231,F:0.0442996):0.0267145
(C:0.00863431,B:0.0145824):0.0179651 A:0.0358231
Trying C F
C:0.00863431 F:0.0442996
1->2 0.0017529356 212.28549 220.11026
2->1 0.0024164431 213.06218 220.11026
C:0.00910144 (A:0.0358232,F:0.0442994):0.0267146
(B:0.0140895,C:0.00910144):0.0179662 F:0.0442994
(B:0.0140895,C:0.00910144):0.0179662 (A:0.0358232,F:0.0442994):0.0267146
Trying D E
D:0.0359089 E:0.119789
1->2 0.0026712604 212.58167 220.11026
2->1 0.0071536894 220.11025 220.11026
p1->2 4.0751289e-05 212.06494 220.11026
p2->1 0.099995285 220.11026 220.11026
D:0.0511707 (G:0.139981,E:0.119789):0.0983496
1->2 0.099995285 220.11026 220.11026
p2->1 4.0751289e-05 212.06492 220.11026
Trying D G
D:0.0360198 (G:0.139981,E:0.119789):0.0981153
D:0.0360198 G:0.139981
1->2 0.0029740555 212.71706 220.11026
2->1 0.0071536894 220.11025 220.11026
p1->2 0.099995285 212.06494 220.11026
Trying F B
F:0.0442809 (B:0.0143024,C:0.00884557):0.0178168
F:0.0442809 B:0.0143024
(A:0.0358421,F:0.0442809):0.0266852 (B:0.0143024,C:0.00884557):0.0178168
(A:0.0358421,F:0.0442809):0.0266852 B:0.0143024
Trying F C
F:0.0442809 C:0.00884557
F:0.0442809 (B:0.0143024,C:0.00884557):0.0178168
(A:0.0358421,F:0.0442809):0.0266852 C:0.00884557
(A:0.0358421,F:0.0442809):0.0266852 (B:0.0143024,C:0.00884557):0.0178168
Migration added
Local updates around node 1: 0 ln(lk):220.11026 
Local updates around node 2: 0 ln(lk):220.11026 
Updates in migration position: 0 ln(lk):220.11026 
Switches in migration direction: 0 ln(lk):220.11026 
ln(likelihood):220.11026 
Targeting migration to vicinity of:
B E
B G
F E
C G

B E
B G
C G
D E
B E
B G
C G
D E
B E
B G
C G
D E
F E
Trying B E
B:0.0143024 E:0.119789
1->2 3.0968394e-07 220.11026 220.11026
2->1 3.0968394e-07 220.11026 220.11026
p1->2 3.0968394e-07 220.11026 220.11026
p2->1 3.8719494e-07 220.11026 220.11026
B:0.0143024 (G:0.139981,E:0.119789):0.0976468
1->2 0.099995285 220.11026 220.11026
p1->2 0.099995285 220.11026 220.11026
p2->1 3.8719494e-07 220.11026 220.11026
Trying B G
(D:0.0299383,(C:0.00884555,B:0.0143024):0.0287037):0.0572558 G:0.139981
1->2 0.099995285 220.11026 220.11026
2->1 0.0008357527 220.11026 220.11026
p1->2 0.0008357527 220.11026 220.11026
(C:0.00884557,B:0.0143024):0.0287037 G:0.140297
1->2 3.0968394e-07 220.11026 220.11026
2->1 0.0008357527 220.11026 220.11026
p2->1 0.099995285 220.11026 220.11026
B:0.0143024 G:0.139981
1->2 3.0968394e-07 220.11026 220.11026
2->1 3.0968394e-07 220.11026 220.11026
B:0.0143024 (E:0.119789,G:0.139981):0.0976468
Trying C G
(D:0.0299383,(C:0.00884554,B:0.0143024):0.0287037):0.0572558 G:0.139981
C:0.00884554 G:0.139981
1->2 3.0968394e-07 220.11026 220.11026
2->1 3.0968394e-07 220.11026 220.11026
p2->1 3.8719494e-07 220.11026 220.11026
(B:0.0143024,C:0.0088456):0.0287037 G:0.139981
Trying D E
D:0.0299383 E:0.119789
1->2 3.0968394e-07 220.11026 220.11026
2->1 0.0008357527 220.11026 220.11026
p1->2 0.099995285 220.11026 220.11026
p2->1 0.099995285 220.11026 220.11026
D:0.0448096 (G:0.139981,E:0.119789):0.0983496
1->2 0.099995285 220.11026 220.11026
p2->1 0.099995285 220.11026 220.11026
Trying F E
(A:0.0358421,F:0.0442809):0.0503246 E:0.119789
1->2 3.0968394e-07 220.11026 220.11026
2->1 0.099995285 220.11026 220.11026
p2->1 0.099995285 220.11026 220.11026
F:0.0442809 E:0.119789
1->2 3.0968394e-07 220.11026 220.11026
2->1 3.0968394e-07 220.11026 220.11026
p2->1 3.2717654e-07 220.11026 220.11026
ln(likelihood):220.11026 
Targeting migration to vicinity of:
B E
F E
B G
C F

B E
B G
C G
D E
B E
B G
C G
D E
C F
F E
Trying B E
B:0.0143024 E:0.119789
1->2 3.0968394e-07 220.11026 220.11026
2->1 3.0968394e-07 220.11026 220.11026
p1->2 3.0968394e-07 220.11026 220.11026
p2->1 3.8719494e-07 220.11026 220.11026
B:0.0143024 (G:0.139981,E:0.119789):0.0976468
1->2 0.099995285 220.11026 220.11026
p1->2 0.099995285 220.11026 220.11026
p2->1 3.8719494e-07 220.11026 220.11026
Trying B G
B:0.0143024 G:0.139981
1->2 3.0968394e-07 220.11026 220.11026
2->1 3.0968394e-07 220.11026 220.11026
p1->2 3.0968394e-07 220.11026 220.11026
B:0.0143024 (E:0.119789,G:0.139981):0.0976469
(C:0.00884557,B:0.0143024):0.0287031 G:0.139981
2->1 0.0008357527 220.11026 220.11026
p1->2 0.099995285 220.11026 220.11026
p2->1 0.099995285 220.11026 220.11026
Trying C F
C:0.00884557 F:0.0442809
1->2 3.0968394e-07 220.11026 220.11026
2->1 3.0968394e-07 220.11026 220.11026
p1->2 3.0968394e-07 220.11026 220.11026
p2->1 3.0968394e-07 220.11026 220.11026
Trying C G
C:0.00884559 G:0.139981
1->2 3.0968394e-07 220.11026 220.11026
2->1 3.0968394e-07 220.11026 220.11026
p2->1 3.8719494e-07 220.11026 220.11026
(B:0.0143024,C:0.0088456):0.0287031 G:0.139981
Trying D E
D:0.0299386 E:0.119789
1->2 3.0968394e-07 220.11026 220.11026
2->1 0.0008357527 220.11026 220.11026
p1->2 0.099995285 220.11026 220.11026
p2->1 0.099995285 220.11026 220.11026
Trying F E
(A:0.0358421,F:0.0442809):0.0531361 E:0.119789
1->2 3.0968394e-07 220.11026 220.11026
2->1 0.099995285 220.11026 220.11026
p2->1 0.099995285 220.11026 220.11026
F:0.0442809 E:0.119789
1->2 3.0968394e-07 220.11026 220.11026
2->1 3.0968394e-07 220.11026 220.11026
p2->1 3.2717654e-07 220.11026 220.11026
ln(likelihood):220.11026 
Targeting migration to vicinity of:
B E
B G
F E
C G

B E
B G
C G
D E
B E
B G
C G
D E
B E
B G
C G
D E
F E
Trying B E
B:0.0143024 E:0.119789
1->2 3.0968394e-07 220.11026 220.11026
2->1 3.0968394e-07 220.11026 220.11026
p1->2 3.0968394e-07 220.11026 220.11026
p2->1 3.8719494e-07 220.11026 220.11026
B:0.0143024 (G:0.139981,E:0.119789):0.0976468
1->2 0.099995285 220.11026 220.11026
p1->2 0.099995285 220.11026 220.11026
p2->1 3.8719494e-07 220.11026 220.11026
Trying B G
(D:0.0299389,(C:0.00884555,B:0.0143024):0.0287025):0.0572552 G:0.139981
1->2 0.099995285 220.11026 220.11026
2->1 0.0008357527 220.11026 220.11026
p1->2 0.0008357527 220.11026 220.11026
(C:0.00884557,B:0.0143024):0.0287025 G:0.140297
1->2 3.0968394e-07 220.11026 220.11026
2->1 0.0008357527 220.11026 220.11026
p2->1 0.099995285 220.11026 220.11026
B:0.0143024 G:0.139981
1->2 3.0968394e-07 220.11026 220.11026
2->1 3.0968394e-07 220.11026 220.11026
B:0.0143024 (E:0.119789,G:0.139981):0.0976468
Trying C G
(D:0.0299389,(C:0.00884554,B:0.0143024):0.0287026):0.0572552 G:0.139981
C:0.00884554 G:0.139981
1->2 3.0968394e-07 220.11026 220.11026
2->1 3.0968394e-07 220.11026 220.11026
p2->1 3.8719494e-07 220.11026 220.11026
(B:0.0143024,C:0.0088456):0.0287025 G:0.139981
Trying D E
D:0.0299389 E:0.119789
1->2 3.0968394e-07 220.11026 220.11026
2->1 0.0008357527 220.11026 220.11026
p1->2 0.099995285 220.11026 220.11026
p2->1 0.099995285 220.11026 220.11026
D:0.0448102 (G:0.139981,E:0.119789):0.0983496
1->2 0.099995285 220.11026 220.11026
p2->1 0.099995285 220.11026 220.11026
Trying F E
(A:0.0358421,F:0.0442809):0.0503242 E:0.119789
1->2 3.0968394e-07 220.11026 220.11026
2->1 0.099995285 220.11026 220.11026
p2->1 0.099995285 220.11026 220.11026
F:0.0442809 E:0.119789
1->2 3.0968394e-07 220.11026 220.11026
2->1 3.0968394e-07 220.11026 220.11026
p2->1 3.2717654e-07 220.11026 220.11026
ln(likelihood):220.11026 
Targeting migration to vicinity of:
B E
F E
B G
C G

B E
B G
C G
B E
B G
C G
B E
B G
C G
F E
Trying B E
B:0.0143024 E:0.119789
1->2 3.0968394e-07 220.11026 220.11026
2->1 3.0968394e-07 220.11026 220.11026
p1->2 3.0968394e-07 220.11026 220.11026
p2->1 3.8719494e-07 220.11026 220.11026
B:0.0143024 (G:0.139981,E:0.119789):0.0976468
1->2 0.099995285 220.11026 220.11026
p1->2 0.099995285 220.11026 220.11026
p2->1 3.8719494e-07 220.11026 220.11026
Trying B G
B:0.0143024 G:0.139981
1->2 3.0968394e-07 220.11026 220.11026
2->1 3.0968394e-07 220.11026 220.11026
p1->2 3.0968394e-07 220.11026 220.11026
B:0.0143024 (E:0.119789,G:0.139981):0.0976469
(C:0.00884557,B:0.0143024):0.0287019 G:0.139981
2->1 0.0008357527 220.11026 220.11026
p1->2 0.099995285 220.11026 220.11026
p2->1 0.099995285 220.11026 220.11026
Trying C G
C:0.00884557 G:0.139981
1->2 3.0968394e-07 220.11026 220.11026
2->1 3.0968394e-07 220.11026 220.11026
p2->1 3.8719494e-07 220.11026 220.11026
(B:0.0143024,C:0.0088456):0.0287019 G:0.139981
Trying F E
(A:0.0358421,F:0.0442809):0.0503241 E:0.119789
1->2 3.0968394e-07 220.11026 220.11026
2->1 0.099995285 220.11026 220.11026
p2->1 0.099995285 220.11026 220.11026
F:0.0442809 E:0.119789
1->2 3.0968394e-07 220.11026 220.11026
2->1 3.0968394e-07 220.11026 220.11026
p2->1 3.2717654e-07 220.11026 220.11026
ln(likelihood):220.11026 
DONE.
