
TreeMix v. 1.13
$Revision: 231 $

npop:7 nsnp:17937834
Estimating covariance matrix in 4982 blocks of size 3600
SEED: 1607917923
Starting from:
((G:0.209547,A:0.0762838):0.0444214,D:0.0444214);
Adding E [4/7]
ln(likelihood): -2859.6377 
((A:0.075142,(G:0.139756,E:0.119562):0.102263):0.0426652,D:0.0426652);
Adding C [5/7]
ln(likelihood): -1686.6499 
((A:0.0797324,(G:0.141592,E:0.121399):0.102493):0.0245057,(D:0.0403318,C:0.0266122):0.0245057);
Adding B [6/7]
ln(likelihood): -89.951421 
(((G:0.140749,E:0.120556):0.098118,(D:0.0367133,(C:0.00957424,B:0.0150311):0.0179138):0.0513658):0.0446761,A:0.0446761);
Adding F [7/7]
ln(likelihood): 202.34235 
(F:0.0221404,(((G:0.139985,E:0.119792):0.0981036,(D:0.0360169,(C:0.00884595,B:0.0143028):0.017818):0.0511825):0.0533759,A:0.0358405):0.0221404);
Testing global rearrangements
F:0.0221404 C:0.00884595
-56981.421 202.34235
F:0.0221404 (C:0.00884595,B:0.0143028):0.017818
-38276.786 202.34235
F:0.0221404 B:0.0143028
-56981.421 202.34235
G:0.139985 F:0.0221404
-36740.83 202.34235
G:0.139985 ((G:0.139985,E:0.119792):0.0981036,(D:0.0360169,(C:0.00884595,B:0.0143028):0.017818):0.0511825):0.0533759
-22527.242 202.34235
G:0.139985 (((G:0.139985,E:0.119792):0.0981036,(D:0.0360169,(C:0.00884595,B:0.0143028):0.017818):0.0511825):0.0533759,A:0.0358405):0.0221404
-36740.83 202.34235
D:0.0360169 F:0.0221404
-38749.963 202.34235
D:0.0360169 ((G:0.139985,E:0.119792):0.0981036,(D:0.0360169,(C:0.00884595,B:0.0143028):0.017818):0.0511825):0.0533759
-18414.472 202.34235
D:0.0360169 A:0.0358405
-38749.963 202.34235
C:0.00884595 D:0.0360169
-1630.2603 202.34235
A:0.0358405 D:0.0360169
-38336.982 202.34235
Targeting migration to vicinity of:
D E
G D
B F
A B

A C
A B
F C
F B
C A
C F
B A
B F
D G
D E
G D
E D
Trying A B
A:0.0358405 B:0.0143028
1->2 0.0024304674 202.67936 202.34235
2->1 0.0018517675 202.43371 202.67936
p1->2 0.0023939221 202.67784 202.67936
p2->1 0.001643893 202.40005 202.67936
A:0.036109 (C:0.00884566,B:0.0143025):0.0178259
1->2 0.013056064 205.07019 202.67936
p1->2 0.013056064 205.07019 205.07019
p2->1 0.0053747296 202.34235 205.07019
Trying A C
A:0.0365189 C:0.00884595
1->2 0.0024304674 202.68201 205.07019
2->1 0.0018068991 202.42131 205.07019
p1->2 0.0024164431 202.68042 205.07019
A:0.0358216 (B:0.0140899,C:0.00910183):0.0179675
Trying B A
B:0.0140899 A:0.0358216
(B:0.0140899,C:0.00910183):0.0179675 A:0.0358216
Trying B F
B:0.0140899 F:0.00282318
1->2 0.0018068991 202.42872 205.07019
2->1 0.0023939221 202.67784 205.07019
p1->2 0.0015947899 202.39683 205.07019
(C:0.00884595,B:0.0143028):0.0178252 F:0.0222841
2->1 0.013056064 205.07019 205.07019
p1->2 0.00053671375 202.34235 205.07019
Trying C A
C:0.00884595 A:0.0358118
(C:0.00884595,B:0.0143028):0.017818 A:0.0358118
Trying C F
C:0.00884595 F:0.0221785
1->2 0.0017529356 202.41695 205.07019
2->1 0.0024164431 202.68042 205.07019
(B:0.0140899,C:0.00910183):0.0179675 F:0.0249729
Trying D E
D:0.0359111 (G:0.139985,E:0.119792):0.098045
1->2 0.056945603 205.07019 205.07019
2->1 0.016859977 205.07019 205.07019
p2->1 4.0751289e-05 202.34234 205.07019
D:0.0360219 E:0.119792
1->2 0.0026712604 202.51697 205.07019
2->1 0.0071536894 205.07019 205.07019
p1->2 4.0751289e-05 202.34235 205.07019
Trying D G
D:0.0360169 (G:0.139981,E:0.119806):0.0981076
D:0.0360169 G:0.139981
1->2 0.0029740555 202.56355 205.07019
2->1 0.0071536894 205.07019 205.07019
p1->2 0.3970964 202.34235 205.07019
Trying E D
(E:0.0551769,G:0.492284):0.162719 D:0.0360169
E:0.0551769 D:0.0360169
Trying F B
F:0.0221404 B:0.0143028
F:0.0221404 (B:0.0143028,C:0.00884595):0.017818
Trying F C
F:0.0221404 C:0.00884595
F:0.0221404 (B:0.0143028,C:0.00884595):0.017818
Trying G D
(E:0.0551769,G:0.492284):0.162719 D:0.0360169
G:0.492284 D:0.0360169
Migration added
Local updates around node 1: 0 ln(lk):205.07019 
Local updates around node 2: 0 ln(lk):205.07019 
Updates in migration position: 0 ln(lk):205.07019 
Switches in migration direction: 0 ln(lk):205.07019 
ln(likelihood):205.07019 
DONE.
