
TreeMix v. 1.13
$Revision: 231 $

npop:7 nsnp:17937834
Estimating covariance matrix in 89689 blocks of size 200
SEED: 1607918493
Starting from:
(A:0.0870296,(B:0.0122204,C:0.00676359):0.0870296);
Adding F [4/7]
ln(likelihood): -166908.33 
((B:0.0153574,C:0.00990057):0.0657138,(A:0.0451165,F:0.053555):0.0657138);
Adding D [5/7]
ln(likelihood): -326579.16 
((A:0.0417875,F:0.0502261):0.0549589,((B:0.0207631,C:0.0153063):0.0182579,D:0.0428717):0.0549589);
Adding E [6/7]
ln(likelihood): -19704.949 
(((A:0.0369783,F:0.0454168):0.0533618,((B:0.0154677,C:0.0100109):0.0177209,D:0.037212):0.0510917):0.110474,E:0.110474);
Adding G [7/7]
ln(likelihood): 199.40789 
((((B:0.0143024,C:0.00884555):0.0178167,D:0.0360147):0.051179,(A:0.0358422,F:0.0442807):0.0533698):0.0490581,(E:0.119789,G:0.139981):0.0490581);
Testing global rearrangements
B:0.0143024 A:0.0358422
-868234.29 199.40789
B:0.0143024 (A:0.0358422,F:0.0442807):0.0533698
-511764.27 199.40789
B:0.0143024 F:0.0442807
-868234.29 199.40789
C:0.00884555 D:0.0360147
-27263.372 199.40789
D:0.0360147 A:0.0358422
-614581.24 199.40789
D:0.0360147 (A:0.0358422,F:0.0442807):0.0533698
-298984.14 199.40789
D:0.0360147 F:0.0442807
-614581.24 199.40789
D:0.0360147 E:0.119789
-786196.37 199.40789
D:0.0360147 (E:0.119789,G:0.139981):0.0490581
-298984.14 199.40789
D:0.0360147 G:0.139981
-786196.37 199.40789
A:0.0358422 C:0.00884555
-879412.16 199.40789
A:0.0358422 E:0.119789
-604991.54 199.40789
A:0.0358422 (E:0.119789,G:0.139981):0.0490581
-207186.37 199.40789
A:0.0358422 G:0.139981
-604991.54 199.40789
(A:0.0358422,F:0.0442807):0.0533698 B:0.0143024
-548535.86 199.40789
(A:0.0358422,F:0.0442807):0.0533698 (B:0.0143024,C:0.00884555):0.0178167
-298984.14 199.40789
(A:0.0358422,F:0.0442807):0.0533698 C:0.00884555
-548535.86 199.40789
F:0.0442807 (((B:0.0143024,C:0.00884555):0.0178167,D:0.0360147):0.051179,(A:0.0358422,F:0.0442807):0.0533698):0.0490581
-207186.37 199.40789
F:0.0442807 E:0.119789
-605491.56 199.40789
F:0.0442807 (E:0.119789,G:0.139981):0.0490581
-207186.37 199.40789
F:0.0442807 G:0.139981
-605491.56 199.40789
Targeting migration to vicinity of:
D G
D E
B F
A C

A B
A C
F B
F C
B A
B F
C A
C F
D E
D G
D E
D G
Trying A B
(A:0.0358422,F:0.0442807):0.0533698 (B:0.0143024,C:0.00884555):0.0178167
1->2 0.099995285 243.1992 199.40789
2->1 0.099995285 243.1992 243.1992
p1->2 4.0751289e-05 199.40778 243.1992
(A:0.0358422,F:0.0442807):0.0533698 B:0.0143024
1->2 0.0029189074 204.25544 243.1992
2->1 0.038631834 243.19914 243.1992
p1->2 6.2255936e-07 199.40797 243.1992
A:0.0358422 (C:0.00884552,B:0.0143024):0.0178167
1->2 0.013056064 243.1992 243.1992
2->1 0.0016593698 200.34226 243.1992
p2->1 0.051593695 199.40789 243.1992
A:0.0429092 B:0.0143024
1->2 0.0024304674 204.78679 243.1992
2->1 0.0018691977 200.88615 243.1992
Trying A C
(F:0.0441045,A:0.036153):0.0535333 C:0.00883991
1->2 0.0029463528 204.32112 243.1992
2->1 0.038631834 243.19914 243.1992
p1->2 4.0751289e-05 199.40798 243.1992
(F:0.0442807,A:0.0358422):0.0533698 (B:0.0143,C:0.00884867):0.0178185
((D:0.0360136,(B:0.0143,C:0.00884867):0.0178185):0.0511801,(F:0.0442807,A:0.0358422):0.0533698):0.0490581 C:0.00884867
A:0.0358422 C:0.00884867
1->2 0.0024304674 204.84197 243.1992
2->1 0.0018239077 200.68682 243.1992
A:0.0361434 (B:0.0142988,C:0.00884848):0.0178275
Trying B A
(B:0.0142988,C:0.00884848):0.0178275 (F:0.0441108,A:0.0361434):0.0535277
(B:0.0142988,C:0.00884848):0.0178275 A:0.0361434
B:0.0142988 (F:0.0441108,A:0.0361434):0.0535277
B:0.0142988 A:0.0361434
Trying B F
(B:0.0142988,C:0.00884848):0.0178275 (F:0.0441108,A:0.0361434):0.0535277
(B:0.0142988,C:0.00884848):0.0178275 F:0.0441108
1->2 0.0016285602 200.29492 243.1992
2->1 0.013056064 243.1992 243.1992
p1->2 4.0751289e-05 199.40789 243.1992
B:0.0143024 (A:0.03584,F:0.0442865):0.0533719
B:0.0143024 F:0.0442865
1->2 0.0018344995 200.81199 243.1992
2->1 0.0023716104 204.76433 243.1992
Trying C A
C:0.0086359 (A:0.035823,F:0.0442996):0.0534282
C:0.0086359 A:0.035823
(C:0.0086359,B:0.0145802):0.0179638 (A:0.035823,F:0.0442996):0.0534282
(C:0.0086359,B:0.0145802):0.0179638 A:0.035823
Trying C F
C:0.0086359 (A:0.035823,F:0.0442996):0.0534282
C:0.0086359 F:0.0442996
1->2 0.0017797132 200.62198 243.1992
2->1 0.002407816 204.81784 243.1992
(B:0.0140901,C:0.00910064):0.0179657 (A:0.0358233,F:0.0442993):0.0534286
(B:0.0140901,C:0.00910064):0.0179657 F:0.0442993
Trying D E
D:0.0359091 E:0.119789
1->2 0.0027120281 202.28371 243.1992
2->1 0.0071536894 243.19915 243.1992
p1->2 0.099995285 199.40789 243.1992
p2->1 0.099995285 243.1992 243.1992
D:0.0511706 (G:0.139981,E:0.119789):0.0948364
1->2 0.099995285 243.1992 243.1992
p1->2 0.00013001174 199.40789 243.1992
Trying D G
D:0.0360147 G:0.139981
1->2 0.0029913064 202.95863 243.1992
2->1 0.0071536894 243.19915 243.1992
p1->2 4.0751289e-05 199.40789 243.1992
D:0.0360147 (E:0.119785,G:0.139996):0.0490601
Trying F B
(A:0.0358422,F:0.0442807):0.0533698 (B:0.0143024,C:0.00884555):0.0178167
(A:0.0358422,F:0.0442807):0.0533698 B:0.0143024
F:0.0442807 (B:0.0143024,C:0.00884555):0.0178167
F:0.0442807 B:0.0143024
Trying F C
(A:0.0358422,F:0.0442807):0.0533698 C:0.00884555
(A:0.0358422,F:0.0442807):0.0533698 (B:0.0143024,C:0.00884555):0.0178167
F:0.0442807 C:0.00884555
F:0.0442807 (B:0.0143024,C:0.00884555):0.0178167
((A:0.0358422,F:0.0442807):0.0533698,((B:0.0143024,C:0.00884555):0.0178167,D:0.0360147):0.051179):0.0490601 C:0.00884555
Migration added
Local updates around node 1: 0 ln(lk):243.1992 
Local updates around node 2: 0 ln(lk):243.1992 
Updates in migration position: 0 ln(lk):243.1992 
Switches in migration direction: 0 ln(lk):243.1992 
ln(likelihood):243.1992 
Targeting migration to vicinity of:
B G
D G
B F
F E

B F
C A
D A
B G
C G
D G
B G
C G
D G
F E
Trying B F
B:0.0143024 (A:0.0358422,F:0.0442807):0.0538383
1->2 0.0008357527 243.1992 243.1992
2->1 3.8719494e-07 243.1992 243.1992
p1->2 0.099995285 243.1992 243.1992
p2->1 3.8719494e-07 243.1992 243.1992
B:0.0143024 F:0.0442807
1->2 3.3026194e-07 243.1992 243.1992
2->1 3.0968394e-07 243.1992 243.1992
p1->2 3.3026194e-07 243.1992 243.1992
Trying B G
(D:0.0299383,(C:0.00884555,B:0.0143024):0.0287036):0.0572555 G:0.139981
1->2 0.0008357527 243.1992 243.1992
2->1 0.0008357527 243.1992 243.1992
p1->2 0.099995285 243.1992 243.1992
p2->1 0.099995285 243.1992 243.1992
B:0.0143024 G:0.139981
1->2 3.0968394e-07 243.1992 243.1992
2->1 3.0968394e-07 243.1992 243.1992
p1->2 3.0968394e-07 243.1992 243.1992
p2->1 3.6306955e-07 243.1992 243.1992
(C:0.00884553,B:0.0143024):0.0287036 G:0.139981
2->1 0.0008357527 243.1992 243.1992
p2->1 0.099995285 243.1992 243.1992
Trying C A
(D:0.0227818,(C:0.00884555,B:0.0143024):0.0443784):0.0644119 A:0.0358422
1->2 7.7838007e-07 243.1992 243.1992
2->1 0.099995285 243.1992 243.1992
p1->2 5.6427712e-07 243.1992 243.1992
p2->1 0.099995285 243.1992 243.1992
C:0.00884555 A:0.0358422
1->2 3.3026194e-07 243.1992 243.1992
2->1 3.0968394e-07 243.1992 243.1992
p1->2 3.3026194e-07 243.1992 243.1992
p2->1 3.8719494e-07 243.1992 243.1992
(B:0.0143023,C:0.00884558):0.0287036 A:0.0358422
2->1 0.0008357527 243.1992 243.1992
Trying C G
(D:0.0298851,(B:0.0143024,C:0.00884555):0.0288144):0.0573087 G:0.139981
C:0.00884555 G:0.139981
1->2 3.0968394e-07 243.1992 243.1992
2->1 3.0968394e-07 243.1992 243.1992
p2->1 3.6306955e-07 243.1992 243.1992
(B:0.0143023,C:0.00884558):0.0287036 G:0.139981
Trying D A
D:0.0299383 A:0.0358422
1->2 3.3026194e-07 243.1992 243.1992
2->1 0.0008357527 243.1992 243.1992
p2->1 0.0008357527 243.1992 243.1992
((B:0.0143024,C:0.00884555):0.0286563,D:0.0300363):0.0573093 A:0.0358422
Trying D G
D:0.0300363 G:0.139981
1->2 3.0968394e-07 243.1992 243.1992
2->1 0.0008357527 243.1992 243.1992
p2->1 0.099995285 243.1992 243.1992
((B:0.0143024,C:0.00884555):0.0215613,D:0.0448095):0.0636168 G:0.139981
Trying F E
F:0.0442807 E:0.119789
1->2 3.0968394e-07 243.1992 243.1992
2->1 3.0968394e-07 243.1992 243.1992
p1->2 3.0968394e-07 243.1992 243.1992
p2->1 3.6306955e-07 243.1992 243.1992
ln(likelihood):243.1992 
Targeting migration to vicinity of:
B G
D G
B F
F E

B F
C A
D A
B G
C G
D G
B G
C G
D G
F E
Trying B F
B:0.0143024 (A:0.0358422,F:0.0442807):0.0538383
1->2 0.0008357527 243.1992 243.1992
2->1 3.8719494e-07 243.1992 243.1992
p1->2 0.099995285 243.1992 243.1992
p2->1 3.8719494e-07 243.1992 243.1992
B:0.0143024 F:0.0442807
1->2 3.3026194e-07 243.1992 243.1992
2->1 3.0968394e-07 243.1992 243.1992
p1->2 3.3026194e-07 243.1992 243.1992
Trying B G
(D:0.0299386,(C:0.00884555,B:0.0143024):0.028703):0.0572552 G:0.139981
1->2 0.0008357527 243.1992 243.1992
2->1 0.0008357527 243.1992 243.1992
p1->2 0.099995285 243.1992 243.1992
p2->1 0.099995285 243.1992 243.1992
(C:0.00884555,B:0.0143024):0.028703 G:0.139981
1->2 3.0968394e-07 243.1992 243.1992
2->1 0.0008357527 243.1992 243.1992
p2->1 0.099995285 243.1992 243.1992
B:0.0143024 G:0.139981
1->2 3.0968394e-07 243.1992 243.1992
2->1 3.0968394e-07 243.1992 243.1992
p2->1 3.6306955e-07 243.1992 243.1992
Trying C A
(D:0.0299386,(C:0.00884553,B:0.0143024):0.028703):0.0572552 A:0.0358422
1->2 7.7838007e-07 243.1992 243.1992
2->1 0.099995285 243.1992 243.1992
p1->2 5.6427712e-07 243.1992 243.1992
p2->1 0.099995285 243.1992 243.1992
C:0.00884555 A:0.0358422
1->2 3.3026194e-07 243.1992 243.1992
2->1 3.0968394e-07 243.1992 243.1992
p1->2 3.3026194e-07 243.1992 243.1992
p2->1 3.8719494e-07 243.1992 243.1992
(B:0.0143023,C:0.00884558):0.028703 A:0.0358422
2->1 0.0008357527 243.1992 243.1992
Trying C G
(D:0.0298854,(B:0.0143024,C:0.00884555):0.0288138):0.0573084 G:0.139981
C:0.00884555 G:0.139981
1->2 3.0968394e-07 243.1992 243.1992
2->1 3.0968394e-07 243.1992 243.1992
p2->1 3.6306955e-07 243.1992 243.1992
(B:0.0143023,C:0.00884558):0.028703 G:0.139981
Trying D A
D:0.0299386 A:0.0358422
1->2 3.3026194e-07 243.1992 243.1992
2->1 0.0008357527 243.1992 243.1992
p2->1 0.0008357527 243.1992 243.1992
((B:0.0143024,C:0.00884555):0.0286557,D:0.0300366):0.057309 A:0.0358422
Trying D G
D:0.0300366 G:0.139981
1->2 3.0968394e-07 243.1992 243.1992
2->1 0.0008357527 243.1992 243.1992
p2->1 0.099995285 243.1992 243.1992
((B:0.0143024,C:0.00884555):0.0215608,D:0.0448098):0.0636165 G:0.139981
Trying F E
F:0.0442807 E:0.119789
1->2 3.0968394e-07 243.1992 243.1992
2->1 3.0968394e-07 243.1992 243.1992
p1->2 3.0968394e-07 243.1992 243.1992
p2->1 3.6306955e-07 243.1992 243.1992
ln(likelihood):243.1992 
Targeting migration to vicinity of:
B G
D G
B F
C G

B F
C A
D A
B G
C G
D G
B G
C G
D G
B G
C G
D G
Trying B F
B:0.0143024 F:0.0442807
1->2 3.3026194e-07 243.1992 243.1992
2->1 3.0968394e-07 243.1992 243.1992
p1->2 3.3026194e-07 243.1992 243.1992
p2->1 3.8719494e-07 243.1992 243.1992
Trying B G
(D:0.0299389,(C:0.00884553,B:0.0143024):0.0287024):0.0572549 G:0.139981
1->2 0.0008357527 243.1992 243.1992
2->1 0.0008357527 243.1992 243.1992
p1->2 0.099995285 243.1992 243.1992
p2->1 0.099995285 243.1992 243.1992
B:0.0143024 G:0.139981
1->2 3.0968394e-07 243.1992 243.1992
2->1 3.0968394e-07 243.1992 243.1992
p1->2 3.0968394e-07 243.1992 243.1992
p2->1 3.6306955e-07 243.1992 243.1992
(C:0.00884553,B:0.0143024):0.0287024 G:0.139981
2->1 0.0008357527 243.1992 243.1992
p2->1 0.099995285 243.1992 243.1992
Trying C A
C:0.00884556 A:0.0358422
1->2 3.3026194e-07 243.1992 243.1992
2->1 3.0968394e-07 243.1992 243.1992
p1->2 3.3026194e-07 243.1992 243.1992
p2->1 3.8719494e-07 243.1992 243.1992
Trying C G
(D:0.0299389,(B:0.0143023,C:0.00884558):0.0287024):0.0572549 G:0.139981
C:0.00884558 G:0.139981
1->2 3.0968394e-07 243.1992 243.1992
2->1 3.0968394e-07 243.1992 243.1992
p2->1 3.6306955e-07 243.1992 243.1992
(B:0.0143023,C:0.00884558):0.0287024 G:0.139981
Trying D A
D:0.0299389 A:0.0358422
1->2 3.3026194e-07 243.1992 243.1992
2->1 0.0008357527 243.1992 243.1992
p1->2 7.7838007e-07 243.1992 243.1992
p2->1 0.0008357527 243.1992 243.1992
Trying D G
D:0.0300369 G:0.139981
1->2 3.0968394e-07 243.1992 243.1992
2->1 0.0008357527 243.1992 243.1992
p2->1 0.099995285 243.1992 243.1992
((B:0.0143024,C:0.00884555):0.0215602,D:0.0448102):0.0636162 G:0.139981
ln(likelihood):243.1992 
Targeting migration to vicinity of:
B G
D G
B F
F E

B F
C A
D A
B G
C G
D G
B G
C G
D G
F E
Trying B F
B:0.0143024 F:0.0442807
1->2 3.3026194e-07 243.1992 243.1992
2->1 3.0968394e-07 243.1992 243.1992
p1->2 3.3026194e-07 243.1992 243.1992
p2->1 3.8719494e-07 243.1992 243.1992
Trying B G
(D:0.0299392,(C:0.00884553,B:0.0143024):0.0287018):0.0572546 G:0.139981
1->2 0.0008357527 243.1992 243.1992
2->1 0.0008357527 243.1992 243.1992
p1->2 0.099995285 243.1992 243.1992
p2->1 0.099995285 243.1992 243.1992
(C:0.00884555,B:0.0143024):0.0287018 G:0.139981
1->2 3.0968394e-07 243.1992 243.1992
2->1 0.0008357527 243.1992 243.1992
p2->1 0.099995285 243.1992 243.1992
B:0.0143024 G:0.139981
1->2 3.0968394e-07 243.1992 243.1992
2->1 3.0968394e-07 243.1992 243.1992
p2->1 3.6306955e-07 243.1992 243.1992
Trying C A
C:0.00884553 A:0.0358422
1->2 3.3026194e-07 243.1992 243.1992
2->1 3.0968394e-07 243.1992 243.1992
p1->2 3.3026194e-07 243.1992 243.1992
p2->1 3.8719494e-07 243.1992 243.1992
Trying C G
(D:0.0299392,(B:0.0143023,C:0.00884558):0.0287018):0.0572546 G:0.139981
C:0.00884558 G:0.139981
1->2 3.0968394e-07 243.1992 243.1992
2->1 3.0968394e-07 243.1992 243.1992
p2->1 3.6306955e-07 243.1992 243.1992
(B:0.0143023,C:0.00884558):0.0287018 G:0.139981
Trying D A
D:0.0299392 A:0.0358422
1->2 3.3026194e-07 243.1992 243.1992
2->1 0.0008357527 243.1992 243.1992
p1->2 7.7838007e-07 243.1992 243.1992
p2->1 0.0008357527 243.1992 243.1992
Trying D G
D:0.0300372 G:0.139981
1->2 3.0968394e-07 243.1992 243.1992
2->1 0.0008357527 243.1992 243.1992
p2->1 0.099995285 243.1992 243.1992
((B:0.0143024,C:0.00884555):0.0215596,D:0.0448105):0.0636158 G:0.139981
Trying F E
F:0.0442807 E:0.119789
1->2 3.0968394e-07 243.1992 243.1992
2->1 3.0968394e-07 243.1992 243.1992
p1->2 3.0968394e-07 243.1992 243.1992
p2->1 3.6306955e-07 243.1992 243.1992
ln(likelihood):243.1992 
DONE.
