
TreeMix v. 1.13
$Revision: 231 $

npop:7 nsnp:17937834
Estimating covariance matrix in 5605 blocks of size 3200
SEED: 1607917923
Starting from:
((G:0.209549,A:0.0762837):0.0444204,D:0.0444204);
Adding E [4/7]
ln(likelihood): -3211.4963 
((A:0.0751413,(G:0.139754,E:0.119562):0.102267):0.0426642,D:0.0426642);
Adding C [5/7]
ln(likelihood): -1904.0255 
((A:0.0797316,(G:0.14159,E:0.121398):0.102497):0.0245052,(D:0.0403308,C:0.0266118):0.0245052);
Adding B [6/7]
ln(likelihood): -118.17962 
(((G:0.140748,E:0.120555):0.0981217,(D:0.0367123,(C:0.00957414,B:0.0150308):0.0179135):0.0513646):0.0446756,A:0.0446756);
Adding F [7/7]
ln(likelihood): 203.61225 
(A:0.0179205,(((G:0.139984,E:0.119791):0.0981073,(D:0.036016,(C:0.00884588,B:0.0143026):0.0178176):0.0511813):0.0533742,F:0.0442807):0.0179205);
Testing global rearrangements
A:0.0179205 C:0.00884588
-64053.67 203.61225
A:0.0179205 (C:0.00884588,B:0.0143026):0.0178176
-43018.933 203.61225
A:0.0179205 B:0.0143026
-64053.67 203.61225
G:0.139984 A:0.0179205
-41253.38 203.61225
G:0.139984 ((G:0.139984,E:0.119791):0.0981073,(D:0.036016,(C:0.00884588,B:0.0143026):0.0178176):0.0511813):0.0533742
-25307.091 203.61225
G:0.139984 (((G:0.139984,E:0.119791):0.0981073,(D:0.036016,(C:0.00884588,B:0.0143026):0.0178176):0.0511813):0.0533742,F:0.0442807):0.0179205
-41253.38 203.61225
D:0.036016 A:0.0179205
-43481.931 203.61225
D:0.036016 ((G:0.139984,E:0.119791):0.0981073,(D:0.036016,(C:0.00884588,B:0.0143026):0.0178176):0.0511813):0.0533742
-20677.501 203.61225
D:0.036016 F:0.0442807
-43481.931 203.61225
C:0.00884588 D:0.036016
-1847.1297 203.61225
F:0.0442807 E:0.119791
-43399.791 203.61225
F:0.0442807 D:0.036016
-42951.855 203.61225
Targeting migration to vicinity of:
D E
G D
B F
A B

A C
A B
F C
F B
C A
C F
B A
B F
D G
D E
G D
E D
Trying A B
A:0.0179205 B:0.0143026
1->2 0.0024304674 203.99046 203.61225
2->1 0.0018625207 203.71474 203.99046
p2->1 0.001643893 203.67698 203.99046
A:0.0180547 (C:0.00884558,B:0.0143023):0.0178256
1->2 0.013056064 206.67241 203.99046
p2->1 0.0008357527 203.61225 206.67241
Trying A C
A:0.0179728 C:0.00884588
1->2 0.0024445727 203.99342 206.67241
2->1 0.0018068991 203.70084 206.67241
A:0.0180697 (B:0.0142991,C:0.00884877):0.0178283
Trying B A
B:0.0142991 A:0.0180697
(B:0.0142991,C:0.00884877):0.0178283 A:0.0180697
Trying B F
B:0.0142991 F:0.0441124
1->2 0.0018068991 203.70919 206.67241
2->1 0.0023939221 203.98877 206.67241
p1->2 0.0015947899 203.67339 206.67241
p2->1 0.0024304674 203.99046 206.67241
(C:0.00863311,B:0.0145852):0.0179671 F:0.0442631
2->1 0.013056064 206.67241 206.67241
p1->2 0.0008357527 203.61225 206.67241
p2->1 0.013056064 206.67241 206.67241
Trying C A
C:0.00884588 A:0.0179205
(C:0.00884588,B:0.0143026):0.0193343 A:0.0179205
Trying C F
C:0.00884588 F:0.0442807
1->2 0.0017529356 203.69597 206.67241
2->1 0.0024164431 203.99165 206.67241
p2->1 0.0024445727 203.99342 206.67241
(B:0.0140886,C:0.00910339):0.017968 F:0.044263
Trying D E
D:0.0359098 (G:0.139984,E:0.119791):0.0980492
1->2 0.056945603 206.67241 206.67241
2->1 0.016859977 206.67241 206.67241
p2->1 4.0751289e-05 203.61224 206.67241
D:0.0360211 E:0.119791
1->2 0.0026712604 203.80814 206.67241
2->1 0.0071536894 206.67241 206.67241
p1->2 4.0751289e-05 203.61225 206.67241
Trying D G
D:0.036016 (G:0.13998,E:0.119805):0.0981113
D:0.036016 G:0.13998
1->2 0.0029740555 203.86029 206.67241
2->1 0.0071536894 206.67241 206.67241
p1->2 0.010928518 203.61225 206.67241
Trying E D
(E:0.118707,G:0.14419):0.0991913 D:0.036016
E:0.118707 D:0.036016
Trying F B
F:0.0442807 B:0.0143026
F:0.0442807 (B:0.0143026,C:0.00884588):0.0178176
Trying F C
F:0.0442807 C:0.00884588
F:0.0442807 (B:0.0143026,C:0.00884588):0.0178176
Trying G D
(E:0.118707,G:0.14419):0.0991913 D:0.036016
G:0.14419 D:0.036016
Migration added
Local updates around node 1: 0 ln(lk):206.67241 
Local updates around node 2: 0 ln(lk):206.67241 
Updates in migration position: 0 ln(lk):206.67241 
Switches in migration direction: 0 ln(lk):206.67241 
ln(likelihood):206.67241 
DONE.
