
TreeMix v. 1.13
$Revision: 231 $

npop:7 nsnp:17937834
Estimating covariance matrix in 9965 blocks of size 1800
SEED: 1607918072
Starting from:
(F:0.0913919,(C:0.00441526,B:0.00987213):0.0913919);
Adding D [4/7]
ln(likelihood): -18143.718 
(F:0.0835478,((C:0.0126857,B:0.0181425):0.0182194,D:0.0401251):0.0835478);
Adding E [5/7]
ln(likelihood): -19665.966 
(F:0.0481772,(((C:0.0100164,B:0.0154733):0.0178173,D:0.037186):0.061659,E:0.194545):0.0481772);
Adding G [6/7]
ln(likelihood): -75.956033 
(F:0.0489678,(((C:0.00935002,B:0.0148069):0.0179132,D:0.0364877):0.0512696,(E:0.120324,G:0.140516):0.0981201):0.0489678);
Adding A [7/7]
ln(likelihood): 209.18265 
(((((C:0.00884569,B:0.0143026):0.0178173,D:0.0360153):0.0511802,(E:0.11979,G:0.139982):0.098112):0.0533719,A:0.0358415):0.0221404,F:0.0221404);
Testing global rearrangements
C:0.00884569 ((C:0.00884569,B:0.0143026):0.0178173,D:0.0360153):0.0511802
-3395.597 209.18265
C:0.00884569 (((C:0.00884569,B:0.0143026):0.0178173,D:0.0360153):0.0511802,(E:0.11979,G:0.139982):0.098112):0.0533719
-66124.015 209.18265
C:0.00884569 A:0.0358415
-112401.64 209.18265
C:0.00884569 F:0.0221404
-112401.64 209.18265
D:0.0360153 C:0.00884569
-3395.597 209.18265
D:0.0360153 E:0.11979
-96173.378 209.18265
D:0.0360153 (E:0.11979,G:0.139982):0.098112
-36652.435 209.18265
D:0.0360153 G:0.139982
-96173.378 209.18265
E:0.11979 A:0.0358415
-72871.837 209.18265
E:0.11979 F:0.0221404
-72871.837 209.18265
A:0.0358415 C:0.00884569
-112927.16 209.18265
A:0.0358415 (C:0.00884569,B:0.0143026):0.0178173
-76011.644 209.18265
A:0.0358415 B:0.0143026
-112927.16 209.18265
A:0.0358415 ((C:0.00884569,B:0.0143026):0.0178173,D:0.0360153):0.0511802
-26565.622 209.18265
A:0.0358415 D:0.0360153
-76011.644 209.18265
A:0.0358415 F:0.0221404
209.18265 209.18265
F:0.0221404 C:0.00884569
-112620.47 209.18265
F:0.0221404 (C:0.00884569,B:0.0143026):0.0178173
-75893.895 209.18265
F:0.0221404 B:0.0143026
-112620.47 209.18265
Targeting migration to vicinity of:
D E
D G
F C
F B

D E
D G
D E
D G
F C
F B
A C
A B
F C
F B
A C
A B
Trying A B
A:0.0358415 B:0.0143026
1->2 0.0024304674 209.85024 209.18265
2->1 0.0018625207 209.36369 209.85024
p1->2 0.0023939221 209.84727 209.85024
p2->1 0.001643893 209.29698 209.85024
A:0.03611 (C:0.0088454,B:0.0143023):0.0178253
1->2 0.013056064 214.58536 209.85024
p1->2 0.013056064 214.58536 214.58536
p2->1 4.8053906e-05 209.18265 214.58536
Trying A C
A:0.0358475 C:0.00884569
1->2 0.0024445727 209.8555 214.58536
2->1 0.0018068991 209.33913 214.58536
p1->2 0.0024164431 209.85237 214.58536
A:0.0358226 (B:0.0140897,C:0.00910156):0.0179668
Trying D E
D:0.0359095 E:0.11979
1->2 0.0026712604 209.52904 214.58536
2->1 0.0071536894 214.58535 214.58536
p1->2 4.0751289e-05 209.18265 214.58536
p2->1 0.010750998 214.58536 214.58536
D:0.0377199 (G:0.139982,E:0.11979):0.0983463
1->2 0.056945603 214.58536 214.58536
p2->1 4.0751289e-05 209.18263 214.58536
Trying D G
D:0.0360203 (G:0.139982,E:0.11979):0.098112
D:0.0360203 G:0.139982
1->2 0.0029740555 209.62071 214.58536
2->1 0.0071536894 214.58535 214.58536
p1->2 0.42117655 209.18265 214.58536
Trying F B
F:0.0221404 B:0.0143026
1->2 0.0023939221 209.84727 214.58536
2->1 0.0018068991 209.35397 214.58536
p2->1 0.0016040532 209.29073 214.58536
F:0.022285 (C:0.00884569,B:0.0143026):0.0178245
1->2 0.013056064 214.58536 214.58536
p2->1 0.0041069267 209.18265 214.58536
Trying F C
F:0.0224339 C:0.00884569
1->2 0.0024164431 209.85237 214.58536
2->1 0.0017529356 209.33063 214.58536
F:0.0223 (B:0.0142992,C:0.0088485):0.0178277
Migration added
Local updates around node 1: 0 ln(lk):214.58536 
Local updates around node 2: 0 ln(lk):214.58536 
Updates in migration position: 0 ln(lk):214.58536 
Switches in migration direction: 0 ln(lk):214.58536 
ln(likelihood):214.58536 
Targeting migration to vicinity of:
F D
E A
C A
G A

D F
F D
Trying D F
D:0.0378635 F:0.0221404
1->2 3.0968394e-07 214.58536 214.58536
2->1 0.0008357527 214.58536 214.58536
p1->2 0.3970964 214.58536 214.58536
Trying F D
F:0.0899352 D:0.0378635
Migration added
Local updates around node 1: 0 ln(lk):214.58536 
Local updates around node 2: 0 ln(lk):214.58536 
Updates in migration position: 0 ln(lk):214.58536 
Switches in migration direction: 0 ln(lk):214.58536 
ln(likelihood):214.58536 
DONE.
