
TreeMix v. 1.13
$Revision: 231 $

npop:7 nsnp:17937834
Estimating covariance matrix in 6899 blocks of size 2600
SEED: 1607918630
Starting from:
((A:0.0804168,G:0.213874):0.0374128,C:0.0374128);
Adding F [4/7]
ln(likelihood): -5820.1168 
((G:0.215765,(A:0.0367857,F:0.0452248):0.0662769):0.0366878,C:0.0366878);
Adding E [5/7]
ln(likelihood): -2786.243 
(((A:0.0377126,F:0.0461517):0.0544952,(G:0.141793,E:0.121601):0.0994725):0.0393003,C:0.0393003);
Adding D [6/7]
ln(likelihood): 100.45916 
(C:0.0132263,(((A:0.0361074,F:0.0445465):0.0534646,(G:0.140294,E:0.120102):0.0980202):0.0514763,D:0.0362016):0.0132263);
Adding B [7/7]
ln(likelihood): 205.7871 
((C:0.00884562,(((A:0.0358419,F:0.044281):0.0533708,(G:0.139981,E:0.119789):0.0981139):0.0511796,D:0.036015):0.017817):0.00715123,B:0.00715123);
Testing global rearrangements
C:0.00884562 A:0.0358419
-78375.828 205.7871
C:0.00884562 (A:0.0358419,F:0.044281):0.0533708
-46099.936 205.7871
C:0.00884562 F:0.044281
-78375.828 205.7871
A:0.0358419 G:0.139981
-53286.058 205.7871
A:0.0358419 (G:0.139981,E:0.119789):0.0981139
-18463.326 205.7871
A:0.0358419 E:0.119789
-53286.058 205.7871
(A:0.0358419,F:0.044281):0.0533708 C:0.00884562
-48874.745 205.7871
(A:0.0358419,F:0.044281):0.0533708 B:0.00715123
-48874.745 205.7871
F:0.044281 G:0.139981
-53352.917 205.7871
F:0.044281 (G:0.139981,E:0.119789):0.0981139
-18463.326 205.7871
F:0.044281 E:0.119789
-53352.917 205.7871
D:0.036015 F:0.044281
-53460.433 205.7871
B:0.00715123 E:0.119789
-97515.55 205.7871
B:0.00715123 D:0.036015
-2312.6701 205.7871
DONE.
