
TreeMix v. 1.13
$Revision: 231 $

npop:7 nsnp:17937834
Estimating covariance matrix in 8968 blocks of size 2000
SEED: 1607918630
Starting from:
((A:0.0804176,G:0.213872):0.0374141,C:0.0374141);
Adding F [4/7]
ln(likelihood): -7546.4704 
((G:0.215762,(A:0.0367847,F:0.0452244):0.0662795):0.0366893,C:0.0366893);
Adding E [5/7]
ln(likelihood): -3627.7892 
(((A:0.0377117,F:0.0461515):0.0544986,(G:0.141796,E:0.121604):0.099466):0.0393016,C:0.0393016);
Adding D [6/7]
ln(likelihood): 86.831231 
(C:0.0132268,(((A:0.0361065,F:0.0445463):0.0534679,(G:0.140296,E:0.120104):0.0980136):0.0514781,D:0.0362027):0.0132268);
Adding B [7/7]
ln(likelihood): 208.27272 
((C:0.00884588,(((A:0.035841,F:0.0442807):0.0533742,(G:0.139984,E:0.119791):0.0981073):0.0511813,D:0.036016):0.0178176):0.00715129,B:0.00715129);
Testing global rearrangements
C:0.00884588 A:0.035841
-101373.86 208.27272
C:0.00884588 (A:0.035841,F:0.0442807):0.0533742
-59637.006 208.27272
C:0.00884588 F:0.0442807
-101373.86 208.27272
A:0.035841 G:0.139984
-69010.476 208.27272
A:0.035841 (G:0.139984,E:0.119791):0.0981073
-23944.078 208.27272
A:0.035841 E:0.119791
-69010.476 208.27272
(A:0.035841,F:0.0442807):0.0533742 C:0.00884588
-63249.529 208.27272
(A:0.035841,F:0.0442807):0.0533742 B:0.00715129
-63249.529 208.27272
F:0.0442807 G:0.139984
-69099.122 208.27272
F:0.0442807 (G:0.139984,E:0.119791):0.0981073
-23944.078 208.27272
F:0.0442807 E:0.119791
-69099.122 208.27272
D:0.036016 F:0.0442807
-69257.134 208.27272
B:0.00715129 D:0.036016
-3044.4196 208.27272
DONE.
