
TreeMix v. 1.13
$Revision: 231 $

npop:7 nsnp:17937834
Estimating covariance matrix in 89689 blocks of size 200
SEED: 1607918630
Starting from:
((A:0.0804166,G:0.213876):0.0374123,C:0.0374123);
Adding F [4/7]
ln(likelihood): -66354.571 
((G:0.215766,(A:0.036786,F:0.0452245):0.0662762):0.0366873,C:0.0366873);
Adding E [5/7]
ln(likelihood): -31130.556 
(((A:0.0377129,F:0.0461514):0.0544941,(G:0.141793,E:0.121601):0.0994748):0.0392998,C:0.0392998);
Adding D [6/7]
ln(likelihood): -441.20915 
(C:0.0132262,(((A:0.0361077,F:0.0445463):0.0534635,(G:0.140293,E:0.120101):0.0980226):0.0514758,D:0.0362013):0.0132262);
Adding B [7/7]
ln(likelihood): 199.40789 
((D:0.0360147,(C:0.00884555,B:0.0143024):0.0178167):0.0255895,((A:0.0358422,F:0.0442807):0.0533698,(G:0.139981,E:0.119789):0.0981163):0.0255895);
Testing global rearrangements
D:0.0360147 C:0.00884555
-27263.372 199.40789
D:0.0360147 G:0.139981
-786196.37 199.40789
D:0.0360147 (G:0.139981,E:0.119789):0.0981163
-298984.14 199.40789
D:0.0360147 E:0.119789
-786196.37 199.40789
C:0.00884555 D:0.0360147
-27263.372 199.40789
C:0.00884555 A:0.0358422
-869236.34 199.40789
A:0.0358422 G:0.139981
-604991.54 199.40789
A:0.0358422 (G:0.139981,E:0.119789):0.0981163
-207186.37 199.40789
A:0.0358422 E:0.119789
-604991.54 199.40789
(A:0.0358422,F:0.0442807):0.0533698 C:0.00884555
-548535.86 199.40789
(A:0.0358422,F:0.0442807):0.0533698 (C:0.00884555,B:0.0143024):0.0178167
-298984.14 199.40789
(A:0.0358422,F:0.0442807):0.0533698 B:0.0143024
-548535.86 199.40789
F:0.0442807 G:0.139981
-605491.56 199.40789
F:0.0442807 (G:0.139981,E:0.119789):0.0981163
-207186.37 199.40789
F:0.0442807 E:0.119789
-605491.56 199.40789
DONE.
