
TreeMix v. 1.13
$Revision: 231 $

npop:7 nsnp:17937834
Estimating covariance matrix in 4720 blocks of size 3800
SEED: 1607918630
Starting from:
((A:0.0804176,G:0.213872):0.0374141,C:0.0374141);
Adding F [4/7]
ln(likelihood): -3985.839 
((G:0.215762,(A:0.0367847,F:0.0452244):0.0662795):0.0366893,C:0.0366893);
Adding E [5/7]
ln(likelihood): -1891.0907 
(((A:0.0377117,F:0.0461515):0.0544986,(G:0.141796,E:0.121604):0.099466):0.0393016,C:0.0393016);
Adding D [6/7]
ln(likelihood): 113.88153 
(C:0.0132268,(((A:0.0361065,F:0.0445463):0.0534679,(G:0.140296,E:0.120104):0.0980136):0.0514781,D:0.0362027):0.0132268);
Adding B [7/7]
ln(likelihood): 201.74264 
(C:0.00442294,((((A:0.035841,F:0.0442807):0.0533742,(G:0.139984,E:0.119791):0.0981073):0.0511813,D:0.036016):0.0178176,B:0.0143026):0.00442294);
Testing global rearrangements
C:0.00442294 A:0.035841
-53986.667 201.74264
C:0.00442294 (A:0.035841,F:0.0442807):0.0533742
-31737.124 201.74264
C:0.00442294 F:0.0442807
-53986.667 201.74264
A:0.035841 G:0.139984
-36598.646 201.74264
A:0.035841 (G:0.139984,E:0.119791):0.0981073
-12651.19 201.74264
A:0.035841 E:0.119791
-36598.646 201.74264
(A:0.035841,F:0.0442807):0.0533742 C:0.00442294
-33629.297 201.74264
(A:0.035841,F:0.0442807):0.0533742 B:0.0143026
-33629.297 201.74264
F:0.0442807 G:0.139984
-36645.48 201.74264
F:0.0442807 (G:0.139984,E:0.119791):0.0981073
-12651.19 201.74264
F:0.0442807 E:0.119791
-36645.48 201.74264
D:0.036016 F:0.0442807
-36733.78 201.74264
B:0.0143026 D:0.036016
-1537.2844 201.74264
DONE.
