
TreeMix v. 1.13
$Revision: 231 $

npop:7 nsnp:17937834
Estimating covariance matrix in 89689 blocks of size 200
SEED: 1607918213
Starting from:
((D:0.0307213,C:0.015107):0.0782673,A:0.0782673);
Adding E [4/7]
ln(likelihood): -90336.582 
((D:0.0524479,C:0.0378165):0.0256807,(A:0.0822802,E:0.197654):0.0256807);
Adding G [5/7]
ln(likelihood): -28003.362 
((D:0.0403292,C:0.0266104):0.0245042,(A:0.0797292,(E:0.121395,G:0.141587):0.102505):0.0245042);
Adding B [6/7]
ln(likelihood): -3542.3294 
(A:0.044674,((E:0.120552,G:0.140745):0.0981306,(D:0.0367109,(C:0.00957373,B:0.0150305):0.0179125):0.0513623):0.044674);
Adding F [7/7]
ln(likelihood): 199.40789 
(A:0.0179211,(((E:0.119789,G:0.139981):0.0981163,(D:0.0360147,(C:0.00884555,B:0.0143024):0.0178167):0.051179):0.0533698,F:0.0442807):0.0179211);
Testing global rearrangements
A:0.0179211 G:0.139981
-604991.54 199.40789
A:0.0179211 C:0.00884555
-879412.16 199.40789
A:0.0179211 (C:0.00884555,B:0.0143024):0.0178167
-606351.62 199.40789
A:0.0179211 B:0.0143024
-879412.16 199.40789
E:0.119789 A:0.0179211
-578413.61 199.40789
E:0.119789 ((E:0.119789,G:0.139981):0.0981163,(D:0.0360147,(C:0.00884555,B:0.0143024):0.0178167):0.051179):0.0533698
-365146.52 199.40789
E:0.119789 F:0.0442807
-578413.61 199.40789
D:0.0360147 A:0.0179211
-614581.24 199.40789
D:0.0360147 C:0.00884555
-27263.372 199.40789
D:0.0360147 F:0.0442807
-614581.24 199.40789
C:0.00884555 G:0.139981
-1090218.8 199.40789
C:0.00884555 D:0.0360147
-27263.372 199.40789
F:0.0442807 E:0.119789
-605491.56 199.40789
F:0.0442807 D:0.0360147
-605438.56 199.40789
Targeting migration to vicinity of:
D G
D E
B F
C A

C A
C F
B A
B F
C A
C F
B A
B F
D E
D G
D E
D G
Trying B A
B:0.0143024 A:0.0179211
1->2 0.0018691977 200.88614 199.40789
2->1 0.0024164431 204.78683 200.88614
p1->2 0.0016593698 200.34224 204.78683
(C:0.00884526,B:0.0143021):0.0178247 A:0.0180566
2->1 0.013056064 243.1992 204.78683
p1->2 0.099995285 199.40789 243.1992
Trying B F
B:0.0143024 F:0.0383511
1->2 0.0018239077 200.81198 243.1992
2->1 0.0023716104 204.76432 243.1992
p1->2 0.0016191556 200.29494 243.1992
p2->1 0.0024164431 204.78683 243.1992
(C:0.00863403,B:0.0145834):0.0179653 F:0.0442632
2->1 0.013056064 243.1992 243.1992
p1->2 0.0008357527 199.40789 243.1992
p2->1 0.013056064 243.1992 243.1992
Trying C A
(C:0.00884555,B:0.0143024):0.0193333 A:0.0179211
C:0.00884555 A:0.0179211
1->2 0.0018173923 200.68683 243.1992
2->1 0.0024304674 204.84189 243.1992
Trying C F
(B:0.0140896,C:0.00910156):0.0179662 F:0.0442631
C:0.00910156 F:0.0442631
1->2 0.0017797132 200.62196 243.1992
2->1 0.0023939221 204.81777 243.1992
p2->1 0.0024304674 204.84189 243.1992
Trying D E
D:0.0359091 (E:0.119789,G:0.139981):0.0980585
1->2 0.056945603 243.1992 243.1992
2->1 0.010750998 243.1992 243.1992
p2->1 4.0751289e-05 199.40775 243.1992
D:0.0360197 E:0.119789
1->2 0.0027120281 202.28368 243.1992
2->1 0.0071536894 243.19915 243.1992
p1->2 4.0751289e-05 199.40789 243.1992
Trying D G
D:0.0360147 G:0.139977
1->2 0.0029740555 202.95849 243.1992
2->1 0.0071536894 243.19915 243.1992
p1->2 0.3970964 199.40789 243.1992
D:0.0360147 (E:0.0551654,G:0.492286):0.16274
Migration added
Local updates around node 1: 0 ln(lk):243.1992 
Local updates around node 2: 0 ln(lk):243.1992 
Updates in migration position: 0 ln(lk):243.1992 
Switches in migration direction: 0 ln(lk):243.1992 
ln(likelihood):243.1992 
Targeting migration to vicinity of:
D A
B F
E F
C F

D A
D A
D A
Trying D A
D:0.0378628 A:0.0179211
1->2 3.0968394e-07 243.1992 243.1992
2->1 0.0008357527 243.1992 243.1992
p1->2 0.44539487 243.1992 243.1992
Migration added
Local updates around node 1: 0 ln(lk):243.1992 
Local updates around node 2: 0 ln(lk):243.1992 
Updates in migration position: 0 ln(lk):243.1992 
Switches in migration direction: 0 ln(lk):243.1992 
ln(likelihood):243.1992 
Targeting migration to vicinity of:
G B
D G
B F
C G

C A
B F
C G
D G
B G
C G
D G
B G
G C
G D
G B
Trying B F
B:0.0143024 F:0.0442807
1->2 3.0968394e-07 243.1992 243.1992
2->1 3.6306955e-07 243.1992 243.1992
p1->2 3.0968394e-07 243.1992 243.1992
p2->1 3.6306955e-07 243.1992 243.1992
Trying B G
B:0.0143024 G:0.139981
1->2 3.3026194e-07 243.1992 243.1992
2->1 3.0968394e-07 243.1992 243.1992
p1->2 3.3026194e-07 243.1992 243.1992
p2->1 3.0968394e-07 243.1992 243.1992
(C:0.00884553,B:0.0143024):0.0167577 G:0.139981
2->1 0.0008357527 243.1992 243.1992
p1->2 8.3010218e-07 243.1992 243.1992
p2->1 0.0008357527 243.1992 243.1992
(D:0.0379722,(C:0.00884556,B:0.0143024):0.0168295):0.0523384 G:0.139981
2->1 0.099995285 243.1992 243.1992
p1->2 4.4451434e-07 243.1992 243.1992
p2->1 0.099995285 243.1992 243.1992
Trying C A
(C:0.00884555,B:0.0143024):0.0167577 A:0.0358422
1->2 3.0968394e-07 243.1992 243.1992
2->1 0.0008357527 243.1992 243.1992
p1->2 0.099995285 243.1992 243.1992
C:0.00884555 A:0.047529
1->2 3.0968394e-07 243.1992 243.1992
2->1 3.6306955e-07 243.1992 243.1992
(D:0.0380153,(B:0.0143023,C:0.00884559):0.0167578):0.052238 A:0.0358422
2->1 0.099995285 243.1992 243.1992
p1->2 0.099995285 243.1992 243.1992
Trying C G
(B:0.0143024,C:0.00884555):0.0167577 G:0.139981
C:0.00884555 G:0.139981
1->2 3.3026194e-07 243.1992 243.1992
2->1 3.0968394e-07 243.1992 243.1992
p2->1 3.0968394e-07 243.1992 243.1992
(D:0.0380153,(B:0.0143023,C:0.00884559):0.0167577):0.052238 G:0.139981
Trying D G
D:0.0380153 G:0.139981
1->2 3.3026194e-07 243.1992 243.1992
2->1 0.0008357527 243.1992 243.1992
((B:0.0143024,C:0.00884555):0.0167135,D:0.0381238):0.0522823 G:0.139981
Trying G B
G:0.139981 B:0.0143024
G:0.139981 (B:0.0143024,C:0.00884555):0.0167135
G:0.139981 ((B:0.0143024,C:0.00884555):0.0167135,D:0.0381238):0.0522823
Trying G C
G:0.139981 (B:0.0143024,C:0.00884555):0.0167135
G:0.139981 C:0.00884555
G:0.139981 ((B:0.0143024,C:0.00884555):0.0167135,D:0.0381238):0.0522823
Trying G D
G:0.139981 D:0.0381238
G:0.139981 ((B:0.0143024,C:0.00884555):0.0167135,D:0.0381238):0.0522823
ln(likelihood):243.1992 
DONE.
