
TreeMix v. 1.13
$Revision: 231 $

npop:7 nsnp:17937834
Estimating covariance matrix in 29896 blocks of size 600
SEED: 1607918072
Starting from:
(F:0.0913908,(C:0.0044152,B:0.00987201):0.0913908);
Adding D [4/7]
ln(likelihood): -52732.056 
(F:0.0835469,((C:0.0126856,B:0.0181425):0.0182188,D:0.0401246):0.0835469);
Adding E [5/7]
ln(likelihood): -56645.1 
(F:0.0481764,(((C:0.0100163,B:0.0154732):0.0178168,D:0.0371855):0.0616586,E:0.194546):0.0481764);
Adding G [6/7]
ln(likelihood): -511.32405 
(F:0.0489671,(((C:0.00934988,B:0.0148067):0.0179126,D:0.0364871):0.0512687,(E:0.120323,G:0.140515):0.0981234):0.0489671);
Adding A [7/7]
ln(likelihood): 213.61788 
((((C:0.00884557,B:0.0143024):0.0178168,D:0.0360147):0.0511793,(F:0.0442809,A:0.0358421):0.0533704):0.0490577,(E:0.119789,G:0.139981):0.0490577);
Testing global rearrangements
C:0.00884557 ((C:0.00884557,B:0.0143024):0.0178168,D:0.0360147):0.0511793
-10117.525 213.61788
C:0.00884557 F:0.0442809
-323763.73 213.61788
C:0.00884557 (F:0.0442809,A:0.0358421):0.0533704
-190647.1 213.61788
C:0.00884557 A:0.0358421
-323763.73 213.61788
D:0.0360147 C:0.00884557
-10117.525 213.61788
D:0.0360147 E:0.119789
-281439.69 213.61788
D:0.0360147 (E:0.119789,G:0.139981):0.0490577
-107329.67 213.61788
D:0.0360147 G:0.139981
-281439.69 213.61788
F:0.0442809 E:0.119789
-222245.23 213.61788
F:0.0442809 (E:0.119789,G:0.139981):0.0490577
-76917.766 213.61788
F:0.0442809 G:0.139981
-222245.23 213.61788
(F:0.0442809,A:0.0358421):0.0533704 C:0.00884557
-202777.16 213.61788
(F:0.0442809,A:0.0358421):0.0533704 (C:0.00884557,B:0.0143024):0.0178168
-107329.67 213.61788
(F:0.0442809,A:0.0358421):0.0533704 B:0.0143024
-202777.16 213.61788
A:0.0358421 E:0.119789
-221998.06 213.61788
A:0.0358421 (E:0.119789,G:0.139981):0.0490577
-76917.766 213.61788
A:0.0358421 G:0.139981
-221998.06 213.61788
Targeting migration to vicinity of:
D G
D E
B A
C A

C F
C A
B F
B A
C F
C A
B F
B A
D E
D G
D E
D G
Trying B A
B:0.0143024 (F:0.0442809,A:0.0358421):0.0533704
1->2 0.038631834 229.37776 213.61788
2->1 0.0029463528 215.37276 229.37776
p1->2 0.099995285 229.37779 229.37776
p2->1 6.2255936e-07 213.61791 229.37779
B:0.0143024 A:0.0358421
1->2 0.0018691977 214.14713 229.37779
2->1 0.0024304674 215.56278 229.37779
p1->2 0.001653441 213.9522 229.37779
(C:0.00884527,B:0.0143021):0.0178248 (F:0.0441298,A:0.0361122):0.053511
2->1 0.099995285 229.37779 229.37779
p2->1 4.0751289e-05 213.61784 229.37779
(C:0.00884557,B:0.0143024):0.0178203 A:0.0358421
2->1 0.013056064 229.37778 229.37779
p1->2 4.0751289e-05 213.61788 229.37779
Trying B F
B:0.0143024 (F:0.0442788,A:0.0358472):0.0533725
B:0.0143024 F:0.0442788
1->2 0.0018173923 214.1191 229.37779
2->1 0.0023939221 215.55424 229.37779
p1->2 0.0016133703 213.93418 229.37779
(C:0.00884557,B:0.0143024):0.017824 (A:0.0356947,F:0.0445717):0.0535076
(C:0.00884557,B:0.0143024):0.017824 F:0.0445717
2->1 0.013056064 229.37778 229.37779
p1->2 0.096514925 213.61788 229.37779
Trying C A
C:0.00884557 (A:0.0301408,F:0.0605572):0.0590717
1->2 0.038631834 229.37776 229.37779
2->1 0.0029634435 215.39377 229.37779
p2->1 4.0751289e-05 213.61792 229.37779
C:0.00884869 A:0.0358421
1->2 0.0018068991 214.07546 229.37779
2->1 0.0024445727 215.57927 229.37779
(B:0.0140884,C:0.00910307):0.0179671 (F:0.0442632,A:0.0358595):0.0534289
(B:0.0140884,C:0.00910307):0.0179671 A:0.0358595
Trying C F
C:0.00910307 (F:0.0442632,A:0.0358595):0.0534289
C:0.00910307 F:0.0442632
1->2 0.0017529356 214.05091 229.37779
2->1 0.0024304674 215.57025 229.37779
(B:0.0140885,C:0.00910269):0.017967 (A:0.0358234,F:0.0442993):0.0534294
(B:0.0140885,C:0.00910269):0.017967 F:0.0442993
Trying D E
D:0.0359084 E:0.119789
1->2 0.002680829 214.63469 229.37779
2->1 0.0071536894 229.37777 229.37779
p1->2 0.098679066 213.61788 229.37779
p2->1 0.099995285 229.37779 229.37779
D:0.0511707 (G:0.139981,E:0.119789):0.0948355
1->2 0.099995285 229.37779 229.37779
p1->2 0.0017005811 213.61788 229.37779
Trying D G
D:0.0360147 (G:0.139981,E:0.119789):0.049225
D:0.0360147 G:0.139981
1->2 0.0029740555 214.89554 229.37779
2->1 0.0071536894 229.37777 229.37779
p1->2 0.00012879728 213.61788 229.37779
Migration added
Local updates around node 1: 0 ln(lk):229.37779 
Local updates around node 2: 0 ln(lk):229.37779 
Updates in migration position: 0 ln(lk):229.37779 
Switches in migration direction: 0 ln(lk):229.37779 
ln(likelihood):229.37779 
Targeting migration to vicinity of:
G A
A A
B A
F A

F A
A F
A A
B A
F A
A F
A A
G A
Trying A A
A:0.0358421 A:0.0358421
p1->2 5.6427712e-07 229.37779 229.37779
Trying A F
A:0.0358421 F:0.0442809
p1->2 5.6427712e-07 229.37779 229.37779
(F:0.044281,A:0.0358421):0.0727407 F:0.044281
p1->2 5.6427712e-07 229.37779 229.37779
Trying B A
(C:0.00884557,B:0.0143024):0.0181682 A:0.0358421
1->2 3.3026194e-07 229.37779 229.37779
2->1 0.0008357527 229.37779 229.37779
p1->2 3.6306955e-07 229.37779 229.37779
p2->1 0.099995285 229.37779 229.37779
B:0.0143024 A:0.0358421
1->2 3.3026194e-07 229.37779 229.37779
2->1 3.0968394e-07 229.37779 229.37779
p2->1 3.8719494e-07 229.37779 229.37779
Trying F A
F:0.0442809 A:0.0358421
Trying G A
G:0.139981 A:0.0358421
1->2 3.0968394e-07 229.37779 229.37779
2->1 3.0968394e-07 229.37779 229.37779
p1->2 3.6306955e-07 229.37779 229.37779
p2->1 0.0008357527 229.37779 229.37779
G:0.140292 (F:0.0442809,A:0.0358421):0.0727407
1->2 0.099995285 229.37779 229.37779
p1->2 0.099995285 229.37779 229.37779
p2->1 0.099995285 229.37779 229.37779
ln(likelihood):229.37779 
DONE.
