
TreeMix v. 1.13
$Revision: 231 $

npop:7 nsnp:17937834
Estimating covariance matrix in 4720 blocks of size 3800
SEED: 1607918352
Starting from:
((F:0.016216,A:0.00777623):0.147222,E:0.147222);
Adding D [4/7]
ln(likelihood): -6111.0036 
(((F:0.0449281,A:0.0364884):0.0639046,E:0.194036):0.042959,D:0.042959);
Adding B [5/7]
ln(likelihood): -6048.4813 
(((F:0.0477013,A:0.0392616):0.0611086,E:0.200601):0.0237537,(D:0.0442516,B:0.0358135):0.0237537);
Adding G [6/7]
ln(likelihood): 142.03641 
(B:0.016044,(D:0.0361211,((F:0.0444048,A:0.0359651):0.0534679,(E:0.119962,G:0.140155):0.0980136):0.0513046):0.016044);
Adding C [7/7]
ln(likelihood): 201.74264 
((D:0.036016,((F:0.0442807,A:0.035841):0.0533742,(E:0.119791,G:0.139984):0.0981073):0.0511813):0.00890882,(B:0.0143026,C:0.00884588):0.00890882);
Testing global rearrangements
D:0.036016 E:0.119791
-45906.23 201.74264
D:0.036016 (E:0.119791,G:0.139984):0.0981073
-17452.49 201.74264
D:0.036016 G:0.139984
-45906.23 201.74264
F:0.0442807 E:0.119791
-36645.48 201.74264
F:0.0442807 (E:0.119791,G:0.139984):0.0981073
-12651.19 201.74264
F:0.0442807 G:0.139984
-36645.48 201.74264
(F:0.0442807,A:0.035841):0.0533742 B:0.0143026
-33629.297 201.74264
(F:0.0442807,A:0.035841):0.0533742 (B:0.0143026,C:0.00884588):0.00890882
-17452.49 201.74264
(F:0.0442807,A:0.035841):0.0533742 C:0.00884588
-33629.297 201.74264
A:0.035841 E:0.119791
-36598.646 201.74264
A:0.035841 (E:0.119791,G:0.139984):0.0981073
-12651.19 201.74264
A:0.035841 G:0.139984
-36598.646 201.74264
B:0.0143026 F:0.0442807
-53949.049 201.74264
B:0.0143026 (F:0.0442807,A:0.035841):0.0533742
-31741.439 201.74264
B:0.0143026 A:0.035841
-53949.049 201.74264
Targeting migration to vicinity of:
E D
D G
F B
A B

A B
A C
F B
F C
D E
D G
E D
G D
A B
A C
F B
F C
Trying A B
(F:0.0442807,A:0.035841):0.0533742 B:0.0143026
1->2 0.0029463528 202.03105 201.74264
2->1 0.038631834 204.32899 202.03105
p1->2 0.078036837 201.74264 204.32899
p2->1 0.099995285 204.32899 204.32899
(F:0.0442807,A:0.035841):0.0727468 (C:0.00884588,B:0.0143026):0.0146546
1->2 0.099995285 204.32899 204.32899
p1->2 0.10342383 201.74264 204.32899
A:0.035841 B:0.0143026
1->2 0.0024304674 202.06213 204.32899
2->1 0.0018625207 201.82923 204.32899
p2->1 0.001643893 201.79733 204.32899
A:0.0361095 (C:0.00884558,B:0.0143023):0.00891279
1->2 0.013056064 204.32899 204.32899
Trying A C
(F:0.0442807,A:0.035841):0.0538429 (C:0.00884588,B:0.0143026):0.00966717
(F:0.0442807,A:0.035841):0.0538429 C:0.00884588
1->2 0.0029634435 202.0343 204.32899
2->1 0.038631834 204.32899 204.32899
p1->2 0.0010948586 201.74264 204.32899
A:0.035841 (B:0.014283,C:0.00888483):0.00891859
A:0.035841 C:0.00888483
1->2 0.0024304674 202.06462 204.32899
2->1 0.0018068991 201.81748 204.32899
Trying D E
D:0.0360061 E:0.119791
1->2 0.0026558505 201.90821 204.32899
2->1 0.0071536894 204.32899 204.32899
p1->2 4.0751289e-05 201.74265 204.32899
p2->1 0.099995285 204.32899 204.32899
D:0.0511726 (G:0.139984,E:0.119791):0.0983416
1->2 0.099995285 204.32899 204.32899
p1->2 4.0751289e-05 201.74264 204.32899
Trying D G
D:0.036016 (G:0.139984,E:0.119791):0.0981174
D:0.036016 G:0.139984
1->2 0.0029634435 201.95234 204.32899
2->1 0.0071536894 204.32899 204.32899
p1->2 6.2255936e-07 201.74264 204.32899
Trying E D
E:0.119791 D:0.036016
(E:0.119791,G:0.139984):0.0981074 D:0.036016
Trying F B
F:0.0442807 B:0.0143026
1->2 0.0023939221 202.0607 204.32899
2->1 0.0018068991 201.82453 204.32899
p2->1 0.0015947899 201.79429 204.32899
F:0.0445682 (C:0.00884588,B:0.0143026):0.0089124
1->2 0.013056064 204.32899 204.32899
(A:0.035841,F:0.0442807):0.0538429 B:0.0143026
(A:0.035841,F:0.0442807):0.0538429 (C:0.00884588,B:0.0143026):0.00966717
Trying F C
F:0.0442807 (C:0.00884588,B:0.0143026):0.00966717
F:0.0442807 C:0.00884588
1->2 0.0024164431 202.0631 204.32899
2->1 0.0017529356 201.81336 204.32899
(A:0.0356777,F:0.0445999):0.053526 (B:0.0142992,C:0.00884868):0.00891401
(A:0.0356777,F:0.0445999):0.053526 C:0.00884868
Trying G D
(E:0.119791,G:0.139984):0.0980494 D:0.0360064
G:0.139984 D:0.0360064
Migration added
Local updates around node 1: 0 ln(lk):204.32899 
Local updates around node 2: 0 ln(lk):204.32899 
Updates in migration position: 0 ln(lk):204.32899 
Switches in migration direction: 0 ln(lk):204.32899 
ln(likelihood):204.32899 
Targeting migration to vicinity of:
B B
B B
B B
B B

B B
Trying B B
B:0.0143026 B:0.0143026
p1->2 0.099995285 204.32899 204.32899
B:0.0176573 (C:0.00884588,B:0.0176573):0.0146544
(C:0.00884588,B:0.0176573):0.0146544 B:0.0176573
(C:0.00884588,B:0.0176573):0.0146544 (C:0.00884588,B:0.0176573):0.0146544
ln(likelihood):204.32899 
Targeting migration to vicinity of:
B B
B B
B B
B B

ln(likelihood):204.32899 
Targeting migration to vicinity of:
B B
B B
B B
B B

B B
Trying B B
B:0.0143026 B:0.0143026
p1->2 0.099995285 204.32899 204.32899
B:0.0176573 (C:0.00884588,B:0.0176573):0.0146541
(C:0.00884588,B:0.0176573):0.0146541 B:0.0176573
(C:0.00884588,B:0.0176573):0.0146541 (C:0.00884588,B:0.0176573):0.0146541
ln(likelihood):204.32899 
DONE.
