
TreeMix v. 1.13
$Revision: 231 $

npop:7 nsnp:17937834
Estimating covariance matrix in 44844 blocks of size 400
SEED: 1607918630
Starting from:
((A:0.0804168,G:0.213875):0.0374125,C:0.0374125);
Adding F [4/7]
ln(likelihood): -35631.635 
((G:0.215766,(A:0.0367859,F:0.0452247):0.0662767):0.0366875,C:0.0366875);
Adding E [5/7]
ln(likelihood): -17040.65 
(((A:0.0377128,F:0.0461516):0.0544947,(G:0.141793,E:0.121601):0.0994739):0.0393,C:0.0393);
Adding D [6/7]
ln(likelihood): -160.988 
(C:0.0132262,(((A:0.0361076,F:0.0445464):0.0534641,(G:0.140293,E:0.120101):0.0980216):0.0514761,D:0.0362014):0.0132262);
Adding B [7/7]
ln(likelihood): 211.47191 
(C:0.00442278,((((A:0.0358421,F:0.0442809):0.0533704,(G:0.139981,E:0.119789):0.0981153):0.0511793,D:0.0360147):0.0178168,B:0.0143024):0.00442278);
Testing global rearrangements
C:0.00442278 A:0.0358421
-471358.04 211.47191
C:0.00442278 (A:0.0358421,F:0.0442809):0.0533704
-277606.8 211.47191
C:0.00442278 F:0.0442809
-471358.04 211.47191
C:0.00442278 D:0.0360147
-14784.063 211.47191
C:0.00442278 B:0.0143024
211.47191 211.47191
A:0.0358421 C:0.00442278
-475180.64 211.47191
A:0.0358421 G:0.139981
-324761.36 211.47191
A:0.0358421 B:0.0143024
-475180.64 211.47191
G:0.139981 A:0.0358421
-309819.92 211.47191
D:0.0360147 C:0.00442278
-14784.063 211.47191
D:0.0360147 A:0.0358421
-327619.86 211.47191
D:0.0360147 (A:0.0358421,F:0.0442809):0.0533704
-157955.78 211.47191
D:0.0360147 F:0.0442809
-327619.86 211.47191
B:0.0143024 C:0.00442278
211.47191 211.47191
B:0.0143024 D:0.0360147
-14784.063 211.47191
DONE.
