
TreeMix v. 1.13
$Revision: 231 $

npop:7 nsnp:17937834
Estimating covariance matrix in 9965 blocks of size 1800
SEED: 1607918213
Starting from:
((D:0.0307219,C:0.0151075):0.0782681,A:0.0782681);
Adding E [4/7]
ln(likelihood): -11219.818 
((D:0.0524485,C:0.037817):0.0256812,(A:0.0822808,E:0.197652):0.0256812);
Adding G [5/7]
ln(likelihood): -3434.5488 
((D:0.0403299,C:0.0266112):0.0245047,(A:0.0797302,(E:0.121396,G:0.141589):0.102501):0.0245047);
Adding B [6/7]
ln(likelihood): -319.48498 
(A:0.0446747,((E:0.120554,G:0.140746):0.0981263,(D:0.0367116,(C:0.00957391,B:0.0150308):0.0179132):0.0513635):0.0446747);
Adding F [7/7]
ln(likelihood): 209.18265 
(A:0.0179207,(((E:0.11979,G:0.139982):0.098112,(D:0.0360153,(C:0.00884569,B:0.0143026):0.0178173):0.0511802):0.0533719,F:0.0442808):0.0179207);
Testing global rearrangements
A:0.0179207 C:0.00884569
-112927.16 209.18265
A:0.0179207 (C:0.00884569,B:0.0143026):0.0178173
-76011.644 209.18265
A:0.0179207 B:0.0143026
-112927.16 209.18265
E:0.11979 A:0.0179207
-72871.837 209.18265
E:0.11979 ((E:0.11979,G:0.139982):0.098112,(D:0.0360153,(C:0.00884569,B:0.0143026):0.0178173):0.0511802):0.0533719
-44834.281 209.18265
E:0.11979 (((E:0.11979,G:0.139982):0.098112,(D:0.0360153,(C:0.00884569,B:0.0143026):0.0178173):0.0511802):0.0533719,F:0.0442808):0.0179207
-72871.837 209.18265
D:0.0360153 A:0.0179207
-76839.885 209.18265
D:0.0360153 ((E:0.11979,G:0.139982):0.098112,(D:0.0360153,(C:0.00884569,B:0.0143026):0.0178173):0.0511802):0.0533719
-36652.435 209.18265
D:0.0360153 F:0.0442808
-76839.885 209.18265
C:0.00884569 D:0.0360153
-3395.597 209.18265
F:0.0442808 D:0.0360153
-75893.895 209.18265
Targeting migration to vicinity of:
D E
D G
C F
B F

C A
C F
B A
B F
C A
C F
B A
B F
D E
D G
D E
D G
Trying B A
(C:0.00884569,B:0.0143026):0.0178173 A:0.0179207
1->2 0.001643893 209.29698 209.18265
2->1 0.013056064 214.58536 209.29698
p1->2 0.016727606 209.18265 214.58536
B:0.0143026 A:0.0189974
1->2 0.0018625207 209.36369 214.58536
2->1 0.0024304674 209.85024 214.58536
Trying B F
(C:0.00863293,B:0.0145852):0.0179668 F:0.0442632
1->2 0.0016040532 209.29073 214.58536
2->1 0.013056064 214.58536 214.58536
p1->2 0.0008357527 209.18265 214.58536
p2->1 0.013056064 214.58536 214.58536
B:0.0143026 F:0.0442808
1->2 0.0018068991 209.35397 214.58536
2->1 0.0023939221 209.84727 214.58536
p2->1 0.0024304674 209.85024 214.58536
Trying C A
C:0.00863293 A:0
1->2 0.0018068991 209.33913 214.58536
2->1 0.0024445727 209.8555 214.58536
(B:0.0140886,C:0.00910319):0.0179677 A:0.0179294
Trying C F
C:0.00910319 F:0.0442631
1->2 0.0017529356 209.33063 214.58536
2->1 0.0024164431 209.85237 214.58536
p2->1 0.0024445727 209.8555 214.58536
(B:0.0140886,C:0.00910319):0.0179677 F:0.0442631
Trying D E
D:0.0359091 E:0.11979
1->2 0.0026712604 209.52904 214.58536
2->1 0.0071536894 214.58535 214.58536
p1->2 4.0751289e-05 209.18265 214.58536
p2->1 0.010928518 214.58536 214.58536
D:0.0377426 (G:0.139982,E:0.11979):0.0983463
1->2 0.056945603 214.58536 214.58536
p2->1 4.0751289e-05 209.18263 214.58536
Trying D G
D:0.0360203 (G:0.139982,E:0.11979):0.098112
D:0.0360203 G:0.139982
1->2 0.0029740555 209.62071 214.58536
2->1 0.0071536894 214.58535 214.58536
p1->2 0.010928518 209.18265 214.58536
Migration added
Local updates around node 1: 0 ln(lk):214.58536 
Local updates around node 2: 0 ln(lk):214.58536 
Updates in migration position: 0 ln(lk):214.58536 
Switches in migration direction: 0 ln(lk):214.58536 
ln(likelihood):214.58536 
Targeting migration to vicinity of:
D F
A E
A G
C A

D F
D F
Trying D F
D:0.0379176 F:0.0442808
1->2 3.0968394e-07 214.58536 214.58536
2->1 0.0008357527 214.58536 214.58536
p1->2 0.099995285 214.58536 214.58536
p2->1 0.0008357527 214.58536 214.58536
Migration added
Local updates around node 1: 0 ln(lk):214.58536 
Local updates around node 2: 0 ln(lk):214.58536 
Updates in migration position: 0 ln(lk):214.58536 
Switches in migration direction: 0 ln(lk):214.58536 
ln(likelihood):214.58536 
Targeting migration to vicinity of:
D F
A E
A G
C A

D F
D F
Trying D F
D:0.0380701 F:0.0442808
1->2 3.0968394e-07 214.58536 214.58536
2->1 0.0008357527 214.58536 214.58536
p1->2 4.7680956e-07 214.58536 214.58536
Migration added
Local updates around node 1: 0 ln(lk):214.58536 
Local updates around node 2: 0 ln(lk):214.58536 
Updates in migration position: 0 ln(lk):214.58536 
Switches in migration direction: 0 ln(lk):214.58536 
ln(likelihood):214.58536 
DONE.
