
TreeMix v. 1.13
$Revision: 231 $

npop:7 nsnp:17937834
Estimating covariance matrix in 5605 blocks of size 3200
SEED: 1607918630
Starting from:
((A:0.0804176,G:0.213872):0.0374141,C:0.0374141);
Adding F [4/7]
ln(likelihood): -4723.7487 
((G:0.215762,(A:0.0367847,F:0.0452244):0.0662795):0.0366893,C:0.0366893);
Adding E [5/7]
ln(likelihood): -2250.4619 
(((A:0.0377117,F:0.0461515):0.0544986,(G:0.141796,E:0.121604):0.099466):0.0393016,C:0.0393016);
Adding D [6/7]
ln(likelihood): 108.65137 
(C:0.0132268,(((A:0.0361065,F:0.0445463):0.0534679,(G:0.140296,E:0.120104):0.0980136):0.0514781,D:0.0362027):0.0132268);
Adding B [7/7]
ln(likelihood): 203.61225 
((D:0.036016,(C:0.00884588,B:0.0143026):0.0178176):0.0255907,((A:0.035841,F:0.0442807):0.0533742,(G:0.139984,E:0.119791):0.0981073):0.0255907);
Testing global rearrangements
D:0.036016 G:0.139984
-54366.916 203.61225
D:0.036016 (G:0.139984,E:0.119791):0.0981073
-20677.501 203.61225
D:0.036016 E:0.119791
-54366.916 203.61225
C:0.00884588 D:0.036016
-1847.1297 203.61225
A:0.035841 D:0.036016
-43018.933 203.61225
A:0.035841 ((A:0.035841,F:0.0442807):0.0533742,(G:0.139984,E:0.119791):0.0981073):0.0255907
-15003.745 203.61225
G:0.139984 D:0.036016
-51469.25 203.61225
G:0.139984 (D:0.036016,(C:0.00884588,B:0.0143026):0.0178176):0.0255907
-25307.091 203.61225
G:0.139984 C:0.00884588
-75181.72 203.61225
G:0.139984 (C:0.00884588,B:0.0143026):0.0178176
-51469.25 203.61225
G:0.139984 B:0.0143026
-75181.72 203.61225
G:0.139984 ((A:0.035841,F:0.0442807):0.0533742,(G:0.139984,E:0.119791):0.0981073):0.0255907
-25307.091 203.61225
DONE.
