
TreeMix v. 1.13
$Revision: 231 $

npop:7 nsnp:17937834
Estimating covariance matrix in 6406 blocks of size 2800
SEED: 1607918352
Starting from:
((F:0.0162151,A:0.00777568):0.147222,E:0.147222);
Adding D [4/7]
ln(likelihood): -8272.41 
(((F:0.0449282,A:0.0364888):0.0639031,E:0.194038):0.0429581,D:0.0429581);
Adding B [5/7]
ln(likelihood): -8216.6911 
(((F:0.0477015,A:0.039262):0.0611069,E:0.200603):0.0237532,(D:0.0442512,B:0.0358134):0.0237532);
Adding G [6/7]
ln(likelihood): 141.61897 
(B:0.0160438,(D:0.0361205,((F:0.0444049,A:0.0359655):0.0534659,(E:0.119961,G:0.140153):0.0980175):0.0513037):0.0160438);
Adding C [7/7]
ln(likelihood): 205.04414 
((D:0.0360154,((F:0.0442808,A:0.0358414):0.0533722,(E:0.11979,G:0.139982):0.0981112):0.0511805):0.00890868,(B:0.0143025,C:0.00884574):0.00890868);
Testing global rearrangements
D:0.0360154 E:0.11979
-62183.238 205.04414
D:0.0360154 (E:0.11979,G:0.139982):0.0981112
-23677.571 205.04414
D:0.0360154 G:0.139982
-62183.238 205.04414
F:0.0442808 E:0.11979
-49615.222 205.04414
F:0.0442808 (E:0.11979,G:0.139982):0.0981112
-17169.13 205.04414
F:0.0442808 G:0.139982
-49615.222 205.04414
(F:0.0442808,A:0.0358414):0.0533722 B:0.0143025
-45507.807 205.04414
(F:0.0442808,A:0.0358414):0.0533722 (B:0.0143025,C:0.00884574):0.00890868
-23677.571 205.04414
(F:0.0442808,A:0.0358414):0.0533722 C:0.00884574
-45507.807 205.04414
A:0.0358414 E:0.11979
-49553.633 205.04414
A:0.0358414 (E:0.11979,G:0.139982):0.0981112
-17169.13 205.04414
A:0.0358414 G:0.139982
-49553.633 205.04414
B:0.0143025 F:0.0442808
-72960.892 205.04414
B:0.0143025 (F:0.0442808,A:0.0358414):0.0533722
-42943.543 205.04414
B:0.0143025 A:0.0358414
-72960.892 205.04414
Targeting migration to vicinity of:
E D
D G
F B
A B

A B
A C
F B
F C
D E
D G
E D
G D
A B
A C
F B
F C
Trying A B
(F:0.0442808,A:0.0358414):0.0533722 B:0.0143025
1->2 0.0029463528 205.43416 205.04414
2->1 0.038631834 208.5427 205.43416
p1->2 0.00026379287 205.04414 208.5427
p2->1 0.099995285 208.5427 208.5427
(F:0.0442808,A:0.0358414):0.0727442 (C:0.00884574,B:0.0143025):0.0146545
1->2 0.099995285 208.5427 208.5427
p1->2 0.0053747296 205.04414 208.5427
A:0.0358414 B:0.0143025
1->2 0.0024304674 205.47622 208.5427
2->1 0.0018625207 205.1613 208.5427
p2->1 0.001643893 205.11813 208.5427
A:0.0361099 (C:0.00884545,B:0.0143022):0.00891264
1->2 0.013056064 208.5427 208.5427
Trying A C
(F:0.0442808,A:0.0358414):0.0538409 (C:0.00884574,B:0.0143025):0.009667
(F:0.0442808,A:0.0358414):0.0538409 C:0.00884574
1->2 0.0029634435 205.43858 208.5427
2->1 0.038631834 208.5427 208.5427
p1->2 0.016859977 205.04414 208.5427
A:0.0358414 (B:0.0139969,C:0.00946253):0.00906145
A:0.0358414 C:0.00946253
1->2 0.0024304674 205.4796 208.5427
2->1 0.0018068991 205.1454 208.5427
Trying D E
D:0.0360055 E:0.11979
1->2 0.0026558505 205.2683 208.5427
2->1 0.0071536894 208.5427 208.5427
p1->2 4.0751289e-05 205.04416 208.5427
p2->1 0.099995285 208.5427 208.5427
D:0.0511717 (G:0.139982,E:0.11979):0.0983455
1->2 0.099995285 208.5427 208.5427
p1->2 4.0751289e-05 205.04413 208.5427
Trying D G
D:0.0360154 (G:0.139982,E:0.11979):0.0981213
D:0.0360154 G:0.139982
1->2 0.0029634435 205.3278 208.5427
2->1 0.0071536894 208.5427 208.5427
p1->2 6.2255936e-07 205.04414 208.5427
Trying E D
E:0.11979 D:0.0360154
(E:0.11979,G:0.139982):0.0981113 D:0.0360154
Trying F B
F:0.0442808 B:0.0143025
1->2 0.0023939221 205.47429 208.5427
2->1 0.0018068991 205.15495 208.5427
p2->1 0.0015947899 205.11404 208.5427
F:0.0445683 (C:0.00884574,B:0.0143025):0.00891226
1->2 0.013056064 208.5427 208.5427
(A:0.0358414,F:0.0442808):0.0538409 B:0.0143025
(A:0.0358414,F:0.0442808):0.0538409 (C:0.00884574,B:0.0143025):0.009667
Trying F C
F:0.0442808 (C:0.00884574,B:0.0143025):0.009667
F:0.0442808 C:0.00884574
1->2 0.0024164431 205.47756 208.5427
2->1 0.0017529356 205.13985 208.5427
(A:0.0356781,F:0.0445999):0.053524 (B:0.0142991,C:0.00884855):0.00891387
(A:0.0356781,F:0.0445999):0.053524 C:0.00884855
Trying G D
(E:0.11979,G:0.139982):0.0980533 D:0.0360058
G:0.139982 D:0.0360058
Migration added
Local updates around node 1: 0 ln(lk):208.5427 
Local updates around node 2: 0 ln(lk):208.5427 
Updates in migration position: 0 ln(lk):208.5427 
Switches in migration direction: 0 ln(lk):208.5427 
ln(likelihood):208.5427 
Targeting migration to vicinity of:
D D
F F
F F
F F

D D
Trying D D
D:0.035664 D:0.035664
p1->2 0.099995285 208.5427 208.5427
D:0.0440292 (D:0.0440292,((E:0.11979,G:0.139982):0.0919175,(F:0.0442808,A:0.0358414):0.0727432):0.057257):0.00351448
(D:0.0440292,((E:0.11979,G:0.139982):0.0919175,(F:0.0442808,A:0.0358414):0.0727432):0.057257):0.00351448 (D:0.0440292,((E:0.11979,G:0.139982):0.0919175,(F:0.0442808,A:0.0358414):0.0727432):0.057257):0.00351448
ln(likelihood):208.5427 
Targeting migration to vicinity of:
F D
F F
F F
F F

F D
Trying F D
F:0.0442808 D:0.035664
1->2 0.0008357527 208.5427 208.5427
2->1 3.8719494e-07 208.5427 208.5427
p1->2 0.099995285 208.5427 208.5427
p2->1 3.8719494e-07 208.5427 208.5427
ln(likelihood):208.5427 
Targeting migration to vicinity of:
F F
F D
A A
A A

F F
F D
F F
Trying F D
F:0.0442808 D:0.035664
1->2 0.0008357527 208.5427 208.5427
2->1 3.8719494e-07 208.5427 208.5427
p1->2 0.099995285 208.5427 208.5427
p2->1 3.8719494e-07 208.5427 208.5427
Trying F F
F:0.0442809 F:0.0442809
p1->2 3.9084634e-07 208.5427 208.5427
F:0.0442808 (A:0.0358414,F:0.0442808):0.0727411
p2->1 3.9682749e-07 208.5427 208.5427
F:0.0442809 ((E:0.11979,G:0.139982):0.0919181,(A:0.0358414,F:0.0442809):0.0727411):0.0572564
(A:0.0358414,F:0.0442809):0.0727411 (A:0.0358414,F:0.0442809):0.0727411
p1->2 0.099995285 208.5427 208.5427
(A:0.0358414,F:0.0442808):0.0920614 ((E:0.11979,G:0.139982):0.0919181,(A:0.0358414,F:0.0442808):0.0920614):0.0572564
p2->1 0.099995285 208.5427 208.5427
((E:0.11979,G:0.139982):0.0847616,(A:0.0358414,F:0.0442808):0.100003):0.0644129 (A:0.0358414,F:0.0442808):0.100003
((E:0.11979,G:0.139982):0.0847616,(A:0.0358414,F:0.0442808):0.100003):0.0644129 ((E:0.11979,G:0.139982):0.0847616,(A:0.0358414,F:0.0442808):0.100003):0.0644129
p1->2 0.099995285 208.5427 208.5427
ln(likelihood):208.5427 
DONE.
