
TreeMix v. 1.13
$Revision: 231 $

npop:7 nsnp:17937834
Estimating covariance matrix in 17937 blocks of size 1000
SEED: 1607918072
Starting from:
(F:0.0913919,(C:0.00441526,B:0.00987213):0.0913919);
Adding D [4/7]
ln(likelihood): -32239.488 
(F:0.0835478,((C:0.0126857,B:0.0181425):0.0182194,D:0.0401251):0.0835478);
Adding E [5/7]
ln(likelihood): -34833.16 
(F:0.0481772,(((C:0.0100164,B:0.0154733):0.0178173,D:0.037186):0.061659,E:0.194545):0.0481772);
Adding G [6/7]
ln(likelihood): -252.44765 
(F:0.0489678,(((C:0.00935002,B:0.0148069):0.0179132,D:0.0364877):0.0512696,(E:0.120324,G:0.140516):0.0981201):0.0489678);
Adding A [7/7]
ln(likelihood): 212.95774 
((((C:0.00884569,B:0.0143026):0.0178173,D:0.0360153):0.0511802,(E:0.11979,G:0.139982):0.098112):0.0266859,(F:0.0442808,A:0.0358415):0.0266859);
Testing global rearrangements
C:0.00884569 ((C:0.00884569,B:0.0143026):0.0178173,D:0.0360153):0.0511802
-6150.1803 212.95774
C:0.00884569 (((C:0.00884569,B:0.0143026):0.0178173,D:0.0360153):0.0511802,(E:0.11979,G:0.139982):0.098112):0.0266859
-117096.11 212.95774
C:0.00884569 F:0.0442808
-198929.15 212.95774
C:0.00884569 (F:0.0442808,A:0.0358415):0.0266859
-117096.11 212.95774
C:0.00884569 A:0.0358415
-198929.15 212.95774
D:0.0360153 C:0.00884569
-6150.1803 212.95774
D:0.0360153 E:0.11979
-171417.6 212.95774
D:0.0360153 (E:0.11979,G:0.139982):0.098112
-65373.765 212.95774
D:0.0360153 G:0.139982
-171417.6 212.95774
E:0.11979 F:0.0442808
-129491.63 212.95774
E:0.11979 (F:0.0442808,A:0.0358415):0.0266859
-79944.323 212.95774
E:0.11979 A:0.0358415
-129491.63 212.95774
F:0.0442808 C:0.00884569
-199493.23 212.95774
F:0.0442808 (C:0.00884569,B:0.0143026):0.0178173
-134869.4 212.95774
F:0.0442808 B:0.0143026
-199493.23 212.95774
F:0.0442808 ((C:0.00884569,B:0.0143026):0.0178173,D:0.0360153):0.0511802
-47185.167 212.95774
F:0.0442808 D:0.0360153
-134869.4 212.95774
(F:0.0442808,A:0.0358415):0.0266859 E:0.11979
-79944.323 212.95774
A:0.0358415 C:0.00884569
-200037.57 212.95774
A:0.0358415 (C:0.00884569,B:0.0143026):0.0178173
-135078.21 212.95774
A:0.0358415 B:0.0143026
-200037.57 212.95774
A:0.0358415 ((C:0.00884569,B:0.0143026):0.0178173,D:0.0360153):0.0511802
-47185.167 212.95774
A:0.0358415 D:0.0360153
-135078.21 212.95774
Targeting migration to vicinity of:
D E
D G
C A
B A

C F
C A
B F
B A
C F
C A
B F
B A
D E
D G
D E
D G
Trying B A
B:0.0143026 (F:0.0442808,A:0.0358415):0.0266859
1->2 0.038631834 222.57011 212.95774
2->1 0.0029463528 214.02927 222.57011
p1->2 0.099995285 222.57012 222.57011
B:0.0143026 A:0.0358414
1->2 0.0018625207 213.28015 222.57012
2->1 0.0024304674 214.14497 222.57012
p1->2 0.001643893 213.16138 222.57012
(C:0.0088454,B:0.0143023):0.0178253 (F:0.0441306,A:0.03611):0.0267559
2->1 0.099995285 222.57012 222.57012
p1->2 0.0041069267 212.95774 222.57012
(C:0.00884569,B:0.0143026):0.0178173 A:0.0358415
2->1 0.013056064 222.57012 222.57012
p1->2 0.0008357527 212.95774 222.57012
Trying B F
B:0.0143026 F:0.0442362
1->2 0.0018068991 213.2629 222.57012
2->1 0.0023939221 214.13975 222.57012
p1->2 0.0016040532 213.15028 222.57012
B:0.0143026 (A:0.0356949,F:0.04457):0.0267542
(C:0.00884569,B:0.0143026):0.0178245 F:0.04457
2->1 0.013056064 222.57012 222.57012
p1->2 0.033863567 212.95774 222.57012
(C:0.00884569,B:0.0143026):0.0178173 (A:0.0339707,F:0.0493757):0.0276213
Trying C A
(C:0.00884569,B:0.0143026):0.0178173 (A:0.0339707,F:0.0493757):0.0276213
(C:0.00884569,B:0.0143026):0.0178173 A:0.0339707
C:0.00884569 (A:0.0339707,F:0.0493757):0.0276213
1->2 0.038631834 222.57011 222.57012
2->1 0.0029634435 214.04185 222.57012
C:0.00913692 A:0.0358415
1->2 0.0018068991 213.23645 222.57012
2->1 0.0024445727 214.15477 222.57012
Trying C F
(B:0.0140886,C:0.00910319):0.0179677 F:0.0442631
(B:0.0140886,C:0.00910319):0.0179677 (F:0.0442631,A:0.0358588):0.0267152
C:0.00910319 F:0.0442631
1->2 0.0017529356 213.22135 222.57012
2->1 0.0024164431 214.14923 222.57012
C:0.00910156 (A:0.0358226,F:0.0442993):0.0267154
Trying D E
D:0.0359095 E:0.11979
1->2 0.0026712604 213.57554 222.57012
2->1 0.0071536894 222.57011 222.57012
p1->2 4.0751289e-05 212.95774 222.57012
p2->1 0.099995285 222.57012 222.57012
D:0.0511715 (G:0.139982,E:0.11979):0.0983463
1->2 0.099995285 222.57012 222.57012
p2->1 4.0751289e-05 212.95773 222.57012
Trying D G
D:0.0360203 G:0.139982
1->2 0.0029740555 213.73677 222.57012
2->1 0.0071536894 222.57011 222.57012
p1->2 0.0098804301 212.95774 222.57012
D:0.0360153 (E:0.118811,G:0.143778):0.0990911
Migration added
Local updates around node 1: 0 ln(lk):222.57012 
Local updates around node 2: 0 ln(lk):222.57012 
Updates in migration position: 0 ln(lk):222.57012 
Switches in migration direction: 0 ln(lk):222.57012 
ln(likelihood):222.57012 
Targeting migration to vicinity of:
D A
F A
F E
A A

F A
A F
A A
C A
D A
F A
A F
A A
F E
Trying A A
A:0.0358415 A:0.0358415
p1->2 3.6306955e-07 222.57012 222.57012
Trying A F
A:0.0358415 F:0.0442808
p1->2 3.6306955e-07 222.57012 222.57012
(F:0.0442809,A:0.0358415):0.0363713 F:0.0442809
Trying C A
C:0.00884569 A:0.0358415
1->2 3.0968394e-07 222.57012 222.57012
2->1 3.0968394e-07 222.57012 222.57012
p1->2 3.0968394e-07 222.57012 222.57012
p2->1 3.6306955e-07 222.57012 222.57012
Trying D A
D:0.0356639 A:0.0358415
1->2 3.0968394e-07 222.57012 222.57012
2->1 0.0008357527 222.57012 222.57012
p1->2 3.6306955e-07 222.57012 222.57012
p2->1 0.099995285 222.57012 222.57012
Trying F A
F:0.0442808 A:0.0358415
Trying F E
F:0.0442808 E:0.11979
1->2 3.0968394e-07 222.57012 222.57012
2->1 3.0968394e-07 222.57012 222.57012
p1->2 0.099995285 222.57012 222.57012
p2->1 3.6306955e-07 222.57012 222.57012
ln(likelihood):222.57012 
DONE.
