
TreeMix v. 1.13
$Revision: 231 $

npop:7 nsnp:17937834
Estimating covariance matrix in 4484 blocks of size 4000
SEED: 1607918630
Starting from:
((A:0.0804176,G:0.213872):0.0374141,C:0.0374141);
Adding F [4/7]
ln(likelihood): -3773.2467 
((G:0.215762,(A:0.0367847,F:0.0452244):0.0662795):0.0366893,C:0.0366893);
Adding E [5/7]
ln(likelihood): -1785.3663 
(((A:0.0377117,F:0.0461515):0.0544986,(G:0.141796,E:0.121604):0.099466):0.0393016,C:0.0393016);
Adding D [6/7]
ln(likelihood): 115.3232 
(C:0.0132268,(((A:0.0361065,F:0.0445463):0.0534679,(G:0.140296,E:0.120104):0.0980136):0.0514781,D:0.0362027):0.0132268);
Adding B [7/7]
ln(likelihood): 201.1307 
(((A:0.035841,F:0.0442807):0.0533742,(D:0.036016,(C:0.00884588,B:0.0143026):0.0178176):0.0511813):0.0490537,(G:0.139984,E:0.119791):0.0490537);
Testing global rearrangements
A:0.035841 C:0.00884588
-51322.472 201.1307
A:0.035841 (C:0.00884588,B:0.0143026):0.0178176
-34439.909 201.1307
A:0.035841 B:0.0143026
-51322.472 201.1307
D:0.036016 C:0.00884588
-1443.9704 201.1307
D:0.036016 B:0.0143026
-1443.9704 201.1307
G:0.139984 D:0.036016
-41199.664 201.1307
DONE.
