
TreeMix v. 1.13
$Revision: 231 $

npop:7 nsnp:17937834
Estimating covariance matrix in 8968 blocks of size 2000
SEED: 1607918352
Starting from:
((F:0.016216,A:0.00777623):0.147222,E:0.147222);
Adding D [4/7]
ln(likelihood): -11496.69 
(((F:0.0449281,A:0.0364884):0.0639046,E:0.194036):0.042959,D:0.042959);
Adding B [5/7]
ln(likelihood): -11466.259 
(((F:0.0477013,A:0.0392616):0.0611086,E:0.200601):0.0237537,(D:0.0442516,B:0.0358135):0.0237537);
Adding G [6/7]
ln(likelihood): 139.70003 
(B:0.016044,(D:0.0361211,((F:0.0444048,A:0.0359651):0.0534679,(E:0.119962,G:0.140155):0.0980136):0.0513046):0.016044);
Adding C [7/7]
ln(likelihood): 208.27272 
(B:0.00715129,((D:0.036016,((F:0.0442807,A:0.035841):0.0533742,(E:0.119791,G:0.139984):0.0981073):0.0511813):0.0178176,C:0.00884588):0.00715129);
Testing global rearrangements
B:0.00715129 F:0.0442807
-101300.72 208.27272
B:0.00715129 (F:0.0442807,A:0.035841):0.0533742
-59643.338 208.27272
B:0.00715129 A:0.035841
-101300.72 208.27272
D:0.036016 B:0.00715129
-3044.4196 208.27272
D:0.036016 E:0.119791
-86670.008 208.27272
D:0.036016 (E:0.119791,G:0.139984):0.0981073
-33022.486 208.27272
D:0.036016 G:0.139984
-86670.008 208.27272
F:0.0442807 E:0.119791
-69099.122 208.27272
F:0.0442807 (E:0.119791,G:0.139984):0.0981073
-23944.078 208.27272
F:0.0442807 G:0.139984
-69099.122 208.27272
(F:0.0442807,A:0.035841):0.0533742 B:0.00715129
-63249.529 208.27272
(F:0.0442807,A:0.035841):0.0533742 C:0.00884588
-63249.529 208.27272
A:0.035841 E:0.119791
-69010.476 208.27272
A:0.035841 (E:0.119791,G:0.139984):0.0981073
-23944.078 208.27272
A:0.035841 G:0.139984
-69010.476 208.27272
C:0.00884588 F:0.0442807
-101373.86 208.27272
C:0.00884588 (F:0.0442807,A:0.035841):0.0533742
-59637.006 208.27272
C:0.00884588 A:0.035841
-101373.86 208.27272
Targeting migration to vicinity of:
E D
D G
A B
F C

A B
A C
F B
F C
D E
D G
E D
G D
A B
A C
F B
F C
Trying A B
(F:0.0442807,A:0.035841):0.0533742 B:0.00715129
1->2 0.0029463528 208.81604 208.27272
2->1 0.038631834 213.14309 208.81604
p1->2 0.0063684299 208.27272 213.14309
A:0.035841 B:0.00730071
1->2 0.0024304674 208.8746 213.14309
2->1 0.0018625207 208.43591 213.14309
Trying A C
(F:0.0441051,A:0.0361506):0.0535372 C:0.00884025
1->2 0.0029634435 208.82224 213.14309
2->1 0.038631834 213.14309 213.14309
p1->2 0.0008357527 208.27272 213.14309
p2->1 0.038631834 213.14309 213.14309
A:0.035841 C:0.00884569
1->2 0.0024445727 208.87935 213.14309
2->1 0.0018068991 208.41378 213.14309
p2->1 0.0018625207 208.43591 213.14309
Trying D E
D:0.0360045 (E:0.119791,G:0.139984):0.0980441
1->2 0.056945603 213.1431 213.14309
2->1 0.016859977 213.1431 213.1431
p1->2 4.0751289e-05 208.27271 213.1431
D:0.036016 E:0.119791
1->2 0.0026558505 208.58488 213.1431
2->1 0.0071536894 213.1431 213.1431
p1->2 4.0751289e-05 208.27274 213.1431
Trying D G
D:0.036016 G:0.139979
1->2 0.0029634435 208.66741 213.1431
2->1 0.0071536894 213.1431 213.1431
p1->2 6.2255936e-07 208.27272 213.1431
D:0.036016 (E:0.119791,G:0.139984):0.0981074
Trying E D
(E:0.119791,G:0.139984):0.0981074 D:0.036016
E:0.119791 D:0.036016
Trying F B
(F:0.0442807,A:0.035841):0.0533742 B:0.00715129
F:0.0442807 B:0.00715129
1->2 0.0023939221 208.87192 213.1431
2->1 0.0018068991 208.42709 213.1431
Trying F C
(A:0.0356706,F:0.0446117):0.0535323 C:0.00884041
F:0.0446117 C:0.00884041
1->2 0.0024164431 208.87653 213.1431
2->1 0.0017529356 208.40605 213.1431
p2->1 0.0018068991 208.42709 213.1431
Trying G D
G:0.139984 D:0.0360048
(E:0.119791,G:0.139984):0.098046 D:0.0360048
Migration added
Local updates around node 1: 0 ln(lk):213.1431 
Local updates around node 2: 0 ln(lk):213.1431 
Updates in migration position: 0 ln(lk):213.1431 
Switches in migration direction: 0 ln(lk):213.1431 
ln(likelihood):213.1431 
Targeting migration to vicinity of:
D C
E B
A B
F B

D C
C D
Trying C D
C:0.00884588 D:0.0442282
1->2 0.0008357527 213.1431 213.1431
2->1 0.099995285 213.1431 213.1431
p1->2 0.099995285 213.1431 213.1431
Trying D C
D:0.0572514 C:0.00884588
Migration added
Local updates around node 1: 0 ln(lk):213.1431 
Local updates around node 2: 0 ln(lk):213.1431 
Updates in migration position: 0 ln(lk):213.1431 
Switches in migration direction: 0 ln(lk):213.1431 
ln(likelihood):213.1431 
Targeting migration to vicinity of:
D B
E C
F C
A C

D B
Trying D B
D:0.0442286 B:0.00635565
1->2 0.099995285 213.1431 213.1431
2->1 0.099995285 213.1431 213.1431
p1->2 0.099995285 213.1431 213.1431
Migration added
Local updates around node 1: 0 ln(lk):213.1431 
Local updates around node 2: 0 ln(lk):213.1431 
Updates in migration position: 0 ln(lk):213.1431 
Switches in migration direction: 0 ln(lk):213.1431 
ln(likelihood):213.1431 
Targeting migration to vicinity of:
E D
D D
A D
A D

A D
D D
E D
Trying A D
A:0.035841 D:0.044229
1->2 0.0008357527 213.1431 213.1431
2->1 3.8719494e-07 213.1431 213.1431
p1->2 0.0008357527 213.1431 213.1431
p2->1 3.8719494e-07 213.1431 213.1431
Trying D D
D:0.044233 D:0.044233
p1->2 0.099995285 213.1431 213.1431
Trying E D
E:0.119791 D:0.0554038
1->2 0.0008357527 213.1431 213.1431
2->1 3.8719494e-07 213.1431 213.1431
p2->1 3.8719494e-07 213.1431 213.1431
ln(likelihood):213.1431 
DONE.
