
TreeMix v. 1.13
$Revision: 231 $

npop:7 nsnp:17937834
Estimating covariance matrix in 8153 blocks of size 2200
SEED: 1607918630
Starting from:
((A:0.0804168,G:0.213873):0.0374135,C:0.0374135);
Adding F [4/7]
ln(likelihood): -6865.7982 
((G:0.215763,(A:0.0367848,F:0.0452246):0.0662784):0.0366887,C:0.0366887);
Adding E [5/7]
ln(likelihood): -3295.1636 
(((A:0.0377117,F:0.0461515):0.054497,(G:0.141794,E:0.121603):0.0994693):0.0393011,C:0.0393011);
Adding D [6/7]
ln(likelihood): 92.290309 
(C:0.0132266,(((A:0.0361065,F:0.0445463):0.0534664,(G:0.140295,E:0.120103):0.098017):0.0514774,D:0.0362022):0.0132266);
Adding B [7/7]
ln(likelihood): 207.40029 
((C:0.00884576,(((A:0.035841,F:0.0442808):0.0533727,(G:0.139982,E:0.119791):0.0981107):0.0511806,D:0.0360155):0.0178174):0.00715127,B:0.00715127);
Testing global rearrangements
C:0.00884576 A:0.035841
-92308.336 207.40029
C:0.00884576 (A:0.035841,F:0.0442808):0.0533727
-54291 207.40029
C:0.00884576 F:0.0442808
-92308.336 207.40029
A:0.035841 G:0.139982
-62808.971 207.40029
A:0.035841 (G:0.139982,E:0.119791):0.0981107
-21786.701 207.40029
A:0.035841 E:0.119791
-62808.971 207.40029
(A:0.035841,F:0.0442808):0.0533727 C:0.00884576
-57573.46 207.40029
(A:0.035841,F:0.0442808):0.0533727 B:0.00715127
-57573.46 207.40029
F:0.0442808 G:0.139982
-62886.275 207.40029
F:0.0442808 (G:0.139982,E:0.119791):0.0981107
-21786.701 207.40029
F:0.0442808 E:0.119791
-62886.275 207.40029
D:0.0360155 F:0.0442808
-63036.549 207.40029
B:0.00715127 D:0.0360155
-2755.2913 207.40029
DONE.
