
TreeMix v. 1.13
$Revision: 231 $

npop:7 nsnp:17937834
Estimating covariance matrix in 29896 blocks of size 600
SEED: 1607917923
Starting from:
((G:0.209552,A:0.0762831):0.0444187,D:0.0444187);
Adding E [4/7]
ln(likelihood): -16225.547 
((A:0.0751395,(G:0.139752,E:0.11956):0.102275):0.0426627,D:0.0426627);
Adding C [5/7]
ln(likelihood): -10156.849 
((A:0.0797296,(G:0.141588,E:0.121396):0.102504):0.0245043,(D:0.0403293,C:0.0266105):0.0245043);
Adding B [6/7]
ln(likelihood): -1210.4763 
(((G:0.140745,E:0.120553):0.0981297,(D:0.036711,(C:0.00957375,B:0.0150306):0.0179126):0.0513626):0.0446743,A:0.0446743);
Adding F [7/7]
ln(likelihood): 213.61788 
((((G:0.139981,E:0.119789):0.0981153,(D:0.0360147,(C:0.00884557,B:0.0143024):0.0178168):0.0511793):0.0533704,A:0.0358421):0.0221405,F:0.0221405);
Testing global rearrangements
G:0.139981 D:0.0360147
-266398.49 213.61788
G:0.139981 A:0.0358421
-211610.98 213.61788
D:0.0360147 ((G:0.139981,E:0.119789):0.0981153,(D:0.0360147,(C:0.00884557,B:0.0143024):0.0178168):0.0511793):0.0533704
-107329.67 213.61788
D:0.0360147 A:0.0358421
-223479.28 213.61788
D:0.0360147 F:0.0221405
-223479.28 213.61788
C:0.00884557 D:0.0360147
-10117.525 213.61788
A:0.0358421 G:0.139981
-221998.06 213.61788
A:0.0358421 D:0.0360147
-220915.28 213.61788
A:0.0358421 F:0.0221405
213.61788 213.61788
F:0.0221405 C:0.00884557
-325025.55 213.61788
F:0.0221405 (C:0.00884557,B:0.0143024):0.0178168
-220574.39 213.61788
F:0.0221405 B:0.0143024
-325025.55 213.61788
F:0.0221405 A:0.0358421
213.61788 213.61788
Targeting migration to vicinity of:
G D
D E
A B
A C

A C
A B
F C
F B
A C
A B
F C
F B
D G
D E
G D
E D
Trying A B
A:0.0358421 (C:0.00884557,B:0.0143024):0.0178168
1->2 0.013056064 229.37778 213.61788
2->1 0.001653441 213.9522 229.37778
p1->2 0.013056064 229.37778 229.37778
p2->1 0.00026379287 213.61788 229.37778
A:0.0358751 B:0.0143024
1->2 0.0024304674 215.56275 229.37778
2->1 0.0018625207 214.14714 229.37778
p1->2 0.0023939221 215.55422 229.37778
Trying A C
A:0.0358231 C:0.00863431
1->2 0.0024304674 215.57927 229.37778
2->1 0.0018068991 214.07546 229.37778
p1->2 0.0024164431 215.57025 229.37778
A:0.0358232 (B:0.0140895,C:0.00910144):0.0179662
Trying D E
D:0.0359089 E:0.119789
1->2 0.002680829 214.6347 229.37778
2->1 0.0071536894 229.37777 229.37778
p1->2 4.0751289e-05 213.61788 229.37778
p2->1 0.010727457 229.37779 229.37778
D:0.0377163 (G:0.139981,E:0.119789):0.0983496
1->2 0.056945603 229.37779 229.37779
p2->1 4.0751289e-05 213.61783 229.37779
Trying D G
D:0.0360198 (G:0.139981,E:0.119789):0.0981153
D:0.0360198 G:0.139981
1->2 0.0029740555 214.89553 229.37779
2->1 0.0071536894 229.37777 229.37779
p1->2 0.43606377 213.61788 229.37779
Trying E D
E:0.0439214 D:0.0360147
(E:0.0439214,G:0.574691):0.173983 D:0.0360147
Trying F B
F:0.0221405 (B:0.0143024,C:0.00884557):0.0178168
1->2 0.013056064 229.37778 229.37779
2->1 0.0016040532 213.93419 229.37779
p2->1 0.078036837 213.61788 229.37779
F:0.028497 B:0.0143024
1->2 0.0023939221 215.55422 229.37779
2->1 0.0018173923 214.11909 229.37779
Trying F C
F:0.0223069 C:0.00884007
1->2 0.0024164431 215.57025 229.37779
2->1 0.001763116 214.05092 229.37779
F:0.022301 (B:0.014299,C:0.00884839):0.0178272
Trying G D
(E:0.119789,G:0.139981):0.0980571 D:0.036005
G:0.139981 D:0.036005
Migration added
Local updates around node 1: 0 ln(lk):229.37779 
Local updates around node 2: 0 ln(lk):229.37779 
Updates in migration position: 0 ln(lk):229.37779 
Switches in migration direction: 0 ln(lk):229.37779 
ln(likelihood):229.37779 
DONE.
