
TreeMix v. 1.13
$Revision: 231 $

npop:7 nsnp:17937834
Estimating covariance matrix in 12812 blocks of size 1400
SEED: 1607918630
Starting from:
((A:0.080417,G:0.213873):0.0374134,C:0.0374134);
Adding F [4/7]
ln(likelihood): -10731.369 
((G:0.215764,(A:0.0367851,F:0.0452245):0.066278):0.0366885,C:0.0366885);
Adding E [5/7]
ln(likelihood): -5175.3589 
(((A:0.0377121,F:0.0461515):0.0544966,(G:0.141794,E:0.121602):0.0994698):0.039301,C:0.039301);
Adding D [6/7]
ln(likelihood): 60.439122 
(C:0.0132266,(((A:0.0361069,F:0.0445463):0.0534659,(G:0.140295,E:0.120103):0.0980175):0.0514772,D:0.0362021):0.0132266);
Adding B [7/7]
ln(likelihood): 211.09977 
(((A:0.0358414,F:0.0442808):0.0533722,(G:0.139982,E:0.11979):0.0981112):0.0255902,((C:0.00884574,B:0.0143025):0.0178174,D:0.0360154):0.0255902);
Testing global rearrangements
A:0.0358414 ((A:0.0358414,F:0.0442808):0.0533722,(G:0.139982,E:0.11979):0.0981112):0.0255902
-34019.331 211.09977
A:0.0358414 C:0.00884574
-144399.63 211.09977
A:0.0358414 (C:0.00884574,B:0.0143025):0.0178174
-97317.818 211.09977
A:0.0358414 B:0.0143025
-144399.63 211.09977
G:0.139982 A:0.0358414
-93292.37 211.09977
C:0.00884574 A:0.0358414
-143676.57 211.09977
C:0.00884574 (A:0.0358414,F:0.0442808):0.0533722
-84538.824 211.09977
C:0.00884574 F:0.0442808
-143676.57 211.09977
B:0.0143025 D:0.0360154
-4391.2931 211.09977
D:0.0360154 A:0.0358414
-98386.535 211.09977
D:0.0360154 (A:0.0358414,F:0.0442808):0.0533722
-46990.287 211.09977
D:0.0360154 F:0.0442808
-98386.535 211.09977
D:0.0360154 ((A:0.0358414,F:0.0442808):0.0533722,(G:0.139982,E:0.11979):0.0981112):0.0255902
211.09977 211.09977
D:0.0360154 G:0.139982
-123244.81 211.09977
D:0.0360154 (G:0.139982,E:0.11979):0.0981112
-46990.287 211.09977
D:0.0360154 E:0.11979
-123244.81 211.09977
DONE.
