
TreeMix v. 1.13
$Revision: 231 $

npop:7 nsnp:17937834
Estimating covariance matrix in 12812 blocks of size 1400
SEED: 1607918072
Starting from:
(F:0.0913921,(C:0.00441529,B:0.009872):0.0913921);
Adding D [4/7]
ln(likelihood): -23226.77 
(F:0.083548,((C:0.0126857,B:0.0181424):0.0182194,D:0.0401252):0.083548);
Adding E [5/7]
ln(likelihood): -25151.876 
(F:0.0481774,(((C:0.0100164,B:0.0154732):0.0178174,D:0.0371861):0.0616592,E:0.194544):0.0481774);
Adding G [6/7]
ln(likelihood): -139.25427 
(F:0.048968,(((C:0.00935008,B:0.0148068):0.0179132,D:0.0364878):0.0512698,(E:0.120324,G:0.140516):0.0981193):0.048968);
Adding A [7/7]
ln(likelihood): 211.09977 
((((C:0.00884574,B:0.0143025):0.0178174,D:0.0360154):0.0511805,(E:0.11979,G:0.139982):0.0981112):0.0266861,(F:0.0442808,A:0.0358414):0.0266861);
Testing global rearrangements
C:0.00884574 D:0.0360154
-4391.2931 211.09977
C:0.00884574 F:0.0442808
-143676.57 211.09977
C:0.00884574 (F:0.0442808,A:0.0358414):0.0266861
-84538.824 211.09977
C:0.00884574 A:0.0358414
-143676.57 211.09977
D:0.0360154 C:0.00884574
-4391.2931 211.09977
D:0.0360154 E:0.11979
-123244.81 211.09977
D:0.0360154 (E:0.11979,G:0.139982):0.0981112
-46990.287 211.09977
D:0.0360154 G:0.139982
-123244.81 211.09977
E:0.11979 F:0.0442808
-93292.37 211.09977
E:0.11979 (F:0.0442808,A:0.0358414):0.0266861
-57469.683 211.09977
E:0.11979 A:0.0358414
-93292.37 211.09977
F:0.0442808 C:0.00884574
-144006.74 211.09977
F:0.0442808 (C:0.00884574,B:0.0143025):0.0178174
-97166.998 211.09977
F:0.0442808 B:0.0143025
-144006.74 211.09977
F:0.0442808 ((C:0.00884574,B:0.0143025):0.0178174,D:0.0360154):0.0511805
-34019.331 211.09977
F:0.0442808 D:0.0360154
-97166.998 211.09977
Targeting migration to vicinity of:
D E
D G
F C
C A

C F
C A
B F
B A
D E
D G
D E
D G
F C
F B
A C
A B
Trying A B
A:0.0358414 B:0.0143025
1->2 0.0024304674 211.95459 211.09977
2->1 0.0018625207 211.33169 211.95459
p1->2 0.0029463528 211.87136 211.95459
p2->1 0.001643893 211.24624 211.95459
A:0.0361099 (C:0.00884545,B:0.0143022):0.0178253
1->2 0.013056064 218.0181 211.95459
p1->2 0.099995285 218.0181 218.0181
p2->1 0.051485382 211.09977 218.0181
(F:0.0413838,A:0.0428922):0.0281346 B:0.0143025
2->1 0.038631834 218.01809 218.0181
p2->1 0.099995285 218.0181 218.0181
(F:0.0442808,A:0.0358414):0.0363721 (C:0.00884574,B:0.0143025):0.0181688
p2->1 0.099995285 211.09977 218.0181
Trying A C
A:0.0358414 C:0.00884574
1->2 0.0024445727 211.96134 218.0181
2->1 0.0018068991 211.30023 218.0181
p1->2 0.0029634435 211.88015 218.0181
A:0.0358414 (B:0.0140642,C:0.00913698):0.0179864
(F:0.0442808,A:0.0358414):0.0267125 C:0.00913698
2->1 0.038631834 218.01809 218.0181
(F:0.0442808,A:0.0358414):0.0301895 (B:0.0143023,C:0.00884589):0.0181684
Trying B A
B:0.0143023 A:0.0358414
B:0.0143023 (F:0.0442808,A:0.0358414):0.0301895
(B:0.0143023,C:0.00884589):0.0181684 A:0.0358414
(B:0.0143023,C:0.00884589):0.0181684 (F:0.0442808,A:0.0358414):0.0301895
Trying B F
B:0.0143023 F:0.0442808
1->2 0.0018068991 211.31925 218.0181
2->1 0.0023939221 211.95079 218.0181
p1->2 0.0016040532 211.23824 218.0181
B:0.0143025 (A:0.0356948,F:0.0445699):0.0267544
(C:0.00884574,B:0.0143025):0.0178246 F:0.0445699
2->1 0.013056064 218.0181 218.0181
p1->2 0.0012983129 211.09977 218.0181
(C:0.00884574,B:0.0143025):0.0178174 (A:0.035772,F:0.0444655):0.0267208
Trying C A
C:0.00884574 A:0.035772
C:0.00884574 (A:0.035772,F:0.0444655):0.0267208
(C:0.00884574,B:0.0143025):0.0178174 A:0.035772
(C:0.00884574,B:0.0143025):0.0178174 (A:0.035772,F:0.0444655):0.0267208
Trying C F
C:0.00884574 F:0.0444655
1->2 0.0017529356 211.28935 218.0181
2->1 0.0024164431 211.95734 218.0181
C:0.00910162 (A:0.0358225,F:0.0442993):0.0267156
(B:0.0140896,C:0.00910162):0.0179668 F:0.0442993
(B:0.0140896,C:0.00910162):0.0179668 (A:0.0358225,F:0.0442993):0.0267156
Trying D E
D:0.0359096 E:0.11979
1->2 0.0026712604 211.54382 218.0181
2->1 0.0071536894 218.01809 218.0181
p1->2 4.0751289e-05 211.09977 218.0181
p2->1 0.099995285 218.0181 218.0181
D:0.0511717 (G:0.139982,E:0.11979):0.0983455
1->2 0.099995285 218.0181 218.0181
p2->1 4.0751289e-05 211.09976 218.0181
Trying D G
D:0.0360205 (G:0.139982,E:0.11979):0.0981112
D:0.0360205 G:0.139982
1->2 0.0029740555 211.66052 218.0181
2->1 0.0071536894 218.01809 218.0181
p1->2 0.016859977 211.09977 218.0181
Trying F B
F:0.0442808 B:0.0143025
F:0.0442808 (B:0.0143025,C:0.00884574):0.0178174
(A:0.0358414,F:0.0442808):0.0266861 B:0.0143025
(A:0.0358414,F:0.0442808):0.0266861 (B:0.0143025,C:0.00884574):0.0178174
Trying F C
F:0.0442808 C:0.00884574
F:0.0442808 (B:0.0143025,C:0.00884574):0.0178174
(A:0.0358414,F:0.0442808):0.0266861 C:0.00884574
(A:0.0358414,F:0.0442808):0.0266861 (B:0.0143025,C:0.00884574):0.0178174
Migration added
Local updates around node 1: 0 ln(lk):218.0181 
Local updates around node 2: 0 ln(lk):218.0181 
Updates in migration position: 0 ln(lk):218.0181 
Switches in migration direction: 0 ln(lk):218.0181 
ln(likelihood):218.0181 
Targeting migration to vicinity of:
B G
C B
B B
C C

C B
B C
B B
B G
C B
B C
B B
C B
B C
B B
Trying B B
B:0.0143025 B:0.0143025
p1->2 3.9084634e-07 218.0181 218.0181
Trying B C
(D:0.0299389,(C:0.00884574,B:0.0143025):0.0287046):0.057257 C:0.00884574
1->2 3.9084634e-07 218.0181 218.0181
p1->2 3.8719494e-07 218.0181 218.0181
B:0.0143024 C:0.00884577
p1->2 3.9084634e-07 218.0181 218.0181
(C:0.00884575,B:0.0143025):0.0287046 C:0.00884575
Trying B G
B:0.0143025 G:0.139982
1->2 3.0968394e-07 218.0181 218.0181
2->1 3.0968394e-07 218.0181 218.0181
p1->2 3.0968394e-07 218.0181 218.0181
p2->1 3.8719494e-07 218.0181 218.0181
Trying C B
C:0.00884572 B:0.0143025
ln(likelihood):218.0181 
DONE.
