
TreeMix v. 1.13
$Revision: 231 $

npop:7 nsnp:17937834
Estimating covariance matrix in 8153 blocks of size 2200
SEED: 1607918213
Starting from:
((D:0.0307221,C:0.0151076):0.0782684,A:0.0782684);
Adding E [4/7]
ln(likelihood): -9195.9101 
((D:0.0524488,C:0.0378171):0.0256815,(A:0.0822808,E:0.197652):0.0256815);
Adding G [5/7]
ln(likelihood): -2801.2799 
((D:0.0403302,C:0.0266114):0.0245049,(A:0.0797304,(E:0.121397,G:0.141589):0.1025):0.0245049);
Adding B [6/7]
ln(likelihood): -235.93441 
(A:0.0446748,((E:0.120555,G:0.140746):0.098125,(D:0.0367118,(C:0.009574,B:0.0150308):0.0179132):0.0513639):0.0446748);
Adding F [7/7]
ln(likelihood): 207.40029 
((A:0.035841,((E:0.119791,G:0.139982):0.0981107,(D:0.0360155,(C:0.00884576,B:0.0143025):0.0178174):0.0511806):0.0533727):0.0221404,F:0.0221404);
Testing global rearrangements
A:0.035841 E:0.119791
-62808.971 207.40029
A:0.035841 C:0.00884576
-92721.757 207.40029
A:0.035841 (C:0.00884576,B:0.0143025):0.0178174
-62360.875 207.40029
A:0.035841 B:0.0143025
-92721.757 207.40029
E:0.119791 A:0.035841
-59789.956 207.40029
E:0.119791 ((E:0.119791,G:0.139982):0.0981107,(D:0.0360155,(C:0.00884576,B:0.0143025):0.0178174):0.0511806):0.0533727
-36750.66 207.40029
D:0.0360155 A:0.035841
-63036.549 207.40029
D:0.0360155 ((E:0.119791,G:0.139982):0.0981107,(D:0.0360155,(C:0.00884576,B:0.0143025):0.0178174):0.0511806):0.0533727
-30037.383 207.40029
D:0.0360155 F:0.0221404
-63036.549 207.40029
C:0.00884576 D:0.0360155
-2755.2913 207.40029
F:0.0221404 D:0.0360155
-62264.053 207.40029
Targeting migration to vicinity of:
D E
D G
C A
A B

A C
A B
F C
F B
C A
C F
B A
B F
D E
D G
D E
D G
Trying A B
A:0.035841 (C:0.00884576,B:0.0143025):0.0178174
1->2 0.013056064 211.83356 207.40029
2->1 0.001643893 207.4941 211.83356
p1->2 0.013056064 211.83356 211.83356
p2->1 4.3303509e-05 207.40029 211.83356
A:0.0358464 B:0.0143025
1->2 0.0024304674 207.9482 211.83356
2->1 0.0018625207 207.54883 211.83356
p1->2 0.0023939221 207.94576 211.83356
Trying A C
A:0.035822 C:0.0086345
1->2 0.0024445727 207.95247 211.83356
2->1 0.0018068991 207.52868 211.83356
p1->2 0.0024164431 207.9499 211.83356
A:0.0358222 (B:0.0140897,C:0.00910164):0.0179668
Trying B A
(B:0.0140897,C:0.00910164):0.0179668 A:0.0358222
B:0.0140897 A:0.0358222
Trying B F
(B:0.0140897,C:0.00910164):0.0179668 F:0.00282517
1->2 0.0016040532 207.48895 211.83356
2->1 0.013056064 211.83356 211.83356
p1->2 0.0012983129 207.40029 211.83356
B:0.0143025 F:0.0222328
1->2 0.0018068991 207.54084 211.83356
2->1 0.0023939221 207.94576 211.83356
Trying C A
C:0.0086345 A:0.035822
(C:0.0086345,B:0.0145826):0.0179657 A:0.035822
Trying C F
C:0.0086345 F:0.0245892
1->2 0.0017529356 207.52169 211.83356
2->1 0.0024164431 207.9499 211.83356
(B:0.0140897,C:0.00910164):0.0179668 F:0.0249749
Trying D E
D:0.0359097 E:0.119791
1->2 0.0026712604 207.68441 211.83356
2->1 0.0071536894 211.83355 211.83356
p1->2 4.0751289e-05 207.40029 211.83356
p2->1 0.010928518 211.83356 211.83356
D:0.0377429 (G:0.139982,E:0.119791):0.0983449
1->2 0.056945603 211.83356 211.83356
p2->1 4.0751289e-05 207.40027 211.83356
Trying D G
D:0.0360206 (G:0.139982,E:0.119791):0.0981107
D:0.0360206 G:0.139982
1->2 0.0029740555 207.75967 211.83356
2->1 0.0071536894 211.83355 211.83356
p1->2 0.3970964 207.40029 211.83356
Trying F B
F:0.0221404 (B:0.0143025,C:0.00884576):0.0178174
F:0.0221404 B:0.0143025
Trying F C
F:0.0221404 C:0.00884576
F:0.0221404 (B:0.0143025,C:0.00884576):0.0178174
Migration added
Local updates around node 1: 0 ln(lk):211.83356 
Local updates around node 2: 0 ln(lk):211.83356 
Updates in migration position: 0 ln(lk):211.83356 
Switches in migration direction: 0 ln(lk):211.83356 
ln(likelihood):211.83356 
Targeting migration to vicinity of:
D A
G F
E F
C F

D A
D A
Trying D A
D:0.0379178 A:0.035841
1->2 3.0968394e-07 211.83356 211.83356
2->1 0.0008357527 211.83356 211.83356
p1->2 0.0008357527 211.83356 211.83356
p2->1 0.0008357527 211.83356 211.83356
Migration added
Local updates around node 1: 0 ln(lk):211.83356 
Local updates around node 2: 0 ln(lk):211.83356 
Updates in migration position: 0 ln(lk):211.83356 
Switches in migration direction: 0 ln(lk):211.83356 
ln(likelihood):211.83356 
Targeting migration to vicinity of:
D A
G F
E F
C F

D A
D A
Trying D A
D:0.0380704 A:0.035841
1->2 3.0968394e-07 211.83356 211.83356
2->1 0.0008357527 211.83356 211.83356
p1->2 4.0056972e-07 211.83356 211.83356
Migration added
Local updates around node 1: 0 ln(lk):211.83356 
Local updates around node 2: 0 ln(lk):211.83356 
Updates in migration position: 0 ln(lk):211.83356 
Switches in migration direction: 0 ln(lk):211.83356 
ln(likelihood):211.83356 
DONE.
