
TreeMix v. 1.13
$Revision: 231 $

npop:7 nsnp:17937834
Estimating covariance matrix in 8968 blocks of size 2000
SEED: 1607918072
Starting from:
(F:0.0913933,(C:0.00441522,B:0.00987191):0.0913933);
Adding D [4/7]
ln(likelihood): -16348.893 
(F:0.0835492,((C:0.0126857,B:0.0181424):0.0182197,D:0.0401257):0.0835492);
Adding E [5/7]
ln(likelihood): -17731.003 
(F:0.0481784,(((C:0.0100165,B:0.0154732):0.0178176,D:0.0371867):0.0616595,E:0.194542):0.0481784);
Adding G [6/7]
ln(likelihood): -53.885735 
(F:0.0489689,(((C:0.00935024,B:0.0148069):0.0179135,D:0.0364884):0.0512707,(E:0.120325,G:0.140518):0.0981154):0.0489689);
Adding A [7/7]
ln(likelihood): 208.27272 
((F:0.0442807,(((C:0.00884588,B:0.0143026):0.0178176,D:0.036016):0.0511813,(E:0.119791,G:0.139984):0.0981073):0.0533742):0.0179205,A:0.0179205);
Testing global rearrangements
F:0.0442807 C:0.00884588
-101557.43 208.27272
F:0.0442807 (C:0.00884588,B:0.0143026):0.0178176
-68406.431 208.27272
F:0.0442807 B:0.0143026
-101557.43 208.27272
C:0.00884588 D:0.036016
-3044.4196 208.27272
D:0.036016 F:0.0442807
-69257.134 208.27272
D:0.036016 E:0.119791
-86670.008 208.27272
D:0.036016 (E:0.119791,G:0.139984):0.0981073
-33022.486 208.27272
D:0.036016 G:0.139984
-86670.008 208.27272
D:0.036016 A:0.0179205
-69257.134 208.27272
E:0.119791 F:0.0442807
-65699.802 208.27272
E:0.119791 (((C:0.00884588,B:0.0143026):0.0178176,D:0.036016):0.0511813,(E:0.119791,G:0.139984):0.0981073):0.0533742
-40395.469 208.27272
E:0.119791 A:0.0179205
-65699.802 208.27272
A:0.0179205 F:0.0442807
208.27272 208.27272
A:0.0179205 C:0.00884588
-101834.58 208.27272
A:0.0179205 (C:0.00884588,B:0.0143026):0.0178176
-68512.868 208.27272
A:0.0179205 B:0.0143026
-101834.58 208.27272
A:0.0179205 ((C:0.00884588,B:0.0143026):0.0178176,D:0.036016):0.0511813
-23944.078 208.27272
A:0.0179205 D:0.036016
-68512.868 208.27272
Targeting migration to vicinity of:
D E
D G
B A
C A

C F
C A
B F
B A
C F
C A
B F
B A
D E
D G
D E
D G
Trying B A
B:0.0143026 A:0.0179205
1->2 0.0018625207 208.43591 208.27272
2->1 0.0024304674 208.8746 208.43591
p1->2 0.001643893 208.37578 208.8746
(C:0.00884558,B:0.0143023):0.0178256 A:0.0180547
2->1 0.013056064 213.1431 208.8746
p1->2 0.099995285 208.27272 213.1431
Trying B F
B:0.0143026 F:0.0383506
1->2 0.0018068991 208.42709 213.1431
2->1 0.0023939221 208.87192 213.1431
p1->2 0.0016040532 208.3701 213.1431
p2->1 0.0024304674 208.8746 213.1431
(C:0.00863311,B:0.0145852):0.0179671 F:0.0442631
2->1 0.013056064 213.1431 213.1431
p1->2 0.0001345021 208.27272 213.1431
p2->1 0.013056064 213.1431 213.1431
Trying C A
C:0.00884588 A:0.0179205
1->2 0.0018068991 208.41378 213.1431
2->1 0.0024445727 208.87935 213.1431
(B:0.0140886,C:0.00910339):0.017968 A:0.0179292
Trying C F
C:0.00910339 F:0.044263
1->2 0.0017529356 208.40605 213.1431
2->1 0.0024164431 208.87653 213.1431
p2->1 0.0024445727 208.87935 213.1431
(B:0.0140886,C:0.00910339):0.017968 F:0.044263
Trying D E
D:0.0359098 E:0.119791
1->2 0.0026712604 208.58488 213.1431
2->1 0.0071536894 213.1431 213.1431
p1->2 4.0751289e-05 208.27272 213.1431
p2->1 0.016859977 213.1431 213.1431
D:0.0385121 (G:0.139984,E:0.119791):0.0983416
1->2 0.056945603 213.1431 213.1431
p2->1 4.0751289e-05 208.2727 213.1431
Trying D G
D:0.0360211 (G:0.139984,E:0.119791):0.0981073
D:0.0360211 G:0.139984
1->2 0.0029740555 208.6674 213.1431
2->1 0.0071536894 213.1431 213.1431
p1->2 0.010928518 208.27272 213.1431
Migration added
Local updates around node 1: 0 ln(lk):213.1431 
Local updates around node 2: 0 ln(lk):213.1431 
Updates in migration position: 0 ln(lk):213.1431 
Switches in migration direction: 0 ln(lk):213.1431 
ln(likelihood):213.1431 
Targeting migration to vicinity of:
F E
F G
D A
B A

C A
B A
D A
C A
B A
D A
F E
F G
F E
F G
Trying B A
B:0.0143026 A:0.0179205
1->2 3.0968394e-07 213.1431 213.1431
2->1 3.6306955e-07 213.1431 213.1431
p1->2 3.0968394e-07 213.1431 213.1431
(C:0.00884588,B:0.0143026):0.0174662 A:0.0179205
2->1 0.0008357527 213.1431 213.1431
p1->2 0.099995285 213.1431 213.1431
Trying C A
C:0.00884588 A:0.0241597
1->2 3.0968394e-07 213.1431 213.1431
2->1 3.6306955e-07 213.1431 213.1431
(B:0.0143025,C:0.00884591):0.0174662 A:0.035841
Trying D A
D:0.0363674 A:0.035841
1->2 3.0968394e-07 213.1431 213.1431
2->1 0.099995285 213.1431 213.1431
Trying F E
F:0.0442807 (G:0.139984,E:0.119791):0.221052
1->2 0.0008357527 213.1431 213.1431
2->1 0.099995285 213.1431 213.1431
p1->2 0.099995285 213.1431 213.1431
F:0.0442807 E:0.119791
1->2 3.8719494e-07 213.1431 213.1431
2->1 3.0968394e-07 213.1431 213.1431
p1->2 3.8719494e-07 213.1431 213.1431
Trying F G
F:0.0442807 G:0.139984
1->2 3.8719494e-07 213.1431 213.1431
2->1 3.0968394e-07 213.1431 213.1431
p1->2 3.8719494e-07 213.1431 213.1431
F:0.0442807 (E:0.119791,G:0.139984):0.217979
Migration added
Local updates around node 1: 0 ln(lk):213.1431 
Local updates around node 2: 0 ln(lk):213.1431 
Updates in migration position: 0 ln(lk):213.1431 
Switches in migration direction: 0 ln(lk):213.1431 
ln(likelihood):213.1431 
DONE.
