
TreeMix v. 1.13
$Revision: 231 $

npop:7 nsnp:17937834
Estimating covariance matrix in 14948 blocks of size 1200
SEED: 1607918630
Starting from:
((A:0.0804168,G:0.213875):0.0374125,C:0.0374125);
Adding F [4/7]
ln(likelihood): -12481.672 
((G:0.215766,(A:0.0367859,F:0.0452247):0.0662767):0.0366875,C:0.0366875);
Adding E [5/7]
ln(likelihood): -6022.4825 
(((A:0.0377128,F:0.0461516):0.0544947,(G:0.141793,E:0.121601):0.0994739):0.0393,C:0.0393);
Adding D [6/7]
ln(likelihood): 45.52608 
(C:0.0132262,(((A:0.0361076,F:0.0445464):0.0534641,(G:0.140293,E:0.120101):0.0980216):0.0514761,D:0.0362014):0.0132262);
Adding B [7/7]
ln(likelihood): 212.06494 
(((G:0.139981,E:0.119789):0.0981153,(A:0.0358421,F:0.0442809):0.0533704):0.0255897,(D:0.0360147,(C:0.00884557,B:0.0143024):0.0178168):0.0255897);
Testing global rearrangements
G:0.139981 D:0.0360147
-135761.65 212.06494
A:0.0358421 ((G:0.139981,E:0.119789):0.0981153,(A:0.0358421,F:0.0442809):0.0533704):0.0255897
-39544.509 212.06494
A:0.0358421 C:0.00884557
-167762.62 212.06494
A:0.0358421 (C:0.00884557,B:0.0143024):0.0178168
-113147.57 212.06494
A:0.0358421 B:0.0143024
-167762.62 212.06494
(A:0.0358421,F:0.0442809):0.0533704 E:0.119789
-66877.859 212.06494
F:0.0442809 ((G:0.139981,E:0.119789):0.0981153,(A:0.0358421,F:0.0442809):0.0533704):0.0255897
-39544.509 212.06494
F:0.0442809 D:0.0360147
-112972.49 212.06494
F:0.0442809 (D:0.0360147,(C:0.00884557,B:0.0143024):0.0178168):0.0255897
-39544.509 212.06494
F:0.0442809 C:0.00884557
-167306.52 212.06494
F:0.0442809 (C:0.00884557,B:0.0143024):0.0178168
-112972.49 212.06494
F:0.0442809 B:0.0143024
-167306.52 212.06494
D:0.0360147 C:0.00884557
-5131.0539 212.06494
D:0.0360147 B:0.0143024
-5131.0539 212.06494
DONE.
