
TreeMix v. 1.13
$Revision: 231 $

npop:7 nsnp:17937834
Estimating covariance matrix in 4484 blocks of size 4000
SEED: 1607918213
Starting from:
((D:0.0307224,C:0.0151077):0.0782692,A:0.0782692);
Adding E [4/7]
ln(likelihood): -5060.2927 
((D:0.0524492,C:0.0378174):0.0256818,(A:0.0822817,E:0.19765):0.0256818);
Adding G [5/7]
ln(likelihood): -1506.222 
((D:0.0403308,C:0.0266118):0.0245052,(A:0.0797316,(E:0.121398,G:0.14159):0.102497):0.0245052);
Adding B [6/7]
ln(likelihood): -66.474 
(A:0.0446756,((E:0.120555,G:0.140748):0.0981217,(D:0.0367123,(C:0.00957414,B:0.0150308):0.0179135):0.0513646):0.0446756);
Adding F [7/7]
ln(likelihood): 201.1307 
(((E:0.119791,G:0.139984):0.0981073,(A:0.035841,F:0.0442807):0.0533742):0.0255907,(D:0.036016,(C:0.00884588,B:0.0143026):0.0178176):0.0255907);
Testing global rearrangements
E:0.119791 ((E:0.119791,G:0.139984):0.0981073,(A:0.035841,F:0.0442807):0.0533742):0.0255907
-20239.777 201.1307
E:0.119791 D:0.036016
-41199.664 201.1307
A:0.035841 ((E:0.119791,G:0.139984):0.0981073,(A:0.035841,F:0.0442807):0.0533742):0.0255907
-11992.841 201.1307
A:0.035841 C:0.00884588
-51322.472 201.1307
A:0.035841 (C:0.00884588,B:0.0143026):0.0178176
-34439.909 201.1307
A:0.035841 B:0.0143026
-51322.472 201.1307
D:0.036016 C:0.00884588
-1443.9704 201.1307
D:0.036016 B:0.0143026
-1443.9704 201.1307
Targeting migration to vicinity of:
D E
D G
B F
A B

A C
A B
F C
F B
C A
C F
B A
B F
D E
D G
D E
D G
Trying A B
A:0.035841 (C:0.00884588,B:0.0143026):0.0178176
1->2 0.013056064 203.58271 201.1307
2->1 0.001643893 201.18256 203.58271
p1->2 0.099995285 203.58271 203.58271
p2->1 0.018700175 201.1307 203.58271
A:0.0382565 B:0.0143026
1->2 0.0024304674 201.43381 203.58271
2->1 0.0018625207 201.21282 203.58271
p1->2 0.0029463528 201.40435 203.58271
(F:0.0442807,A:0.035841):0.0534268 (C:0.00860901,B:0.0146244):0.0179857
2->1 0.099995285 203.58271 203.58271
p1->2 0.099995285 201.1307 203.58271
p2->1 0.022054944 201.1307 203.58271
(F:0.0442807,A:0.035841):0.0558088 B:0.0143026
2->1 0.038631834 203.5827 203.58271
p1->2 0.016859977 201.1307 203.58271
Trying A C
A:0.035841 C:0.00854032
1->2 0.0024445727 201.43615 203.58271
2->1 0.0018068991 201.20168 203.58271
p1->2 0.0029634435 201.40742 203.58271
A:0.035841 (B:0.0140643,C:0.00913712):0.0179867
(F:0.0442807,A:0.035841):0.0534271 C:0.00913712
2->1 0.038631834 203.5827 203.58271
p1->2 0.016859977 201.1307 203.58271
(F:0.0442807,A:0.035841):0.0533742 (B:0.013997,C:0.00946267):0.0181232
Trying B A
(B:0.013997,C:0.00946267):0.0181232 A:0.035841
(B:0.013997,C:0.00946267):0.0181232 (F:0.0442807,A:0.035841):0.0533742
B:0.013997 A:0.035841
B:0.013997 (F:0.0442807,A:0.035841):0.0533742
Trying B F
(B:0.013997,C:0.00946267):0.0181232 (F:0.0442807,A:0.035841):0.0533742
(B:0.013997,C:0.00946267):0.0181232 F:0.0442807
1->2 0.0015947899 201.17969 203.58271
2->1 0.013056064 203.58271 203.58271
p1->2 3.6591351e-05 201.1307 203.58271
B:0.0143026 (A:0.035839,F:0.0442859):0.0533762
B:0.0143026 F:0.0442859
1->2 0.0018068991 201.20837 203.58271
2->1 0.0023939221 201.43246 203.58271
Trying C A
C:0.00863461 A:0.0358219
C:0.00863461 (A:0.0358219,F:0.0442994):0.0534329
(C:0.00863461,B:0.0145826):0.0179659 A:0.0358219
(C:0.00863461,B:0.0145826):0.0179659 (A:0.0358219,F:0.0442994):0.0534329
Trying C F
C:0.00863461 (A:0.0358219,F:0.0442994):0.0534329
C:0.00863461 F:0.0442994
1->2 0.0017529356 201.19778 203.58271
2->1 0.0024304674 201.43472 203.58271
(B:0.0140887,C:0.00910302):0.0179678 (A:0.0358222,F:0.0442991):0.0534333
(B:0.0140887,C:0.00910302):0.0179678 F:0.0442991
Trying D E
D:0.0359097 E:0.119791
1->2 0.0026558505 201.28763 203.58271
2->1 0.0071536894 203.5827 203.58271
p1->2 0.078036837 201.1307 203.58271
p2->1 0.099995285 203.58271 203.58271
D:0.0511726 (G:0.139984,E:0.119791):0.0983416
1->2 0.099995285 203.58271 203.58271
p1->2 0.05120283 201.1307 203.58271
p2->1 0.0008357527 201.1307 203.58271
Trying D G
D:0.0360763 (G:0.139984,E:0.119791):0.0981073
D:0.0360763 G:0.139984
1->2 0.0029634435 201.32942 203.58271
2->1 0.0071536894 203.5827 203.58271
p1->2 0.0008357527 201.1307 203.58271
Trying F B
(A:0.035841,F:0.0442807):0.0533742 (B:0.0143026,C:0.00884588):0.0178176
(A:0.035841,F:0.0442807):0.0533742 B:0.0143026
F:0.0442807 (B:0.0143026,C:0.00884588):0.0178176
F:0.0442807 B:0.0143026
Trying F C
(A:0.035841,F:0.0442807):0.0533742 C:0.00884588
(A:0.035841,F:0.0442807):0.0533742 (B:0.0143026,C:0.00884588):0.0178176
F:0.0442807 C:0.00884588
F:0.0442807 (B:0.0143026,C:0.00884588):0.0178176
Migration added
Local updates around node 1: 0 ln(lk):203.58271 
Local updates around node 2: 0 ln(lk):203.58271 
Updates in migration position: 0 ln(lk):203.58271 
Switches in migration direction: 0 ln(lk):203.58271 
ln(likelihood):203.58271 
Targeting migration to vicinity of:
B B
B B
B B
B B

ln(likelihood):203.58271 
Targeting migration to vicinity of:
B B
B B
B B
B B

ln(likelihood):203.58271 
DONE.
