
TreeMix v. 1.13
$Revision: 231 $

npop:7 nsnp:17937834
Estimating covariance matrix in 6899 blocks of size 2600
SEED: 1607918072
Starting from:
(F:0.0913911,(C:0.0044152,B:0.00987203):0.0913911);
Adding D [4/7]
ln(likelihood): -12622.395 
(F:0.0835472,((C:0.0126857,B:0.0181425):0.018219,D:0.0401248):0.0835472);
Adding E [5/7]
ln(likelihood): -13693.455 
(F:0.0481767,(((C:0.0100164,B:0.0154732):0.017817,D:0.0371857):0.0616586,E:0.194546):0.0481767);
Adding G [6/7]
ln(likelihood): -8.2083795 
(F:0.0489674,(((C:0.00934994,B:0.0148068):0.0179128,D:0.0364874):0.0512689,(E:0.120323,G:0.140515):0.098122):0.0489674);
Adding A [7/7]
ln(likelihood): 205.7871 
((((C:0.00884562,B:0.0143025):0.017817,D:0.036015):0.0511796,(E:0.119789,G:0.139981):0.0981139):0.0266854,(F:0.044281,A:0.0358419):0.0266854);
Testing global rearrangements
C:0.00884562 ((C:0.00884562,B:0.0143025):0.017817,D:0.036015):0.0511796
-2312.6701 205.7871
C:0.00884562 (((C:0.00884562,B:0.0143025):0.017817,D:0.036015):0.0511796,(E:0.119789,G:0.139981):0.0981139):0.0266854
-46099.936 205.7871
C:0.00884562 F:0.044281
-78375.828 205.7871
C:0.00884562 (F:0.044281,A:0.0358419):0.0266854
-46099.936 205.7871
C:0.00884562 A:0.0358419
-78375.828 205.7871
D:0.036015 C:0.00884562
-2312.6701 205.7871
D:0.036015 E:0.119789
-66882.442 205.7871
D:0.036015 (E:0.119789,G:0.139981):0.0981139
-25459.142 205.7871
D:0.036015 G:0.139981
-66882.442 205.7871
E:0.119789 F:0.044281
-50721.014 205.7871
E:0.119789 (F:0.044281,A:0.0358419):0.0266854
-31152.934 205.7871
E:0.119789 A:0.0358419
-50721.014 205.7871
F:0.044281 C:0.00884562
-78489.346 205.7871
F:0.044281 (C:0.00884562,B:0.0143025):0.017817
-52805.718 205.7871
F:0.044281 B:0.0143025
-78489.346 205.7871
F:0.044281 ((C:0.00884562,B:0.0143025):0.017817,D:0.036015):0.0511796
-18463.326 205.7871
F:0.044281 D:0.036015
-52805.718 205.7871
Targeting migration to vicinity of:
D E
D G
F B
F C

D E
D G
D E
D G
F C
F B
A C
A B
F C
F B
A C
A B
Trying A B
(F:0.044281,A:0.0358419):0.0266854 B:0.0143025
1->2 0.0029463528 206.20663 205.7871
2->1 0.038631834 209.54779 206.20663
p2->1 0.099995285 209.54779 209.54779
(F:0.044281,A:0.0358419):0.0363712 (C:0.00884562,B:0.0143025):0.0181684
1->2 0.099995285 209.54779 209.54779
p2->1 0.00089123764 205.7871 209.54779
A:0.0358419 B:0.0143025
1->2 0.0024304674 206.25185 209.54779
2->1 0.0018625207 205.91308 209.54779
p2->1 0.001643893 205.86666 209.54779
A:0.0361104 (C:0.00884533,B:0.0143022):0.0178249
1->2 0.013056064 209.54779 209.54779
p2->1 0.00012879728 205.7871 209.54779
Trying A C
(F:0.0442741,A:0.035858):0.0266889 (C:0.00884562,B:0.0143025):0.017817
(F:0.0442741,A:0.035858):0.0266889 C:0.00884562
1->2 0.0029634435 206.21138 209.54779
2->1 0.038631834 209.54779 209.54779
A:0.0358419 (B:0.0143023,C:0.00884577):0.018168
A:0.0358419 C:0.00884577
1->2 0.0024445727 206.25548 209.54779
2->1 0.0018068991 205.89599 209.54779
Trying D E
D:0.036005 E:0.119789
1->2 0.0026712604 206.02795 209.54779
2->1 0.0071536894 209.54779 209.54779
p1->2 4.0751289e-05 205.7871 209.54779
p2->1 0.099995285 209.54779 209.54779
D:0.051171 (G:0.139981,E:0.119789):0.0983481
1->2 0.099995285 209.54779 209.54779
p2->1 4.0751289e-05 205.78709 209.54779
Trying D G
D:0.03602 G:0.139981
1->2 0.0029740555 206.09192 209.54779
2->1 0.0071536894 209.54779 209.54779
p1->2 0.099995285 205.7871 209.54779
D:0.036015 (E:0.108888,G:0.184927):0.109015
Trying F B
F:0.044281 B:0.0143025
1->2 0.0023939221 206.24978 209.54779
2->1 0.0018068991 205.90626 209.54779
p2->1 0.0015947899 205.86226 209.54779
F:0.0445685 (C:0.00884562,B:0.0143025):0.0178241
1->2 0.013056064 209.54779 209.54779
p2->1 0.018700175 205.7871 209.54779
(A:0.0348248,F:0.0470212):0.027194 B:0.0143025
(A:0.0348248,F:0.0470212):0.027194 (C:0.00884562,B:0.0143025):0.017817
Trying F C
F:0.0470212 (C:0.00884562,B:0.0143025):0.017817
F:0.0470212 C:0.00884562
1->2 0.0024164431 206.25329 209.54779
2->1 0.0017529356 205.89002 209.54779
(A:0.0356786,F:0.0446001):0.0267613 (B:0.0142991,C:0.00884843):0.0178274
(A:0.0356786,F:0.0446001):0.0267613 C:0.00884843
Migration added
Local updates around node 1: 0 ln(lk):209.54779 
Local updates around node 2: 0 ln(lk):209.54779 
Updates in migration position: 0 ln(lk):209.54779 
Switches in migration direction: 0 ln(lk):209.54779 
ln(likelihood):209.54779 
Targeting migration to vicinity of:
B E
D D
D E
B E

B E
D E
D D
B E
D E
Trying B E
B:0.0143025 E:0.119789
1->2 3.3026194e-07 209.54779 209.54779
2->1 3.0968394e-07 209.54779 209.54779
p1->2 3.3026194e-07 209.54779 209.54779
p2->1 3.8719494e-07 209.54779 209.54779
Trying D D
(D:0.0356636,(C:0.0088456,B:0.0143025):0.0181684):0.0572561 (D:0.0356636,(C:0.0088456,B:0.0143025):0.0181684):0.0572561
p1->2 0.099995285 209.54779 209.54779
D:0.0356636 (D:0.0356636,(C:0.00884562,B:0.0143025):0.0181684):0.0706857
2->1 0.099995285 209.54779 209.54779
p2->1 0.099995285 209.54779 209.54779
D:0.0510969 D:0.0510969
Trying D E
D:0.0510969 E:0.119789
1->2 3.3026194e-07 209.54779 209.54779
2->1 0.0008357527 209.54779 209.54779
p1->2 0.099995285 209.54779 209.54779
p2->1 0.099995285 209.54779 209.54779
ln(likelihood):209.54779 
DONE.
