
TreeMix v. 1.13
$Revision: 231 $

npop:7 nsnp:17937834
Estimating covariance matrix in 89689 blocks of size 200
SEED: 1607917923
Starting from:
((G:0.209553,A:0.0762828):0.0444185,D:0.0444185);
Adding E [4/7]
ln(likelihood): -42257.811 
((A:0.0751392,(G:0.139751,E:0.119559):0.102275):0.0426625,D:0.0426625);
Adding C [5/7]
ln(likelihood): -28003.362 
((A:0.0797292,(G:0.141587,E:0.121395):0.102505):0.0245042,(D:0.0403292,C:0.0266104):0.0245042);
Adding B [6/7]
ln(likelihood): -3542.3294 
(((G:0.140745,E:0.120552):0.0981306,(D:0.0367109,(C:0.00957373,B:0.0150305):0.0179125):0.0513623):0.044674,A:0.044674);
Adding F [7/7]
ln(likelihood): 199.40789 
(((G:0.139981,E:0.119789):0.0981163,(D:0.0360147,(C:0.00884555,B:0.0143024):0.0178167):0.051179):0.0266849,(A:0.0358422,F:0.0442807):0.0266849);
Testing global rearrangements
G:0.139981 D:0.0360147
-743592.7 199.40789
G:0.139981 A:0.0358422
-578413.61 199.40789
D:0.0360147 C:0.00884555
-27263.372 199.40789
D:0.0360147 A:0.0358422
-614581.24 199.40789
D:0.0360147 (A:0.0358422,F:0.0442807):0.0266849
-298984.14 199.40789
D:0.0360147 F:0.0442807
-614581.24 199.40789
C:0.00884555 G:0.139981
-1090218.8 199.40789
C:0.00884555 D:0.0360147
-27263.372 199.40789
A:0.0358422 G:0.139981
-604991.54 199.40789
A:0.0358422 D:0.0360147
-606351.62 199.40789
(A:0.0358422,F:0.0442807):0.0266849 E:0.119789
-365146.52 199.40789
F:0.0442807 D:0.0360147
-605438.56 199.40789
F:0.0442807 (D:0.0360147,(C:0.00884555,B:0.0143024):0.0178167):0.051179
-207186.37 199.40789
F:0.0442807 C:0.00884555
-877019.77 199.40789
F:0.0442807 (C:0.00884555,B:0.0143024):0.0178167
-605438.56 199.40789
F:0.0442807 B:0.0143024
-877019.77 199.40789
Targeting migration to vicinity of:
G D
D E
B F
A C

A C
A B
F C
F B
C A
C F
B A
B F
D G
D E
G D
E D
Trying A B
(A:0.0358422,F:0.0442807):0.0266849 B:0.0143024
1->2 0.0029189074 204.25541 199.40789
2->1 0.038631834 243.19914 204.25541
p2->1 0.099995285 243.1992 243.19914
(A:0.0358422,F:0.0442807):0.0363705 (C:0.00884555,B:0.0143024):0.0181681
1->2 0.099995285 243.1992 243.1992
p2->1 0.017555457 199.40789 243.1992
A:0.0358422 B:0.0143024
1->2 0.0024164431 204.78683 243.1992
2->1 0.0018691977 200.88614 243.1992
p2->1 0.0016593698 200.34224 243.1992
A:0.0361132 (C:0.00884526,B:0.0143021):0.0178247
1->2 0.013056064 243.1992 243.1992
p2->1 0.00031105199 199.40789 243.1992
Trying A C
(F:0.0442641,A:0.0358811):0.0266932 C:0.00884555
1->2 0.0029463528 204.32119 243.1992
2->1 0.038631834 243.19914 243.1992
(F:0.0442807,A:0.0358422):0.0301881 (B:0.0143022,C:0.0088457):0.0181678
A:0.0358422 C:0.0088457
1->2 0.0024304674 204.8419 243.1992
2->1 0.0018173923 200.68683 243.1992
A:0.0361423 (B:0.0142989,C:0.00884847):0.0178274
Trying B A
B:0.0142989 (F:0.0441114,A:0.0361423):0.0267636
B:0.0142989 A:0.0361423
(B:0.0142989,C:0.00884847):0.0178274 (F:0.0441114,A:0.0361423):0.0267636
(B:0.0142989,C:0.00884847):0.0178274 A:0.0361423
Trying B F
B:0.0142989 (F:0.0441114,A:0.0361423):0.0267636
B:0.0142989 F:0.0441114
1->2 0.0018239077 200.81198 243.1992
2->1 0.0023716104 204.76433 243.1992
p1->2 0.0016191556 200.29494 243.1992
(C:0.00884555,B:0.0143024):0.017824 (A:0.0356943,F:0.0445726):0.0267538
(C:0.00884555,B:0.0143024):0.017824 F:0.0445726
2->1 0.013056064 243.1992 243.1992
p1->2 0.0001280524 199.40789 243.1992
Trying C A
C:0.00884555 (A:0.0358354,F:0.0442989):0.0266883
C:0.00884555 A:0.0358354
(C:0.00884555,B:0.0143024):0.0178167 (A:0.0358354,F:0.0442989):0.0266883
(C:0.00884555,B:0.0143024):0.0178167 A:0.0358354
Trying C F
C:0.00884555 (A:0.0358354,F:0.0442989):0.0266883
C:0.00884555 F:0.0442989
1->2 0.0017797132 200.62196 243.1992
2->1 0.0023939221 204.81778 243.1992
(B:0.0140911,C:0.0090994):0.017965 (A:0.0358232,F:0.0442994):0.0267142
(B:0.0140911,C:0.0090994):0.017965 F:0.0442994
Trying D E
D:0.0359096 (G:0.139981,E:0.119789):0.0980579
1->2 0.099995285 243.1992 243.1992
2->1 0.099995285 243.1992 243.1992
p2->1 4.0751289e-05 199.40783 243.1992
D:0.0360197 E:0.119789
1->2 0.0027120281 202.2837 243.1992
2->1 0.0071536894 243.19915 243.1992
p1->2 4.0751289e-05 199.40789 243.1992
Trying D G
D:0.0360147 (G:0.139977,E:0.119802):0.0981203
D:0.0360147 G:0.139977
1->2 0.0029913064 202.95864 243.1992
2->1 0.0071536894 243.19915 243.1992
p1->2 0.099995285 199.40789 243.1992
Trying E D
(E:0.108887,G:0.184926):0.109017 D:0.0360147
E:0.108887 D:0.0360147
Trying F B
(A:0.0358422,F:0.0442807):0.0266849 B:0.0143024
(A:0.0358422,F:0.0442807):0.0266849 (B:0.0143024,C:0.00884555):0.0178167
F:0.0442807 B:0.0143024
F:0.0442807 (B:0.0143024,C:0.00884555):0.0178167
Trying F C
(A:0.0358422,F:0.0442807):0.0266849 C:0.00884555
(A:0.0358422,F:0.0442807):0.0266849 (B:0.0143024,C:0.00884555):0.0178167
F:0.0442807 C:0.00884555
F:0.0442807 (B:0.0143024,C:0.00884555):0.0178167
Trying G D
(E:0.108887,G:0.184926):0.109017 D:0.0360147
G:0.184926 D:0.0360147
Migration added
Local updates around node 1: 0 ln(lk):243.1992 
Local updates around node 2: 0 ln(lk):243.1992 
Updates in migration position: 0 ln(lk):243.1992 
Switches in migration direction: 0 ln(lk):243.1992 
ln(likelihood):243.1992 
DONE.
