
TreeMix v. 1.13
$Revision: 231 $

npop:7 nsnp:17937834
Estimating covariance matrix in 11211 blocks of size 1600
SEED: 1607918493
Starting from:
(A:0.0870299,(B:0.0122204,C:0.00676357):0.0870299);
Adding F [4/7]
ln(likelihood): -23755.328 
((B:0.0153573,C:0.00990047):0.0657143,(A:0.0451165,F:0.0535553):0.0657143);
Adding D [5/7]
ln(likelihood): -46399.791 
((A:0.0417875,F:0.0502263):0.0549593,((B:0.020763,C:0.0153062):0.018258,D:0.0428717):0.0549593);
Adding E [6/7]
ln(likelihood): -2651.5934 
(((A:0.0369782,F:0.045417):0.0533624,((B:0.0154677,C:0.0100109):0.0177209,D:0.037212):0.051092):0.110474,E:0.110474);
Adding G [7/7]
ln(likelihood): 210.11892 
(E:0.0598946,(((A:0.0358421,F:0.0442809):0.0533704,((B:0.0143024,C:0.00884557):0.0178168,D:0.0360147):0.0511793):0.0981153,G:0.139981):0.0598946);
Testing global rearrangements
E:0.0598946 D:0.0360147
-102170.33 210.11892
A:0.0358421 B:0.0143024
-126501.27 210.11892
A:0.0358421 (B:0.0143024,C:0.00884557):0.0178168
-85224.838 210.11892
A:0.0358421 C:0.00884557
-126501.27 210.11892
B:0.0143024 D:0.0360147
-3821.5025 210.11892
D:0.0360147 E:0.0598946
-107912.72 210.11892
D:0.0360147 A:0.0358421
-86154.229 210.11892
D:0.0360147 (A:0.0358421,F:0.0442809):0.0533704
-41121.02 210.11892
D:0.0360147 F:0.0442809
-86154.229 210.11892
D:0.0360147 G:0.139981
-107912.72 210.11892
G:0.139981 E:0.0598946
210.11892 210.11892
G:0.139981 A:0.0358421
-81767.714 210.11892
G:0.139981 (A:0.0358421,F:0.0442809):0.0533704
-50334.53 210.11892
G:0.139981 F:0.0442809
-81767.714 210.11892
Targeting migration to vicinity of:
D E
D G
A C
A B

A B
A C
F B
F C
A B
A C
F B
F C
D E
D G
D E
D G
Trying A B
(A:0.0358421,F:0.0442809):0.0533704 (B:0.0143024,C:0.00884557):0.0178168
1->2 0.016823286 216.17827 210.11892
2->1 0.056945603 216.17827 216.17827
p1->2 4.0751289e-05 210.11888 216.17827
(A:0.0358421,F:0.0442809):0.0533704 B:0.0143024
1->2 0.0029463528 210.79511 216.17827
2->1 0.038631834 216.17826 216.17827
p1->2 6.2353583e-06 210.11889 216.17827
A:0.0358421 (C:0.0088452,B:0.0143029):0.0178171
1->2 0.013056064 216.17827 216.17827
2->1 0.0016380195 210.24717 216.17827
p2->1 4.0751289e-05 210.11892 216.17827
A:0.0358472 B:0.0143024
1->2 0.0024304674 210.868 216.17827
2->1 0.0018691977 210.322 216.17827
Trying A C
(F:0.0441047,A:0.0361529):0.0535339 C:0.00883992
1->2 0.0029634435 210.80283 216.17827
2->1 0.038631834 216.17826 216.17827
p1->2 4.0751289e-05 210.11893 216.17827
(F:0.0442809,A:0.0358421):0.0533704 (B:0.0143,C:0.00884869):0.0178185
A:0.0358421 C:0.00884869
1->2 0.0024445727 210.87388 216.17827
2->1 0.0017964664 210.29446 216.17827
A:0.0361388 (B:0.0142989,C:0.00884845):0.0178274
Trying D E
D:0.0360048 E:0.0598946
1->2 0.0026712604 210.50752 216.17827
2->1 0.0071536894 216.17826 216.17827
p1->2 0.0008357527 210.11892 216.17827
Trying D G
D:0.0360147 G:0.139899
1->2 0.0029740555 210.60991 216.17827
2->1 0.0071536894 216.17826 216.17827
p1->2 0.0008357527 210.11892 216.17827
p2->1 0.0071536894 216.17826 216.17827
Trying F B
F:0.0442809 (B:0.0143024,C:0.00884557):0.0170937
1->2 0.013056064 216.17827 216.17827
2->1 0.0015947899 210.24015 216.17827
p2->1 4.0751289e-05 210.11892 216.17827
F:0.0442867 B:0.0143024
1->2 0.0023939221 210.86469 216.17827
2->1 0.0018173923 210.3111 216.17827
(A:0.0356708,F:0.0446138):0.0535294 (C:0.00884007,B:0.0143073):0.0178288
(A:0.0356708,F:0.0446138):0.0535294 B:0.0143073
Trying F C
F:0.0446138 C:0.00884007
1->2 0.0024304674 210.87041 216.17827
2->1 0.0017529356 210.2849 216.17827
F:0.0446001 (B:0.014299,C:0.00884838):0.0178272
(A:0.0356788,F:0.0446001):0.0535221 C:0.00884838
(A:0.0356788,F:0.0446001):0.0535221 (B:0.014299,C:0.00884838):0.0178272
Migration added
Local updates around node 1: 0 ln(lk):216.17827 
Local updates around node 2: 0 ln(lk):216.17827 
Updates in migration position: 0 ln(lk):216.17827 
Switches in migration direction: 0 ln(lk):216.17827 
ln(likelihood):216.17827 
Targeting migration to vicinity of:
B G
C G
D E
F E

B G
C G
D E
B G
C G
D E
B G
C G
D E
A E
F E
Trying A E
(A:0.0358421,F:0.0442809):0.0538389 E:0.0598946
1->2 3.0968394e-07 216.17827 216.17827
2->1 0.099995285 216.17827 216.17827
p1->2 0.0008357527 216.17827 216.17827
A:0.0358421 E:0.0600357
1->2 3.0968394e-07 216.17827 216.17827
2->1 3.6306955e-07 216.17827 216.17827
Trying B G
B:0.0143024 G:0.139981
1->2 3.0968394e-07 216.17827 216.17827
2->1 3.8719494e-07 216.17827 216.17827
p1->2 3.0968394e-07 216.17827 216.17827
p2->1 3.8719494e-07 216.17827 216.17827
(C:0.00884553,B:0.0143024):0.019678 G:0.139981
2->1 0.0008357527 216.17827 216.17827
p1->2 4.0751289e-05 216.17827 216.17827
p2->1 4.0751289e-05 216.17827 216.17827
Trying C G
C:0.00884557 G:0.139981
1->2 3.0968394e-07 216.17827 216.17827
2->1 3.8719494e-07 216.17827 216.17827
p2->1 3.8719494e-07 216.17827 216.17827
(B:0.0143023,C:0.00884561):0.019678 G:0.139981
Trying D E
D:0.0347827 E:0.0598946
1->2 3.0968394e-07 216.17827 216.17827
2->1 0.0008357527 216.17827 216.17827
p1->2 0.0008357527 216.17827 216.17827
Trying F E
(F:0.0442809,A:0.0358421):0.0538389 E:0.0600357
F:0.0442809 E:0.0600357
1->2 3.0968394e-07 216.17827 216.17827
2->1 3.6306955e-07 216.17827 216.17827
Migration added
Local updates around node 1: 0 ln(lk):216.17827 
Local updates around node 2: 0 ln(lk):216.17827 
Updates in migration position: 0 ln(lk):216.17827 
Switches in migration direction: 0 ln(lk):216.17827 
ln(likelihood):216.17827 
Targeting migration to vicinity of:
B G
B G
B G
B G

B G
Trying B G
B:0.0143024 G:0.139981
1->2 3.0968394e-07 216.17827 216.17827
2->1 3.6306955e-07 216.17827 216.17827
p1->2 3.0968394e-07 216.17827 216.17827
p2->1 3.6306955e-07 216.17827 216.17827
ln(likelihood):216.17827 
Targeting migration to vicinity of:
B G
B G
B G
B G

B G
Trying B G
B:0.0143024 G:0.139981
1->2 3.0968394e-07 216.17827 216.17827
2->1 3.6306955e-07 216.17827 216.17827
p1->2 3.0968394e-07 216.17827 216.17827
p2->1 3.6306955e-07 216.17827 216.17827
ln(likelihood):216.17827 
Targeting migration to vicinity of:
B G
B G
B G
B G

ln(likelihood):216.17827 
DONE.
