
TreeMix v. 1.13
$Revision: 231 $

npop:7 nsnp:17937834
Estimating covariance matrix in 44844 blocks of size 400
SEED: 1607918213
Starting from:
((D:0.0307213,C:0.015107):0.0782676,A:0.0782676);
Adding E [4/7]
ln(likelihood): -48059.275 
((D:0.052448,C:0.0378166):0.0256808,(A:0.0822805,E:0.197654):0.0256808);
Adding G [5/7]
ln(likelihood): -14916.815 
((D:0.0403293,C:0.0266105):0.0245043,(A:0.0797296,(E:0.121396,G:0.141588):0.102504):0.0245043);
Adding B [6/7]
ln(likelihood): -1838.3306 
(A:0.0446743,((E:0.120553,G:0.140745):0.0981297,(D:0.036711,(C:0.00957375,B:0.0150306):0.0179126):0.0513626):0.0446743);
Adding F [7/7]
ln(likelihood): 211.47191 
(((E:0.119789,G:0.139981):0.0981153,(D:0.0360147,(C:0.00884557,B:0.0143024):0.0178168):0.0511793):0.0266852,(A:0.0358421,F:0.0442809):0.0266852);
Testing global rearrangements
E:0.119789 D:0.0360147
-392170.12 211.47191
D:0.0360147 C:0.00884557
-14784.063 211.47191
D:0.0360147 B:0.0143024
-14784.063 211.47191
A:0.0358421 G:0.139981
-324761.36 211.47191
A:0.0358421 D:0.0360147
-323688.14 211.47191
Targeting migration to vicinity of:
D E
D G
C A
A B

A C
A B
F C
F B
C A
C F
B A
B F
D E
D G
D E
D G
Trying A B
A:0.0358421 (C:0.00884557,B:0.0143024):0.0178168
1->2 0.013056064 234.63732 211.47191
2->1 0.001653441 211.96394 234.63732
p1->2 0.099995285 234.63732 234.63732
p2->1 0.0053747296 211.47191 234.63732
A:0.0365205 B:0.0143024
1->2 0.0024304674 214.32687 234.63732
2->1 0.0018625207 212.25071 234.63732
p1->2 0.0029293604 214.04709 234.63732
(F:0.0442809,A:0.0358421):0.0267113 (C:0.00861008,B:0.0146224):0.0179839
2->1 0.099995285 234.63732 234.63732
p2->1 0.35938364 211.47191 234.63732
(F:0.0442809,A:0.0358421):0.0650241 B:0.0143024
2->1 0.038631834 234.63728 234.63732
Trying A C
A:0.0358421 C:0.00884538
1->2 0.0024304674 214.35287 234.63732
2->1 0.0018068991 212.14536 234.63732
p1->2 0.0029463528 214.07937 234.63732
A:0.0358421 (B:0.0140655,C:0.00913511):0.0179849
(F:0.0442809,A:0.0358421):0.0267114 C:0.00913511
2->1 0.038631834 234.63728 234.63732
(F:0.0442809,A:0.0358421):0.0301884 (B:0.0143022,C:0.00884571):0.0181678
Trying B A
(B:0.0143022,C:0.00884571):0.0181678 A:0.0358421
(B:0.0143022,C:0.00884571):0.0181678 (F:0.0442809,A:0.0358421):0.0301884
B:0.0143022 A:0.0358421
B:0.0143022 (F:0.0442809,A:0.0358421):0.0301884
Trying B F
(B:0.0143022,C:0.00884571):0.0181678 (F:0.0442809,A:0.0358421):0.0301884
(B:0.0143022,C:0.00884571):0.0181678 F:0.0442809
1->2 0.0016040532 211.93793 234.63732
2->1 0.013056064 234.63732 234.63732
p1->2 0.052354887 211.47191 234.63732
B:0.0143024 (A:0.0328935,F:0.0524204):0.0281595
B:0.0143024 F:0.0524204
1->2 0.0018173923 212.21017 234.63732
2->1 0.0023853751 214.31458 234.63732
Trying C A
C:0.00863492 A:0.035823
C:0.00863492 (A:0.035823,F:0.0442997):0.0267145
(C:0.00863492,B:0.0145816):0.0179646 A:0.035823
(C:0.00863492,B:0.0145816):0.0179646 (A:0.035823,F:0.0442997):0.0267145
Trying C F
C:0.00863492 (A:0.035823,F:0.0442997):0.0267145
C:0.00863492 F:0.0442997
1->2 0.001763116 212.1099 234.63732
2->1 0.002407816 214.33983 234.63732
(B:0.0140901,C:0.00910066):0.0179658 (A:0.0358232,F:0.0442995):0.0267146
(B:0.0140901,C:0.00910066):0.0179658 F:0.0442995
Trying D E
D:0.0359092 E:0.119789
1->2 0.002680829 212.9731 234.63732
2->1 0.0071536894 234.63729 234.63732
p1->2 4.0751289e-05 211.47191 234.63732
p2->1 0.099995285 234.63732 234.63732
D:0.0511707 (G:0.139981,E:0.119789):0.0983496
1->2 0.099995285 234.63732 234.63732
p2->1 4.0751289e-05 211.47188 234.63732
Trying D G
D:0.0360198 (G:0.139981,E:0.119789):0.0981153
D:0.0360198 G:0.139981
1->2 0.0029740555 213.34934 234.63732
2->1 0.0071536894 234.63729 234.63732
p1->2 0.016859977 211.47191 234.63732
Trying F B
(A:0.0358421,F:0.0442809):0.0266852 (B:0.0143024,C:0.00884557):0.0178168
(A:0.0358421,F:0.0442809):0.0266852 B:0.0143024
F:0.0442809 (B:0.0143024,C:0.00884557):0.0178168
F:0.0442809 B:0.0143024
Trying F C
(A:0.0358421,F:0.0442809):0.0266852 C:0.00884557
(A:0.0358421,F:0.0442809):0.0266852 (B:0.0143024,C:0.00884557):0.0178168
F:0.0442809 C:0.00884557
F:0.0442809 (B:0.0143024,C:0.00884557):0.0178168
Migration added
Local updates around node 1: 0 ln(lk):234.63732 
Local updates around node 2: 0 ln(lk):234.63732 
Updates in migration position: 0 ln(lk):234.63732 
Switches in migration direction: 0 ln(lk):234.63732 
ln(likelihood):234.63732 
Targeting migration to vicinity of:
C C
D E
A G
C A

A G
C A
B A
C C
C D
C B
D C
B C
D E
Trying A G
A:0.0358421 G:0.139981
1->2 3.0968394e-07 234.63732 234.63732
2->1 3.0968394e-07 234.63732 234.63732
p1->2 3.0968394e-07 234.63732 234.63732
p2->1 3.1738819e-07 234.63732 234.63732
Trying B A
B:0.0143024 A:0.0358421
1->2 3.0968394e-07 234.63732 234.63732
2->1 3.0968394e-07 234.63732 234.63732
p1->2 3.0968394e-07 234.63732 234.63732
p2->1 3.0968394e-07 234.63732 234.63732
(C:0.00884555,B:0.0143024):0.0287037 A:0.0358421
2->1 0.0008357527 234.63732 234.63732
p1->2 3.1442306e-07 234.63732 234.63732
Trying B C
B:0.0143024 C:0.00884557
p1->2 3.9084634e-07 234.63732 234.63732
p2->1 3.9084634e-07 234.63732 234.63732
(C:0.00884557,B:0.0143024):0.0287037 C:0.00884557
p1->2 3.9084634e-07 234.63732 234.63732
(D:0.0299383,(C:0.00884559,B:0.0143024):0.0287037):0.0572558 C:0.00884559
p1->2 3.8719494e-07 234.63732 234.63732
Trying C A
(C:0.0088456,B:0.0143024):0.0287037 A:0.0358421
C:0.0088456 A:0.0358421
1->2 3.0968394e-07 234.63732 234.63732
2->1 3.0968394e-07 234.63732 234.63732
p2->1 3.0968394e-07 234.63732 234.63732
Trying C B
C:0.00884559 B:0.0143024
Trying C C
(B:0.0143024,C:0.00884559):0.0287037 C:0.00884559
(D:0.0299383,(B:0.0143024,C:0.00884559):0.0287037):0.0572558 C:0.00884559
C:0.00884559 C:0.00884559
Trying C D
C:0.00884559 D:0.0299383
1->2 0.099995285 234.63732 234.63732
2->1 3.9084634e-07 234.63732 234.63732
Trying D C
((B:0.0143024,C:0.00884558):0.0287037,D:0.0299383):0.0572558 C:0.00884558
D:0.0299383 C:0.00884558
Trying D E
D:0.0299383 E:0.119789
1->2 3.0968394e-07 234.63732 234.63732
2->1 0.0008357527 234.63732 234.63732
p1->2 0.099995285 234.63732 234.63732
p2->1 0.099995285 234.63732 234.63732
ln(likelihood):234.63732 
Targeting migration to vicinity of:
C C
D E
C A
A G

A G
C A
B A
C C
C D
C B
D C
B C
D E
Trying A G
A:0.0358421 G:0.139981
1->2 3.0968394e-07 234.63732 234.63732
2->1 3.0968394e-07 234.63732 234.63732
p1->2 3.0968394e-07 234.63732 234.63732
p2->1 3.1738819e-07 234.63732 234.63732
Trying B A
B:0.0143024 A:0.0358421
1->2 3.0968394e-07 234.63732 234.63732
2->1 3.0968394e-07 234.63732 234.63732
p1->2 3.0968394e-07 234.63732 234.63732
p2->1 3.0968394e-07 234.63732 234.63732
(C:0.00884555,B:0.0143024):0.0287031 A:0.0358421
2->1 0.0008357527 234.63732 234.63732
p1->2 3.1442306e-07 234.63732 234.63732
Trying B C
B:0.0143024 C:0.00884557
p1->2 3.9084634e-07 234.63732 234.63732
p2->1 3.9084634e-07 234.63732 234.63732
(D:0.0299386,(C:0.00884557,B:0.0143024):0.0287031):0.0572555 C:0.00884557
1->2 3.9084634e-07 234.63732 234.63732
p1->2 3.8719494e-07 234.63732 234.63732
(C:0.0088456,B:0.0143024):0.0287031 C:0.0088456
Trying C A
C:0.0088456 A:0.0358421
1->2 3.0968394e-07 234.63732 234.63732
2->1 3.0968394e-07 234.63732 234.63732
p2->1 3.0968394e-07 234.63732 234.63732
(B:0.0143024,C:0.00884559):0.0287031 A:0.0358421
Trying C B
C:0.00884559 B:0.0143024
Trying C C
(D:0.0299386,(B:0.0143024,C:0.00884559):0.0287031):0.0572555 C:0.00884559
C:0.00884559 C:0.00884559
(B:0.0143024,C:0.00884559):0.0287031 C:0.00884559
Trying C D
C:0.00884559 D:0.0299386
1->2 0.099995285 234.63732 234.63732
2->1 3.9084634e-07 234.63732 234.63732
Trying D C
D:0.0299386 C:0.00884558
((B:0.0143024,C:0.00884558):0.0287031,D:0.0299386):0.0572555 C:0.00884558
Trying D E
D:0.0299386 E:0.119789
1->2 3.0968394e-07 234.63732 234.63732
2->1 0.0008357527 234.63732 234.63732
p1->2 0.099995285 234.63732 234.63732
p2->1 0.099995285 234.63732 234.63732
ln(likelihood):234.63732 
DONE.
