
TreeMix v. 1.13
$Revision: 231 $

npop:7 nsnp:17937834
Estimating covariance matrix in 5605 blocks of size 3200
SEED: 1607918072
Starting from:
(F:0.0913933,(C:0.00441522,B:0.00987191):0.0913933);
Adding D [4/7]
ln(likelihood): -10259.72 
(F:0.0835492,((C:0.0126857,B:0.0181424):0.0182197,D:0.0401257):0.0835492);
Adding E [5/7]
ln(likelihood): -11133.763 
(F:0.0481784,(((C:0.0100165,B:0.0154732):0.0178176,D:0.0371867):0.0616595,E:0.194542):0.0481784);
Adding G [6/7]
ln(likelihood): 20.279547 
(F:0.0489689,(((C:0.00935024,B:0.0148069):0.0179135,D:0.0364884):0.0512707,(E:0.120325,G:0.140518):0.0981154):0.0489689);
Adding A [7/7]
ln(likelihood): 203.61225 
((((C:0.00884588,B:0.0143026):0.0178176,D:0.036016):0.0511813,(E:0.119791,G:0.139984):0.0981073):0.0266871,(F:0.0442807,A:0.035841):0.0266871);
Testing global rearrangements
C:0.00884588 ((C:0.00884588,B:0.0143026):0.0178176,D:0.036016):0.0511813
-1847.1297 203.61225
C:0.00884588 (((C:0.00884588,B:0.0143026):0.0178176,D:0.036016):0.0511813,(E:0.119791,G:0.139984):0.0981073):0.0266871
-37497.133 203.61225
C:0.00884588 F:0.0442807
-63788.418 203.61225
C:0.00884588 (F:0.0442807,A:0.035841):0.0266871
-37497.133 203.61225
C:0.00884588 A:0.035841
-63788.418 203.61225
D:0.036016 C:0.00884588
-1847.1297 203.61225
D:0.036016 E:0.119791
-54366.916 203.61225
D:0.036016 (E:0.119791,G:0.139984):0.0981073
-20677.501 203.61225
D:0.036016 G:0.139984
-54366.916 203.61225
E:0.119791 F:0.0442807
-41253.38 203.61225
E:0.119791 (F:0.0442807,A:0.035841):0.0266871
-25307.091 203.61225
E:0.119791 A:0.035841
-41253.38 203.61225
F:0.0442807 C:0.00884588
-63878.859 203.61225
F:0.0442807 (C:0.00884588,B:0.0143026):0.0178176
-42951.855 203.61225
F:0.0442807 B:0.0143026
-63878.859 203.61225
F:0.0442807 ((C:0.00884588,B:0.0143026):0.0178176,D:0.036016):0.0511813
-15003.745 203.61225
F:0.0442807 D:0.036016
-42951.855 203.61225
Targeting migration to vicinity of:
D E
D G
F B
B A

C F
C A
B F
B A
D E
D G
D E
D G
F C
F B
A C
A B
Trying A B
(F:0.0442807,A:0.035841):0.0266871 B:0.0143026
1->2 0.0029463528 203.95368 203.61225
2->1 0.038631834 206.67241 203.95368
p2->1 0.099995285 206.67241 206.67241
(F:0.0442807,A:0.035841):0.0363734 (C:0.00884588,B:0.0143026):0.0181691
1->2 0.099995285 206.67241 206.67241
p2->1 0.0011245519 203.61225 206.67241
A:0.035841 B:0.0143026
1->2 0.0024304674 203.99046 206.67241
2->1 0.0018625207 203.71474 206.67241
p2->1 0.001643893 203.67698 206.67241
A:0.0361095 (C:0.00884558,B:0.0143023):0.0178256
1->2 0.013056064 206.67241 206.67241
p2->1 0.0008357527 203.61225 206.67241
Trying A C
(F:0.0442361,A:0.0359457):0.0267094 (C:0.00884588,B:0.0143026):0.0178176
(F:0.0442361,A:0.0359457):0.0267094 C:0.00884588
1->2 0.0029634435 203.95756 206.67241
2->1 0.038631834 206.67241 206.67241
A:0.035841 (B:0.0143024,C:0.00884603):0.0181687
A:0.035841 C:0.00884603
1->2 0.0024445727 203.99343 206.67241
2->1 0.0018068991 203.70084 206.67241
Trying B A
B:0.0142991 (F:0.0441124,A:0.0361394):0.0267653
B:0.0142991 A:0.0361394
(B:0.0142991,C:0.00884877):0.0178283 (F:0.0441124,A:0.0361394):0.0267653
(B:0.0142991,C:0.00884877):0.0178283 A:0.0361394
Trying B F
B:0.0142991 F:0.0441124
1->2 0.0018068991 203.70919 206.67241
2->1 0.0023939221 203.98878 206.67241
p1->2 0.0015947899 203.67339 206.67241
B:0.0143026 (A:0.0356953,F:0.0445682):0.026755
(C:0.00884588,B:0.0143026):0.0178248 F:0.0445682
2->1 0.013056064 206.67241 206.67241
p1->2 0.0034648706 203.61225 206.67241
(C:0.00884588,B:0.0143026):0.0178176 (A:0.0356554,F:0.0447754):0.0267799
Trying C A
(C:0.00884588,B:0.0143026):0.0178176 (A:0.0356554,F:0.0447754):0.0267799
(C:0.00884588,B:0.0143026):0.0178176 A:0.0356554
C:0.00884588 (A:0.0356554,F:0.0447754):0.0267799
C:0.00884588 A:0.0356554
Trying C F
(C:0.00884588,B:0.0143026):0.0178176 F:0.0447754
(C:0.00884588,B:0.0143026):0.0178176 (A:0.0356554,F:0.0447754):0.0267799
C:0.00884588 F:0.0447754
1->2 0.0017529356 203.69597 206.67241
2->1 0.0024164431 203.99165 206.67241
C:0.00910176 (A:0.0358221,F:0.0442992):0.0267166
Trying D E
D:0.0359102 E:0.119791
1->2 0.0026712604 203.80814 206.67241
2->1 0.0071536894 206.67241 206.67241
p1->2 4.0751289e-05 203.61225 206.67241
p2->1 0.099995285 206.67241 206.67241
D:0.0511726 (G:0.139984,E:0.119791):0.0983416
1->2 0.099995285 206.67241 206.67241
p2->1 4.0751289e-05 203.61225 206.67241
Trying D G
D:0.0360211 G:0.139984
1->2 0.0029740555 203.86029 206.67241
2->1 0.0071536894 206.67241 206.67241
p1->2 0.099995285 203.61225 206.67241
D:0.036016 (E:0.108891,G:0.184929):0.109008
Trying F B
F:0.0442807 B:0.0143026
F:0.0442807 (B:0.0143026,C:0.00884588):0.0178176
(A:0.035841,F:0.0442807):0.0266871 B:0.0143026
(A:0.035841,F:0.0442807):0.0266871 (B:0.0143026,C:0.00884588):0.0178176
Trying F C
F:0.0442807 (B:0.0143026,C:0.00884588):0.0178176
F:0.0442807 C:0.00884588
(A:0.035841,F:0.0442807):0.0266871 (B:0.0143026,C:0.00884588):0.0178176
(A:0.035841,F:0.0442807):0.0266871 C:0.00884588
Migration added
Local updates around node 1: 0 ln(lk):206.67241 
Local updates around node 2: 0 ln(lk):206.67241 
Updates in migration position: 0 ln(lk):206.67241 
Switches in migration direction: 0 ln(lk):206.67241 
ln(likelihood):206.67241 
Targeting migration to vicinity of:
B E
F E
F F
F F

B E
F E
F F
Trying B E
B:0.0143026 E:0.119791
1->2 3.3026194e-07 206.67241 206.67241
2->1 3.0968394e-07 206.67241 206.67241
p1->2 3.3026194e-07 206.67241 206.67241
p2->1 3.8719494e-07 206.67241 206.67241
Trying F E
F:0.0442807 E:0.119791
1->2 3.0968394e-07 206.67241 206.67241
2->1 3.0968394e-07 206.67241 206.67241
p1->2 0.099995285 206.67241 206.67241
p2->1 3.6306955e-07 206.67241 206.67241
Trying F F
(A:0.035841,F:0.0442808):0.0363729 (A:0.035841,F:0.0442808):0.0363729
F:0.0442808 (A:0.035841,F:0.0442808):0.0363729
2->1 3.6306955e-07 206.67241 206.67241
F:0.0442807 F:0.0442807
ln(likelihood):206.67241 
DONE.
