
TreeMix v. 1.13
$Revision: 231 $

npop:7 nsnp:17937834
Estimating covariance matrix in 5275 blocks of size 3400
SEED: 1607918352
Starting from:
((F:0.0162173,A:0.00777685):0.147222,E:0.147222);
Adding D [4/7]
ln(likelihood): -6815.7766 
(((F:0.0449282,A:0.0364878):0.0639059,E:0.194033):0.0429604,D:0.0429604);
Adding B [5/7]
ln(likelihood): -6757.2613 
(((F:0.0477014,A:0.0392609):0.0611103,E:0.200598):0.0237546,(D:0.0442523,B:0.035814):0.0237546);
Adding G [6/7]
ln(likelihood): 142.00656 
(B:0.0160445,(D:0.0361222,((F:0.044405,A:0.0359646):0.05347,(E:0.119963,G:0.140156):0.0980088):0.051306):0.0160445);
Adding C [7/7]
ln(likelihood): 202.9681 
((D:0.0360171,((F:0.0442809,A:0.0358404):0.0533763,(E:0.119792,G:0.139985):0.0981025):0.0511827):0.0089091,(B:0.014303,C:0.00884593):0.0089091);
Testing global rearrangements
D:0.0360171 E:0.119792
-51244.792 202.9681
D:0.0360171 (E:0.119792,G:0.139985):0.0981025
-19492.093 202.9681
D:0.0360171 G:0.139985
-51244.792 202.9681
F:0.0442809 E:0.119792
-40906.846 202.9681
F:0.0442809 (E:0.119792,G:0.139985):0.0981025
-14136.571 202.9681
F:0.0442809 G:0.139985
-40906.846 202.9681
(F:0.0442809,A:0.0358404):0.0533763 B:0.014303
-37507.135 202.9681
(F:0.0442809,A:0.0358404):0.0533763 (B:0.014303,C:0.00884593):0.0089091
-19492.093 202.9681
(F:0.0442809,A:0.0358404):0.0533763 C:0.00884593
-37507.135 202.9681
A:0.0358404 E:0.119792
-40854.933 202.9681
A:0.0358404 (E:0.119792,G:0.139985):0.0981025
-14136.571 202.9681
A:0.0358404 G:0.139985
-40854.933 202.9681
B:0.014303 F:0.0442809
-60152.515 202.9681
B:0.014303 (F:0.0442809,A:0.0358404):0.0533763
-35392.857 202.9681
B:0.014303 A:0.0358404
-60152.515 202.9681
Targeting migration to vicinity of:
E D
D G
A B
F B

A B
A C
F B
F C
D E
D G
E D
G D
A B
A C
F B
F C
Trying A B
(F:0.0442809,A:0.0358404):0.0533763 B:0.014303
1->2 0.0029463528 203.28994 202.9681
2->1 0.038631834 205.85375 203.28994
p1->2 0.099995285 202.9681 205.85375
p2->1 0.099995285 205.85375 205.85375
(F:0.0442809,A:0.0358404):0.0727495 (C:0.00884593,B:0.014303):0.014655
1->2 0.099995285 205.85375 205.85375
p1->2 6.2716344e-06 202.9681 205.85375
A:0.0358404 B:0.014303
1->2 0.0024304674 203.32462 205.85375
2->1 0.0018625207 203.06472 205.85375
p2->1 0.001643893 203.02912 205.85375
A:0.036109 (C:0.00884564,B:0.0143027):0.00891307
1->2 0.013056064 205.85375 205.85375
Trying A C
(F:0.0442809,A:0.0358404):0.0538449 (C:0.00884593,B:0.014303):0.00966746
(F:0.0442809,A:0.0358404):0.0538449 C:0.00884593
1->2 0.0029634435 203.29358 205.85375
2->1 0.038631834 205.85375 205.85375
p1->2 0.0008357527 202.9681 205.85375
A:0.0358404 (B:0.0142881,C:0.00887565):0.00891655
A:0.0358404 C:0.00887565
1->2 0.0024445727 203.32741 205.85375
2->1 0.0018068991 203.05161 205.85375
Trying D E
D:0.0360071 E:0.119792
1->2 0.0026558505 203.15281 205.85375
2->1 0.0071536894 205.85375 205.85375
p1->2 4.0751289e-05 202.96811 205.85375
p2->1 0.099995285 205.85375 205.85375
D:0.0511741 (G:0.139985,E:0.119792):0.0983368
1->2 0.099995285 205.85375 205.85375
p1->2 4.0751289e-05 202.96809 205.85375
Trying D G
D:0.0360171 (G:0.139985,E:0.119792):0.0981126
D:0.0360171 G:0.139985
1->2 0.0029634435 203.20203 205.85375
2->1 0.0071536894 205.85375 205.85375
p1->2 6.2255936e-07 202.9681 205.85375
Trying E D
E:0.119792 D:0.0360171
(E:0.119792,G:0.139986):0.0981025 D:0.0360171
Trying F B
F:0.0442809 B:0.014303
1->2 0.0023939221 203.32303 205.85375
2->1 0.0018068991 203.05947 205.85375
p2->1 0.0015947899 203.02574 205.85375
F:0.0445683 (C:0.00884593,B:0.014303):0.00891268
1->2 0.013056064 205.85375 205.85375
(A:0.0358404,F:0.0442809):0.0538449 B:0.014303
(A:0.0358404,F:0.0442809):0.0538449 (C:0.00884593,B:0.014303):0.00966746
Trying F C
F:0.0442809 (C:0.00884593,B:0.014303):0.00966746
F:0.0442809 C:0.00884593
1->2 0.0024164431 203.32572 205.85375
2->1 0.0017529356 203.04702 205.85375
(A:0.0356771,F:0.0446):0.053528 (B:0.0142996,C:0.00884874):0.00891429
(A:0.0356771,F:0.0446):0.053528 C:0.00884874
Trying G D
(E:0.119792,G:0.139985):0.0980446 D:0.0360074
G:0.139985 D:0.0360074
Migration added
Local updates around node 1: 0 ln(lk):205.85375 
Local updates around node 2: 0 ln(lk):205.85375 
Updates in migration position: 0 ln(lk):205.85375 
Switches in migration direction: 0 ln(lk):205.85375 
ln(likelihood):205.85375 
Targeting migration to vicinity of:
B B
B B
B B
B B

ln(likelihood):205.85375 
Targeting migration to vicinity of:
A A
A A
A A
A A

ln(likelihood):205.85375 
Targeting migration to vicinity of:
A A
A A
A A
A A

ln(likelihood):205.85375 
DONE.
