
TreeMix v. 1.13
$Revision: 231 $

npop:7 nsnp:17937834
Estimating covariance matrix in 5275 blocks of size 3400
SEED: 1607918630
Starting from:
((A:0.080418,G:0.21387):0.037415,C:0.037415);
Adding F [4/7]
ln(likelihood): -4451.5787 
((G:0.21576,(A:0.0367841,F:0.0452246):0.0662809):0.0366904,C:0.0366904);
Adding E [5/7]
ln(likelihood): -2118.818 
(((A:0.0377112,F:0.0461517):0.0545006,(G:0.141798,E:0.121605):0.0994612):0.0393026,C:0.0393026);
Adding D [6/7]
ln(likelihood): 110.60651 
(C:0.0132271,(((A:0.036106,F:0.0445464):0.05347,(G:0.140298,E:0.120105):0.0980088):0.0514795,D:0.0362037):0.0132271);
Adding B [7/7]
ln(likelihood): 202.9681 
((C:0.00884593,(((A:0.0358404,F:0.0442809):0.0533763,(G:0.139985,E:0.119792):0.0981025):0.0511827,D:0.0360171):0.0178182):0.00715148,B:0.00715148);
Testing global rearrangements
C:0.00884593 A:0.0358404
-60194.886 202.9681
C:0.00884593 (A:0.0358404,F:0.0442809):0.0533763
-35388.332 202.9681
C:0.00884593 F:0.0442809
-60194.886 202.9681
A:0.0358404 G:0.139985
-40854.933 202.9681
A:0.0358404 (G:0.139985,E:0.119792):0.0981025
-14136.571 202.9681
A:0.0358404 E:0.119792
-40854.933 202.9681
(A:0.0358404,F:0.0442809):0.0533763 C:0.00884593
-37507.135 202.9681
(A:0.0358404,F:0.0442809):0.0533763 B:0.00715148
-37507.135 202.9681
F:0.0442809 G:0.139985
-40906.846 202.9681
F:0.0442809 (G:0.139985,E:0.119792):0.0981025
-14136.571 202.9681
F:0.0442809 E:0.119792
-40906.846 202.9681
D:0.0360171 F:0.0442809
-40999.576 202.9681
B:0.00715148 D:0.0360171
-1733.9905 202.9681
DONE.
