
TreeMix v. 1.13
$Revision: 231 $

npop:7 nsnp:17937834
Estimating covariance matrix in 7474 blocks of size 2400
SEED: 1607918493
Starting from:
(A:0.0870299,(B:0.0122204,C:0.00676357):0.0870299);
Adding F [4/7]
ln(likelihood): -15961.502 
((B:0.0153573,C:0.00990047):0.0657143,(A:0.0451165,F:0.0535553):0.0657143);
Adding D [5/7]
ln(likelihood): -31195.482 
((A:0.0417875,F:0.0502263):0.0549593,((B:0.020763,C:0.0153062):0.018258,D:0.0428717):0.0549593);
Adding E [6/7]
ln(likelihood): -1733.1939 
(((A:0.0369782,F:0.045417):0.0533624,((B:0.0154677,C:0.0100109):0.0177209,D:0.037212):0.051092):0.110474,E:0.110474);
Adding G [7/7]
ln(likelihood): 206.57152 
(((A:0.0358421,F:0.0442809):0.0533704,((B:0.0143024,C:0.00884557):0.0178168,D:0.0360147):0.0511793):0.0490577,(E:0.119789,G:0.139981):0.0490577);
Testing global rearrangements
A:0.0358421 B:0.0143024
-85113.757 206.57152
A:0.0358421 (B:0.0143024,C:0.00884557):0.0178168
-57219.652 206.57152
A:0.0358421 C:0.00884557
-85113.757 206.57152
A:0.0358421 E:0.119789
-57645.194 206.57152
(A:0.0358421,F:0.0442809):0.0533704 B:0.0143024
-52843.512 206.57152
(A:0.0358421,F:0.0442809):0.0533704 (B:0.0143024,C:0.00884557):0.0178168
-27547.366 206.57152
(A:0.0358421,F:0.0442809):0.0533704 C:0.00884557
-52843.512 206.57152
F:0.0442809 ((A:0.0358421,F:0.0442809):0.0533704,((B:0.0143024,C:0.00884557):0.0178168,D:0.0360147):0.0511793):0.0490577
-19984.817 206.57152
F:0.0442809 E:0.119789
-57717.9 206.57152
F:0.0442809 (E:0.119789,G:0.139981):0.0490577
-19984.817 206.57152
F:0.0442809 G:0.139981
-57717.9 206.57152
B:0.0143024 A:0.0358421
-84682.818 206.57152
B:0.0143024 (A:0.0358421,F:0.0442809):0.0533704
-49842.502 206.57152
B:0.0143024 F:0.0442809
-84682.818 206.57152
B:0.0143024 ((B:0.0143024,C:0.00884557):0.0178168,D:0.0360147):0.0511793
-2514.4325 206.57152
D:0.0360147 A:0.0358421
-57838.167 206.57152
D:0.0360147 (A:0.0358421,F:0.0442809):0.0533704
-27547.366 206.57152
D:0.0360147 F:0.0442809
-57838.167 206.57152
D:0.0360147 E:0.119789
-72348.788 206.57152
D:0.0360147 (E:0.119789,G:0.139981):0.0490577
-27547.366 206.57152
D:0.0360147 G:0.139981
-72348.788 206.57152
E:0.119789 A:0.0358421
-54871.487 206.57152
E:0.119789 (A:0.0358421,F:0.0442809):0.0533704
-33711.643 206.57152
E:0.119789 F:0.0442809
-54871.487 206.57152
Targeting migration to vicinity of:
D E
D G
A C
B F

A B
A C
F B
F C
B A
B F
C A
C F
D E
D G
D E
D G
Trying A B
(A:0.0358421,F:0.0442809):0.0533704 (B:0.0143024,C:0.00884557):0.0178168
1->2 0.099995285 210.63902 206.57152
2->1 0.099995285 210.63902 210.63902
p1->2 4.0751289e-05 206.57151 210.63902
(A:0.0358421,F:0.0442809):0.0533704 B:0.0143024
1->2 0.0029463528 207.0253 210.63902
2->1 0.038631834 210.63901 210.63902
p1->2 6.2255936e-07 206.57153 210.63902
A:0.0358421 (C:0.00884553,B:0.0143024):0.0178168
1->2 0.013056064 210.63902 210.63902
2->1 0.0016380195 206.65758 210.63902
p2->1 4.0751289e-05 206.57152 210.63902
A:0.0358472 B:0.0143024
1->2 0.0024304674 207.07421 210.63902
2->1 0.0018517675 206.70779 210.63902
Trying A C
(F:0.0441064,A:0.03615):0.0535324 C:0.00883997
1->2 0.0029634435 207.03043 210.63902
2->1 0.038631834 210.63901 210.63902
p1->2 4.0751289e-05 206.57153 210.63902
(F:0.0442809,A:0.0358421):0.0533704 (B:0.0143,C:0.00884869):0.0178185
A:0.0358421 C:0.00884869
1->2 0.0024445727 207.07811 210.63902
2->1 0.0017964664 206.6893 210.63902
A:0.0361388 (B:0.0142989,C:0.00884845):0.0178274
Trying B A
(B:0.0142989,C:0.00884845):0.0178274 (F:0.0441136,A:0.0361388):0.0535259
(B:0.0142989,C:0.00884845):0.0178274 A:0.0361388
B:0.0142989 (F:0.0441136,A:0.0361388):0.0535259
B:0.0142989 A:0.0361388
Trying B F
(B:0.0142989,C:0.00884845):0.0178274 F:0.0441136
1->2 0.0015947899 206.65283 210.63902
2->1 0.013056064 210.63902 210.63902
p1->2 0.010928518 206.57152 210.63902
(B:0.0143024,C:0.00884557):0.0178168 (A:0.0352524,F:0.0458611):0.0539601
B:0.0143024 F:0.0458611
1->2 0.0018068991 206.70042 210.63902
2->1 0.0023939221 207.07197 210.63902
B:0.0145824 (A:0.0358231,F:0.0442996):0.0534291
Trying C A
C:0.00863431 (A:0.0358231,F:0.0442996):0.0534291
C:0.00863431 A:0.0358231
(C:0.00863431,B:0.0145824):0.0179651 (A:0.0358231,F:0.0442996):0.0534291
(C:0.00863431,B:0.0145824):0.0179651 A:0.0358231
Trying C F
C:0.00863431 F:0.0442996
1->2 0.0017529356 206.68285 210.63902
2->1 0.0024304674 207.07575 210.63902
C:0.00910269 (A:0.0358234,F:0.0442993):0.0534294
(B:0.0140885,C:0.00910269):0.017967 F:0.0442993
(B:0.0140885,C:0.00910269):0.017967 (A:0.0358234,F:0.0442993):0.0534294
Trying D E
D:0.0359084 E:0.119789
1->2 0.0026712604 206.83211 210.63902
2->1 0.0071536894 210.63901 210.63902
p1->2 0.00012120685 206.57152 210.63902
p2->1 0.099995285 210.63902 210.63902
D:0.0511707 (G:0.139981,E:0.119789):0.0948355
1->2 0.099995285 210.63902 210.63902
p1->2 0.098679066 206.57152 210.63902
Trying D G
D:0.0360147 (G:0.139981,E:0.119789):0.0603876
D:0.0360147 G:0.139981
1->2 0.0029740555 206.90124 210.63902
2->1 0.0071536894 210.63901 210.63902
p1->2 0.0008357527 206.57152 210.63902
Trying F B
F:0.0442809 (B:0.0143024,C:0.00884557):0.0178168
F:0.0442809 B:0.0143024
(A:0.0358421,F:0.0442809):0.0533704 (B:0.0143024,C:0.00884557):0.0178168
(A:0.0358421,F:0.0442809):0.0533704 B:0.0143024
Trying F C
F:0.0442809 C:0.00884557
F:0.0442809 (B:0.0143024,C:0.00884557):0.0178168
(A:0.0358421,F:0.0442809):0.0533704 C:0.00884557
(A:0.0358421,F:0.0442809):0.0533704 (B:0.0143024,C:0.00884557):0.0178168
Migration added
Local updates around node 1: 0 ln(lk):210.63902 
Local updates around node 2: 0 ln(lk):210.63902 
Updates in migration position: 0 ln(lk):210.63902 
Switches in migration direction: 0 ln(lk):210.63902 
ln(likelihood):210.63902 
Targeting migration to vicinity of:
A E
E E
D E
A A

A A
A E
D E
E E
Trying A A
(A:0.0358421,F:0.0442809):0.0538389 (A:0.0358421,F:0.0442809):0.0538389
p1->2 0.099995285 210.63902 210.63902
(A:0.0358421,F:0.0442809):0.0664671 (((B:0.0143024,C:0.00884557):0.0286941,D:0.0299383):0.0572558,(A:0.0358421,F:0.0442809):0.0664671):0.0488234
(A:0.0358421,F:0.0442809):0.0664671 A:0.0358421
1->2 0.0010948586 210.63902 210.63902
p1->2 5.6427712e-07 210.63902 210.63902
(((B:0.0143024,C:0.00884557):0.0287037,D:0.0299383):0.0572558,(A:0.0358422,F:0.0442809):0.0538389):0.0498297 (A:0.0358422,F:0.0442809):0.0538389
(((B:0.0143024,C:0.00884557):0.0287037,D:0.0299383):0.0572558,(A:0.0358422,F:0.0442809):0.0538389):0.0498297 (((B:0.0143024,C:0.00884557):0.0287037,D:0.0299383):0.0572558,(A:0.0358422,F:0.0442809):0.0538389):0.0498297
(((B:0.0143024,C:0.00884557):0.0287037,D:0.0299383):0.0572558,(A:0.0358422,F:0.0442809):0.0538389):0.0498297 A:0.0358422
A:0.0358422 (A:0.0358422,F:0.0442809):0.0538389
A:0.0358422 (((B:0.0143024,C:0.00884557):0.0287037,D:0.0299383):0.0572558,(A:0.0358422,F:0.0442809):0.0538389):0.0498297
A:0.0358422 A:0.0358422
Trying A E
A:0.0358422 E:0.119789
1->2 3.0968394e-07 210.63902 210.63902
2->1 3.0968394e-07 210.63902 210.63902
p1->2 3.0968394e-07 210.63902 210.63902
p2->1 3.6306955e-07 210.63902 210.63902
Trying D E
D:0.0299383 E:0.119789
1->2 3.0968394e-07 210.63902 210.63902
2->1 0.0008357527 210.63902 210.63902
p1->2 0.0008357527 210.63902 210.63902
p2->1 0.099995285 210.63902 210.63902
Trying E E
E:0.119789 E:0.119789
p1->2 0.099995285 210.63902 210.63902
E:0.147886 (G:0.139981,E:0.147886):0.0488234
(G:0.139981,E:0.147886):0.0488234 E:0.147886
(G:0.139981,E:0.147886):0.0488234 (G:0.139981,E:0.147886):0.0488234
ln(likelihood):210.63902 
Targeting migration to vicinity of:
E E
A E
D E
A E

A E
E E
Trying A E
A:0.0358421 E:0.119789
1->2 3.0968394e-07 210.63902 210.63902
2->1 3.0968394e-07 210.63902 210.63902
p1->2 3.0968394e-07 210.63902 210.63902
p2->1 3.6306955e-07 210.63902 210.63902
Trying E E
E:0.119789 E:0.119789
p1->2 0.099995285 210.63902 210.63902
E:0.147886 (G:0.139981,E:0.147886):0.0488234
(G:0.139981,E:0.147886):0.0488234 E:0.147886
(G:0.139981,E:0.147886):0.0488234 (G:0.139981,E:0.147886):0.0488234
ln(likelihood):210.63902 
Targeting migration to vicinity of:
E E
A A
A E
D E

E E
Trying E E
E:0.119789 E:0.119789
p1->2 0.099995285 210.63902 210.63902
ln(likelihood):210.63902 
Targeting migration to vicinity of:
E E
A E
D E
A E

A E
E E
Trying A E
A:0.0358421 E:0.119789
1->2 3.0968394e-07 210.63902 210.63902
2->1 3.0968394e-07 210.63902 210.63902
p1->2 3.0968394e-07 210.63902 210.63902
p2->1 3.6306955e-07 210.63902 210.63902
Trying E E
E:0.119789 E:0.119789
p1->2 0.099995285 210.63902 210.63902
E:0.147886 (G:0.139981,E:0.147886):0.0488234
(G:0.139981,E:0.147886):0.0488234 E:0.147886
(G:0.139981,E:0.147886):0.0488234 (G:0.139981,E:0.147886):0.0488234
ln(likelihood):210.63902 
DONE.
