
TreeMix v. 1.13
$Revision: 231 $

npop:7 nsnp:17937834
Estimating covariance matrix in 4982 blocks of size 3600
SEED: 1607918630
Starting from:
((A:0.0804179,G:0.213871):0.0374148,C:0.0374148);
Adding F [4/7]
ln(likelihood): -4206.0401 
((G:0.215761,(A:0.0367842,F:0.0452245):0.0662807):0.0366902,C:0.0366902);
Adding E [5/7]
ln(likelihood): -1998.8511 
(((A:0.0377113,F:0.0461516):0.0545003,(G:0.141797,E:0.121604):0.0994623):0.0393024,C:0.0393024);
Adding D [6/7]
ln(likelihood): 112.34962 
(C:0.013227,(((A:0.036106,F:0.0445464):0.0534696,(G:0.140297,E:0.120104):0.0980099):0.0514792,D:0.0362035):0.013227);
Adding B [7/7]
ln(likelihood): 202.34235 
((((A:0.0358405,F:0.0442808):0.0533759,(G:0.139985,E:0.119792):0.0981036):0.0511825,D:0.0360169):0.008909,(C:0.00884595,B:0.0143028):0.008909);
Testing global rearrangements
A:0.0358405 ((A:0.0358405,F:0.0442808):0.0533759,(G:0.139985,E:0.119792):0.0981036):0.0511825
-13353.963 202.34235
A:0.0358405 (((A:0.0358405,F:0.0442808):0.0533759,(G:0.139985,E:0.119792):0.0981036):0.0511825,D:0.0360169):0.008909
-38336.982 202.34235
A:0.0358405 C:0.00884595
-57138.261 202.34235
A:0.0358405 (C:0.00884595,B:0.0143028):0.008909
-38336.982 202.34235
A:0.0358405 B:0.0143028
-57138.261 202.34235
G:0.139985 A:0.0358405
-36740.83 202.34235
D:0.0360169 A:0.0358405
-38749.963 202.34235
D:0.0360169 (A:0.0358405,F:0.0442808):0.0533759
-18414.472 202.34235
D:0.0360169 F:0.0442808
-38749.963 202.34235
C:0.00884595 D:0.0360169
-1630.2603 202.34235
DONE.
