
TreeMix v. 1.13
$Revision: 231 $

npop:7 nsnp:17937834
Estimating covariance matrix in 22422 blocks of size 800
SEED: 1607918072
Starting from:
(F:0.0913908,(C:0.0044152,B:0.00987201):0.0913908);
Adding D [4/7]
ln(likelihood): -39995.516 
(F:0.0835469,((C:0.0126856,B:0.0181425):0.0182188,D:0.0401246):0.0835469);
Adding E [5/7]
ln(likelihood): -43138.002 
(F:0.0481764,(((C:0.0100163,B:0.0154732):0.0178168,D:0.0371855):0.0616586,E:0.194546):0.0481764);
Adding G [6/7]
ln(likelihood): -350.13076 
(F:0.0489671,(((C:0.00934988,B:0.0148067):0.0179126,D:0.0364871):0.0512687,(E:0.120323,G:0.140515):0.0981234):0.0489671);
Adding A [7/7]
ln(likelihood): 213.62226 
((F:0.0442809,(((C:0.00884557,B:0.0143024):0.0178168,D:0.0360147):0.0511793,(E:0.119789,G:0.139981):0.0981153):0.0533704):0.0179211,A:0.0179211);
Testing global rearrangements
F:0.0442809 C:0.00884557
-247044.18 213.62226
F:0.0442809 (C:0.00884557,B:0.0143024):0.0178168
-167303.76 213.62226
F:0.0442809 B:0.0143024
-247044.18 213.62226
F:0.0442809 A:0.0179211
213.62226 213.62226
C:0.00884557 F:0.0442809
-246210.35 213.62226
C:0.00884557 ((C:0.00884557,B:0.0143024):0.0178168,D:0.0360147):0.0511793
-7651.1708 213.62226
C:0.00884557 (((C:0.00884557,B:0.0143024):0.0178168,D:0.0360147):0.0511793,(E:0.119789,G:0.139981):0.0981153):0.0533704
-144933.28 213.62226
C:0.00884557 A:0.0179211
-246210.35 213.62226
D:0.0360147 C:0.00884557
-7651.1708 213.62226
D:0.0360147 E:0.119789
-212937.96 213.62226
D:0.0360147 (E:0.119789,G:0.139981):0.0981153
-81215.28 213.62226
D:0.0360147 G:0.139981
-212937.96 213.62226
E:0.119789 F:0.0442809
-160619.73 213.62226
E:0.119789 A:0.0179211
-160619.73 213.62226
A:0.0179211 F:0.0442809
213.62226 213.62226
A:0.0179211 C:0.00884557
-247714.88 213.62226
A:0.0179211 (C:0.00884557,B:0.0143024):0.0178168
-167560.92 213.62226
A:0.0179211 B:0.0143024
-247714.88 213.62226
A:0.0179211 ((C:0.00884557,B:0.0143024):0.0178168,D:0.0360147):0.0511793
-58471.288 213.62226
A:0.0179211 D:0.0360147
-167560.92 213.62226
Targeting migration to vicinity of:
D E
D G
F B
C A

C F
C A
B F
B A
D E
D G
D E
D G
F C
F B
A C
A B
Trying A B
A:0.0179211 B:0.0143024
1->2 0.0024304674 215.09586 213.62226
2->1 0.0018625207 214.02265 215.09586
p2->1 0.001643893 213.87516 215.09586
A:0.0180553 (C:0.00884528,B:0.0143021):0.0178247
1->2 0.013056064 225.55615 215.09586
p2->1 0.044005293 213.62226 225.55615
Trying A C
A:0.0208938 C:0.00884557
1->2 0.0024304674 215.10815 225.55615
2->1 0.0018068991 213.9684 225.55615
A:0.0180703 (B:0.0142989,C:0.00884847):0.0178275
Trying B A
B:0.0142989 A:0.0180703
(B:0.0142989,C:0.00884847):0.0178275 A:0.0180703
Trying B F
B:0.0142989 F:0.0441126
1->2 0.0018173923 214.00138 225.55615
2->1 0.0023939221 215.08943 225.55615
p1->2 0.0016040532 213.86148 225.55615
p2->1 0.0024304674 215.09586 225.55615
(C:0.00863281,B:0.014585):0.0179663 F:0.0442633
2->1 0.013056064 225.55615 225.55615
p1->2 0.00086459692 213.62226 225.55615
p2->1 0.013056064 225.55615 225.55615
Trying C A
C:0.00884557 A:0.0179211
(C:0.00884557,B:0.0143024):0.0193334 A:0.0179211
Trying C F
C:0.00884557 F:0.0442809
1->2 0.001763116 213.94978 225.55615
2->1 0.0024164431 215.10135 225.55615
p2->1 0.0024304674 215.10815 225.55615
(B:0.0140896,C:0.00910157):0.0179663 F:0.0442633
Trying D E
D:0.0359091 E:0.119789
1->2 0.002680829 214.39039 225.55615
2->1 0.0071536894 225.55614 225.55615
p1->2 4.0751289e-05 213.62226 225.55615
p2->1 0.010928518 225.55615 225.55615
D:0.037742 (G:0.139981,E:0.119789):0.0983496
1->2 0.056945603 225.55615 225.55615
p2->1 4.0751289e-05 213.62222 225.55615
Trying D G
D:0.0360198 (G:0.139981,E:0.119789):0.0981153
D:0.0360198 G:0.139981
1->2 0.0029740555 214.58949 225.55615
2->1 0.0071536894 225.55614 225.55615
p1->2 0.010928518 213.62226 225.55615
Trying F B
F:0.0442809 B:0.0143024
F:0.0442809 (B:0.0143024,C:0.00884557):0.0178168
Trying F C
F:0.0442809 C:0.00884557
F:0.0442809 (B:0.0143024,C:0.00884557):0.0178168
Migration added
Local updates around node 1: 0 ln(lk):225.55615 
Local updates around node 2: 0 ln(lk):225.55615 
Updates in migration position: 0 ln(lk):225.55615 
Switches in migration direction: 0 ln(lk):225.55615 
ln(likelihood):225.55615 
Targeting migration to vicinity of:
F D
C A
B A
G A

D F
D F
F D
Trying D F
D:0.037917 F:0.0442809
1->2 3.0968394e-07 225.55615 225.55615
2->1 0.0008357527 225.55615 225.55615
p1->2 0.0008357527 225.55615 225.55615
p2->1 0.0008357527 225.55615 225.55615
Trying F D
F:0.0442809 D:0.038071
Migration added
Local updates around node 1: 0 ln(lk):225.55615 
Local updates around node 2: 0 ln(lk):225.55615 
Updates in migration position: 0 ln(lk):225.55615 
Switches in migration direction: 0 ln(lk):225.55615 
ln(likelihood):225.55615 
DONE.
