
TreeMix v. 1.13
$Revision: 231 $

npop:7 nsnp:17937834
Estimating covariance matrix in 89689 blocks of size 200
SEED: 1607918352
Starting from:
((F:0.0162139,A:0.00777534):0.147222,E:0.147222);
Adding D [4/7]
ln(likelihood): -96676.46 
(((F:0.0449282,A:0.0364896):0.0639013,E:0.19404):0.0429569,D:0.0429569);
Adding B [5/7]
ln(likelihood): -102426.39 
(((F:0.0477015,A:0.039263):0.0611047,E:0.200606):0.0237524,(D:0.0442508,B:0.0358131):0.0237524);
Adding G [6/7]
ln(likelihood): 14.925782 
(B:0.0160435,(D:0.0361197,((F:0.0444049,A:0.0359663):0.0534635,(E:0.11996,G:0.140152):0.0980226):0.0513023):0.0160435);
Adding C [7/7]
ln(likelihood): 199.40789 
((((F:0.0442807,A:0.0358422):0.0533698,(E:0.119789,G:0.139981):0.0981163):0.051179,(B:0.0143024,C:0.00884555):0.0178167):0.0180073,D:0.0180073);
Testing global rearrangements
F:0.0442807 E:0.119789
-605491.56 199.40789
F:0.0442807 B:0.0143024
-877019.77 199.40789
F:0.0442807 (B:0.0143024,C:0.00884555):0.0178167
-605438.56 199.40789
F:0.0442807 C:0.00884555
-877019.77 199.40789
(F:0.0442807,A:0.0358422):0.0533698 G:0.139981
-365146.52 199.40789
A:0.0358422 ((F:0.0442807,A:0.0358422):0.0533698,(E:0.119789,G:0.139981):0.0981163):0.051179
-207186.37 199.40789
A:0.0358422 B:0.0143024
-879412.16 199.40789
A:0.0358422 (B:0.0143024,C:0.00884555):0.0178167
-606351.62 199.40789
A:0.0358422 C:0.00884555
-879412.16 199.40789
A:0.0358422 D:0.0180073
-606351.62 199.40789
E:0.119789 F:0.0442807
-578413.61 199.40789
E:0.119789 (F:0.0442807,A:0.0358422):0.0533698
-365146.52 199.40789
E:0.119789 A:0.0358422
-578413.61 199.40789
E:0.119789 B:0.0143024
-1044226.5 199.40789
E:0.119789 (B:0.0143024,C:0.00884555):0.0178167
-743592.7 199.40789
E:0.119789 C:0.00884555
-1044226.5 199.40789
(E:0.119789,G:0.139981):0.0981163 A:0.0358422
-207186.37 199.40789
G:0.139981 ((F:0.0442807,A:0.0358422):0.0533698,(E:0.119789,G:0.139981):0.0981163):0.051179
-365146.52 199.40789
G:0.139981 B:0.0143024
-1048566.5 199.40789
G:0.139981 (B:0.0143024,C:0.00884555):0.0178167
-743592.7 199.40789
G:0.139981 C:0.00884555
-1048566.5 199.40789
G:0.139981 D:0.0180073
-743592.7 199.40789
B:0.0143024 F:0.0442807
-868234.29 199.40789
B:0.0143024 (F:0.0442807,A:0.0358422):0.0533698
-511764.27 199.40789
B:0.0143024 A:0.0358422
-868234.29 199.40789
B:0.0143024 D:0.0180073
-27263.372 199.40789
D:0.0180073 F:0.0442807
-614581.24 199.40789
D:0.0180073 (F:0.0442807,A:0.0358422):0.0533698
-298984.14 199.40789
D:0.0180073 A:0.0358422
-614581.24 199.40789
D:0.0180073 ((F:0.0442807,A:0.0358422):0.0533698,(E:0.119789,G:0.139981):0.0981163):0.051179
199.40789 199.40789
D:0.0180073 E:0.119789
-786196.37 199.40789
D:0.0180073 (E:0.119789,G:0.139981):0.0981163
-298984.14 199.40789
D:0.0180073 G:0.139981
-786196.37 199.40789
Targeting migration to vicinity of:
D G
E D
F B
A C

A B
A C
F B
F C
D E
D G
E D
G D
A B
A C
F B
F C
Trying A B
(F:0.0442807,A:0.0358422):0.0533698 B:0.0143024
1->2 0.0029189074 204.25541 199.40789
2->1 0.038631834 243.19914 204.25541
p1->2 0.051769409 199.40789 243.19914
p2->1 0.099995285 243.1992 243.19914
(F:0.0442807,A:0.0358422):0.072741 (C:0.00884555,B:0.0143024):0.0181681
1->2 0.099995285 243.1992 243.1992
p2->1 4.0751289e-05 199.40785 243.1992
A:0.0358422 B:0.0143024
1->2 0.0024164431 204.78682 243.1992
2->1 0.0018625207 200.88608 243.1992
p2->1 0.0016593698 200.3422 243.1992
A:0.0361133 (C:0.00884526,B:0.0143021):0.0178247
1->2 0.013056064 243.1992 243.1992
p2->1 6.2353583e-06 199.40786 243.1992
Trying A C
(F:0.0442802,A:0.0358432):0.0533703 C:0.00884555
1->2 0.0029463528 204.32122 243.1992
2->1 0.038631834 243.19914 243.1992
p1->2 4.0751289e-05 199.40789 243.1992
(F:0.0442807,A:0.0358422):0.0533698 (B:0.0143016,C:0.008847):0.0178174
A:0.0358422 C:0.008847
1->2 0.0024304674 204.84188 243.1992
2->1 0.0018173923 200.6868 243.1992
A:0.0361423 (B:0.0142989,C:0.00884847):0.0178274
Trying D E
D:0.0180023 (E:0.119789,G:0.139981):0.0980563
1->2 0.099995285 243.1992 243.1992
2->1 0.099995285 243.1992 243.1992
p2->1 0.00020016053 199.40789 243.1992
D:0.0180146 E:0.119789
1->2 0.0027120281 202.28372 243.1992
2->1 0.0071536894 243.19915 243.1992
Trying D G
D:0.0186306 G:0.139981
1->2 0.0029913064 202.95862 243.1992
2->1 0.0071536894 243.19915 243.1992
D:0.0186306 (E:0.119789,G:0.139981):0.0983508
Trying E D
(E:0.119789,G:0.139981):0.0983508 D:0.0186306
E:0.119789 D:0.0186306
Trying F B
(F:0.0442807,A:0.0358422):0.0531352 B:0.0143024
(F:0.0442807,A:0.0358422):0.0531352 (B:0.0143024,C:0.00884555):0.0170936
F:0.0442807 B:0.0143024
1->2 0.0023716104 204.76432 243.1992
2->1 0.0018239077 200.81199 243.1992
p2->1 0.0016191556 200.29493 243.1992
F:0.0445726 (C:0.00884555,B:0.0143024):0.017824
1->2 0.013056064 243.1992 243.1992
p2->1 6.2353583e-06 199.40786 243.1992
Trying F C
(A:0.0358417,F:0.0442818):0.0533703 C:0.00884555
(A:0.0358417,F:0.0442818):0.0533703 (C:0.00884555,B:0.0143024):0.0178167
F:0.0442818 C:0.00884555
1->2 0.0023939221 204.81777 243.1992
2->1 0.0017694372 200.62199 243.1992
F:0.0446029 (B:0.0142989,C:0.00884839):0.0178272
Trying G D
G:0.139981 D:0.0180025
(E:0.119789,G:0.139981):0.0980578 D:0.0180025
Migration added
Local updates around node 1: 0 ln(lk):243.1992 
Local updates around node 2: 0 ln(lk):243.1992 
Updates in migration position: 0 ln(lk):243.1992 
Switches in migration direction: 0 ln(lk):243.1992 
ln(likelihood):243.1992 
Targeting migration to vicinity of:
B G
D G
F B
D C

B G
C G
D C
D G
A C
F B
Trying A C
A:0.0358422 C:0.00884555
1->2 3.0968394e-07 243.1992 243.1992
2->1 3.0968394e-07 243.1992 243.1992
p1->2 3.3026194e-07 243.1992 243.1992
p2->1 3.0968394e-07 243.1992 243.1992
Trying B G
B:0.0143024 G:0.139981
1->2 3.0968394e-07 243.1992 243.1992
2->1 3.0968394e-07 243.1992 243.1992
p1->2 3.0968394e-07 243.1992 243.1992
p2->1 3.3026194e-07 243.1992 243.1992
(C:0.00884553,B:0.0143024):0.0181681 G:0.139981
2->1 0.0008357527 243.1992 243.1992
p1->2 3.8719494e-07 243.1992 243.1992
p2->1 0.099995285 243.1992 243.1992
Trying C G
C:0.00884555 G:0.139981
1->2 3.0968394e-07 243.1992 243.1992
2->1 3.0968394e-07 243.1992 243.1992
p2->1 3.3026194e-07 243.1992 243.1992
(B:0.0143023,C:0.00884558):0.0181681 G:0.139981
Trying D C
D:0.0178316 C:0.00884558
1->2 3.6306955e-07 243.1992 243.1992
2->1 0.099995285 243.1992 243.1992
p2->1 0.099995285 243.1992 243.1992
Trying D G
D:0.022448 G:0.139981
1->2 3.6306955e-07 243.1992 243.1992
2->1 0.0008357527 243.1992 243.1992
p2->1 0.099995285 243.1992 243.1992
Trying F B
F:0.0442807 B:0.0143024
1->2 3.0968394e-07 243.1992 243.1992
2->1 3.0968394e-07 243.1992 243.1992
p1->2 3.3026194e-07 243.1992 243.1992
p2->1 3.0968394e-07 243.1992 243.1992
ln(likelihood):243.1992 
Targeting migration to vicinity of:
B G
D G
F B
F E

B G
C G
D G
A C
F B
F E
Trying A C
A:0.0358422 C:0.00884555
1->2 3.0968394e-07 243.1992 243.1992
2->1 3.0968394e-07 243.1992 243.1992
p1->2 3.3026194e-07 243.1992 243.1992
p2->1 3.0968394e-07 243.1992 243.1992
Trying B G
B:0.0143024 G:0.139981
1->2 3.0968394e-07 243.1992 243.1992
2->1 3.0968394e-07 243.1992 243.1992
p1->2 3.0968394e-07 243.1992 243.1992
p2->1 3.3026194e-07 243.1992 243.1992
(C:0.00884553,B:0.0143024):0.0181681 G:0.139981
2->1 0.0008357527 243.1992 243.1992
p1->2 3.8719494e-07 243.1992 243.1992
p2->1 0.099995285 243.1992 243.1992
Trying C G
C:0.00884555 G:0.139981
1->2 3.0968394e-07 243.1992 243.1992
2->1 3.0968394e-07 243.1992 243.1992
p2->1 3.3026194e-07 243.1992 243.1992
(B:0.0143023,C:0.00884558):0.0181681 G:0.139981
Trying D G
D:0.0178316 G:0.139981
1->2 3.6306955e-07 243.1992 243.1992
2->1 0.0008357527 243.1992 243.1992
p2->1 0.099995285 243.1992 243.1992
Trying F B
F:0.0442807 B:0.0143024
1->2 3.0968394e-07 243.1992 243.1992
2->1 3.0968394e-07 243.1992 243.1992
p1->2 3.3026194e-07 243.1992 243.1992
p2->1 3.0968394e-07 243.1992 243.1992
Trying F E
F:0.0442808 E:0.119789
1->2 3.3026194e-07 243.1992 243.1992
2->1 3.3026194e-07 243.1992 243.1992
p1->2 0.010928518 243.1992 243.1992
p2->1 3.9084634e-07 243.1992 243.1992
ln(likelihood):243.1992 
Targeting migration to vicinity of:
B G
D G
F B
D C

B G
C G
D C
D G
A C
F B
Trying A C
A:0.0358422 C:0.00884555
1->2 3.0968394e-07 243.1992 243.1992
2->1 3.0968394e-07 243.1992 243.1992
p1->2 3.3026194e-07 243.1992 243.1992
p2->1 3.0968394e-07 243.1992 243.1992
Trying B G
B:0.0143024 G:0.139981
1->2 3.0968394e-07 243.1992 243.1992
2->1 3.0968394e-07 243.1992 243.1992
p1->2 3.0968394e-07 243.1992 243.1992
p2->1 3.3026194e-07 243.1992 243.1992
(C:0.00884553,B:0.0143024):0.0181681 G:0.139981
2->1 0.0008357527 243.1992 243.1992
p1->2 3.8719494e-07 243.1992 243.1992
p2->1 0.099995285 243.1992 243.1992
Trying C G
C:0.00884555 G:0.139981
1->2 3.0968394e-07 243.1992 243.1992
2->1 3.0968394e-07 243.1992 243.1992
p2->1 3.3026194e-07 243.1992 243.1992
(B:0.0143023,C:0.00884558):0.0181681 G:0.139981
Trying D C
D:0.0178316 C:0.00884558
1->2 3.6306955e-07 243.1992 243.1992
2->1 0.099995285 243.1992 243.1992
p2->1 0.099995285 243.1992 243.1992
Trying D G
D:0.022448 G:0.139981
1->2 3.6306955e-07 243.1992 243.1992
2->1 0.0008357527 243.1992 243.1992
p2->1 0.099995285 243.1992 243.1992
Trying F B
F:0.0442807 B:0.0143024
1->2 3.0968394e-07 243.1992 243.1992
2->1 3.0968394e-07 243.1992 243.1992
p1->2 3.3026194e-07 243.1992 243.1992
p2->1 3.0968394e-07 243.1992 243.1992
ln(likelihood):243.1992 
DONE.
