
TreeMix v. 1.13
$Revision: 231 $

npop:7 nsnp:17937834
Estimating covariance matrix in 17937 blocks of size 1000
SEED: 1607918493
Starting from:
(A:0.0870307,(B:0.0122207,C:0.0067638):0.0870307);
Adding F [4/7]
ln(likelihood): -37600.668 
((B:0.0153572,C:0.00990033):0.0657156,(A:0.0451159,F:0.0535553):0.0657156);
Adding D [5/7]
ln(likelihood): -73450.046 
((A:0.0417868,F:0.0502262):0.0549605,((B:0.0207631,C:0.0153062):0.0182585,D:0.0428721):0.0549605);
Adding E [6/7]
ln(likelihood): -4286.9013 
(((A:0.0369775,F:0.0454169):0.0533639,((B:0.0154678,C:0.010011):0.0177215,D:0.0372125):0.0510928):0.110473,E:0.110473);
Adding G [7/7]
ln(likelihood): 212.95774 
((A:0.0358415,((E:0.11979,G:0.139982):0.098112,((B:0.0143026,C:0.00884569):0.0178173,D:0.0360153):0.0511802):0.0533719):0.0221404,F:0.0221404);
Testing global rearrangements
A:0.0358415 B:0.0143026
-200037.57 212.95774
A:0.0358415 (B:0.0143026,C:0.00884569):0.0178173
-135078.21 212.95774
A:0.0358415 C:0.00884569
-200037.57 212.95774
A:0.0358415 F:0.0221404
212.95774 212.95774
E:0.11979 D:0.0360153
-162277.98 212.95774
E:0.11979 F:0.0221404
-129491.63 212.95774
B:0.0143026 A:0.0358415
-198774.75 212.95774
B:0.0143026 ((E:0.11979,G:0.139982):0.098112,((B:0.0143026,C:0.00884569):0.0178173,D:0.0360153):0.0511802):0.0533719
-117100.95 212.95774
B:0.0143026 ((B:0.0143026,C:0.00884569):0.0178173,D:0.0360153):0.0511802
-6150.1803 212.95774
B:0.0143026 F:0.0221404
-198774.75 212.95774
D:0.0360153 E:0.11979
-171417.6 212.95774
D:0.0360153 (E:0.11979,G:0.139982):0.098112
-65373.765 212.95774
D:0.0360153 G:0.139982
-171417.6 212.95774
D:0.0360153 B:0.0143026
-6150.1803 212.95774
F:0.0221404 A:0.0358415
212.95774 212.95774
F:0.0221404 E:0.11979
-136103.14 212.95774
F:0.0221404 D:0.0360153
-134869.4 212.95774
Targeting migration to vicinity of:
D E
D G
A C
A B

A B
A C
F B
F C
A B
A C
F B
F C
D E
D G
D E
D G
Trying A B
A:0.0358415 (B:0.0143026,C:0.00884569):0.0178173
1->2 0.013056064 222.57012 212.95774
2->1 0.001643893 213.16138 222.57012
p1->2 0.013056064 222.57012 222.57012
p2->1 2.0775902e-05 212.95774 222.57012
A:0.0358441 B:0.0143026
1->2 0.0024304674 214.14497 222.57012
2->1 0.0018625207 213.28015 222.57012
p1->2 0.0023939221 214.13974 222.57012
Trying A C
A:0.0358224 C:0.00863443
1->2 0.0024304674 214.15476 222.57012
2->1 0.0018068991 213.23645 222.57012
p1->2 0.0024164431 214.14923 222.57012
A:0.0358226 (B:0.0140897,C:0.00910156):0.0179668
Trying D E
D:0.0359095 E:0.11979
1->2 0.0026712604 213.57554 222.57012
2->1 0.0071536894 222.57011 222.57012
p1->2 4.0751289e-05 212.95774 222.57012
p2->1 0.010928518 222.57012 222.57012
D:0.0377426 (G:0.139982,E:0.11979):0.0983463
1->2 0.056945603 222.57012 222.57012
p2->1 4.0751289e-05 212.95771 222.57012
Trying D G
D:0.0360203 (G:0.139982,E:0.11979):0.098112
D:0.0360203 G:0.139982
1->2 0.0029740555 213.73676 222.57012
2->1 0.0071536894 222.57011 222.57012
p1->2 0.39919356 212.95774 222.57012
Trying F B
F:0.0221404 (B:0.0143026,C:0.00884569):0.0178173
1->2 0.013056064 222.57012 222.57012
2->1 0.0016040532 213.15028 222.57012
p2->1 0.0026463708 212.95774 222.57012
F:0.0223291 B:0.0143026
1->2 0.0023939221 214.13974 222.57012
2->1 0.0018068991 213.2629 222.57012
Trying F C
F:0.0223059 C:0.00884023
1->2 0.0024164431 214.14923 222.57012
2->1 0.0017529356 213.22135 222.57012
F:0.0223 (B:0.0142992,C:0.0088485):0.0178277
Migration added
Local updates around node 1: 0 ln(lk):222.57012 
Local updates around node 2: 0 ln(lk):222.57012 
Updates in migration position: 0 ln(lk):222.57012 
Switches in migration direction: 0 ln(lk):222.57012 
ln(likelihood):222.57012 
Targeting migration to vicinity of:
A D
F E
C F
F G

A D
D A
Trying A D
A:0.0358415 D:0.0379176
1->2 0.0008357527 222.57012 222.57012
2->1 3.0968394e-07 222.57012 222.57012
p1->2 0.0008357527 222.57012 222.57012
p2->1 0.0008357527 222.57012 222.57012
Trying D A
D:0.0379176 A:0.0359459
Migration added
Local updates around node 1: 0 ln(lk):222.57012 
Local updates around node 2: 0 ln(lk):222.57012 
Updates in migration position: 0 ln(lk):222.57012 
Switches in migration direction: 0 ln(lk):222.57012 
ln(likelihood):222.57012 
Targeting migration to vicinity of:
A D
F E
C F
F G

A D
D A
Trying A D
A:0.0358415 D:0.0380701
1->2 0.0008357527 222.57012 222.57012
2->1 3.0968394e-07 222.57012 222.57012
p2->1 4.0056972e-07 222.57012 222.57012
Trying D A
D:0.0380701 A:0.0358415
Migration added
Local updates around node 1: 0 ln(lk):222.57012 
Local updates around node 2: 0 ln(lk):222.57012 
Updates in migration position: 0 ln(lk):222.57012 
Switches in migration direction: 0 ln(lk):222.57012 
ln(likelihood):222.57012 
Targeting migration to vicinity of:
A C
A F
F E
D E

A C
A F
F A
D E
F E
Trying A C
A:0.0358414 C:0.00884569
1->2 3.8719494e-07 222.57012 222.57012
2->1 3.0968394e-07 222.57012 222.57012
p1->2 3.8719494e-07 222.57012 222.57012
p2->1 3.0968394e-07 222.57012 222.57012
Trying A F
A:0.0358415 F:0.0221358
1->2 0.099995285 222.57012 222.57012
2->1 0.099995285 222.57012 222.57012
p1->2 0.099995285 222.57012 222.57012
Trying D E
D:0.0382544 E:0.11979
1->2 3.3026194e-07 222.57012 222.57012
2->1 0.0008357527 222.57012 222.57012
p1->2 8.3010218e-07 222.57012 222.57012
Trying F A
F:0.0221404 A:0.0358415
Trying F E
F:0.0221404 E:0.11979
1->2 3.6306955e-07 222.57012 222.57012
2->1 3.0968394e-07 222.57012 222.57012
p2->1 3.0968394e-07 222.57012 222.57012
ln(likelihood):222.57012 
Targeting migration to vicinity of:
A C
D E
A F
F E

A C
D E
Trying A C
A:0.0358415 (B:0.0143026,C:0.00884569):0.0166475
1->2 0.00026379287 222.57012 222.57012
2->1 3.0968394e-07 222.57012 222.57012
p1->2 0.0008357527 222.57012 222.57012
p2->1 0.099995285 222.57012 222.57012
A:0.0508081 C:0.00884569
1->2 3.8719494e-07 222.57012 222.57012
2->1 3.0968394e-07 222.57012 222.57012
p1->2 3.8719494e-07 222.57012 222.57012
Trying D E
D:0.0382532 E:0.11979
1->2 3.3026194e-07 222.57012 222.57012
2->1 0.0008357527 222.57012 222.57012
p1->2 8.3010218e-07 222.57012 222.57012
ln(likelihood):222.57012 
DONE.
