
TreeMix v. 1.13
$Revision: 231 $

npop:7 nsnp:17937834
Estimating covariance matrix in 4484 blocks of size 4000
SEED: 1607918352
Starting from:
((F:0.016216,A:0.00777623):0.147222,E:0.147222);
Adding D [4/7]
ln(likelihood): -5787.2408 
(((F:0.0449281,A:0.0364884):0.0639046,E:0.194036):0.042959,D:0.042959);
Adding B [5/7]
ln(likelihood): -5728.0703 
(((F:0.0477013,A:0.0392616):0.0611086,E:0.200601):0.0237537,(D:0.0442516,B:0.0358135):0.0237537);
Adding G [6/7]
ln(likelihood): 142.0066 
(B:0.016044,(D:0.0361211,((F:0.0444048,A:0.0359651):0.0534679,(E:0.119962,G:0.140155):0.0980136):0.0513046):0.016044);
Adding C [7/7]
ln(likelihood): 201.1307 
((D:0.036016,((F:0.0442807,A:0.035841):0.0533742,(E:0.119791,G:0.139984):0.0981073):0.0511813):0.00890882,(B:0.0143026,C:0.00884588):0.00890882);
Testing global rearrangements
D:0.036016 E:0.119791
-43519.988 201.1307
D:0.036016 (E:0.119791,G:0.139984):0.0981073
-16528.755 201.1307
D:0.036016 G:0.139984
-43519.988 201.1307
F:0.0442807 E:0.119791
-34752.181 201.1307
F:0.0442807 (E:0.119791,G:0.139984):0.0981073
-11992.841 201.1307
F:0.0442807 G:0.139984
-34752.181 201.1307
(F:0.0442807,A:0.035841):0.0533742 B:0.0143026
-31835.939 201.1307
(F:0.0442807,A:0.035841):0.0533742 (B:0.0143026,C:0.00884588):0.00890882
-16528.755 201.1307
(F:0.0442807,A:0.035841):0.0533742 C:0.00884588
-31835.939 201.1307
A:0.035841 E:0.119791
-34708.369 201.1307
A:0.035841 (E:0.119791,G:0.139984):0.0981073
-11992.841 201.1307
A:0.035841 G:0.139984
-34708.369 201.1307
B:0.0143026 F:0.0442807
-51081.871 201.1307
B:0.0143026 (F:0.0442807,A:0.035841):0.0533742
-30038.6 201.1307
B:0.0143026 A:0.035841
-51081.871 201.1307
Targeting migration to vicinity of:
E D
D G
F B
A B

A B
A C
F B
F C
D E
D G
E D
G D
A B
A C
F B
F C
Trying A B
(F:0.0442807,A:0.035841):0.0533742 B:0.0143026
1->2 0.0029463528 201.40435 201.1307
2->1 0.038631834 203.5827 201.40435
p1->2 0.091048792 201.1307 203.5827
p2->1 0.099995285 203.58271 203.5827
(F:0.0442807,A:0.035841):0.0727468 (C:0.00884588,B:0.0143026):0.0146546
1->2 0.099995285 203.58271 203.58271
p1->2 0.099995285 201.1307 203.58271
A:0.035841 B:0.0143026
1->2 0.0024304674 201.43381 203.58271
2->1 0.0018625207 201.21282 203.58271
p2->1 0.001643893 201.18256 203.58271
A:0.0361095 (C:0.00884558,B:0.0143023):0.00891279
1->2 0.013056064 203.58271 203.58271
Trying A C
(F:0.0442807,A:0.035841):0.0538429 (C:0.00884588,B:0.0143026):0.00966717
(F:0.0442807,A:0.035841):0.0538429 C:0.00884588
1->2 0.0029634435 201.40742 203.58271
2->1 0.038631834 203.5827 203.58271
p1->2 0.0009253035 201.1307 203.58271
A:0.035841 (B:0.0142861,C:0.00887879):0.00891707
A:0.035841 C:0.00887879
1->2 0.0024445727 201.43615 203.58271
2->1 0.0018068991 201.20167 203.58271
Trying D E
D:0.0360061 E:0.119791
1->2 0.0026558505 201.28763 203.58271
2->1 0.0071536894 203.5827 203.58271
p1->2 4.0751289e-05 201.13072 203.58271
p2->1 0.099995285 203.58271 203.58271
D:0.0511726 (G:0.139984,E:0.119791):0.0983416
1->2 0.099995285 203.58271 203.58271
p1->2 4.0751289e-05 201.1307 203.58271
Trying D G
D:0.036016 (G:0.139984,E:0.119791):0.0981174
D:0.036016 G:0.139984
1->2 0.0029634435 201.32942 203.58271
2->1 0.0071536894 203.5827 203.58271
p1->2 6.2255936e-07 201.1307 203.58271
Trying E D
E:0.119791 D:0.036016
(E:0.119791,G:0.139984):0.0981074 D:0.036016
Trying F B
F:0.0442807 B:0.0143026
1->2 0.0023939221 201.43246 203.58271
2->1 0.0018068991 201.20837 203.58271
p2->1 0.0015947899 201.17969 203.58271
F:0.0445682 (C:0.00884588,B:0.0143026):0.0089124
1->2 0.013056064 203.58271 203.58271
(A:0.035841,F:0.0442807):0.0538429 B:0.0143026
(A:0.035841,F:0.0442807):0.0538429 (C:0.00884588,B:0.0143026):0.00966717
Trying F C
F:0.0442807 (C:0.00884588,B:0.0143026):0.00966717
F:0.0442807 C:0.00884588
1->2 0.0024164431 201.43472 203.58271
2->1 0.0017529356 201.19778 203.58271
(A:0.0356777,F:0.0445999):0.053526 (B:0.0142992,C:0.00884868):0.00891401
(A:0.0356777,F:0.0445999):0.053526 C:0.00884868
Trying G D
(E:0.119791,G:0.139984):0.0980494 D:0.0360064
G:0.139984 D:0.0360064
Migration added
Local updates around node 1: 0 ln(lk):203.58271 
Local updates around node 2: 0 ln(lk):203.58271 
Updates in migration position: 0 ln(lk):203.58271 
Switches in migration direction: 0 ln(lk):203.58271 
ln(likelihood):203.58271 
Targeting migration to vicinity of:
B B
B B
B B
B B

ln(likelihood):203.58271 
Targeting migration to vicinity of:
B B
B B
B B
B B

ln(likelihood):203.58271 
Targeting migration to vicinity of:
B B
B B
B B
B B

ln(likelihood):203.58271 
DONE.
