
TreeMix v. 1.13
$Revision: 231 $

npop:7 nsnp:17937834
Estimating covariance matrix in 14948 blocks of size 1200
SEED: 1607918213
Starting from:
((D:0.0307213,C:0.015107):0.0782676,A:0.0782676);
Adding E [4/7]
ln(likelihood): -16726.298 
((D:0.052448,C:0.0378166):0.0256808,(A:0.0822805,E:0.197654):0.0256808);
Adding G [5/7]
ln(likelihood): -5157.3213 
((D:0.0403293,C:0.0266105):0.0245043,(A:0.0797296,(E:0.121396,G:0.141588):0.102504):0.0245043);
Adding B [6/7]
ln(likelihood): -547.72173 
(A:0.0446743,((E:0.120553,G:0.140745):0.0981297,(D:0.036711,(C:0.00957375,B:0.0150306):0.0179126):0.0513626):0.0446743);
Adding F [7/7]
ln(likelihood): 212.06494 
((A:0.0358421,F:0.0442809):0.0266852,((E:0.119789,G:0.139981):0.0981153,(D:0.0360147,(C:0.00884557,B:0.0143024):0.0178168):0.0511793):0.0266852);
Testing global rearrangements
A:0.0358421 E:0.119789
-113888.08 212.06494
A:0.0358421 C:0.00884557
-167762.62 212.06494
A:0.0358421 (C:0.00884557,B:0.0143024):0.0178168
-113147.57 212.06494
A:0.0358421 B:0.0143024
-167762.62 212.06494
(A:0.0358421,F:0.0442809):0.0266852 E:0.119789
-66877.859 212.06494
F:0.0442809 D:0.0360147
-112972.49 212.06494
F:0.0442809 (D:0.0360147,(C:0.00884557,B:0.0143024):0.0178168):0.0511793
-39544.509 212.06494
F:0.0442809 C:0.00884557
-167306.52 212.06494
F:0.0442809 (C:0.00884557,B:0.0143024):0.0178168
-112972.49 212.06494
F:0.0442809 B:0.0143024
-167306.52 212.06494
E:0.119789 A:0.0358421
-108462.2 212.06494
E:0.119789 (A:0.0358421,F:0.0442809):0.0266852
-66877.859 212.06494
E:0.119789 F:0.0442809
-108462.2 212.06494
D:0.0360147 A:0.0358421
-114398.5 212.06494
D:0.0360147 (A:0.0358421,F:0.0442809):0.0266852
-54682.689 212.06494
D:0.0360147 F:0.0442809
-114398.5 212.06494
D:0.0360147 C:0.00884557
-5131.0539 212.06494
Targeting migration to vicinity of:
D E
D G
C F
A B

A C
A B
F C
F B
C A
C F
B A
B F
D E
D G
D E
D G
Trying A B
A:0.0358421 B:0.0143024
1->2 0.0024304674 213.05879 212.06494
2->1 0.0018625207 212.3347 213.05879
p1->2 0.0029463528 212.96197 213.05879
p2->1 0.001643893 212.23531 213.05879
A:0.0361106 (C:0.00884528,B:0.0143021):0.0178247
1->2 0.013056064 220.11026 213.05879
p1->2 0.099995285 220.11026 220.11026
p2->1 0.0054371092 212.06494 220.11026
(F:0.0439892,A:0.0365284):0.0268311 B:0.0143024
2->1 0.038631834 220.11025 220.11026
p2->1 0.099995285 220.11026 220.11026
(F:0.0442809,A:0.0358421):0.0363709 (C:0.00884557,B:0.0143024):0.0181682
p2->1 1.8722038e-05 212.06494 220.11026
Trying A C
A:0.0358421 (C:0.00884557,B:0.0143024):0.0178168
A:0.0358421 C:0.00884557
1->2 0.0024445727 213.06683 220.11026
2->1 0.0018068991 212.29812 220.11026
p1->2 0.0029634435 212.97237 220.11026
(F:0.0442809,A:0.0358421):0.0267116 (B:0.0140641,C:0.0091368):0.0179858
(F:0.0442809,A:0.0358421):0.0267116 C:0.0091368
2->1 0.038631834 220.11025 220.11026
Trying B A
B:0.0143022 A:0.0358421
B:0.0143022 (F:0.0442809,A:0.0358421):0.0301884
(B:0.0143022,C:0.00884571):0.0181678 A:0.0358421
(B:0.0143022,C:0.00884571):0.0181678 (F:0.0442809,A:0.0358421):0.0301884
Trying B F
B:0.0143022 F:0.0442809
1->2 0.0018068991 212.32026 220.11026
2->1 0.0023939221 213.05439 220.11026
p1->2 0.0016040532 212.22603 220.11026
B:0.0143024 (A:0.0356955,F:0.0445701):0.0267534
(C:0.00884557,B:0.0143024):0.017824 F:0.0445701
2->1 0.013056064 220.11026 220.11026
p1->2 4.0751289e-05 212.06494 220.11026
(C:0.00884557,B:0.0143024):0.0178168 (A:0.0358399,F:0.0442867):0.0266863
Trying C A
(C:0.00884557,B:0.0143024):0.0178168 A:0.0358399
(C:0.00884557,B:0.0143024):0.0178168 (A:0.0358399,F:0.0442867):0.0266863
C:0.00884557 A:0.0358399
C:0.00884557 (A:0.0358399,F:0.0442867):0.0266863
Trying C F
(C:0.00884557,B:0.0143024):0.0178168 F:0.0442867
(C:0.00884557,B:0.0143024):0.0178168 (A:0.0358399,F:0.0442867):0.0266863
C:0.00884557 F:0.0442867
1->2 0.0017529356 212.28549 220.11026
2->1 0.0024164431 213.06218 220.11026
C:0.00910144 (A:0.0358232,F:0.0442994):0.0267146
Trying D E
D:0.0359089 (E:0.119789,G:0.139981):0.0980568
1->2 0.099995285 220.11026 220.11026
2->1 0.099995285 220.11026 220.11026
p2->1 4.0751289e-05 212.06492 220.11026
D:0.0360198 E:0.119789
1->2 0.0026712604 212.58167 220.11026
2->1 0.0071536894 220.11025 220.11026
p1->2 4.0751289e-05 212.06494 220.11026
Trying D G
D:0.0360147 G:0.139977
1->2 0.0029740555 212.71706 220.11026
2->1 0.0071536894 220.11025 220.11026
p1->2 0.25002912 212.06494 220.11026
D:0.0360147 (E:0.0870789,G:0.29249):0.130826
Trying F B
F:0.0442809 B:0.0143024
F:0.0442809 (B:0.0143024,C:0.00884557):0.0178168
(A:0.0358421,F:0.0442809):0.0266852 B:0.0143024
(A:0.0358421,F:0.0442809):0.0266852 (B:0.0143024,C:0.00884557):0.0178168
Trying F C
F:0.0442809 (B:0.0143024,C:0.00884557):0.0178168
F:0.0442809 C:0.00884557
(A:0.0358421,F:0.0442809):0.0266852 (B:0.0143024,C:0.00884557):0.0178168
(A:0.0358421,F:0.0442809):0.0266852 C:0.00884557
Migration added
Local updates around node 1: 0 ln(lk):220.11026 
Local updates around node 2: 0 ln(lk):220.11026 
Updates in migration position: 0 ln(lk):220.11026 
Switches in migration direction: 0 ln(lk):220.11026 
ln(likelihood):220.11026 
Targeting migration to vicinity of:
E B
E F
G B
C C

C C
C D
D C
E B
G B
E F
E B
G B
Trying C C
(D:0.0299383,(C:0.00884557,B:0.0143024):0.0287037):0.0572558 C:0.00884557
1->2 3.9084634e-07 220.11026 220.11026
p1->2 3.8719494e-07 220.11026 220.11026
C:0.0088456 C:0.0088456
p1->2 3.9084634e-07 220.11026 220.11026
(C:0.00884557,B:0.0143024):0.0287037 C:0.00884557
Trying C D
C:0.00884557 D:0.0299383
1->2 0.099995285 220.11026 220.11026
2->1 3.9084634e-07 220.11026 220.11026
Trying D C
D:0.0299383 C:0.00884558
((B:0.0143024,C:0.00884558):0.0287037,D:0.0299383):0.0572558 C:0.00884558
Trying E B
E:0.119789 B:0.0143024
1->2 3.0968394e-07 220.11026 220.11026
2->1 3.0968394e-07 220.11026 220.11026
p1->2 3.8719494e-07 220.11026 220.11026
p2->1 3.0968394e-07 220.11026 220.11026
(G:0.139981,E:0.119789):0.0976469 B:0.0143024
2->1 0.099995285 220.11026 220.11026
p1->2 3.8719494e-07 220.11026 220.11026
p2->1 0.099995285 220.11026 220.11026
Trying E F
E:0.119789 (F:0.0442809,A:0.0358421):0.0471439
1->2 0.099995285 220.11026 220.11026
2->1 3.0968394e-07 220.11026 220.11026
p1->2 0.099995285 220.11026 220.11026
E:0.119789 F:0.0442809
1->2 3.0968394e-07 220.11026 220.11026
2->1 3.0968394e-07 220.11026 220.11026
p1->2 3.6306955e-07 220.11026 220.11026
Trying G B
(G:0.139981,E:0.119789):0.0976468 B:0.0143024
G:0.139981 (C:0.00884557,B:0.0143024):0.0287037
1->2 0.0008357527 220.11026 220.11026
2->1 3.0968394e-07 220.11026 220.11026
p1->2 0.099995285 220.11026 220.11026
p2->1 0.099995285 220.11026 220.11026
G:0.184869 B:0.0143024
1->2 3.0968394e-07 220.11026 220.11026
2->1 3.0968394e-07 220.11026 220.11026
ln(likelihood):220.11026 
Targeting migration to vicinity of:
E B
E F
G B
E E

E B
G B
E E
E G
G E
E F
E B
G B
Trying E B
(E:0.119789,G:0.139981):0.0976468 B:0.0143024
1->2 3.8719494e-07 220.11026 220.11026
2->1 0.099995285 220.11026 220.11026
p1->2 3.8719494e-07 220.11026 220.11026
p2->1 0.099995285 220.11026 220.11026
E:0.119789 B:0.0143024
1->2 3.0968394e-07 220.11026 220.11026
2->1 3.0968394e-07 220.11026 220.11026
p2->1 3.0968394e-07 220.11026 220.11026
Trying E E
E:0.119789 E:0.119789
p1->2 0.099995285 220.11026 220.11026
Trying E F
E:0.147886 F:0.0442809
1->2 3.0968394e-07 220.11026 220.11026
2->1 3.0968394e-07 220.11026 220.11026
p1->2 3.6306955e-07 220.11026 220.11026
p2->1 3.0968394e-07 220.11026 220.11026
E:0.119789 (A:0.0358421,F:0.0442809):0.0503244
1->2 0.099995285 220.11026 220.11026
p1->2 0.099995285 220.11026 220.11026
Trying E G
(G:0.139981,E:0.119789):0.0976468 G:0.139981
1->2 0.099995285 220.11026 220.11026
p1->2 0.099995285 220.11026 220.11026
E:0.10894 G:0.184869
Trying G B
(G:0.184869,E:0.10894):0.108496 B:0.0143024
G:0.184869 B:0.0143024
1->2 3.0968394e-07 220.11026 220.11026
2->1 3.0968394e-07 220.11026 220.11026
p2->1 3.0968394e-07 220.11026 220.11026
G:0.139981 (C:0.00884557,B:0.0143024):0.0287031
1->2 0.0008357527 220.11026 220.11026
p1->2 0.099995285 220.11026 220.11026
p2->1 0.099995285 220.11026 220.11026
Trying G E
G:0.184869 E:0.10894
ln(likelihood):220.11026 
DONE.
