
TreeMix v. 1.13
$Revision: 231 $

npop:7 nsnp:17937834
Estimating covariance matrix in 8153 blocks of size 2200
SEED: 1607917923
Starting from:
((G:0.20955,A:0.0762831):0.0444198,D:0.0444198);
Adding E [4/7]
ln(likelihood): -4660.6803 
((A:0.0751402,(G:0.139753,E:0.119561):0.10227):0.0426637,D:0.0426637);
Adding C [5/7]
ln(likelihood): -2801.2799 
((A:0.0797304,(G:0.141589,E:0.121397):0.1025):0.0245049,(D:0.0403302,C:0.0266114):0.0245049);
Adding B [6/7]
ln(likelihood): -235.93441 
(((G:0.140746,E:0.120555):0.098125,(D:0.0367118,(C:0.009574,B:0.0150308):0.0179132):0.0513639):0.0446748,A:0.0446748);
Adding F [7/7]
ln(likelihood): 207.40029 
(((G:0.139982,E:0.119791):0.0981107,(A:0.035841,F:0.0442808):0.0533727):0.0255903,(D:0.0360155,(C:0.00884576,B:0.0143025):0.0178174):0.0255903);
Testing global rearrangements
G:0.139982 ((G:0.139982,E:0.119791):0.0981107,(A:0.035841,F:0.0442808):0.0533727):0.0255903
-36750.66 207.40029
G:0.139982 D:0.0360155
-74669.977 207.40029
A:0.035841 ((G:0.139982,E:0.119791):0.0981107,(A:0.035841,F:0.0442808):0.0533727):0.0255903
-21786.701 207.40029
A:0.035841 C:0.00884576
-92721.757 207.40029
A:0.035841 (C:0.00884576,B:0.0143025):0.0178174
-62360.875 207.40029
A:0.035841 B:0.0143025
-92721.757 207.40029
D:0.0360155 C:0.00884576
-2755.2913 207.40029
D:0.0360155 B:0.0143025
-2755.2913 207.40029
Targeting migration to vicinity of:
D E
G D
A C
A B

A C
A B
F C
F B
A C
A B
F C
F B
D G
D E
G D
E D
Trying A B
A:0.035841 B:0.0143025
1->2 0.0024304674 207.9482 207.40029
2->1 0.0018625207 207.54883 207.9482
p1->2 0.0029463528 207.8949 207.9482
p2->1 0.001643893 207.4941 207.9482
A:0.0361095 (C:0.00884547,B:0.0143022):0.0178253
1->2 0.013056064 211.83356 207.9482
p1->2 0.099995285 211.83356 211.83356
p2->1 0.091048792 207.40029 211.83356
(F:0.0389345,A:0.0492628):0.058719 B:0.0143025
2->1 0.038631834 211.83355 211.83356
p1->2 0.15660161 207.40029 211.83356
p2->1 0.099995285 211.83356 211.83356
(F:0.0442808,A:0.035841):0.0727448 (C:0.00884576,B:0.0143025):0.0181688
p1->2 0.92576569 207.40029 211.83356
p2->1 0.099995285 207.40029 211.83356
Trying A C
A:0.035841 C:0.00884576
1->2 0.0024445727 207.95247 211.83356
2->1 0.0018068991 207.52868 211.83356
p1->2 0.0029634435 207.90049 211.83356
A:0.035841 (B:0.0140643,C:0.009137):0.0179864
(F:0.0442808,A:0.035841):0.0534255 C:0.009137
2->1 0.038631834 211.83355 211.83356
p1->2 0.099995285 207.40029 211.83356
(F:0.0442808,A:0.035841):0.0533727 (B:0.0123229,C:0.0131201):0.019797
Trying D E
D:0.0360155 E:0.119791
1->2 0.0026712604 207.68442 211.83356
2->1 0.0071536894 211.83355 211.83356
p1->2 0.078036837 207.40029 211.83356
p2->1 0.099995285 211.83356 211.83356
D:0.0511719 (G:0.139982,E:0.119791):0.098345
1->2 0.099995285 211.83356 211.83356
p1->2 0.099995285 207.40029 211.83356
p2->1 0.078036837 207.40029 211.83356
Trying D G
D:0.0423704 (G:0.139982,E:0.119791):0.0981107
D:0.0423704 G:0.139982
1->2 0.0029634435 207.75968 211.83356
2->1 0.0071536894 211.83355 211.83356
p1->2 0.016979244 207.40029 211.83356
Trying E D
E:0.118096 D:0.0360155
(E:0.118096,G:0.146584):0.0998053 D:0.0360155
Trying F B
F:0.0442808 B:0.0143025
1->2 0.0023939221 207.94576 211.83356
2->1 0.0018068991 207.54084 211.83356
p2->1 0.0016040532 207.48895 211.83356
F:0.04457 (C:0.00884576,B:0.0143025):0.0178246
1->2 0.013056064 211.83356 211.83356
p2->1 0.073137827 207.40029 211.83356
(A:0.0316294,F:0.0560888):0.0575843 B:0.0143025
(A:0.0316294,F:0.0560888):0.0575843 (C:0.00884576,B:0.0143025):0.0178174
Trying F C
F:0.0560888 C:0.00884576
1->2 0.0024164431 207.9499 211.83356
2->1 0.001763116 207.52169 211.83356
F:0.0446018 (B:0.0142991,C:0.00884859):0.0178278
(A:0.0356768,F:0.0446018):0.0535253 C:0.00884859
(A:0.0356768,F:0.0446018):0.0535253 (B:0.0142991,C:0.00884859):0.0178278
Trying G D
(E:0.119791,G:0.139982):0.0980525 D:0.0360058
G:0.139982 D:0.0360058
Migration added
Local updates around node 1: 0 ln(lk):211.83356 
Local updates around node 2: 0 ln(lk):211.83356 
Updates in migration position: 0 ln(lk):211.83356 
Switches in migration direction: 0 ln(lk):211.83356 
ln(likelihood):211.83356 
DONE.
