
TreeMix v. 1.13
$Revision: 231 $

npop:7 nsnp:17937834
Estimating covariance matrix in 8153 blocks of size 2200
SEED: 1607918072
Starting from:
(F:0.0913923,(C:0.00441525,B:0.00987202):0.0913923);
Adding D [4/7]
ln(likelihood): -14881.234 
(F:0.0835483,((C:0.0126857,B:0.0181425):0.0182194,D:0.0401253):0.0835483);
Adding E [5/7]
ln(likelihood): -16138.734 
(F:0.0481776,(((C:0.0100164,B:0.0154732):0.0178174,D:0.0371862):0.0616593,E:0.194545):0.0481776);
Adding G [6/7]
ln(likelihood): -35.78679 
(F:0.0489682,(((C:0.0093501,B:0.0148069):0.0179132,D:0.0364879):0.05127,(E:0.120325,G:0.140516):0.0981188):0.0489682);
Adding A [7/7]
ln(likelihood): 207.40029 
((((C:0.00884576,B:0.0143025):0.0178174,D:0.0360155):0.0511806,(E:0.119791,G:0.139982):0.0981107):0.0266863,(F:0.0442808,A:0.035841):0.0266863);
Testing global rearrangements
C:0.00884576 ((C:0.00884576,B:0.0143025):0.0178174,D:0.0360155):0.0511806
-2755.2913 207.40029
C:0.00884576 (((C:0.00884576,B:0.0143025):0.0178174,D:0.0360155):0.0511806,(E:0.119791,G:0.139982):0.0981107):0.0266863
-54291 207.40029
C:0.00884576 F:0.0442808
-92308.336 207.40029
C:0.00884576 (F:0.0442808,A:0.035841):0.0266863
-54291 207.40029
C:0.00884576 A:0.035841
-92308.336 207.40029
D:0.0360155 C:0.00884576
-2755.2913 207.40029
D:0.0360155 E:0.119791
-78869.881 207.40029
D:0.0360155 (E:0.119791,G:0.139982):0.0981107
-30037.383 207.40029
D:0.0360155 G:0.139982
-78869.881 207.40029
E:0.119791 F:0.0442808
-59789.956 207.40029
E:0.119791 (F:0.0442808,A:0.035841):0.0266863
-36750.66 207.40029
E:0.119791 A:0.035841
-59789.956 207.40029
F:0.0442808 C:0.00884576
-92469.475 207.40029
F:0.0442808 (C:0.00884576,B:0.0143025):0.0178174
-62264.053 207.40029
F:0.0442808 B:0.0143025
-92469.475 207.40029
F:0.0442808 ((C:0.00884576,B:0.0143025):0.0178174,D:0.0360155):0.0511806
-21786.701 207.40029
F:0.0442808 D:0.0360155
-62264.053 207.40029
(F:0.0442808,A:0.035841):0.0266863 E:0.119791
-36750.66 207.40029
A:0.035841 C:0.00884576
-92721.757 207.40029
A:0.035841 (C:0.00884576,B:0.0143025):0.0178174
-62360.875 207.40029
A:0.035841 B:0.0143025
-92721.757 207.40029
A:0.035841 ((C:0.00884576,B:0.0143025):0.0178174,D:0.0360155):0.0511806
-21786.701 207.40029
A:0.035841 D:0.0360155
-62360.875 207.40029
Targeting migration to vicinity of:
D E
D G
B A
C A

C F
C A
B F
B A
C F
C A
B F
B A
D E
D G
D E
D G
Trying B A
B:0.0143025 (F:0.0442808,A:0.035841):0.0266863
1->2 0.038631834 211.83355 207.40029
2->1 0.0029463528 207.8949 211.83355
p1->2 0.099995285 211.83356 211.83355
B:0.0143025 A:0.035841
1->2 0.0018625207 207.54883 211.83356
2->1 0.0024304674 207.9482 211.83356
p1->2 0.001643893 207.4941 211.83356
(C:0.00884547,B:0.0143022):0.0178253 (F:0.0441306,A:0.0361095):0.0267563
2->1 0.099995285 211.83356 211.83356
p1->2 0.0008357527 207.40029 211.83356
(C:0.00884576,B:0.0143025):0.0178174 A:0.035841
2->1 0.013056064 211.83356 211.83356
p1->2 0.10924691 207.40029 211.83356
Trying B F
B:0.0143025 F:0.0377349
1->2 0.0018068991 207.54084 211.83356
2->1 0.0023939221 207.94576 211.83356
p1->2 0.0016040532 207.48895 211.83356
B:0.0143025 (A:0.0356945,F:0.04457):0.0267546
(C:0.00884576,B:0.0143025):0.0178246 F:0.04457
2->1 0.013056064 211.83356 211.83356
p1->2 5.3185181e-06 207.40029 211.83356
(C:0.00884576,B:0.0143025):0.0178174 (A:0.0358407,F:0.0442816):0.0266865
Trying C A
(C:0.00884576,B:0.0143025):0.0178174 (A:0.0358407,F:0.0442816):0.0266865
(C:0.00884576,B:0.0143025):0.0178174 A:0.0358407
C:0.00884576 (A:0.0358407,F:0.0442816):0.0266865
1->2 0.038631834 211.83355 211.83356
2->1 0.0029634435 207.90049 211.83356
C:0.009137 A:0.035841
1->2 0.0018068991 207.52868 211.83356
2->1 0.0024445727 207.95247 211.83356
Trying C F
(B:0.0140885,C:0.00910327):0.0179677 F:0.0442631
(B:0.0140885,C:0.00910327):0.0179677 (F:0.0442631,A:0.0358584):0.0267156
C:0.00910327 F:0.0442631
1->2 0.0017529356 207.52169 211.83356
2->1 0.0024164431 207.9499 211.83356
C:0.00910164 (A:0.0358222,F:0.0442993):0.0267158
Trying D E
D:0.0359097 E:0.119791
1->2 0.0026712604 207.68441 211.83356
2->1 0.0071536894 211.83355 211.83356
p1->2 4.0751289e-05 207.40029 211.83356
p2->1 0.099995285 211.83356 211.83356
D:0.0511719 (G:0.139982,E:0.119791):0.098345
1->2 0.099995285 211.83356 211.83356
p2->1 4.0751289e-05 207.40028 211.83356
Trying D G
D:0.0360206 G:0.139982
1->2 0.0029740555 207.75968 211.83356
2->1 0.0071536894 211.83355 211.83356
p1->2 0.032473728 207.40029 211.83356
D:0.0360155 (E:0.116498,G:0.15294):0.101404
Migration added
Local updates around node 1: 0 ln(lk):211.83356 
Local updates around node 2: 0 ln(lk):211.83356 
Updates in migration position: 0 ln(lk):211.83356 
Switches in migration direction: 0 ln(lk):211.83356 
ln(likelihood):211.83356 
Targeting migration to vicinity of:
E E
E A
A A
E E

A A
E A
E E
Trying A A
A:0.035841 A:0.035841
p1->2 3.6306955e-07 211.83356 211.83356
A:0.035841 (F:0.0442808,A:0.035841):0.0363719
(F:0.0442808,A:0.035841):0.0363719 A:0.035841
(F:0.0442808,A:0.035841):0.0363719 (F:0.0442808,A:0.035841):0.0363719
Trying E A
E:0.119791 A:0.035841
1->2 3.0968394e-07 211.83356 211.83356
2->1 3.0968394e-07 211.83356 211.83356
p1->2 3.6306955e-07 211.83356 211.83356
p2->1 0.099995285 211.83356 211.83356
Trying E E
(G:0.12977,E:0.159236):0.102129 (G:0.12977,E:0.159236):0.102129
p1->2 0.099995285 211.83356 211.83356
(G:0.139982,E:0.119791):0.113476 E:0.119791
1->2 0.0010948586 211.83356 211.83356
p1->2 0.0008357527 211.83356 211.83356
E:0.120068 (G:0.139905,E:0.120068):0.0919938
E:0.120068 E:0.120068
ln(likelihood):211.83356 
DONE.
