
TreeMix v. 1.13
$Revision: 231 $

npop:7 nsnp:17937834
Estimating covariance matrix in 8968 blocks of size 2000
SEED: 1607917923
Starting from:
((G:0.209549,A:0.0762837):0.0444204,D:0.0444204);
Adding E [4/7]
ln(likelihood): -5121.2555 
((A:0.0751413,(G:0.139754,E:0.119562):0.102267):0.0426642,D:0.0426642);
Adding C [5/7]
ln(likelihood): -3087.0555 
((A:0.0797316,(G:0.14159,E:0.121398):0.102497):0.0245052,(D:0.0403308,C:0.0266118):0.0245052);
Adding B [6/7]
ln(likelihood): -273.63974 
(((G:0.140748,E:0.120555):0.0981217,(D:0.0367123,(C:0.00957414,B:0.0150308):0.0179135):0.0513646):0.0446756,A:0.0446756);
Adding F [7/7]
ln(likelihood): 208.27272 
((((G:0.139984,E:0.119791):0.0981073,(D:0.036016,(C:0.00884588,B:0.0143026):0.0178176):0.0511813):0.0533742,A:0.035841):0.0221404,F:0.0221404);
Testing global rearrangements
G:0.139984 D:0.036016
-82054.872 208.27272
D:0.036016 C:0.00884588
-3044.4196 208.27272
D:0.036016 B:0.0143026
-3044.4196 208.27272
A:0.035841 D:0.036016
-68512.868 208.27272
F:0.0221404 A:0.035841
208.27272 208.27272
Targeting migration to vicinity of:
D E
G D
A B
C F

A C
A B
F C
F B
C A
C F
B A
B F
D G
D E
G D
E D
Trying A B
A:0.035841 (C:0.00884588,B:0.0143026):0.0178176
1->2 0.013056064 213.1431 208.27272
2->1 0.001643893 208.37578 213.1431
p1->2 0.013056064 213.1431 213.1431
p2->1 0.016979244 208.27272 213.1431
A:0.0380276 B:0.0143026
1->2 0.0024304674 208.8746 213.1431
2->1 0.0018625207 208.43591 213.1431
p1->2 0.0023939221 208.87192 213.1431
Trying A C
A:0.0358219 C:0.00863461
1->2 0.0024445727 208.87935 213.1431
2->1 0.0018068991 208.41378 213.1431
p1->2 0.0024164431 208.87653 213.1431
A:0.0358221 (B:0.0140897,C:0.00910176):0.0179671
Trying B A
(B:0.0140897,C:0.00910176):0.0179671 A:0.0358221
B:0.0140897 A:0.0358221
Trying B F
(B:0.0140897,C:0.00910176):0.0179671 F:0.00282432
1->2 0.0016040532 208.3701 213.1431
2->1 0.013056064 213.1431 213.1431
p1->2 0.014303165 208.27272 213.1431
B:0.0143026 F:0.0231804
1->2 0.0018068991 208.42709 213.1431
2->1 0.0023939221 208.87192 213.1431
Trying C A
C:0.00863461 A:0.0358219
(C:0.00863461,B:0.0145826):0.0179659 A:0.0358219
Trying C F
C:0.00863461 F:0.0245883
1->2 0.0017529356 208.40605 213.1431
2->1 0.0024164431 208.87653 213.1431
(B:0.0140897,C:0.00910176):0.0179671 F:0.024974
Trying D E
D:0.0359102 E:0.119791
1->2 0.0026712604 208.58488 213.1431
2->1 0.0071536894 213.1431 213.1431
p1->2 4.0751289e-05 208.27272 213.1431
p2->1 0.016859977 213.1431 213.1431
D:0.0385121 (G:0.139984,E:0.119791):0.0983416
1->2 0.056945603 213.1431 213.1431
p2->1 4.0751289e-05 208.2727 213.1431
Trying D G
D:0.0360211 (G:0.139984,E:0.119791):0.0981073
D:0.0360211 G:0.139984
1->2 0.0029740555 208.6674 213.1431
2->1 0.0071536894 213.1431 213.1431
p1->2 0.3970964 208.27272 213.1431
Trying E D
E:0.0551739 D:0.036016
(E:0.0551739,G:0.492285):0.162725 D:0.036016
Trying F B
F:0.0221404 (B:0.0143026,C:0.00884588):0.0178176
F:0.0221404 B:0.0143026
Trying F C
F:0.0221404 C:0.00884588
F:0.0221404 (B:0.0143026,C:0.00884588):0.0178176
Trying G D
(E:0.0551739,G:0.492285):0.162725 D:0.036016
G:0.492285 D:0.036016
Migration added
Local updates around node 1: 0 ln(lk):213.1431 
Local updates around node 2: 0 ln(lk):213.1431 
Updates in migration position: 0 ln(lk):213.1431 
Switches in migration direction: 0 ln(lk):213.1431 
ln(likelihood):213.1431 
DONE.
