
TreeMix v. 1.13
$Revision: 231 $

npop:7 nsnp:17937834
Estimating covariance matrix in 7474 blocks of size 2400
SEED: 1607918213
Starting from:
((D:0.0307213,C:0.015107):0.0782676,A:0.0782676);
Adding E [4/7]
ln(likelihood): -8435.7001 
((D:0.052448,C:0.0378166):0.0256808,(A:0.0822805,E:0.197654):0.0256808);
Adding G [5/7]
ln(likelihood): -2562.6201 
((D:0.0403293,C:0.0266105):0.0245043,(A:0.0797296,(E:0.121396,G:0.141588):0.102504):0.0245043);
Adding B [6/7]
ln(likelihood): -204.47466 
(A:0.0446743,((E:0.120553,G:0.140745):0.0981297,(D:0.036711,(C:0.00957375,B:0.0150306):0.0179126):0.0513626):0.0446743);
Adding F [7/7]
ln(likelihood): 206.57152 
(((E:0.119789,G:0.139981):0.0981153,(D:0.0360147,(C:0.00884557,B:0.0143024):0.0178168):0.0511793):0.0266852,(A:0.0358421,F:0.0442809):0.0266852);
Testing global rearrangements
E:0.119789 D:0.0360147
-68494.817 206.57152
E:0.119789 A:0.0358421
-54871.487 206.57152
D:0.0360147 ((E:0.119789,G:0.139981):0.0981153,(D:0.0360147,(C:0.00884557,B:0.0143024):0.0178168):0.0511793):0.0266852
-27547.366 206.57152
D:0.0360147 A:0.0358421
-57838.167 206.57152
D:0.0360147 (A:0.0358421,F:0.0442809):0.0266852
-27547.366 206.57152
D:0.0360147 F:0.0442809
-57838.167 206.57152
C:0.00884557 D:0.0360147
-2514.4325 206.57152
A:0.0358421 E:0.119789
-57645.194 206.57152
A:0.0358421 D:0.0360147
-57219.652 206.57152
Targeting migration to vicinity of:
D E
D G
C A
B F

C A
C F
B A
B F
C A
C F
B A
B F
D E
D G
D E
D G
Trying B A
(C:0.00884557,B:0.0143024):0.0178168 A:0.0358421
1->2 0.001643893 206.65758 206.57152
2->1 0.013056064 210.63902 206.65758
p1->2 0.12437277 206.57152 210.63902
p2->1 0.099995285 210.63902 210.63902
(C:0.00884557,B:0.0143024):0.0287043 (F:0.0442809,A:0.0358421):0.0503247
1->2 0.099995285 210.63902 210.63902
p1->2 0.0026463708 206.57152 210.63902
B:0.0143024 A:0.0358421
1->2 0.0018625207 206.70779 210.63902
2->1 0.0024304674 207.0742 210.63902
p2->1 0.0029463528 207.02531 210.63902
B:0.0146242 (F:0.0442809,A:0.0358421):0.0267114
1->2 0.038631834 210.63901 210.63902
Trying B F
(C:0.00884538,B:0.0143025):0.0181678 (F:0.0442809,A:0.0358421):0.0301884
(C:0.00884538,B:0.0143025):0.0181678 F:0.0442809
1->2 0.0015947899 206.65283 210.63902
2->1 0.013056064 210.63902 210.63902
p1->2 4.2008021e-05 206.57152 210.63902
B:0.0143024 (A:0.0358399,F:0.0442869):0.0266863
B:0.0143024 F:0.0442869
1->2 0.0018068991 206.70041 210.63902
2->1 0.0023939221 207.07196 210.63902
Trying C A
C:0.00863431 A:0.0358231
1->2 0.0018068991 206.6893 210.63902
2->1 0.0024445727 207.07811 210.63902
p2->1 0.0029634435 207.03043 210.63902
C:0.0091368 (F:0.0442809,A:0.0358421):0.0267116
1->2 0.038631834 210.63901 210.63902
(B:0.0143022,C:0.00884571):0.0181678 A:0.0358421
(B:0.0143022,C:0.00884571):0.0181678 (F:0.0442809,A:0.0358421):0.0301884
Trying C F
C:0.00884571 (F:0.0442809,A:0.0358421):0.0301884
C:0.00884571 F:0.0442809
1->2 0.0017529356 206.68285 210.63902
2->1 0.0024164431 207.07575 210.63902
(B:0.0140895,C:0.00910144):0.0179662 (A:0.0358232,F:0.0442994):0.0267146
(B:0.0140895,C:0.00910144):0.0179662 F:0.0442994
Trying D E
D:0.0359089 E:0.119789
1->2 0.0026712604 206.83211 210.63902
2->1 0.0071536894 210.63901 210.63902
p1->2 4.0751289e-05 206.57152 210.63902
p2->1 0.099995285 210.63902 210.63902
D:0.0511707 (G:0.139981,E:0.119789):0.0983496
1->2 0.099995285 210.63902 210.63902
p2->1 4.0751289e-05 206.57152 210.63902
Trying D G
D:0.0360198 (G:0.139981,E:0.119789):0.0981153
D:0.0360198 G:0.139981
1->2 0.0029740555 206.90124 210.63902
2->1 0.0071536894 210.63901 210.63902
p1->2 0.099995285 206.57152 210.63902
Migration added
Local updates around node 1: 0 ln(lk):210.63902 
Local updates around node 2: 0 ln(lk):210.63902 
Updates in migration position: 0 ln(lk):210.63902 
Switches in migration direction: 0 ln(lk):210.63902 
ln(likelihood):210.63902 
Targeting migration to vicinity of:
A E
E E
D E
A A

A E
D E
E E
Trying A E
A:0.0358421 E:0.119789
1->2 3.0968394e-07 210.63902 210.63902
2->1 3.0968394e-07 210.63902 210.63902
p1->2 3.0968394e-07 210.63902 210.63902
p2->1 3.2717654e-07 210.63902 210.63902
Trying D E
D:0.0299383 E:0.119789
1->2 3.0968394e-07 210.63902 210.63902
2->1 0.0008357527 210.63902 210.63902
p1->2 0.099995285 210.63902 210.63902
p2->1 0.099995285 210.63902 210.63902
Trying E E
(G:0.139981,E:0.119789):0.0983496 (G:0.139981,E:0.119789):0.0983496
p1->2 0.099995285 210.63902 210.63902
(G:0.139981,E:0.119789):0.12055 E:0.119789
1->2 0.0008357527 210.63902 210.63902
p1->2 0.0008357527 210.63902 210.63902
E:0.120071 (G:0.139899,E:0.120071):0.0977285
E:0.120071 E:0.120071
ln(likelihood):210.63902 
Targeting migration to vicinity of:
D E
A E
E E
D E

A E
D E
E E
Trying A E
A:0.0358421 E:0.119789
1->2 3.0968394e-07 210.63902 210.63902
2->1 3.0968394e-07 210.63902 210.63902
p1->2 3.0968394e-07 210.63902 210.63902
p2->1 3.2717654e-07 210.63902 210.63902
Trying D E
D:0.0299386 E:0.119789
1->2 3.0968394e-07 210.63902 210.63902
2->1 0.0008357527 210.63902 210.63902
p1->2 0.099995285 210.63902 210.63902
p2->1 0.099995285 210.63902 210.63902
Trying E E
E:0.119789 E:0.119789
p1->2 0.0008357527 210.63902 210.63902
E:0.11999 (G:0.139981,E:0.11999):0.0976468
p2->1 0.0008357527 210.63902 210.63902
(G:0.139899,E:0.120071):0.0977285 E:0.120071
(G:0.139899,E:0.120071):0.0977285 (G:0.139899,E:0.120071):0.0977285
p1->2 0.099995285 210.63902 210.63902
ln(likelihood):210.63902 
DONE.
