
TreeMix v. 1.13
$Revision: 231 $

npop:7 nsnp:17937834
Estimating covariance matrix in 5979 blocks of size 3000
SEED: 1607917923
Starting from:
((G:0.209551,A:0.0762831):0.0444195,D:0.0444195);
Adding E [4/7]
ln(likelihood): -3425.0502 
((A:0.07514,(G:0.139752,E:0.11956):0.102271):0.0426634,D:0.0426634);
Adding C [5/7]
ln(likelihood): -2035.9806 
((A:0.0797302,(G:0.141589,E:0.121396):0.102501):0.0245047,(D:0.0403299,C:0.0266112):0.0245047);
Adding B [6/7]
ln(likelihood): -135.42248 
(((G:0.140746,E:0.120554):0.0981263,(D:0.0367116,(C:0.00957391,B:0.0150308):0.0179132):0.0513635):0.0446747,A:0.0446747);
Adding F [7/7]
ln(likelihood): 204.30186 
(((G:0.139982,E:0.11979):0.098112,(D:0.0360153,(C:0.00884569,B:0.0143026):0.0178173):0.0511802):0.0266859,(A:0.0358415,F:0.0442808):0.0266859);
Testing global rearrangements
G:0.139982 D:0.0360153
-54886.101 204.30186
D:0.0360153 C:0.00884569
-1981.0015 204.30186
D:0.0360153 B:0.0143026
-1981.0015 204.30186
A:0.0358415 D:0.0360153
-45859.789 204.30186
Targeting migration to vicinity of:
D E
G D
B F
A B

A C
A B
F C
F B
C A
C F
B A
B F
D G
D E
G D
E D
Trying A B
(A:0.0358415,F:0.0442808):0.0266859 B:0.0143026
1->2 0.0029463528 204.66584 204.30186
2->1 0.038631834 207.56377 204.66584
p2->1 0.099995285 207.56377 207.56377
(A:0.0358414,F:0.0442808):0.0363719 (C:0.00884569,B:0.0143026):0.0181687
1->2 0.099995285 207.56377 207.56377
p2->1 0.10046206 204.30186 207.56377
A:0.0358415 B:0.0143026
1->2 0.0024304674 204.70505 207.56377
2->1 0.0018625207 204.41112 207.56377
p2->1 0.001643893 204.37086 207.56377
A:0.03611 (C:0.0088454,B:0.0143023):0.0178253
1->2 0.013056064 207.56377 207.56377
p2->1 0.3970964 204.30186 207.56377
Trying A C
(F:0.00912801,A:0.156909):0.0442624 C:0.00884569
1->2 0.0029634435 204.66995 207.56377
2->1 0.038631834 207.56377 207.56377
(F:0.0442808,A:0.0358415):0.0301892 (B:0.0143024,C:0.00884584):0.0181684
A:0.0358415 C:0.00884584
1->2 0.0024445727 204.70819 207.56377
2->1 0.0018068991 204.3963 207.56377
A:0.0361399 (B:0.0142991,C:0.00884859):0.017828
Trying B A
B:0.0142991 (F:0.0441125,A:0.0361399):0.0267642
B:0.0142991 A:0.0361399
(B:0.0142991,C:0.00884859):0.017828 (F:0.0441125,A:0.0361399):0.0267642
(B:0.0142991,C:0.00884859):0.017828 A:0.0361399
Trying B F
B:0.0142991 (F:0.0441125,A:0.0361399):0.0267642
B:0.0142991 F:0.0441125
1->2 0.0018068991 204.4052 207.56377
2->1 0.0023939221 204.70326 207.56377
p1->2 0.0015947899 204.36704 207.56377
(C:0.00884569,B:0.0143026):0.0178245 (A:0.0356957,F:0.0445683):0.0267538
(C:0.00884569,B:0.0143026):0.0178245 F:0.0445683
2->1 0.013056064 207.56377 207.56377
p1->2 0.077303804 204.30186 207.56377
Trying C A
C:0.00884569 (A:0.0313699,F:0.0568575):0.0289217
C:0.00884569 A:0.0313699
(C:0.00884569,B:0.0143026):0.0178173 (A:0.0313699,F:0.0568575):0.0289217
(C:0.00884569,B:0.0143026):0.0178173 A:0.0313699
Trying C F
C:0.00884569 (A:0.0313699,F:0.0568575):0.0289217
C:0.00884569 F:0.0568575
1->2 0.0017529356 204.39111 207.56377
2->1 0.0024164431 204.7063 207.56377
(B:0.0140897,C:0.00910156):0.0179668 (A:0.0358226,F:0.0442993):0.0267154
(B:0.0140897,C:0.00910156):0.0179668 F:0.0442993
Trying D E
D:0.0359095 (G:0.139982,E:0.11979):0.0980534
1->2 0.099995285 207.56377 207.56377
2->1 0.099995285 207.56377 207.56377
p2->1 4.0751289e-05 204.30186 207.56377
D:0.0360203 E:0.11979
1->2 0.0026712604 204.51069 207.56377
2->1 0.0071536894 207.56377 207.56377
p1->2 4.0751289e-05 204.30186 207.56377
Trying D G
D:0.0360153 (G:0.139978,E:0.119804):0.098116
D:0.0360153 G:0.139978
1->2 0.0029740555 204.56622 207.56377
2->1 0.0071536894 207.56377 207.56377
p1->2 0.099995285 204.30186 207.56377
Trying E D
(E:0.108889,G:0.184927):0.109013 D:0.0360153
E:0.108889 D:0.0360153
Trying F B
(A:0.0358415,F:0.0442808):0.0266859 B:0.0143026
(A:0.0358415,F:0.0442808):0.0266859 (B:0.0143026,C:0.00884569):0.0178173
F:0.0442808 B:0.0143026
F:0.0442808 (B:0.0143026,C:0.00884569):0.0178173
Trying F C
(A:0.0358415,F:0.0442808):0.0266859 C:0.00884569
(A:0.0358415,F:0.0442808):0.0266859 (B:0.0143026,C:0.00884569):0.0178173
F:0.0442808 C:0.00884569
F:0.0442808 (B:0.0143026,C:0.00884569):0.0178173
Trying G D
(E:0.108889,G:0.184927):0.109013 D:0.0360153
G:0.184927 D:0.0360153
Migration added
Local updates around node 1: 0 ln(lk):207.56377 
Local updates around node 2: 0 ln(lk):207.56377 
Updates in migration position: 0 ln(lk):207.56377 
Switches in migration direction: 0 ln(lk):207.56377 
ln(likelihood):207.56377 
DONE.
