
TreeMix v. 1.13
$Revision: 231 $

npop:7 nsnp:17937834
Estimating covariance matrix in 29896 blocks of size 600
SEED: 1607918213
Starting from:
((D:0.0307213,C:0.015107):0.0782676,A:0.0782676);
Adding E [4/7]
ln(likelihood): -32742.887 
((D:0.052448,C:0.0378166):0.0256808,(A:0.0822805,E:0.197654):0.0256808);
Adding G [5/7]
ln(likelihood): -10156.849 
((D:0.0403293,C:0.0266105):0.0245043,(A:0.0797296,(E:0.121396,G:0.141588):0.102504):0.0245043);
Adding B [6/7]
ln(likelihood): -1210.4763 
(A:0.0446743,((E:0.120553,G:0.140745):0.0981297,(D:0.036711,(C:0.00957375,B:0.0150306):0.0179126):0.0513626):0.0446743);
Adding F [7/7]
ln(likelihood): 213.61788 
(A:0.0179211,(((E:0.119789,G:0.139981):0.0981153,(D:0.0360147,(C:0.00884557,B:0.0143024):0.0178168):0.0511793):0.0533704,F:0.0442809):0.0179211);
Testing global rearrangements
A:0.0179211 E:0.119789
-221998.06 213.61788
A:0.0179211 (E:0.119789,G:0.139981):0.0981153
-76917.766 213.61788
A:0.0179211 G:0.139981
-221998.06 213.61788
A:0.0179211 C:0.00884557
-325915.39 213.61788
A:0.0179211 (C:0.00884557,B:0.0143024):0.0178168
-220915.28 213.61788
A:0.0179211 B:0.0143024
-325915.39 213.61788
A:0.0179211 F:0.0442809
213.61788 213.61788
E:0.119789 A:0.0179211
-211610.98 213.61788
E:0.119789 D:0.0360147
-266398.49 213.61788
E:0.119789 F:0.0442809
-211610.98 213.61788
D:0.0360147 A:0.0179211
-223479.28 213.61788
D:0.0360147 ((E:0.119789,G:0.139981):0.0981153,(D:0.0360147,(C:0.00884557,B:0.0143024):0.0178168):0.0511793):0.0533704
-107329.67 213.61788
D:0.0360147 F:0.0442809
-223479.28 213.61788
C:0.00884557 D:0.0360147
-10117.525 213.61788
F:0.0442809 A:0.0179211
213.61788 213.61788
F:0.0442809 E:0.119789
-222245.23 213.61788
F:0.0442809 (E:0.119789,G:0.139981):0.0981153
-76917.766 213.61788
F:0.0442809 G:0.139981
-222245.23 213.61788
F:0.0442809 D:0.0360147
-220574.39 213.61788
Targeting migration to vicinity of:
D G
D E
A B
C A

A C
A B
F C
F B
C A
C F
B A
B F
D E
D G
D E
D G
Trying A B
A:0.0179211 (C:0.00884557,B:0.0143024):0.0178168
1->2 0.013056064 229.37778 213.61788
2->1 0.001653441 213.9522 229.37778
p2->1 0.00069565739 213.61788 229.37778
A:0.0179646 B:0.0143024
1->2 0.0024304674 215.56275 229.37778
2->1 0.0018625207 214.14714 229.37778
Trying A C
A:0.0180759 C:0.00883994
1->2 0.0024304674 215.57927 229.37778
2->1 0.0018068991 214.07546 229.37778
A:0.0180703 (B:0.0142989,C:0.00884847):0.0178275
Trying B A
(B:0.0142989,C:0.00884847):0.0178275 A:0.0180703
B:0.0142989 A:0.0180703
Trying B F
(B:0.0142989,C:0.00884847):0.0178275 F:0.0441126
1->2 0.0016040532 213.93419 229.37778
2->1 0.013056064 229.37778 229.37778
p1->2 0.0016787014 213.61788 229.37778
p2->1 0.013056064 229.37778 229.37778
B:0.0143024 F:0.0442809
1->2 0.0018173923 214.11909 229.37778
2->1 0.0023939221 215.55422 229.37778
p2->1 0.0024304674 215.56275 229.37778
Trying C A
C:0.00863281 A:0
(C:0.00863281,B:0.014585):0.0179663 A:0
Trying C F
C:0.00863281 F:0.0442633
1->2 0.001763116 214.05092 229.37778
2->1 0.0024164431 215.57025 229.37778
p2->1 0.0024304674 215.57927 229.37778
(B:0.0140896,C:0.00910157):0.0179663 F:0.0442633
Trying D E
D:0.0359091 E:0.119789
1->2 0.002680829 214.6347 229.37778
2->1 0.0071536894 229.37777 229.37778
p1->2 4.0751289e-05 213.61788 229.37778
p2->1 0.010928518 229.37779 229.37778
D:0.037742 (G:0.139981,E:0.119789):0.0983496
1->2 0.056945603 229.37779 229.37779
p2->1 4.0751289e-05 213.61783 229.37779
Trying D G
D:0.0360198 (G:0.139981,E:0.119789):0.0981153
D:0.0360198 G:0.139981
1->2 0.0029740555 214.89553 229.37779
2->1 0.0071536894 229.37777 229.37779
p1->2 0.010928518 213.61788 229.37779
Trying F B
F:0.0442809 (B:0.0143024,C:0.00884557):0.0178168
F:0.0442809 B:0.0143024
Trying F C
F:0.0442809 C:0.00884557
F:0.0442809 (B:0.0143024,C:0.00884557):0.0178168
Migration added
Local updates around node 1: 0 ln(lk):229.37779 
Local updates around node 2: 0 ln(lk):229.37779 
Updates in migration position: 0 ln(lk):229.37779 
Switches in migration direction: 0 ln(lk):229.37779 
ln(likelihood):229.37779 
Targeting migration to vicinity of:
D F
A G
A B
C A

F D
D F
D F
Trying D F
D:0.037917 F:0.0442809
1->2 3.0968394e-07 229.37779 229.37779
2->1 0.0008357527 229.37779 229.37779
p1->2 0.0008357527 229.37779 229.37779
p2->1 0.0008357527 229.37779 229.37779
Trying F D
F:0.0442809 D:0.038071
Migration added
Local updates around node 1: 0 ln(lk):229.37779 
Local updates around node 2: 0 ln(lk):229.37779 
Updates in migration position: 0 ln(lk):229.37779 
Switches in migration direction: 0 ln(lk):229.37779 
ln(likelihood):229.37779 
Targeting migration to vicinity of:
D F
A G
A B
C A

F D
D F
D F
Trying D F
D:0.0380696 F:0.0442809
1->2 3.0968394e-07 229.37779 229.37779
2->1 0.0008357527 229.37779 229.37779
p1->2 3.6306955e-07 229.37779 229.37779
Trying F D
F:0.044281 D:0.0380696
Migration added
Local updates around node 1: 0 ln(lk):229.37779 
Local updates around node 2: 0 ln(lk):229.37779 
Updates in migration position: 0 ln(lk):229.37779 
Switches in migration direction: 0 ln(lk):229.37779 
ln(likelihood):229.37779 
DONE.
