
TreeMix v. 1.13
$Revision: 231 $

npop:7 nsnp:17937834
Estimating covariance matrix in 5275 blocks of size 3400
SEED: 1607918072
Starting from:
(F:0.0913948,(C:0.0044151,B:0.00987214):0.0913948);
Adding D [4/7]
ln(likelihood): -9674.8153 
(F:0.0835506,((C:0.0126857,B:0.0181427):0.0182202,D:0.0401266):0.0835506);
Adding E [5/7]
ln(likelihood): -10494.598 
(F:0.0481797,(((C:0.0100165,B:0.0154735):0.0178182,D:0.0371877):0.0616602,E:0.19454):0.0481797);
Adding G [6/7]
ln(likelihood): 27.272321 
(F:0.0489699,(((C:0.00935032,B:0.0148074):0.017914,D:0.0364895):0.0512722,(E:0.120326,G:0.140519):0.0981106):0.0489699);
Adding A [7/7]
ln(likelihood): 202.9681 
(A:0.0179202,(F:0.0442809,(((C:0.00884593,B:0.014303):0.0178182,D:0.0360171):0.0511827,(E:0.119792,G:0.139985):0.0981025):0.0533763):0.0179202);
Testing global rearrangements
A:0.0179202 C:0.00884593
-60430.169 202.9681
A:0.0179202 (C:0.00884593,B:0.014303):0.0178182
-40562.323 202.9681
A:0.0179202 B:0.014303
-60430.169 202.9681
F:0.0442809 A:0.0179202
202.9681 202.9681
C:0.00884593 A:0.0179202
-60194.886 202.9681
C:0.00884593 F:0.0442809
-60194.886 202.9681
C:0.00884593 ((C:0.00884593,B:0.014303):0.0178182,D:0.0360171):0.0511827
-1733.9905 202.9681
C:0.00884593 (((C:0.00884593,B:0.014303):0.0178182,D:0.0360171):0.0511827,(E:0.119792,G:0.139985):0.0981025):0.0533763
-35388.332 202.9681
D:0.0360171 C:0.00884593
-1733.9905 202.9681
E:0.119792 D:0.0360171
-48511.62 202.9681
Targeting migration to vicinity of:
D E
D G
B A
F B

C F
C A
B F
B A
D E
D G
D E
D G
F C
F B
A C
A B
Trying A B
A:0.0179202 B:0.014303
1->2 0.0024304674 203.32462 202.9681
2->1 0.0018517675 203.06472 203.32462
p2->1 0.001643893 203.02912 203.32462
A:0.0180545 (C:0.00884564,B:0.0143027):0.0178261
1->2 0.013056064 205.85375 203.32462
p2->1 0.0008357527 202.9681 205.85375
Trying A C
A:0.0179726 (C:0.00884593,B:0.014303):0.0178182
A:0.0179726 C:0.00884593
1->2 0.0024445727 203.32741 205.85375
2->1 0.0017964664 203.05161 205.85375
Trying B A
B:0.0142995 A:0.0180686
(B:0.0142995,C:0.00884881):0.0178288 A:0.0180686
Trying B F
B:0.0142995 F:0.0441135
1->2 0.0018068991 203.05948 205.85375
2->1 0.0023939221 203.32302 205.85375
p1->2 0.0015947899 203.02574 205.85375
p2->1 0.0024304674 203.32462 205.85375
(C:0.00863316,B:0.0145856):0.0179677 F:0.0442633
2->1 0.013056064 205.85375 205.85375
p1->2 0.10924691 202.9681 205.85375
p2->1 0.013056064 205.85375 205.85375
Trying C A
(C:0.00884593,B:0.014303):0.0193349 A:0.0179202
C:0.00884593 A:0.0179202
Trying C F
(C:0.00884593,B:0.014303):0.0193349 F:0.0442809
C:0.00884593 F:0.0442809
1->2 0.0017529356 203.04702 205.85375
2->1 0.0024164431 203.32572 205.85375
p2->1 0.0024445727 203.32741 205.85375
Trying D E
D:0.0359109 E:0.119792
1->2 0.0026712604 203.15281 205.85375
2->1 0.0071536894 205.85375 205.85375
p1->2 4.0751289e-05 202.9681 205.85375
p2->1 0.016859977 205.85375 205.85375
D:0.0385133 (G:0.139985,E:0.119792):0.0983368
1->2 0.056945603 205.85375 205.85375
p2->1 4.0751289e-05 202.96809 205.85375
Trying D G
D:0.0360221 G:0.139985
1->2 0.0029740555 203.20202 205.85375
2->1 0.0071536894 205.85375 205.85375
p1->2 0.010928518 202.9681 205.85375
D:0.0360171 (E:0.118708,G:0.144192):0.0991864
Trying F B
F:0.0442809 B:0.014303
F:0.0442809 (B:0.014303,C:0.00884593):0.0178182
Trying F C
F:0.0442809 (B:0.014303,C:0.00884593):0.0178182
F:0.0442809 C:0.00884593
Migration added
Local updates around node 1: 0 ln(lk):205.85375 
Local updates around node 2: 0 ln(lk):205.85375 
Updates in migration position: 0 ln(lk):205.85375 
Switches in migration direction: 0 ln(lk):205.85375 
ln(likelihood):205.85375 
Targeting migration to vicinity of:
F E
F G
D A
B A

C A
B A
D A
C A
B A
D A
F E
F G
F E
F G
Trying B A
B:0.014303 A:0.0179202
1->2 3.0968394e-07 205.85375 205.85375
2->1 3.6306955e-07 205.85375 205.85375
p1->2 3.0968394e-07 205.85375 205.85375
(C:0.00884593,B:0.014303):0.0174667 A:0.0179202
2->1 0.0008357527 205.85375 205.85375
p1->2 0.099995285 205.85375 205.85375
Trying C A
(C:0.00884593,B:0.014303):0.0174667 A:0.0241595
C:0.00884593 A:0.0241595
1->2 3.0968394e-07 205.85375 205.85375
2->1 3.6306955e-07 205.85375 205.85375
Trying D A
D:0.0363685 A:0.0358404
1->2 3.0968394e-07 205.85375 205.85375
2->1 0.099995285 205.85375 205.85375
Trying F E
F:0.0442809 E:0.119792
1->2 3.8719494e-07 205.85375 205.85375
2->1 3.0968394e-07 205.85375 205.85375
p1->2 3.8719494e-07 205.85375 205.85375
p2->1 0.099995285 205.85375 205.85375
F:0.0587391 (G:0.139985,E:0.119792):0.21797
1->2 0.0008357527 205.85375 205.85375
p1->2 0.099995285 205.85375 205.85375
Trying F G
F:0.0442809 G:0.139985
1->2 3.8719494e-07 205.85375 205.85375
2->1 3.0968394e-07 205.85375 205.85375
p1->2 3.8719494e-07 205.85375 205.85375
F:0.0442809 (E:0.119792,G:0.139986):0.21797
Migration added
Local updates around node 1: 0 ln(lk):205.85375 
Local updates around node 2: 0 ln(lk):205.85375 
Updates in migration position: 0 ln(lk):205.85375 
Switches in migration direction: 0 ln(lk):205.85375 
ln(likelihood):205.85375 
DONE.
