
TreeMix v. 1.13
$Revision: 231 $

npop:7 nsnp:17937834
Estimating covariance matrix in 6899 blocks of size 2600
SEED: 1607918493
Starting from:
(A:0.0870302,(B:0.0122205,C:0.00676365):0.0870302);
Adding F [4/7]
ln(likelihood): -14753.741 
((B:0.0153573,C:0.00990043):0.0657147,(A:0.0451163,F:0.0535554):0.0657147);
Adding D [5/7]
ln(likelihood): -28842.843 
((A:0.0417872,F:0.0502263):0.0549597,((B:0.0207631,C:0.0153062):0.0182582,D:0.0428719):0.0549597);
Adding E [6/7]
ln(likelihood): -1591.7043 
(((A:0.0369779,F:0.045417):0.0533629,((B:0.0154678,C:0.0100109):0.0177211,D:0.0372122):0.0510922):0.110473,E:0.110473);
Adding G [7/7]
ln(likelihood): 205.7871 
(E:0.0598947,(((A:0.0358419,F:0.044281):0.0533708,((B:0.0143025,C:0.00884562):0.017817,D:0.036015):0.0511796):0.0981139,G:0.139981):0.0598947);
Testing global rearrangements
E:0.0598947 D:0.036015
-63319.252 205.7871
A:0.0358419 B:0.0143025
-78704.255 205.7871
A:0.0358419 (B:0.0143025,C:0.00884562):0.017817
-52888.207 205.7871
A:0.0358419 C:0.00884562
-78704.255 205.7871
B:0.0143025 D:0.036015
-2312.6701 205.7871
D:0.036015 E:0.0598947
-66882.442 205.7871
D:0.036015 A:0.0358419
-53460.433 205.7871
D:0.036015 (A:0.0358419,F:0.044281):0.0533708
-25459.142 205.7871
D:0.036015 F:0.044281
-53460.433 205.7871
D:0.036015 G:0.139981
-66882.442 205.7871
G:0.139981 E:0.0598947
205.7871 205.7871
G:0.139981 A:0.0358419
-50721.014 205.7871
G:0.139981 (A:0.0358419,F:0.044281):0.0533708
-31152.934 205.7871
G:0.139981 F:0.044281
-50721.014 205.7871
Targeting migration to vicinity of:
D E
D G
B F
C F

B A
B F
C A
C F
B A
B F
C A
C F
D E
D G
D E
D G
Trying B A
(B:0.0143025,C:0.00884562):0.017817 (A:0.0358419,F:0.044281):0.0533708
1->2 0.056945603 209.54779 205.7871
2->1 0.016823286 209.54779 209.54779
p2->1 4.0751289e-05 205.78707 209.54779
(B:0.0143025,C:0.00884563):0.0178205 A:0.0358419
1->2 0.0016380195 205.86665 209.54779
2->1 0.013056064 209.54779 209.54779
p1->2 4.0751289e-05 205.7871 209.54779
B:0.0143025 (F:0.0442788,A:0.035847):0.053373
1->2 0.038631834 209.54779 209.54779
2->1 0.0029463528 206.20662 209.54779
p2->1 6.2353583e-06 205.78708 209.54779
B:0.014303 A:0.0358419
1->2 0.0018691977 205.91308 209.54779
2->1 0.0024304674 206.25187 209.54779
Trying B F
(C:0.00863287,B:0.0145851):0.0179665 F:0.0442634
1->2 0.0015947899 205.86226 209.54779
2->1 0.013056064 209.54779 209.54779
p1->2 4.0751289e-05 205.7871 209.54779
(C:0.00884562,B:0.0143025):0.017817 (A:0.0358397,F:0.0442868):0.053373
B:0.0143025 F:0.0442868
1->2 0.0018173923 205.90626 209.54779
2->1 0.0023939221 206.24979 209.54779
B:0.0145825 (A:0.0358229,F:0.0442997):0.0534295
Trying C A
C:0.00863437 (A:0.0358229,F:0.0442997):0.0534295
1->2 0.038631834 209.54779 209.54779
2->1 0.0029634435 206.21139 209.54779
p2->1 4.0751289e-05 205.7871 209.54779
C:0.00884874 A:0.0358419
1->2 0.0017964664 205.89599 209.54779
2->1 0.0024445727 206.25548 209.54779
(B:0.0140885,C:0.00910312):0.0179673 (F:0.0442633,A:0.0358593):0.0534293
(B:0.0140885,C:0.00910312):0.0179673 A:0.0358593
Trying C F
C:0.00910312 F:0.0442633
1->2 0.0017529356 205.89001 209.54779
2->1 0.0024304674 206.2533 209.54779
C:0.00910275 (A:0.0358232,F:0.0442994):0.0534299
(B:0.0140886,C:0.00910275):0.0179672 F:0.0442994
(B:0.0140886,C:0.00910275):0.0179672 (A:0.0358232,F:0.0442994):0.0534299
Trying D E
D:0.0359087 E:0.0598947
1->2 0.0026712604 206.02795 209.54779
2->1 0.0071536894 209.54779 209.54779
p1->2 0.00026379287 205.7871 209.54779
Trying D G
D:0.036015 G:0.139955
1->2 0.0029740555 206.09192 209.54779
2->1 0.0071536894 209.54779 209.54779
p1->2 4.0751289e-05 205.7871 209.54779
p2->1 0.0071536894 209.54779 209.54779
Migration added
Local updates around node 1: 0 ln(lk):209.54779 
Local updates around node 2: 0 ln(lk):209.54779 
Updates in migration position: 0 ln(lk):209.54779 
Switches in migration direction: 0 ln(lk):209.54779 
ln(likelihood):209.54779 
Targeting migration to vicinity of:
B G
C G
D E
A E

A E
F E
B G
C G
D E
B G
C G
D E
B G
C G
D E
Trying A E
(A:0.0358419,F:0.044281):0.0538394 E:0.0598947
1->2 3.0968394e-07 209.54779 209.54779
2->1 0.099995285 209.54779 209.54779
p1->2 0.0008357527 209.54779 209.54779
A:0.0358419 E:0.0600358
1->2 3.0968394e-07 209.54779 209.54779
2->1 3.6306955e-07 209.54779 209.54779
Trying B G
B:0.0143025 G:0.139981
1->2 3.0968394e-07 209.54779 209.54779
2->1 3.8719494e-07 209.54779 209.54779
p1->2 3.0968394e-07 209.54779 209.54779
p2->1 3.8719494e-07 209.54779 209.54779
(C:0.00884559,B:0.0143025):0.0196782 G:0.139981
2->1 0.0008357527 209.54779 209.54779
p1->2 0.0008357527 209.54779 209.54779
p2->1 4.0751289e-05 209.54779 209.54779
Trying C G
C:0.00884562 G:0.139981
1->2 3.0968394e-07 209.54779 209.54779
2->1 3.8719494e-07 209.54779 209.54779
p2->1 3.8719494e-07 209.54779 209.54779
(B:0.0143024,C:0.00884567):0.0196782 G:0.139981
Trying D E
D:0.0347829 E:0.0598947
1->2 3.0968394e-07 209.54779 209.54779
2->1 0.0008357527 209.54779 209.54779
p1->2 0.0008357527 209.54779 209.54779
Trying F E
(F:0.044281,A:0.0358419):0.0538394 E:0.0600358
F:0.044281 E:0.0600358
1->2 3.0968394e-07 209.54779 209.54779
2->1 3.6306955e-07 209.54779 209.54779
Migration added
Local updates around node 1: 0 ln(lk):209.54779 
Local updates around node 2: 0 ln(lk):209.54779 
Updates in migration position: 0 ln(lk):209.54779 
Switches in migration direction: 0 ln(lk):209.54779 
ln(likelihood):209.54779 
Targeting migration to vicinity of:
B E
D E
D D
B E

B E
D E
B E
D E
Trying B E
B:0.0143025 E:0.119789
1->2 3.0968394e-07 209.54779 209.54779
2->1 3.6306955e-07 209.54779 209.54779
p1->2 0.099995285 209.54779 209.54779
Trying D E
D:0.0350008 E:0.137378
1->2 3.6306955e-07 209.54779 209.54779
2->1 0.0008357527 209.54779 209.54779
p1->2 0.099995285 209.54779 209.54779
ln(likelihood):209.54779 
Targeting migration to vicinity of:
B E
D D
E E
D E

B E
D E
D D
B E
D E
E E
Trying B E
B:0.0143025 E:0.119789
1->2 3.0968394e-07 209.54779 209.54779
2->1 3.6306955e-07 209.54779 209.54779
p1->2 0.099995285 209.54779 209.54779
Trying D D
(D:0.0350016,(C:0.00884563,B:0.0143025):0.0194528):0.0394957 (D:0.0350016,(C:0.00884563,B:0.0143025):0.0194528):0.0394957
p1->2 0.099995285 209.54779 209.54779
(D:0.0349701,(C:0.00884562,B:0.0143025):0.0194849):0.0510818 (G:0.139981,((D:0.0349701,(C:0.00884562,B:0.0143025):0.0194849):0.0510818,(A:0.0358419,F:0.044281):0.0785192):0.108493):1.68213e-16
2->1 0.099995285 209.54779 209.54779
(D:0.0349701,(C:0.00884562,B:0.0143025):0.0194849):0.0644753 ((D:0.0349701,(C:0.00884562,B:0.0143025):0.0194849):0.0644753,(A:0.0358419,F:0.044281):0.066465):0.120547
D:0.0349701 (D:0.0349701,(C:0.00884562,B:0.0143025):0.0194849):0.0644753
2->1 0.099995285 209.54779 209.54779
p2->1 0.099995285 209.54779 209.54779
D:0.049148 D:0.049148
D:0.049148 (G:0.139981,((A:0.0358419,F:0.044281):0.0777383,(D:0.049148,(C:0.00884563,B:0.0143025):0.0140935):0.0459739):0.109274):1.34119e-16
2->1 0.0008357527 209.54779 209.54779
D:0.0351541 ((A:0.0358419,F:0.044281):0.0784284,(D:0.0351541,(C:0.00884563,B:0.0143025):0.019358):0.0414113):0.108584
(G:0.139981,((A:0.0358419,F:0.044281):0.0784284,(D:0.0351541,(C:0.00884563,B:0.0143025):0.019358):0.0414113):0.108584):1.83489e-16 (G:0.139981,((A:0.0358419,F:0.044281):0.0784284,(D:0.0351541,(C:0.00884563,B:0.0143025):0.019358):0.0414113):0.108584):1.83489e-16
(G:0.139981,((A:0.0358419,F:0.044281):0.0784284,(D:0.0351541,(C:0.00884563,B:0.0143025):0.019358):0.0414113):0.108584):1.83489e-16 ((A:0.0358419,F:0.044281):0.0784284,(D:0.0351541,(C:0.00884563,B:0.0143025):0.019358):0.0414113):0.108584
1->2 0.099995285 209.54779 209.54779
((A:0.0358419,F:0.044281):0.0785192,(D:0.0349701,(C:0.00884562,B:0.0143025):0.0194849):0.0413767):0.133941 (G:0.139981,((A:0.0358419,F:0.044281):0.0785192,(D:0.0349701,(C:0.00884562,B:0.0143025):0.0194849):0.0413767):0.133941):3.78001e-16
((A:0.0358419,F:0.044281):0.0785192,(D:0.0349701,(C:0.00884562,B:0.0143025):0.0194849):0.0413767):0.133941 ((A:0.0358419,F:0.044281):0.0785192,(D:0.0349701,(C:0.00884562,B:0.0143025):0.0194849):0.0413767):0.133941
Trying D E
D:0.0349701 E:0.119789
1->2 3.6306955e-07 209.54779 209.54779
2->1 0.0008357527 209.54779 209.54779
p1->2 0.0008357527 209.54779 209.54779
Trying E E
E:0.120035 E:0.120035
ln(likelihood):209.54779 
Targeting migration to vicinity of:
B E
D E
D D
B E

B E
D E
D D
B E
D E
Trying B E
B:0.0143025 E:0.119789
1->2 3.0968394e-07 209.54779 209.54779
2->1 3.6306955e-07 209.54779 209.54779
p1->2 0.099995285 209.54779 209.54779
Trying D D
D:0.0350024 D:0.0350024
p1->2 0.099995285 209.54779 209.54779
D:0.0431735 (D:0.0431735,(C:0.00884562,B:0.0143025):0.0194832):0.0413764
p2->1 0.099995285 209.54779 209.54779
D:0.0491491 ((A:0.0358419,F:0.044281):0.0777369,(D:0.0491491,(C:0.00884562,B:0.0143025):0.0140919):0.0459736):0.109273
p2->1 0.0008357527 209.54779 209.54779
D:0.0351549 (G:0.139981,((A:0.0358419,F:0.044281):0.078427,(D:0.0351549,(C:0.00884562,B:0.0143025):0.0193563):0.041411):0.108583):2.25612e-16
(D:0.0351549,(C:0.00884562,B:0.0143025):0.0193563):0.041411 (D:0.0351549,(C:0.00884562,B:0.0143025):0.0193563):0.041411
p1->2 0.099995285 209.54779 209.54779
(D:0.0349709,(C:0.00884562,B:0.0143025):0.0194832):0.0510815 ((A:0.0358419,F:0.044281):0.0785178,(D:0.0349709,(C:0.00884562,B:0.0143025):0.0194832):0.0510815):0.108493
p2->1 0.099995285 209.54779 209.54779
(D:0.0349709,(C:0.00884562,B:0.0143025):0.0194832):0.0644748 (G:0.139981,((A:0.0358419,F:0.044281):0.0664637,(D:0.0349709,(C:0.00884562,B:0.0143025):0.0194832):0.0644748):0.120547):2.44491e-16
((A:0.0358419,F:0.044281):0.0664637,(D:0.0349709,(C:0.00884562,B:0.0143025):0.0194832):0.0644748):0.120547 ((A:0.0358419,F:0.044281):0.0664637,(D:0.0349709,(C:0.00884562,B:0.0143025):0.0194832):0.0644748):0.120547
p1->2 0.099995285 209.54779 209.54779
((A:0.0358419,F:0.044281):0.0785178,(D:0.0349709,(C:0.00884562,B:0.0143025):0.0194832):0.0413764):0.13394 (G:0.139981,((A:0.0358419,F:0.044281):0.0785178,(D:0.0349709,(C:0.00884562,B:0.0143025):0.0194832):0.0413764):0.13394):2.10414e-16
(G:0.139981,((A:0.0358419,F:0.044281):0.0785178,(D:0.0349709,(C:0.00884562,B:0.0143025):0.0194832):0.0413764):0.13394):2.10414e-16 ((A:0.0358419,F:0.044281):0.0785178,(D:0.0349709,(C:0.00884562,B:0.0143025):0.0194832):0.0413764):0.13394
(G:0.139981,((A:0.0358419,F:0.044281):0.0785178,(D:0.0349709,(C:0.00884562,B:0.0143025):0.0194832):0.0413764):0.13394):2.10414e-16 (G:0.139981,((A:0.0358419,F:0.044281):0.0785178,(D:0.0349709,(C:0.00884562,B:0.0143025):0.0194832):0.0413764):0.13394):2.10414e-16
Trying D E
D:0.0349709 E:0.119789
1->2 3.6306955e-07 209.54779 209.54779
2->1 0.0008357527 209.54779 209.54779
p1->2 0.099995285 209.54779 209.54779
ln(likelihood):209.54779 
DONE.
