
TreeMix v. 1.13
$Revision: 231 $

npop:7 nsnp:17937834
Estimating covariance matrix in 7474 blocks of size 2400
SEED: 1607917923
Starting from:
((G:0.209552,A:0.0762831):0.0444187,D:0.0444187);
Adding E [4/7]
ln(likelihood): -4276.7601 
((A:0.0751395,(G:0.139752,E:0.11956):0.102275):0.0426627,D:0.0426627);
Adding C [5/7]
ln(likelihood): -2562.6201 
((A:0.0797296,(G:0.141588,E:0.121396):0.102504):0.0245043,(D:0.0403293,C:0.0266105):0.0245043);
Adding B [6/7]
ln(likelihood): -204.47466 
(((G:0.140745,E:0.120553):0.0981297,(D:0.036711,(C:0.00957375,B:0.0150306):0.0179126):0.0513626):0.0446743,A:0.0446743);
Adding F [7/7]
ln(likelihood): 206.57152 
(A:0.0179211,(((G:0.139981,E:0.119789):0.0981153,(D:0.0360147,(C:0.00884557,B:0.0143024):0.0178168):0.0511793):0.0533704,F:0.0442809):0.0179211);
Testing global rearrangements
A:0.0179211 E:0.119789
-57645.194 206.57152
A:0.0179211 C:0.00884557
-85113.757 206.57152
A:0.0179211 (C:0.00884557,B:0.0143024):0.0178168
-57219.652 206.57152
A:0.0179211 B:0.0143024
-85113.757 206.57152
G:0.139981 A:0.0179211
-54871.487 206.57152
G:0.139981 ((G:0.139981,E:0.119789):0.0981153,(D:0.0360147,(C:0.00884557,B:0.0143024):0.0178168):0.0511793):0.0533704
-33711.643 206.57152
G:0.139981 (((G:0.139981,E:0.119789):0.0981153,(D:0.0360147,(C:0.00884557,B:0.0143024):0.0178168):0.0511793):0.0533704,F:0.0442809):0.0179211
-54871.487 206.57152
D:0.0360147 A:0.0179211
-57838.167 206.57152
D:0.0360147 ((G:0.139981,E:0.119789):0.0981153,(D:0.0360147,(C:0.00884557,B:0.0143024):0.0178168):0.0511793):0.0533704
-27547.366 206.57152
D:0.0360147 F:0.0442809
-57838.167 206.57152
C:0.00884557 D:0.0360147
-2514.4325 206.57152
F:0.0442809 D:0.0360147
-57130.582 206.57152
Targeting migration to vicinity of:
D E
G D
A C
B F

A C
A B
F C
F B
C A
C F
B A
B F
D G
D E
G D
E D
Trying A B
A:0.0179211 B:0.0143024
1->2 0.0024304674 207.0742 206.57152
2->1 0.0018625207 206.70779 207.0742
p2->1 0.001643893 206.65758 207.0742
A:0.0180553 (C:0.00884528,B:0.0143021):0.0178247
1->2 0.013056064 210.63902 207.0742
p2->1 0.0053058299 206.57152 210.63902
Trying A C
A:0.0182559 C:0.00884557
1->2 0.0024445727 207.07811 210.63902
2->1 0.0018068991 206.6893 210.63902
A:0.0180703 (B:0.0142989,C:0.00884847):0.0178275
Trying B A
B:0.0142989 A:0.0180703
(B:0.0142989,C:0.00884847):0.0178275 A:0.0180703
Trying B F
B:0.0142989 F:0.0441126
1->2 0.0018068991 206.70041 210.63902
2->1 0.0023939221 207.07196 210.63902
p1->2 0.0015947899 206.65283 210.63902
p2->1 0.0024304674 207.0742 210.63902
(C:0.00863281,B:0.014585):0.0179663 F:0.0442633
2->1 0.013056064 210.63902 210.63902
p1->2 0.0008357527 206.57152 210.63902
p2->1 0.013056064 210.63902 210.63902
Trying C A
C:0.00884557 A:0.0179211
(C:0.00884557,B:0.0143024):0.0193334 A:0.0179211
Trying C F
C:0.00884557 F:0.0442809
1->2 0.0017529356 206.68285 210.63902
2->1 0.0024164431 207.07575 210.63902
p2->1 0.0024445727 207.07811 210.63902
(B:0.0140884,C:0.00910307):0.0179671 F:0.0442632
Trying D E
D:0.0359085 (G:0.139981,E:0.119789):0.0980572
1->2 0.056945603 210.63902 210.63902
2->1 0.016859977 210.63902 210.63902
p2->1 4.0751289e-05 206.57151 210.63902
D:0.0360198 E:0.119789
1->2 0.0026712604 206.83211 210.63902
2->1 0.0071536894 210.63901 210.63902
p1->2 4.0751289e-05 206.57152 210.63902
Trying D G
D:0.0360147 (G:0.139977,E:0.119803):0.0981193
D:0.0360147 G:0.139977
1->2 0.0029740555 206.90123 210.63902
2->1 0.0071536894 210.63901 210.63902
p1->2 0.010928518 206.57152 210.63902
Trying E D
(E:0.118705,G:0.144188):0.0991995 D:0.0360147
E:0.118705 D:0.0360147
Trying F B
F:0.0442809 B:0.0143024
F:0.0442809 (B:0.0143024,C:0.00884557):0.0178168
Trying F C
F:0.0442809 C:0.00884557
F:0.0442809 (B:0.0143024,C:0.00884557):0.0178168
Trying G D
(E:0.118705,G:0.144188):0.0991995 D:0.0360147
G:0.144188 D:0.0360147
Migration added
Local updates around node 1: 0 ln(lk):210.63902 
Local updates around node 2: 0 ln(lk):210.63902 
Updates in migration position: 0 ln(lk):210.63902 
Switches in migration direction: 0 ln(lk):210.63902 
ln(likelihood):210.63902 
DONE.
