
TreeMix v. 1.13
$Revision: 231 $

npop:7 nsnp:17937834
Estimating covariance matrix in 9965 blocks of size 1800
SEED: 1607918493
Starting from:
(A:0.0870307,(B:0.0122207,C:0.0067638):0.0870307);
Adding F [4/7]
ln(likelihood): -21192.895 
((B:0.0153572,C:0.00990033):0.0657156,(A:0.0451159,F:0.0535553):0.0657156);
Adding D [5/7]
ln(likelihood): -41410.79 
((A:0.0417868,F:0.0502262):0.0549605,((B:0.0207631,C:0.0153062):0.0182585,D:0.0428721):0.0549605);
Adding E [6/7]
ln(likelihood): -2348.7556 
(((A:0.0369775,F:0.0454169):0.0533639,((B:0.0154678,C:0.010011):0.0177215,D:0.0372125):0.0510928):0.110473,E:0.110473);
Adding G [7/7]
ln(likelihood): 209.18265 
((((A:0.0358415,F:0.0442808):0.0533719,((B:0.0143026,C:0.00884569):0.0178173,D:0.0360153):0.0511802):0.098112,E:0.11979):0.069991,G:0.069991);
Testing global rearrangements
A:0.0358415 B:0.0143026
-112927.16 209.18265
A:0.0358415 (B:0.0143026,C:0.00884569):0.0178173
-76011.644 209.18265
A:0.0358415 C:0.00884569
-112927.16 209.18265
B:0.0143026 D:0.0360153
-3395.597 209.18265
D:0.0360153 A:0.0358415
-76839.885 209.18265
D:0.0360153 (A:0.0358415,F:0.0442808):0.0533719
-36652.435 209.18265
D:0.0360153 F:0.0442808
-76839.885 209.18265
D:0.0360153 E:0.11979
-96173.378 209.18265
D:0.0360153 G:0.069991
-96173.378 209.18265
E:0.11979 A:0.0358415
-72871.837 209.18265
E:0.11979 (A:0.0358415,F:0.0442808):0.0533719
-44834.281 209.18265
E:0.11979 F:0.0442808
-72871.837 209.18265
E:0.11979 G:0.069991
209.18265 209.18265
G:0.069991 D:0.0360153
-91051.139 209.18265
Targeting migration to vicinity of:
D E
D G
C F
B F

B A
B F
C A
C F
B A
B F
C A
C F
D E
D G
D E
D G
Trying B A
(B:0.0143026,C:0.00884569):0.0178173 (A:0.0358415,F:0.0442808):0.0533719
1->2 0.056945603 214.58536 209.18265
2->1 0.016823286 214.58536 214.58536
p2->1 4.0751289e-05 209.18261 214.58536
(B:0.0143026,C:0.00884569):0.0178209 A:0.0358415
1->2 0.0016380195 209.29697 214.58536
2->1 0.013056064 214.58536 214.58536
p1->2 0.3970964 209.18265 214.58536
B:0.0143026 (F:0.00912801,A:0.156909):0.0885247
1->2 0.038631834 214.58535 214.58536
2->1 0.0029463528 209.78526 214.58536
p2->1 6.2353583e-06 209.18262 214.58536
B:0.0143031 A:0.0358415
1->2 0.0018691977 209.36369 214.58536
2->1 0.0024304674 209.85026 214.58536
Trying B F
(C:0.00863293,B:0.0145852):0.0179668 F:0.0442632
1->2 0.0015947899 209.29073 214.58536
2->1 0.013056064 214.58536 214.58536
p1->2 0.3970964 209.18265 214.58536
(C:0.00884569,B:0.0143026):0.0178173 (A:0.000688607,F:0.180126):0.0885247
B:0.0143026 F:0.180126
1->2 0.0018173923 209.35397 214.58536
2->1 0.0023939221 209.84729 214.58536
B:0.0145826 (A:0.0358224,F:0.0442995):0.0534306
Trying C A
C:0.00863443 (A:0.0358224,F:0.0442995):0.0534306
1->2 0.038631834 214.58535 214.58536
2->1 0.0029634435 209.79215 214.58536
p2->1 4.0751289e-05 209.18265 214.58536
C:0.00884881 A:0.0358415
1->2 0.0017964664 209.33914 214.58536
2->1 0.0024445727 209.85551 214.58536
(B:0.0140886,C:0.00910319):0.0179677 (F:0.0442631,A:0.0358588):0.0534304
(B:0.0140886,C:0.00910319):0.0179677 A:0.0358588
Trying C F
C:0.00910319 F:0.0442631
1->2 0.0017529356 209.33062 214.58536
2->1 0.0024304674 209.85239 214.58536
C:0.00910282 (A:0.0358227,F:0.0442992):0.053431
(B:0.0140887,C:0.00910282):0.0179675 F:0.0442992
(B:0.0140887,C:0.00910282):0.0179675 (A:0.0358227,F:0.0442992):0.053431
Trying D E
D:0.035909 E:0.11979
1->2 0.0026712604 209.52904 214.58536
2->1 0.0071536894 214.58535 214.58536
p1->2 6.2716344e-06 209.18265 214.58536
p2->1 0.0071536894 214.58535 214.58536
Trying D G
D:0.0372619 G:0.069991
1->2 0.0029740555 209.62071 214.58536
2->1 0.0071536894 214.58535 214.58536
p1->2 0.0008357527 209.18265 214.58536
Migration added
Local updates around node 1: 0 ln(lk):214.58536 
Local updates around node 2: 0 ln(lk):214.58536 
Updates in migration position: 0 ln(lk):214.58536 
Switches in migration direction: 0 ln(lk):214.58536 
ln(likelihood):214.58536 
Targeting migration to vicinity of:
C E
B E
F G
D G

B E
C E
D G
B E
C E
D G
B E
C E
D G
A G
F G
Trying A G
(A:0.0358415,F:0.0442808):0.0538404 G:0.069991
1->2 3.0968394e-07 214.58536 214.58536
2->1 0.099995285 214.58536 214.58536
p1->2 4.0751289e-05 214.58536 214.58536
A:0.0358415 G:0.0699987
1->2 3.0968394e-07 214.58536 214.58536
2->1 3.6306955e-07 214.58536 214.58536
Trying B E
B:0.0143026 E:0.11979
1->2 3.0968394e-07 214.58536 214.58536
2->1 3.8719494e-07 214.58536 214.58536
p1->2 3.0968394e-07 214.58536 214.58536
p2->1 3.8719494e-07 214.58536 214.58536
(C:0.00884566,B:0.0143026):0.0196786 E:0.11979
2->1 0.0008357527 214.58536 214.58536
p1->2 0.0008357527 214.58536 214.58536
p2->1 4.0751289e-05 214.58536 214.58536
Trying C E
C:0.00884569 E:0.11979
1->2 3.0968394e-07 214.58536 214.58536
2->1 3.8719494e-07 214.58536 214.58536
p2->1 3.8719494e-07 214.58536 214.58536
(B:0.0143025,C:0.00884573):0.0196786 E:0.11979
Trying D G
D:0.0347832 G:0.069991
1->2 3.0968394e-07 214.58536 214.58536
2->1 0.0008357527 214.58536 214.58536
p1->2 4.0751289e-05 214.58536 214.58536
Trying F G
(F:0.0442808,A:0.0358415):0.0538404 G:0.0699987
F:0.0442808 G:0.0699987
1->2 3.0968394e-07 214.58536 214.58536
2->1 3.6306955e-07 214.58536 214.58536
Migration added
Local updates around node 1: 0 ln(lk):214.58536 
Local updates around node 2: 0 ln(lk):214.58536 
Updates in migration position: 0 ln(lk):214.58536 
Switches in migration direction: 0 ln(lk):214.58536 
ln(likelihood):214.58536 
Targeting migration to vicinity of:
B G
E E
F F
D E

B G
D E
B G
D E
E E
F F
Trying B G
B:0.0143026 G:0.139982
1->2 3.0968394e-07 214.58536 214.58536
2->1 3.6306955e-07 214.58536 214.58536
p1->2 0.099995285 214.58536 214.58536
Trying D E
D:0.0350011 E:0.103142
1->2 3.0968394e-07 214.58536 214.58536
2->1 0.0008357527 214.58536 214.58536
p1->2 3.0968394e-07 214.58536 214.58536
p2->1 0.0008357527 214.58536 214.58536
Trying E E
E:0.11979 E:0.11979
p1->2 0.099995285 214.58536 214.58536
Trying F F
F:0.0442808 F:0.0442808
p1->2 3.9084634e-07 214.58536 214.58536
F:0.0442809 (A:0.0358415,F:0.0442809):0.0785216
p2->1 3.6306955e-07 214.58536 214.58536
F:0.0442809 (E:0.11979,((A:0.0358414,F:0.0442809):0.0785216,((C:0.00884569,B:0.0143026):0.0194869,D:0.0349695):0.0413779):0.108492):1.73898e-16
2->1 3.6306955e-07 214.58536 214.58536
F:0.0442809 ((A:0.0358414,F:0.0442809):0.0785217,((C:0.00884569,B:0.0143026):0.0194869,D:0.0349695):0.0413779):0.108492
(A:0.0358414,F:0.0442809):0.0785217 (A:0.0358414,F:0.0442809):0.0785217
p1->2 0.099995285 214.58536 214.58536
(A:0.0358415,F:0.0442808):0.0993775 (E:0.11979,((A:0.0358415,F:0.0442808):0.0993775,((C:0.00884569,B:0.0143026):0.0194852,D:0.0349695):0.0413779):0.108492):1.44873e-16
2->1 0.099995285 214.58536 214.58536
(A:0.0358415,F:0.0442808):0.114633 ((A:0.0358415,F:0.0442808):0.114633,((C:0.00884569,B:0.0143026):0.0192498,D:0.0352009):0.0275859):0.122052
(E:0.11979,((A:0.0358415,F:0.0442808):0.114633,((C:0.00884569,B:0.0143026):0.0192498,D:0.0352009):0.0275859):0.122052):0 (A:0.0358415,F:0.0442808):0.114633
((A:0.0358415,F:0.0442808):0.114633,((C:0.00884569,B:0.0143026):0.0192498,D:0.0352009):0.0275859):0.122052 (A:0.0358415,F:0.0442808):0.114633
((A:0.0358415,F:0.0442808):0.114633,((C:0.00884569,B:0.0143026):0.0192498,D:0.0352009):0.0275859):0.122052 ((A:0.0358415,F:0.0442808):0.114633,((C:0.00884569,B:0.0143026):0.0192498,D:0.0352009):0.0275859):0.122052
p1->2 0.099995285 214.58536 214.58536
ln(likelihood):214.58536 
Targeting migration to vicinity of:
E E
D E
B G
F F

D E
D E
E E
Trying D E
D:0.0349704 E:0.11979
1->2 3.0968394e-07 214.58536 214.58536
2->1 0.0008357527 214.58536 214.58536
p1->2 3.0968394e-07 214.58536 214.58536
p2->1 0.0008357527 214.58536 214.58536
Trying E E
E:0.11979 E:0.11979
p1->2 0.099995285 214.58536 214.58536
ln(likelihood):214.58536 
Targeting migration to vicinity of:
D E
B G
E E
A E

B G
D E
B G
D E
E E
Trying B G
B:0.0143026 G:0.139982
1->2 3.0968394e-07 214.58536 214.58536
2->1 3.6306955e-07 214.58536 214.58536
p1->2 0.099995285 214.58536 214.58536
Trying D E
D:0.0350027 E:0.103142
1->2 3.0968394e-07 214.58536 214.58536
2->1 0.0008357527 214.58536 214.58536
p1->2 3.0968394e-07 214.58536 214.58536
p2->1 0.0008357527 214.58536 214.58536
Trying E E
E:0.11979 E:0.11979
p1->2 0.099995285 214.58536 214.58536
ln(likelihood):214.58536 
DONE.
