
TreeMix v. 1.13
$Revision: 231 $

npop:7 nsnp:17937834
Estimating covariance matrix in 89689 blocks of size 200
SEED: 1607918072
Starting from:
(F:0.0913903,(C:0.0044153,B:0.00987211):0.0913903);
Adding D [4/7]
ln(likelihood): -144751.41 
(F:0.0835464,((C:0.0126857,B:0.0181425):0.0182188,D:0.0401246):0.0835464);
Adding E [5/7]
ln(likelihood): -152202.32 
(F:0.048176,(((C:0.0100164,B:0.0154732):0.0178167,D:0.0371855):0.0616585,E:0.194547):0.048176);
Adding G [6/7]
ln(likelihood): -1671.6181 
(F:0.0489668,(((C:0.00934986,B:0.0148067):0.0179125,D:0.0364871):0.0512684,(E:0.120322,G:0.140515):0.0981243):0.0489668);
Adding A [7/7]
ln(likelihood): 199.40789 
((((C:0.00884555,B:0.0143024):0.0178167,D:0.0360147):0.051179,(F:0.0442807,A:0.0358422):0.0533698):0.0490581,(E:0.119789,G:0.139981):0.0490581);
Testing global rearrangements
C:0.00884555 D:0.0360147
-27263.372 199.40789
C:0.00884555 F:0.0442807
-869236.34 199.40789
C:0.00884555 (F:0.0442807,A:0.0358422):0.0533698
-511976.07 199.40789
C:0.00884555 A:0.0358422
-869236.34 199.40789
D:0.0360147 C:0.00884555
-27263.372 199.40789
D:0.0360147 E:0.119789
-786196.37 199.40789
D:0.0360147 (E:0.119789,G:0.139981):0.0490581
-298984.14 199.40789
D:0.0360147 G:0.139981
-786196.37 199.40789
F:0.0442807 B:0.0143024
-877019.77 199.40789
F:0.0442807 E:0.119789
-605491.56 199.40789
F:0.0442807 (E:0.119789,G:0.139981):0.0490581
-207186.37 199.40789
F:0.0442807 G:0.139981
-605491.56 199.40789
(F:0.0442807,A:0.0358422):0.0533698 C:0.00884555
-548535.86 199.40789
(F:0.0442807,A:0.0358422):0.0533698 (C:0.00884555,B:0.0143024):0.0178167
-298984.14 199.40789
(F:0.0442807,A:0.0358422):0.0533698 B:0.0143024
-548535.86 199.40789
A:0.0358422 (((C:0.00884555,B:0.0143024):0.0178167,D:0.0360147):0.051179,(F:0.0442807,A:0.0358422):0.0533698):0.0490581
-207186.37 199.40789
A:0.0358422 E:0.119789
-604991.54 199.40789
A:0.0358422 (E:0.119789,G:0.139981):0.0490581
-207186.37 199.40789
A:0.0358422 G:0.139981
-604991.54 199.40789
Targeting migration to vicinity of:
D G
D E
F B
C A

C F
C A
B F
B A
D E
D G
D E
D G
F C
F B
A C
A B
Trying A B
(F:0.0442807,A:0.0358422):0.0533698 B:0.0143024
1->2 0.0029189074 204.25544 199.40789
2->1 0.038631834 243.19914 204.25544
p1->2 6.2255936e-07 199.40797 243.19914
p2->1 0.099995285 243.1992 243.19914
(F:0.0442807,A:0.0358422):0.072741 (C:0.00884555,B:0.0143024):0.0181681
1->2 0.099995285 243.1992 243.1992
p1->2 4.0751289e-05 199.40778 243.1992
A:0.0358422 B:0.0143024
1->2 0.0024304674 204.78679 243.1992
2->1 0.0018691977 200.88615 243.1992
p2->1 0.0016593698 200.34226 243.1992
A:0.0361133 (C:0.00884526,B:0.0143021):0.0178247
1->2 0.013056064 243.1992 243.1992
p2->1 0.016859977 199.40789 243.1992
Trying A C
(F:0.0433655,A:0.038013):0.054285 C:0.00884555
1->2 0.0029463528 204.32112 243.1992
2->1 0.038631834 243.19914 243.1992
p1->2 4.0751289e-05 199.40798 243.1992
(F:0.0442807,A:0.0358422):0.0533698 (B:0.0143,C:0.00884867):0.0178185
((D:0.0360136,(B:0.0143,C:0.00884867):0.0178185):0.0511801,(F:0.0442807,A:0.0358422):0.0533698):0.0490581 C:0.00884867
A:0.0358422 C:0.00884867
1->2 0.0024304674 204.84197 243.1992
2->1 0.0018239077 200.68682 243.1992
A:0.0361434 (B:0.0142988,C:0.00884848):0.0178275
Trying B A
B:0.0142988 (F:0.0441108,A:0.0361434):0.0535277
B:0.0142988 A:0.0361434
(B:0.0142988,C:0.00884848):0.0178275 (F:0.0441108,A:0.0361434):0.0535277
(B:0.0142988,C:0.00884848):0.0178275 A:0.0361434
Trying B F
B:0.0142988 (F:0.0441108,A:0.0361434):0.0535277
B:0.0142988 F:0.0441108
1->2 0.0018344995 200.81199 243.1992
2->1 0.0023716104 204.76433 243.1992
p1->2 0.0016285602 200.29492 243.1992
(C:0.00884555,B:0.0143024):0.017824 (A:0.0356934,F:0.0445743):0.0535083
(C:0.00884555,B:0.0143024):0.017824 F:0.0445743
2->1 0.013056064 243.1992 243.1992
p1->2 4.0751289e-05 199.40789 243.1992
Trying C A
C:0.00884555 (A:0.03584,F:0.0442865):0.0533719
C:0.00884555 A:0.03584
(C:0.00884555,B:0.0143024):0.0178167 (A:0.03584,F:0.0442865):0.0533719
(C:0.00884555,B:0.0143024):0.0178167 A:0.03584
Trying C F
C:0.00884555 (A:0.03584,F:0.0442865):0.0533719
C:0.00884555 F:0.0442865
1->2 0.0017797132 200.62198 243.1992
2->1 0.002407816 204.81784 243.1992
(B:0.0140901,C:0.00910064):0.0179657 (A:0.0358233,F:0.0442993):0.0534286
(B:0.0140901,C:0.00910064):0.0179657 F:0.0442993
Trying D E
D:0.0359091 E:0.119789
1->2 0.0027120281 202.28371 243.1992
2->1 0.0071536894 243.19915 243.1992
p1->2 0.00057362602 199.40789 243.1992
p2->1 0.099995285 243.1992 243.1992
D:0.0511706 (G:0.139981,E:0.119789):0.0948364
1->2 0.099995285 243.1992 243.1992
p1->2 3.0919568e-05 199.40789 243.1992
Trying D G
D:0.0360147 (G:0.139981,E:0.119789):0.0490612
D:0.0360147 G:0.139981
1->2 0.0029913064 202.95863 243.1992
2->1 0.0071536894 243.19915 243.1992
p1->2 0.10342383 199.40789 243.1992
Trying F B
(A:0.0358422,F:0.0442807):0.0533698 B:0.0143024
(A:0.0358422,F:0.0442807):0.0533698 (B:0.0143024,C:0.00884555):0.0178167
F:0.0442807 B:0.0143024
F:0.0442807 (B:0.0143024,C:0.00884555):0.0178167
Trying F C
(A:0.0358422,F:0.0442807):0.0533698 C:0.00884555
(A:0.0358422,F:0.0442807):0.0533698 (B:0.0143024,C:0.00884555):0.0178167
((A:0.0358422,F:0.0442807):0.0533698,((B:0.0143024,C:0.00884555):0.0178167,D:0.0360147):0.051179):0.0547172 C:0.00884555
F:0.0442807 C:0.00884555
F:0.0442807 (B:0.0143024,C:0.00884555):0.0178167
Migration added
Local updates around node 1: 0 ln(lk):243.1992 
Local updates around node 2: 0 ln(lk):243.1992 
Updates in migration position: 0 ln(lk):243.1992 
Switches in migration direction: 0 ln(lk):243.1992 
ln(likelihood):243.1992 
Targeting migration to vicinity of:
B G
D G
F B
F E

C G
B G
D G
C G
B G
D G
F B
A C
A D
F E
Trying A C
A:0.0358422 C:0.00884555
1->2 3.0968394e-07 243.1992 243.1992
2->1 3.3026194e-07 243.1992 243.1992
p1->2 3.8719494e-07 243.1992 243.1992
p2->1 3.3026194e-07 243.1992 243.1992
Trying A D
A:0.0358423 D:0.0356633
1->2 0.0008357527 243.1992 243.1992
2->1 3.3026194e-07 243.1992 243.1992
p1->2 0.099995285 243.1992 243.1992
p2->1 3.6306955e-07 243.1992 243.1992
Trying B G
(B:0.0143024,C:0.00884555):0.0181681 G:0.139981
1->2 3.0968394e-07 243.1992 243.1992
2->1 0.0008357527 243.1992 243.1992
p1->2 0.099995285 243.1992 243.1992
p2->1 0.099995285 243.1992 243.1992
B:0.0143024 G:0.139981
1->2 3.0968394e-07 243.1992 243.1992
2->1 3.0968394e-07 243.1992 243.1992
p2->1 3.6306955e-07 243.1992 243.1992
Trying C G
(C:0.00884553,B:0.0143024):0.0181681 G:0.139981
C:0.00884553 G:0.139981
1->2 3.0968394e-07 243.1992 243.1992
2->1 3.0968394e-07 243.1992 243.1992
p2->1 3.6306955e-07 243.1992 243.1992
Trying D G
D:0.0356633 G:0.139981
1->2 3.0968394e-07 243.1992 243.1992
2->1 0.0008357527 243.1992 243.1992
p2->1 0.099995285 243.1992 243.1992
Trying F B
F:0.0442807 B:0.0143024
1->2 3.0968394e-07 243.1992 243.1992
2->1 3.3026194e-07 243.1992 243.1992
p1->2 3.8719494e-07 243.1992 243.1992
p2->1 3.3026194e-07 243.1992 243.1992
Trying F E
F:0.0442808 E:0.119789
1->2 3.0968394e-07 243.1992 243.1992
2->1 3.0968394e-07 243.1992 243.1992
p1->2 0.0008357527 243.1992 243.1992
p2->1 3.6306955e-07 243.1992 243.1992
ln(likelihood):243.1992 
DONE.
