
TreeMix v. 1.13
$Revision: 231 $

npop:7 nsnp:17937834
Estimating covariance matrix in 22422 blocks of size 800
SEED: 1607918493
Starting from:
(A:0.0870299,(B:0.0122204,C:0.00676357):0.0870299);
Adding F [4/7]
ln(likelihood): -46603.775 
((B:0.0153573,C:0.00990047):0.0657143,(A:0.0451165,F:0.0535553):0.0657143);
Adding D [5/7]
ln(likelihood): -91035.257 
((A:0.0417875,F:0.0502263):0.0549593,((B:0.020763,C:0.0153062):0.018258,D:0.0428717):0.0549593);
Adding E [6/7]
ln(likelihood): -5352.8167 
(((A:0.0369782,F:0.045417):0.0533624,((B:0.0154677,C:0.0100109):0.0177209,D:0.037212):0.051092):0.110474,E:0.110474);
Adding G [7/7]
ln(likelihood): 213.62226 
(G:0.0699906,(E:0.119789,((A:0.0358421,F:0.0442809):0.0533704,((B:0.0143024,C:0.00884557):0.0178168,D:0.0360147):0.0511793):0.0981153):0.0699906);
Testing global rearrangements
G:0.0699906 D:0.0360147
-201579.06 213.62226
E:0.119789 G:0.0699906
213.62226 213.62226
A:0.0358421 B:0.0143024
-247714.88 213.62226
A:0.0358421 (B:0.0143024,C:0.00884557):0.0178168
-167560.92 213.62226
A:0.0358421 C:0.00884557
-247714.88 213.62226
B:0.0143024 D:0.0360147
-7651.1708 213.62226
D:0.0360147 G:0.0699906
-212937.96 213.62226
D:0.0360147 E:0.119789
-212937.96 213.62226
D:0.0360147 A:0.0358421
-169460.42 213.62226
D:0.0360147 (A:0.0358421,F:0.0442809):0.0533704
-81215.28 213.62226
D:0.0360147 F:0.0442809
-169460.42 213.62226
Targeting migration to vicinity of:
D E
D G
B F
A C

A B
A C
F B
F C
B A
B F
C A
C F
D E
D G
D E
D G
Trying A B
(A:0.0358421,F:0.0442809):0.0533704 (B:0.0143024,C:0.00884557):0.0178168
1->2 0.016823286 225.55615 213.62226
2->1 0.056945603 225.55615 225.55615
p1->2 4.0751289e-05 213.62218 225.55615
(A:0.0358421,F:0.0442809):0.0533704 B:0.0143024
1->2 0.0029463528 214.95213 225.55615
2->1 0.038631834 225.55614 225.55615
p1->2 6.2353583e-06 213.62219 225.55615
A:0.0358421 (C:0.0088452,B:0.0143029):0.0178171
1->2 0.013056064 225.55615 225.55615
2->1 0.0016380195 213.87514 225.55615
p2->1 0.43606377 213.62226 225.55615
A:0.185882 B:0.0143024
1->2 0.0024304674 215.09591 225.55615
2->1 0.0018691977 214.02265 225.55615
Trying A C
(F:0.0441047,A:0.0361529):0.0535339 C:0.00883992
1->2 0.0029634435 214.96791 225.55615
2->1 0.038631834 225.55614 225.55615
p1->2 4.0751289e-05 213.62227 225.55615
(F:0.0442809,A:0.0358421):0.0533704 (B:0.0143,C:0.00884869):0.0178185
A:0.0358421 C:0.00884869
1->2 0.0024445727 215.10816 225.55615
2->1 0.0017964664 213.96841 225.55615
A:0.0361388 (B:0.0142989,C:0.00884845):0.0178274
Trying B A
(B:0.0142989,C:0.00884845):0.0178274 (F:0.0441136,A:0.0361388):0.0535259
(B:0.0142989,C:0.00884845):0.0178274 A:0.0361388
B:0.0142989 (F:0.0441136,A:0.0361388):0.0535259
B:0.0142989 A:0.0361388
Trying B F
(B:0.0142989,C:0.00884845):0.0178274 F:0.0441136
1->2 0.0016040532 213.86149 225.55615
2->1 0.013056064 225.55615 225.55615
p1->2 0.3979882 213.62226 225.55615
(B:0.0143024,C:0.00884557):0.0178168 (A:0.000559123,F:0.18079):0.0886533
B:0.0143024 F:0.18079
1->2 0.0018173923 214.00139 225.55615
2->1 0.0023939221 215.08947 225.55615
B:0.0145824 (A:0.0358231,F:0.0442996):0.0534291
Trying C A
C:0.00863431 (A:0.0358231,F:0.0442996):0.0534291
C:0.00863431 A:0.0358231
(C:0.00863431,B:0.0145824):0.0179651 (A:0.0358231,F:0.0442996):0.0534291
(C:0.00863431,B:0.0145824):0.0179651 A:0.0358231
Trying C F
C:0.00863431 F:0.0442996
1->2 0.0017529356 213.94977 225.55615
2->1 0.0024304674 215.10139 225.55615
C:0.00910269 (A:0.0358234,F:0.0442993):0.0534294
(B:0.0140885,C:0.00910269):0.017967 F:0.0442993
(B:0.0140885,C:0.00910269):0.017967 (A:0.0358234,F:0.0442993):0.0534294
Trying D E
D:0.0359084 E:0.119789
1->2 0.0026712604 214.39039 225.55615
2->1 0.0071536894 225.55614 225.55615
p1->2 0.00081367878 213.62226 225.55615
p2->1 0.0071536894 225.55614 225.55615
Trying D G
D:0.0372613 G:0.0699906
1->2 0.0029740555 214.5895 225.55615
2->1 0.0071536894 225.55614 225.55615
p1->2 0.0008357527 213.62226 225.55615
Trying F B
F:0.0442809 (B:0.0143024,C:0.00884557):0.0178168
F:0.0442809 B:0.0143024
(A:0.0358421,F:0.0442809):0.0533704 (B:0.0143024,C:0.00884557):0.0178168
(A:0.0358421,F:0.0442809):0.0533704 B:0.0143024
Trying F C
F:0.0442809 C:0.00884557
F:0.0442809 (B:0.0143024,C:0.00884557):0.0178168
(A:0.0358421,F:0.0442809):0.0533704 C:0.00884557
(A:0.0358421,F:0.0442809):0.0533704 (B:0.0143024,C:0.00884557):0.0178168
Migration added
Local updates around node 1: 0 ln(lk):225.55615 
Local updates around node 2: 0 ln(lk):225.55615 
Updates in migration position: 0 ln(lk):225.55615 
Switches in migration direction: 0 ln(lk):225.55615 
ln(likelihood):225.55615 
Targeting migration to vicinity of:
B E
C E
F G
A G

A G
F G
B E
C E
D G
B E
C E
D G
A G
F G
Trying A G
(A:0.0358421,F:0.0442809):0.0538389 G:0.0699906
1->2 3.0968394e-07 225.55615 225.55615
2->1 0.099995285 225.55615 225.55615
p1->2 0.0008357527 225.55615 225.55615
A:0.0358421 G:0.0701486
1->2 3.0968394e-07 225.55615 225.55615
2->1 3.6306955e-07 225.55615 225.55615
Trying B E
B:0.0143024 E:0.119789
1->2 3.0968394e-07 225.55615 225.55615
2->1 3.8719494e-07 225.55615 225.55615
p1->2 3.0968394e-07 225.55615 225.55615
p2->1 3.8719494e-07 225.55615 225.55615
(C:0.00884553,B:0.0143024):0.019678 E:0.119789
2->1 0.0008357527 225.55615 225.55615
p1->2 0.0008357527 225.55615 225.55615
p2->1 4.0751289e-05 225.55615 225.55615
Trying C E
C:0.00884557 E:0.119789
1->2 3.0968394e-07 225.55615 225.55615
2->1 3.8719494e-07 225.55615 225.55615
p2->1 3.8719494e-07 225.55615 225.55615
(B:0.0143023,C:0.00884561):0.019678 E:0.119789
Trying D G
D:0.0347827 G:0.0699906
1->2 3.0968394e-07 225.55615 225.55615
2->1 0.0008357527 225.55615 225.55615
p1->2 0.0008357527 225.55615 225.55615
Trying F G
(F:0.0442809,A:0.0358421):0.0538389 G:0.0701486
F:0.0442809 G:0.0701486
1->2 3.0968394e-07 225.55615 225.55615
2->1 3.6306955e-07 225.55615 225.55615
Migration added
Local updates around node 1: 0 ln(lk):225.55615 
Local updates around node 2: 0 ln(lk):225.55615 
Updates in migration position: 0 ln(lk):225.55615 
Switches in migration direction: 0 ln(lk):225.55615 
ln(likelihood):225.55615 
Targeting migration to vicinity of:
A F
B F
A A
F D

A A
A F
F A
F F
A A
A F
F A
F F
B F
C A
D F
A C
F B
F D
Trying A A
A:0.0358421 A:0.0358421
p1->2 3.9084634e-07 225.55615 225.55615
Trying A C
A:0.0358421 C:0.00884557
1->2 3.0968394e-07 225.55615 225.55615
2->1 3.3026194e-07 225.55615 225.55615
p1->2 3.0968394e-07 225.55615 225.55615
p2->1 3.3026194e-07 225.55615 225.55615
A:0.0358422 (D:0.034969,(B:0.0143024,C:0.00884557):0.0194863):0.0413766
1->2 0.099995285 225.55615 225.55615
2->1 3.9084634e-07 225.55615 225.55615
p1->2 0.099995285 225.55615 225.55615
p2->1 3.6306955e-07 225.55615 225.55615
A:0.0358422 (B:0.0143024,C:0.00884557):0.0194863
1->2 0.0008357527 225.55615 225.55615
Trying A F
(F:0.0442809,A:0.0358421):0.0785201 F:0.0442809
1->2 3.9084634e-07 225.55615 225.55615
p1->2 3.6306955e-07 225.55615 225.55615
A:0.0358421 F:0.044281
1->2 0.0012983129 225.55615 225.55615
2->1 0.0012983129 225.55615 225.55615
Trying B F
B:0.0143024 F:0.0442809
1->2 3.3026194e-07 225.55615 225.55615
2->1 3.0968394e-07 225.55615 225.55615
p1->2 3.3026194e-07 225.55615 225.55615
p2->1 3.0968394e-07 225.55615 225.55615
B:0.0143024 (A:0.0358421,F:0.0442809):0.0785201
1->2 0.0008357527 225.55615 225.55615
p1->2 0.099995285 225.55615 225.55615
p2->1 3.8719494e-07 225.55615 225.55615
Trying C A
C:0.00884555 A:0.0358421
(D:0.034969,(C:0.00884555,B:0.0143024):0.0194863):0.0413766 A:0.0358421
(C:0.00884555,B:0.0143024):0.0194863 A:0.0358421
Trying D F
D:0.034969 F:0.0442809
1->2 3.3026194e-07 225.55615 225.55615
2->1 0.0008357527 225.55615 225.55615
p1->2 3.9084634e-07 225.55615 225.55615
p2->1 0.0008357527 225.55615 225.55615
D:0.0350621 (A:0.0358421,F:0.0442809):0.0785611
1->2 0.099995285 225.55615 225.55615
p1->2 0.099995285 225.55615 225.55615
p2->1 0.099995285 225.55615 225.55615
Trying F A
F:0.0442809 A:0.0358421
Trying F B
F:0.0442809 B:0.0143024
(A:0.0358421,F:0.0442809):0.0777393 B:0.0143024
Trying F D
F:0.0442809 D:0.0491467
(A:0.0358421,F:0.0442809):0.0777393 D:0.0491467
Trying F F
F:0.0442809 F:0.0442809
(A:0.0358421,F:0.0442809):0.0777393 F:0.0442809
ln(likelihood):225.55615 
Targeting migration to vicinity of:
A F
F F
A A
B F

A A
A F
F A
F F
A A
A F
F A
F F
B F
D F
A A
A F
F A
F F
Trying A A
A:0.0358421 A:0.0358421
p1->2 3.9084634e-07 225.55615 225.55615
Trying A F
(A:0.0358421,F:0.0442809):0.0785188 F:0.0442809
1->2 3.9084634e-07 225.55615 225.55615
p1->2 3.6306955e-07 225.55615 225.55615
A:0.0358421 F:0.044281
1->2 0.0012983129 225.55615 225.55615
2->1 0.0012983129 225.55615 225.55615
Trying B F
B:0.0143024 F:0.0442809
1->2 3.3026194e-07 225.55615 225.55615
2->1 3.0968394e-07 225.55615 225.55615
p1->2 3.3026194e-07 225.55615 225.55615
p2->1 3.0968394e-07 225.55615 225.55615
B:0.0143024 (A:0.0358421,F:0.0442809):0.0785188
1->2 0.0008357527 225.55615 225.55615
p1->2 0.099995285 225.55615 225.55615
p2->1 3.8719494e-07 225.55615 225.55615
Trying D F
D:0.0349698 F:0.0442809
1->2 3.3026194e-07 225.55615 225.55615
2->1 0.0008357527 225.55615 225.55615
p1->2 3.9084634e-07 225.55615 225.55615
p2->1 0.0008357527 225.55615 225.55615
D:0.035063 (A:0.0358421,F:0.0442809):0.0785597
1->2 0.099995285 225.55615 225.55615
p1->2 0.099995285 225.55615 225.55615
p2->1 0.099995285 225.55615 225.55615
Trying F A
F:0.0442809 A:0.0358421
Trying F F
F:0.0442809 F:0.0442809
(A:0.0358421,F:0.0442809):0.0777379 F:0.0442809
ln(likelihood):225.55615 
Targeting migration to vicinity of:
A F
F F
F D
B F

A A
A F
F A
F F
B F
D F
F B
F D
A A
A F
F A
F F
Trying A A
A:0.0358421 A:0.0358421
p1->2 3.9084634e-07 225.55615 225.55615
Trying A F
(A:0.0358421,F:0.0442809):0.0785174 F:0.0442809
1->2 3.9084634e-07 225.55615 225.55615
p1->2 3.6306955e-07 225.55615 225.55615
A:0.0358421 F:0.044281
1->2 0.0012983129 225.55615 225.55615
2->1 0.0012983129 225.55615 225.55615
Trying B F
B:0.0143024 F:0.0442809
1->2 3.3026194e-07 225.55615 225.55615
2->1 3.0968394e-07 225.55615 225.55615
p1->2 3.3026194e-07 225.55615 225.55615
p2->1 3.0968394e-07 225.55615 225.55615
Trying D F
D:0.0349707 F:0.0442809
1->2 3.3026194e-07 225.55615 225.55615
2->1 0.0008357527 225.55615 225.55615
p1->2 3.9084634e-07 225.55615 225.55615
p2->1 0.0008357527 225.55615 225.55615
D:0.0350639 (A:0.0358421,F:0.0442809):0.0785584
1->2 0.099995285 225.55615 225.55615
p1->2 0.099995285 225.55615 225.55615
p2->1 0.099995285 225.55615 225.55615
Trying F A
F:0.0442809 A:0.0358421
Trying F B
F:0.0442809 B:0.0143024
Trying F D
F:0.0442809 D:0.0491487
(A:0.0358421,F:0.0442809):0.0777365 D:0.0491487
Trying F F
F:0.0442809 F:0.0442809
(A:0.0358421,F:0.0442809):0.0777365 F:0.0442809
ln(likelihood):225.55615 
DONE.
