
TreeMix v. 1.13
$Revision: 231 $

npop:7 nsnp:17937834
Estimating covariance matrix in 4982 blocks of size 3600
SEED: 1607918072
Starting from:
(F:0.0913945,(C:0.00441513,B:0.00987202):0.0913945);
Adding D [4/7]
ln(likelihood): -9144.9401 
(F:0.0835504,((C:0.0126857,B:0.0181426):0.0182201,D:0.0401265):0.0835504);
Adding E [5/7]
ln(likelihood): -9916.5716 
(F:0.0481794,(((C:0.0100165,B:0.0154734):0.017818,D:0.0371875):0.0616601,E:0.19454):0.0481794);
Adding G [6/7]
ln(likelihood): 33.576838 
(F:0.0489697,(((C:0.00935033,B:0.0148072):0.0179138,D:0.0364893):0.0512719,(E:0.120326,G:0.140519):0.0981117):0.0489697);
Adding A [7/7]
ln(likelihood): 202.34235 
(F:0.0221404,((((C:0.00884595,B:0.0143028):0.017818,D:0.0360169):0.0511825,(E:0.119792,G:0.139985):0.0981036):0.0533759,A:0.0358405):0.0221404);
Testing global rearrangements
F:0.0221404 C:0.00884595
-56981.421 202.34235
F:0.0221404 (C:0.00884595,B:0.0143028):0.017818
-38276.786 202.34235
F:0.0221404 B:0.0143028
-56981.421 202.34235
C:0.00884595 D:0.0360169
-1630.2603 202.34235
D:0.0360169 F:0.0221404
-38749.963 202.34235
D:0.0360169 E:0.119792
-48424.836 202.34235
D:0.0360169 (E:0.119792,G:0.139985):0.0981036
-18414.472 202.34235
D:0.0360169 G:0.139985
-48424.836 202.34235
D:0.0360169 A:0.0358405
-38749.963 202.34235
E:0.119792 F:0.0221404
-36740.83 202.34235
E:0.119792 (((C:0.00884595,B:0.0143028):0.017818,D:0.0360169):0.0511825,(E:0.119792,G:0.139985):0.0981036):0.0533759
-22527.242 202.34235
E:0.119792 A:0.0358405
-36740.83 202.34235
A:0.0358405 F:0.0221404
202.34235 202.34235
A:0.0358405 C:0.00884595
-57138.261 202.34235
A:0.0358405 (C:0.00884595,B:0.0143028):0.017818
-38336.982 202.34235
A:0.0358405 B:0.0143028
-57138.261 202.34235
A:0.0358405 ((C:0.00884595,B:0.0143028):0.017818,D:0.0360169):0.0511825
-13353.963 202.34235
A:0.0358405 D:0.0360169
-38336.982 202.34235
Targeting migration to vicinity of:
D E
D G
F B
B A

C F
C A
B F
B A
D E
D G
D E
D G
F C
F B
A C
A B
Trying A B
A:0.0358405 B:0.0143028
1->2 0.0024304674 202.67936 202.34235
2->1 0.0018517675 202.43371 202.67936
p1->2 0.0023939221 202.67784 202.67936
p2->1 0.001643893 202.40005 202.67936
A:0.036109 (C:0.00884566,B:0.0143025):0.0178259
1->2 0.013056064 205.07019 202.67936
p1->2 0.013056064 205.07019 205.07019
p2->1 0.051593695 202.34235 205.07019
Trying A C
A:0.0429077 C:0.00884595
1->2 0.0024304674 202.68201 205.07019
2->1 0.0018068991 202.42131 205.07019
p1->2 0.0024164431 202.68042 205.07019
A:0.0358216 (B:0.0140899,C:0.00910183):0.0179675
Trying B A
B:0.0140899 A:0.0358216
(B:0.0140899,C:0.00910183):0.0179675 A:0.0358216
Trying B F
B:0.0140899 F:0.00282318
1->2 0.0018068991 202.42872 205.07019
2->1 0.0023939221 202.67784 205.07019
p1->2 0.0015947899 202.39683 205.07019
(C:0.00884595,B:0.0143028):0.0178252 F:0.0222841
2->1 0.013056064 205.07019 205.07019
p1->2 0.01713662 202.34235 205.07019
Trying C A
C:0.00884595 A:0.0349099
(C:0.00884595,B:0.0143028):0.017818 A:0.0349099
Trying C F
C:0.00884595 F:0.0233926
1->2 0.0017529356 202.41695 205.07019
2->1 0.0024164431 202.68042 205.07019
(B:0.0140899,C:0.00910183):0.0179675 F:0.0249729
Trying D E
D:0.0359111 E:0.119792
1->2 0.0026712604 202.51697 205.07019
2->1 0.0071536894 205.07019 205.07019
p1->2 4.0751289e-05 202.34235 205.07019
p2->1 0.010928518 205.07019 205.07019
D:0.0377443 (G:0.139985,E:0.119792):0.0983379
1->2 0.056945603 205.07019 205.07019
p2->1 4.0751289e-05 202.34234 205.07019
Trying D G
D:0.0360219 (G:0.139985,E:0.119792):0.0981036
D:0.0360219 G:0.139985
1->2 0.0029740555 202.56355 205.07019
2->1 0.0071536894 205.07019 205.07019
p1->2 0.3970964 202.34235 205.07019
Trying F B
F:0.0221404 B:0.0143028
F:0.0221404 (B:0.0143028,C:0.00884595):0.017818
Trying F C
F:0.0221404 C:0.00884595
F:0.0221404 (B:0.0143028,C:0.00884595):0.017818
Migration added
Local updates around node 1: 0 ln(lk):205.07019 
Local updates around node 2: 0 ln(lk):205.07019 
Updates in migration position: 0 ln(lk):205.07019 
Switches in migration direction: 0 ln(lk):205.07019 
ln(likelihood):205.07019 
Targeting migration to vicinity of:
D A
F B
F E
F C

D A
A D
A D
Trying A D
A:0.0358405 D:0.0379193
1->2 0.0008357527 205.07019 205.07019
2->1 3.0968394e-07 205.07019 205.07019
p1->2 0.0008357527 205.07019 205.07019
p2->1 0.0008357527 205.07019 205.07019
Trying D A
D:0.0379193 A:0.035945
Migration added
Local updates around node 1: 0 ln(lk):205.07019 
Local updates around node 2: 0 ln(lk):205.07019 
Updates in migration position: 0 ln(lk):205.07019 
Switches in migration direction: 0 ln(lk):205.07019 
ln(likelihood):205.07019 
DONE.
