
TreeMix v. 1.13
$Revision: 231 $

npop:8 nsnp:17094256
WARNING: no counts at SNP 5431404 population 0
WARNING: no counts at SNP 5431404 population 2
WARNING: no counts at SNP 5431404 population 3
WARNING: no counts at SNP 5431404 population 4
WARNING: no counts at SNP 5431404 population 5
WARNING: no counts at SNP 5431405 population 0
WARNING: no counts at SNP 5431405 population 2
WARNING: no counts at SNP 5431405 population 3
WARNING: no counts at SNP 5431405 population 4
WARNING: no counts at SNP 5431405 population 5
WARNING: no counts at SNP 5431406 population 0
WARNING: no counts at SNP 5431406 population 2
WARNING: no counts at SNP 5431406 population 3
WARNING: no counts at SNP 5431406 population 5
WARNING: no counts at SNP 5431407 population 0
WARNING: no counts at SNP 5431407 population 2
WARNING: no counts at SNP 5431407 population 3
WARNING: no counts at SNP 5431407 population 5
WARNING: no counts at SNP 5431408 population 0
WARNING: no counts at SNP 5431408 population 2
WARNING: no counts at SNP 5431408 population 3
WARNING: no counts at SNP 5431408 population 4
WARNING: no counts at SNP 5431408 population 5
WARNING: no counts at SNP 5431409 population 0
WARNING: no counts at SNP 5431409 population 2
WARNING: no counts at SNP 5431409 population 3
WARNING: no counts at SNP 5431409 population 4
WARNING: no counts at SNP 5431409 population 5
WARNING: no counts at SNP 5431410 population 0
WARNING: no counts at SNP 5431410 population 2
WARNING: no counts at SNP 5431410 population 3
WARNING: no counts at SNP 5431410 population 5
WARNING: no counts at SNP 5431411 population 0
WARNING: no counts at SNP 5431411 population 2
WARNING: no counts at SNP 5431411 population 3
WARNING: no counts at SNP 5431411 population 4
WARNING: no counts at SNP 5431411 population 5
WARNING: no counts at SNP 5431412 population 2
WARNING: no counts at SNP 5431412 population 3
WARNING: no counts at SNP 5431412 population 5
WARNING: no counts at SNP 5431413 population 2
WARNING: no counts at SNP 5431413 population 3
WARNING: no counts at SNP 5431413 population 5
WARNING: no counts at SNP 5431414 population 2
WARNING: no counts at SNP 5431414 population 3
WARNING: no counts at SNP 5431414 population 5
WARNING: no counts at SNP 5431415 population 2
WARNING: no counts at SNP 5431415 population 3
WARNING: no counts at SNP 5431415 population 5
WARNING: no counts at SNP 5431416 population 2
WARNING: no counts at SNP 5431416 population 3
WARNING: no counts at SNP 5431416 population 5
WARNING: no counts at SNP 5431417 population 2
WARNING: no counts at SNP 5431417 population 3
WARNING: no counts at SNP 5431417 population 5
WARNING: no counts at SNP 5431418 population 2
WARNING: no counts at SNP 5431418 population 3
WARNING: no counts at SNP 5431418 population 5
WARNING: no counts at SNP 5431419 population 2
WARNING: no counts at SNP 5431419 population 3
WARNING: no counts at SNP 5431419 population 5
WARNING: no counts at SNP 5431420 population 2
WARNING: no counts at SNP 5431420 population 3
WARNING: no counts at SNP 5431420 population 5
WARNING: no counts at SNP 5431421 population 2
WARNING: no counts at SNP 5431421 population 3
WARNING: no counts at SNP 5431421 population 5
WARNING: no counts at SNP 5431422 population 0
WARNING: no counts at SNP 5431422 population 2
WARNING: no counts at SNP 5431422 population 3
WARNING: no counts at SNP 5431422 population 4
WARNING: no counts at SNP 5431422 population 5
WARNING: no counts at SNP 5431423 population 0
WARNING: no counts at SNP 5431423 population 2
WARNING: no counts at SNP 5431423 population 3
WARNING: no counts at SNP 5431423 population 5
WARNING: no counts at SNP 5431424 population 2
WARNING: no counts at SNP 5431424 population 3
WARNING: no counts at SNP 5431424 population 4
WARNING: no counts at SNP 5431424 population 5
WARNING: no counts at SNP 5431425 population 2
WARNING: no counts at SNP 5431425 population 3
WARNING: no counts at SNP 5431425 population 5
WARNING: no counts at SNP 5431426 population 2
WARNING: no counts at SNP 5431426 population 3
WARNING: no counts at SNP 5431426 population 5
WARNING: no counts at SNP 5431427 population 2
WARNING: no counts at SNP 5431427 population 3
WARNING: no counts at SNP 5431427 population 5
WARNING: no counts at SNP 5431428 population 2
WARNING: no counts at SNP 5431428 population 3
WARNING: no counts at SNP 5431428 population 5
WARNING: no counts at SNP 5431429 population 2
WARNING: no counts at SNP 5431429 population 3
WARNING: no counts at SNP 5431429 population 5
WARNING: no counts at SNP 5431430 population 2
WARNING: no counts at SNP 5431430 population 3
WARNING: no counts at SNP 5431430 population 5
WARNING: no counts at SNP 5431431 population 2
WARNING: no counts at SNP 5431431 population 3
WARNING: no counts at SNP 5431431 population 5
WARNING: no counts at SNP 5431432 population 2
WARNING: no counts at SNP 5431432 population 3
WARNING: no counts at SNP 5431432 population 5
WARNING: no counts at SNP 5431433 population 2
WARNING: no counts at SNP 5431433 population 3
WARNING: no counts at SNP 5431433 population 5
WARNING: no counts at SNP 5431434 population 2
WARNING: no counts at SNP 5431434 population 3
WARNING: no counts at SNP 5431434 population 5
WARNING: no counts at SNP 5431435 population 1
WARNING: no counts at SNP 5431435 population 2
WARNING: no counts at SNP 5431435 population 3
WARNING: no counts at SNP 5431435 population 5
WARNING: no counts at SNP 5431436 population 1
WARNING: no counts at SNP 5431436 population 2
WARNING: no counts at SNP 5431436 population 3
WARNING: no counts at SNP 5431436 population 5
WARNING: no counts at SNP 5431437 population 1
WARNING: no counts at SNP 5431437 population 2
WARNING: no counts at SNP 5431437 population 3
WARNING: no counts at SNP 5431437 population 5
WARNING: no counts at SNP 5431438 population 1
WARNING: no counts at SNP 5431438 population 2
WARNING: no counts at SNP 5431438 population 3
WARNING: no counts at SNP 5431438 population 5
WARNING: no counts at SNP 5431439 population 2
WARNING: no counts at SNP 5431439 population 3
WARNING: no counts at SNP 5431439 population 5
WARNING: no counts at SNP 5431440 population 2
WARNING: no counts at SNP 5431440 population 3
WARNING: no counts at SNP 5431440 population 5
WARNING: no counts at SNP 5431441 population 2
WARNING: no counts at SNP 5431441 population 3
WARNING: no counts at SNP 5431441 population 5
WARNING: no counts at SNP 5431442 population 2
WARNING: no counts at SNP 5431442 population 3
WARNING: no counts at SNP 5431442 population 5
WARNING: no counts at SNP 5431443 population 2
WARNING: no counts at SNP 5431443 population 3
WARNING: no counts at SNP 5431443 population 5
WARNING: no counts at SNP 5431444 population 2
WARNING: no counts at SNP 5431444 population 3
WARNING: no counts at SNP 5431444 population 5
WARNING: no counts at SNP 5431445 population 2
WARNING: no counts at SNP 5431445 population 3
WARNING: no counts at SNP 5431445 population 4
WARNING: no counts at SNP 5431445 population 5
WARNING: no counts at SNP 5431446 population 2
WARNING: no counts at SNP 5431446 population 3
WARNING: no counts at SNP 5431446 population 5
WARNING: no counts at SNP 5431447 population 2
WARNING: no counts at SNP 5431447 population 3
WARNING: no counts at SNP 5431447 population 5
WARNING: no counts at SNP 5431448 population 2
WARNING: no counts at SNP 5431448 population 3
WARNING: no counts at SNP 5431448 population 4
WARNING: no counts at SNP 5431448 population 5
WARNING: no counts at SNP 5431449 population 2
WARNING: no counts at SNP 5431449 population 3
WARNING: no counts at SNP 5431449 population 4
WARNING: no counts at SNP 5431449 population 5
WARNING: no counts at SNP 5431450 population 2
WARNING: no counts at SNP 5431450 population 3
WARNING: no counts at SNP 5431450 population 4
WARNING: no counts at SNP 5431450 population 5
WARNING: no counts at SNP 5431451 population 2
WARNING: no counts at SNP 5431451 population 3
WARNING: no counts at SNP 5431451 population 4
WARNING: no counts at SNP 5431451 population 5
WARNING: no counts at SNP 5431452 population 2
WARNING: no counts at SNP 5431452 population 3
WARNING: no counts at SNP 5431452 population 4
WARNING: no counts at SNP 5431452 population 5
WARNING: no counts at SNP 5431453 population 2
WARNING: no counts at SNP 5431453 population 3
WARNING: no counts at SNP 5431453 population 4
WARNING: no counts at SNP 5431453 population 5
WARNING: no counts at SNP 5431454 population 2
WARNING: no counts at SNP 5431454 population 3
WARNING: no counts at SNP 5431454 population 4
WARNING: no counts at SNP 5431454 population 5
WARNING: no counts at SNP 5431455 population 2
WARNING: no counts at SNP 5431455 population 3
WARNING: no counts at SNP 5431455 population 4
WARNING: no counts at SNP 5431455 population 5
WARNING: no counts at SNP 5431456 population 2
WARNING: no counts at SNP 5431456 population 3
WARNING: no counts at SNP 5431456 population 4
WARNING: no counts at SNP 5431456 population 5
WARNING: no counts at SNP 5431457 population 2
WARNING: no counts at SNP 5431457 population 3
WARNING: no counts at SNP 5431457 population 4
WARNING: no counts at SNP 5431457 population 5
WARNING: no counts at SNP 5431458 population 2
WARNING: no counts at SNP 5431458 population 3
WARNING: no counts at SNP 5431458 population 4
WARNING: no counts at SNP 5431458 population 5
WARNING: no counts at SNP 5431459 population 2
WARNING: no counts at SNP 5431459 population 3
WARNING: no counts at SNP 5431459 population 4
WARNING: no counts at SNP 5431459 population 5
WARNING: no counts at SNP 5431460 population 2
WARNING: no counts at SNP 5431460 population 3
WARNING: no counts at SNP 5431460 population 4
WARNING: no counts at SNP 5431460 population 5
WARNING: no counts at SNP 5431461 population 2
WARNING: no counts at SNP 5431461 population 3
WARNING: no counts at SNP 5431461 population 4
WARNING: no counts at SNP 5431461 population 5
WARNING: no counts at SNP 5431462 population 2
WARNING: no counts at SNP 5431462 population 3
WARNING: no counts at SNP 5431462 population 4
WARNING: no counts at SNP 5431462 population 5
WARNING: no counts at SNP 5431463 population 2
WARNING: no counts at SNP 5431463 population 3
WARNING: no counts at SNP 5431463 population 4
WARNING: no counts at SNP 5431463 population 5
WARNING: no counts at SNP 5431464 population 2
WARNING: no counts at SNP 5431464 population 3
WARNING: no counts at SNP 5431464 population 4
WARNING: no counts at SNP 5431464 population 5
WARNING: no counts at SNP 5431465 population 2
WARNING: no counts at SNP 5431465 population 3
WARNING: no counts at SNP 5431465 population 5
WARNING: no counts at SNP 5431466 population 2
WARNING: no counts at SNP 5431466 population 3
WARNING: no counts at SNP 5431466 population 5
WARNING: no counts at SNP 5431467 population 2
WARNING: no counts at SNP 5431467 population 3
WARNING: no counts at SNP 5431467 population 5
WARNING: no counts at SNP 5431468 population 2
WARNING: no counts at SNP 5431468 population 3
WARNING: no counts at SNP 5431468 population 5
WARNING: no counts at SNP 5431469 population 2
WARNING: no counts at SNP 5431469 population 3
WARNING: no counts at SNP 5431469 population 5
WARNING: no counts at SNP 5431470 population 2
WARNING: no counts at SNP 5431470 population 3
WARNING: no counts at SNP 5431470 population 5
WARNING: no counts at SNP 5431471 population 2
WARNING: no counts at SNP 5431471 population 3
WARNING: no counts at SNP 5431471 population 5
WARNING: no counts at SNP 5431472 population 2
WARNING: no counts at SNP 5431472 population 3
WARNING: no counts at SNP 5431472 population 5
WARNING: no counts at SNP 5431473 population 2
WARNING: no counts at SNP 5431473 population 3
WARNING: no counts at SNP 5431473 population 5
WARNING: no counts at SNP 5431474 population 2
WARNING: no counts at SNP 5431474 population 3
WARNING: no counts at SNP 5431474 population 5
WARNING: no counts at SNP 5431475 population 2
WARNING: no counts at SNP 5431475 population 3
WARNING: no counts at SNP 5431475 population 5
WARNING: no counts at SNP 5431476 population 2
WARNING: no counts at SNP 5431476 population 3
WARNING: no counts at SNP 5431476 population 5
WARNING: no counts at SNP 5431477 population 0
WARNING: no counts at SNP 5431477 population 1
WARNING: no counts at SNP 5431477 population 2
WARNING: no counts at SNP 5431477 population 3
WARNING: no counts at SNP 5431477 population 5
WARNING: no counts at SNP 5431478 population 0
WARNING: no counts at SNP 5431478 population 2
WARNING: no counts at SNP 5431478 population 3
WARNING: no counts at SNP 5431478 population 4
WARNING: no counts at SNP 5431478 population 5
WARNING: no counts at SNP 5431479 population 0
WARNING: no counts at SNP 5431479 population 2
WARNING: no counts at SNP 5431479 population 3
WARNING: no counts at SNP 5431479 population 5
WARNING: no counts at SNP 5431480 population 0
WARNING: no counts at SNP 5431480 population 2
WARNING: no counts at SNP 5431480 population 3
WARNING: no counts at SNP 5431480 population 4
WARNING: no counts at SNP 5431480 population 5
WARNING: no counts at SNP 5431481 population 0
WARNING: no counts at SNP 5431481 population 2
WARNING: no counts at SNP 5431481 population 3
WARNING: no counts at SNP 5431481 population 4
WARNING: no counts at SNP 5431481 population 5
WARNING: no counts at SNP 5431482 population 2
WARNING: no counts at SNP 5431482 population 3
WARNING: no counts at SNP 5431482 population 4
WARNING: no counts at SNP 5431482 population 5
WARNING: no counts at SNP 5431483 population 2
WARNING: no counts at SNP 5431483 population 3
WARNING: no counts at SNP 5431483 population 4
WARNING: no counts at SNP 5431483 population 5
WARNING: no counts at SNP 5431484 population 2
WARNING: no counts at SNP 5431484 population 3
WARNING: no counts at SNP 5431484 population 4
WARNING: no counts at SNP 5431484 population 5
WARNING: no counts at SNP 5431485 population 2
WARNING: no counts at SNP 5431485 population 3
WARNING: no counts at SNP 5431485 population 4
WARNING: no counts at SNP 5431485 population 5
WARNING: no counts at SNP 5431486 population 0
WARNING: no counts at SNP 5431486 population 2
WARNING: no counts at SNP 5431486 population 3
WARNING: no counts at SNP 5431486 population 4
WARNING: no counts at SNP 5431486 population 5
WARNING: no counts at SNP 5431487 population 0
WARNING: no counts at SNP 5431487 population 2
WARNING: no counts at SNP 5431487 population 3
WARNING: no counts at SNP 5431487 population 4
WARNING: no counts at SNP 5431487 population 5
WARNING: no counts at SNP 5431488 population 0
WARNING: no counts at SNP 5431488 population 2
WARNING: no counts at SNP 5431488 population 3
WARNING: no counts at SNP 5431488 population 4
WARNING: no counts at SNP 5431488 population 5
WARNING: no counts at SNP 5431489 population 0
WARNING: no counts at SNP 5431489 population 2
WARNING: no counts at SNP 5431489 population 3
WARNING: no counts at SNP 5431489 population 4
WARNING: no counts at SNP 5431489 population 5
WARNING: no counts at SNP 5431490 population 0
WARNING: no counts at SNP 5431490 population 2
WARNING: no counts at SNP 5431490 population 3
WARNING: no counts at SNP 5431490 population 4
WARNING: no counts at SNP 5431490 population 5
WARNING: no counts at SNP 5431491 population 0
WARNING: no counts at SNP 5431491 population 2
WARNING: no counts at SNP 5431491 population 3
WARNING: no counts at SNP 5431491 population 4
WARNING: no counts at SNP 5431491 population 5
WARNING: no counts at SNP 5431492 population 0
WARNING: no counts at SNP 5431492 population 2
WARNING: no counts at SNP 5431492 population 3
WARNING: no counts at SNP 5431492 population 4
WARNING: no counts at SNP 5431492 population 5
WARNING: no counts at SNP 5431493 population 0
WARNING: no counts at SNP 5431493 population 2
WARNING: no counts at SNP 5431493 population 3
WARNING: no counts at SNP 5431493 population 4
WARNING: no counts at SNP 5431493 population 5
WARNING: no counts at SNP 5431494 population 0
WARNING: no counts at SNP 5431494 population 2
WARNING: no counts at SNP 5431494 population 3
WARNING: no counts at SNP 5431494 population 4
WARNING: no counts at SNP 5431494 population 5
WARNING: no counts at SNP 5431495 population 0
WARNING: no counts at SNP 5431495 population 2
WARNING: no counts at SNP 5431495 population 3
WARNING: no counts at SNP 5431495 population 4
WARNING: no counts at SNP 5431495 population 5
WARNING: no counts at SNP 5431496 population 0
WARNING: no counts at SNP 5431496 population 2
WARNING: no counts at SNP 5431496 population 3
WARNING: no counts at SNP 5431496 population 4
WARNING: no counts at SNP 5431496 population 5
WARNING: no counts at SNP 5431497 population 0
WARNING: no counts at SNP 5431497 population 2
WARNING: no counts at SNP 5431497 population 3
WARNING: no counts at SNP 5431497 population 4
WARNING: no counts at SNP 5431497 population 5
WARNING: no counts at SNP 5431498 population 0
WARNING: no counts at SNP 5431498 population 2
WARNING: no counts at SNP 5431498 population 3
WARNING: no counts at SNP 5431498 population 4
WARNING: no counts at SNP 5431498 population 5
WARNING: no counts at SNP 5431499 population 0
WARNING: no counts at SNP 5431499 population 2
WARNING: no counts at SNP 5431499 population 3
WARNING: no counts at SNP 5431499 population 4
WARNING: no counts at SNP 5431499 population 5
WARNING: no counts at SNP 5431500 population 0
WARNING: no counts at SNP 5431500 population 2
WARNING: no counts at SNP 5431500 population 3
WARNING: no counts at SNP 5431500 population 4
WARNING: no counts at SNP 5431500 population 5
WARNING: no counts at SNP 5431501 population 0
WARNING: no counts at SNP 5431501 population 2
WARNING: no counts at SNP 5431501 population 3
WARNING: no counts at SNP 5431501 population 4
WARNING: no counts at SNP 5431501 population 5
WARNING: no counts at SNP 5431502 population 0
WARNING: no counts at SNP 5431502 population 2
WARNING: no counts at SNP 5431502 population 3
WARNING: no counts at SNP 5431502 population 4
WARNING: no counts at SNP 5431502 population 5
WARNING: no counts at SNP 5431503 population 0
WARNING: no counts at SNP 5431503 population 2
WARNING: no counts at SNP 5431503 population 3
WARNING: no counts at SNP 5431503 population 4
WARNING: no counts at SNP 5431503 population 5
WARNING: no counts at SNP 5431504 population 0
WARNING: no counts at SNP 5431504 population 2
WARNING: no counts at SNP 5431504 population 3
WARNING: no counts at SNP 5431504 population 4
WARNING: no counts at SNP 5431504 population 5
WARNING: no counts at SNP 5431505 population 0
WARNING: no counts at SNP 5431505 population 2
WARNING: no counts at SNP 5431505 population 3
WARNING: no counts at SNP 5431505 population 4
WARNING: no counts at SNP 5431505 population 5
WARNING: no counts at SNP 5431506 population 0
WARNING: no counts at SNP 5431506 population 2
WARNING: no counts at SNP 5431506 population 3
WARNING: no counts at SNP 5431506 population 4
WARNING: no counts at SNP 5431506 population 5
WARNING: no counts at SNP 5431507 population 2
WARNING: no counts at SNP 5431507 population 3
WARNING: no counts at SNP 5431507 population 4
WARNING: no counts at SNP 5431507 population 5
WARNING: no counts at SNP 5431508 population 2
WARNING: no counts at SNP 5431508 population 3
WARNING: no counts at SNP 5431508 population 4
WARNING: no counts at SNP 5431508 population 5
WARNING: no counts at SNP 5431509 population 2
WARNING: no counts at SNP 5431509 population 3
WARNING: no counts at SNP 5431509 population 4
WARNING: no counts at SNP 5431509 population 5
WARNING: no counts at SNP 5431510 population 2
WARNING: no counts at SNP 5431510 population 3
WARNING: no counts at SNP 5431510 population 4
WARNING: no counts at SNP 5431510 population 5
WARNING: no counts at SNP 5431511 population 2
WARNING: no counts at SNP 5431511 population 3
WARNING: no counts at SNP 5431511 population 4
WARNING: no counts at SNP 5431511 population 5
WARNING: no counts at SNP 5431512 population 2
WARNING: no counts at SNP 5431512 population 3
WARNING: no counts at SNP 5431512 population 4
WARNING: no counts at SNP 5431512 population 5
WARNING: no counts at SNP 5431513 population 2
WARNING: no counts at SNP 5431513 population 3
WARNING: no counts at SNP 5431513 population 4
WARNING: no counts at SNP 5431513 population 5
WARNING: no counts at SNP 5431514 population 2
WARNING: no counts at SNP 5431514 population 3
WARNING: no counts at SNP 5431514 population 4
WARNING: no counts at SNP 5431514 population 5
WARNING: no counts at SNP 5431515 population 2
WARNING: no counts at SNP 5431515 population 3
WARNING: no counts at SNP 5431515 population 4
WARNING: no counts at SNP 5431515 population 5
WARNING: no counts at SNP 5431516 population 0
WARNING: no counts at SNP 5431516 population 2
WARNING: no counts at SNP 5431516 population 3
WARNING: no counts at SNP 5431516 population 4
WARNING: no counts at SNP 5431516 population 5
WARNING: no counts at SNP 5431517 population 0
WARNING: no counts at SNP 5431517 population 2
WARNING: no counts at SNP 5431517 population 3
WARNING: no counts at SNP 5431517 population 5
WARNING: no counts at SNP 5431518 population 0
WARNING: no counts at SNP 5431518 population 2
WARNING: no counts at SNP 5431518 population 3
WARNING: no counts at SNP 5431518 population 5
WARNING: no counts at SNP 5431519 population 0
WARNING: no counts at SNP 5431519 population 2
WARNING: no counts at SNP 5431519 population 3
WARNING: no counts at SNP 5431519 population 4
WARNING: no counts at SNP 5431519 population 5
WARNING: no counts at SNP 5431520 population 0
WARNING: no counts at SNP 5431520 population 1
WARNING: no counts at SNP 5431520 population 2
WARNING: no counts at SNP 5431520 population 3
WARNING: no counts at SNP 5431520 population 4
WARNING: no counts at SNP 5431520 population 5
WARNING: no counts at SNP 5431521 population 0
WARNING: no counts at SNP 5431521 population 2
WARNING: no counts at SNP 5431521 population 3
WARNING: no counts at SNP 5431521 population 4
WARNING: no counts at SNP 5431521 population 5
WARNING: no counts at SNP 5431522 population 0
WARNING: no counts at SNP 5431522 population 2
WARNING: no counts at SNP 5431522 population 3
WARNING: no counts at SNP 5431522 population 4
WARNING: no counts at SNP 5431522 population 5
WARNING: no counts at SNP 5431523 population 0
WARNING: no counts at SNP 5431523 population 2
WARNING: no counts at SNP 5431523 population 3
WARNING: no counts at SNP 5431523 population 5
WARNING: no counts at SNP 5431524 population 0
WARNING: no counts at SNP 5431524 population 2
WARNING: no counts at SNP 5431524 population 3
WARNING: no counts at SNP 5431524 population 5
WARNING: no counts at SNP 5431525 population 0
WARNING: no counts at SNP 5431525 population 2
WARNING: no counts at SNP 5431525 population 3
WARNING: no counts at SNP 5431525 population 5
WARNING: no counts at SNP 5431526 population 0
WARNING: no counts at SNP 5431526 population 1
WARNING: no counts at SNP 5431526 population 2
WARNING: no counts at SNP 5431526 population 3
WARNING: no counts at SNP 5431526 population 4
WARNING: no counts at SNP 5431526 population 5
WARNING: no counts at SNP 5431527 population 0
WARNING: no counts at SNP 5431527 population 2
WARNING: no counts at SNP 5431527 population 3
WARNING: no counts at SNP 5431527 population 4
WARNING: no counts at SNP 5431527 population 5
WARNING: no counts at SNP 5431528 population 0
WARNING: no counts at SNP 5431528 population 1
WARNING: no counts at SNP 5431528 population 2
WARNING: no counts at SNP 5431528 population 3
WARNING: no counts at SNP 5431528 population 4
WARNING: no counts at SNP 5431528 population 5
WARNING: no counts at SNP 5431529 population 0
WARNING: no counts at SNP 5431529 population 1
WARNING: no counts at SNP 5431529 population 2
WARNING: no counts at SNP 5431529 population 3
WARNING: no counts at SNP 5431529 population 4
WARNING: no counts at SNP 5431529 population 5
WARNING: no counts at SNP 5431530 population 0
WARNING: no counts at SNP 5431530 population 2
WARNING: no counts at SNP 5431530 population 3
WARNING: no counts at SNP 5431530 population 4
WARNING: no counts at SNP 5431530 population 5
WARNING: no counts at SNP 5431531 population 0
WARNING: no counts at SNP 5431531 population 2
WARNING: no counts at SNP 5431531 population 3
WARNING: no counts at SNP 5431531 population 4
WARNING: no counts at SNP 5431531 population 5
WARNING: no counts at SNP 5431532 population 2
WARNING: no counts at SNP 5431532 population 3
WARNING: no counts at SNP 5431532 population 4
WARNING: no counts at SNP 5431532 population 5
WARNING: no counts at SNP 5431533 population 2
WARNING: no counts at SNP 5431533 population 3
WARNING: no counts at SNP 5431533 population 4
WARNING: no counts at SNP 5431533 population 5
WARNING: no counts at SNP 5431534 population 2
WARNING: no counts at SNP 5431534 population 3
WARNING: no counts at SNP 5431534 population 4
WARNING: no counts at SNP 5431534 population 5
WARNING: no counts at SNP 5431535 population 2
WARNING: no counts at SNP 5431535 population 3
WARNING: no counts at SNP 5431535 population 4
WARNING: no counts at SNP 5431535 population 5
WARNING: no counts at SNP 5431536 population 2
WARNING: no counts at SNP 5431536 population 3
WARNING: no counts at SNP 5431536 population 4
WARNING: no counts at SNP 5431536 population 5
WARNING: no counts at SNP 5431537 population 2
WARNING: no counts at SNP 5431537 population 3
WARNING: no counts at SNP 5431537 population 4
WARNING: no counts at SNP 5431537 population 5
WARNING: no counts at SNP 5431538 population 2
WARNING: no counts at SNP 5431538 population 3
WARNING: no counts at SNP 5431538 population 4
WARNING: no counts at SNP 5431538 population 5
WARNING: no counts at SNP 5431539 population 2
WARNING: no counts at SNP 5431539 population 3
WARNING: no counts at SNP 5431539 population 4
WARNING: no counts at SNP 5431539 population 5
WARNING: no counts at SNP 5431540 population 0
WARNING: no counts at SNP 5431540 population 2
WARNING: no counts at SNP 5431540 population 3
WARNING: no counts at SNP 5431540 population 4
WARNING: no counts at SNP 5431540 population 5
WARNING: no counts at SNP 5431541 population 0
WARNING: no counts at SNP 5431541 population 2
WARNING: no counts at SNP 5431541 population 3
WARNING: no counts at SNP 5431541 population 5
WARNING: no counts at SNP 5431542 population 2
WARNING: no counts at SNP 5431542 population 3
WARNING: no counts at SNP 5431542 population 4
WARNING: no counts at SNP 5431542 population 5
WARNING: no counts at SNP 5431543 population 2
WARNING: no counts at SNP 5431543 population 3
WARNING: no counts at SNP 5431543 population 4
WARNING: no counts at SNP 5431543 population 5
WARNING: no counts at SNP 5431544 population 2
WARNING: no counts at SNP 5431544 population 3
WARNING: no counts at SNP 5431544 population 5
WARNING: no counts at SNP 5431545 population 2
WARNING: no counts at SNP 5431545 population 3
WARNING: no counts at SNP 5431545 population 5
WARNING: no counts at SNP 5431546 population 2
WARNING: no counts at SNP 5431546 population 3
WARNING: no counts at SNP 5431546 population 5
WARNING: no counts at SNP 5431547 population 2
WARNING: no counts at SNP 5431547 population 3
WARNING: no counts at SNP 5431547 population 5
WARNING: no counts at SNP 5431548 population 2
WARNING: no counts at SNP 5431548 population 3
WARNING: no counts at SNP 5431548 population 5
WARNING: no counts at SNP 5431549 population 2
WARNING: no counts at SNP 5431549 population 3
WARNING: no counts at SNP 5431549 population 5
WARNING: no counts at SNP 5431550 population 2
WARNING: no counts at SNP 5431550 population 3
WARNING: no counts at SNP 5431550 population 5
WARNING: no counts at SNP 5431551 population 2
WARNING: no counts at SNP 5431551 population 3
WARNING: no counts at SNP 5431551 population 5
WARNING: no counts at SNP 5431552 population 2
WARNING: no counts at SNP 5431552 population 3
WARNING: no counts at SNP 5431552 population 5
WARNING: no counts at SNP 5431553 population 2
WARNING: no counts at SNP 5431553 population 3
WARNING: no counts at SNP 5431553 population 5
WARNING: no counts at SNP 5431554 population 2
WARNING: no counts at SNP 5431554 population 3
WARNING: no counts at SNP 5431554 population 5
WARNING: no counts at SNP 5431555 population 2
WARNING: no counts at SNP 5431555 population 3
WARNING: no counts at SNP 5431555 population 5
WARNING: no counts at SNP 5431556 population 2
WARNING: no counts at SNP 5431556 population 3
WARNING: no counts at SNP 5431556 population 5
WARNING: no counts at SNP 5431557 population 2
WARNING: no counts at SNP 5431557 population 3
WARNING: no counts at SNP 5431557 population 5
WARNING: no counts at SNP 5431558 population 2
WARNING: no counts at SNP 5431558 population 3
WARNING: no counts at SNP 5431558 population 5
WARNING: no counts at SNP 5431559 population 2
WARNING: no counts at SNP 5431559 population 3
WARNING: no counts at SNP 5431559 population 5
WARNING: no counts at SNP 5431560 population 2
WARNING: no counts at SNP 5431560 population 3
WARNING: no counts at SNP 5431560 population 5
WARNING: no counts at SNP 5431561 population 2
WARNING: no counts at SNP 5431561 population 3
WARNING: no counts at SNP 5431561 population 5
WARNING: no counts at SNP 5431562 population 2
WARNING: no counts at SNP 5431562 population 3
WARNING: no counts at SNP 5431562 population 5
WARNING: no counts at SNP 5431563 population 2
WARNING: no counts at SNP 5431563 population 3
WARNING: no counts at SNP 5431563 population 4
WARNING: no counts at SNP 5431563 population 5
WARNING: no counts at SNP 5431564 population 2
WARNING: no counts at SNP 5431564 population 3
WARNING: no counts at SNP 5431564 population 4
WARNING: no counts at SNP 5431564 population 5
WARNING: no counts at SNP 5431565 population 2
WARNING: no counts at SNP 5431565 population 3
WARNING: no counts at SNP 5431565 population 4
WARNING: no counts at SNP 5431565 population 5
WARNING: no counts at SNP 5431566 population 2
WARNING: no counts at SNP 5431566 population 3
WARNING: no counts at SNP 5431566 population 5
WARNING: no counts at SNP 5431567 population 2
WARNING: no counts at SNP 5431567 population 3
WARNING: no counts at SNP 5431567 population 5
WARNING: no counts at SNP 5431568 population 2
WARNING: no counts at SNP 5431568 population 3
WARNING: no counts at SNP 5431568 population 5
WARNING: no counts at SNP 5431569 population 0
WARNING: no counts at SNP 5431569 population 2
WARNING: no counts at SNP 5431569 population 3
WARNING: no counts at SNP 5431569 population 4
WARNING: no counts at SNP 5431569 population 5
WARNING: no counts at SNP 5431570 population 0
WARNING: no counts at SNP 5431570 population 2
WARNING: no counts at SNP 5431570 population 3
WARNING: no counts at SNP 5431570 population 5
WARNING: no counts at SNP 5431571 population 0
WARNING: no counts at SNP 5431571 population 2
WARNING: no counts at SNP 5431571 population 3
WARNING: no counts at SNP 5431571 population 4
WARNING: no counts at SNP 5431571 population 5
WARNING: no counts at SNP 5431572 population 2
WARNING: no counts at SNP 5431572 population 3
WARNING: no counts at SNP 5431572 population 4
WARNING: no counts at SNP 5431572 population 5
WARNING: no counts at SNP 5431573 population 2
WARNING: no counts at SNP 5431573 population 3
WARNING: no counts at SNP 5431573 population 4
WARNING: no counts at SNP 5431573 population 5
WARNING: no counts at SNP 5431574 population 0
WARNING: no counts at SNP 5431574 population 2
WARNING: no counts at SNP 5431574 population 3
WARNING: no counts at SNP 5431574 population 4
WARNING: no counts at SNP 5431574 population 5
WARNING: no counts at SNP 5431575 population 0
WARNING: no counts at SNP 5431575 population 2
WARNING: no counts at SNP 5431575 population 3
WARNING: no counts at SNP 5431575 population 4
WARNING: no counts at SNP 5431575 population 5
WARNING: no counts at SNP 5431576 population 0
WARNING: no counts at SNP 5431576 population 2
WARNING: no counts at SNP 5431576 population 3
WARNING: no counts at SNP 5431576 population 4
WARNING: no counts at SNP 5431576 population 5
WARNING: no counts at SNP 5431577 population 0
WARNING: no counts at SNP 5431577 population 2
WARNING: no counts at SNP 5431577 population 3
WARNING: no counts at SNP 5431577 population 5
WARNING: no counts at SNP 5431578 population 0
WARNING: no counts at SNP 5431578 population 2
WARNING: no counts at SNP 5431578 population 3
WARNING: no counts at SNP 5431578 population 5
WARNING: no counts at SNP 5431579 population 0
WARNING: no counts at SNP 5431579 population 2
WARNING: no counts at SNP 5431579 population 3
WARNING: no counts at SNP 5431579 population 4
WARNING: no counts at SNP 5431579 population 5
WARNING: no counts at SNP 5431580 population 0
WARNING: no counts at SNP 5431580 population 2
WARNING: no counts at SNP 5431580 population 3
WARNING: no counts at SNP 5431580 population 5
WARNING: no counts at SNP 5431581 population 0
WARNING: no counts at SNP 5431581 population 2
WARNING: no counts at SNP 5431581 population 3
WARNING: no counts at SNP 5431581 population 5
WARNING: no counts at SNP 5431582 population 0
WARNING: no counts at SNP 5431582 population 2
WARNING: no counts at SNP 5431582 population 3
WARNING: no counts at SNP 5431582 population 5
WARNING: no counts at SNP 5431583 population 0
WARNING: no counts at SNP 5431583 population 2
WARNING: no counts at SNP 5431583 population 3
WARNING: no counts at SNP 5431583 population 5
WARNING: no counts at SNP 5431584 population 0
WARNING: no counts at SNP 5431584 population 2
WARNING: no counts at SNP 5431584 population 3
WARNING: no counts at SNP 5431584 population 5
WARNING: no counts at SNP 5431585 population 0
WARNING: no counts at SNP 5431585 population 2
WARNING: no counts at SNP 5431585 population 3
WARNING: no counts at SNP 5431585 population 5
WARNING: no counts at SNP 5431586 population 0
WARNING: no counts at SNP 5431586 population 2
WARNING: no counts at SNP 5431586 population 3
WARNING: no counts at SNP 5431586 population 5
WARNING: no counts at SNP 5431587 population 0
WARNING: no counts at SNP 5431587 population 2
WARNING: no counts at SNP 5431587 population 3
WARNING: no counts at SNP 5431587 population 5
WARNING: no counts at SNP 5431588 population 0
WARNING: no counts at SNP 5431588 population 2
WARNING: no counts at SNP 5431588 population 3
WARNING: no counts at SNP 5431588 population 5
WARNING: no counts at SNP 5431589 population 0
WARNING: no counts at SNP 5431589 population 2
WARNING: no counts at SNP 5431589 population 3
WARNING: no counts at SNP 5431589 population 5
WARNING: no counts at SNP 5431590 population 0
WARNING: no counts at SNP 5431590 population 2
WARNING: no counts at SNP 5431590 population 3
WARNING: no counts at SNP 5431590 population 5
WARNING: no counts at SNP 5431591 population 0
WARNING: no counts at SNP 5431591 population 2
WARNING: no counts at SNP 5431591 population 3
WARNING: no counts at SNP 5431591 population 5
WARNING: no counts at SNP 5431592 population 0
WARNING: no counts at SNP 5431592 population 2
WARNING: no counts at SNP 5431592 population 3
WARNING: no counts at SNP 5431592 population 5
WARNING: no counts at SNP 5431593 population 0
WARNING: no counts at SNP 5431593 population 2
WARNING: no counts at SNP 5431593 population 3
WARNING: no counts at SNP 5431593 population 5
WARNING: no counts at SNP 5431594 population 0
WARNING: no counts at SNP 5431594 population 2
WARNING: no counts at SNP 5431594 population 3
WARNING: no counts at SNP 5431594 population 5
WARNING: no counts at SNP 5431595 population 0
WARNING: no counts at SNP 5431595 population 2
WARNING: no counts at SNP 5431595 population 3
WARNING: no counts at SNP 5431595 population 5
WARNING: no counts at SNP 5431596 population 0
WARNING: no counts at SNP 5431596 population 2
WARNING: no counts at SNP 5431596 population 3
WARNING: no counts at SNP 5431596 population 5
WARNING: no counts at SNP 5431597 population 0
WARNING: no counts at SNP 5431597 population 2
WARNING: no counts at SNP 5431597 population 3
WARNING: no counts at SNP 5431597 population 5
WARNING: no counts at SNP 5431598 population 0
WARNING: no counts at SNP 5431598 population 2
WARNING: no counts at SNP 5431598 population 3
WARNING: no counts at SNP 5431598 population 5
WARNING: no counts at SNP 5431599 population 0
WARNING: no counts at SNP 5431599 population 2
WARNING: no counts at SNP 5431599 population 3
WARNING: no counts at SNP 5431599 population 5
WARNING: no counts at SNP 5431600 population 0
WARNING: no counts at SNP 5431600 population 2
WARNING: no counts at SNP 5431600 population 3
WARNING: no counts at SNP 5431600 population 5
WARNING: no counts at SNP 5431601 population 0
WARNING: no counts at SNP 5431601 population 2
WARNING: no counts at SNP 5431601 population 3
WARNING: no counts at SNP 5431601 population 5
WARNING: no counts at SNP 5431602 population 0
WARNING: no counts at SNP 5431602 population 2
WARNING: no counts at SNP 5431602 population 3
WARNING: no counts at SNP 5431602 population 5
WARNING: no counts at SNP 5431603 population 0
WARNING: no counts at SNP 5431603 population 2
WARNING: no counts at SNP 5431603 population 3
WARNING: no counts at SNP 5431603 population 5
WARNING: no counts at SNP 5431604 population 0
WARNING: no counts at SNP 5431604 population 2
WARNING: no counts at SNP 5431604 population 3
WARNING: no counts at SNP 5431604 population 5
WARNING: no counts at SNP 5431605 population 0
WARNING: no counts at SNP 5431605 population 2
WARNING: no counts at SNP 5431605 population 3
WARNING: no counts at SNP 5431605 population 5
WARNING: no counts at SNP 5431606 population 0
WARNING: no counts at SNP 5431606 population 2
WARNING: no counts at SNP 5431606 population 3
WARNING: no counts at SNP 5431606 population 5
WARNING: no counts at SNP 5431607 population 0
WARNING: no counts at SNP 5431607 population 1
WARNING: no counts at SNP 5431607 population 2
WARNING: no counts at SNP 5431607 population 3
WARNING: no counts at SNP 5431607 population 5
WARNING: no counts at SNP 5431608 population 0
WARNING: no counts at SNP 5431608 population 2
WARNING: no counts at SNP 5431608 population 3
WARNING: no counts at SNP 5431608 population 4
WARNING: no counts at SNP 5431608 population 5
WARNING: no counts at SNP 5431609 population 0
WARNING: no counts at SNP 5431609 population 2
WARNING: no counts at SNP 5431609 population 3
WARNING: no counts at SNP 5431609 population 4
WARNING: no counts at SNP 5431609 population 5
Estimating covariance matrix in 8547 blocks of size 2000
SEED: 1585300760
Starting from:
(A.PraslinPasquereRiver:0.0142431,(F.Curieuse:0.0116607,C.PraslinWest:0.00824541):0.0142431);
Adding PML [4/8]
ln(likelihood): -10962.743 
((F.Curieuse:0.00816106,C.PraslinWest:0.00499134):0,(A.PraslinPasquereRiver:0.00359401,PML:0.883267):0);
Adding B.PraslinPlaineHollandaise [5/8]
ln(likelihood): -21850.27 
((F.Curieuse:0.00784105,(C.PraslinWest:0.00103438,B.PraslinPlaineHollandaise:0.00109356):0.00492801):0,(A.PraslinPasquereRiver:0.00293701,PML:0.883222):0);
Adding D.LaDigue [6/8]
ln(likelihood): -4662.6026 
((PML:0.881385,(((C.PraslinWest:0.000841247,B.PraslinPlaineHollandaise:0.000900884):0.00318774,A.PraslinPasquereRiver:0.00196582):0.00139632,F.Curieuse:0.00708219):0.00322875):0.000163895,D.LaDigue:0.000163895);
Adding E.MaheNorth [7/8]
ln(likelihood): -4781.3484 
(((((C.PraslinWest:0.000798585,B.PraslinPlaineHollandaise:0.000880207):0.00320743,A.PraslinPasquereRiver:0.00192853):0.00155842,F.Curieuse:0.00698292):0.00200421,D.LaDigue:0.00119826):0.000737344,(PML:0.880698,E.MaheNorth:0.0101215):0.000737344);
Adding G.MaheSouth [8/8]
ln(likelihood): -4474.3312 
(((((C.PraslinWest:0.000665089,B.PraslinPlaineHollandaise:0.000768995):0.0031764,A.PraslinPasquereRiver:0.00181504):0.00162903,F.Curieuse:0.00682735):0.00174808,(E.MaheNorth:0.00977486,(PML:0.880126,G.MaheSouth:0.00816532):0.000389084):0.00205411):0.000580125,D.LaDigue:0.000580125);
Testing global rearrangements
C.PraslinWest:0.000665089 ((C.PraslinWest:0.000665089,B.PraslinPlaineHollandaise:0.000768995):0.0031764,A.PraslinPasquereRiver:0.00181504):0.00162903
-12946.11 -4474.3312
C.PraslinWest:0.000665089 (((C.PraslinWest:0.000665089,B.PraslinPlaineHollandaise:0.000768995):0.0031764,A.PraslinPasquereRiver:0.00181504):0.00162903,F.Curieuse:0.00682735):0.00174808
-25072.686 -4474.3312
C.PraslinWest:0.000665089 E.MaheNorth:0.00977486
-56541.987 -4474.3312
C.PraslinWest:0.000665089 G.MaheSouth:0.00816532
-62966.521 -4474.3312
C.PraslinWest:0.000665089 D.LaDigue:0.000580125
-30429.853 -4474.3312
A.PraslinPasquereRiver:0.00181504 C.PraslinWest:0.000665089
-12946.11 -4474.3312
A.PraslinPasquereRiver:0.00181504 F.Curieuse:0.00682735
-8678.2663 -4474.3312
A.PraslinPasquereRiver:0.00181504 E.MaheNorth:0.00977486
-35778.368 -4474.3312
F.Curieuse:0.00682735 C.PraslinWest:0.000665089
-25247.689 -4474.3312
F.Curieuse:0.00682735 A.PraslinPasquereRiver:0.00181504
-8678.2663 -4474.3312
E.MaheNorth:0.00977486 C.PraslinWest:0.000665089
-59009.173 -4474.3312
E.MaheNorth:0.00977486 F.Curieuse:0.00682735
-19765.158 -4474.3312
E.MaheNorth:0.00977486 G.MaheSouth:0.00816532
-4523.0481 -4474.3312
PML:0.880126 D.LaDigue:0.000580125
-7117.4311 -4474.3312
G.MaheSouth:0.00816532 F.Curieuse:0.00682735
-23048.253 -4474.3312
G.MaheSouth:0.00816532 E.MaheNorth:0.00977486
-4523.0481 -4474.3312
D.LaDigue:0.000580125 C.PraslinWest:0.000665089
-21388.096 -4474.3312
D.LaDigue:0.000580125 (C.PraslinWest:0.000665089,B.PraslinPlaineHollandaise:0.000768995):0.0031764
-10557.671 -4474.3312
D.LaDigue:0.000580125 B.PraslinPlaineHollandaise:0.000768995
-21388.096 -4474.3312
D.LaDigue:0.000580125 PML:0.880126
-9605.5673 -4474.3312
Set root above PML
Targeting migration to vicinity of:
PML D.LaDigue
A.PraslinPasquereRiver F.Curieuse
F.Curieuse E.MaheNorth
B.PraslinPlaineHollandaise D.LaDigue

A.PraslinPasquereRiver F.Curieuse
F.Curieuse A.PraslinPasquereRiver
C.PraslinWest D.LaDigue
B.PraslinPlaineHollandaise D.LaDigue
A.PraslinPasquereRiver F.Curieuse
C.PraslinWest D.LaDigue
B.PraslinPlaineHollandaise D.LaDigue
F.Curieuse E.MaheNorth
PML D.LaDigue
G.MaheSouth E.MaheNorth
Trying A.PraslinPasquereRiver F.Curieuse
A.PraslinPasquereRiver:0.00181504 F.Curieuse:0.00682735
1->2 0.42340454 -3175.2455 -4474.3312
2->1 0.18461432 -2992.3957 -3175.2455
p2->1 4.0751289e-05 -4474.335 -2992.3957
Trying B.PraslinPlaineHollandaise D.LaDigue
(C.PraslinWest:0.000665089,B.PraslinPlaineHollandaise:0.000768995):0.00317634 D.LaDigue:0.00116025
1->2 0.37227571 -2840.6633 -2992.3957
2->1 0.38458845 -2190.1738 -2840.6633
p1->2 0.46207473 -3687.3804 -2190.1738
p2->1 0.4034535 -3255.932 -2190.1738
B.PraslinPlaineHollandaise:0.00077025 D.LaDigue:0.00115198
1->2 0.35497782 -2812.8752 -2190.1738
2->1 0.056872107 -4444.4389 -2190.1738
p2->1 8.6377241e-07 -4474.3325 -2190.1738
Trying C.PraslinWest D.LaDigue
C.PraslinWest:0.000665086 D.LaDigue:0.00116025
1->2 0.35497782 -2812.8752 -2190.1738
2->1 0.14624406 -3973.072 -2190.1738
p2->1 0.13533403 -4155.1123 -2190.1738
(B.PraslinPlaineHollandaise:0,C.PraslinWest:0.00195623):0.00385941 D.LaDigue:0.00115532
Trying F.Curieuse A.PraslinPasquereRiver
F.Curieuse:0.00673795 A.PraslinPasquereRiver:0.00159616
Trying F.Curieuse E.MaheNorth
F.Curieuse:0.00673795 E.MaheNorth:0.00977536
1->2 0.10228353 -3874.1134 -2190.1738
2->1 0.32924169 -3516.7766 -2190.1738
p1->2 0.17898016 -4270.7632 -2190.1738
p2->1 0.36320961 -3650.5005 -2190.1738
((A.PraslinPasquereRiver:0.00175861,(B.PraslinPlaineHollandaise:0.000768995,C.PraslinWest:0.000665089):0.00309176):0,F.Curieuse:0.0195672):0.00331133 E.MaheNorth:0.00976556
2->1 0.098679066 -3986.1676 -2190.1738
p2->1 4.0751289e-05 -4474.3326 -2190.1738
Trying G.MaheSouth E.MaheNorth
G.MaheSouth:0.00816532 E.MaheNorth:0.00977486
1->2 0.11635422 -4011.544 -2190.1738
2->1 0.094320953 -4011.5438 -2190.1738
p1->2 4.0751289e-05 -4474.3389 -2190.1738
Trying PML D.LaDigue
PML:0.440063 D.LaDigue:0.00116025
1->2 0.25067014 -3144.8574 -2190.1738
2->1 0.44800359 -3279.5252 -2190.1738
p2->1 0.86050004 -4038.263 -2190.1738
Migration added
Local updates around node 1: 0 ln(lk):-2190.1738 
Local updates around node 2: 0 ln(lk):-2190.1738 
Updates in migration position: 0 ln(lk):-2190.1738 
Switches in migration direction: 0 ln(lk):-2190.1738 
ln(likelihood):-2190.1762 
Targeting migration to vicinity of:
PML D.LaDigue
F.Curieuse E.MaheNorth
E.MaheNorth G.MaheSouth
A.PraslinPasquereRiver B.PraslinPlaineHollandaise

D.LaDigue PML
E.MaheNorth G.MaheSouth
G.MaheSouth E.MaheNorth
F.Curieuse E.MaheNorth
PML D.LaDigue
G.MaheSouth E.MaheNorth
Trying D.LaDigue PML
D.LaDigue:0.0017878 PML:0.440065
1->2 0.4062368 -944.61066 -2190.1762
2->1 0.10477322 -903.23621 -944.61066
p1->2 0.42809603 -1718.9172 -903.23621
Trying E.MaheNorth G.MaheSouth
E.MaheNorth:0.00927096 G.MaheSouth:0.00672529
1->2 0.096514925 -1720.8951 -903.23621
2->1 0.11891959 -1721.835 -903.23621
p2->1 4.0751289e-05 -2190.184 -903.23621
Trying F.Curieuse E.MaheNorth
F.Curieuse:0.00602118 E.MaheNorth:0.00977918
1->2 0.15705328 -1628.8864 -903.23621
2->1 0.31283933 -1678.0915 -903.23621
p1->2 0.18784222 -1768.5282 -903.23621
p2->1 0.38725302 -1780.7464 -903.23621
Trying G.MaheSouth E.MaheNorth
G.MaheSouth:0.00816725 E.MaheNorth:0.00976669
Trying PML D.LaDigue
PML:0.440064 D.LaDigue:0.00136946
Migration added
Local updates around node 1: 0 ln(lk):-903.23621 
Local updates around node 2: 0 ln(lk):-903.23621 
Updates in migration position: 0 ln(lk):-903.23621 
Switches in migration direction: 0 ln(lk):-903.23621 
ln(likelihood):-887.12025 
Targeting migration to vicinity of:
E.MaheNorth G.MaheSouth
F.Curieuse E.MaheNorth
A.PraslinPasquereRiver B.PraslinPlaineHollandaise
D.LaDigue G.MaheSouth

A.PraslinPasquereRiver B.PraslinPlaineHollandaise
F.Curieuse A.PraslinPasquereRiver
B.PraslinPlaineHollandaise A.PraslinPasquereRiver
F.Curieuse PML
F.Curieuse E.MaheNorth
D.LaDigue G.MaheSouth
E.MaheNorth G.MaheSouth
D.LaDigue G.MaheSouth
E.MaheNorth G.MaheSouth
G.MaheSouth E.MaheNorth
A.PraslinPasquereRiver D.LaDigue
F.Curieuse E.MaheNorth
D.LaDigue G.MaheSouth
Trying A.PraslinPasquereRiver B.PraslinPlaineHollandaise
A.PraslinPasquereRiver:0 B.PraslinPlaineHollandaise:0.000770722
1->2 0.10216379 -835.39945 -887.12025
2->1 0.19562683 -748.46617 -835.39945
p1->2 0.10216379 -835.39945 -748.46617
((C.PraslinWest:0.000254708,B.PraslinPlaineHollandaise:0.00139256):0.0123873,A.PraslinPasquereRiver:0):0.00305982 B.PraslinPlaineHollandaise:0.00139256
p1->2 3.0968394e-07 -887.12072 -748.46617
Trying A.PraslinPasquereRiver D.LaDigue
A.PraslinPasquereRiver:0 D.LaDigue:0.00333034
1->2 0.1326178 -708.04527 -748.46617
2->1 0.055264656 -802.7111 -708.04527
p1->2 0.1326178 -708.04527 -708.04527
p2->1 0.025061708 -880.4469 -708.04527
((C.PraslinWest:0.000666563,B.PraslinPlaineHollandaise:0.00077047):0.0110752,A.PraslinPasquereRiver:0):0.00327797 D.LaDigue:0.00334675
2->1 0.30258778 -535.47309 -708.04527
p1->2 0.61916691 -834.68836 -535.47309
p2->1 0.098679066 -887.12025 -535.47309
Trying B.PraslinPlaineHollandaise A.PraslinPasquereRiver
B.PraslinPlaineHollandaise:0.000770722 A.PraslinPasquereRiver:0
Trying D.LaDigue G.MaheSouth
D.LaDigue:0.00333034 G.MaheSouth:0.00778436
1->2 3.0968394e-07 -887.12052 -535.47309
2->1 0.040274259 -810.57408 -535.47309
p1->2 0.96339184 -887.12004 -535.47309
p2->1 0.029357629 -882.94326 -535.47309
Trying E.MaheNorth G.MaheSouth
E.MaheNorth:0.00955464 G.MaheSouth:0.00778512
1->2 0.93797642 -479.33194 -535.47309
2->1 0.39842027 -479.33203 -479.33194
p2->1 4.0751289e-05 -887.12039 -479.33194
Trying F.Curieuse A.PraslinPasquereRiver
F.Curieuse:0.00614414 A.PraslinPasquereRiver:0
1->2 0.39919356 -589.68555 -479.33194
2->1 0.10146535 -887.12026 -479.33194
p1->2 0.46058095 -808.99594 -479.33194
Trying F.Curieuse E.MaheNorth
F.Curieuse:0.00611169 E.MaheNorth:0.0095579
1->2 0.13769098 -559.91905 -479.33194
2->1 0.26900253 -422.72706 -479.33194
p1->2 0.17100258 -714.13765 -422.72706
p2->1 0.32466421 -526.65894 -422.72706
Trying F.Curieuse PML
F.Curieuse:0.0157741 PML:0.871758
1->2 0.19703777 -559.48827 -422.72706
2->1 0.00010459283 -881.52461 -422.72706
p1->2 0.32512721 -486.06933 -422.72706
Trying G.MaheSouth E.MaheNorth
G.MaheSouth:0.0064611 E.MaheNorth:0.00908703
Migration added
Local updates around node 1: 0 ln(lk):-422.72706 
Local updates around node 2: 1 ln(lk):-255.55949 
Updates in migration position: 0 ln(lk):-255.55949 
Switches in migration direction: 0 ln(lk):-255.55949 
Local updates around node 1: 0 ln(lk):-255.55949 
Local updates around node 2: 0 ln(lk):-255.55949 
Switches in migration direction: 0 ln(lk):-255.55949 
Updates in migration position: 0 ln(lk):-255.55949 
Trying all local rearrangements
Local rearrangements: 0 ln(lk):-255.55949 
Flipping migration edge
Flipping migration edge
ln(likelihood):-255.55857 
Targeting migration to vicinity of:
E.MaheNorth G.MaheSouth
F.Curieuse D.LaDigue
A.PraslinPasquereRiver B.PraslinPlaineHollandaise
A.PraslinPasquereRiver PML

A.PraslinPasquereRiver B.PraslinPlaineHollandaise
A.PraslinPasquereRiver PML
F.Curieuse PML
F.Curieuse D.LaDigue
E.MaheNorth G.MaheSouth
G.MaheSouth E.MaheNorth
A.PraslinPasquereRiver PML
F.Curieuse PML
F.Curieuse D.LaDigue
Trying A.PraslinPasquereRiver B.PraslinPlaineHollandaise
A.PraslinPasquereRiver:0 B.PraslinPlaineHollandaise:0.000768832
1->2 0.12511863 -194.59602 -255.55857
2->1 0.068295024 -227.00554 -194.59602
p1->2 0.13834849 -194.96296 -194.59602
p2->1 0.00138943 -256.74774 -194.59602
Trying A.PraslinPasquereRiver PML
A.PraslinPasquereRiver:3.8035e-05 PML:0.877216
1->2 0.095008008 -29.158632 -194.59602
2->1 0.010889833 -253.05263 -29.158632
p1->2 0.095008008 -29.158632 -29.158632
p2->1 0.0041844263 -256.39735 -29.158632
(F.Curieuse:0.0208201,A.PraslinPasquereRiver:6.5415e-05):0 PML:0.877212
2->1 0.084335394 -14.992155 -29.158632
p1->2 0.050576322 -82.69847 -14.992155
p2->1 0.1588705 -67.956404 -14.992155
Trying E.MaheNorth G.MaheSouth
E.MaheNorth:0.00894343 G.MaheSouth:0.00730724
1->2 0.078394055 53.653198 -14.992155
2->1 0.088855907 37.286192 53.653198
p1->2 0.43606377 -256.75914 53.653198
p2->1 6.2353583e-06 -256.7592 53.653198
Trying F.Curieuse D.LaDigue
F.Curieuse:0.0208328 D.LaDigue:0.00463549
1->2 3.0968394e-07 -256.75916 53.653198
2->1 0.017493729 -224.18438 53.653198
p1->2 3.0968394e-07 -256.75916 53.653198
p2->1 0.011015512 -244.71537 53.653198
F.Curieuse:0.0217672 (PML:0.877191,D.LaDigue:0.00464616):0.00107459
1->2 0.087347768 -10.397526 53.653198
p1->2 0.087633997 -45.681953 53.653198
Trying F.Curieuse PML
(A.PraslinPasquereRiver:1.75942e-05,F.Curieuse:0.0208447):0 PML:0.87734
F.Curieuse:0.0208447 PML:0.87734
1->2 0.091459662 -16.36223 53.653198
2->1 0.0082513522 -230.19593 53.653198
F.Curieuse:0.0215892 (D.LaDigue:0.00462677,PML:0.877204):0.00103755
Trying G.MaheSouth E.MaheNorth
G.MaheSouth:0.00767917 E.MaheNorth:0.00932211
Migration added
Local updates around node 1: 1 ln(lk):122.71842 
Local updates around node 2: 0 ln(lk):122.71842 
Updates in migration position: 1 ln(lk):123.43133 
Switches in migration direction: 0 ln(lk):123.43133 
Local updates around node 1: 1 ln(lk):123.64822 
Local updates around node 2: 0 ln(lk):123.64822 
Switches in migration direction: 0 ln(lk):123.64822 
Updates in migration position: 0 ln(lk):123.64822 
Local updates around node 1: 1 ln(lk):123.67599 
Local updates around node 2: 0 ln(lk):123.67599 
Switches in migration direction: 0 ln(lk):123.67599 
Updates in migration position: 0 ln(lk):123.67599 
Local updates around node 1: 0 ln(lk):123.67639 
Local updates around node 2: 0 ln(lk):123.67639 
Switches in migration direction: 0 ln(lk):123.67639 
Updates in migration position: 0 ln(lk):123.67639 
Trying all local rearrangements
Local rearrangements: 0 ln(lk):123.67651 
ln(likelihood):123.67612 
Targeting migration to vicinity of:
F.Curieuse D.LaDigue
A.PraslinPasquereRiver B.PraslinPlaineHollandaise
C.PraslinWest G.MaheSouth
C.PraslinWest E.MaheNorth

A.PraslinPasquereRiver B.PraslinPlaineHollandaise
F.Curieuse D.LaDigue
Trying A.PraslinPasquereRiver B.PraslinPlaineHollandaise
A.PraslinPasquereRiver:0 B.PraslinPlaineHollandaise:0.00076926
1->2 0.13598205 194.6951 123.67612
2->1 0.068752699 154.37458 194.6951
p1->2 0.13678665 194.71248 194.6951
p2->1 0.023109306 131.04542 194.71248
Trying F.Curieuse D.LaDigue
F.Curieuse:0.0238123 D.LaDigue:0.00386849
1->2 0.021019453 187.85922 194.71248
2->1 0.010008138 132.4936 194.71248
p1->2 1.4695728e-05 123.67613 194.71248
p2->1 0.0038882021 124.87254 194.71248
Migration added
Local updates around node 1: 1 ln(lk):198.28113 
Local updates around node 2: 0 ln(lk):198.28113 
Updates in migration position: 2 ln(lk):200.51296 
Switches in migration direction: 0 ln(lk):200.51296 
Local updates around node 1: 0 ln(lk):200.51296 
Local updates around node 2: 0 ln(lk):200.51296 
Switches in migration direction: 0 ln(lk):200.51296 
Updates in migration position: 0 ln(lk):200.51296 
Trying all local rearrangements
Local rearrangements: 0 ln(lk):200.51296 
ln(likelihood):201.53442 
DONE.
