
TreeMix v. 1.13
$Revision: 231 $

npop:8 nsnp:17094256
WARNING: no counts at SNP 5431404 population 0
WARNING: no counts at SNP 5431404 population 2
WARNING: no counts at SNP 5431404 population 3
WARNING: no counts at SNP 5431404 population 4
WARNING: no counts at SNP 5431404 population 5
WARNING: no counts at SNP 5431405 population 0
WARNING: no counts at SNP 5431405 population 2
WARNING: no counts at SNP 5431405 population 3
WARNING: no counts at SNP 5431405 population 4
WARNING: no counts at SNP 5431405 population 5
WARNING: no counts at SNP 5431406 population 0
WARNING: no counts at SNP 5431406 population 2
WARNING: no counts at SNP 5431406 population 3
WARNING: no counts at SNP 5431406 population 5
WARNING: no counts at SNP 5431407 population 0
WARNING: no counts at SNP 5431407 population 2
WARNING: no counts at SNP 5431407 population 3
WARNING: no counts at SNP 5431407 population 5
WARNING: no counts at SNP 5431408 population 0
WARNING: no counts at SNP 5431408 population 2
WARNING: no counts at SNP 5431408 population 3
WARNING: no counts at SNP 5431408 population 4
WARNING: no counts at SNP 5431408 population 5
WARNING: no counts at SNP 5431409 population 0
WARNING: no counts at SNP 5431409 population 2
WARNING: no counts at SNP 5431409 population 3
WARNING: no counts at SNP 5431409 population 4
WARNING: no counts at SNP 5431409 population 5
WARNING: no counts at SNP 5431410 population 0
WARNING: no counts at SNP 5431410 population 2
WARNING: no counts at SNP 5431410 population 3
WARNING: no counts at SNP 5431410 population 5
WARNING: no counts at SNP 5431411 population 0
WARNING: no counts at SNP 5431411 population 2
WARNING: no counts at SNP 5431411 population 3
WARNING: no counts at SNP 5431411 population 4
WARNING: no counts at SNP 5431411 population 5
WARNING: no counts at SNP 5431412 population 2
WARNING: no counts at SNP 5431412 population 3
WARNING: no counts at SNP 5431412 population 5
WARNING: no counts at SNP 5431413 population 2
WARNING: no counts at SNP 5431413 population 3
WARNING: no counts at SNP 5431413 population 5
WARNING: no counts at SNP 5431414 population 2
WARNING: no counts at SNP 5431414 population 3
WARNING: no counts at SNP 5431414 population 5
WARNING: no counts at SNP 5431415 population 2
WARNING: no counts at SNP 5431415 population 3
WARNING: no counts at SNP 5431415 population 5
WARNING: no counts at SNP 5431416 population 2
WARNING: no counts at SNP 5431416 population 3
WARNING: no counts at SNP 5431416 population 5
WARNING: no counts at SNP 5431417 population 2
WARNING: no counts at SNP 5431417 population 3
WARNING: no counts at SNP 5431417 population 5
WARNING: no counts at SNP 5431418 population 2
WARNING: no counts at SNP 5431418 population 3
WARNING: no counts at SNP 5431418 population 5
WARNING: no counts at SNP 5431419 population 2
WARNING: no counts at SNP 5431419 population 3
WARNING: no counts at SNP 5431419 population 5
WARNING: no counts at SNP 5431420 population 2
WARNING: no counts at SNP 5431420 population 3
WARNING: no counts at SNP 5431420 population 5
WARNING: no counts at SNP 5431421 population 2
WARNING: no counts at SNP 5431421 population 3
WARNING: no counts at SNP 5431421 population 5
WARNING: no counts at SNP 5431422 population 0
WARNING: no counts at SNP 5431422 population 2
WARNING: no counts at SNP 5431422 population 3
WARNING: no counts at SNP 5431422 population 4
WARNING: no counts at SNP 5431422 population 5
WARNING: no counts at SNP 5431423 population 0
WARNING: no counts at SNP 5431423 population 2
WARNING: no counts at SNP 5431423 population 3
WARNING: no counts at SNP 5431423 population 5
WARNING: no counts at SNP 5431424 population 2
WARNING: no counts at SNP 5431424 population 3
WARNING: no counts at SNP 5431424 population 4
WARNING: no counts at SNP 5431424 population 5
WARNING: no counts at SNP 5431425 population 2
WARNING: no counts at SNP 5431425 population 3
WARNING: no counts at SNP 5431425 population 5
WARNING: no counts at SNP 5431426 population 2
WARNING: no counts at SNP 5431426 population 3
WARNING: no counts at SNP 5431426 population 5
WARNING: no counts at SNP 5431427 population 2
WARNING: no counts at SNP 5431427 population 3
WARNING: no counts at SNP 5431427 population 5
WARNING: no counts at SNP 5431428 population 2
WARNING: no counts at SNP 5431428 population 3
WARNING: no counts at SNP 5431428 population 5
WARNING: no counts at SNP 5431429 population 2
WARNING: no counts at SNP 5431429 population 3
WARNING: no counts at SNP 5431429 population 5
WARNING: no counts at SNP 5431430 population 2
WARNING: no counts at SNP 5431430 population 3
WARNING: no counts at SNP 5431430 population 5
WARNING: no counts at SNP 5431431 population 2
WARNING: no counts at SNP 5431431 population 3
WARNING: no counts at SNP 5431431 population 5
WARNING: no counts at SNP 5431432 population 2
WARNING: no counts at SNP 5431432 population 3
WARNING: no counts at SNP 5431432 population 5
WARNING: no counts at SNP 5431433 population 2
WARNING: no counts at SNP 5431433 population 3
WARNING: no counts at SNP 5431433 population 5
WARNING: no counts at SNP 5431434 population 2
WARNING: no counts at SNP 5431434 population 3
WARNING: no counts at SNP 5431434 population 5
WARNING: no counts at SNP 5431435 population 1
WARNING: no counts at SNP 5431435 population 2
WARNING: no counts at SNP 5431435 population 3
WARNING: no counts at SNP 5431435 population 5
WARNING: no counts at SNP 5431436 population 1
WARNING: no counts at SNP 5431436 population 2
WARNING: no counts at SNP 5431436 population 3
WARNING: no counts at SNP 5431436 population 5
WARNING: no counts at SNP 5431437 population 1
WARNING: no counts at SNP 5431437 population 2
WARNING: no counts at SNP 5431437 population 3
WARNING: no counts at SNP 5431437 population 5
WARNING: no counts at SNP 5431438 population 1
WARNING: no counts at SNP 5431438 population 2
WARNING: no counts at SNP 5431438 population 3
WARNING: no counts at SNP 5431438 population 5
WARNING: no counts at SNP 5431439 population 2
WARNING: no counts at SNP 5431439 population 3
WARNING: no counts at SNP 5431439 population 5
WARNING: no counts at SNP 5431440 population 2
WARNING: no counts at SNP 5431440 population 3
WARNING: no counts at SNP 5431440 population 5
WARNING: no counts at SNP 5431441 population 2
WARNING: no counts at SNP 5431441 population 3
WARNING: no counts at SNP 5431441 population 5
WARNING: no counts at SNP 5431442 population 2
WARNING: no counts at SNP 5431442 population 3
WARNING: no counts at SNP 5431442 population 5
WARNING: no counts at SNP 5431443 population 2
WARNING: no counts at SNP 5431443 population 3
WARNING: no counts at SNP 5431443 population 5
WARNING: no counts at SNP 5431444 population 2
WARNING: no counts at SNP 5431444 population 3
WARNING: no counts at SNP 5431444 population 5
WARNING: no counts at SNP 5431445 population 2
WARNING: no counts at SNP 5431445 population 3
WARNING: no counts at SNP 5431445 population 4
WARNING: no counts at SNP 5431445 population 5
WARNING: no counts at SNP 5431446 population 2
WARNING: no counts at SNP 5431446 population 3
WARNING: no counts at SNP 5431446 population 5
WARNING: no counts at SNP 5431447 population 2
WARNING: no counts at SNP 5431447 population 3
WARNING: no counts at SNP 5431447 population 5
WARNING: no counts at SNP 5431448 population 2
WARNING: no counts at SNP 5431448 population 3
WARNING: no counts at SNP 5431448 population 4
WARNING: no counts at SNP 5431448 population 5
WARNING: no counts at SNP 5431449 population 2
WARNING: no counts at SNP 5431449 population 3
WARNING: no counts at SNP 5431449 population 4
WARNING: no counts at SNP 5431449 population 5
WARNING: no counts at SNP 5431450 population 2
WARNING: no counts at SNP 5431450 population 3
WARNING: no counts at SNP 5431450 population 4
WARNING: no counts at SNP 5431450 population 5
WARNING: no counts at SNP 5431451 population 2
WARNING: no counts at SNP 5431451 population 3
WARNING: no counts at SNP 5431451 population 4
WARNING: no counts at SNP 5431451 population 5
WARNING: no counts at SNP 5431452 population 2
WARNING: no counts at SNP 5431452 population 3
WARNING: no counts at SNP 5431452 population 4
WARNING: no counts at SNP 5431452 population 5
WARNING: no counts at SNP 5431453 population 2
WARNING: no counts at SNP 5431453 population 3
WARNING: no counts at SNP 5431453 population 4
WARNING: no counts at SNP 5431453 population 5
WARNING: no counts at SNP 5431454 population 2
WARNING: no counts at SNP 5431454 population 3
WARNING: no counts at SNP 5431454 population 4
WARNING: no counts at SNP 5431454 population 5
WARNING: no counts at SNP 5431455 population 2
WARNING: no counts at SNP 5431455 population 3
WARNING: no counts at SNP 5431455 population 4
WARNING: no counts at SNP 5431455 population 5
WARNING: no counts at SNP 5431456 population 2
WARNING: no counts at SNP 5431456 population 3
WARNING: no counts at SNP 5431456 population 4
WARNING: no counts at SNP 5431456 population 5
WARNING: no counts at SNP 5431457 population 2
WARNING: no counts at SNP 5431457 population 3
WARNING: no counts at SNP 5431457 population 4
WARNING: no counts at SNP 5431457 population 5
WARNING: no counts at SNP 5431458 population 2
WARNING: no counts at SNP 5431458 population 3
WARNING: no counts at SNP 5431458 population 4
WARNING: no counts at SNP 5431458 population 5
WARNING: no counts at SNP 5431459 population 2
WARNING: no counts at SNP 5431459 population 3
WARNING: no counts at SNP 5431459 population 4
WARNING: no counts at SNP 5431459 population 5
WARNING: no counts at SNP 5431460 population 2
WARNING: no counts at SNP 5431460 population 3
WARNING: no counts at SNP 5431460 population 4
WARNING: no counts at SNP 5431460 population 5
WARNING: no counts at SNP 5431461 population 2
WARNING: no counts at SNP 5431461 population 3
WARNING: no counts at SNP 5431461 population 4
WARNING: no counts at SNP 5431461 population 5
WARNING: no counts at SNP 5431462 population 2
WARNING: no counts at SNP 5431462 population 3
WARNING: no counts at SNP 5431462 population 4
WARNING: no counts at SNP 5431462 population 5
WARNING: no counts at SNP 5431463 population 2
WARNING: no counts at SNP 5431463 population 3
WARNING: no counts at SNP 5431463 population 4
WARNING: no counts at SNP 5431463 population 5
WARNING: no counts at SNP 5431464 population 2
WARNING: no counts at SNP 5431464 population 3
WARNING: no counts at SNP 5431464 population 4
WARNING: no counts at SNP 5431464 population 5
WARNING: no counts at SNP 5431465 population 2
WARNING: no counts at SNP 5431465 population 3
WARNING: no counts at SNP 5431465 population 5
WARNING: no counts at SNP 5431466 population 2
WARNING: no counts at SNP 5431466 population 3
WARNING: no counts at SNP 5431466 population 5
WARNING: no counts at SNP 5431467 population 2
WARNING: no counts at SNP 5431467 population 3
WARNING: no counts at SNP 5431467 population 5
WARNING: no counts at SNP 5431468 population 2
WARNING: no counts at SNP 5431468 population 3
WARNING: no counts at SNP 5431468 population 5
WARNING: no counts at SNP 5431469 population 2
WARNING: no counts at SNP 5431469 population 3
WARNING: no counts at SNP 5431469 population 5
WARNING: no counts at SNP 5431470 population 2
WARNING: no counts at SNP 5431470 population 3
WARNING: no counts at SNP 5431470 population 5
WARNING: no counts at SNP 5431471 population 2
WARNING: no counts at SNP 5431471 population 3
WARNING: no counts at SNP 5431471 population 5
WARNING: no counts at SNP 5431472 population 2
WARNING: no counts at SNP 5431472 population 3
WARNING: no counts at SNP 5431472 population 5
WARNING: no counts at SNP 5431473 population 2
WARNING: no counts at SNP 5431473 population 3
WARNING: no counts at SNP 5431473 population 5
WARNING: no counts at SNP 5431474 population 2
WARNING: no counts at SNP 5431474 population 3
WARNING: no counts at SNP 5431474 population 5
WARNING: no counts at SNP 5431475 population 2
WARNING: no counts at SNP 5431475 population 3
WARNING: no counts at SNP 5431475 population 5
WARNING: no counts at SNP 5431476 population 2
WARNING: no counts at SNP 5431476 population 3
WARNING: no counts at SNP 5431476 population 5
WARNING: no counts at SNP 5431477 population 0
WARNING: no counts at SNP 5431477 population 1
WARNING: no counts at SNP 5431477 population 2
WARNING: no counts at SNP 5431477 population 3
WARNING: no counts at SNP 5431477 population 5
WARNING: no counts at SNP 5431478 population 0
WARNING: no counts at SNP 5431478 population 2
WARNING: no counts at SNP 5431478 population 3
WARNING: no counts at SNP 5431478 population 4
WARNING: no counts at SNP 5431478 population 5
WARNING: no counts at SNP 5431479 population 0
WARNING: no counts at SNP 5431479 population 2
WARNING: no counts at SNP 5431479 population 3
WARNING: no counts at SNP 5431479 population 5
WARNING: no counts at SNP 5431480 population 0
WARNING: no counts at SNP 5431480 population 2
WARNING: no counts at SNP 5431480 population 3
WARNING: no counts at SNP 5431480 population 4
WARNING: no counts at SNP 5431480 population 5
WARNING: no counts at SNP 5431481 population 0
WARNING: no counts at SNP 5431481 population 2
WARNING: no counts at SNP 5431481 population 3
WARNING: no counts at SNP 5431481 population 4
WARNING: no counts at SNP 5431481 population 5
WARNING: no counts at SNP 5431482 population 2
WARNING: no counts at SNP 5431482 population 3
WARNING: no counts at SNP 5431482 population 4
WARNING: no counts at SNP 5431482 population 5
WARNING: no counts at SNP 5431483 population 2
WARNING: no counts at SNP 5431483 population 3
WARNING: no counts at SNP 5431483 population 4
WARNING: no counts at SNP 5431483 population 5
WARNING: no counts at SNP 5431484 population 2
WARNING: no counts at SNP 5431484 population 3
WARNING: no counts at SNP 5431484 population 4
WARNING: no counts at SNP 5431484 population 5
WARNING: no counts at SNP 5431485 population 2
WARNING: no counts at SNP 5431485 population 3
WARNING: no counts at SNP 5431485 population 4
WARNING: no counts at SNP 5431485 population 5
WARNING: no counts at SNP 5431486 population 0
WARNING: no counts at SNP 5431486 population 2
WARNING: no counts at SNP 5431486 population 3
WARNING: no counts at SNP 5431486 population 4
WARNING: no counts at SNP 5431486 population 5
WARNING: no counts at SNP 5431487 population 0
WARNING: no counts at SNP 5431487 population 2
WARNING: no counts at SNP 5431487 population 3
WARNING: no counts at SNP 5431487 population 4
WARNING: no counts at SNP 5431487 population 5
WARNING: no counts at SNP 5431488 population 0
WARNING: no counts at SNP 5431488 population 2
WARNING: no counts at SNP 5431488 population 3
WARNING: no counts at SNP 5431488 population 4
WARNING: no counts at SNP 5431488 population 5
WARNING: no counts at SNP 5431489 population 0
WARNING: no counts at SNP 5431489 population 2
WARNING: no counts at SNP 5431489 population 3
WARNING: no counts at SNP 5431489 population 4
WARNING: no counts at SNP 5431489 population 5
WARNING: no counts at SNP 5431490 population 0
WARNING: no counts at SNP 5431490 population 2
WARNING: no counts at SNP 5431490 population 3
WARNING: no counts at SNP 5431490 population 4
WARNING: no counts at SNP 5431490 population 5
WARNING: no counts at SNP 5431491 population 0
WARNING: no counts at SNP 5431491 population 2
WARNING: no counts at SNP 5431491 population 3
WARNING: no counts at SNP 5431491 population 4
WARNING: no counts at SNP 5431491 population 5
WARNING: no counts at SNP 5431492 population 0
WARNING: no counts at SNP 5431492 population 2
WARNING: no counts at SNP 5431492 population 3
WARNING: no counts at SNP 5431492 population 4
WARNING: no counts at SNP 5431492 population 5
WARNING: no counts at SNP 5431493 population 0
WARNING: no counts at SNP 5431493 population 2
WARNING: no counts at SNP 5431493 population 3
WARNING: no counts at SNP 5431493 population 4
WARNING: no counts at SNP 5431493 population 5
WARNING: no counts at SNP 5431494 population 0
WARNING: no counts at SNP 5431494 population 2
WARNING: no counts at SNP 5431494 population 3
WARNING: no counts at SNP 5431494 population 4
WARNING: no counts at SNP 5431494 population 5
WARNING: no counts at SNP 5431495 population 0
WARNING: no counts at SNP 5431495 population 2
WARNING: no counts at SNP 5431495 population 3
WARNING: no counts at SNP 5431495 population 4
WARNING: no counts at SNP 5431495 population 5
WARNING: no counts at SNP 5431496 population 0
WARNING: no counts at SNP 5431496 population 2
WARNING: no counts at SNP 5431496 population 3
WARNING: no counts at SNP 5431496 population 4
WARNING: no counts at SNP 5431496 population 5
WARNING: no counts at SNP 5431497 population 0
WARNING: no counts at SNP 5431497 population 2
WARNING: no counts at SNP 5431497 population 3
WARNING: no counts at SNP 5431497 population 4
WARNING: no counts at SNP 5431497 population 5
WARNING: no counts at SNP 5431498 population 0
WARNING: no counts at SNP 5431498 population 2
WARNING: no counts at SNP 5431498 population 3
WARNING: no counts at SNP 5431498 population 4
WARNING: no counts at SNP 5431498 population 5
WARNING: no counts at SNP 5431499 population 0
WARNING: no counts at SNP 5431499 population 2
WARNING: no counts at SNP 5431499 population 3
WARNING: no counts at SNP 5431499 population 4
WARNING: no counts at SNP 5431499 population 5
WARNING: no counts at SNP 5431500 population 0
WARNING: no counts at SNP 5431500 population 2
WARNING: no counts at SNP 5431500 population 3
WARNING: no counts at SNP 5431500 population 4
WARNING: no counts at SNP 5431500 population 5
WARNING: no counts at SNP 5431501 population 0
WARNING: no counts at SNP 5431501 population 2
WARNING: no counts at SNP 5431501 population 3
WARNING: no counts at SNP 5431501 population 4
WARNING: no counts at SNP 5431501 population 5
WARNING: no counts at SNP 5431502 population 0
WARNING: no counts at SNP 5431502 population 2
WARNING: no counts at SNP 5431502 population 3
WARNING: no counts at SNP 5431502 population 4
WARNING: no counts at SNP 5431502 population 5
WARNING: no counts at SNP 5431503 population 0
WARNING: no counts at SNP 5431503 population 2
WARNING: no counts at SNP 5431503 population 3
WARNING: no counts at SNP 5431503 population 4
WARNING: no counts at SNP 5431503 population 5
WARNING: no counts at SNP 5431504 population 0
WARNING: no counts at SNP 5431504 population 2
WARNING: no counts at SNP 5431504 population 3
WARNING: no counts at SNP 5431504 population 4
WARNING: no counts at SNP 5431504 population 5
WARNING: no counts at SNP 5431505 population 0
WARNING: no counts at SNP 5431505 population 2
WARNING: no counts at SNP 5431505 population 3
WARNING: no counts at SNP 5431505 population 4
WARNING: no counts at SNP 5431505 population 5
WARNING: no counts at SNP 5431506 population 0
WARNING: no counts at SNP 5431506 population 2
WARNING: no counts at SNP 5431506 population 3
WARNING: no counts at SNP 5431506 population 4
WARNING: no counts at SNP 5431506 population 5
WARNING: no counts at SNP 5431507 population 2
WARNING: no counts at SNP 5431507 population 3
WARNING: no counts at SNP 5431507 population 4
WARNING: no counts at SNP 5431507 population 5
WARNING: no counts at SNP 5431508 population 2
WARNING: no counts at SNP 5431508 population 3
WARNING: no counts at SNP 5431508 population 4
WARNING: no counts at SNP 5431508 population 5
WARNING: no counts at SNP 5431509 population 2
WARNING: no counts at SNP 5431509 population 3
WARNING: no counts at SNP 5431509 population 4
WARNING: no counts at SNP 5431509 population 5
WARNING: no counts at SNP 5431510 population 2
WARNING: no counts at SNP 5431510 population 3
WARNING: no counts at SNP 5431510 population 4
WARNING: no counts at SNP 5431510 population 5
WARNING: no counts at SNP 5431511 population 2
WARNING: no counts at SNP 5431511 population 3
WARNING: no counts at SNP 5431511 population 4
WARNING: no counts at SNP 5431511 population 5
WARNING: no counts at SNP 5431512 population 2
WARNING: no counts at SNP 5431512 population 3
WARNING: no counts at SNP 5431512 population 4
WARNING: no counts at SNP 5431512 population 5
WARNING: no counts at SNP 5431513 population 2
WARNING: no counts at SNP 5431513 population 3
WARNING: no counts at SNP 5431513 population 4
WARNING: no counts at SNP 5431513 population 5
WARNING: no counts at SNP 5431514 population 2
WARNING: no counts at SNP 5431514 population 3
WARNING: no counts at SNP 5431514 population 4
WARNING: no counts at SNP 5431514 population 5
WARNING: no counts at SNP 5431515 population 2
WARNING: no counts at SNP 5431515 population 3
WARNING: no counts at SNP 5431515 population 4
WARNING: no counts at SNP 5431515 population 5
WARNING: no counts at SNP 5431516 population 0
WARNING: no counts at SNP 5431516 population 2
WARNING: no counts at SNP 5431516 population 3
WARNING: no counts at SNP 5431516 population 4
WARNING: no counts at SNP 5431516 population 5
WARNING: no counts at SNP 5431517 population 0
WARNING: no counts at SNP 5431517 population 2
WARNING: no counts at SNP 5431517 population 3
WARNING: no counts at SNP 5431517 population 5
WARNING: no counts at SNP 5431518 population 0
WARNING: no counts at SNP 5431518 population 2
WARNING: no counts at SNP 5431518 population 3
WARNING: no counts at SNP 5431518 population 5
WARNING: no counts at SNP 5431519 population 0
WARNING: no counts at SNP 5431519 population 2
WARNING: no counts at SNP 5431519 population 3
WARNING: no counts at SNP 5431519 population 4
WARNING: no counts at SNP 5431519 population 5
WARNING: no counts at SNP 5431520 population 0
WARNING: no counts at SNP 5431520 population 1
WARNING: no counts at SNP 5431520 population 2
WARNING: no counts at SNP 5431520 population 3
WARNING: no counts at SNP 5431520 population 4
WARNING: no counts at SNP 5431520 population 5
WARNING: no counts at SNP 5431521 population 0
WARNING: no counts at SNP 5431521 population 2
WARNING: no counts at SNP 5431521 population 3
WARNING: no counts at SNP 5431521 population 4
WARNING: no counts at SNP 5431521 population 5
WARNING: no counts at SNP 5431522 population 0
WARNING: no counts at SNP 5431522 population 2
WARNING: no counts at SNP 5431522 population 3
WARNING: no counts at SNP 5431522 population 4
WARNING: no counts at SNP 5431522 population 5
WARNING: no counts at SNP 5431523 population 0
WARNING: no counts at SNP 5431523 population 2
WARNING: no counts at SNP 5431523 population 3
WARNING: no counts at SNP 5431523 population 5
WARNING: no counts at SNP 5431524 population 0
WARNING: no counts at SNP 5431524 population 2
WARNING: no counts at SNP 5431524 population 3
WARNING: no counts at SNP 5431524 population 5
WARNING: no counts at SNP 5431525 population 0
WARNING: no counts at SNP 5431525 population 2
WARNING: no counts at SNP 5431525 population 3
WARNING: no counts at SNP 5431525 population 5
WARNING: no counts at SNP 5431526 population 0
WARNING: no counts at SNP 5431526 population 1
WARNING: no counts at SNP 5431526 population 2
WARNING: no counts at SNP 5431526 population 3
WARNING: no counts at SNP 5431526 population 4
WARNING: no counts at SNP 5431526 population 5
WARNING: no counts at SNP 5431527 population 0
WARNING: no counts at SNP 5431527 population 2
WARNING: no counts at SNP 5431527 population 3
WARNING: no counts at SNP 5431527 population 4
WARNING: no counts at SNP 5431527 population 5
WARNING: no counts at SNP 5431528 population 0
WARNING: no counts at SNP 5431528 population 1
WARNING: no counts at SNP 5431528 population 2
WARNING: no counts at SNP 5431528 population 3
WARNING: no counts at SNP 5431528 population 4
WARNING: no counts at SNP 5431528 population 5
WARNING: no counts at SNP 5431529 population 0
WARNING: no counts at SNP 5431529 population 1
WARNING: no counts at SNP 5431529 population 2
WARNING: no counts at SNP 5431529 population 3
WARNING: no counts at SNP 5431529 population 4
WARNING: no counts at SNP 5431529 population 5
WARNING: no counts at SNP 5431530 population 0
WARNING: no counts at SNP 5431530 population 2
WARNING: no counts at SNP 5431530 population 3
WARNING: no counts at SNP 5431530 population 4
WARNING: no counts at SNP 5431530 population 5
WARNING: no counts at SNP 5431531 population 0
WARNING: no counts at SNP 5431531 population 2
WARNING: no counts at SNP 5431531 population 3
WARNING: no counts at SNP 5431531 population 4
WARNING: no counts at SNP 5431531 population 5
WARNING: no counts at SNP 5431532 population 2
WARNING: no counts at SNP 5431532 population 3
WARNING: no counts at SNP 5431532 population 4
WARNING: no counts at SNP 5431532 population 5
WARNING: no counts at SNP 5431533 population 2
WARNING: no counts at SNP 5431533 population 3
WARNING: no counts at SNP 5431533 population 4
WARNING: no counts at SNP 5431533 population 5
WARNING: no counts at SNP 5431534 population 2
WARNING: no counts at SNP 5431534 population 3
WARNING: no counts at SNP 5431534 population 4
WARNING: no counts at SNP 5431534 population 5
WARNING: no counts at SNP 5431535 population 2
WARNING: no counts at SNP 5431535 population 3
WARNING: no counts at SNP 5431535 population 4
WARNING: no counts at SNP 5431535 population 5
WARNING: no counts at SNP 5431536 population 2
WARNING: no counts at SNP 5431536 population 3
WARNING: no counts at SNP 5431536 population 4
WARNING: no counts at SNP 5431536 population 5
WARNING: no counts at SNP 5431537 population 2
WARNING: no counts at SNP 5431537 population 3
WARNING: no counts at SNP 5431537 population 4
WARNING: no counts at SNP 5431537 population 5
WARNING: no counts at SNP 5431538 population 2
WARNING: no counts at SNP 5431538 population 3
WARNING: no counts at SNP 5431538 population 4
WARNING: no counts at SNP 5431538 population 5
WARNING: no counts at SNP 5431539 population 2
WARNING: no counts at SNP 5431539 population 3
WARNING: no counts at SNP 5431539 population 4
WARNING: no counts at SNP 5431539 population 5
WARNING: no counts at SNP 5431540 population 0
WARNING: no counts at SNP 5431540 population 2
WARNING: no counts at SNP 5431540 population 3
WARNING: no counts at SNP 5431540 population 4
WARNING: no counts at SNP 5431540 population 5
WARNING: no counts at SNP 5431541 population 0
WARNING: no counts at SNP 5431541 population 2
WARNING: no counts at SNP 5431541 population 3
WARNING: no counts at SNP 5431541 population 5
WARNING: no counts at SNP 5431542 population 2
WARNING: no counts at SNP 5431542 population 3
WARNING: no counts at SNP 5431542 population 4
WARNING: no counts at SNP 5431542 population 5
WARNING: no counts at SNP 5431543 population 2
WARNING: no counts at SNP 5431543 population 3
WARNING: no counts at SNP 5431543 population 4
WARNING: no counts at SNP 5431543 population 5
WARNING: no counts at SNP 5431544 population 2
WARNING: no counts at SNP 5431544 population 3
WARNING: no counts at SNP 5431544 population 5
WARNING: no counts at SNP 5431545 population 2
WARNING: no counts at SNP 5431545 population 3
WARNING: no counts at SNP 5431545 population 5
WARNING: no counts at SNP 5431546 population 2
WARNING: no counts at SNP 5431546 population 3
WARNING: no counts at SNP 5431546 population 5
WARNING: no counts at SNP 5431547 population 2
WARNING: no counts at SNP 5431547 population 3
WARNING: no counts at SNP 5431547 population 5
WARNING: no counts at SNP 5431548 population 2
WARNING: no counts at SNP 5431548 population 3
WARNING: no counts at SNP 5431548 population 5
WARNING: no counts at SNP 5431549 population 2
WARNING: no counts at SNP 5431549 population 3
WARNING: no counts at SNP 5431549 population 5
WARNING: no counts at SNP 5431550 population 2
WARNING: no counts at SNP 5431550 population 3
WARNING: no counts at SNP 5431550 population 5
WARNING: no counts at SNP 5431551 population 2
WARNING: no counts at SNP 5431551 population 3
WARNING: no counts at SNP 5431551 population 5
WARNING: no counts at SNP 5431552 population 2
WARNING: no counts at SNP 5431552 population 3
WARNING: no counts at SNP 5431552 population 5
WARNING: no counts at SNP 5431553 population 2
WARNING: no counts at SNP 5431553 population 3
WARNING: no counts at SNP 5431553 population 5
WARNING: no counts at SNP 5431554 population 2
WARNING: no counts at SNP 5431554 population 3
WARNING: no counts at SNP 5431554 population 5
WARNING: no counts at SNP 5431555 population 2
WARNING: no counts at SNP 5431555 population 3
WARNING: no counts at SNP 5431555 population 5
WARNING: no counts at SNP 5431556 population 2
WARNING: no counts at SNP 5431556 population 3
WARNING: no counts at SNP 5431556 population 5
WARNING: no counts at SNP 5431557 population 2
WARNING: no counts at SNP 5431557 population 3
WARNING: no counts at SNP 5431557 population 5
WARNING: no counts at SNP 5431558 population 2
WARNING: no counts at SNP 5431558 population 3
WARNING: no counts at SNP 5431558 population 5
WARNING: no counts at SNP 5431559 population 2
WARNING: no counts at SNP 5431559 population 3
WARNING: no counts at SNP 5431559 population 5
WARNING: no counts at SNP 5431560 population 2
WARNING: no counts at SNP 5431560 population 3
WARNING: no counts at SNP 5431560 population 5
WARNING: no counts at SNP 5431561 population 2
WARNING: no counts at SNP 5431561 population 3
WARNING: no counts at SNP 5431561 population 5
WARNING: no counts at SNP 5431562 population 2
WARNING: no counts at SNP 5431562 population 3
WARNING: no counts at SNP 5431562 population 5
WARNING: no counts at SNP 5431563 population 2
WARNING: no counts at SNP 5431563 population 3
WARNING: no counts at SNP 5431563 population 4
WARNING: no counts at SNP 5431563 population 5
WARNING: no counts at SNP 5431564 population 2
WARNING: no counts at SNP 5431564 population 3
WARNING: no counts at SNP 5431564 population 4
WARNING: no counts at SNP 5431564 population 5
WARNING: no counts at SNP 5431565 population 2
WARNING: no counts at SNP 5431565 population 3
WARNING: no counts at SNP 5431565 population 4
WARNING: no counts at SNP 5431565 population 5
WARNING: no counts at SNP 5431566 population 2
WARNING: no counts at SNP 5431566 population 3
WARNING: no counts at SNP 5431566 population 5
WARNING: no counts at SNP 5431567 population 2
WARNING: no counts at SNP 5431567 population 3
WARNING: no counts at SNP 5431567 population 5
WARNING: no counts at SNP 5431568 population 2
WARNING: no counts at SNP 5431568 population 3
WARNING: no counts at SNP 5431568 population 5
WARNING: no counts at SNP 5431569 population 0
WARNING: no counts at SNP 5431569 population 2
WARNING: no counts at SNP 5431569 population 3
WARNING: no counts at SNP 5431569 population 4
WARNING: no counts at SNP 5431569 population 5
WARNING: no counts at SNP 5431570 population 0
WARNING: no counts at SNP 5431570 population 2
WARNING: no counts at SNP 5431570 population 3
WARNING: no counts at SNP 5431570 population 5
WARNING: no counts at SNP 5431571 population 0
WARNING: no counts at SNP 5431571 population 2
WARNING: no counts at SNP 5431571 population 3
WARNING: no counts at SNP 5431571 population 4
WARNING: no counts at SNP 5431571 population 5
WARNING: no counts at SNP 5431572 population 2
WARNING: no counts at SNP 5431572 population 3
WARNING: no counts at SNP 5431572 population 4
WARNING: no counts at SNP 5431572 population 5
WARNING: no counts at SNP 5431573 population 2
WARNING: no counts at SNP 5431573 population 3
WARNING: no counts at SNP 5431573 population 4
WARNING: no counts at SNP 5431573 population 5
WARNING: no counts at SNP 5431574 population 0
WARNING: no counts at SNP 5431574 population 2
WARNING: no counts at SNP 5431574 population 3
WARNING: no counts at SNP 5431574 population 4
WARNING: no counts at SNP 5431574 population 5
WARNING: no counts at SNP 5431575 population 0
WARNING: no counts at SNP 5431575 population 2
WARNING: no counts at SNP 5431575 population 3
WARNING: no counts at SNP 5431575 population 4
WARNING: no counts at SNP 5431575 population 5
WARNING: no counts at SNP 5431576 population 0
WARNING: no counts at SNP 5431576 population 2
WARNING: no counts at SNP 5431576 population 3
WARNING: no counts at SNP 5431576 population 4
WARNING: no counts at SNP 5431576 population 5
WARNING: no counts at SNP 5431577 population 0
WARNING: no counts at SNP 5431577 population 2
WARNING: no counts at SNP 5431577 population 3
WARNING: no counts at SNP 5431577 population 5
WARNING: no counts at SNP 5431578 population 0
WARNING: no counts at SNP 5431578 population 2
WARNING: no counts at SNP 5431578 population 3
WARNING: no counts at SNP 5431578 population 5
WARNING: no counts at SNP 5431579 population 0
WARNING: no counts at SNP 5431579 population 2
WARNING: no counts at SNP 5431579 population 3
WARNING: no counts at SNP 5431579 population 4
WARNING: no counts at SNP 5431579 population 5
WARNING: no counts at SNP 5431580 population 0
WARNING: no counts at SNP 5431580 population 2
WARNING: no counts at SNP 5431580 population 3
WARNING: no counts at SNP 5431580 population 5
WARNING: no counts at SNP 5431581 population 0
WARNING: no counts at SNP 5431581 population 2
WARNING: no counts at SNP 5431581 population 3
WARNING: no counts at SNP 5431581 population 5
WARNING: no counts at SNP 5431582 population 0
WARNING: no counts at SNP 5431582 population 2
WARNING: no counts at SNP 5431582 population 3
WARNING: no counts at SNP 5431582 population 5
WARNING: no counts at SNP 5431583 population 0
WARNING: no counts at SNP 5431583 population 2
WARNING: no counts at SNP 5431583 population 3
WARNING: no counts at SNP 5431583 population 5
WARNING: no counts at SNP 5431584 population 0
WARNING: no counts at SNP 5431584 population 2
WARNING: no counts at SNP 5431584 population 3
WARNING: no counts at SNP 5431584 population 5
WARNING: no counts at SNP 5431585 population 0
WARNING: no counts at SNP 5431585 population 2
WARNING: no counts at SNP 5431585 population 3
WARNING: no counts at SNP 5431585 population 5
WARNING: no counts at SNP 5431586 population 0
WARNING: no counts at SNP 5431586 population 2
WARNING: no counts at SNP 5431586 population 3
WARNING: no counts at SNP 5431586 population 5
WARNING: no counts at SNP 5431587 population 0
WARNING: no counts at SNP 5431587 population 2
WARNING: no counts at SNP 5431587 population 3
WARNING: no counts at SNP 5431587 population 5
WARNING: no counts at SNP 5431588 population 0
WARNING: no counts at SNP 5431588 population 2
WARNING: no counts at SNP 5431588 population 3
WARNING: no counts at SNP 5431588 population 5
WARNING: no counts at SNP 5431589 population 0
WARNING: no counts at SNP 5431589 population 2
WARNING: no counts at SNP 5431589 population 3
WARNING: no counts at SNP 5431589 population 5
WARNING: no counts at SNP 5431590 population 0
WARNING: no counts at SNP 5431590 population 2
WARNING: no counts at SNP 5431590 population 3
WARNING: no counts at SNP 5431590 population 5
WARNING: no counts at SNP 5431591 population 0
WARNING: no counts at SNP 5431591 population 2
WARNING: no counts at SNP 5431591 population 3
WARNING: no counts at SNP 5431591 population 5
WARNING: no counts at SNP 5431592 population 0
WARNING: no counts at SNP 5431592 population 2
WARNING: no counts at SNP 5431592 population 3
WARNING: no counts at SNP 5431592 population 5
WARNING: no counts at SNP 5431593 population 0
WARNING: no counts at SNP 5431593 population 2
WARNING: no counts at SNP 5431593 population 3
WARNING: no counts at SNP 5431593 population 5
WARNING: no counts at SNP 5431594 population 0
WARNING: no counts at SNP 5431594 population 2
WARNING: no counts at SNP 5431594 population 3
WARNING: no counts at SNP 5431594 population 5
WARNING: no counts at SNP 5431595 population 0
WARNING: no counts at SNP 5431595 population 2
WARNING: no counts at SNP 5431595 population 3
WARNING: no counts at SNP 5431595 population 5
WARNING: no counts at SNP 5431596 population 0
WARNING: no counts at SNP 5431596 population 2
WARNING: no counts at SNP 5431596 population 3
WARNING: no counts at SNP 5431596 population 5
WARNING: no counts at SNP 5431597 population 0
WARNING: no counts at SNP 5431597 population 2
WARNING: no counts at SNP 5431597 population 3
WARNING: no counts at SNP 5431597 population 5
WARNING: no counts at SNP 5431598 population 0
WARNING: no counts at SNP 5431598 population 2
WARNING: no counts at SNP 5431598 population 3
WARNING: no counts at SNP 5431598 population 5
WARNING: no counts at SNP 5431599 population 0
WARNING: no counts at SNP 5431599 population 2
WARNING: no counts at SNP 5431599 population 3
WARNING: no counts at SNP 5431599 population 5
WARNING: no counts at SNP 5431600 population 0
WARNING: no counts at SNP 5431600 population 2
WARNING: no counts at SNP 5431600 population 3
WARNING: no counts at SNP 5431600 population 5
WARNING: no counts at SNP 5431601 population 0
WARNING: no counts at SNP 5431601 population 2
WARNING: no counts at SNP 5431601 population 3
WARNING: no counts at SNP 5431601 population 5
WARNING: no counts at SNP 5431602 population 0
WARNING: no counts at SNP 5431602 population 2
WARNING: no counts at SNP 5431602 population 3
WARNING: no counts at SNP 5431602 population 5
WARNING: no counts at SNP 5431603 population 0
WARNING: no counts at SNP 5431603 population 2
WARNING: no counts at SNP 5431603 population 3
WARNING: no counts at SNP 5431603 population 5
WARNING: no counts at SNP 5431604 population 0
WARNING: no counts at SNP 5431604 population 2
WARNING: no counts at SNP 5431604 population 3
WARNING: no counts at SNP 5431604 population 5
WARNING: no counts at SNP 5431605 population 0
WARNING: no counts at SNP 5431605 population 2
WARNING: no counts at SNP 5431605 population 3
WARNING: no counts at SNP 5431605 population 5
WARNING: no counts at SNP 5431606 population 0
WARNING: no counts at SNP 5431606 population 2
WARNING: no counts at SNP 5431606 population 3
WARNING: no counts at SNP 5431606 population 5
WARNING: no counts at SNP 5431607 population 0
WARNING: no counts at SNP 5431607 population 1
WARNING: no counts at SNP 5431607 population 2
WARNING: no counts at SNP 5431607 population 3
WARNING: no counts at SNP 5431607 population 5
WARNING: no counts at SNP 5431608 population 0
WARNING: no counts at SNP 5431608 population 2
WARNING: no counts at SNP 5431608 population 3
WARNING: no counts at SNP 5431608 population 4
WARNING: no counts at SNP 5431608 population 5
WARNING: no counts at SNP 5431609 population 0
WARNING: no counts at SNP 5431609 population 2
WARNING: no counts at SNP 5431609 population 3
WARNING: no counts at SNP 5431609 population 4
WARNING: no counts at SNP 5431609 population 5
Estimating covariance matrix in 4273 blocks of size 4000
SEED: 1585230152
Starting from:
((G.MaheSouth:0.0143033,A.PraslinPasquereRiver:0.00700488):0.0147509,C.PraslinWest:0.0147509);
Adding E.MaheNorth [4/8]
ln(likelihood): -1819746.1 
(C.PraslinWest:0.0152961,((G.MaheSouth:0.0151496,A.PraslinPasquereRiver:0.00772968):0,E.MaheNorth:0.0163811):0.0152961);
Adding PML [5/8]
ln(likelihood): -3229.9841 
((((G.MaheSouth:0.00783448,PML:0.880061):0.000527027,E.MaheNorth:0.00953546):0.00452854,C.PraslinWest:0.0039966):0.00110752,A.PraslinPasquereRiver:0.00110752);
Adding B.PraslinPlaineHollandaise [6/8]
ln(likelihood): -605.57208 
(((C.PraslinWest:0.00068805,B.PraslinPlaineHollandaise:0.00078939):0.00309657,A.PraslinPasquereRiver:0.0018285):0.00279674,((G.MaheSouth:0.00808664,E.MaheNorth:0.00945593):0.000488455,PML:0.880624):0.00279674);
Adding D.LaDigue [7/8]
ln(likelihood): -1045.7564 
((((C.PraslinWest:0.000666695,B.PraslinPlaineHollandaise:0.00076746):0.00292496,A.PraslinPasquereRiver:0.00188718):0.00315128,((G.MaheSouth:0.0079943,E.MaheNorth:0.00944791):0.000818528,PML:0.880449):0.00234769):0.000544022,D.LaDigue:0.000544022);
Adding F.Curieuse [8/8]
ln(likelihood): -2930.5205 
(((((G.MaheSouth:0.00816594,PML:0.88013):0.000389092,E.MaheNorth:0.00977521):0.00205382,D.LaDigue:0.00116052):0.00174843,(A.PraslinPasquereRiver:0.00181545,(C.PraslinWest:0.000665196,B.PraslinPlaineHollandaise:0.00076923):0.00317649):0.0016289):0.00341389,F.Curieuse:0.00341389);
Testing global rearrangements
G.MaheSouth:0.00816594 E.MaheNorth:0.00977521
-2964.6798 -2930.5205
G.MaheSouth:0.00816594 C.PraslinWest:0.000665196
-46663.178 -2930.5205
G.MaheSouth:0.00816594 F.Curieuse:0.00341389
-16553.084 -2930.5205
PML:0.88013 D.LaDigue:0.00116052
-4597.6987 -2930.5205
E.MaheNorth:0.00977521 G.MaheSouth:0.00816594
-2964.6798 -2930.5205
E.MaheNorth:0.00977521 PML:0.88013
-3035.1191 -2930.5205
E.MaheNorth:0.00977521 A.PraslinPasquereRiver:0.00181545
-24955.75 -2930.5205
E.MaheNorth:0.00977521 C.PraslinWest:0.000665196
-42852.607 -2930.5205
E.MaheNorth:0.00977521 F.Curieuse:0.00341389
-14377.513 -2930.5205
D.LaDigue:0.00116052 PML:0.88013
-6336.5816 -2930.5205
D.LaDigue:0.00116052 C.PraslinWest:0.000665196
-13993.719 -2930.5205
D.LaDigue:0.00116052 (C.PraslinWest:0.000665196,B.PraslinPlaineHollandaise:0.00076923):0.00317649
-6654.61 -2930.5205
D.LaDigue:0.00116052 B.PraslinPlaineHollandaise:0.00076923
-13993.719 -2930.5205
A.PraslinPasquereRiver:0.00181545 C.PraslinWest:0.000665196
-8749.2898 -2930.5205
A.PraslinPasquereRiver:0.00181545 B.PraslinPlaineHollandaise:0.00076923
-8749.2898 -2930.5205
A.PraslinPasquereRiver:0.00181545 F.Curieuse:0.00341389
-6001.6514 -2930.5205
C.PraslinWest:0.000665196 E.MaheNorth:0.00977521
-40245.432 -2930.5205
C.PraslinWest:0.000665196 D.LaDigue:0.00116052
-20909.325 -2930.5205
C.PraslinWest:0.000665196 A.PraslinPasquereRiver:0.00181545
-8749.2898 -2930.5205
(C.PraslinWest:0.000665196,B.PraslinPlaineHollandaise:0.00076923):0.00317649 D.LaDigue:0.00116052
-8098.5118 -2930.5205
B.PraslinPlaineHollandaise:0.00076923 A.PraslinPasquereRiver:0.00181545
-8749.2898 -2930.5205
F.Curieuse:0.00341389 G.MaheSouth:0.00816594
-15918.642 -2930.5205
F.Curieuse:0.00341389 E.MaheNorth:0.00977521
-13731.012 -2930.5205
F.Curieuse:0.00341389 A.PraslinPasquereRiver:0.00181545
-6001.6514 -2930.5205
Set root above PML
Targeting migration to vicinity of:
PML D.LaDigue
A.PraslinPasquereRiver F.Curieuse
E.MaheNorth F.Curieuse
B.PraslinPlaineHollandaise D.LaDigue

A.PraslinPasquereRiver F.Curieuse
C.PraslinWest D.LaDigue
B.PraslinPlaineHollandaise D.LaDigue
F.Curieuse A.PraslinPasquereRiver
A.PraslinPasquereRiver F.Curieuse
C.PraslinWest D.LaDigue
B.PraslinPlaineHollandaise D.LaDigue
E.MaheNorth F.Curieuse
G.MaheSouth E.MaheNorth
PML D.LaDigue
Trying A.PraslinPasquereRiver F.Curieuse
A.PraslinPasquereRiver:0.00181545 F.Curieuse:0.00682777
1->2 0.42347974 -2016.826 -2930.5205
2->1 0.18213156 -1890.9768 -2016.826
p2->1 4.0751289e-05 -2930.5231 -1890.9768
Trying B.PraslinPlaineHollandaise D.LaDigue
(C.PraslinWest:0.000665196,B.PraslinPlaineHollandaise:0.00076923):0.00317643 D.LaDigue:0.00116052
1->2 0.37220377 -1886.3296 -1890.9768
2->1 0.38320845 -1396.0307 -1886.3296
p1->2 0.47197005 -2418.125 -1396.0307
p2->1 0.39830083 -2082.8658 -1396.0307
B.PraslinPlaineHollandaise:0.000770333 D.LaDigue:0.00115
1->2 0.35323098 -1871.5425 -1396.0307
2->1 0.059767511 -2909.2672 -1396.0307
p2->1 8.6377241e-07 -2930.5224 -1396.0307
Trying C.PraslinWest D.LaDigue
(C.PraslinWest:0.000665194,B.PraslinPlaineHollandaise:0.000769234):0.0031765 D.LaDigue:0.00116052
C.PraslinWest:0.000665194 D.LaDigue:0.00116052
1->2 0.35323098 -1871.5425 -1396.0307
2->1 0.14334516 -2601.1353 -1396.0307
p2->1 0.13237517 -2714.3461 -1396.0307
Trying E.MaheNorth F.Curieuse
E.MaheNorth:0.00977562 F.Curieuse:0.00674001
1->2 0.33320332 -2282.9237 -1396.0307
2->1 0.097456887 -2526.9046 -1396.0307
p1->2 0.36724028 -2375.5937 -1396.0307
p2->1 0.17015018 -2814.9371 -1396.0307
E.MaheNorth:0.0150803 ((A.PraslinPasquereRiver:0.00181545,(B.PraslinPlaineHollandaise:0.00076923,C.PraslinWest:0.000665196):0.00317649):0.00158168,F.Curieuse:0.00681203):0.00197929
1->2 0.098679066 -2612.5833 -1396.0307
p1->2 0.38370752 -2926.6215 -1396.0307
Trying F.Curieuse A.PraslinPasquereRiver
F.Curieuse:0.00682834 A.PraslinPasquereRiver:0.00181602
Trying G.MaheSouth E.MaheNorth
G.MaheSouth:0.0081665 E.MaheNorth:0.00979051
1->2 0.11684042 -2570.7762 -1396.0307
2->1 0.094817661 -2570.7762 -1396.0307
p1->2 4.0751289e-05 -2930.5264 -1396.0307
Trying PML D.LaDigue
PML:0.440065 D.LaDigue:0.00116052
1->2 0.25082162 -2048.2786 -1396.0307
2->1 0.44485551 -2094.4345 -1396.0307
p2->1 0.86288303 -2590.3316 -1396.0307
Migration added
Local updates around node 1: 0 ln(lk):-1396.0307 
Local updates around node 2: 0 ln(lk):-1396.0307 
Updates in migration position: 0 ln(lk):-1396.0307 
Switches in migration direction: 0 ln(lk):-1396.0307 
ln(likelihood):-1396.0276 
Targeting migration to vicinity of:
PML D.LaDigue
E.MaheNorth F.Curieuse
G.MaheSouth E.MaheNorth
A.PraslinPasquereRiver B.PraslinPlaineHollandaise

E.MaheNorth F.Curieuse
G.MaheSouth E.MaheNorth
E.MaheNorth G.MaheSouth
PML D.LaDigue
G.MaheSouth E.MaheNorth
PML D.LaDigue
Trying E.MaheNorth F.Curieuse
E.MaheNorth:0.00977868 F.Curieuse:0.00602396
1->2 0.32345363 -1039.0614 -1396.0276
2->1 0.094510399 -1016.8309 -1039.0614
p1->2 0.3979882 -1113.1996 -1016.8309
p2->1 0.17998619 -1119.1782 -1016.8309
Trying E.MaheNorth G.MaheSouth
E.MaheNorth:0.0154932 G.MaheSouth:0.00798009
1->2 0.097336501 -1029.175 -1016.8309
2->1 0.11985973 -1029.6882 -1016.8309
p2->1 4.0751289e-05 -1396.0336 -1016.8309
Trying G.MaheSouth E.MaheNorth
G.MaheSouth:0.00816941 E.MaheNorth:0.0097795
Trying PML D.LaDigue
PML:0.440067 D.LaDigue:0.00178887
1->2 0.083339088 -555.04061 -1016.8309
2->1 0.40655154 -506.48834 -555.04061
p2->1 0.440613 -1032.2565 -506.48834
Migration added
Local updates around node 1: 0 ln(lk):-506.48834 
Local updates around node 2: 0 ln(lk):-506.48834 
Updates in migration position: 0 ln(lk):-506.48834 
Switches in migration direction: 0 ln(lk):-506.48834 
ln(likelihood):-498.02235 
Targeting migration to vicinity of:
PML D.LaDigue
E.MaheNorth F.Curieuse
A.PraslinPasquereRiver B.PraslinPlaineHollandaise
B.PraslinPlaineHollandaise D.LaDigue

A.PraslinPasquereRiver B.PraslinPlaineHollandaise
B.PraslinPlaineHollandaise A.PraslinPasquereRiver
C.PraslinWest D.LaDigue
B.PraslinPlaineHollandaise D.LaDigue
E.MaheNorth F.Curieuse
PML D.LaDigue
Trying A.PraslinPasquereRiver B.PraslinPlaineHollandaise
(A.PraslinPasquereRiver:0,(C.PraslinWest:0.000670489,B.PraslinPlaineHollandaise:0.000774523):0.0106908):0.00308555 B.PraslinPlaineHollandaise:0.000774523
1->2 0.10342383 -463.48151 -498.02235
p1->2 6.2255936e-07 -498.01674 -463.48151
A.PraslinPasquereRiver:0 B.PraslinPlaineHollandaise:0.000774523
1->2 0.10342383 -463.48151 -463.48151
2->1 0.14049429 -433.49814 -463.48151
Trying B.PraslinPlaineHollandaise A.PraslinPasquereRiver
B.PraslinPlaineHollandaise:0.000792103 A.PraslinPasquereRiver:0.00124397
Trying B.PraslinPlaineHollandaise D.LaDigue
B.PraslinPlaineHollandaise:0.000792103 D.LaDigue:0.00265926
1->2 0.27034795 -149.85475 -433.49814
2->1 6.2255936e-07 -498.01688 -149.85475
p1->2 0.14225058 -179.6129 -149.85475
p2->1 6.2255936e-07 -498.01706 -149.85475
(C.PraslinWest:0.000670489,B.PraslinPlaineHollandaise:0.000774524):0.0106908 D.LaDigue:0.00253807
p1->2 0.15649515 -312.86217 -149.85475
p2->1 4.030861e-06 -498.03354 -149.85475
(A.PraslinPasquereRiver:0,(C.PraslinWest:0.000670489,B.PraslinPlaineHollandaise:0.000774523):0.010691):0.00308556 D.LaDigue:0.00253806
2->1 0.21737573 -325.07078 -149.85475
p1->2 0.14008233 -445.61955 -149.85475
p2->1 4.0751289e-05 -498.02686 -149.85475
Trying C.PraslinWest D.LaDigue
(C.PraslinWest:0.000670489,B.PraslinPlaineHollandaise:0.000774523):0.0106908 D.LaDigue:0.00253807
(A.PraslinPasquereRiver:0,(C.PraslinWest:0.000670489,B.PraslinPlaineHollandaise:0.000774523):0.0106908):0.0030859 D.LaDigue:0.00253807
C.PraslinWest:0.000670489 D.LaDigue:0.00253807
1->2 0.27034795 -149.85475 -149.85475
2->1 0.051028937 -468.23025 -149.85475
p2->1 0.054108895 -476.20486 -149.85475
Trying E.MaheNorth F.Curieuse
E.MaheNorth:0.00911528 F.Curieuse:0.00601349
1->2 0.203311 -295.74854 -149.85475
2->1 0.29597223 -254.22646 -149.85475
p1->2 0.25459766 -330.41289 -149.85475
p2->1 0.31311986 -284.20238 -149.85475
Trying PML D.LaDigue
PML:1.27591 D.LaDigue:0.00208576
1->2 0.02962628 -342.77633 -149.85475
p2->1 0.4540289 -497.98357 -149.85475
Migration added
Local updates around node 1: 0 ln(lk):-149.85475 
Local updates around node 2: 0 ln(lk):-149.85475 
Updates in migration position: 9 ln(lk):16.185973 
Switches in migration direction: 0 ln(lk):16.185973 
Local updates around node 1: 0 ln(lk):16.185973 
Local updates around node 2: 0 ln(lk):16.185973 
Switches in migration direction: 0 ln(lk):16.185973 
Updates in migration position: 0 ln(lk):16.185973 
Trying all local rearrangements
Local rearrangements: 0 ln(lk):16.185973 
ln(likelihood):46.990937 
Targeting migration to vicinity of:
G.MaheSouth D.LaDigue
A.PraslinPasquereRiver B.PraslinPlaineHollandaise
C.PraslinWest E.MaheNorth
E.MaheNorth F.Curieuse

A.PraslinPasquereRiver B.PraslinPlaineHollandaise
B.PraslinPlaineHollandaise A.PraslinPasquereRiver
C.PraslinWest E.MaheNorth
G.MaheSouth D.LaDigue
E.MaheNorth F.Curieuse
G.MaheSouth D.LaDigue
E.MaheNorth F.Curieuse
Trying A.PraslinPasquereRiver B.PraslinPlaineHollandaise
A.PraslinPasquereRiver:0.000151094 B.PraslinPlaineHollandaise:0.0007629
1->2 0.12870331 99.058118 46.990937
2->1 0.13468862 64.311825 99.058118
p1->2 0.12647764 93.081516 99.058118
Trying B.PraslinPlaineHollandaise A.PraslinPasquereRiver
B.PraslinPlaineHollandaise:0.00162052 A.PraslinPasquereRiver:0.000214986
Trying C.PraslinWest E.MaheNorth
C.PraslinWest:0.000165276 E.MaheNorth:0.00904218
1->2 0.033441737 95.883119 99.058118
2->1 0.043854713 112.3512 99.058118
p1->2 0.074916042 116.69182 112.3512
p2->1 0.053700052 108.99122 116.69182
Trying E.MaheNorth F.Curieuse
E.MaheNorth:0.00907868 F.Curieuse:0.00564465
1->2 0.013131024 56.311385 116.69182
2->1 0.25250572 242.24541 116.69182
p1->2 5.6427712e-07 46.99093 242.24541
p2->1 0.26014662 239.00047 242.24541
Trying G.MaheSouth D.LaDigue
G.MaheSouth:0.00682514 D.LaDigue:0.00618762
1->2 0.085235663 205.60547 242.24541
2->1 0.15032999 227.6501 242.24541
p1->2 0.18804134 178.86001 242.24541
p2->1 0.61662996 46.990938 242.24541
Migration added
Local updates around node 1: 1 ln(lk):257.58278 
Local updates around node 2: 0 ln(lk):257.58278 
Updates in migration position: 0 ln(lk):257.58278 
Switches in migration direction: 0 ln(lk):257.58278 
Local updates around node 1: 0 ln(lk):257.58278 
Local updates around node 2: 0 ln(lk):257.58278 
Switches in migration direction: 0 ln(lk):257.58278 
Updates in migration position: 0 ln(lk):257.58278 
Trying all local rearrangements
Local rearrangements: 0 ln(lk):257.58278 
Flipping migration edge
ln(likelihood):257.61807 
Flipping migration edge
DONE.
