
TreeMix v. 1.13
$Revision: 231 $

npop:8 nsnp:17094256
WARNING: no counts at SNP 5431404 population 0
WARNING: no counts at SNP 5431404 population 2
WARNING: no counts at SNP 5431404 population 3
WARNING: no counts at SNP 5431404 population 4
WARNING: no counts at SNP 5431404 population 5
WARNING: no counts at SNP 5431405 population 0
WARNING: no counts at SNP 5431405 population 2
WARNING: no counts at SNP 5431405 population 3
WARNING: no counts at SNP 5431405 population 4
WARNING: no counts at SNP 5431405 population 5
WARNING: no counts at SNP 5431406 population 0
WARNING: no counts at SNP 5431406 population 2
WARNING: no counts at SNP 5431406 population 3
WARNING: no counts at SNP 5431406 population 5
WARNING: no counts at SNP 5431407 population 0
WARNING: no counts at SNP 5431407 population 2
WARNING: no counts at SNP 5431407 population 3
WARNING: no counts at SNP 5431407 population 5
WARNING: no counts at SNP 5431408 population 0
WARNING: no counts at SNP 5431408 population 2
WARNING: no counts at SNP 5431408 population 3
WARNING: no counts at SNP 5431408 population 4
WARNING: no counts at SNP 5431408 population 5
WARNING: no counts at SNP 5431409 population 0
WARNING: no counts at SNP 5431409 population 2
WARNING: no counts at SNP 5431409 population 3
WARNING: no counts at SNP 5431409 population 4
WARNING: no counts at SNP 5431409 population 5
WARNING: no counts at SNP 5431410 population 0
WARNING: no counts at SNP 5431410 population 2
WARNING: no counts at SNP 5431410 population 3
WARNING: no counts at SNP 5431410 population 5
WARNING: no counts at SNP 5431411 population 0
WARNING: no counts at SNP 5431411 population 2
WARNING: no counts at SNP 5431411 population 3
WARNING: no counts at SNP 5431411 population 4
WARNING: no counts at SNP 5431411 population 5
WARNING: no counts at SNP 5431412 population 2
WARNING: no counts at SNP 5431412 population 3
WARNING: no counts at SNP 5431412 population 5
WARNING: no counts at SNP 5431413 population 2
WARNING: no counts at SNP 5431413 population 3
WARNING: no counts at SNP 5431413 population 5
WARNING: no counts at SNP 5431414 population 2
WARNING: no counts at SNP 5431414 population 3
WARNING: no counts at SNP 5431414 population 5
WARNING: no counts at SNP 5431415 population 2
WARNING: no counts at SNP 5431415 population 3
WARNING: no counts at SNP 5431415 population 5
WARNING: no counts at SNP 5431416 population 2
WARNING: no counts at SNP 5431416 population 3
WARNING: no counts at SNP 5431416 population 5
WARNING: no counts at SNP 5431417 population 2
WARNING: no counts at SNP 5431417 population 3
WARNING: no counts at SNP 5431417 population 5
WARNING: no counts at SNP 5431418 population 2
WARNING: no counts at SNP 5431418 population 3
WARNING: no counts at SNP 5431418 population 5
WARNING: no counts at SNP 5431419 population 2
WARNING: no counts at SNP 5431419 population 3
WARNING: no counts at SNP 5431419 population 5
WARNING: no counts at SNP 5431420 population 2
WARNING: no counts at SNP 5431420 population 3
WARNING: no counts at SNP 5431420 population 5
WARNING: no counts at SNP 5431421 population 2
WARNING: no counts at SNP 5431421 population 3
WARNING: no counts at SNP 5431421 population 5
WARNING: no counts at SNP 5431422 population 0
WARNING: no counts at SNP 5431422 population 2
WARNING: no counts at SNP 5431422 population 3
WARNING: no counts at SNP 5431422 population 4
WARNING: no counts at SNP 5431422 population 5
WARNING: no counts at SNP 5431423 population 0
WARNING: no counts at SNP 5431423 population 2
WARNING: no counts at SNP 5431423 population 3
WARNING: no counts at SNP 5431423 population 5
WARNING: no counts at SNP 5431424 population 2
WARNING: no counts at SNP 5431424 population 3
WARNING: no counts at SNP 5431424 population 4
WARNING: no counts at SNP 5431424 population 5
WARNING: no counts at SNP 5431425 population 2
WARNING: no counts at SNP 5431425 population 3
WARNING: no counts at SNP 5431425 population 5
WARNING: no counts at SNP 5431426 population 2
WARNING: no counts at SNP 5431426 population 3
WARNING: no counts at SNP 5431426 population 5
WARNING: no counts at SNP 5431427 population 2
WARNING: no counts at SNP 5431427 population 3
WARNING: no counts at SNP 5431427 population 5
WARNING: no counts at SNP 5431428 population 2
WARNING: no counts at SNP 5431428 population 3
WARNING: no counts at SNP 5431428 population 5
WARNING: no counts at SNP 5431429 population 2
WARNING: no counts at SNP 5431429 population 3
WARNING: no counts at SNP 5431429 population 5
WARNING: no counts at SNP 5431430 population 2
WARNING: no counts at SNP 5431430 population 3
WARNING: no counts at SNP 5431430 population 5
WARNING: no counts at SNP 5431431 population 2
WARNING: no counts at SNP 5431431 population 3
WARNING: no counts at SNP 5431431 population 5
WARNING: no counts at SNP 5431432 population 2
WARNING: no counts at SNP 5431432 population 3
WARNING: no counts at SNP 5431432 population 5
WARNING: no counts at SNP 5431433 population 2
WARNING: no counts at SNP 5431433 population 3
WARNING: no counts at SNP 5431433 population 5
WARNING: no counts at SNP 5431434 population 2
WARNING: no counts at SNP 5431434 population 3
WARNING: no counts at SNP 5431434 population 5
WARNING: no counts at SNP 5431435 population 1
WARNING: no counts at SNP 5431435 population 2
WARNING: no counts at SNP 5431435 population 3
WARNING: no counts at SNP 5431435 population 5
WARNING: no counts at SNP 5431436 population 1
WARNING: no counts at SNP 5431436 population 2
WARNING: no counts at SNP 5431436 population 3
WARNING: no counts at SNP 5431436 population 5
WARNING: no counts at SNP 5431437 population 1
WARNING: no counts at SNP 5431437 population 2
WARNING: no counts at SNP 5431437 population 3
WARNING: no counts at SNP 5431437 population 5
WARNING: no counts at SNP 5431438 population 1
WARNING: no counts at SNP 5431438 population 2
WARNING: no counts at SNP 5431438 population 3
WARNING: no counts at SNP 5431438 population 5
WARNING: no counts at SNP 5431439 population 2
WARNING: no counts at SNP 5431439 population 3
WARNING: no counts at SNP 5431439 population 5
WARNING: no counts at SNP 5431440 population 2
WARNING: no counts at SNP 5431440 population 3
WARNING: no counts at SNP 5431440 population 5
WARNING: no counts at SNP 5431441 population 2
WARNING: no counts at SNP 5431441 population 3
WARNING: no counts at SNP 5431441 population 5
WARNING: no counts at SNP 5431442 population 2
WARNING: no counts at SNP 5431442 population 3
WARNING: no counts at SNP 5431442 population 5
WARNING: no counts at SNP 5431443 population 2
WARNING: no counts at SNP 5431443 population 3
WARNING: no counts at SNP 5431443 population 5
WARNING: no counts at SNP 5431444 population 2
WARNING: no counts at SNP 5431444 population 3
WARNING: no counts at SNP 5431444 population 5
WARNING: no counts at SNP 5431445 population 2
WARNING: no counts at SNP 5431445 population 3
WARNING: no counts at SNP 5431445 population 4
WARNING: no counts at SNP 5431445 population 5
WARNING: no counts at SNP 5431446 population 2
WARNING: no counts at SNP 5431446 population 3
WARNING: no counts at SNP 5431446 population 5
WARNING: no counts at SNP 5431447 population 2
WARNING: no counts at SNP 5431447 population 3
WARNING: no counts at SNP 5431447 population 5
WARNING: no counts at SNP 5431448 population 2
WARNING: no counts at SNP 5431448 population 3
WARNING: no counts at SNP 5431448 population 4
WARNING: no counts at SNP 5431448 population 5
WARNING: no counts at SNP 5431449 population 2
WARNING: no counts at SNP 5431449 population 3
WARNING: no counts at SNP 5431449 population 4
WARNING: no counts at SNP 5431449 population 5
WARNING: no counts at SNP 5431450 population 2
WARNING: no counts at SNP 5431450 population 3
WARNING: no counts at SNP 5431450 population 4
WARNING: no counts at SNP 5431450 population 5
WARNING: no counts at SNP 5431451 population 2
WARNING: no counts at SNP 5431451 population 3
WARNING: no counts at SNP 5431451 population 4
WARNING: no counts at SNP 5431451 population 5
WARNING: no counts at SNP 5431452 population 2
WARNING: no counts at SNP 5431452 population 3
WARNING: no counts at SNP 5431452 population 4
WARNING: no counts at SNP 5431452 population 5
WARNING: no counts at SNP 5431453 population 2
WARNING: no counts at SNP 5431453 population 3
WARNING: no counts at SNP 5431453 population 4
WARNING: no counts at SNP 5431453 population 5
WARNING: no counts at SNP 5431454 population 2
WARNING: no counts at SNP 5431454 population 3
WARNING: no counts at SNP 5431454 population 4
WARNING: no counts at SNP 5431454 population 5
WARNING: no counts at SNP 5431455 population 2
WARNING: no counts at SNP 5431455 population 3
WARNING: no counts at SNP 5431455 population 4
WARNING: no counts at SNP 5431455 population 5
WARNING: no counts at SNP 5431456 population 2
WARNING: no counts at SNP 5431456 population 3
WARNING: no counts at SNP 5431456 population 4
WARNING: no counts at SNP 5431456 population 5
WARNING: no counts at SNP 5431457 population 2
WARNING: no counts at SNP 5431457 population 3
WARNING: no counts at SNP 5431457 population 4
WARNING: no counts at SNP 5431457 population 5
WARNING: no counts at SNP 5431458 population 2
WARNING: no counts at SNP 5431458 population 3
WARNING: no counts at SNP 5431458 population 4
WARNING: no counts at SNP 5431458 population 5
WARNING: no counts at SNP 5431459 population 2
WARNING: no counts at SNP 5431459 population 3
WARNING: no counts at SNP 5431459 population 4
WARNING: no counts at SNP 5431459 population 5
WARNING: no counts at SNP 5431460 population 2
WARNING: no counts at SNP 5431460 population 3
WARNING: no counts at SNP 5431460 population 4
WARNING: no counts at SNP 5431460 population 5
WARNING: no counts at SNP 5431461 population 2
WARNING: no counts at SNP 5431461 population 3
WARNING: no counts at SNP 5431461 population 4
WARNING: no counts at SNP 5431461 population 5
WARNING: no counts at SNP 5431462 population 2
WARNING: no counts at SNP 5431462 population 3
WARNING: no counts at SNP 5431462 population 4
WARNING: no counts at SNP 5431462 population 5
WARNING: no counts at SNP 5431463 population 2
WARNING: no counts at SNP 5431463 population 3
WARNING: no counts at SNP 5431463 population 4
WARNING: no counts at SNP 5431463 population 5
WARNING: no counts at SNP 5431464 population 2
WARNING: no counts at SNP 5431464 population 3
WARNING: no counts at SNP 5431464 population 4
WARNING: no counts at SNP 5431464 population 5
WARNING: no counts at SNP 5431465 population 2
WARNING: no counts at SNP 5431465 population 3
WARNING: no counts at SNP 5431465 population 5
WARNING: no counts at SNP 5431466 population 2
WARNING: no counts at SNP 5431466 population 3
WARNING: no counts at SNP 5431466 population 5
WARNING: no counts at SNP 5431467 population 2
WARNING: no counts at SNP 5431467 population 3
WARNING: no counts at SNP 5431467 population 5
WARNING: no counts at SNP 5431468 population 2
WARNING: no counts at SNP 5431468 population 3
WARNING: no counts at SNP 5431468 population 5
WARNING: no counts at SNP 5431469 population 2
WARNING: no counts at SNP 5431469 population 3
WARNING: no counts at SNP 5431469 population 5
WARNING: no counts at SNP 5431470 population 2
WARNING: no counts at SNP 5431470 population 3
WARNING: no counts at SNP 5431470 population 5
WARNING: no counts at SNP 5431471 population 2
WARNING: no counts at SNP 5431471 population 3
WARNING: no counts at SNP 5431471 population 5
WARNING: no counts at SNP 5431472 population 2
WARNING: no counts at SNP 5431472 population 3
WARNING: no counts at SNP 5431472 population 5
WARNING: no counts at SNP 5431473 population 2
WARNING: no counts at SNP 5431473 population 3
WARNING: no counts at SNP 5431473 population 5
WARNING: no counts at SNP 5431474 population 2
WARNING: no counts at SNP 5431474 population 3
WARNING: no counts at SNP 5431474 population 5
WARNING: no counts at SNP 5431475 population 2
WARNING: no counts at SNP 5431475 population 3
WARNING: no counts at SNP 5431475 population 5
WARNING: no counts at SNP 5431476 population 2
WARNING: no counts at SNP 5431476 population 3
WARNING: no counts at SNP 5431476 population 5
WARNING: no counts at SNP 5431477 population 0
WARNING: no counts at SNP 5431477 population 1
WARNING: no counts at SNP 5431477 population 2
WARNING: no counts at SNP 5431477 population 3
WARNING: no counts at SNP 5431477 population 5
WARNING: no counts at SNP 5431478 population 0
WARNING: no counts at SNP 5431478 population 2
WARNING: no counts at SNP 5431478 population 3
WARNING: no counts at SNP 5431478 population 4
WARNING: no counts at SNP 5431478 population 5
WARNING: no counts at SNP 5431479 population 0
WARNING: no counts at SNP 5431479 population 2
WARNING: no counts at SNP 5431479 population 3
WARNING: no counts at SNP 5431479 population 5
WARNING: no counts at SNP 5431480 population 0
WARNING: no counts at SNP 5431480 population 2
WARNING: no counts at SNP 5431480 population 3
WARNING: no counts at SNP 5431480 population 4
WARNING: no counts at SNP 5431480 population 5
WARNING: no counts at SNP 5431481 population 0
WARNING: no counts at SNP 5431481 population 2
WARNING: no counts at SNP 5431481 population 3
WARNING: no counts at SNP 5431481 population 4
WARNING: no counts at SNP 5431481 population 5
WARNING: no counts at SNP 5431482 population 2
WARNING: no counts at SNP 5431482 population 3
WARNING: no counts at SNP 5431482 population 4
WARNING: no counts at SNP 5431482 population 5
WARNING: no counts at SNP 5431483 population 2
WARNING: no counts at SNP 5431483 population 3
WARNING: no counts at SNP 5431483 population 4
WARNING: no counts at SNP 5431483 population 5
WARNING: no counts at SNP 5431484 population 2
WARNING: no counts at SNP 5431484 population 3
WARNING: no counts at SNP 5431484 population 4
WARNING: no counts at SNP 5431484 population 5
WARNING: no counts at SNP 5431485 population 2
WARNING: no counts at SNP 5431485 population 3
WARNING: no counts at SNP 5431485 population 4
WARNING: no counts at SNP 5431485 population 5
WARNING: no counts at SNP 5431486 population 0
WARNING: no counts at SNP 5431486 population 2
WARNING: no counts at SNP 5431486 population 3
WARNING: no counts at SNP 5431486 population 4
WARNING: no counts at SNP 5431486 population 5
WARNING: no counts at SNP 5431487 population 0
WARNING: no counts at SNP 5431487 population 2
WARNING: no counts at SNP 5431487 population 3
WARNING: no counts at SNP 5431487 population 4
WARNING: no counts at SNP 5431487 population 5
WARNING: no counts at SNP 5431488 population 0
WARNING: no counts at SNP 5431488 population 2
WARNING: no counts at SNP 5431488 population 3
WARNING: no counts at SNP 5431488 population 4
WARNING: no counts at SNP 5431488 population 5
WARNING: no counts at SNP 5431489 population 0
WARNING: no counts at SNP 5431489 population 2
WARNING: no counts at SNP 5431489 population 3
WARNING: no counts at SNP 5431489 population 4
WARNING: no counts at SNP 5431489 population 5
WARNING: no counts at SNP 5431490 population 0
WARNING: no counts at SNP 5431490 population 2
WARNING: no counts at SNP 5431490 population 3
WARNING: no counts at SNP 5431490 population 4
WARNING: no counts at SNP 5431490 population 5
WARNING: no counts at SNP 5431491 population 0
WARNING: no counts at SNP 5431491 population 2
WARNING: no counts at SNP 5431491 population 3
WARNING: no counts at SNP 5431491 population 4
WARNING: no counts at SNP 5431491 population 5
WARNING: no counts at SNP 5431492 population 0
WARNING: no counts at SNP 5431492 population 2
WARNING: no counts at SNP 5431492 population 3
WARNING: no counts at SNP 5431492 population 4
WARNING: no counts at SNP 5431492 population 5
WARNING: no counts at SNP 5431493 population 0
WARNING: no counts at SNP 5431493 population 2
WARNING: no counts at SNP 5431493 population 3
WARNING: no counts at SNP 5431493 population 4
WARNING: no counts at SNP 5431493 population 5
WARNING: no counts at SNP 5431494 population 0
WARNING: no counts at SNP 5431494 population 2
WARNING: no counts at SNP 5431494 population 3
WARNING: no counts at SNP 5431494 population 4
WARNING: no counts at SNP 5431494 population 5
WARNING: no counts at SNP 5431495 population 0
WARNING: no counts at SNP 5431495 population 2
WARNING: no counts at SNP 5431495 population 3
WARNING: no counts at SNP 5431495 population 4
WARNING: no counts at SNP 5431495 population 5
WARNING: no counts at SNP 5431496 population 0
WARNING: no counts at SNP 5431496 population 2
WARNING: no counts at SNP 5431496 population 3
WARNING: no counts at SNP 5431496 population 4
WARNING: no counts at SNP 5431496 population 5
WARNING: no counts at SNP 5431497 population 0
WARNING: no counts at SNP 5431497 population 2
WARNING: no counts at SNP 5431497 population 3
WARNING: no counts at SNP 5431497 population 4
WARNING: no counts at SNP 5431497 population 5
WARNING: no counts at SNP 5431498 population 0
WARNING: no counts at SNP 5431498 population 2
WARNING: no counts at SNP 5431498 population 3
WARNING: no counts at SNP 5431498 population 4
WARNING: no counts at SNP 5431498 population 5
WARNING: no counts at SNP 5431499 population 0
WARNING: no counts at SNP 5431499 population 2
WARNING: no counts at SNP 5431499 population 3
WARNING: no counts at SNP 5431499 population 4
WARNING: no counts at SNP 5431499 population 5
WARNING: no counts at SNP 5431500 population 0
WARNING: no counts at SNP 5431500 population 2
WARNING: no counts at SNP 5431500 population 3
WARNING: no counts at SNP 5431500 population 4
WARNING: no counts at SNP 5431500 population 5
WARNING: no counts at SNP 5431501 population 0
WARNING: no counts at SNP 5431501 population 2
WARNING: no counts at SNP 5431501 population 3
WARNING: no counts at SNP 5431501 population 4
WARNING: no counts at SNP 5431501 population 5
WARNING: no counts at SNP 5431502 population 0
WARNING: no counts at SNP 5431502 population 2
WARNING: no counts at SNP 5431502 population 3
WARNING: no counts at SNP 5431502 population 4
WARNING: no counts at SNP 5431502 population 5
WARNING: no counts at SNP 5431503 population 0
WARNING: no counts at SNP 5431503 population 2
WARNING: no counts at SNP 5431503 population 3
WARNING: no counts at SNP 5431503 population 4
WARNING: no counts at SNP 5431503 population 5
WARNING: no counts at SNP 5431504 population 0
WARNING: no counts at SNP 5431504 population 2
WARNING: no counts at SNP 5431504 population 3
WARNING: no counts at SNP 5431504 population 4
WARNING: no counts at SNP 5431504 population 5
WARNING: no counts at SNP 5431505 population 0
WARNING: no counts at SNP 5431505 population 2
WARNING: no counts at SNP 5431505 population 3
WARNING: no counts at SNP 5431505 population 4
WARNING: no counts at SNP 5431505 population 5
WARNING: no counts at SNP 5431506 population 0
WARNING: no counts at SNP 5431506 population 2
WARNING: no counts at SNP 5431506 population 3
WARNING: no counts at SNP 5431506 population 4
WARNING: no counts at SNP 5431506 population 5
WARNING: no counts at SNP 5431507 population 2
WARNING: no counts at SNP 5431507 population 3
WARNING: no counts at SNP 5431507 population 4
WARNING: no counts at SNP 5431507 population 5
WARNING: no counts at SNP 5431508 population 2
WARNING: no counts at SNP 5431508 population 3
WARNING: no counts at SNP 5431508 population 4
WARNING: no counts at SNP 5431508 population 5
WARNING: no counts at SNP 5431509 population 2
WARNING: no counts at SNP 5431509 population 3
WARNING: no counts at SNP 5431509 population 4
WARNING: no counts at SNP 5431509 population 5
WARNING: no counts at SNP 5431510 population 2
WARNING: no counts at SNP 5431510 population 3
WARNING: no counts at SNP 5431510 population 4
WARNING: no counts at SNP 5431510 population 5
WARNING: no counts at SNP 5431511 population 2
WARNING: no counts at SNP 5431511 population 3
WARNING: no counts at SNP 5431511 population 4
WARNING: no counts at SNP 5431511 population 5
WARNING: no counts at SNP 5431512 population 2
WARNING: no counts at SNP 5431512 population 3
WARNING: no counts at SNP 5431512 population 4
WARNING: no counts at SNP 5431512 population 5
WARNING: no counts at SNP 5431513 population 2
WARNING: no counts at SNP 5431513 population 3
WARNING: no counts at SNP 5431513 population 4
WARNING: no counts at SNP 5431513 population 5
WARNING: no counts at SNP 5431514 population 2
WARNING: no counts at SNP 5431514 population 3
WARNING: no counts at SNP 5431514 population 4
WARNING: no counts at SNP 5431514 population 5
WARNING: no counts at SNP 5431515 population 2
WARNING: no counts at SNP 5431515 population 3
WARNING: no counts at SNP 5431515 population 4
WARNING: no counts at SNP 5431515 population 5
WARNING: no counts at SNP 5431516 population 0
WARNING: no counts at SNP 5431516 population 2
WARNING: no counts at SNP 5431516 population 3
WARNING: no counts at SNP 5431516 population 4
WARNING: no counts at SNP 5431516 population 5
WARNING: no counts at SNP 5431517 population 0
WARNING: no counts at SNP 5431517 population 2
WARNING: no counts at SNP 5431517 population 3
WARNING: no counts at SNP 5431517 population 5
WARNING: no counts at SNP 5431518 population 0
WARNING: no counts at SNP 5431518 population 2
WARNING: no counts at SNP 5431518 population 3
WARNING: no counts at SNP 5431518 population 5
WARNING: no counts at SNP 5431519 population 0
WARNING: no counts at SNP 5431519 population 2
WARNING: no counts at SNP 5431519 population 3
WARNING: no counts at SNP 5431519 population 4
WARNING: no counts at SNP 5431519 population 5
WARNING: no counts at SNP 5431520 population 0
WARNING: no counts at SNP 5431520 population 1
WARNING: no counts at SNP 5431520 population 2
WARNING: no counts at SNP 5431520 population 3
WARNING: no counts at SNP 5431520 population 4
WARNING: no counts at SNP 5431520 population 5
WARNING: no counts at SNP 5431521 population 0
WARNING: no counts at SNP 5431521 population 2
WARNING: no counts at SNP 5431521 population 3
WARNING: no counts at SNP 5431521 population 4
WARNING: no counts at SNP 5431521 population 5
WARNING: no counts at SNP 5431522 population 0
WARNING: no counts at SNP 5431522 population 2
WARNING: no counts at SNP 5431522 population 3
WARNING: no counts at SNP 5431522 population 4
WARNING: no counts at SNP 5431522 population 5
WARNING: no counts at SNP 5431523 population 0
WARNING: no counts at SNP 5431523 population 2
WARNING: no counts at SNP 5431523 population 3
WARNING: no counts at SNP 5431523 population 5
WARNING: no counts at SNP 5431524 population 0
WARNING: no counts at SNP 5431524 population 2
WARNING: no counts at SNP 5431524 population 3
WARNING: no counts at SNP 5431524 population 5
WARNING: no counts at SNP 5431525 population 0
WARNING: no counts at SNP 5431525 population 2
WARNING: no counts at SNP 5431525 population 3
WARNING: no counts at SNP 5431525 population 5
WARNING: no counts at SNP 5431526 population 0
WARNING: no counts at SNP 5431526 population 1
WARNING: no counts at SNP 5431526 population 2
WARNING: no counts at SNP 5431526 population 3
WARNING: no counts at SNP 5431526 population 4
WARNING: no counts at SNP 5431526 population 5
WARNING: no counts at SNP 5431527 population 0
WARNING: no counts at SNP 5431527 population 2
WARNING: no counts at SNP 5431527 population 3
WARNING: no counts at SNP 5431527 population 4
WARNING: no counts at SNP 5431527 population 5
WARNING: no counts at SNP 5431528 population 0
WARNING: no counts at SNP 5431528 population 1
WARNING: no counts at SNP 5431528 population 2
WARNING: no counts at SNP 5431528 population 3
WARNING: no counts at SNP 5431528 population 4
WARNING: no counts at SNP 5431528 population 5
WARNING: no counts at SNP 5431529 population 0
WARNING: no counts at SNP 5431529 population 1
WARNING: no counts at SNP 5431529 population 2
WARNING: no counts at SNP 5431529 population 3
WARNING: no counts at SNP 5431529 population 4
WARNING: no counts at SNP 5431529 population 5
WARNING: no counts at SNP 5431530 population 0
WARNING: no counts at SNP 5431530 population 2
WARNING: no counts at SNP 5431530 population 3
WARNING: no counts at SNP 5431530 population 4
WARNING: no counts at SNP 5431530 population 5
WARNING: no counts at SNP 5431531 population 0
WARNING: no counts at SNP 5431531 population 2
WARNING: no counts at SNP 5431531 population 3
WARNING: no counts at SNP 5431531 population 4
WARNING: no counts at SNP 5431531 population 5
WARNING: no counts at SNP 5431532 population 2
WARNING: no counts at SNP 5431532 population 3
WARNING: no counts at SNP 5431532 population 4
WARNING: no counts at SNP 5431532 population 5
WARNING: no counts at SNP 5431533 population 2
WARNING: no counts at SNP 5431533 population 3
WARNING: no counts at SNP 5431533 population 4
WARNING: no counts at SNP 5431533 population 5
WARNING: no counts at SNP 5431534 population 2
WARNING: no counts at SNP 5431534 population 3
WARNING: no counts at SNP 5431534 population 4
WARNING: no counts at SNP 5431534 population 5
WARNING: no counts at SNP 5431535 population 2
WARNING: no counts at SNP 5431535 population 3
WARNING: no counts at SNP 5431535 population 4
WARNING: no counts at SNP 5431535 population 5
WARNING: no counts at SNP 5431536 population 2
WARNING: no counts at SNP 5431536 population 3
WARNING: no counts at SNP 5431536 population 4
WARNING: no counts at SNP 5431536 population 5
WARNING: no counts at SNP 5431537 population 2
WARNING: no counts at SNP 5431537 population 3
WARNING: no counts at SNP 5431537 population 4
WARNING: no counts at SNP 5431537 population 5
WARNING: no counts at SNP 5431538 population 2
WARNING: no counts at SNP 5431538 population 3
WARNING: no counts at SNP 5431538 population 4
WARNING: no counts at SNP 5431538 population 5
WARNING: no counts at SNP 5431539 population 2
WARNING: no counts at SNP 5431539 population 3
WARNING: no counts at SNP 5431539 population 4
WARNING: no counts at SNP 5431539 population 5
WARNING: no counts at SNP 5431540 population 0
WARNING: no counts at SNP 5431540 population 2
WARNING: no counts at SNP 5431540 population 3
WARNING: no counts at SNP 5431540 population 4
WARNING: no counts at SNP 5431540 population 5
WARNING: no counts at SNP 5431541 population 0
WARNING: no counts at SNP 5431541 population 2
WARNING: no counts at SNP 5431541 population 3
WARNING: no counts at SNP 5431541 population 5
WARNING: no counts at SNP 5431542 population 2
WARNING: no counts at SNP 5431542 population 3
WARNING: no counts at SNP 5431542 population 4
WARNING: no counts at SNP 5431542 population 5
WARNING: no counts at SNP 5431543 population 2
WARNING: no counts at SNP 5431543 population 3
WARNING: no counts at SNP 5431543 population 4
WARNING: no counts at SNP 5431543 population 5
WARNING: no counts at SNP 5431544 population 2
WARNING: no counts at SNP 5431544 population 3
WARNING: no counts at SNP 5431544 population 5
WARNING: no counts at SNP 5431545 population 2
WARNING: no counts at SNP 5431545 population 3
WARNING: no counts at SNP 5431545 population 5
WARNING: no counts at SNP 5431546 population 2
WARNING: no counts at SNP 5431546 population 3
WARNING: no counts at SNP 5431546 population 5
WARNING: no counts at SNP 5431547 population 2
WARNING: no counts at SNP 5431547 population 3
WARNING: no counts at SNP 5431547 population 5
WARNING: no counts at SNP 5431548 population 2
WARNING: no counts at SNP 5431548 population 3
WARNING: no counts at SNP 5431548 population 5
WARNING: no counts at SNP 5431549 population 2
WARNING: no counts at SNP 5431549 population 3
WARNING: no counts at SNP 5431549 population 5
WARNING: no counts at SNP 5431550 population 2
WARNING: no counts at SNP 5431550 population 3
WARNING: no counts at SNP 5431550 population 5
WARNING: no counts at SNP 5431551 population 2
WARNING: no counts at SNP 5431551 population 3
WARNING: no counts at SNP 5431551 population 5
WARNING: no counts at SNP 5431552 population 2
WARNING: no counts at SNP 5431552 population 3
WARNING: no counts at SNP 5431552 population 5
WARNING: no counts at SNP 5431553 population 2
WARNING: no counts at SNP 5431553 population 3
WARNING: no counts at SNP 5431553 population 5
WARNING: no counts at SNP 5431554 population 2
WARNING: no counts at SNP 5431554 population 3
WARNING: no counts at SNP 5431554 population 5
WARNING: no counts at SNP 5431555 population 2
WARNING: no counts at SNP 5431555 population 3
WARNING: no counts at SNP 5431555 population 5
WARNING: no counts at SNP 5431556 population 2
WARNING: no counts at SNP 5431556 population 3
WARNING: no counts at SNP 5431556 population 5
WARNING: no counts at SNP 5431557 population 2
WARNING: no counts at SNP 5431557 population 3
WARNING: no counts at SNP 5431557 population 5
WARNING: no counts at SNP 5431558 population 2
WARNING: no counts at SNP 5431558 population 3
WARNING: no counts at SNP 5431558 population 5
WARNING: no counts at SNP 5431559 population 2
WARNING: no counts at SNP 5431559 population 3
WARNING: no counts at SNP 5431559 population 5
WARNING: no counts at SNP 5431560 population 2
WARNING: no counts at SNP 5431560 population 3
WARNING: no counts at SNP 5431560 population 5
WARNING: no counts at SNP 5431561 population 2
WARNING: no counts at SNP 5431561 population 3
WARNING: no counts at SNP 5431561 population 5
WARNING: no counts at SNP 5431562 population 2
WARNING: no counts at SNP 5431562 population 3
WARNING: no counts at SNP 5431562 population 5
WARNING: no counts at SNP 5431563 population 2
WARNING: no counts at SNP 5431563 population 3
WARNING: no counts at SNP 5431563 population 4
WARNING: no counts at SNP 5431563 population 5
WARNING: no counts at SNP 5431564 population 2
WARNING: no counts at SNP 5431564 population 3
WARNING: no counts at SNP 5431564 population 4
WARNING: no counts at SNP 5431564 population 5
WARNING: no counts at SNP 5431565 population 2
WARNING: no counts at SNP 5431565 population 3
WARNING: no counts at SNP 5431565 population 4
WARNING: no counts at SNP 5431565 population 5
WARNING: no counts at SNP 5431566 population 2
WARNING: no counts at SNP 5431566 population 3
WARNING: no counts at SNP 5431566 population 5
WARNING: no counts at SNP 5431567 population 2
WARNING: no counts at SNP 5431567 population 3
WARNING: no counts at SNP 5431567 population 5
WARNING: no counts at SNP 5431568 population 2
WARNING: no counts at SNP 5431568 population 3
WARNING: no counts at SNP 5431568 population 5
WARNING: no counts at SNP 5431569 population 0
WARNING: no counts at SNP 5431569 population 2
WARNING: no counts at SNP 5431569 population 3
WARNING: no counts at SNP 5431569 population 4
WARNING: no counts at SNP 5431569 population 5
WARNING: no counts at SNP 5431570 population 0
WARNING: no counts at SNP 5431570 population 2
WARNING: no counts at SNP 5431570 population 3
WARNING: no counts at SNP 5431570 population 5
WARNING: no counts at SNP 5431571 population 0
WARNING: no counts at SNP 5431571 population 2
WARNING: no counts at SNP 5431571 population 3
WARNING: no counts at SNP 5431571 population 4
WARNING: no counts at SNP 5431571 population 5
WARNING: no counts at SNP 5431572 population 2
WARNING: no counts at SNP 5431572 population 3
WARNING: no counts at SNP 5431572 population 4
WARNING: no counts at SNP 5431572 population 5
WARNING: no counts at SNP 5431573 population 2
WARNING: no counts at SNP 5431573 population 3
WARNING: no counts at SNP 5431573 population 4
WARNING: no counts at SNP 5431573 population 5
WARNING: no counts at SNP 5431574 population 0
WARNING: no counts at SNP 5431574 population 2
WARNING: no counts at SNP 5431574 population 3
WARNING: no counts at SNP 5431574 population 4
WARNING: no counts at SNP 5431574 population 5
WARNING: no counts at SNP 5431575 population 0
WARNING: no counts at SNP 5431575 population 2
WARNING: no counts at SNP 5431575 population 3
WARNING: no counts at SNP 5431575 population 4
WARNING: no counts at SNP 5431575 population 5
WARNING: no counts at SNP 5431576 population 0
WARNING: no counts at SNP 5431576 population 2
WARNING: no counts at SNP 5431576 population 3
WARNING: no counts at SNP 5431576 population 4
WARNING: no counts at SNP 5431576 population 5
WARNING: no counts at SNP 5431577 population 0
WARNING: no counts at SNP 5431577 population 2
WARNING: no counts at SNP 5431577 population 3
WARNING: no counts at SNP 5431577 population 5
WARNING: no counts at SNP 5431578 population 0
WARNING: no counts at SNP 5431578 population 2
WARNING: no counts at SNP 5431578 population 3
WARNING: no counts at SNP 5431578 population 5
WARNING: no counts at SNP 5431579 population 0
WARNING: no counts at SNP 5431579 population 2
WARNING: no counts at SNP 5431579 population 3
WARNING: no counts at SNP 5431579 population 4
WARNING: no counts at SNP 5431579 population 5
WARNING: no counts at SNP 5431580 population 0
WARNING: no counts at SNP 5431580 population 2
WARNING: no counts at SNP 5431580 population 3
WARNING: no counts at SNP 5431580 population 5
WARNING: no counts at SNP 5431581 population 0
WARNING: no counts at SNP 5431581 population 2
WARNING: no counts at SNP 5431581 population 3
WARNING: no counts at SNP 5431581 population 5
WARNING: no counts at SNP 5431582 population 0
WARNING: no counts at SNP 5431582 population 2
WARNING: no counts at SNP 5431582 population 3
WARNING: no counts at SNP 5431582 population 5
WARNING: no counts at SNP 5431583 population 0
WARNING: no counts at SNP 5431583 population 2
WARNING: no counts at SNP 5431583 population 3
WARNING: no counts at SNP 5431583 population 5
WARNING: no counts at SNP 5431584 population 0
WARNING: no counts at SNP 5431584 population 2
WARNING: no counts at SNP 5431584 population 3
WARNING: no counts at SNP 5431584 population 5
WARNING: no counts at SNP 5431585 population 0
WARNING: no counts at SNP 5431585 population 2
WARNING: no counts at SNP 5431585 population 3
WARNING: no counts at SNP 5431585 population 5
WARNING: no counts at SNP 5431586 population 0
WARNING: no counts at SNP 5431586 population 2
WARNING: no counts at SNP 5431586 population 3
WARNING: no counts at SNP 5431586 population 5
WARNING: no counts at SNP 5431587 population 0
WARNING: no counts at SNP 5431587 population 2
WARNING: no counts at SNP 5431587 population 3
WARNING: no counts at SNP 5431587 population 5
WARNING: no counts at SNP 5431588 population 0
WARNING: no counts at SNP 5431588 population 2
WARNING: no counts at SNP 5431588 population 3
WARNING: no counts at SNP 5431588 population 5
WARNING: no counts at SNP 5431589 population 0
WARNING: no counts at SNP 5431589 population 2
WARNING: no counts at SNP 5431589 population 3
WARNING: no counts at SNP 5431589 population 5
WARNING: no counts at SNP 5431590 population 0
WARNING: no counts at SNP 5431590 population 2
WARNING: no counts at SNP 5431590 population 3
WARNING: no counts at SNP 5431590 population 5
WARNING: no counts at SNP 5431591 population 0
WARNING: no counts at SNP 5431591 population 2
WARNING: no counts at SNP 5431591 population 3
WARNING: no counts at SNP 5431591 population 5
WARNING: no counts at SNP 5431592 population 0
WARNING: no counts at SNP 5431592 population 2
WARNING: no counts at SNP 5431592 population 3
WARNING: no counts at SNP 5431592 population 5
WARNING: no counts at SNP 5431593 population 0
WARNING: no counts at SNP 5431593 population 2
WARNING: no counts at SNP 5431593 population 3
WARNING: no counts at SNP 5431593 population 5
WARNING: no counts at SNP 5431594 population 0
WARNING: no counts at SNP 5431594 population 2
WARNING: no counts at SNP 5431594 population 3
WARNING: no counts at SNP 5431594 population 5
WARNING: no counts at SNP 5431595 population 0
WARNING: no counts at SNP 5431595 population 2
WARNING: no counts at SNP 5431595 population 3
WARNING: no counts at SNP 5431595 population 5
WARNING: no counts at SNP 5431596 population 0
WARNING: no counts at SNP 5431596 population 2
WARNING: no counts at SNP 5431596 population 3
WARNING: no counts at SNP 5431596 population 5
WARNING: no counts at SNP 5431597 population 0
WARNING: no counts at SNP 5431597 population 2
WARNING: no counts at SNP 5431597 population 3
WARNING: no counts at SNP 5431597 population 5
WARNING: no counts at SNP 5431598 population 0
WARNING: no counts at SNP 5431598 population 2
WARNING: no counts at SNP 5431598 population 3
WARNING: no counts at SNP 5431598 population 5
WARNING: no counts at SNP 5431599 population 0
WARNING: no counts at SNP 5431599 population 2
WARNING: no counts at SNP 5431599 population 3
WARNING: no counts at SNP 5431599 population 5
WARNING: no counts at SNP 5431600 population 0
WARNING: no counts at SNP 5431600 population 2
WARNING: no counts at SNP 5431600 population 3
WARNING: no counts at SNP 5431600 population 5
WARNING: no counts at SNP 5431601 population 0
WARNING: no counts at SNP 5431601 population 2
WARNING: no counts at SNP 5431601 population 3
WARNING: no counts at SNP 5431601 population 5
WARNING: no counts at SNP 5431602 population 0
WARNING: no counts at SNP 5431602 population 2
WARNING: no counts at SNP 5431602 population 3
WARNING: no counts at SNP 5431602 population 5
WARNING: no counts at SNP 5431603 population 0
WARNING: no counts at SNP 5431603 population 2
WARNING: no counts at SNP 5431603 population 3
WARNING: no counts at SNP 5431603 population 5
WARNING: no counts at SNP 5431604 population 0
WARNING: no counts at SNP 5431604 population 2
WARNING: no counts at SNP 5431604 population 3
WARNING: no counts at SNP 5431604 population 5
WARNING: no counts at SNP 5431605 population 0
WARNING: no counts at SNP 5431605 population 2
WARNING: no counts at SNP 5431605 population 3
WARNING: no counts at SNP 5431605 population 5
WARNING: no counts at SNP 5431606 population 0
WARNING: no counts at SNP 5431606 population 2
WARNING: no counts at SNP 5431606 population 3
WARNING: no counts at SNP 5431606 population 5
WARNING: no counts at SNP 5431607 population 0
WARNING: no counts at SNP 5431607 population 1
WARNING: no counts at SNP 5431607 population 2
WARNING: no counts at SNP 5431607 population 3
WARNING: no counts at SNP 5431607 population 5
WARNING: no counts at SNP 5431608 population 0
WARNING: no counts at SNP 5431608 population 2
WARNING: no counts at SNP 5431608 population 3
WARNING: no counts at SNP 5431608 population 4
WARNING: no counts at SNP 5431608 population 5
WARNING: no counts at SNP 5431609 population 0
WARNING: no counts at SNP 5431609 population 2
WARNING: no counts at SNP 5431609 population 3
WARNING: no counts at SNP 5431609 population 4
WARNING: no counts at SNP 5431609 population 5
Estimating covariance matrix in 7122 blocks of size 2400
SEED: 1585230152
Starting from:
((G.MaheSouth:0.0143031,A.PraslinPasquereRiver:0.00700474):0.0147508,C.PraslinWest:0.0147508);
Adding E.MaheNorth [4/8]
ln(likelihood): -2336197.9 
(((A.PraslinPasquereRiver:0.00585664,C.PraslinWest:0.00701313):0.00378681,E.MaheNorth:0.0157185):0.0164267,G.MaheSouth:0.0164267);
Adding PML [5/8]
ln(likelihood): -4346.3792 
(A.PraslinPasquereRiver:0.00110743,(C.PraslinWest:0.00399652,(E.MaheNorth:0.00953515,(G.MaheSouth:0.00783419,PML:0.880059):0.000527109):0.00452849):0.00110743);
Adding B.PraslinPlaineHollandaise [6/8]
ln(likelihood): -821.6409 
(((G.MaheSouth:0.00808645,E.MaheNorth:0.00945566):0.000488352,PML:0.880623):0.00279675,((C.PraslinWest:0.00068801,B.PraslinPlaineHollandaise:0.000789321):0.0030965,A.PraslinPasquereRiver:0.00182834):0.00279675);
Adding D.LaDigue [7/8]
ln(likelihood): -1531.084 
((((G.MaheSouth:0.00799411,E.MaheNorth:0.00944764):0.000818429,PML:0.880447):0.0023477,((C.PraslinWest:0.000666657,B.PraslinPlaineHollandaise:0.000767397):0.00292489,A.PraslinPasquereRiver:0.00188702):0.00315128):0.000543973,D.LaDigue:0.000543973);
Adding F.Curieuse [8/8]
ln(likelihood): -4004.5872 
((((G.MaheSouth:0.00816565,PML:0.880128):0.000389163,E.MaheNorth:0.00977491):0.00205379,(((C.PraslinWest:0.000665158,B.PraslinPlaineHollandaise:0.000769161):0.00317641,A.PraslinPasquereRiver:0.0018153):0.00162901,F.Curieuse:0.00682755):0.00174831):0.000580217,D.LaDigue:0.000580217);
Testing global rearrangements
G.MaheSouth:0.00816565 E.MaheNorth:0.00977491
-4042.2097 -4004.5872
G.MaheSouth:0.00816565 C.PraslinWest:0.000665158
-59829.489 -4004.5872
G.MaheSouth:0.00816565 F.Curieuse:0.00682755
-21178.124 -4004.5872
PML:0.880128 D.LaDigue:0.000580217
-6335.7147 -4004.5872
E.MaheNorth:0.00977491 G.MaheSouth:0.00816565
-4042.2097 -4004.5872
E.MaheNorth:0.00977491 PML:0.880128
-4133.3599 -4004.5872
E.MaheNorth:0.00977491 C.PraslinWest:0.000665158
-54431.233 -4004.5872
E.MaheNorth:0.00977491 A.PraslinPasquereRiver:0.0018153
-31926.643 -4004.5872
E.MaheNorth:0.00977491 F.Curieuse:0.00682755
-18259.589 -4004.5872
C.PraslinWest:0.000665158 ((C.PraslinWest:0.000665158,B.PraslinPlaineHollandaise:0.000769161):0.00317641,A.PraslinPasquereRiver:0.0018153):0.00162901
-11686.387 -4004.5872
C.PraslinWest:0.000665158 F.Curieuse:0.00682755
-22994.933 -4004.5872
C.PraslinWest:0.000665158 D.LaDigue:0.000580217
-27580.777 -4004.5872
B.PraslinPlaineHollandaise:0.000769161 A.PraslinPasquereRiver:0.0018153
-11686.387 -4004.5872
A.PraslinPasquereRiver:0.0018153 G.MaheSouth:0.00816565
-38174.544 -4004.5872
A.PraslinPasquereRiver:0.0018153 (G.MaheSouth:0.00816565,PML:0.880128):0.000389163
-32740.055 -4004.5872
A.PraslinPasquereRiver:0.0018153 PML:0.880128
-38174.544 -4004.5872
A.PraslinPasquereRiver:0.0018153 ((G.MaheSouth:0.00816565,PML:0.880128):0.000389163,E.MaheNorth:0.00977491):0.00205379
-11259.658 -4004.5872
A.PraslinPasquereRiver:0.0018153 E.MaheNorth:0.00977491
-32740.055 -4004.5872
A.PraslinPasquereRiver:0.0018153 F.Curieuse:0.00682755
-7862.0139 -4004.5872
F.Curieuse:0.00682755 G.MaheSouth:0.00816565
-20156.187 -4004.5872
F.Curieuse:0.00682755 (G.MaheSouth:0.00816565,PML:0.880128):0.000389163
-17140.032 -4004.5872
F.Curieuse:0.00682755 PML:0.880128
-20156.187 -4004.5872
F.Curieuse:0.00682755 ((G.MaheSouth:0.00816565,PML:0.880128):0.000389163,E.MaheNorth:0.00977491):0.00205379
-5101.2145 -4004.5872
F.Curieuse:0.00682755 E.MaheNorth:0.00977491
-17393.103 -4004.5872
F.Curieuse:0.00682755 A.PraslinPasquereRiver:0.0018153
-7862.0139 -4004.5872
D.LaDigue:0.000580217 PML:0.880128
-8633.3987 -4004.5872
D.LaDigue:0.000580217 C.PraslinWest:0.000665158
-19146.343 -4004.5872
D.LaDigue:0.000580217 (C.PraslinWest:0.000665158,B.PraslinPlaineHollandaise:0.000769161):0.00317641
-9354.8675 -4004.5872
D.LaDigue:0.000580217 B.PraslinPlaineHollandaise:0.000769161
-19146.343 -4004.5872
Set root above PML
Targeting migration to vicinity of:
PML D.LaDigue
A.PraslinPasquereRiver F.Curieuse
E.MaheNorth F.Curieuse
B.PraslinPlaineHollandaise D.LaDigue

A.PraslinPasquereRiver F.Curieuse
C.PraslinWest D.LaDigue
B.PraslinPlaineHollandaise D.LaDigue
F.Curieuse A.PraslinPasquereRiver
A.PraslinPasquereRiver F.Curieuse
C.PraslinWest D.LaDigue
B.PraslinPlaineHollandaise D.LaDigue
E.MaheNorth F.Curieuse
G.MaheSouth E.MaheNorth
PML D.LaDigue
Trying A.PraslinPasquereRiver F.Curieuse
A.PraslinPasquereRiver:0.0018153 F.Curieuse:0.00682755
1->2 0.42340454 -2820.695 -4004.5872
2->1 0.18378383 -2655.4885 -2820.695
p2->1 4.0751289e-05 -4004.5907 -2655.4885
Trying B.PraslinPlaineHollandaise D.LaDigue
B.PraslinPlaineHollandaise:0.000769161 D.LaDigue:0.00116043
1->2 0.35497782 -2528.8564 -2655.4885
2->1 0.057692215 -3977.2814 -2528.8564
p1->2 0.37330741 -2552.8818 -2528.8564
p2->1 8.6377241e-07 -4004.5888 -2528.8564
(C.PraslinWest:0.000665155,B.PraslinPlaineHollandaise:0.000769165):0.00317641 D.LaDigue:0.00116044
2->1 0.38432476 -1949.3987 -2528.8564
p1->2 0.46502385 -3300.0666 -1949.3987
p2->1 0.40219814 -2896.7011 -1949.3987
Trying C.PraslinWest D.LaDigue
(C.PraslinWest:0.000666375,B.PraslinPlaineHollandaise:0.000770379):0.0123251 D.LaDigue:0.00115161
C.PraslinWest:0.000666375 D.LaDigue:0.00115161
1->2 0.35497782 -2528.8564 -1949.3987
2->1 0.14529303 -3555.9152 -1949.3987
p2->1 0.13493484 -3716.2641 -1949.3987
Trying E.MaheNorth F.Curieuse
E.MaheNorth:0.0097754 F.Curieuse:0.00673836
1->2 0.33010662 -3146.2147 -1949.3987
2->1 0.10084423 -3468.2267 -1949.3987
p1->2 0.36399996 -3264.48 -1949.3987
p2->1 0.17556581 -3832.2458 -1949.3987
E.MaheNorth:0.0153079 ((A.PraslinPasquereRiver:0.0018153,(B.PraslinPlaineHollandaise:0.000769161,C.PraslinWest:0.000665158):0.00317641):0.00158191,F.Curieuse:0.00681185):0.00198474
1->2 0.098679066 -3569.6239 -1949.3987
p1->2 4.0751289e-05 -4004.588 -1949.3987
Trying F.Curieuse A.PraslinPasquereRiver
F.Curieuse:0.00682755 A.PraslinPasquereRiver:0.0018153
Trying G.MaheSouth E.MaheNorth
G.MaheSouth:0.00816564 E.MaheNorth:0.00977491
1->2 0.11684042 -3565.2639 -1949.3987
2->1 0.094817661 -3565.2639 -1949.3987
p1->2 4.0751289e-05 -4004.5944 -1949.3987
Trying PML D.LaDigue
PML:0.440064 D.LaDigue:0.00116043
1->2 0.25082162 -2815.0089 -1949.3987
2->1 0.44706497 -2914.1677 -1949.3987
p2->1 0.8633818 -3589.2743 -1949.3987
Migration added
Local updates around node 1: 0 ln(lk):-1949.3987 
Local updates around node 2: 0 ln(lk):-1949.3987 
Updates in migration position: 0 ln(lk):-1949.3987 
Switches in migration direction: 0 ln(lk):-1949.3987 
ln(likelihood):-1949.4014 
Targeting migration to vicinity of:
PML D.LaDigue
E.MaheNorth F.Curieuse
G.MaheSouth E.MaheNorth
A.PraslinPasquereRiver B.PraslinPlaineHollandaise

E.MaheNorth F.Curieuse
G.MaheSouth E.MaheNorth
E.MaheNorth G.MaheSouth
PML D.LaDigue
G.MaheSouth E.MaheNorth
PML D.LaDigue
Trying E.MaheNorth F.Curieuse
E.MaheNorth:0.00977841 F.Curieuse:0.00602176
1->2 0.31402862 -1488.9713 -1949.4014
2->1 0.096947834 -1455.173 -1488.9713
p1->2 0.38914007 -1579.7832 -1455.173
p2->1 0.18417558 -1576.3208 -1455.173
Trying E.MaheNorth G.MaheSouth
E.MaheNorth:0.0156743 G.MaheSouth:0.00796997
1->2 0.097141996 -1503.5228 -1455.173
2->1 0.11949987 -1504.2918 -1455.173
p2->1 4.0751289e-05 -1949.4087 -1455.173
Trying G.MaheSouth E.MaheNorth
G.MaheSouth:0.00816915 E.MaheNorth:0.00977923
Trying PML D.LaDigue
PML:0.440066 D.LaDigue:0.0017881
1->2 0.098482169 -801.75449 -1455.173
2->1 0.4061625 -806.9657 -801.75449
p2->1 0.43235788 -1503.2415 -801.75449
Migration added
Local updates around node 1: 0 ln(lk):-801.75449 
Local updates around node 2: 0 ln(lk):-801.75449 
Updates in migration position: 0 ln(lk):-801.75449 
Switches in migration direction: 0 ln(lk):-801.75449 
ln(likelihood):-786.60381 
Targeting migration to vicinity of:
G.MaheSouth E.MaheNorth
E.MaheNorth F.Curieuse
A.PraslinPasquereRiver B.PraslinPlaineHollandaise
G.MaheSouth D.LaDigue

A.PraslinPasquereRiver B.PraslinPlaineHollandaise
B.PraslinPlaineHollandaise A.PraslinPasquereRiver
F.Curieuse A.PraslinPasquereRiver
G.MaheSouth D.LaDigue
E.MaheNorth F.Curieuse
D.LaDigue A.PraslinPasquereRiver
G.MaheSouth E.MaheNorth
G.MaheSouth D.LaDigue
E.MaheNorth F.Curieuse
PML F.Curieuse
G.MaheSouth E.MaheNorth
G.MaheSouth D.LaDigue
E.MaheNorth G.MaheSouth
Trying A.PraslinPasquereRiver B.PraslinPlaineHollandaise
(A.PraslinPasquereRiver:0,(C.PraslinWest:0.000666916,B.PraslinPlaineHollandaise:0.000770919):0.0112313):0.00310176 B.PraslinPlaineHollandaise:0.000770919
1->2 0.10228353 -740.46011 -786.60381
p1->2 3.0968394e-07 -786.60424 -740.46011
A.PraslinPasquereRiver:0 B.PraslinPlaineHollandaise:0.000770921
1->2 0.10228353 -740.46011 -740.46011
2->1 0.18973479 -662.00991 -740.46011
Trying B.PraslinPlaineHollandaise A.PraslinPasquereRiver
B.PraslinPlaineHollandaise:0.000839657 A.PraslinPasquereRiver:0.00209399
Trying D.LaDigue A.PraslinPasquereRiver
D.LaDigue:0.00352061 ((C.PraslinWest:0.000652967,B.PraslinPlaineHollandaise:0.000839657):0.0125618,A.PraslinPasquereRiver:0.00209399):0.00190638
1->2 0.30945855 -463.74429 -662.00991
2->1 0.13301121 -623.06284 -463.74429
p1->2 0.099995285 -786.60388 -463.74429
p2->1 0.10146535 -738.83735 -463.74429
D.LaDigue:0.00435034 A.PraslinPasquereRiver:0
1->2 0.056180336 -709.37142 -463.74429
2->1 0.13301121 -623.06284 -463.74429
p1->2 0.025960954 -780.19723 -463.74429
Trying E.MaheNorth F.Curieuse
E.MaheNorth:0.00955555 F.Curieuse:0.0061061
1->2 0.27066618 -360.73876 -463.74429
2->1 0.13558124 -488.07677 -360.73876
p1->2 0.32662794 -455.19111 -360.73876
p2->1 0.16877811 -629.91246 -360.73876
Trying E.MaheNorth G.MaheSouth
E.MaheNorth:0.0147021 G.MaheSouth:0.00777214
1->2 0.099995285 -405.72132 -360.73876
2->1 0.26925915 -405.72132 -360.73876
p2->1 4.0751289e-05 -786.60395 -360.73876
Trying F.Curieuse A.PraslinPasquereRiver
F.Curieuse:0.00614207 A.PraslinPasquereRiver:0
1->2 0.3970964 -513.0619 -360.73876
2->1 0.099995285 -786.60388 -360.73876
p1->2 0.44897169 -712.41383 -360.73876
Trying G.MaheSouth D.LaDigue
G.MaheSouth:0.00779178 D.LaDigue:0.00332557
1->2 0.040865395 -717.30693 -360.73876
2->1 3.0968394e-07 -786.60409 -360.73876
p1->2 0.031314585 -782.41243 -360.73876
p2->1 0.00025888829 -786.60381 -360.73876
Trying G.MaheSouth E.MaheNorth
G.MaheSouth:0.00778895 E.MaheNorth:0.0095539
Trying PML F.Curieuse
PML:0.871215 F.Curieuse:0.00614207
1->2 0.00010146397 -781.79966 -360.73876
2->1 0.19737197 -478.73513 -360.73876
p2->1 0.32726988 -410.94193 -360.73876
Migration added
Local updates around node 1: 0 ln(lk):-360.73876 
Local updates around node 2: 1 ln(lk):-203.32008 
Updates in migration position: 0 ln(lk):-203.32008 
Switches in migration direction: 0 ln(lk):-203.32008 
Local updates around node 1: 0 ln(lk):-203.32008 
Local updates around node 2: 0 ln(lk):-203.32008 
Switches in migration direction: 0 ln(lk):-203.32008 
Updates in migration position: 0 ln(lk):-203.32008 
Trying all local rearrangements
Local rearrangements: 0 ln(lk):-203.32008 
Flipping migration edge
Flipping migration edge
ln(likelihood):-203.31886 
Targeting migration to vicinity of:
G.MaheSouth E.MaheNorth
D.LaDigue F.Curieuse
A.PraslinPasquereRiver B.PraslinPlaineHollandaise
A.PraslinPasquereRiver PML

A.PraslinPasquereRiver B.PraslinPlaineHollandaise
A.PraslinPasquereRiver PML
F.Curieuse PML
F.Curieuse D.LaDigue
PML A.PraslinPasquereRiver
PML F.Curieuse
D.LaDigue F.Curieuse
G.MaheSouth E.MaheNorth
E.MaheNorth G.MaheSouth
Trying A.PraslinPasquereRiver B.PraslinPlaineHollandaise
A.PraslinPasquereRiver:0 B.PraslinPlaineHollandaise:0.00076897
1->2 0.12414305 -150.1088 -203.31886
2->1 0.067926824 -178.13872 -150.1088
p1->2 0.13769098 -150.25211 -150.1088
p2->1 0.0016285602 -204.79764 -150.1088
Trying A.PraslinPasquereRiver PML
A.PraslinPasquereRiver:4.45967e-05 PML:0.8772
1->2 0.096634403 12.012599 -150.1088
2->1 0.006710947 -201.70137 12.012599
p1->2 0.096634403 12.012599 12.012599
p2->1 0.010928518 -201.07665 12.012599
(F.Curieuse:0.0207397,A.PraslinPasquereRiver:0.000129364):0 PML:0.877179
2->1 0.088209003 22.312072 12.012599
p1->2 0.052000277 -37.730007 22.312072
p2->1 0.15852213 -25.768434 22.312072
Trying D.LaDigue F.Curieuse
D.LaDigue:0.00491865 F.Curieuse:0.0208554
1->2 0.017333129 -175.38909 22.312072
2->1 3.0968394e-07 -204.8121 22.312072
p1->2 0.011054639 -193.34121 22.312072
p2->1 3.0968394e-07 -204.8121 22.312072
(PML:0.8772,D.LaDigue:0.00466302):0.00111369 F.Curieuse:0.0207847
2->1 0.088209003 35.905323 22.312072
p2->1 0.088566072 -5.7937736 35.905323
Trying E.MaheNorth G.MaheSouth
E.MaheNorth:0.00901841 G.MaheSouth:0.00720542
1->2 0.078036837 81.922002 35.905323
2->1 0.088566072 66.914487 81.922002
p1->2 0.3970964 -204.81208 81.922002
p2->1 6.2353583e-06 -204.81213 81.922002
Trying F.Curieuse D.LaDigue
F.Curieuse:0.0207847 D.LaDigue:0.00466302
F.Curieuse:0.0207847 (PML:0.8772,D.LaDigue:0.00466302):0.00111369
Trying F.Curieuse PML
F.Curieuse:0.0207847 PML:0.8772
1->2 0.093102999 24.830719 81.922002
2->1 0.0096772052 -180.14463 81.922002
F.Curieuse:0.0216581 (D.LaDigue:0.00465717,PML:0.877183):0.00104336
(A.PraslinPasquereRiver:0,F.Curieuse:0.0216581):0 PML:0.877183
Trying G.MaheSouth E.MaheNorth
G.MaheSouth:0.00767466 E.MaheNorth:0.00931815
Trying PML A.PraslinPasquereRiver
PML:0.877183 A.PraslinPasquereRiver:0
PML:0.877183 (A.PraslinPasquereRiver:0,F.Curieuse:0.0216581):0
Trying PML F.Curieuse
PML:0.877183 F.Curieuse:0.0216581
PML:0.877183 (A.PraslinPasquereRiver:0,F.Curieuse:0.0216581):0
(D.LaDigue:0.00465717,PML:0.877183):0.00104336 F.Curieuse:0.0216581
Migration added
Local updates around node 1: 1 ln(lk):146.54061 
Local updates around node 2: 0 ln(lk):146.54061 
Updates in migration position: 1 ln(lk):147.37161 
Switches in migration direction: 3 ln(lk):148.02813 
Local updates around node 1: 1 ln(lk):154.1535 
Local updates around node 2: 0 ln(lk):154.1535 
Switches in migration direction: 0 ln(lk):154.1535 
Updates in migration position: 0 ln(lk):154.1535 
Local updates around node 1: 0 ln(lk):154.1535 
Local updates around node 2: 0 ln(lk):154.1535 
Switches in migration direction: 0 ln(lk):154.1535 
Updates in migration position: 0 ln(lk):154.1535 
Trying all local rearrangements
Local rearrangements: 0 ln(lk):154.1535 
Flipping migration edge
Flipping migration edge
ln(likelihood):154.79431 
Flipping migration edge
Flipping migration edge
DONE.
