
TreeMix v. 1.13
$Revision: 231 $

npop:8 nsnp:17094256
WARNING: no counts at SNP 5431404 population 0
WARNING: no counts at SNP 5431404 population 2
WARNING: no counts at SNP 5431404 population 3
WARNING: no counts at SNP 5431404 population 4
WARNING: no counts at SNP 5431404 population 5
WARNING: no counts at SNP 5431405 population 0
WARNING: no counts at SNP 5431405 population 2
WARNING: no counts at SNP 5431405 population 3
WARNING: no counts at SNP 5431405 population 4
WARNING: no counts at SNP 5431405 population 5
WARNING: no counts at SNP 5431406 population 0
WARNING: no counts at SNP 5431406 population 2
WARNING: no counts at SNP 5431406 population 3
WARNING: no counts at SNP 5431406 population 5
WARNING: no counts at SNP 5431407 population 0
WARNING: no counts at SNP 5431407 population 2
WARNING: no counts at SNP 5431407 population 3
WARNING: no counts at SNP 5431407 population 5
WARNING: no counts at SNP 5431408 population 0
WARNING: no counts at SNP 5431408 population 2
WARNING: no counts at SNP 5431408 population 3
WARNING: no counts at SNP 5431408 population 4
WARNING: no counts at SNP 5431408 population 5
WARNING: no counts at SNP 5431409 population 0
WARNING: no counts at SNP 5431409 population 2
WARNING: no counts at SNP 5431409 population 3
WARNING: no counts at SNP 5431409 population 4
WARNING: no counts at SNP 5431409 population 5
WARNING: no counts at SNP 5431410 population 0
WARNING: no counts at SNP 5431410 population 2
WARNING: no counts at SNP 5431410 population 3
WARNING: no counts at SNP 5431410 population 5
WARNING: no counts at SNP 5431411 population 0
WARNING: no counts at SNP 5431411 population 2
WARNING: no counts at SNP 5431411 population 3
WARNING: no counts at SNP 5431411 population 4
WARNING: no counts at SNP 5431411 population 5
WARNING: no counts at SNP 5431412 population 2
WARNING: no counts at SNP 5431412 population 3
WARNING: no counts at SNP 5431412 population 5
WARNING: no counts at SNP 5431413 population 2
WARNING: no counts at SNP 5431413 population 3
WARNING: no counts at SNP 5431413 population 5
WARNING: no counts at SNP 5431414 population 2
WARNING: no counts at SNP 5431414 population 3
WARNING: no counts at SNP 5431414 population 5
WARNING: no counts at SNP 5431415 population 2
WARNING: no counts at SNP 5431415 population 3
WARNING: no counts at SNP 5431415 population 5
WARNING: no counts at SNP 5431416 population 2
WARNING: no counts at SNP 5431416 population 3
WARNING: no counts at SNP 5431416 population 5
WARNING: no counts at SNP 5431417 population 2
WARNING: no counts at SNP 5431417 population 3
WARNING: no counts at SNP 5431417 population 5
WARNING: no counts at SNP 5431418 population 2
WARNING: no counts at SNP 5431418 population 3
WARNING: no counts at SNP 5431418 population 5
WARNING: no counts at SNP 5431419 population 2
WARNING: no counts at SNP 5431419 population 3
WARNING: no counts at SNP 5431419 population 5
WARNING: no counts at SNP 5431420 population 2
WARNING: no counts at SNP 5431420 population 3
WARNING: no counts at SNP 5431420 population 5
WARNING: no counts at SNP 5431421 population 2
WARNING: no counts at SNP 5431421 population 3
WARNING: no counts at SNP 5431421 population 5
WARNING: no counts at SNP 5431422 population 0
WARNING: no counts at SNP 5431422 population 2
WARNING: no counts at SNP 5431422 population 3
WARNING: no counts at SNP 5431422 population 4
WARNING: no counts at SNP 5431422 population 5
WARNING: no counts at SNP 5431423 population 0
WARNING: no counts at SNP 5431423 population 2
WARNING: no counts at SNP 5431423 population 3
WARNING: no counts at SNP 5431423 population 5
WARNING: no counts at SNP 5431424 population 2
WARNING: no counts at SNP 5431424 population 3
WARNING: no counts at SNP 5431424 population 4
WARNING: no counts at SNP 5431424 population 5
WARNING: no counts at SNP 5431425 population 2
WARNING: no counts at SNP 5431425 population 3
WARNING: no counts at SNP 5431425 population 5
WARNING: no counts at SNP 5431426 population 2
WARNING: no counts at SNP 5431426 population 3
WARNING: no counts at SNP 5431426 population 5
WARNING: no counts at SNP 5431427 population 2
WARNING: no counts at SNP 5431427 population 3
WARNING: no counts at SNP 5431427 population 5
WARNING: no counts at SNP 5431428 population 2
WARNING: no counts at SNP 5431428 population 3
WARNING: no counts at SNP 5431428 population 5
WARNING: no counts at SNP 5431429 population 2
WARNING: no counts at SNP 5431429 population 3
WARNING: no counts at SNP 5431429 population 5
WARNING: no counts at SNP 5431430 population 2
WARNING: no counts at SNP 5431430 population 3
WARNING: no counts at SNP 5431430 population 5
WARNING: no counts at SNP 5431431 population 2
WARNING: no counts at SNP 5431431 population 3
WARNING: no counts at SNP 5431431 population 5
WARNING: no counts at SNP 5431432 population 2
WARNING: no counts at SNP 5431432 population 3
WARNING: no counts at SNP 5431432 population 5
WARNING: no counts at SNP 5431433 population 2
WARNING: no counts at SNP 5431433 population 3
WARNING: no counts at SNP 5431433 population 5
WARNING: no counts at SNP 5431434 population 2
WARNING: no counts at SNP 5431434 population 3
WARNING: no counts at SNP 5431434 population 5
WARNING: no counts at SNP 5431435 population 1
WARNING: no counts at SNP 5431435 population 2
WARNING: no counts at SNP 5431435 population 3
WARNING: no counts at SNP 5431435 population 5
WARNING: no counts at SNP 5431436 population 1
WARNING: no counts at SNP 5431436 population 2
WARNING: no counts at SNP 5431436 population 3
WARNING: no counts at SNP 5431436 population 5
WARNING: no counts at SNP 5431437 population 1
WARNING: no counts at SNP 5431437 population 2
WARNING: no counts at SNP 5431437 population 3
WARNING: no counts at SNP 5431437 population 5
WARNING: no counts at SNP 5431438 population 1
WARNING: no counts at SNP 5431438 population 2
WARNING: no counts at SNP 5431438 population 3
WARNING: no counts at SNP 5431438 population 5
WARNING: no counts at SNP 5431439 population 2
WARNING: no counts at SNP 5431439 population 3
WARNING: no counts at SNP 5431439 population 5
WARNING: no counts at SNP 5431440 population 2
WARNING: no counts at SNP 5431440 population 3
WARNING: no counts at SNP 5431440 population 5
WARNING: no counts at SNP 5431441 population 2
WARNING: no counts at SNP 5431441 population 3
WARNING: no counts at SNP 5431441 population 5
WARNING: no counts at SNP 5431442 population 2
WARNING: no counts at SNP 5431442 population 3
WARNING: no counts at SNP 5431442 population 5
WARNING: no counts at SNP 5431443 population 2
WARNING: no counts at SNP 5431443 population 3
WARNING: no counts at SNP 5431443 population 5
WARNING: no counts at SNP 5431444 population 2
WARNING: no counts at SNP 5431444 population 3
WARNING: no counts at SNP 5431444 population 5
WARNING: no counts at SNP 5431445 population 2
WARNING: no counts at SNP 5431445 population 3
WARNING: no counts at SNP 5431445 population 4
WARNING: no counts at SNP 5431445 population 5
WARNING: no counts at SNP 5431446 population 2
WARNING: no counts at SNP 5431446 population 3
WARNING: no counts at SNP 5431446 population 5
WARNING: no counts at SNP 5431447 population 2
WARNING: no counts at SNP 5431447 population 3
WARNING: no counts at SNP 5431447 population 5
WARNING: no counts at SNP 5431448 population 2
WARNING: no counts at SNP 5431448 population 3
WARNING: no counts at SNP 5431448 population 4
WARNING: no counts at SNP 5431448 population 5
WARNING: no counts at SNP 5431449 population 2
WARNING: no counts at SNP 5431449 population 3
WARNING: no counts at SNP 5431449 population 4
WARNING: no counts at SNP 5431449 population 5
WARNING: no counts at SNP 5431450 population 2
WARNING: no counts at SNP 5431450 population 3
WARNING: no counts at SNP 5431450 population 4
WARNING: no counts at SNP 5431450 population 5
WARNING: no counts at SNP 5431451 population 2
WARNING: no counts at SNP 5431451 population 3
WARNING: no counts at SNP 5431451 population 4
WARNING: no counts at SNP 5431451 population 5
WARNING: no counts at SNP 5431452 population 2
WARNING: no counts at SNP 5431452 population 3
WARNING: no counts at SNP 5431452 population 4
WARNING: no counts at SNP 5431452 population 5
WARNING: no counts at SNP 5431453 population 2
WARNING: no counts at SNP 5431453 population 3
WARNING: no counts at SNP 5431453 population 4
WARNING: no counts at SNP 5431453 population 5
WARNING: no counts at SNP 5431454 population 2
WARNING: no counts at SNP 5431454 population 3
WARNING: no counts at SNP 5431454 population 4
WARNING: no counts at SNP 5431454 population 5
WARNING: no counts at SNP 5431455 population 2
WARNING: no counts at SNP 5431455 population 3
WARNING: no counts at SNP 5431455 population 4
WARNING: no counts at SNP 5431455 population 5
WARNING: no counts at SNP 5431456 population 2
WARNING: no counts at SNP 5431456 population 3
WARNING: no counts at SNP 5431456 population 4
WARNING: no counts at SNP 5431456 population 5
WARNING: no counts at SNP 5431457 population 2
WARNING: no counts at SNP 5431457 population 3
WARNING: no counts at SNP 5431457 population 4
WARNING: no counts at SNP 5431457 population 5
WARNING: no counts at SNP 5431458 population 2
WARNING: no counts at SNP 5431458 population 3
WARNING: no counts at SNP 5431458 population 4
WARNING: no counts at SNP 5431458 population 5
WARNING: no counts at SNP 5431459 population 2
WARNING: no counts at SNP 5431459 population 3
WARNING: no counts at SNP 5431459 population 4
WARNING: no counts at SNP 5431459 population 5
WARNING: no counts at SNP 5431460 population 2
WARNING: no counts at SNP 5431460 population 3
WARNING: no counts at SNP 5431460 population 4
WARNING: no counts at SNP 5431460 population 5
WARNING: no counts at SNP 5431461 population 2
WARNING: no counts at SNP 5431461 population 3
WARNING: no counts at SNP 5431461 population 4
WARNING: no counts at SNP 5431461 population 5
WARNING: no counts at SNP 5431462 population 2
WARNING: no counts at SNP 5431462 population 3
WARNING: no counts at SNP 5431462 population 4
WARNING: no counts at SNP 5431462 population 5
WARNING: no counts at SNP 5431463 population 2
WARNING: no counts at SNP 5431463 population 3
WARNING: no counts at SNP 5431463 population 4
WARNING: no counts at SNP 5431463 population 5
WARNING: no counts at SNP 5431464 population 2
WARNING: no counts at SNP 5431464 population 3
WARNING: no counts at SNP 5431464 population 4
WARNING: no counts at SNP 5431464 population 5
WARNING: no counts at SNP 5431465 population 2
WARNING: no counts at SNP 5431465 population 3
WARNING: no counts at SNP 5431465 population 5
WARNING: no counts at SNP 5431466 population 2
WARNING: no counts at SNP 5431466 population 3
WARNING: no counts at SNP 5431466 population 5
WARNING: no counts at SNP 5431467 population 2
WARNING: no counts at SNP 5431467 population 3
WARNING: no counts at SNP 5431467 population 5
WARNING: no counts at SNP 5431468 population 2
WARNING: no counts at SNP 5431468 population 3
WARNING: no counts at SNP 5431468 population 5
WARNING: no counts at SNP 5431469 population 2
WARNING: no counts at SNP 5431469 population 3
WARNING: no counts at SNP 5431469 population 5
WARNING: no counts at SNP 5431470 population 2
WARNING: no counts at SNP 5431470 population 3
WARNING: no counts at SNP 5431470 population 5
WARNING: no counts at SNP 5431471 population 2
WARNING: no counts at SNP 5431471 population 3
WARNING: no counts at SNP 5431471 population 5
WARNING: no counts at SNP 5431472 population 2
WARNING: no counts at SNP 5431472 population 3
WARNING: no counts at SNP 5431472 population 5
WARNING: no counts at SNP 5431473 population 2
WARNING: no counts at SNP 5431473 population 3
WARNING: no counts at SNP 5431473 population 5
WARNING: no counts at SNP 5431474 population 2
WARNING: no counts at SNP 5431474 population 3
WARNING: no counts at SNP 5431474 population 5
WARNING: no counts at SNP 5431475 population 2
WARNING: no counts at SNP 5431475 population 3
WARNING: no counts at SNP 5431475 population 5
WARNING: no counts at SNP 5431476 population 2
WARNING: no counts at SNP 5431476 population 3
WARNING: no counts at SNP 5431476 population 5
WARNING: no counts at SNP 5431477 population 0
WARNING: no counts at SNP 5431477 population 1
WARNING: no counts at SNP 5431477 population 2
WARNING: no counts at SNP 5431477 population 3
WARNING: no counts at SNP 5431477 population 5
WARNING: no counts at SNP 5431478 population 0
WARNING: no counts at SNP 5431478 population 2
WARNING: no counts at SNP 5431478 population 3
WARNING: no counts at SNP 5431478 population 4
WARNING: no counts at SNP 5431478 population 5
WARNING: no counts at SNP 5431479 population 0
WARNING: no counts at SNP 5431479 population 2
WARNING: no counts at SNP 5431479 population 3
WARNING: no counts at SNP 5431479 population 5
WARNING: no counts at SNP 5431480 population 0
WARNING: no counts at SNP 5431480 population 2
WARNING: no counts at SNP 5431480 population 3
WARNING: no counts at SNP 5431480 population 4
WARNING: no counts at SNP 5431480 population 5
WARNING: no counts at SNP 5431481 population 0
WARNING: no counts at SNP 5431481 population 2
WARNING: no counts at SNP 5431481 population 3
WARNING: no counts at SNP 5431481 population 4
WARNING: no counts at SNP 5431481 population 5
WARNING: no counts at SNP 5431482 population 2
WARNING: no counts at SNP 5431482 population 3
WARNING: no counts at SNP 5431482 population 4
WARNING: no counts at SNP 5431482 population 5
WARNING: no counts at SNP 5431483 population 2
WARNING: no counts at SNP 5431483 population 3
WARNING: no counts at SNP 5431483 population 4
WARNING: no counts at SNP 5431483 population 5
WARNING: no counts at SNP 5431484 population 2
WARNING: no counts at SNP 5431484 population 3
WARNING: no counts at SNP 5431484 population 4
WARNING: no counts at SNP 5431484 population 5
WARNING: no counts at SNP 5431485 population 2
WARNING: no counts at SNP 5431485 population 3
WARNING: no counts at SNP 5431485 population 4
WARNING: no counts at SNP 5431485 population 5
WARNING: no counts at SNP 5431486 population 0
WARNING: no counts at SNP 5431486 population 2
WARNING: no counts at SNP 5431486 population 3
WARNING: no counts at SNP 5431486 population 4
WARNING: no counts at SNP 5431486 population 5
WARNING: no counts at SNP 5431487 population 0
WARNING: no counts at SNP 5431487 population 2
WARNING: no counts at SNP 5431487 population 3
WARNING: no counts at SNP 5431487 population 4
WARNING: no counts at SNP 5431487 population 5
WARNING: no counts at SNP 5431488 population 0
WARNING: no counts at SNP 5431488 population 2
WARNING: no counts at SNP 5431488 population 3
WARNING: no counts at SNP 5431488 population 4
WARNING: no counts at SNP 5431488 population 5
WARNING: no counts at SNP 5431489 population 0
WARNING: no counts at SNP 5431489 population 2
WARNING: no counts at SNP 5431489 population 3
WARNING: no counts at SNP 5431489 population 4
WARNING: no counts at SNP 5431489 population 5
WARNING: no counts at SNP 5431490 population 0
WARNING: no counts at SNP 5431490 population 2
WARNING: no counts at SNP 5431490 population 3
WARNING: no counts at SNP 5431490 population 4
WARNING: no counts at SNP 5431490 population 5
WARNING: no counts at SNP 5431491 population 0
WARNING: no counts at SNP 5431491 population 2
WARNING: no counts at SNP 5431491 population 3
WARNING: no counts at SNP 5431491 population 4
WARNING: no counts at SNP 5431491 population 5
WARNING: no counts at SNP 5431492 population 0
WARNING: no counts at SNP 5431492 population 2
WARNING: no counts at SNP 5431492 population 3
WARNING: no counts at SNP 5431492 population 4
WARNING: no counts at SNP 5431492 population 5
WARNING: no counts at SNP 5431493 population 0
WARNING: no counts at SNP 5431493 population 2
WARNING: no counts at SNP 5431493 population 3
WARNING: no counts at SNP 5431493 population 4
WARNING: no counts at SNP 5431493 population 5
WARNING: no counts at SNP 5431494 population 0
WARNING: no counts at SNP 5431494 population 2
WARNING: no counts at SNP 5431494 population 3
WARNING: no counts at SNP 5431494 population 4
WARNING: no counts at SNP 5431494 population 5
WARNING: no counts at SNP 5431495 population 0
WARNING: no counts at SNP 5431495 population 2
WARNING: no counts at SNP 5431495 population 3
WARNING: no counts at SNP 5431495 population 4
WARNING: no counts at SNP 5431495 population 5
WARNING: no counts at SNP 5431496 population 0
WARNING: no counts at SNP 5431496 population 2
WARNING: no counts at SNP 5431496 population 3
WARNING: no counts at SNP 5431496 population 4
WARNING: no counts at SNP 5431496 population 5
WARNING: no counts at SNP 5431497 population 0
WARNING: no counts at SNP 5431497 population 2
WARNING: no counts at SNP 5431497 population 3
WARNING: no counts at SNP 5431497 population 4
WARNING: no counts at SNP 5431497 population 5
WARNING: no counts at SNP 5431498 population 0
WARNING: no counts at SNP 5431498 population 2
WARNING: no counts at SNP 5431498 population 3
WARNING: no counts at SNP 5431498 population 4
WARNING: no counts at SNP 5431498 population 5
WARNING: no counts at SNP 5431499 population 0
WARNING: no counts at SNP 5431499 population 2
WARNING: no counts at SNP 5431499 population 3
WARNING: no counts at SNP 5431499 population 4
WARNING: no counts at SNP 5431499 population 5
WARNING: no counts at SNP 5431500 population 0
WARNING: no counts at SNP 5431500 population 2
WARNING: no counts at SNP 5431500 population 3
WARNING: no counts at SNP 5431500 population 4
WARNING: no counts at SNP 5431500 population 5
WARNING: no counts at SNP 5431501 population 0
WARNING: no counts at SNP 5431501 population 2
WARNING: no counts at SNP 5431501 population 3
WARNING: no counts at SNP 5431501 population 4
WARNING: no counts at SNP 5431501 population 5
WARNING: no counts at SNP 5431502 population 0
WARNING: no counts at SNP 5431502 population 2
WARNING: no counts at SNP 5431502 population 3
WARNING: no counts at SNP 5431502 population 4
WARNING: no counts at SNP 5431502 population 5
WARNING: no counts at SNP 5431503 population 0
WARNING: no counts at SNP 5431503 population 2
WARNING: no counts at SNP 5431503 population 3
WARNING: no counts at SNP 5431503 population 4
WARNING: no counts at SNP 5431503 population 5
WARNING: no counts at SNP 5431504 population 0
WARNING: no counts at SNP 5431504 population 2
WARNING: no counts at SNP 5431504 population 3
WARNING: no counts at SNP 5431504 population 4
WARNING: no counts at SNP 5431504 population 5
WARNING: no counts at SNP 5431505 population 0
WARNING: no counts at SNP 5431505 population 2
WARNING: no counts at SNP 5431505 population 3
WARNING: no counts at SNP 5431505 population 4
WARNING: no counts at SNP 5431505 population 5
WARNING: no counts at SNP 5431506 population 0
WARNING: no counts at SNP 5431506 population 2
WARNING: no counts at SNP 5431506 population 3
WARNING: no counts at SNP 5431506 population 4
WARNING: no counts at SNP 5431506 population 5
WARNING: no counts at SNP 5431507 population 2
WARNING: no counts at SNP 5431507 population 3
WARNING: no counts at SNP 5431507 population 4
WARNING: no counts at SNP 5431507 population 5
WARNING: no counts at SNP 5431508 population 2
WARNING: no counts at SNP 5431508 population 3
WARNING: no counts at SNP 5431508 population 4
WARNING: no counts at SNP 5431508 population 5
WARNING: no counts at SNP 5431509 population 2
WARNING: no counts at SNP 5431509 population 3
WARNING: no counts at SNP 5431509 population 4
WARNING: no counts at SNP 5431509 population 5
WARNING: no counts at SNP 5431510 population 2
WARNING: no counts at SNP 5431510 population 3
WARNING: no counts at SNP 5431510 population 4
WARNING: no counts at SNP 5431510 population 5
WARNING: no counts at SNP 5431511 population 2
WARNING: no counts at SNP 5431511 population 3
WARNING: no counts at SNP 5431511 population 4
WARNING: no counts at SNP 5431511 population 5
WARNING: no counts at SNP 5431512 population 2
WARNING: no counts at SNP 5431512 population 3
WARNING: no counts at SNP 5431512 population 4
WARNING: no counts at SNP 5431512 population 5
WARNING: no counts at SNP 5431513 population 2
WARNING: no counts at SNP 5431513 population 3
WARNING: no counts at SNP 5431513 population 4
WARNING: no counts at SNP 5431513 population 5
WARNING: no counts at SNP 5431514 population 2
WARNING: no counts at SNP 5431514 population 3
WARNING: no counts at SNP 5431514 population 4
WARNING: no counts at SNP 5431514 population 5
WARNING: no counts at SNP 5431515 population 2
WARNING: no counts at SNP 5431515 population 3
WARNING: no counts at SNP 5431515 population 4
WARNING: no counts at SNP 5431515 population 5
WARNING: no counts at SNP 5431516 population 0
WARNING: no counts at SNP 5431516 population 2
WARNING: no counts at SNP 5431516 population 3
WARNING: no counts at SNP 5431516 population 4
WARNING: no counts at SNP 5431516 population 5
WARNING: no counts at SNP 5431517 population 0
WARNING: no counts at SNP 5431517 population 2
WARNING: no counts at SNP 5431517 population 3
WARNING: no counts at SNP 5431517 population 5
WARNING: no counts at SNP 5431518 population 0
WARNING: no counts at SNP 5431518 population 2
WARNING: no counts at SNP 5431518 population 3
WARNING: no counts at SNP 5431518 population 5
WARNING: no counts at SNP 5431519 population 0
WARNING: no counts at SNP 5431519 population 2
WARNING: no counts at SNP 5431519 population 3
WARNING: no counts at SNP 5431519 population 4
WARNING: no counts at SNP 5431519 population 5
WARNING: no counts at SNP 5431520 population 0
WARNING: no counts at SNP 5431520 population 1
WARNING: no counts at SNP 5431520 population 2
WARNING: no counts at SNP 5431520 population 3
WARNING: no counts at SNP 5431520 population 4
WARNING: no counts at SNP 5431520 population 5
WARNING: no counts at SNP 5431521 population 0
WARNING: no counts at SNP 5431521 population 2
WARNING: no counts at SNP 5431521 population 3
WARNING: no counts at SNP 5431521 population 4
WARNING: no counts at SNP 5431521 population 5
WARNING: no counts at SNP 5431522 population 0
WARNING: no counts at SNP 5431522 population 2
WARNING: no counts at SNP 5431522 population 3
WARNING: no counts at SNP 5431522 population 4
WARNING: no counts at SNP 5431522 population 5
WARNING: no counts at SNP 5431523 population 0
WARNING: no counts at SNP 5431523 population 2
WARNING: no counts at SNP 5431523 population 3
WARNING: no counts at SNP 5431523 population 5
WARNING: no counts at SNP 5431524 population 0
WARNING: no counts at SNP 5431524 population 2
WARNING: no counts at SNP 5431524 population 3
WARNING: no counts at SNP 5431524 population 5
WARNING: no counts at SNP 5431525 population 0
WARNING: no counts at SNP 5431525 population 2
WARNING: no counts at SNP 5431525 population 3
WARNING: no counts at SNP 5431525 population 5
WARNING: no counts at SNP 5431526 population 0
WARNING: no counts at SNP 5431526 population 1
WARNING: no counts at SNP 5431526 population 2
WARNING: no counts at SNP 5431526 population 3
WARNING: no counts at SNP 5431526 population 4
WARNING: no counts at SNP 5431526 population 5
WARNING: no counts at SNP 5431527 population 0
WARNING: no counts at SNP 5431527 population 2
WARNING: no counts at SNP 5431527 population 3
WARNING: no counts at SNP 5431527 population 4
WARNING: no counts at SNP 5431527 population 5
WARNING: no counts at SNP 5431528 population 0
WARNING: no counts at SNP 5431528 population 1
WARNING: no counts at SNP 5431528 population 2
WARNING: no counts at SNP 5431528 population 3
WARNING: no counts at SNP 5431528 population 4
WARNING: no counts at SNP 5431528 population 5
WARNING: no counts at SNP 5431529 population 0
WARNING: no counts at SNP 5431529 population 1
WARNING: no counts at SNP 5431529 population 2
WARNING: no counts at SNP 5431529 population 3
WARNING: no counts at SNP 5431529 population 4
WARNING: no counts at SNP 5431529 population 5
WARNING: no counts at SNP 5431530 population 0
WARNING: no counts at SNP 5431530 population 2
WARNING: no counts at SNP 5431530 population 3
WARNING: no counts at SNP 5431530 population 4
WARNING: no counts at SNP 5431530 population 5
WARNING: no counts at SNP 5431531 population 0
WARNING: no counts at SNP 5431531 population 2
WARNING: no counts at SNP 5431531 population 3
WARNING: no counts at SNP 5431531 population 4
WARNING: no counts at SNP 5431531 population 5
WARNING: no counts at SNP 5431532 population 2
WARNING: no counts at SNP 5431532 population 3
WARNING: no counts at SNP 5431532 population 4
WARNING: no counts at SNP 5431532 population 5
WARNING: no counts at SNP 5431533 population 2
WARNING: no counts at SNP 5431533 population 3
WARNING: no counts at SNP 5431533 population 4
WARNING: no counts at SNP 5431533 population 5
WARNING: no counts at SNP 5431534 population 2
WARNING: no counts at SNP 5431534 population 3
WARNING: no counts at SNP 5431534 population 4
WARNING: no counts at SNP 5431534 population 5
WARNING: no counts at SNP 5431535 population 2
WARNING: no counts at SNP 5431535 population 3
WARNING: no counts at SNP 5431535 population 4
WARNING: no counts at SNP 5431535 population 5
WARNING: no counts at SNP 5431536 population 2
WARNING: no counts at SNP 5431536 population 3
WARNING: no counts at SNP 5431536 population 4
WARNING: no counts at SNP 5431536 population 5
WARNING: no counts at SNP 5431537 population 2
WARNING: no counts at SNP 5431537 population 3
WARNING: no counts at SNP 5431537 population 4
WARNING: no counts at SNP 5431537 population 5
WARNING: no counts at SNP 5431538 population 2
WARNING: no counts at SNP 5431538 population 3
WARNING: no counts at SNP 5431538 population 4
WARNING: no counts at SNP 5431538 population 5
WARNING: no counts at SNP 5431539 population 2
WARNING: no counts at SNP 5431539 population 3
WARNING: no counts at SNP 5431539 population 4
WARNING: no counts at SNP 5431539 population 5
WARNING: no counts at SNP 5431540 population 0
WARNING: no counts at SNP 5431540 population 2
WARNING: no counts at SNP 5431540 population 3
WARNING: no counts at SNP 5431540 population 4
WARNING: no counts at SNP 5431540 population 5
WARNING: no counts at SNP 5431541 population 0
WARNING: no counts at SNP 5431541 population 2
WARNING: no counts at SNP 5431541 population 3
WARNING: no counts at SNP 5431541 population 5
WARNING: no counts at SNP 5431542 population 2
WARNING: no counts at SNP 5431542 population 3
WARNING: no counts at SNP 5431542 population 4
WARNING: no counts at SNP 5431542 population 5
WARNING: no counts at SNP 5431543 population 2
WARNING: no counts at SNP 5431543 population 3
WARNING: no counts at SNP 5431543 population 4
WARNING: no counts at SNP 5431543 population 5
WARNING: no counts at SNP 5431544 population 2
WARNING: no counts at SNP 5431544 population 3
WARNING: no counts at SNP 5431544 population 5
WARNING: no counts at SNP 5431545 population 2
WARNING: no counts at SNP 5431545 population 3
WARNING: no counts at SNP 5431545 population 5
WARNING: no counts at SNP 5431546 population 2
WARNING: no counts at SNP 5431546 population 3
WARNING: no counts at SNP 5431546 population 5
WARNING: no counts at SNP 5431547 population 2
WARNING: no counts at SNP 5431547 population 3
WARNING: no counts at SNP 5431547 population 5
WARNING: no counts at SNP 5431548 population 2
WARNING: no counts at SNP 5431548 population 3
WARNING: no counts at SNP 5431548 population 5
WARNING: no counts at SNP 5431549 population 2
WARNING: no counts at SNP 5431549 population 3
WARNING: no counts at SNP 5431549 population 5
WARNING: no counts at SNP 5431550 population 2
WARNING: no counts at SNP 5431550 population 3
WARNING: no counts at SNP 5431550 population 5
WARNING: no counts at SNP 5431551 population 2
WARNING: no counts at SNP 5431551 population 3
WARNING: no counts at SNP 5431551 population 5
WARNING: no counts at SNP 5431552 population 2
WARNING: no counts at SNP 5431552 population 3
WARNING: no counts at SNP 5431552 population 5
WARNING: no counts at SNP 5431553 population 2
WARNING: no counts at SNP 5431553 population 3
WARNING: no counts at SNP 5431553 population 5
WARNING: no counts at SNP 5431554 population 2
WARNING: no counts at SNP 5431554 population 3
WARNING: no counts at SNP 5431554 population 5
WARNING: no counts at SNP 5431555 population 2
WARNING: no counts at SNP 5431555 population 3
WARNING: no counts at SNP 5431555 population 5
WARNING: no counts at SNP 5431556 population 2
WARNING: no counts at SNP 5431556 population 3
WARNING: no counts at SNP 5431556 population 5
WARNING: no counts at SNP 5431557 population 2
WARNING: no counts at SNP 5431557 population 3
WARNING: no counts at SNP 5431557 population 5
WARNING: no counts at SNP 5431558 population 2
WARNING: no counts at SNP 5431558 population 3
WARNING: no counts at SNP 5431558 population 5
WARNING: no counts at SNP 5431559 population 2
WARNING: no counts at SNP 5431559 population 3
WARNING: no counts at SNP 5431559 population 5
WARNING: no counts at SNP 5431560 population 2
WARNING: no counts at SNP 5431560 population 3
WARNING: no counts at SNP 5431560 population 5
WARNING: no counts at SNP 5431561 population 2
WARNING: no counts at SNP 5431561 population 3
WARNING: no counts at SNP 5431561 population 5
WARNING: no counts at SNP 5431562 population 2
WARNING: no counts at SNP 5431562 population 3
WARNING: no counts at SNP 5431562 population 5
WARNING: no counts at SNP 5431563 population 2
WARNING: no counts at SNP 5431563 population 3
WARNING: no counts at SNP 5431563 population 4
WARNING: no counts at SNP 5431563 population 5
WARNING: no counts at SNP 5431564 population 2
WARNING: no counts at SNP 5431564 population 3
WARNING: no counts at SNP 5431564 population 4
WARNING: no counts at SNP 5431564 population 5
WARNING: no counts at SNP 5431565 population 2
WARNING: no counts at SNP 5431565 population 3
WARNING: no counts at SNP 5431565 population 4
WARNING: no counts at SNP 5431565 population 5
WARNING: no counts at SNP 5431566 population 2
WARNING: no counts at SNP 5431566 population 3
WARNING: no counts at SNP 5431566 population 5
WARNING: no counts at SNP 5431567 population 2
WARNING: no counts at SNP 5431567 population 3
WARNING: no counts at SNP 5431567 population 5
WARNING: no counts at SNP 5431568 population 2
WARNING: no counts at SNP 5431568 population 3
WARNING: no counts at SNP 5431568 population 5
WARNING: no counts at SNP 5431569 population 0
WARNING: no counts at SNP 5431569 population 2
WARNING: no counts at SNP 5431569 population 3
WARNING: no counts at SNP 5431569 population 4
WARNING: no counts at SNP 5431569 population 5
WARNING: no counts at SNP 5431570 population 0
WARNING: no counts at SNP 5431570 population 2
WARNING: no counts at SNP 5431570 population 3
WARNING: no counts at SNP 5431570 population 5
WARNING: no counts at SNP 5431571 population 0
WARNING: no counts at SNP 5431571 population 2
WARNING: no counts at SNP 5431571 population 3
WARNING: no counts at SNP 5431571 population 4
WARNING: no counts at SNP 5431571 population 5
WARNING: no counts at SNP 5431572 population 2
WARNING: no counts at SNP 5431572 population 3
WARNING: no counts at SNP 5431572 population 4
WARNING: no counts at SNP 5431572 population 5
WARNING: no counts at SNP 5431573 population 2
WARNING: no counts at SNP 5431573 population 3
WARNING: no counts at SNP 5431573 population 4
WARNING: no counts at SNP 5431573 population 5
WARNING: no counts at SNP 5431574 population 0
WARNING: no counts at SNP 5431574 population 2
WARNING: no counts at SNP 5431574 population 3
WARNING: no counts at SNP 5431574 population 4
WARNING: no counts at SNP 5431574 population 5
WARNING: no counts at SNP 5431575 population 0
WARNING: no counts at SNP 5431575 population 2
WARNING: no counts at SNP 5431575 population 3
WARNING: no counts at SNP 5431575 population 4
WARNING: no counts at SNP 5431575 population 5
WARNING: no counts at SNP 5431576 population 0
WARNING: no counts at SNP 5431576 population 2
WARNING: no counts at SNP 5431576 population 3
WARNING: no counts at SNP 5431576 population 4
WARNING: no counts at SNP 5431576 population 5
WARNING: no counts at SNP 5431577 population 0
WARNING: no counts at SNP 5431577 population 2
WARNING: no counts at SNP 5431577 population 3
WARNING: no counts at SNP 5431577 population 5
WARNING: no counts at SNP 5431578 population 0
WARNING: no counts at SNP 5431578 population 2
WARNING: no counts at SNP 5431578 population 3
WARNING: no counts at SNP 5431578 population 5
WARNING: no counts at SNP 5431579 population 0
WARNING: no counts at SNP 5431579 population 2
WARNING: no counts at SNP 5431579 population 3
WARNING: no counts at SNP 5431579 population 4
WARNING: no counts at SNP 5431579 population 5
WARNING: no counts at SNP 5431580 population 0
WARNING: no counts at SNP 5431580 population 2
WARNING: no counts at SNP 5431580 population 3
WARNING: no counts at SNP 5431580 population 5
WARNING: no counts at SNP 5431581 population 0
WARNING: no counts at SNP 5431581 population 2
WARNING: no counts at SNP 5431581 population 3
WARNING: no counts at SNP 5431581 population 5
WARNING: no counts at SNP 5431582 population 0
WARNING: no counts at SNP 5431582 population 2
WARNING: no counts at SNP 5431582 population 3
WARNING: no counts at SNP 5431582 population 5
WARNING: no counts at SNP 5431583 population 0
WARNING: no counts at SNP 5431583 population 2
WARNING: no counts at SNP 5431583 population 3
WARNING: no counts at SNP 5431583 population 5
WARNING: no counts at SNP 5431584 population 0
WARNING: no counts at SNP 5431584 population 2
WARNING: no counts at SNP 5431584 population 3
WARNING: no counts at SNP 5431584 population 5
WARNING: no counts at SNP 5431585 population 0
WARNING: no counts at SNP 5431585 population 2
WARNING: no counts at SNP 5431585 population 3
WARNING: no counts at SNP 5431585 population 5
WARNING: no counts at SNP 5431586 population 0
WARNING: no counts at SNP 5431586 population 2
WARNING: no counts at SNP 5431586 population 3
WARNING: no counts at SNP 5431586 population 5
WARNING: no counts at SNP 5431587 population 0
WARNING: no counts at SNP 5431587 population 2
WARNING: no counts at SNP 5431587 population 3
WARNING: no counts at SNP 5431587 population 5
WARNING: no counts at SNP 5431588 population 0
WARNING: no counts at SNP 5431588 population 2
WARNING: no counts at SNP 5431588 population 3
WARNING: no counts at SNP 5431588 population 5
WARNING: no counts at SNP 5431589 population 0
WARNING: no counts at SNP 5431589 population 2
WARNING: no counts at SNP 5431589 population 3
WARNING: no counts at SNP 5431589 population 5
WARNING: no counts at SNP 5431590 population 0
WARNING: no counts at SNP 5431590 population 2
WARNING: no counts at SNP 5431590 population 3
WARNING: no counts at SNP 5431590 population 5
WARNING: no counts at SNP 5431591 population 0
WARNING: no counts at SNP 5431591 population 2
WARNING: no counts at SNP 5431591 population 3
WARNING: no counts at SNP 5431591 population 5
WARNING: no counts at SNP 5431592 population 0
WARNING: no counts at SNP 5431592 population 2
WARNING: no counts at SNP 5431592 population 3
WARNING: no counts at SNP 5431592 population 5
WARNING: no counts at SNP 5431593 population 0
WARNING: no counts at SNP 5431593 population 2
WARNING: no counts at SNP 5431593 population 3
WARNING: no counts at SNP 5431593 population 5
WARNING: no counts at SNP 5431594 population 0
WARNING: no counts at SNP 5431594 population 2
WARNING: no counts at SNP 5431594 population 3
WARNING: no counts at SNP 5431594 population 5
WARNING: no counts at SNP 5431595 population 0
WARNING: no counts at SNP 5431595 population 2
WARNING: no counts at SNP 5431595 population 3
WARNING: no counts at SNP 5431595 population 5
WARNING: no counts at SNP 5431596 population 0
WARNING: no counts at SNP 5431596 population 2
WARNING: no counts at SNP 5431596 population 3
WARNING: no counts at SNP 5431596 population 5
WARNING: no counts at SNP 5431597 population 0
WARNING: no counts at SNP 5431597 population 2
WARNING: no counts at SNP 5431597 population 3
WARNING: no counts at SNP 5431597 population 5
WARNING: no counts at SNP 5431598 population 0
WARNING: no counts at SNP 5431598 population 2
WARNING: no counts at SNP 5431598 population 3
WARNING: no counts at SNP 5431598 population 5
WARNING: no counts at SNP 5431599 population 0
WARNING: no counts at SNP 5431599 population 2
WARNING: no counts at SNP 5431599 population 3
WARNING: no counts at SNP 5431599 population 5
WARNING: no counts at SNP 5431600 population 0
WARNING: no counts at SNP 5431600 population 2
WARNING: no counts at SNP 5431600 population 3
WARNING: no counts at SNP 5431600 population 5
WARNING: no counts at SNP 5431601 population 0
WARNING: no counts at SNP 5431601 population 2
WARNING: no counts at SNP 5431601 population 3
WARNING: no counts at SNP 5431601 population 5
WARNING: no counts at SNP 5431602 population 0
WARNING: no counts at SNP 5431602 population 2
WARNING: no counts at SNP 5431602 population 3
WARNING: no counts at SNP 5431602 population 5
WARNING: no counts at SNP 5431603 population 0
WARNING: no counts at SNP 5431603 population 2
WARNING: no counts at SNP 5431603 population 3
WARNING: no counts at SNP 5431603 population 5
WARNING: no counts at SNP 5431604 population 0
WARNING: no counts at SNP 5431604 population 2
WARNING: no counts at SNP 5431604 population 3
WARNING: no counts at SNP 5431604 population 5
WARNING: no counts at SNP 5431605 population 0
WARNING: no counts at SNP 5431605 population 2
WARNING: no counts at SNP 5431605 population 3
WARNING: no counts at SNP 5431605 population 5
WARNING: no counts at SNP 5431606 population 0
WARNING: no counts at SNP 5431606 population 2
WARNING: no counts at SNP 5431606 population 3
WARNING: no counts at SNP 5431606 population 5
WARNING: no counts at SNP 5431607 population 0
WARNING: no counts at SNP 5431607 population 1
WARNING: no counts at SNP 5431607 population 2
WARNING: no counts at SNP 5431607 population 3
WARNING: no counts at SNP 5431607 population 5
WARNING: no counts at SNP 5431608 population 0
WARNING: no counts at SNP 5431608 population 2
WARNING: no counts at SNP 5431608 population 3
WARNING: no counts at SNP 5431608 population 4
WARNING: no counts at SNP 5431608 population 5
WARNING: no counts at SNP 5431609 population 0
WARNING: no counts at SNP 5431609 population 2
WARNING: no counts at SNP 5431609 population 3
WARNING: no counts at SNP 5431609 population 4
WARNING: no counts at SNP 5431609 population 5
Estimating covariance matrix in 5698 blocks of size 3000
SEED: 1585230152
Starting from:
((G.MaheSouth:0.0143028,A.PraslinPasquereRiver:0.00700448):0.0147507,C.PraslinWest:0.0147507);
Adding E.MaheNorth [4/8]
ln(likelihood): -2106275.8 
(C.PraslinWest:0.015296,((G.MaheSouth:0.015149,A.PraslinPasquereRiver:0.00772917):0,E.MaheNorth:0.0163808):0.015296);
Adding PML [5/8]
ln(likelihood): -21725.437 
((A.PraslinPasquereRiver:0.00387971,(G.MaheSouth:0.00819029,PML:0.880413):0.00288096):0,(E.MaheNorth:0.0112194,C.PraslinWest:0.00510011):0);
Adding B.PraslinPlaineHollandaise [6/8]
ln(likelihood): -25648.466 
((A.PraslinPasquereRiver:0.00321761,(G.MaheSouth:0.00801662,PML:0.880258):0.00292011):0,(E.MaheNorth:0.0111382,(C.PraslinWest:0.00067588,B.PraslinPlaineHollandaise:0.000777096):0.0054325):0);
Adding D.LaDigue [7/8]
ln(likelihood): -26526.831 
((A.PraslinPasquereRiver:0.00338975,(G.MaheSouth:0.00830266,PML:0.880234):0.00236155):0,(E.MaheNorth:0.0112541,((C.PraslinWest:0.00068335,B.PraslinPlaineHollandaise:0.000783994):0.00504907,D.LaDigue:0.00169908):0.000518762):0);
Adding F.Curieuse [8/8]
ln(likelihood): -3480.6304 
(PML:0.440063,((((((C.PraslinWest:0.000665089,B.PraslinPlaineHollandaise:0.000768995):0.0031764,A.PraslinPasquereRiver:0.00181504):0.00162903,F.Curieuse:0.00682735):0.00174808,D.LaDigue:0.00116025):0.00205411,E.MaheNorth:0.00977486):0.000389084,G.MaheSouth:0.00816532):0.440063);
Testing global rearrangements
PML:0.440063 D.LaDigue:0.00116025
-5511.8181 -3480.6304
PML:0.440063 G.MaheSouth:0.00816532
-3480.6304 -3480.6304
C.PraslinWest:0.000665089 D.LaDigue:0.00116025
-24356.681 -3480.6304
C.PraslinWest:0.000665089 E.MaheNorth:0.00977486
-46210.618 -3480.6304
C.PraslinWest:0.000665089 G.MaheSouth:0.00816532
-51328.391 -3480.6304
B.PraslinPlaineHollandaise:0.000768995 A.PraslinPasquereRiver:0.00181504
-10250.17 -3480.6304
B.PraslinPlaineHollandaise:0.000768995 D.LaDigue:0.00116025
-24493.2 -3480.6304
A.PraslinPasquereRiver:0.00181504 C.PraslinWest:0.000665089
-10250.17 -3480.6304
A.PraslinPasquereRiver:0.00181504 B.PraslinPlaineHollandaise:0.000768995
-10250.17 -3480.6304
A.PraslinPasquereRiver:0.00181504 F.Curieuse:0.00682735
-6974.5352 -3480.6304
A.PraslinPasquereRiver:0.00181504 E.MaheNorth:0.00977486
-29100.5 -3480.6304
F.Curieuse:0.00682735 C.PraslinWest:0.000665089
-20774.215 -3480.6304
F.Curieuse:0.00682735 A.PraslinPasquereRiver:0.00181504
-6974.5352 -3480.6304
D.LaDigue:0.00116025 PML:0.440063
-7524.3783 -3480.6304
D.LaDigue:0.00116025 C.PraslinWest:0.000665089
-16651.573 -3480.6304
D.LaDigue:0.00116025 (C.PraslinWest:0.000665089,B.PraslinPlaineHollandaise:0.000768995):0.0031764
-8059.9649 -3480.6304
D.LaDigue:0.00116025 B.PraslinPlaineHollandaise:0.000768995
-16651.573 -3480.6304
E.MaheNorth:0.00977486 F.Curieuse:0.00682735
-16337.409 -3480.6304
E.MaheNorth:0.00977486 D.LaDigue:0.00116025
-6915.8507 -3480.6304
E.MaheNorth:0.00977486 G.MaheSouth:0.00816532
-3519.8525 -3480.6304
G.MaheSouth:0.00816532 PML:0.440063
-3480.6304 -3480.6304
G.MaheSouth:0.00816532 C.PraslinWest:0.000665089
-53596.606 -3480.6304
G.MaheSouth:0.00816532 F.Curieuse:0.00682735
-18972.077 -3480.6304
Set root above PML
Targeting migration to vicinity of:
PML D.LaDigue
A.PraslinPasquereRiver F.Curieuse
E.MaheNorth F.Curieuse
B.PraslinPlaineHollandaise D.LaDigue

A.PraslinPasquereRiver F.Curieuse
C.PraslinWest D.LaDigue
B.PraslinPlaineHollandaise D.LaDigue
F.Curieuse A.PraslinPasquereRiver
A.PraslinPasquereRiver F.Curieuse
C.PraslinWest D.LaDigue
B.PraslinPlaineHollandaise D.LaDigue
E.MaheNorth F.Curieuse
G.MaheSouth E.MaheNorth
PML D.LaDigue
Trying A.PraslinPasquereRiver F.Curieuse
A.PraslinPasquereRiver:0.00181504 F.Curieuse:0.00682735
1->2 0.42340454 -2430.4971 -3480.6304
2->1 0.18283574 -2284.8646 -2430.4971
p2->1 4.0751289e-05 -3480.6335 -2284.8646
Trying B.PraslinPlaineHollandaise D.LaDigue
B.PraslinPlaineHollandaise:0.000768995 D.LaDigue:0.00116025
1->2 0.35419613 -2213.325 -2284.8646
2->1 0.057692215 -3456.9033 -2213.325
p1->2 0.37227571 -2231.3206 -2213.325
p2->1 8.6377241e-07 -3480.6321 -2213.325
(C.PraslinWest:0.000665086,B.PraslinPlaineHollandaise:0.000768999):0.00317641 D.LaDigue:0.00116025
2->1 0.38370752 -1681.4772 -2213.325
p1->2 0.4688147 -2870.0617 -1681.4772
p2->1 0.40060246 -2502.2898 -1681.4772
Trying C.PraslinWest D.LaDigue
(C.PraslinWest:0.00066626,B.PraslinPlaineHollandaise:0.000770167):0.0122451 D.LaDigue:0.00115073
C.PraslinWest:0.00066626 D.LaDigue:0.00115073
1->2 0.35419613 -2213.325 -1681.4772
2->1 0.14444676 -3090.6651 -1681.4772
p2->1 0.13389443 -3227.8273 -1681.4772
Trying E.MaheNorth F.Curieuse
E.MaheNorth:0.00977531 (F.Curieuse:0.00673875,(A.PraslinPasquereRiver:0.00159838,(B.PraslinPlaineHollandaise:0,C.PraslinWest:0.0019353):0.00385597):0.00177547):0.00187182
1->2 0.098679066 -3102.0036 -1681.4772
2->1 0.17336579 -3334.651 -1681.4772
p1->2 4.0751289e-05 -3480.6308 -1681.4772
E.MaheNorth:0.00977486 F.Curieuse:0.00682735
1->2 0.33208707 -2722.9727 -1681.4772
2->1 0.098998398 -3013.3455 -1681.4772
p1->2 0.36576992 -2828.4548 -1681.4772
Trying F.Curieuse A.PraslinPasquereRiver
F.Curieuse:0.0197362 A.PraslinPasquereRiver:0.00175491
Trying G.MaheSouth E.MaheNorth
G.MaheSouth:0.00816532 E.MaheNorth:0.00976771
1->2 0.11648843 -3082.3821 -1681.4772
2->1 0.094510399 -3082.3821 -1681.4772
p1->2 4.0751289e-05 -3480.637 -1681.4772
Trying PML D.LaDigue
PML:0.440063 D.LaDigue:0.00116025
1->2 0.25067014 -2441.0083 -1681.4772
2->1 0.44559404 -2515.0084 -1681.4772
p2->1 0.8631326 -3104.9343 -1681.4772
Migration added
Local updates around node 1: 0 ln(lk):-1681.4772 
Local updates around node 2: 0 ln(lk):-1681.4772 
Updates in migration position: 0 ln(lk):-1681.4772 
Switches in migration direction: 0 ln(lk):-1681.4772 
ln(likelihood):-1681.4801 
Targeting migration to vicinity of:
PML D.LaDigue
E.MaheNorth F.Curieuse
G.MaheSouth E.MaheNorth
A.PraslinPasquereRiver B.PraslinPlaineHollandaise

E.MaheNorth F.Curieuse
G.MaheSouth E.MaheNorth
E.MaheNorth G.MaheSouth
PML D.LaDigue
G.MaheSouth E.MaheNorth
PML D.LaDigue
Trying E.MaheNorth F.Curieuse
E.MaheNorth:0.00977835 F.Curieuse:0.00602262
1->2 0.31972772 -1271.7381 -1681.4801
2->1 0.096129186 -1245.7567 -1271.7381
p1->2 0.39200824 -1353.7961 -1245.7567
p2->1 0.18315135 -1353.6548 -1245.7567
Trying E.MaheNorth G.MaheSouth
E.MaheNorth:0.0156296 G.MaheSouth:0.00797202
1->2 0.096828006 -1276.463 -1245.7567
2->1 0.11927793 -1277.1542 -1245.7567
p2->1 4.0751289e-05 -1681.4868 -1245.7567
Trying G.MaheSouth E.MaheNorth
G.MaheSouth:0.00816881 E.MaheNorth:0.00977917
Trying PML D.LaDigue
PML:0.440065 D.LaDigue:0.00178828
1->2 0.092242606 -684.95646 -1245.7567
2->1 0.40572771 -664.11368 -684.95646
p2->1 0.43411088 -1277.7061 -664.11368
Migration added
Local updates around node 1: 0 ln(lk):-664.11368 
Local updates around node 2: 0 ln(lk):-664.11368 
Updates in migration position: 0 ln(lk):-664.11368 
Switches in migration direction: 0 ln(lk):-664.11368 
ln(likelihood):-653.29961 
Targeting migration to vicinity of:
PML D.LaDigue
E.MaheNorth F.Curieuse
A.PraslinPasquereRiver B.PraslinPlaineHollandaise
B.PraslinPlaineHollandaise D.LaDigue

A.PraslinPasquereRiver B.PraslinPlaineHollandaise
B.PraslinPlaineHollandaise A.PraslinPasquereRiver
C.PraslinWest D.LaDigue
B.PraslinPlaineHollandaise D.LaDigue
E.MaheNorth F.Curieuse
PML D.LaDigue
Trying A.PraslinPasquereRiver B.PraslinPlaineHollandaise
(A.PraslinPasquereRiver:0,(C.PraslinWest:0.000670386,B.PraslinPlaineHollandaise:0.000774293):0.0106955):0.00308575 B.PraslinPlaineHollandaise:0.000774293
1->2 0.10342383 -612.01437 -653.29961
p1->2 6.2255936e-07 -653.29276 -612.01437
A.PraslinPasquereRiver:0 B.PraslinPlaineHollandaise:0.000774293
1->2 0.10342383 -612.01437 -612.01437
2->1 0.14513108 -578.41516 -612.01437
Trying B.PraslinPlaineHollandaise A.PraslinPasquereRiver
B.PraslinPlaineHollandaise:0.000792498 A.PraslinPasquereRiver:0.0013106
Trying B.PraslinPlaineHollandaise D.LaDigue
B.PraslinPlaineHollandaise:0.000792498 D.LaDigue:0.00266149
1->2 0.26925915 -234.7787 -578.41516
2->1 6.2255936e-07 -653.29294 -234.7787
p1->2 0.14402516 -271.56708 -234.7787
p2->1 6.2255936e-07 -653.29315 -234.7787
(C.PraslinWest:0.000670386,B.PraslinPlaineHollandaise:0.000774294):0.0106955 D.LaDigue:0.00253735
p1->2 0.15542416 -436.0672 -234.7787
p2->1 6.2353583e-06 -653.31527 -234.7787
(A.PraslinPasquereRiver:0,(C.PraslinWest:0.000670386,B.PraslinPlaineHollandaise:0.000774293):0.0106957):0.00308577 D.LaDigue:0.00253734
2->1 0.21737573 -450.5101 -234.7787
p1->2 0.14008233 -592.59886 -234.7787
p2->1 4.0751289e-05 -653.30521 -234.7787
Trying C.PraslinWest D.LaDigue
(C.PraslinWest:0.000670386,B.PraslinPlaineHollandaise:0.000774293):0.0106955 D.LaDigue:0.00253735
(A.PraslinPasquereRiver:0,(C.PraslinWest:0.000670386,B.PraslinPlaineHollandaise:0.000774293):0.0106955):0.00308611 D.LaDigue:0.00253735
C.PraslinWest:0.000670386 D.LaDigue:0.00253735
1->2 0.26925915 -234.7787 -234.7787
2->1 0.050470028 -617.86682 -234.7787
p2->1 0.054108895 -627.42957 -234.7787
Trying E.MaheNorth F.Curieuse
E.MaheNorth:0.00911585 F.Curieuse:0.00601303
1->2 0.203311 -417.06841 -234.7787
2->1 0.29597223 -363.7384 -234.7787
p1->2 0.25235355 -456.13106 -234.7787
p2->1 0.31311986 -398.93375 -234.7787
Trying PML D.LaDigue
PML:1.27314 D.LaDigue:0.00208554
1->2 0.034556989 -458.33006 -234.7787
p2->1 0.43571407 -653.29961 -234.7787
Migration added
Local updates around node 1: 0 ln(lk):-234.7787 
Local updates around node 2: 0 ln(lk):-234.7787 
Updates in migration position: 9 ln(lk):-42.150305 
Switches in migration direction: 0 ln(lk):-42.150305 
Local updates around node 1: 0 ln(lk):-42.150305 
Local updates around node 2: 0 ln(lk):-42.150305 
Switches in migration direction: 0 ln(lk):-42.150305 
Updates in migration position: 0 ln(lk):-42.150305 
Trying all local rearrangements
Local rearrangements: 0 ln(lk):-42.150305 
ln(likelihood):-7.8274907 
Targeting migration to vicinity of:
G.MaheSouth D.LaDigue
A.PraslinPasquereRiver B.PraslinPlaineHollandaise
C.PraslinWest E.MaheNorth
E.MaheNorth F.Curieuse

A.PraslinPasquereRiver B.PraslinPlaineHollandaise
B.PraslinPlaineHollandaise A.PraslinPasquereRiver
C.PraslinWest E.MaheNorth
G.MaheSouth D.LaDigue
E.MaheNorth F.Curieuse
G.MaheSouth D.LaDigue
E.MaheNorth F.Curieuse
Trying A.PraslinPasquereRiver B.PraslinPlaineHollandaise
A.PraslinPasquereRiver:0.000154104 B.PraslinPlaineHollandaise:0.000762899
1->2 0.12908682 54.499669 -7.8274907
2->1 0.13769098 12.984537 54.499669
p1->2 0.1270895 47.32186 54.499669
Trying B.PraslinPlaineHollandaise A.PraslinPasquereRiver
B.PraslinPlaineHollandaise:0.00162574 A.PraslinPasquereRiver:0.000217994
Trying C.PraslinWest E.MaheNorth
C.PraslinWest:0.00016394 E.MaheNorth:0.00904229
1->2 0.03475105 52.518017 54.499669
2->1 0.044495963 71.64558 54.499669
p1->2 0.079498351 80.867195 71.64558
p2->1 0.054363038 66.646609 80.867195
Trying E.MaheNorth F.Curieuse
E.MaheNorth:0.00907896 F.Curieuse:0.00564413
1->2 0.013300181 2.9084904 80.867195
2->1 0.25275204 225.67284 80.867195
p1->2 5.6427712e-07 -7.8275007 225.67284
p2->1 0.26014662 222.11336 225.67284
Trying G.MaheSouth D.LaDigue
G.MaheSouth:0.00682505 D.LaDigue:0.00619969
1->2 0.085408583 183.53949 225.67284
2->1 0.15006056 208.92093 225.67284
p1->2 0.18993545 151.67484 225.67284
p2->1 1.3630054e-06 -7.8274907 225.67284
Migration added
Local updates around node 1: 1 ln(lk):243.70343 
Local updates around node 2: 0 ln(lk):243.70343 
Updates in migration position: 0 ln(lk):243.70343 
Switches in migration direction: 0 ln(lk):243.70343 
Local updates around node 1: 0 ln(lk):243.70343 
Local updates around node 2: 0 ln(lk):243.70343 
Switches in migration direction: 0 ln(lk):243.70343 
Updates in migration position: 0 ln(lk):243.70343 
Trying all local rearrangements
Local rearrangements: 0 ln(lk):243.70343 
Flipping migration edge
ln(likelihood):243.73878 
Flipping migration edge
DONE.
