
TreeMix v. 1.13
$Revision: 231 $

npop:8 nsnp:17094256
WARNING: no counts at SNP 5431404 population 0
WARNING: no counts at SNP 5431404 population 2
WARNING: no counts at SNP 5431404 population 3
WARNING: no counts at SNP 5431404 population 4
WARNING: no counts at SNP 5431404 population 5
WARNING: no counts at SNP 5431405 population 0
WARNING: no counts at SNP 5431405 population 2
WARNING: no counts at SNP 5431405 population 3
WARNING: no counts at SNP 5431405 population 4
WARNING: no counts at SNP 5431405 population 5
WARNING: no counts at SNP 5431406 population 0
WARNING: no counts at SNP 5431406 population 2
WARNING: no counts at SNP 5431406 population 3
WARNING: no counts at SNP 5431406 population 5
WARNING: no counts at SNP 5431407 population 0
WARNING: no counts at SNP 5431407 population 2
WARNING: no counts at SNP 5431407 population 3
WARNING: no counts at SNP 5431407 population 5
WARNING: no counts at SNP 5431408 population 0
WARNING: no counts at SNP 5431408 population 2
WARNING: no counts at SNP 5431408 population 3
WARNING: no counts at SNP 5431408 population 4
WARNING: no counts at SNP 5431408 population 5
WARNING: no counts at SNP 5431409 population 0
WARNING: no counts at SNP 5431409 population 2
WARNING: no counts at SNP 5431409 population 3
WARNING: no counts at SNP 5431409 population 4
WARNING: no counts at SNP 5431409 population 5
WARNING: no counts at SNP 5431410 population 0
WARNING: no counts at SNP 5431410 population 2
WARNING: no counts at SNP 5431410 population 3
WARNING: no counts at SNP 5431410 population 5
WARNING: no counts at SNP 5431411 population 0
WARNING: no counts at SNP 5431411 population 2
WARNING: no counts at SNP 5431411 population 3
WARNING: no counts at SNP 5431411 population 4
WARNING: no counts at SNP 5431411 population 5
WARNING: no counts at SNP 5431412 population 2
WARNING: no counts at SNP 5431412 population 3
WARNING: no counts at SNP 5431412 population 5
WARNING: no counts at SNP 5431413 population 2
WARNING: no counts at SNP 5431413 population 3
WARNING: no counts at SNP 5431413 population 5
WARNING: no counts at SNP 5431414 population 2
WARNING: no counts at SNP 5431414 population 3
WARNING: no counts at SNP 5431414 population 5
WARNING: no counts at SNP 5431415 population 2
WARNING: no counts at SNP 5431415 population 3
WARNING: no counts at SNP 5431415 population 5
WARNING: no counts at SNP 5431416 population 2
WARNING: no counts at SNP 5431416 population 3
WARNING: no counts at SNP 5431416 population 5
WARNING: no counts at SNP 5431417 population 2
WARNING: no counts at SNP 5431417 population 3
WARNING: no counts at SNP 5431417 population 5
WARNING: no counts at SNP 5431418 population 2
WARNING: no counts at SNP 5431418 population 3
WARNING: no counts at SNP 5431418 population 5
WARNING: no counts at SNP 5431419 population 2
WARNING: no counts at SNP 5431419 population 3
WARNING: no counts at SNP 5431419 population 5
WARNING: no counts at SNP 5431420 population 2
WARNING: no counts at SNP 5431420 population 3
WARNING: no counts at SNP 5431420 population 5
WARNING: no counts at SNP 5431421 population 2
WARNING: no counts at SNP 5431421 population 3
WARNING: no counts at SNP 5431421 population 5
WARNING: no counts at SNP 5431422 population 0
WARNING: no counts at SNP 5431422 population 2
WARNING: no counts at SNP 5431422 population 3
WARNING: no counts at SNP 5431422 population 4
WARNING: no counts at SNP 5431422 population 5
WARNING: no counts at SNP 5431423 population 0
WARNING: no counts at SNP 5431423 population 2
WARNING: no counts at SNP 5431423 population 3
WARNING: no counts at SNP 5431423 population 5
WARNING: no counts at SNP 5431424 population 2
WARNING: no counts at SNP 5431424 population 3
WARNING: no counts at SNP 5431424 population 4
WARNING: no counts at SNP 5431424 population 5
WARNING: no counts at SNP 5431425 population 2
WARNING: no counts at SNP 5431425 population 3
WARNING: no counts at SNP 5431425 population 5
WARNING: no counts at SNP 5431426 population 2
WARNING: no counts at SNP 5431426 population 3
WARNING: no counts at SNP 5431426 population 5
WARNING: no counts at SNP 5431427 population 2
WARNING: no counts at SNP 5431427 population 3
WARNING: no counts at SNP 5431427 population 5
WARNING: no counts at SNP 5431428 population 2
WARNING: no counts at SNP 5431428 population 3
WARNING: no counts at SNP 5431428 population 5
WARNING: no counts at SNP 5431429 population 2
WARNING: no counts at SNP 5431429 population 3
WARNING: no counts at SNP 5431429 population 5
WARNING: no counts at SNP 5431430 population 2
WARNING: no counts at SNP 5431430 population 3
WARNING: no counts at SNP 5431430 population 5
WARNING: no counts at SNP 5431431 population 2
WARNING: no counts at SNP 5431431 population 3
WARNING: no counts at SNP 5431431 population 5
WARNING: no counts at SNP 5431432 population 2
WARNING: no counts at SNP 5431432 population 3
WARNING: no counts at SNP 5431432 population 5
WARNING: no counts at SNP 5431433 population 2
WARNING: no counts at SNP 5431433 population 3
WARNING: no counts at SNP 5431433 population 5
WARNING: no counts at SNP 5431434 population 2
WARNING: no counts at SNP 5431434 population 3
WARNING: no counts at SNP 5431434 population 5
WARNING: no counts at SNP 5431435 population 1
WARNING: no counts at SNP 5431435 population 2
WARNING: no counts at SNP 5431435 population 3
WARNING: no counts at SNP 5431435 population 5
WARNING: no counts at SNP 5431436 population 1
WARNING: no counts at SNP 5431436 population 2
WARNING: no counts at SNP 5431436 population 3
WARNING: no counts at SNP 5431436 population 5
WARNING: no counts at SNP 5431437 population 1
WARNING: no counts at SNP 5431437 population 2
WARNING: no counts at SNP 5431437 population 3
WARNING: no counts at SNP 5431437 population 5
WARNING: no counts at SNP 5431438 population 1
WARNING: no counts at SNP 5431438 population 2
WARNING: no counts at SNP 5431438 population 3
WARNING: no counts at SNP 5431438 population 5
WARNING: no counts at SNP 5431439 population 2
WARNING: no counts at SNP 5431439 population 3
WARNING: no counts at SNP 5431439 population 5
WARNING: no counts at SNP 5431440 population 2
WARNING: no counts at SNP 5431440 population 3
WARNING: no counts at SNP 5431440 population 5
WARNING: no counts at SNP 5431441 population 2
WARNING: no counts at SNP 5431441 population 3
WARNING: no counts at SNP 5431441 population 5
WARNING: no counts at SNP 5431442 population 2
WARNING: no counts at SNP 5431442 population 3
WARNING: no counts at SNP 5431442 population 5
WARNING: no counts at SNP 5431443 population 2
WARNING: no counts at SNP 5431443 population 3
WARNING: no counts at SNP 5431443 population 5
WARNING: no counts at SNP 5431444 population 2
WARNING: no counts at SNP 5431444 population 3
WARNING: no counts at SNP 5431444 population 5
WARNING: no counts at SNP 5431445 population 2
WARNING: no counts at SNP 5431445 population 3
WARNING: no counts at SNP 5431445 population 4
WARNING: no counts at SNP 5431445 population 5
WARNING: no counts at SNP 5431446 population 2
WARNING: no counts at SNP 5431446 population 3
WARNING: no counts at SNP 5431446 population 5
WARNING: no counts at SNP 5431447 population 2
WARNING: no counts at SNP 5431447 population 3
WARNING: no counts at SNP 5431447 population 5
WARNING: no counts at SNP 5431448 population 2
WARNING: no counts at SNP 5431448 population 3
WARNING: no counts at SNP 5431448 population 4
WARNING: no counts at SNP 5431448 population 5
WARNING: no counts at SNP 5431449 population 2
WARNING: no counts at SNP 5431449 population 3
WARNING: no counts at SNP 5431449 population 4
WARNING: no counts at SNP 5431449 population 5
WARNING: no counts at SNP 5431450 population 2
WARNING: no counts at SNP 5431450 population 3
WARNING: no counts at SNP 5431450 population 4
WARNING: no counts at SNP 5431450 population 5
WARNING: no counts at SNP 5431451 population 2
WARNING: no counts at SNP 5431451 population 3
WARNING: no counts at SNP 5431451 population 4
WARNING: no counts at SNP 5431451 population 5
WARNING: no counts at SNP 5431452 population 2
WARNING: no counts at SNP 5431452 population 3
WARNING: no counts at SNP 5431452 population 4
WARNING: no counts at SNP 5431452 population 5
WARNING: no counts at SNP 5431453 population 2
WARNING: no counts at SNP 5431453 population 3
WARNING: no counts at SNP 5431453 population 4
WARNING: no counts at SNP 5431453 population 5
WARNING: no counts at SNP 5431454 population 2
WARNING: no counts at SNP 5431454 population 3
WARNING: no counts at SNP 5431454 population 4
WARNING: no counts at SNP 5431454 population 5
WARNING: no counts at SNP 5431455 population 2
WARNING: no counts at SNP 5431455 population 3
WARNING: no counts at SNP 5431455 population 4
WARNING: no counts at SNP 5431455 population 5
WARNING: no counts at SNP 5431456 population 2
WARNING: no counts at SNP 5431456 population 3
WARNING: no counts at SNP 5431456 population 4
WARNING: no counts at SNP 5431456 population 5
WARNING: no counts at SNP 5431457 population 2
WARNING: no counts at SNP 5431457 population 3
WARNING: no counts at SNP 5431457 population 4
WARNING: no counts at SNP 5431457 population 5
WARNING: no counts at SNP 5431458 population 2
WARNING: no counts at SNP 5431458 population 3
WARNING: no counts at SNP 5431458 population 4
WARNING: no counts at SNP 5431458 population 5
WARNING: no counts at SNP 5431459 population 2
WARNING: no counts at SNP 5431459 population 3
WARNING: no counts at SNP 5431459 population 4
WARNING: no counts at SNP 5431459 population 5
WARNING: no counts at SNP 5431460 population 2
WARNING: no counts at SNP 5431460 population 3
WARNING: no counts at SNP 5431460 population 4
WARNING: no counts at SNP 5431460 population 5
WARNING: no counts at SNP 5431461 population 2
WARNING: no counts at SNP 5431461 population 3
WARNING: no counts at SNP 5431461 population 4
WARNING: no counts at SNP 5431461 population 5
WARNING: no counts at SNP 5431462 population 2
WARNING: no counts at SNP 5431462 population 3
WARNING: no counts at SNP 5431462 population 4
WARNING: no counts at SNP 5431462 population 5
WARNING: no counts at SNP 5431463 population 2
WARNING: no counts at SNP 5431463 population 3
WARNING: no counts at SNP 5431463 population 4
WARNING: no counts at SNP 5431463 population 5
WARNING: no counts at SNP 5431464 population 2
WARNING: no counts at SNP 5431464 population 3
WARNING: no counts at SNP 5431464 population 4
WARNING: no counts at SNP 5431464 population 5
WARNING: no counts at SNP 5431465 population 2
WARNING: no counts at SNP 5431465 population 3
WARNING: no counts at SNP 5431465 population 5
WARNING: no counts at SNP 5431466 population 2
WARNING: no counts at SNP 5431466 population 3
WARNING: no counts at SNP 5431466 population 5
WARNING: no counts at SNP 5431467 population 2
WARNING: no counts at SNP 5431467 population 3
WARNING: no counts at SNP 5431467 population 5
WARNING: no counts at SNP 5431468 population 2
WARNING: no counts at SNP 5431468 population 3
WARNING: no counts at SNP 5431468 population 5
WARNING: no counts at SNP 5431469 population 2
WARNING: no counts at SNP 5431469 population 3
WARNING: no counts at SNP 5431469 population 5
WARNING: no counts at SNP 5431470 population 2
WARNING: no counts at SNP 5431470 population 3
WARNING: no counts at SNP 5431470 population 5
WARNING: no counts at SNP 5431471 population 2
WARNING: no counts at SNP 5431471 population 3
WARNING: no counts at SNP 5431471 population 5
WARNING: no counts at SNP 5431472 population 2
WARNING: no counts at SNP 5431472 population 3
WARNING: no counts at SNP 5431472 population 5
WARNING: no counts at SNP 5431473 population 2
WARNING: no counts at SNP 5431473 population 3
WARNING: no counts at SNP 5431473 population 5
WARNING: no counts at SNP 5431474 population 2
WARNING: no counts at SNP 5431474 population 3
WARNING: no counts at SNP 5431474 population 5
WARNING: no counts at SNP 5431475 population 2
WARNING: no counts at SNP 5431475 population 3
WARNING: no counts at SNP 5431475 population 5
WARNING: no counts at SNP 5431476 population 2
WARNING: no counts at SNP 5431476 population 3
WARNING: no counts at SNP 5431476 population 5
WARNING: no counts at SNP 5431477 population 0
WARNING: no counts at SNP 5431477 population 1
WARNING: no counts at SNP 5431477 population 2
WARNING: no counts at SNP 5431477 population 3
WARNING: no counts at SNP 5431477 population 5
WARNING: no counts at SNP 5431478 population 0
WARNING: no counts at SNP 5431478 population 2
WARNING: no counts at SNP 5431478 population 3
WARNING: no counts at SNP 5431478 population 4
WARNING: no counts at SNP 5431478 population 5
WARNING: no counts at SNP 5431479 population 0
WARNING: no counts at SNP 5431479 population 2
WARNING: no counts at SNP 5431479 population 3
WARNING: no counts at SNP 5431479 population 5
WARNING: no counts at SNP 5431480 population 0
WARNING: no counts at SNP 5431480 population 2
WARNING: no counts at SNP 5431480 population 3
WARNING: no counts at SNP 5431480 population 4
WARNING: no counts at SNP 5431480 population 5
WARNING: no counts at SNP 5431481 population 0
WARNING: no counts at SNP 5431481 population 2
WARNING: no counts at SNP 5431481 population 3
WARNING: no counts at SNP 5431481 population 4
WARNING: no counts at SNP 5431481 population 5
WARNING: no counts at SNP 5431482 population 2
WARNING: no counts at SNP 5431482 population 3
WARNING: no counts at SNP 5431482 population 4
WARNING: no counts at SNP 5431482 population 5
WARNING: no counts at SNP 5431483 population 2
WARNING: no counts at SNP 5431483 population 3
WARNING: no counts at SNP 5431483 population 4
WARNING: no counts at SNP 5431483 population 5
WARNING: no counts at SNP 5431484 population 2
WARNING: no counts at SNP 5431484 population 3
WARNING: no counts at SNP 5431484 population 4
WARNING: no counts at SNP 5431484 population 5
WARNING: no counts at SNP 5431485 population 2
WARNING: no counts at SNP 5431485 population 3
WARNING: no counts at SNP 5431485 population 4
WARNING: no counts at SNP 5431485 population 5
WARNING: no counts at SNP 5431486 population 0
WARNING: no counts at SNP 5431486 population 2
WARNING: no counts at SNP 5431486 population 3
WARNING: no counts at SNP 5431486 population 4
WARNING: no counts at SNP 5431486 population 5
WARNING: no counts at SNP 5431487 population 0
WARNING: no counts at SNP 5431487 population 2
WARNING: no counts at SNP 5431487 population 3
WARNING: no counts at SNP 5431487 population 4
WARNING: no counts at SNP 5431487 population 5
WARNING: no counts at SNP 5431488 population 0
WARNING: no counts at SNP 5431488 population 2
WARNING: no counts at SNP 5431488 population 3
WARNING: no counts at SNP 5431488 population 4
WARNING: no counts at SNP 5431488 population 5
WARNING: no counts at SNP 5431489 population 0
WARNING: no counts at SNP 5431489 population 2
WARNING: no counts at SNP 5431489 population 3
WARNING: no counts at SNP 5431489 population 4
WARNING: no counts at SNP 5431489 population 5
WARNING: no counts at SNP 5431490 population 0
WARNING: no counts at SNP 5431490 population 2
WARNING: no counts at SNP 5431490 population 3
WARNING: no counts at SNP 5431490 population 4
WARNING: no counts at SNP 5431490 population 5
WARNING: no counts at SNP 5431491 population 0
WARNING: no counts at SNP 5431491 population 2
WARNING: no counts at SNP 5431491 population 3
WARNING: no counts at SNP 5431491 population 4
WARNING: no counts at SNP 5431491 population 5
WARNING: no counts at SNP 5431492 population 0
WARNING: no counts at SNP 5431492 population 2
WARNING: no counts at SNP 5431492 population 3
WARNING: no counts at SNP 5431492 population 4
WARNING: no counts at SNP 5431492 population 5
WARNING: no counts at SNP 5431493 population 0
WARNING: no counts at SNP 5431493 population 2
WARNING: no counts at SNP 5431493 population 3
WARNING: no counts at SNP 5431493 population 4
WARNING: no counts at SNP 5431493 population 5
WARNING: no counts at SNP 5431494 population 0
WARNING: no counts at SNP 5431494 population 2
WARNING: no counts at SNP 5431494 population 3
WARNING: no counts at SNP 5431494 population 4
WARNING: no counts at SNP 5431494 population 5
WARNING: no counts at SNP 5431495 population 0
WARNING: no counts at SNP 5431495 population 2
WARNING: no counts at SNP 5431495 population 3
WARNING: no counts at SNP 5431495 population 4
WARNING: no counts at SNP 5431495 population 5
WARNING: no counts at SNP 5431496 population 0
WARNING: no counts at SNP 5431496 population 2
WARNING: no counts at SNP 5431496 population 3
WARNING: no counts at SNP 5431496 population 4
WARNING: no counts at SNP 5431496 population 5
WARNING: no counts at SNP 5431497 population 0
WARNING: no counts at SNP 5431497 population 2
WARNING: no counts at SNP 5431497 population 3
WARNING: no counts at SNP 5431497 population 4
WARNING: no counts at SNP 5431497 population 5
WARNING: no counts at SNP 5431498 population 0
WARNING: no counts at SNP 5431498 population 2
WARNING: no counts at SNP 5431498 population 3
WARNING: no counts at SNP 5431498 population 4
WARNING: no counts at SNP 5431498 population 5
WARNING: no counts at SNP 5431499 population 0
WARNING: no counts at SNP 5431499 population 2
WARNING: no counts at SNP 5431499 population 3
WARNING: no counts at SNP 5431499 population 4
WARNING: no counts at SNP 5431499 population 5
WARNING: no counts at SNP 5431500 population 0
WARNING: no counts at SNP 5431500 population 2
WARNING: no counts at SNP 5431500 population 3
WARNING: no counts at SNP 5431500 population 4
WARNING: no counts at SNP 5431500 population 5
WARNING: no counts at SNP 5431501 population 0
WARNING: no counts at SNP 5431501 population 2
WARNING: no counts at SNP 5431501 population 3
WARNING: no counts at SNP 5431501 population 4
WARNING: no counts at SNP 5431501 population 5
WARNING: no counts at SNP 5431502 population 0
WARNING: no counts at SNP 5431502 population 2
WARNING: no counts at SNP 5431502 population 3
WARNING: no counts at SNP 5431502 population 4
WARNING: no counts at SNP 5431502 population 5
WARNING: no counts at SNP 5431503 population 0
WARNING: no counts at SNP 5431503 population 2
WARNING: no counts at SNP 5431503 population 3
WARNING: no counts at SNP 5431503 population 4
WARNING: no counts at SNP 5431503 population 5
WARNING: no counts at SNP 5431504 population 0
WARNING: no counts at SNP 5431504 population 2
WARNING: no counts at SNP 5431504 population 3
WARNING: no counts at SNP 5431504 population 4
WARNING: no counts at SNP 5431504 population 5
WARNING: no counts at SNP 5431505 population 0
WARNING: no counts at SNP 5431505 population 2
WARNING: no counts at SNP 5431505 population 3
WARNING: no counts at SNP 5431505 population 4
WARNING: no counts at SNP 5431505 population 5
WARNING: no counts at SNP 5431506 population 0
WARNING: no counts at SNP 5431506 population 2
WARNING: no counts at SNP 5431506 population 3
WARNING: no counts at SNP 5431506 population 4
WARNING: no counts at SNP 5431506 population 5
WARNING: no counts at SNP 5431507 population 2
WARNING: no counts at SNP 5431507 population 3
WARNING: no counts at SNP 5431507 population 4
WARNING: no counts at SNP 5431507 population 5
WARNING: no counts at SNP 5431508 population 2
WARNING: no counts at SNP 5431508 population 3
WARNING: no counts at SNP 5431508 population 4
WARNING: no counts at SNP 5431508 population 5
WARNING: no counts at SNP 5431509 population 2
WARNING: no counts at SNP 5431509 population 3
WARNING: no counts at SNP 5431509 population 4
WARNING: no counts at SNP 5431509 population 5
WARNING: no counts at SNP 5431510 population 2
WARNING: no counts at SNP 5431510 population 3
WARNING: no counts at SNP 5431510 population 4
WARNING: no counts at SNP 5431510 population 5
WARNING: no counts at SNP 5431511 population 2
WARNING: no counts at SNP 5431511 population 3
WARNING: no counts at SNP 5431511 population 4
WARNING: no counts at SNP 5431511 population 5
WARNING: no counts at SNP 5431512 population 2
WARNING: no counts at SNP 5431512 population 3
WARNING: no counts at SNP 5431512 population 4
WARNING: no counts at SNP 5431512 population 5
WARNING: no counts at SNP 5431513 population 2
WARNING: no counts at SNP 5431513 population 3
WARNING: no counts at SNP 5431513 population 4
WARNING: no counts at SNP 5431513 population 5
WARNING: no counts at SNP 5431514 population 2
WARNING: no counts at SNP 5431514 population 3
WARNING: no counts at SNP 5431514 population 4
WARNING: no counts at SNP 5431514 population 5
WARNING: no counts at SNP 5431515 population 2
WARNING: no counts at SNP 5431515 population 3
WARNING: no counts at SNP 5431515 population 4
WARNING: no counts at SNP 5431515 population 5
WARNING: no counts at SNP 5431516 population 0
WARNING: no counts at SNP 5431516 population 2
WARNING: no counts at SNP 5431516 population 3
WARNING: no counts at SNP 5431516 population 4
WARNING: no counts at SNP 5431516 population 5
WARNING: no counts at SNP 5431517 population 0
WARNING: no counts at SNP 5431517 population 2
WARNING: no counts at SNP 5431517 population 3
WARNING: no counts at SNP 5431517 population 5
WARNING: no counts at SNP 5431518 population 0
WARNING: no counts at SNP 5431518 population 2
WARNING: no counts at SNP 5431518 population 3
WARNING: no counts at SNP 5431518 population 5
WARNING: no counts at SNP 5431519 population 0
WARNING: no counts at SNP 5431519 population 2
WARNING: no counts at SNP 5431519 population 3
WARNING: no counts at SNP 5431519 population 4
WARNING: no counts at SNP 5431519 population 5
WARNING: no counts at SNP 5431520 population 0
WARNING: no counts at SNP 5431520 population 1
WARNING: no counts at SNP 5431520 population 2
WARNING: no counts at SNP 5431520 population 3
WARNING: no counts at SNP 5431520 population 4
WARNING: no counts at SNP 5431520 population 5
WARNING: no counts at SNP 5431521 population 0
WARNING: no counts at SNP 5431521 population 2
WARNING: no counts at SNP 5431521 population 3
WARNING: no counts at SNP 5431521 population 4
WARNING: no counts at SNP 5431521 population 5
WARNING: no counts at SNP 5431522 population 0
WARNING: no counts at SNP 5431522 population 2
WARNING: no counts at SNP 5431522 population 3
WARNING: no counts at SNP 5431522 population 4
WARNING: no counts at SNP 5431522 population 5
WARNING: no counts at SNP 5431523 population 0
WARNING: no counts at SNP 5431523 population 2
WARNING: no counts at SNP 5431523 population 3
WARNING: no counts at SNP 5431523 population 5
WARNING: no counts at SNP 5431524 population 0
WARNING: no counts at SNP 5431524 population 2
WARNING: no counts at SNP 5431524 population 3
WARNING: no counts at SNP 5431524 population 5
WARNING: no counts at SNP 5431525 population 0
WARNING: no counts at SNP 5431525 population 2
WARNING: no counts at SNP 5431525 population 3
WARNING: no counts at SNP 5431525 population 5
WARNING: no counts at SNP 5431526 population 0
WARNING: no counts at SNP 5431526 population 1
WARNING: no counts at SNP 5431526 population 2
WARNING: no counts at SNP 5431526 population 3
WARNING: no counts at SNP 5431526 population 4
WARNING: no counts at SNP 5431526 population 5
WARNING: no counts at SNP 5431527 population 0
WARNING: no counts at SNP 5431527 population 2
WARNING: no counts at SNP 5431527 population 3
WARNING: no counts at SNP 5431527 population 4
WARNING: no counts at SNP 5431527 population 5
WARNING: no counts at SNP 5431528 population 0
WARNING: no counts at SNP 5431528 population 1
WARNING: no counts at SNP 5431528 population 2
WARNING: no counts at SNP 5431528 population 3
WARNING: no counts at SNP 5431528 population 4
WARNING: no counts at SNP 5431528 population 5
WARNING: no counts at SNP 5431529 population 0
WARNING: no counts at SNP 5431529 population 1
WARNING: no counts at SNP 5431529 population 2
WARNING: no counts at SNP 5431529 population 3
WARNING: no counts at SNP 5431529 population 4
WARNING: no counts at SNP 5431529 population 5
WARNING: no counts at SNP 5431530 population 0
WARNING: no counts at SNP 5431530 population 2
WARNING: no counts at SNP 5431530 population 3
WARNING: no counts at SNP 5431530 population 4
WARNING: no counts at SNP 5431530 population 5
WARNING: no counts at SNP 5431531 population 0
WARNING: no counts at SNP 5431531 population 2
WARNING: no counts at SNP 5431531 population 3
WARNING: no counts at SNP 5431531 population 4
WARNING: no counts at SNP 5431531 population 5
WARNING: no counts at SNP 5431532 population 2
WARNING: no counts at SNP 5431532 population 3
WARNING: no counts at SNP 5431532 population 4
WARNING: no counts at SNP 5431532 population 5
WARNING: no counts at SNP 5431533 population 2
WARNING: no counts at SNP 5431533 population 3
WARNING: no counts at SNP 5431533 population 4
WARNING: no counts at SNP 5431533 population 5
WARNING: no counts at SNP 5431534 population 2
WARNING: no counts at SNP 5431534 population 3
WARNING: no counts at SNP 5431534 population 4
WARNING: no counts at SNP 5431534 population 5
WARNING: no counts at SNP 5431535 population 2
WARNING: no counts at SNP 5431535 population 3
WARNING: no counts at SNP 5431535 population 4
WARNING: no counts at SNP 5431535 population 5
WARNING: no counts at SNP 5431536 population 2
WARNING: no counts at SNP 5431536 population 3
WARNING: no counts at SNP 5431536 population 4
WARNING: no counts at SNP 5431536 population 5
WARNING: no counts at SNP 5431537 population 2
WARNING: no counts at SNP 5431537 population 3
WARNING: no counts at SNP 5431537 population 4
WARNING: no counts at SNP 5431537 population 5
WARNING: no counts at SNP 5431538 population 2
WARNING: no counts at SNP 5431538 population 3
WARNING: no counts at SNP 5431538 population 4
WARNING: no counts at SNP 5431538 population 5
WARNING: no counts at SNP 5431539 population 2
WARNING: no counts at SNP 5431539 population 3
WARNING: no counts at SNP 5431539 population 4
WARNING: no counts at SNP 5431539 population 5
WARNING: no counts at SNP 5431540 population 0
WARNING: no counts at SNP 5431540 population 2
WARNING: no counts at SNP 5431540 population 3
WARNING: no counts at SNP 5431540 population 4
WARNING: no counts at SNP 5431540 population 5
WARNING: no counts at SNP 5431541 population 0
WARNING: no counts at SNP 5431541 population 2
WARNING: no counts at SNP 5431541 population 3
WARNING: no counts at SNP 5431541 population 5
WARNING: no counts at SNP 5431542 population 2
WARNING: no counts at SNP 5431542 population 3
WARNING: no counts at SNP 5431542 population 4
WARNING: no counts at SNP 5431542 population 5
WARNING: no counts at SNP 5431543 population 2
WARNING: no counts at SNP 5431543 population 3
WARNING: no counts at SNP 5431543 population 4
WARNING: no counts at SNP 5431543 population 5
WARNING: no counts at SNP 5431544 population 2
WARNING: no counts at SNP 5431544 population 3
WARNING: no counts at SNP 5431544 population 5
WARNING: no counts at SNP 5431545 population 2
WARNING: no counts at SNP 5431545 population 3
WARNING: no counts at SNP 5431545 population 5
WARNING: no counts at SNP 5431546 population 2
WARNING: no counts at SNP 5431546 population 3
WARNING: no counts at SNP 5431546 population 5
WARNING: no counts at SNP 5431547 population 2
WARNING: no counts at SNP 5431547 population 3
WARNING: no counts at SNP 5431547 population 5
WARNING: no counts at SNP 5431548 population 2
WARNING: no counts at SNP 5431548 population 3
WARNING: no counts at SNP 5431548 population 5
WARNING: no counts at SNP 5431549 population 2
WARNING: no counts at SNP 5431549 population 3
WARNING: no counts at SNP 5431549 population 5
WARNING: no counts at SNP 5431550 population 2
WARNING: no counts at SNP 5431550 population 3
WARNING: no counts at SNP 5431550 population 5
WARNING: no counts at SNP 5431551 population 2
WARNING: no counts at SNP 5431551 population 3
WARNING: no counts at SNP 5431551 population 5
WARNING: no counts at SNP 5431552 population 2
WARNING: no counts at SNP 5431552 population 3
WARNING: no counts at SNP 5431552 population 5
WARNING: no counts at SNP 5431553 population 2
WARNING: no counts at SNP 5431553 population 3
WARNING: no counts at SNP 5431553 population 5
WARNING: no counts at SNP 5431554 population 2
WARNING: no counts at SNP 5431554 population 3
WARNING: no counts at SNP 5431554 population 5
WARNING: no counts at SNP 5431555 population 2
WARNING: no counts at SNP 5431555 population 3
WARNING: no counts at SNP 5431555 population 5
WARNING: no counts at SNP 5431556 population 2
WARNING: no counts at SNP 5431556 population 3
WARNING: no counts at SNP 5431556 population 5
WARNING: no counts at SNP 5431557 population 2
WARNING: no counts at SNP 5431557 population 3
WARNING: no counts at SNP 5431557 population 5
WARNING: no counts at SNP 5431558 population 2
WARNING: no counts at SNP 5431558 population 3
WARNING: no counts at SNP 5431558 population 5
WARNING: no counts at SNP 5431559 population 2
WARNING: no counts at SNP 5431559 population 3
WARNING: no counts at SNP 5431559 population 5
WARNING: no counts at SNP 5431560 population 2
WARNING: no counts at SNP 5431560 population 3
WARNING: no counts at SNP 5431560 population 5
WARNING: no counts at SNP 5431561 population 2
WARNING: no counts at SNP 5431561 population 3
WARNING: no counts at SNP 5431561 population 5
WARNING: no counts at SNP 5431562 population 2
WARNING: no counts at SNP 5431562 population 3
WARNING: no counts at SNP 5431562 population 5
WARNING: no counts at SNP 5431563 population 2
WARNING: no counts at SNP 5431563 population 3
WARNING: no counts at SNP 5431563 population 4
WARNING: no counts at SNP 5431563 population 5
WARNING: no counts at SNP 5431564 population 2
WARNING: no counts at SNP 5431564 population 3
WARNING: no counts at SNP 5431564 population 4
WARNING: no counts at SNP 5431564 population 5
WARNING: no counts at SNP 5431565 population 2
WARNING: no counts at SNP 5431565 population 3
WARNING: no counts at SNP 5431565 population 4
WARNING: no counts at SNP 5431565 population 5
WARNING: no counts at SNP 5431566 population 2
WARNING: no counts at SNP 5431566 population 3
WARNING: no counts at SNP 5431566 population 5
WARNING: no counts at SNP 5431567 population 2
WARNING: no counts at SNP 5431567 population 3
WARNING: no counts at SNP 5431567 population 5
WARNING: no counts at SNP 5431568 population 2
WARNING: no counts at SNP 5431568 population 3
WARNING: no counts at SNP 5431568 population 5
WARNING: no counts at SNP 5431569 population 0
WARNING: no counts at SNP 5431569 population 2
WARNING: no counts at SNP 5431569 population 3
WARNING: no counts at SNP 5431569 population 4
WARNING: no counts at SNP 5431569 population 5
WARNING: no counts at SNP 5431570 population 0
WARNING: no counts at SNP 5431570 population 2
WARNING: no counts at SNP 5431570 population 3
WARNING: no counts at SNP 5431570 population 5
WARNING: no counts at SNP 5431571 population 0
WARNING: no counts at SNP 5431571 population 2
WARNING: no counts at SNP 5431571 population 3
WARNING: no counts at SNP 5431571 population 4
WARNING: no counts at SNP 5431571 population 5
WARNING: no counts at SNP 5431572 population 2
WARNING: no counts at SNP 5431572 population 3
WARNING: no counts at SNP 5431572 population 4
WARNING: no counts at SNP 5431572 population 5
WARNING: no counts at SNP 5431573 population 2
WARNING: no counts at SNP 5431573 population 3
WARNING: no counts at SNP 5431573 population 4
WARNING: no counts at SNP 5431573 population 5
WARNING: no counts at SNP 5431574 population 0
WARNING: no counts at SNP 5431574 population 2
WARNING: no counts at SNP 5431574 population 3
WARNING: no counts at SNP 5431574 population 4
WARNING: no counts at SNP 5431574 population 5
WARNING: no counts at SNP 5431575 population 0
WARNING: no counts at SNP 5431575 population 2
WARNING: no counts at SNP 5431575 population 3
WARNING: no counts at SNP 5431575 population 4
WARNING: no counts at SNP 5431575 population 5
WARNING: no counts at SNP 5431576 population 0
WARNING: no counts at SNP 5431576 population 2
WARNING: no counts at SNP 5431576 population 3
WARNING: no counts at SNP 5431576 population 4
WARNING: no counts at SNP 5431576 population 5
WARNING: no counts at SNP 5431577 population 0
WARNING: no counts at SNP 5431577 population 2
WARNING: no counts at SNP 5431577 population 3
WARNING: no counts at SNP 5431577 population 5
WARNING: no counts at SNP 5431578 population 0
WARNING: no counts at SNP 5431578 population 2
WARNING: no counts at SNP 5431578 population 3
WARNING: no counts at SNP 5431578 population 5
WARNING: no counts at SNP 5431579 population 0
WARNING: no counts at SNP 5431579 population 2
WARNING: no counts at SNP 5431579 population 3
WARNING: no counts at SNP 5431579 population 4
WARNING: no counts at SNP 5431579 population 5
WARNING: no counts at SNP 5431580 population 0
WARNING: no counts at SNP 5431580 population 2
WARNING: no counts at SNP 5431580 population 3
WARNING: no counts at SNP 5431580 population 5
WARNING: no counts at SNP 5431581 population 0
WARNING: no counts at SNP 5431581 population 2
WARNING: no counts at SNP 5431581 population 3
WARNING: no counts at SNP 5431581 population 5
WARNING: no counts at SNP 5431582 population 0
WARNING: no counts at SNP 5431582 population 2
WARNING: no counts at SNP 5431582 population 3
WARNING: no counts at SNP 5431582 population 5
WARNING: no counts at SNP 5431583 population 0
WARNING: no counts at SNP 5431583 population 2
WARNING: no counts at SNP 5431583 population 3
WARNING: no counts at SNP 5431583 population 5
WARNING: no counts at SNP 5431584 population 0
WARNING: no counts at SNP 5431584 population 2
WARNING: no counts at SNP 5431584 population 3
WARNING: no counts at SNP 5431584 population 5
WARNING: no counts at SNP 5431585 population 0
WARNING: no counts at SNP 5431585 population 2
WARNING: no counts at SNP 5431585 population 3
WARNING: no counts at SNP 5431585 population 5
WARNING: no counts at SNP 5431586 population 0
WARNING: no counts at SNP 5431586 population 2
WARNING: no counts at SNP 5431586 population 3
WARNING: no counts at SNP 5431586 population 5
WARNING: no counts at SNP 5431587 population 0
WARNING: no counts at SNP 5431587 population 2
WARNING: no counts at SNP 5431587 population 3
WARNING: no counts at SNP 5431587 population 5
WARNING: no counts at SNP 5431588 population 0
WARNING: no counts at SNP 5431588 population 2
WARNING: no counts at SNP 5431588 population 3
WARNING: no counts at SNP 5431588 population 5
WARNING: no counts at SNP 5431589 population 0
WARNING: no counts at SNP 5431589 population 2
WARNING: no counts at SNP 5431589 population 3
WARNING: no counts at SNP 5431589 population 5
WARNING: no counts at SNP 5431590 population 0
WARNING: no counts at SNP 5431590 population 2
WARNING: no counts at SNP 5431590 population 3
WARNING: no counts at SNP 5431590 population 5
WARNING: no counts at SNP 5431591 population 0
WARNING: no counts at SNP 5431591 population 2
WARNING: no counts at SNP 5431591 population 3
WARNING: no counts at SNP 5431591 population 5
WARNING: no counts at SNP 5431592 population 0
WARNING: no counts at SNP 5431592 population 2
WARNING: no counts at SNP 5431592 population 3
WARNING: no counts at SNP 5431592 population 5
WARNING: no counts at SNP 5431593 population 0
WARNING: no counts at SNP 5431593 population 2
WARNING: no counts at SNP 5431593 population 3
WARNING: no counts at SNP 5431593 population 5
WARNING: no counts at SNP 5431594 population 0
WARNING: no counts at SNP 5431594 population 2
WARNING: no counts at SNP 5431594 population 3
WARNING: no counts at SNP 5431594 population 5
WARNING: no counts at SNP 5431595 population 0
WARNING: no counts at SNP 5431595 population 2
WARNING: no counts at SNP 5431595 population 3
WARNING: no counts at SNP 5431595 population 5
WARNING: no counts at SNP 5431596 population 0
WARNING: no counts at SNP 5431596 population 2
WARNING: no counts at SNP 5431596 population 3
WARNING: no counts at SNP 5431596 population 5
WARNING: no counts at SNP 5431597 population 0
WARNING: no counts at SNP 5431597 population 2
WARNING: no counts at SNP 5431597 population 3
WARNING: no counts at SNP 5431597 population 5
WARNING: no counts at SNP 5431598 population 0
WARNING: no counts at SNP 5431598 population 2
WARNING: no counts at SNP 5431598 population 3
WARNING: no counts at SNP 5431598 population 5
WARNING: no counts at SNP 5431599 population 0
WARNING: no counts at SNP 5431599 population 2
WARNING: no counts at SNP 5431599 population 3
WARNING: no counts at SNP 5431599 population 5
WARNING: no counts at SNP 5431600 population 0
WARNING: no counts at SNP 5431600 population 2
WARNING: no counts at SNP 5431600 population 3
WARNING: no counts at SNP 5431600 population 5
WARNING: no counts at SNP 5431601 population 0
WARNING: no counts at SNP 5431601 population 2
WARNING: no counts at SNP 5431601 population 3
WARNING: no counts at SNP 5431601 population 5
WARNING: no counts at SNP 5431602 population 0
WARNING: no counts at SNP 5431602 population 2
WARNING: no counts at SNP 5431602 population 3
WARNING: no counts at SNP 5431602 population 5
WARNING: no counts at SNP 5431603 population 0
WARNING: no counts at SNP 5431603 population 2
WARNING: no counts at SNP 5431603 population 3
WARNING: no counts at SNP 5431603 population 5
WARNING: no counts at SNP 5431604 population 0
WARNING: no counts at SNP 5431604 population 2
WARNING: no counts at SNP 5431604 population 3
WARNING: no counts at SNP 5431604 population 5
WARNING: no counts at SNP 5431605 population 0
WARNING: no counts at SNP 5431605 population 2
WARNING: no counts at SNP 5431605 population 3
WARNING: no counts at SNP 5431605 population 5
WARNING: no counts at SNP 5431606 population 0
WARNING: no counts at SNP 5431606 population 2
WARNING: no counts at SNP 5431606 population 3
WARNING: no counts at SNP 5431606 population 5
WARNING: no counts at SNP 5431607 population 0
WARNING: no counts at SNP 5431607 population 1
WARNING: no counts at SNP 5431607 population 2
WARNING: no counts at SNP 5431607 population 3
WARNING: no counts at SNP 5431607 population 5
WARNING: no counts at SNP 5431608 population 0
WARNING: no counts at SNP 5431608 population 2
WARNING: no counts at SNP 5431608 population 3
WARNING: no counts at SNP 5431608 population 4
WARNING: no counts at SNP 5431608 population 5
WARNING: no counts at SNP 5431609 population 0
WARNING: no counts at SNP 5431609 population 2
WARNING: no counts at SNP 5431609 population 3
WARNING: no counts at SNP 5431609 population 4
WARNING: no counts at SNP 5431609 population 5
Estimating covariance matrix in 9496 blocks of size 1800
SEED: 1585230444
Starting from:
(E.MaheNorth:0.0190567,(F.Curieuse:0.00888205,C.PraslinWest:0.00571649):0.0190567);
Adding B.PraslinPlaineHollandaise [4/8]
ln(likelihood): -2483327.2 
((E.MaheNorth:0.0174615,(F.Curieuse:0.0128084,C.PraslinWest:0.00876317):0.00105288):0.0139123,B.PraslinPlaineHollandaise:0.0139123);
Adding PML [5/8]
ln(likelihood): -1116.938 
((E.MaheNorth:0.0103635,PML:0.881237):0.00135258,(F.Curieuse:0.00722847,(C.PraslinWest:0.000532386,B.PraslinPlaineHollandaise:0.000681516):0.005152):0.00135258);
Adding A.PraslinPasquereRiver [6/8]
ln(likelihood): -3481.8809 
((E.MaheNorth:0.00969031,PML:0.880665):0.00168861,(F.Curieuse:0.00687916,((C.PraslinWest:0.000719667,B.PraslinPlaineHollandaise:0.000801483):0.0034326,A.PraslinPasquereRiver:0.00178551):0.00198586):0.00168861);
Adding D.LaDigue [7/8]
ln(likelihood): -5097.0767 
((E.MaheNorth:0.0101215,PML:0.8807):0.000737202,((F.Curieuse:0.00698311,((C.PraslinWest:0.000798648,B.PraslinPlaineHollandaise:0.000880369):0.00320744,A.PraslinPasquereRiver:0.00192878):0.0015584):0.00200443,D.LaDigue:0.00119844):0.000737202);
Adding G.MaheSouth [8/8]
ln(likelihood): -4771.4281 
(((PML:0.880128,G.MaheSouth:0.00816565):0.000389163,((F.Curieuse:0.00682755,((C.PraslinWest:0.000665158,B.PraslinPlaineHollandaise:0.000769161):0.00317641,A.PraslinPasquereRiver:0.0018153):0.00162901):0.00174831,D.LaDigue:0.00116043):0.00205379):0.00488746,E.MaheNorth:0.00488746);
Testing global rearrangements
PML:0.880128 D.LaDigue:0.00116043
-7600.8878 -4771.4281
(PML:0.880128,G.MaheSouth:0.00816565):0.000389163 E.MaheNorth:0.00488746
-4771.4281 -4771.4281
G.MaheSouth:0.00816565 F.Curieuse:0.00682755
-24246.534 -4771.4281
G.MaheSouth:0.00816565 C.PraslinWest:0.000665158
-68218.604 -4771.4281
G.MaheSouth:0.00816565 E.MaheNorth:0.00488746
-4819.6184 -4771.4281
F.Curieuse:0.00682755 G.MaheSouth:0.00816565
-23057.611 -4771.4281
F.Curieuse:0.00682755 A.PraslinPasquereRiver:0.0018153
-9194.2404 -4771.4281
F.Curieuse:0.00682755 E.MaheNorth:0.00488746
-19820.186 -4771.4281
C.PraslinWest:0.000665158 F.Curieuse:0.00682755
-26489.731 -4771.4281
C.PraslinWest:0.000665158 ((C.PraslinWest:0.000665158,B.PraslinPlaineHollandaise:0.000769161):0.00317641,A.PraslinPasquereRiver:0.0018153):0.00162901
-13739.491 -4771.4281
C.PraslinWest:0.000665158 D.LaDigue:0.00116043
-32199.314 -4771.4281
B.PraslinPlaineHollandaise:0.000769161 A.PraslinPasquereRiver:0.0018153
-13739.491 -4771.4281
A.PraslinPasquereRiver:0.0018153 PML:0.880128
-44185.176 -4771.4281
A.PraslinPasquereRiver:0.0018153 (PML:0.880128,G.MaheSouth:0.00816565):0.000389163
-37673.402 -4771.4281
A.PraslinPasquereRiver:0.0018153 G.MaheSouth:0.00816565
-44185.176 -4771.4281
A.PraslinPasquereRiver:0.0018153 F.Curieuse:0.00682755
-9194.2404 -4771.4281
A.PraslinPasquereRiver:0.0018153 E.MaheNorth:0.00488746
-37673.402 -4771.4281
D.LaDigue:0.00116043 PML:0.880128
-10235.54 -4771.4281
D.LaDigue:0.00116043 (PML:0.880128,G.MaheSouth:0.00816565):0.000389163
-9334.7517 -4771.4281
D.LaDigue:0.00116043 G.MaheSouth:0.00816565
-10314.283 -4771.4281
D.LaDigue:0.00116043 C.PraslinWest:0.000665158
-22795.346 -4771.4281
D.LaDigue:0.00116043 (C.PraslinWest:0.000665158,B.PraslinPlaineHollandaise:0.000769161):0.00317641
-11306.048 -4771.4281
D.LaDigue:0.00116043 B.PraslinPlaineHollandaise:0.000769161
-22795.346 -4771.4281
E.MaheNorth:0.00488746 G.MaheSouth:0.00816565
-4819.6184 -4771.4281
E.MaheNorth:0.00488746 F.Curieuse:0.00682755
-20725.452 -4771.4281
E.MaheNorth:0.00488746 D.LaDigue:0.00116043
-9334.7517 -4771.4281
Set root above PML
Targeting migration to vicinity of:
PML D.LaDigue
F.Curieuse A.PraslinPasquereRiver
E.MaheNorth F.Curieuse
B.PraslinPlaineHollandaise D.LaDigue

C.PraslinWest D.LaDigue
B.PraslinPlaineHollandaise D.LaDigue
A.PraslinPasquereRiver F.Curieuse
E.MaheNorth F.Curieuse
F.Curieuse A.PraslinPasquereRiver
A.PraslinPasquereRiver F.Curieuse
D.LaDigue C.PraslinWest
D.LaDigue B.PraslinPlaineHollandaise
PML D.LaDigue
G.MaheSouth E.MaheNorth
Trying A.PraslinPasquereRiver F.Curieuse
A.PraslinPasquereRiver:0.0018153 F.Curieuse:0.00682755
1->2 0.42340454 -3389.7692 -4771.4281
2->1 0.18512903 -3194.4094 -3389.7692
p2->1 4.0751289e-05 -4771.4322 -3194.4094
Trying B.PraslinPlaineHollandaise D.LaDigue
B.PraslinPlaineHollandaise:0.000769161 D.LaDigue:0.00116043
1->2 0.35576028 -2987.4595 -3194.4094
2->1 0.057887431 -4738.3743 -2987.4595
p1->2 0.37227571 -3018.9472 -2987.4595
p2->1 8.6377241e-07 -4771.4293 -2987.4595
(C.PraslinWest:0.000665155,B.PraslinPlaineHollandaise:0.000769165):0.00317641 D.LaDigue:0.00116044
2->1 0.38482437 -2333.1099 -2987.4595
p1->2 0.46488869 -3930.8676 -2333.1099
p2->1 0.40435001 -3471.9733 -2333.1099
Trying C.PraslinWest D.LaDigue
C.PraslinWest:0.000666438 D.LaDigue:0.00115256
1->2 0.35576028 -2987.4595 -2333.1099
2->1 0.14667104 -4236.6443 -2333.1099
p2->1 0.13613541 -4432.4009 -2333.1099
(B.PraslinPlaineHollandaise:0,C.PraslinWest:0.00196801):0.00386143 D.LaDigue:0.00115558
Trying D.LaDigue B.PraslinPlaineHollandaise
D.LaDigue:0.00115558 B.PraslinPlaineHollandaise:0
D.LaDigue:0.00115558 (B.PraslinPlaineHollandaise:0,C.PraslinWest:0.00196801):0.00386143
Trying D.LaDigue C.PraslinWest
D.LaDigue:0.00115558 C.PraslinWest:0.00196801
D.LaDigue:0.00115558 (B.PraslinPlaineHollandaise:0,C.PraslinWest:0.00196801):0.00386143
Trying E.MaheNorth F.Curieuse
E.MaheNorth:0.00977543 (F.Curieuse:0.00673769,(A.PraslinPasquereRiver:0.00159517,(B.PraslinPlaineHollandaise:0,C.PraslinWest:0.00196801):0.00386143):0.00177779):0.00187333
1->2 0.098679066 -4253.1547 -2333.1099
2->1 0.17948262 -4555.5184 -2333.1099
p1->2 4.0751289e-05 -4771.4297 -2333.1099
E.MaheNorth:0.00977491 F.Curieuse:0.00682755
1->2 0.32981819 -3758.2249 -2333.1099
2->1 0.10310754 -4142.8976 -2333.1099
p1->2 0.36320961 -3896.6582 -2333.1099
Trying F.Curieuse A.PraslinPasquereRiver
F.Curieuse:0.0195677 A.PraslinPasquereRiver:0.00175886
Trying G.MaheSouth E.MaheNorth
G.MaheSouth:0.00816565 E.MaheNorth:0.00976561
1->2 0.11613736 -4291.289 -2333.1099
2->1 0.094320953 -4291.2887 -2333.1099
p1->2 4.0751289e-05 -4771.4361 -2333.1099
Trying PML D.LaDigue
PML:0.440064 D.LaDigue:0.00116043
1->2 0.25082162 -3361.6303 -2333.1099
2->1 0.4485257 -3512.2847 -2333.1099
p2->1 0.86100608 -4319.065 -2333.1099
Migration added
Local updates around node 1: 0 ln(lk):-2333.1099 
Local updates around node 2: 0 ln(lk):-2333.1099 
Updates in migration position: 0 ln(lk):-2333.1099 
Switches in migration direction: 0 ln(lk):-2333.1099 
ln(likelihood):-2333.112 
Targeting migration to vicinity of:
PML D.LaDigue
E.MaheNorth F.Curieuse
E.MaheNorth G.MaheSouth
B.PraslinPlaineHollandaise A.PraslinPasquereRiver

E.MaheNorth F.Curieuse
E.MaheNorth G.MaheSouth
D.LaDigue PML
G.MaheSouth E.MaheNorth
PML D.LaDigue
G.MaheSouth E.MaheNorth
Trying D.LaDigue PML
D.LaDigue:0.00178774 PML:0.440066
1->2 0.4061166 -1024.7248 -2333.112
2->1 0.10613811 -966.04173 -1024.7248
p1->2 0.4261806 -1843.6543 -966.04173
Trying E.MaheNorth F.Curieuse
E.MaheNorth:0.00927322 F.Curieuse:0.00602803
1->2 0.31036147 -1799.6943 -966.04173
2->1 0.15813337 -1741.5513 -966.04173
p1->2 0.3838982 -1903.4681 -966.04173
p2->1 0.18856341 -1887.7807 -966.04173
Trying E.MaheNorth G.MaheSouth
E.MaheNorth:0.0158675 G.MaheSouth:0.00795962
1->2 0.096321881 -1846.9643 -966.04173
2->1 0.11878295 -1847.9793 -966.04173
p2->1 4.0751289e-05 -2333.1201 -966.04173
Trying G.MaheSouth E.MaheNorth
G.MaheSouth:0.00816916 E.MaheNorth:0.00977924
Trying PML D.LaDigue
PML:0.440066 D.LaDigue:0.00178774
Migration added
Local updates around node 1: 0 ln(lk):-966.04173 
Local updates around node 2: 0 ln(lk):-966.04173 
Updates in migration position: 0 ln(lk):-966.04173 
Switches in migration direction: 0 ln(lk):-966.04173 
ln(likelihood):-949.63795 
Targeting migration to vicinity of:
E.MaheNorth G.MaheSouth
E.MaheNorth F.Curieuse
B.PraslinPlaineHollandaise A.PraslinPasquereRiver
D.LaDigue G.MaheSouth

B.PraslinPlaineHollandaise A.PraslinPasquereRiver
A.PraslinPasquereRiver F.Curieuse
A.PraslinPasquereRiver B.PraslinPlaineHollandaise
E.MaheNorth G.MaheSouth
F.Curieuse E.MaheNorth
F.Curieuse PML
D.LaDigue G.MaheSouth
E.MaheNorth F.Curieuse
D.LaDigue A.PraslinPasquereRiver
G.MaheSouth D.LaDigue
E.MaheNorth G.MaheSouth
D.LaDigue G.MaheSouth
G.MaheSouth E.MaheNorth
Trying A.PraslinPasquereRiver B.PraslinPlaineHollandaise
A.PraslinPasquereRiver:0 B.PraslinPlaineHollandaise:0.000770882
1->2 0.10127305 -895.25026 -949.63795
2->1 0.19529486 -803.68312 -895.25026
p1->2 0.10127305 -895.25026 -803.68312
((C.PraslinWest:0.000258908,B.PraslinPlaineHollandaise:0.00138625):0.0123602,A.PraslinPasquereRiver:0):0.00305967 B.PraslinPlaineHollandaise:0.00138625
p1->2 3.0968394e-07 -949.63845 -803.68312
Trying A.PraslinPasquereRiver F.Curieuse
A.PraslinPasquereRiver:0 F.Curieuse:0.00614479
1->2 0.098679066 -949.63795 -803.68312
2->1 0.42054057 -635.74026 -803.68312
p2->1 0.6040625 -868.04994 -635.74026
Trying B.PraslinPlaineHollandaise A.PraslinPasquereRiver
B.PraslinPlaineHollandaise:0.000769968 A.PraslinPasquereRiver:0.0105153
Trying D.LaDigue A.PraslinPasquereRiver
D.LaDigue:0.00336876 A.PraslinPasquereRiver:0.0105153
1->2 0.054776639 -861.1337 -635.74026
2->1 0.13198337 -760.03701 -635.74026
p1->2 0.024607098 -942.79259 -635.74026
p2->1 0.13198337 -760.03701 -635.74026
D.LaDigue:0.00518407 ((C.PraslinWest:0.0006674,B.PraslinPlaineHollandaise:0.000771404):0.0112549,A.PraslinPasquereRiver:0):0.00328413
1->2 0.30258778 -579.14095 -635.74026
p1->2 0.098679066 -949.63795 -579.14095
p2->1 0.6674034 -893.75224 -579.14095
Trying D.LaDigue G.MaheSouth
D.LaDigue:0.0574627 G.MaheSouth:0.00778035
1->2 3.0968394e-07 -949.63822 -579.14095
2->1 0.040135913 -868.18141 -579.14095
p1->2 1.2706864e-06 -949.63795 -579.14095
p2->1 0.028990248 -945.26036 -579.14095
Trying E.MaheNorth F.Curieuse
E.MaheNorth:0.00955471 F.Curieuse:0.00614879
1->2 0.26890457 -462.13766 -579.14095
2->1 0.13834849 -607.16876 -462.13766
p1->2 0.32363012 -568.99627 -462.13766
p2->1 0.17111692 -767.9326 -462.13766
Trying E.MaheNorth G.MaheSouth
E.MaheNorth:0.014798 G.MaheSouth:0.00776754
1->2 0.0842297 -525.39687 -462.13766
2->1 0.23204111 -525.39687 -462.13766
p2->1 4.0751289e-05 -949.6381 -462.13766
Trying F.Curieuse E.MaheNorth
F.Curieuse:0.00614479 E.MaheNorth:0.0095548
Trying F.Curieuse PML
F.Curieuse:0.00614479 PML:0.871656
1->2 0.19703777 -609.06739 -462.13766
2->1 0.00011259385 -942.8983 -462.13766
p1->2 0.32495034 -532.59919 -462.13766
Trying G.MaheSouth D.LaDigue
G.MaheSouth:0.00646232 D.LaDigue:0.00328044
Trying G.MaheSouth E.MaheNorth
G.MaheSouth:0.00646232 E.MaheNorth:0.00908723
Migration added
Local updates around node 1: 0 ln(lk):-462.13766 
Local updates around node 2: 1 ln(lk):-290.39642 
Updates in migration position: 0 ln(lk):-290.39642 
Switches in migration direction: 0 ln(lk):-290.39642 
Local updates around node 1: 0 ln(lk):-290.39642 
Local updates around node 2: 0 ln(lk):-290.39642 
Switches in migration direction: 0 ln(lk):-290.39642 
Updates in migration position: 0 ln(lk):-290.39642 
Trying all local rearrangements
Local rearrangements: 0 ln(lk):-290.39642 
Flipping migration edge
Flipping migration edge
ln(likelihood):-290.4 
Targeting migration to vicinity of:
E.MaheNorth G.MaheSouth
F.Curieuse D.LaDigue
B.PraslinPlaineHollandaise A.PraslinPasquereRiver
PML A.PraslinPasquereRiver

B.PraslinPlaineHollandaise A.PraslinPasquereRiver
A.PraslinPasquereRiver B.PraslinPlaineHollandaise
E.MaheNorth G.MaheSouth
G.MaheSouth E.MaheNorth
F.Curieuse D.LaDigue
A.PraslinPasquereRiver PML
PML A.PraslinPasquereRiver
D.LaDigue F.Curieuse
Trying A.PraslinPasquereRiver B.PraslinPlaineHollandaise
A.PraslinPasquereRiver:0 B.PraslinPlaineHollandaise:0.000769144
1->2 0.12870331 -223.31241 -290.4
2->1 0.22812514 -180.97453 -223.31241
p1->2 0.12451492 -227.95334 -180.97453
p2->1 0.20489459 -241.28161 -180.97453
Trying A.PraslinPasquereRiver PML
A.PraslinPasquereRiver:0.00240963 PML:0.877348
1->2 0.09389855 -57.84624 -180.97453
2->1 0.017819323 -284.47337 -57.84624
p1->2 0.12488773 -42.385412 -57.84624
p2->1 0.011261761 -290.80274 -42.385412
Trying B.PraslinPlaineHollandaise A.PraslinPasquereRiver
B.PraslinPlaineHollandaise:0.000769161 A.PraslinPasquereRiver:7.16855e-05
Trying D.LaDigue F.Curieuse
D.LaDigue:0.00463326 F.Curieuse:0.00683286
1->2 0.070868857 -173.8721 -42.385412
2->1 0.035264097 -207.75359 -42.385412
p1->2 0.13957453 -132.8991 -42.385412
p2->1 3.0968394e-07 -292.81359 -42.385412
(PML:0.877221,D.LaDigue:0.00461965):0.00109309 F.Curieuse:0.00686998
2->1 0.074174039 -165.95038 -42.385412
p2->1 0.24835607 -33.256413 -42.385412
Trying E.MaheNorth G.MaheSouth
E.MaheNorth:0.00893472 G.MaheSouth:0.00683596
1->2 0.12732387 65.468003 -33.256413
2->1 0.17948262 66.279808 65.468003
p1->2 0.3970964 -292.81355 66.279808
p2->1 4.0751289e-05 -292.81359 66.279808
Trying F.Curieuse D.LaDigue
F.Curieuse:0.00686998 D.LaDigue:0.00461964
F.Curieuse:0.00686998 (PML:0.877221,D.LaDigue:0.00461964):0.00109309
Trying G.MaheSouth E.MaheNorth
G.MaheSouth:0.00771298 E.MaheNorth:0.00934154
Trying PML A.PraslinPasquereRiver
PML:0.877221 A.PraslinPasquereRiver:0
Migration added
Local updates around node 1: 0 ln(lk):66.279808 
Local updates around node 2: 1 ln(lk):104.82568 
Updates in migration position: 0 ln(lk):104.82568 
Switches in migration direction: 0 ln(lk):104.82568 
Local updates around node 1: 0 ln(lk):104.82568 
Local updates around node 2: 0 ln(lk):104.82568 
Switches in migration direction: 0 ln(lk):104.82568 
Updates in migration position: 0 ln(lk):104.82568 
Trying all local rearrangements
Local rearrangements: 0 ln(lk):104.82568 
ln(likelihood):105.1419 
Targeting migration to vicinity of:
F.Curieuse D.LaDigue
B.PraslinPlaineHollandaise A.PraslinPasquereRiver
C.PraslinWest G.MaheSouth
C.PraslinWest PML

B.PraslinPlaineHollandaise A.PraslinPasquereRiver
C.PraslinWest G.MaheSouth
F.Curieuse D.LaDigue
Trying B.PraslinPlaineHollandaise A.PraslinPasquereRiver
B.PraslinPlaineHollandaise:0.000769345 A.PraslinPasquereRiver:0
1->2 0.087921076 153.59817 105.1419
2->1 0.13809703 184.9205 153.59817
p1->2 0.03718194 112.05214 184.9205
p2->1 0.15795977 181.91884 184.9205
Trying C.PraslinWest G.MaheSouth
C.PraslinWest:0 G.MaheSouth:0.00805217
1->2 0.019486226 111.35089 184.9205
2->1 0.020872409 165.01556 184.9205
p1->2 0.013131024 110.20122 184.9205
p2->1 0.055945817 196.53232 184.9205
Trying F.Curieuse D.LaDigue
F.Curieuse:0.0247943 D.LaDigue:0.00454886
1->2 3.0968394e-07 104.98442 196.53232
2->1 0.0039247256 106.45135 196.53232
p1->2 3.0968394e-07 104.98444 196.53232
p2->1 0.00023910322 105.14479 196.53232
Migration added
Local updates around node 1: 1 ln(lk):208.8104 
Local updates around node 2: 0 ln(lk):208.8104 
Updates in migration position: 1 ln(lk):210.24818 
Switches in migration direction: 5 ln(lk):212.49793 
Local updates around node 1: 0 ln(lk):212.49793 
Local updates around node 2: 1 ln(lk):213.94391 
Switches in migration direction: 0 ln(lk):213.94391 
Updates in migration position: 1 ln(lk):217.0819 
Local updates around node 1: 1 ln(lk):220.64279 
Local updates around node 2: 0 ln(lk):220.64279 
Switches in migration direction: 1 ln(lk):220.64279 
Updates in migration position: 2 ln(lk):220.96753 
Local updates around node 1: 0 ln(lk):220.96753 
Local updates around node 2: 0 ln(lk):220.96753 
Switches in migration direction: 0 ln(lk):220.96753 
Updates in migration position: 0 ln(lk):220.96753 
Trying all local rearrangements
Local rearrangements: 0 ln(lk):220.96753 
ln(likelihood):221.07516 
DONE.
