
TreeMix v. 1.13
$Revision: 231 $

npop:8 nsnp:17094256
WARNING: no counts at SNP 5431404 population 0
WARNING: no counts at SNP 5431404 population 2
WARNING: no counts at SNP 5431404 population 3
WARNING: no counts at SNP 5431404 population 4
WARNING: no counts at SNP 5431404 population 5
WARNING: no counts at SNP 5431405 population 0
WARNING: no counts at SNP 5431405 population 2
WARNING: no counts at SNP 5431405 population 3
WARNING: no counts at SNP 5431405 population 4
WARNING: no counts at SNP 5431405 population 5
WARNING: no counts at SNP 5431406 population 0
WARNING: no counts at SNP 5431406 population 2
WARNING: no counts at SNP 5431406 population 3
WARNING: no counts at SNP 5431406 population 5
WARNING: no counts at SNP 5431407 population 0
WARNING: no counts at SNP 5431407 population 2
WARNING: no counts at SNP 5431407 population 3
WARNING: no counts at SNP 5431407 population 5
WARNING: no counts at SNP 5431408 population 0
WARNING: no counts at SNP 5431408 population 2
WARNING: no counts at SNP 5431408 population 3
WARNING: no counts at SNP 5431408 population 4
WARNING: no counts at SNP 5431408 population 5
WARNING: no counts at SNP 5431409 population 0
WARNING: no counts at SNP 5431409 population 2
WARNING: no counts at SNP 5431409 population 3
WARNING: no counts at SNP 5431409 population 4
WARNING: no counts at SNP 5431409 population 5
WARNING: no counts at SNP 5431410 population 0
WARNING: no counts at SNP 5431410 population 2
WARNING: no counts at SNP 5431410 population 3
WARNING: no counts at SNP 5431410 population 5
WARNING: no counts at SNP 5431411 population 0
WARNING: no counts at SNP 5431411 population 2
WARNING: no counts at SNP 5431411 population 3
WARNING: no counts at SNP 5431411 population 4
WARNING: no counts at SNP 5431411 population 5
WARNING: no counts at SNP 5431412 population 2
WARNING: no counts at SNP 5431412 population 3
WARNING: no counts at SNP 5431412 population 5
WARNING: no counts at SNP 5431413 population 2
WARNING: no counts at SNP 5431413 population 3
WARNING: no counts at SNP 5431413 population 5
WARNING: no counts at SNP 5431414 population 2
WARNING: no counts at SNP 5431414 population 3
WARNING: no counts at SNP 5431414 population 5
WARNING: no counts at SNP 5431415 population 2
WARNING: no counts at SNP 5431415 population 3
WARNING: no counts at SNP 5431415 population 5
WARNING: no counts at SNP 5431416 population 2
WARNING: no counts at SNP 5431416 population 3
WARNING: no counts at SNP 5431416 population 5
WARNING: no counts at SNP 5431417 population 2
WARNING: no counts at SNP 5431417 population 3
WARNING: no counts at SNP 5431417 population 5
WARNING: no counts at SNP 5431418 population 2
WARNING: no counts at SNP 5431418 population 3
WARNING: no counts at SNP 5431418 population 5
WARNING: no counts at SNP 5431419 population 2
WARNING: no counts at SNP 5431419 population 3
WARNING: no counts at SNP 5431419 population 5
WARNING: no counts at SNP 5431420 population 2
WARNING: no counts at SNP 5431420 population 3
WARNING: no counts at SNP 5431420 population 5
WARNING: no counts at SNP 5431421 population 2
WARNING: no counts at SNP 5431421 population 3
WARNING: no counts at SNP 5431421 population 5
WARNING: no counts at SNP 5431422 population 0
WARNING: no counts at SNP 5431422 population 2
WARNING: no counts at SNP 5431422 population 3
WARNING: no counts at SNP 5431422 population 4
WARNING: no counts at SNP 5431422 population 5
WARNING: no counts at SNP 5431423 population 0
WARNING: no counts at SNP 5431423 population 2
WARNING: no counts at SNP 5431423 population 3
WARNING: no counts at SNP 5431423 population 5
WARNING: no counts at SNP 5431424 population 2
WARNING: no counts at SNP 5431424 population 3
WARNING: no counts at SNP 5431424 population 4
WARNING: no counts at SNP 5431424 population 5
WARNING: no counts at SNP 5431425 population 2
WARNING: no counts at SNP 5431425 population 3
WARNING: no counts at SNP 5431425 population 5
WARNING: no counts at SNP 5431426 population 2
WARNING: no counts at SNP 5431426 population 3
WARNING: no counts at SNP 5431426 population 5
WARNING: no counts at SNP 5431427 population 2
WARNING: no counts at SNP 5431427 population 3
WARNING: no counts at SNP 5431427 population 5
WARNING: no counts at SNP 5431428 population 2
WARNING: no counts at SNP 5431428 population 3
WARNING: no counts at SNP 5431428 population 5
WARNING: no counts at SNP 5431429 population 2
WARNING: no counts at SNP 5431429 population 3
WARNING: no counts at SNP 5431429 population 5
WARNING: no counts at SNP 5431430 population 2
WARNING: no counts at SNP 5431430 population 3
WARNING: no counts at SNP 5431430 population 5
WARNING: no counts at SNP 5431431 population 2
WARNING: no counts at SNP 5431431 population 3
WARNING: no counts at SNP 5431431 population 5
WARNING: no counts at SNP 5431432 population 2
WARNING: no counts at SNP 5431432 population 3
WARNING: no counts at SNP 5431432 population 5
WARNING: no counts at SNP 5431433 population 2
WARNING: no counts at SNP 5431433 population 3
WARNING: no counts at SNP 5431433 population 5
WARNING: no counts at SNP 5431434 population 2
WARNING: no counts at SNP 5431434 population 3
WARNING: no counts at SNP 5431434 population 5
WARNING: no counts at SNP 5431435 population 1
WARNING: no counts at SNP 5431435 population 2
WARNING: no counts at SNP 5431435 population 3
WARNING: no counts at SNP 5431435 population 5
WARNING: no counts at SNP 5431436 population 1
WARNING: no counts at SNP 5431436 population 2
WARNING: no counts at SNP 5431436 population 3
WARNING: no counts at SNP 5431436 population 5
WARNING: no counts at SNP 5431437 population 1
WARNING: no counts at SNP 5431437 population 2
WARNING: no counts at SNP 5431437 population 3
WARNING: no counts at SNP 5431437 population 5
WARNING: no counts at SNP 5431438 population 1
WARNING: no counts at SNP 5431438 population 2
WARNING: no counts at SNP 5431438 population 3
WARNING: no counts at SNP 5431438 population 5
WARNING: no counts at SNP 5431439 population 2
WARNING: no counts at SNP 5431439 population 3
WARNING: no counts at SNP 5431439 population 5
WARNING: no counts at SNP 5431440 population 2
WARNING: no counts at SNP 5431440 population 3
WARNING: no counts at SNP 5431440 population 5
WARNING: no counts at SNP 5431441 population 2
WARNING: no counts at SNP 5431441 population 3
WARNING: no counts at SNP 5431441 population 5
WARNING: no counts at SNP 5431442 population 2
WARNING: no counts at SNP 5431442 population 3
WARNING: no counts at SNP 5431442 population 5
WARNING: no counts at SNP 5431443 population 2
WARNING: no counts at SNP 5431443 population 3
WARNING: no counts at SNP 5431443 population 5
WARNING: no counts at SNP 5431444 population 2
WARNING: no counts at SNP 5431444 population 3
WARNING: no counts at SNP 5431444 population 5
WARNING: no counts at SNP 5431445 population 2
WARNING: no counts at SNP 5431445 population 3
WARNING: no counts at SNP 5431445 population 4
WARNING: no counts at SNP 5431445 population 5
WARNING: no counts at SNP 5431446 population 2
WARNING: no counts at SNP 5431446 population 3
WARNING: no counts at SNP 5431446 population 5
WARNING: no counts at SNP 5431447 population 2
WARNING: no counts at SNP 5431447 population 3
WARNING: no counts at SNP 5431447 population 5
WARNING: no counts at SNP 5431448 population 2
WARNING: no counts at SNP 5431448 population 3
WARNING: no counts at SNP 5431448 population 4
WARNING: no counts at SNP 5431448 population 5
WARNING: no counts at SNP 5431449 population 2
WARNING: no counts at SNP 5431449 population 3
WARNING: no counts at SNP 5431449 population 4
WARNING: no counts at SNP 5431449 population 5
WARNING: no counts at SNP 5431450 population 2
WARNING: no counts at SNP 5431450 population 3
WARNING: no counts at SNP 5431450 population 4
WARNING: no counts at SNP 5431450 population 5
WARNING: no counts at SNP 5431451 population 2
WARNING: no counts at SNP 5431451 population 3
WARNING: no counts at SNP 5431451 population 4
WARNING: no counts at SNP 5431451 population 5
WARNING: no counts at SNP 5431452 population 2
WARNING: no counts at SNP 5431452 population 3
WARNING: no counts at SNP 5431452 population 4
WARNING: no counts at SNP 5431452 population 5
WARNING: no counts at SNP 5431453 population 2
WARNING: no counts at SNP 5431453 population 3
WARNING: no counts at SNP 5431453 population 4
WARNING: no counts at SNP 5431453 population 5
WARNING: no counts at SNP 5431454 population 2
WARNING: no counts at SNP 5431454 population 3
WARNING: no counts at SNP 5431454 population 4
WARNING: no counts at SNP 5431454 population 5
WARNING: no counts at SNP 5431455 population 2
WARNING: no counts at SNP 5431455 population 3
WARNING: no counts at SNP 5431455 population 4
WARNING: no counts at SNP 5431455 population 5
WARNING: no counts at SNP 5431456 population 2
WARNING: no counts at SNP 5431456 population 3
WARNING: no counts at SNP 5431456 population 4
WARNING: no counts at SNP 5431456 population 5
WARNING: no counts at SNP 5431457 population 2
WARNING: no counts at SNP 5431457 population 3
WARNING: no counts at SNP 5431457 population 4
WARNING: no counts at SNP 5431457 population 5
WARNING: no counts at SNP 5431458 population 2
WARNING: no counts at SNP 5431458 population 3
WARNING: no counts at SNP 5431458 population 4
WARNING: no counts at SNP 5431458 population 5
WARNING: no counts at SNP 5431459 population 2
WARNING: no counts at SNP 5431459 population 3
WARNING: no counts at SNP 5431459 population 4
WARNING: no counts at SNP 5431459 population 5
WARNING: no counts at SNP 5431460 population 2
WARNING: no counts at SNP 5431460 population 3
WARNING: no counts at SNP 5431460 population 4
WARNING: no counts at SNP 5431460 population 5
WARNING: no counts at SNP 5431461 population 2
WARNING: no counts at SNP 5431461 population 3
WARNING: no counts at SNP 5431461 population 4
WARNING: no counts at SNP 5431461 population 5
WARNING: no counts at SNP 5431462 population 2
WARNING: no counts at SNP 5431462 population 3
WARNING: no counts at SNP 5431462 population 4
WARNING: no counts at SNP 5431462 population 5
WARNING: no counts at SNP 5431463 population 2
WARNING: no counts at SNP 5431463 population 3
WARNING: no counts at SNP 5431463 population 4
WARNING: no counts at SNP 5431463 population 5
WARNING: no counts at SNP 5431464 population 2
WARNING: no counts at SNP 5431464 population 3
WARNING: no counts at SNP 5431464 population 4
WARNING: no counts at SNP 5431464 population 5
WARNING: no counts at SNP 5431465 population 2
WARNING: no counts at SNP 5431465 population 3
WARNING: no counts at SNP 5431465 population 5
WARNING: no counts at SNP 5431466 population 2
WARNING: no counts at SNP 5431466 population 3
WARNING: no counts at SNP 5431466 population 5
WARNING: no counts at SNP 5431467 population 2
WARNING: no counts at SNP 5431467 population 3
WARNING: no counts at SNP 5431467 population 5
WARNING: no counts at SNP 5431468 population 2
WARNING: no counts at SNP 5431468 population 3
WARNING: no counts at SNP 5431468 population 5
WARNING: no counts at SNP 5431469 population 2
WARNING: no counts at SNP 5431469 population 3
WARNING: no counts at SNP 5431469 population 5
WARNING: no counts at SNP 5431470 population 2
WARNING: no counts at SNP 5431470 population 3
WARNING: no counts at SNP 5431470 population 5
WARNING: no counts at SNP 5431471 population 2
WARNING: no counts at SNP 5431471 population 3
WARNING: no counts at SNP 5431471 population 5
WARNING: no counts at SNP 5431472 population 2
WARNING: no counts at SNP 5431472 population 3
WARNING: no counts at SNP 5431472 population 5
WARNING: no counts at SNP 5431473 population 2
WARNING: no counts at SNP 5431473 population 3
WARNING: no counts at SNP 5431473 population 5
WARNING: no counts at SNP 5431474 population 2
WARNING: no counts at SNP 5431474 population 3
WARNING: no counts at SNP 5431474 population 5
WARNING: no counts at SNP 5431475 population 2
WARNING: no counts at SNP 5431475 population 3
WARNING: no counts at SNP 5431475 population 5
WARNING: no counts at SNP 5431476 population 2
WARNING: no counts at SNP 5431476 population 3
WARNING: no counts at SNP 5431476 population 5
WARNING: no counts at SNP 5431477 population 0
WARNING: no counts at SNP 5431477 population 1
WARNING: no counts at SNP 5431477 population 2
WARNING: no counts at SNP 5431477 population 3
WARNING: no counts at SNP 5431477 population 5
WARNING: no counts at SNP 5431478 population 0
WARNING: no counts at SNP 5431478 population 2
WARNING: no counts at SNP 5431478 population 3
WARNING: no counts at SNP 5431478 population 4
WARNING: no counts at SNP 5431478 population 5
WARNING: no counts at SNP 5431479 population 0
WARNING: no counts at SNP 5431479 population 2
WARNING: no counts at SNP 5431479 population 3
WARNING: no counts at SNP 5431479 population 5
WARNING: no counts at SNP 5431480 population 0
WARNING: no counts at SNP 5431480 population 2
WARNING: no counts at SNP 5431480 population 3
WARNING: no counts at SNP 5431480 population 4
WARNING: no counts at SNP 5431480 population 5
WARNING: no counts at SNP 5431481 population 0
WARNING: no counts at SNP 5431481 population 2
WARNING: no counts at SNP 5431481 population 3
WARNING: no counts at SNP 5431481 population 4
WARNING: no counts at SNP 5431481 population 5
WARNING: no counts at SNP 5431482 population 2
WARNING: no counts at SNP 5431482 population 3
WARNING: no counts at SNP 5431482 population 4
WARNING: no counts at SNP 5431482 population 5
WARNING: no counts at SNP 5431483 population 2
WARNING: no counts at SNP 5431483 population 3
WARNING: no counts at SNP 5431483 population 4
WARNING: no counts at SNP 5431483 population 5
WARNING: no counts at SNP 5431484 population 2
WARNING: no counts at SNP 5431484 population 3
WARNING: no counts at SNP 5431484 population 4
WARNING: no counts at SNP 5431484 population 5
WARNING: no counts at SNP 5431485 population 2
WARNING: no counts at SNP 5431485 population 3
WARNING: no counts at SNP 5431485 population 4
WARNING: no counts at SNP 5431485 population 5
WARNING: no counts at SNP 5431486 population 0
WARNING: no counts at SNP 5431486 population 2
WARNING: no counts at SNP 5431486 population 3
WARNING: no counts at SNP 5431486 population 4
WARNING: no counts at SNP 5431486 population 5
WARNING: no counts at SNP 5431487 population 0
WARNING: no counts at SNP 5431487 population 2
WARNING: no counts at SNP 5431487 population 3
WARNING: no counts at SNP 5431487 population 4
WARNING: no counts at SNP 5431487 population 5
WARNING: no counts at SNP 5431488 population 0
WARNING: no counts at SNP 5431488 population 2
WARNING: no counts at SNP 5431488 population 3
WARNING: no counts at SNP 5431488 population 4
WARNING: no counts at SNP 5431488 population 5
WARNING: no counts at SNP 5431489 population 0
WARNING: no counts at SNP 5431489 population 2
WARNING: no counts at SNP 5431489 population 3
WARNING: no counts at SNP 5431489 population 4
WARNING: no counts at SNP 5431489 population 5
WARNING: no counts at SNP 5431490 population 0
WARNING: no counts at SNP 5431490 population 2
WARNING: no counts at SNP 5431490 population 3
WARNING: no counts at SNP 5431490 population 4
WARNING: no counts at SNP 5431490 population 5
WARNING: no counts at SNP 5431491 population 0
WARNING: no counts at SNP 5431491 population 2
WARNING: no counts at SNP 5431491 population 3
WARNING: no counts at SNP 5431491 population 4
WARNING: no counts at SNP 5431491 population 5
WARNING: no counts at SNP 5431492 population 0
WARNING: no counts at SNP 5431492 population 2
WARNING: no counts at SNP 5431492 population 3
WARNING: no counts at SNP 5431492 population 4
WARNING: no counts at SNP 5431492 population 5
WARNING: no counts at SNP 5431493 population 0
WARNING: no counts at SNP 5431493 population 2
WARNING: no counts at SNP 5431493 population 3
WARNING: no counts at SNP 5431493 population 4
WARNING: no counts at SNP 5431493 population 5
WARNING: no counts at SNP 5431494 population 0
WARNING: no counts at SNP 5431494 population 2
WARNING: no counts at SNP 5431494 population 3
WARNING: no counts at SNP 5431494 population 4
WARNING: no counts at SNP 5431494 population 5
WARNING: no counts at SNP 5431495 population 0
WARNING: no counts at SNP 5431495 population 2
WARNING: no counts at SNP 5431495 population 3
WARNING: no counts at SNP 5431495 population 4
WARNING: no counts at SNP 5431495 population 5
WARNING: no counts at SNP 5431496 population 0
WARNING: no counts at SNP 5431496 population 2
WARNING: no counts at SNP 5431496 population 3
WARNING: no counts at SNP 5431496 population 4
WARNING: no counts at SNP 5431496 population 5
WARNING: no counts at SNP 5431497 population 0
WARNING: no counts at SNP 5431497 population 2
WARNING: no counts at SNP 5431497 population 3
WARNING: no counts at SNP 5431497 population 4
WARNING: no counts at SNP 5431497 population 5
WARNING: no counts at SNP 5431498 population 0
WARNING: no counts at SNP 5431498 population 2
WARNING: no counts at SNP 5431498 population 3
WARNING: no counts at SNP 5431498 population 4
WARNING: no counts at SNP 5431498 population 5
WARNING: no counts at SNP 5431499 population 0
WARNING: no counts at SNP 5431499 population 2
WARNING: no counts at SNP 5431499 population 3
WARNING: no counts at SNP 5431499 population 4
WARNING: no counts at SNP 5431499 population 5
WARNING: no counts at SNP 5431500 population 0
WARNING: no counts at SNP 5431500 population 2
WARNING: no counts at SNP 5431500 population 3
WARNING: no counts at SNP 5431500 population 4
WARNING: no counts at SNP 5431500 population 5
WARNING: no counts at SNP 5431501 population 0
WARNING: no counts at SNP 5431501 population 2
WARNING: no counts at SNP 5431501 population 3
WARNING: no counts at SNP 5431501 population 4
WARNING: no counts at SNP 5431501 population 5
WARNING: no counts at SNP 5431502 population 0
WARNING: no counts at SNP 5431502 population 2
WARNING: no counts at SNP 5431502 population 3
WARNING: no counts at SNP 5431502 population 4
WARNING: no counts at SNP 5431502 population 5
WARNING: no counts at SNP 5431503 population 0
WARNING: no counts at SNP 5431503 population 2
WARNING: no counts at SNP 5431503 population 3
WARNING: no counts at SNP 5431503 population 4
WARNING: no counts at SNP 5431503 population 5
WARNING: no counts at SNP 5431504 population 0
WARNING: no counts at SNP 5431504 population 2
WARNING: no counts at SNP 5431504 population 3
WARNING: no counts at SNP 5431504 population 4
WARNING: no counts at SNP 5431504 population 5
WARNING: no counts at SNP 5431505 population 0
WARNING: no counts at SNP 5431505 population 2
WARNING: no counts at SNP 5431505 population 3
WARNING: no counts at SNP 5431505 population 4
WARNING: no counts at SNP 5431505 population 5
WARNING: no counts at SNP 5431506 population 0
WARNING: no counts at SNP 5431506 population 2
WARNING: no counts at SNP 5431506 population 3
WARNING: no counts at SNP 5431506 population 4
WARNING: no counts at SNP 5431506 population 5
WARNING: no counts at SNP 5431507 population 2
WARNING: no counts at SNP 5431507 population 3
WARNING: no counts at SNP 5431507 population 4
WARNING: no counts at SNP 5431507 population 5
WARNING: no counts at SNP 5431508 population 2
WARNING: no counts at SNP 5431508 population 3
WARNING: no counts at SNP 5431508 population 4
WARNING: no counts at SNP 5431508 population 5
WARNING: no counts at SNP 5431509 population 2
WARNING: no counts at SNP 5431509 population 3
WARNING: no counts at SNP 5431509 population 4
WARNING: no counts at SNP 5431509 population 5
WARNING: no counts at SNP 5431510 population 2
WARNING: no counts at SNP 5431510 population 3
WARNING: no counts at SNP 5431510 population 4
WARNING: no counts at SNP 5431510 population 5
WARNING: no counts at SNP 5431511 population 2
WARNING: no counts at SNP 5431511 population 3
WARNING: no counts at SNP 5431511 population 4
WARNING: no counts at SNP 5431511 population 5
WARNING: no counts at SNP 5431512 population 2
WARNING: no counts at SNP 5431512 population 3
WARNING: no counts at SNP 5431512 population 4
WARNING: no counts at SNP 5431512 population 5
WARNING: no counts at SNP 5431513 population 2
WARNING: no counts at SNP 5431513 population 3
WARNING: no counts at SNP 5431513 population 4
WARNING: no counts at SNP 5431513 population 5
WARNING: no counts at SNP 5431514 population 2
WARNING: no counts at SNP 5431514 population 3
WARNING: no counts at SNP 5431514 population 4
WARNING: no counts at SNP 5431514 population 5
WARNING: no counts at SNP 5431515 population 2
WARNING: no counts at SNP 5431515 population 3
WARNING: no counts at SNP 5431515 population 4
WARNING: no counts at SNP 5431515 population 5
WARNING: no counts at SNP 5431516 population 0
WARNING: no counts at SNP 5431516 population 2
WARNING: no counts at SNP 5431516 population 3
WARNING: no counts at SNP 5431516 population 4
WARNING: no counts at SNP 5431516 population 5
WARNING: no counts at SNP 5431517 population 0
WARNING: no counts at SNP 5431517 population 2
WARNING: no counts at SNP 5431517 population 3
WARNING: no counts at SNP 5431517 population 5
WARNING: no counts at SNP 5431518 population 0
WARNING: no counts at SNP 5431518 population 2
WARNING: no counts at SNP 5431518 population 3
WARNING: no counts at SNP 5431518 population 5
WARNING: no counts at SNP 5431519 population 0
WARNING: no counts at SNP 5431519 population 2
WARNING: no counts at SNP 5431519 population 3
WARNING: no counts at SNP 5431519 population 4
WARNING: no counts at SNP 5431519 population 5
WARNING: no counts at SNP 5431520 population 0
WARNING: no counts at SNP 5431520 population 1
WARNING: no counts at SNP 5431520 population 2
WARNING: no counts at SNP 5431520 population 3
WARNING: no counts at SNP 5431520 population 4
WARNING: no counts at SNP 5431520 population 5
WARNING: no counts at SNP 5431521 population 0
WARNING: no counts at SNP 5431521 population 2
WARNING: no counts at SNP 5431521 population 3
WARNING: no counts at SNP 5431521 population 4
WARNING: no counts at SNP 5431521 population 5
WARNING: no counts at SNP 5431522 population 0
WARNING: no counts at SNP 5431522 population 2
WARNING: no counts at SNP 5431522 population 3
WARNING: no counts at SNP 5431522 population 4
WARNING: no counts at SNP 5431522 population 5
WARNING: no counts at SNP 5431523 population 0
WARNING: no counts at SNP 5431523 population 2
WARNING: no counts at SNP 5431523 population 3
WARNING: no counts at SNP 5431523 population 5
WARNING: no counts at SNP 5431524 population 0
WARNING: no counts at SNP 5431524 population 2
WARNING: no counts at SNP 5431524 population 3
WARNING: no counts at SNP 5431524 population 5
WARNING: no counts at SNP 5431525 population 0
WARNING: no counts at SNP 5431525 population 2
WARNING: no counts at SNP 5431525 population 3
WARNING: no counts at SNP 5431525 population 5
WARNING: no counts at SNP 5431526 population 0
WARNING: no counts at SNP 5431526 population 1
WARNING: no counts at SNP 5431526 population 2
WARNING: no counts at SNP 5431526 population 3
WARNING: no counts at SNP 5431526 population 4
WARNING: no counts at SNP 5431526 population 5
WARNING: no counts at SNP 5431527 population 0
WARNING: no counts at SNP 5431527 population 2
WARNING: no counts at SNP 5431527 population 3
WARNING: no counts at SNP 5431527 population 4
WARNING: no counts at SNP 5431527 population 5
WARNING: no counts at SNP 5431528 population 0
WARNING: no counts at SNP 5431528 population 1
WARNING: no counts at SNP 5431528 population 2
WARNING: no counts at SNP 5431528 population 3
WARNING: no counts at SNP 5431528 population 4
WARNING: no counts at SNP 5431528 population 5
WARNING: no counts at SNP 5431529 population 0
WARNING: no counts at SNP 5431529 population 1
WARNING: no counts at SNP 5431529 population 2
WARNING: no counts at SNP 5431529 population 3
WARNING: no counts at SNP 5431529 population 4
WARNING: no counts at SNP 5431529 population 5
WARNING: no counts at SNP 5431530 population 0
WARNING: no counts at SNP 5431530 population 2
WARNING: no counts at SNP 5431530 population 3
WARNING: no counts at SNP 5431530 population 4
WARNING: no counts at SNP 5431530 population 5
WARNING: no counts at SNP 5431531 population 0
WARNING: no counts at SNP 5431531 population 2
WARNING: no counts at SNP 5431531 population 3
WARNING: no counts at SNP 5431531 population 4
WARNING: no counts at SNP 5431531 population 5
WARNING: no counts at SNP 5431532 population 2
WARNING: no counts at SNP 5431532 population 3
WARNING: no counts at SNP 5431532 population 4
WARNING: no counts at SNP 5431532 population 5
WARNING: no counts at SNP 5431533 population 2
WARNING: no counts at SNP 5431533 population 3
WARNING: no counts at SNP 5431533 population 4
WARNING: no counts at SNP 5431533 population 5
WARNING: no counts at SNP 5431534 population 2
WARNING: no counts at SNP 5431534 population 3
WARNING: no counts at SNP 5431534 population 4
WARNING: no counts at SNP 5431534 population 5
WARNING: no counts at SNP 5431535 population 2
WARNING: no counts at SNP 5431535 population 3
WARNING: no counts at SNP 5431535 population 4
WARNING: no counts at SNP 5431535 population 5
WARNING: no counts at SNP 5431536 population 2
WARNING: no counts at SNP 5431536 population 3
WARNING: no counts at SNP 5431536 population 4
WARNING: no counts at SNP 5431536 population 5
WARNING: no counts at SNP 5431537 population 2
WARNING: no counts at SNP 5431537 population 3
WARNING: no counts at SNP 5431537 population 4
WARNING: no counts at SNP 5431537 population 5
WARNING: no counts at SNP 5431538 population 2
WARNING: no counts at SNP 5431538 population 3
WARNING: no counts at SNP 5431538 population 4
WARNING: no counts at SNP 5431538 population 5
WARNING: no counts at SNP 5431539 population 2
WARNING: no counts at SNP 5431539 population 3
WARNING: no counts at SNP 5431539 population 4
WARNING: no counts at SNP 5431539 population 5
WARNING: no counts at SNP 5431540 population 0
WARNING: no counts at SNP 5431540 population 2
WARNING: no counts at SNP 5431540 population 3
WARNING: no counts at SNP 5431540 population 4
WARNING: no counts at SNP 5431540 population 5
WARNING: no counts at SNP 5431541 population 0
WARNING: no counts at SNP 5431541 population 2
WARNING: no counts at SNP 5431541 population 3
WARNING: no counts at SNP 5431541 population 5
WARNING: no counts at SNP 5431542 population 2
WARNING: no counts at SNP 5431542 population 3
WARNING: no counts at SNP 5431542 population 4
WARNING: no counts at SNP 5431542 population 5
WARNING: no counts at SNP 5431543 population 2
WARNING: no counts at SNP 5431543 population 3
WARNING: no counts at SNP 5431543 population 4
WARNING: no counts at SNP 5431543 population 5
WARNING: no counts at SNP 5431544 population 2
WARNING: no counts at SNP 5431544 population 3
WARNING: no counts at SNP 5431544 population 5
WARNING: no counts at SNP 5431545 population 2
WARNING: no counts at SNP 5431545 population 3
WARNING: no counts at SNP 5431545 population 5
WARNING: no counts at SNP 5431546 population 2
WARNING: no counts at SNP 5431546 population 3
WARNING: no counts at SNP 5431546 population 5
WARNING: no counts at SNP 5431547 population 2
WARNING: no counts at SNP 5431547 population 3
WARNING: no counts at SNP 5431547 population 5
WARNING: no counts at SNP 5431548 population 2
WARNING: no counts at SNP 5431548 population 3
WARNING: no counts at SNP 5431548 population 5
WARNING: no counts at SNP 5431549 population 2
WARNING: no counts at SNP 5431549 population 3
WARNING: no counts at SNP 5431549 population 5
WARNING: no counts at SNP 5431550 population 2
WARNING: no counts at SNP 5431550 population 3
WARNING: no counts at SNP 5431550 population 5
WARNING: no counts at SNP 5431551 population 2
WARNING: no counts at SNP 5431551 population 3
WARNING: no counts at SNP 5431551 population 5
WARNING: no counts at SNP 5431552 population 2
WARNING: no counts at SNP 5431552 population 3
WARNING: no counts at SNP 5431552 population 5
WARNING: no counts at SNP 5431553 population 2
WARNING: no counts at SNP 5431553 population 3
WARNING: no counts at SNP 5431553 population 5
WARNING: no counts at SNP 5431554 population 2
WARNING: no counts at SNP 5431554 population 3
WARNING: no counts at SNP 5431554 population 5
WARNING: no counts at SNP 5431555 population 2
WARNING: no counts at SNP 5431555 population 3
WARNING: no counts at SNP 5431555 population 5
WARNING: no counts at SNP 5431556 population 2
WARNING: no counts at SNP 5431556 population 3
WARNING: no counts at SNP 5431556 population 5
WARNING: no counts at SNP 5431557 population 2
WARNING: no counts at SNP 5431557 population 3
WARNING: no counts at SNP 5431557 population 5
WARNING: no counts at SNP 5431558 population 2
WARNING: no counts at SNP 5431558 population 3
WARNING: no counts at SNP 5431558 population 5
WARNING: no counts at SNP 5431559 population 2
WARNING: no counts at SNP 5431559 population 3
WARNING: no counts at SNP 5431559 population 5
WARNING: no counts at SNP 5431560 population 2
WARNING: no counts at SNP 5431560 population 3
WARNING: no counts at SNP 5431560 population 5
WARNING: no counts at SNP 5431561 population 2
WARNING: no counts at SNP 5431561 population 3
WARNING: no counts at SNP 5431561 population 5
WARNING: no counts at SNP 5431562 population 2
WARNING: no counts at SNP 5431562 population 3
WARNING: no counts at SNP 5431562 population 5
WARNING: no counts at SNP 5431563 population 2
WARNING: no counts at SNP 5431563 population 3
WARNING: no counts at SNP 5431563 population 4
WARNING: no counts at SNP 5431563 population 5
WARNING: no counts at SNP 5431564 population 2
WARNING: no counts at SNP 5431564 population 3
WARNING: no counts at SNP 5431564 population 4
WARNING: no counts at SNP 5431564 population 5
WARNING: no counts at SNP 5431565 population 2
WARNING: no counts at SNP 5431565 population 3
WARNING: no counts at SNP 5431565 population 4
WARNING: no counts at SNP 5431565 population 5
WARNING: no counts at SNP 5431566 population 2
WARNING: no counts at SNP 5431566 population 3
WARNING: no counts at SNP 5431566 population 5
WARNING: no counts at SNP 5431567 population 2
WARNING: no counts at SNP 5431567 population 3
WARNING: no counts at SNP 5431567 population 5
WARNING: no counts at SNP 5431568 population 2
WARNING: no counts at SNP 5431568 population 3
WARNING: no counts at SNP 5431568 population 5
WARNING: no counts at SNP 5431569 population 0
WARNING: no counts at SNP 5431569 population 2
WARNING: no counts at SNP 5431569 population 3
WARNING: no counts at SNP 5431569 population 4
WARNING: no counts at SNP 5431569 population 5
WARNING: no counts at SNP 5431570 population 0
WARNING: no counts at SNP 5431570 population 2
WARNING: no counts at SNP 5431570 population 3
WARNING: no counts at SNP 5431570 population 5
WARNING: no counts at SNP 5431571 population 0
WARNING: no counts at SNP 5431571 population 2
WARNING: no counts at SNP 5431571 population 3
WARNING: no counts at SNP 5431571 population 4
WARNING: no counts at SNP 5431571 population 5
WARNING: no counts at SNP 5431572 population 2
WARNING: no counts at SNP 5431572 population 3
WARNING: no counts at SNP 5431572 population 4
WARNING: no counts at SNP 5431572 population 5
WARNING: no counts at SNP 5431573 population 2
WARNING: no counts at SNP 5431573 population 3
WARNING: no counts at SNP 5431573 population 4
WARNING: no counts at SNP 5431573 population 5
WARNING: no counts at SNP 5431574 population 0
WARNING: no counts at SNP 5431574 population 2
WARNING: no counts at SNP 5431574 population 3
WARNING: no counts at SNP 5431574 population 4
WARNING: no counts at SNP 5431574 population 5
WARNING: no counts at SNP 5431575 population 0
WARNING: no counts at SNP 5431575 population 2
WARNING: no counts at SNP 5431575 population 3
WARNING: no counts at SNP 5431575 population 4
WARNING: no counts at SNP 5431575 population 5
WARNING: no counts at SNP 5431576 population 0
WARNING: no counts at SNP 5431576 population 2
WARNING: no counts at SNP 5431576 population 3
WARNING: no counts at SNP 5431576 population 4
WARNING: no counts at SNP 5431576 population 5
WARNING: no counts at SNP 5431577 population 0
WARNING: no counts at SNP 5431577 population 2
WARNING: no counts at SNP 5431577 population 3
WARNING: no counts at SNP 5431577 population 5
WARNING: no counts at SNP 5431578 population 0
WARNING: no counts at SNP 5431578 population 2
WARNING: no counts at SNP 5431578 population 3
WARNING: no counts at SNP 5431578 population 5
WARNING: no counts at SNP 5431579 population 0
WARNING: no counts at SNP 5431579 population 2
WARNING: no counts at SNP 5431579 population 3
WARNING: no counts at SNP 5431579 population 4
WARNING: no counts at SNP 5431579 population 5
WARNING: no counts at SNP 5431580 population 0
WARNING: no counts at SNP 5431580 population 2
WARNING: no counts at SNP 5431580 population 3
WARNING: no counts at SNP 5431580 population 5
WARNING: no counts at SNP 5431581 population 0
WARNING: no counts at SNP 5431581 population 2
WARNING: no counts at SNP 5431581 population 3
WARNING: no counts at SNP 5431581 population 5
WARNING: no counts at SNP 5431582 population 0
WARNING: no counts at SNP 5431582 population 2
WARNING: no counts at SNP 5431582 population 3
WARNING: no counts at SNP 5431582 population 5
WARNING: no counts at SNP 5431583 population 0
WARNING: no counts at SNP 5431583 population 2
WARNING: no counts at SNP 5431583 population 3
WARNING: no counts at SNP 5431583 population 5
WARNING: no counts at SNP 5431584 population 0
WARNING: no counts at SNP 5431584 population 2
WARNING: no counts at SNP 5431584 population 3
WARNING: no counts at SNP 5431584 population 5
WARNING: no counts at SNP 5431585 population 0
WARNING: no counts at SNP 5431585 population 2
WARNING: no counts at SNP 5431585 population 3
WARNING: no counts at SNP 5431585 population 5
WARNING: no counts at SNP 5431586 population 0
WARNING: no counts at SNP 5431586 population 2
WARNING: no counts at SNP 5431586 population 3
WARNING: no counts at SNP 5431586 population 5
WARNING: no counts at SNP 5431587 population 0
WARNING: no counts at SNP 5431587 population 2
WARNING: no counts at SNP 5431587 population 3
WARNING: no counts at SNP 5431587 population 5
WARNING: no counts at SNP 5431588 population 0
WARNING: no counts at SNP 5431588 population 2
WARNING: no counts at SNP 5431588 population 3
WARNING: no counts at SNP 5431588 population 5
WARNING: no counts at SNP 5431589 population 0
WARNING: no counts at SNP 5431589 population 2
WARNING: no counts at SNP 5431589 population 3
WARNING: no counts at SNP 5431589 population 5
WARNING: no counts at SNP 5431590 population 0
WARNING: no counts at SNP 5431590 population 2
WARNING: no counts at SNP 5431590 population 3
WARNING: no counts at SNP 5431590 population 5
WARNING: no counts at SNP 5431591 population 0
WARNING: no counts at SNP 5431591 population 2
WARNING: no counts at SNP 5431591 population 3
WARNING: no counts at SNP 5431591 population 5
WARNING: no counts at SNP 5431592 population 0
WARNING: no counts at SNP 5431592 population 2
WARNING: no counts at SNP 5431592 population 3
WARNING: no counts at SNP 5431592 population 5
WARNING: no counts at SNP 5431593 population 0
WARNING: no counts at SNP 5431593 population 2
WARNING: no counts at SNP 5431593 population 3
WARNING: no counts at SNP 5431593 population 5
WARNING: no counts at SNP 5431594 population 0
WARNING: no counts at SNP 5431594 population 2
WARNING: no counts at SNP 5431594 population 3
WARNING: no counts at SNP 5431594 population 5
WARNING: no counts at SNP 5431595 population 0
WARNING: no counts at SNP 5431595 population 2
WARNING: no counts at SNP 5431595 population 3
WARNING: no counts at SNP 5431595 population 5
WARNING: no counts at SNP 5431596 population 0
WARNING: no counts at SNP 5431596 population 2
WARNING: no counts at SNP 5431596 population 3
WARNING: no counts at SNP 5431596 population 5
WARNING: no counts at SNP 5431597 population 0
WARNING: no counts at SNP 5431597 population 2
WARNING: no counts at SNP 5431597 population 3
WARNING: no counts at SNP 5431597 population 5
WARNING: no counts at SNP 5431598 population 0
WARNING: no counts at SNP 5431598 population 2
WARNING: no counts at SNP 5431598 population 3
WARNING: no counts at SNP 5431598 population 5
WARNING: no counts at SNP 5431599 population 0
WARNING: no counts at SNP 5431599 population 2
WARNING: no counts at SNP 5431599 population 3
WARNING: no counts at SNP 5431599 population 5
WARNING: no counts at SNP 5431600 population 0
WARNING: no counts at SNP 5431600 population 2
WARNING: no counts at SNP 5431600 population 3
WARNING: no counts at SNP 5431600 population 5
WARNING: no counts at SNP 5431601 population 0
WARNING: no counts at SNP 5431601 population 2
WARNING: no counts at SNP 5431601 population 3
WARNING: no counts at SNP 5431601 population 5
WARNING: no counts at SNP 5431602 population 0
WARNING: no counts at SNP 5431602 population 2
WARNING: no counts at SNP 5431602 population 3
WARNING: no counts at SNP 5431602 population 5
WARNING: no counts at SNP 5431603 population 0
WARNING: no counts at SNP 5431603 population 2
WARNING: no counts at SNP 5431603 population 3
WARNING: no counts at SNP 5431603 population 5
WARNING: no counts at SNP 5431604 population 0
WARNING: no counts at SNP 5431604 population 2
WARNING: no counts at SNP 5431604 population 3
WARNING: no counts at SNP 5431604 population 5
WARNING: no counts at SNP 5431605 population 0
WARNING: no counts at SNP 5431605 population 2
WARNING: no counts at SNP 5431605 population 3
WARNING: no counts at SNP 5431605 population 5
WARNING: no counts at SNP 5431606 population 0
WARNING: no counts at SNP 5431606 population 2
WARNING: no counts at SNP 5431606 population 3
WARNING: no counts at SNP 5431606 population 5
WARNING: no counts at SNP 5431607 population 0
WARNING: no counts at SNP 5431607 population 1
WARNING: no counts at SNP 5431607 population 2
WARNING: no counts at SNP 5431607 population 3
WARNING: no counts at SNP 5431607 population 5
WARNING: no counts at SNP 5431608 population 0
WARNING: no counts at SNP 5431608 population 2
WARNING: no counts at SNP 5431608 population 3
WARNING: no counts at SNP 5431608 population 4
WARNING: no counts at SNP 5431608 population 5
WARNING: no counts at SNP 5431609 population 0
WARNING: no counts at SNP 5431609 population 2
WARNING: no counts at SNP 5431609 population 3
WARNING: no counts at SNP 5431609 population 4
WARNING: no counts at SNP 5431609 population 5
Estimating covariance matrix in 85471 blocks of size 200
SEED: 1585230444
Starting from:
(E.MaheNorth:0.0190567,(F.Curieuse:0.0088817,C.PraslinWest:0.00571634):0.0190567);
Adding B.PraslinPlaineHollandaise [4/8]
ln(likelihood): -5277306.1 
(E.MaheNorth:0.0182099,(F.Curieuse:0.0114264,(C.PraslinWest:0.00428775,B.PraslinPlaineHollandaise:0.00441771):0.00587789):0.0182099);
Adding PML [5/8]
ln(likelihood): -2357.2568 
((F.Curieuse:0.00722816,(C.PraslinWest:0.000532293,B.PraslinPlaineHollandaise:0.000681304):0.00515197):0.00135261,(E.MaheNorth:0.0103636,PML:0.881234):0.00135261);
Adding A.PraslinPasquereRiver [6/8]
ln(likelihood): -9777.1238 
((F.Curieuse:0.00687886,((C.PraslinWest:0.000719573,B.PraslinPlaineHollandaise:0.000801274):0.00343259,A.PraslinPasquereRiver:0.00178522):0.00198585):0.00168864,(E.MaheNorth:0.0096904,PML:0.880663):0.00168864);
Adding D.LaDigue [7/8]
ln(likelihood): -18803.175 
((E.MaheNorth:0.0101216,PML:0.880697):0.000737347,((F.Curieuse:0.00698285,((C.PraslinWest:0.000798576,B.PraslinPlaineHollandaise:0.00088018):0.00320742,A.PraslinPasquereRiver:0.00192851):0.00155839):0.00200423,D.LaDigue:0.00119823):0.000737347);
Adding G.MaheSouth [8/8]
ln(likelihood): -16114.827 
(((E.MaheNorth:0.00933947,G.MaheSouth:0.0079892):0.00070598,((F.Curieuse:0.00682727,((C.PraslinWest:0.000665079,B.PraslinPlaineHollandaise:0.000768967):0.00317639,A.PraslinPasquereRiver:0.00181502):0.00162901):0.00174811,D.LaDigue:0.00116022):0.0019485):0.44021,PML:0.44021);
Testing global rearrangements
E.MaheNorth:0.00933947 F.Curieuse:0.00682727
-52833.899 -16114.827
E.MaheNorth:0.00933947 (F.Curieuse:0.00682727,((C.PraslinWest:0.000665079,B.PraslinPlaineHollandaise:0.000768967):0.00317639,A.PraslinPasquereRiver:0.00181502):0.00162901):0.00174811
-31320.157 -16114.827
E.MaheNorth:0.00933947 C.PraslinWest:0.000665079
-147418.51 -16114.827
E.MaheNorth:0.00933947 (C.PraslinWest:0.000665079,B.PraslinPlaineHollandaise:0.000768967):0.00317639
-88983.3 -16114.827
E.MaheNorth:0.00933947 B.PraslinPlaineHollandaise:0.000768967
-147418.51 -16114.827
E.MaheNorth:0.00933947 ((C.PraslinWest:0.000665079,B.PraslinPlaineHollandaise:0.000768967):0.00317639,A.PraslinPasquereRiver:0.00181502):0.00162901
-51859.373 -16114.827
E.MaheNorth:0.00933947 A.PraslinPasquereRiver:0.00181502
-88983.3 -16114.827
(E.MaheNorth:0.00933947,G.MaheSouth:0.0079892):0.00070598 PML:0.44021
-16114.827 -16114.827
G.MaheSouth:0.0079892 F.Curieuse:0.00682727
-62538.75 -16114.827
G.MaheSouth:0.0079892 C.PraslinWest:0.000665079
-168211.41 -16114.827
G.MaheSouth:0.0079892 PML:0.44021
-16313.32 -16114.827
F.Curieuse:0.00682727 E.MaheNorth:0.00933947
-56904.975 -16114.827
F.Curieuse:0.00682727 (E.MaheNorth:0.00933947,G.MaheSouth:0.0079892):0.00070598
-42754.996 -16114.827
F.Curieuse:0.00682727 G.MaheSouth:0.0079892
-56904.975 -16114.827
F.Curieuse:0.00682727 A.PraslinPasquereRiver:0.00181502
-25959.204 -16114.827
C.PraslinWest:0.000665079 E.MaheNorth:0.00933947
-172175.66 -16114.827
C.PraslinWest:0.000665079 A.PraslinPasquereRiver:0.00181502
-42693.51 -16114.827
C.PraslinWest:0.000665079 D.LaDigue:0.00116022
-97594.515 -16114.827
A.PraslinPasquereRiver:0.00181502 E.MaheNorth:0.00933947
-117134.58 -16114.827
A.PraslinPasquereRiver:0.00181502 F.Curieuse:0.00682727
-25959.204 -16114.827
A.PraslinPasquereRiver:0.00181502 C.PraslinWest:0.000665079
-42693.51 -16114.827
D.LaDigue:0.00116022 C.PraslinWest:0.000665079
-81355.002 -16114.827
D.LaDigue:0.00116022 (C.PraslinWest:0.000665079,B.PraslinPlaineHollandaise:0.000768967):0.00317639
-42158.337 -16114.827
D.LaDigue:0.00116022 B.PraslinPlaineHollandaise:0.000768967
-81355.002 -16114.827
D.LaDigue:0.00116022 PML:0.44021
-26044.979 -16114.827
PML:0.44021 E.MaheNorth:0.00933947
-16500.69 -16114.827
PML:0.44021 (E.MaheNorth:0.00933947,G.MaheSouth:0.0079892):0.00070598
-16114.827 -16114.827
PML:0.44021 G.MaheSouth:0.0079892
-16313.32 -16114.827
PML:0.44021 D.LaDigue:0.00116022
-26044.979 -16114.827
Set root above PML
DONE.
