
TreeMix v. 1.13
$Revision: 231 $

npop:8 nsnp:17094256
WARNING: no counts at SNP 5431404 population 0
WARNING: no counts at SNP 5431404 population 2
WARNING: no counts at SNP 5431404 population 3
WARNING: no counts at SNP 5431404 population 4
WARNING: no counts at SNP 5431404 population 5
WARNING: no counts at SNP 5431405 population 0
WARNING: no counts at SNP 5431405 population 2
WARNING: no counts at SNP 5431405 population 3
WARNING: no counts at SNP 5431405 population 4
WARNING: no counts at SNP 5431405 population 5
WARNING: no counts at SNP 5431406 population 0
WARNING: no counts at SNP 5431406 population 2
WARNING: no counts at SNP 5431406 population 3
WARNING: no counts at SNP 5431406 population 5
WARNING: no counts at SNP 5431407 population 0
WARNING: no counts at SNP 5431407 population 2
WARNING: no counts at SNP 5431407 population 3
WARNING: no counts at SNP 5431407 population 5
WARNING: no counts at SNP 5431408 population 0
WARNING: no counts at SNP 5431408 population 2
WARNING: no counts at SNP 5431408 population 3
WARNING: no counts at SNP 5431408 population 4
WARNING: no counts at SNP 5431408 population 5
WARNING: no counts at SNP 5431409 population 0
WARNING: no counts at SNP 5431409 population 2
WARNING: no counts at SNP 5431409 population 3
WARNING: no counts at SNP 5431409 population 4
WARNING: no counts at SNP 5431409 population 5
WARNING: no counts at SNP 5431410 population 0
WARNING: no counts at SNP 5431410 population 2
WARNING: no counts at SNP 5431410 population 3
WARNING: no counts at SNP 5431410 population 5
WARNING: no counts at SNP 5431411 population 0
WARNING: no counts at SNP 5431411 population 2
WARNING: no counts at SNP 5431411 population 3
WARNING: no counts at SNP 5431411 population 4
WARNING: no counts at SNP 5431411 population 5
WARNING: no counts at SNP 5431412 population 2
WARNING: no counts at SNP 5431412 population 3
WARNING: no counts at SNP 5431412 population 5
WARNING: no counts at SNP 5431413 population 2
WARNING: no counts at SNP 5431413 population 3
WARNING: no counts at SNP 5431413 population 5
WARNING: no counts at SNP 5431414 population 2
WARNING: no counts at SNP 5431414 population 3
WARNING: no counts at SNP 5431414 population 5
WARNING: no counts at SNP 5431415 population 2
WARNING: no counts at SNP 5431415 population 3
WARNING: no counts at SNP 5431415 population 5
WARNING: no counts at SNP 5431416 population 2
WARNING: no counts at SNP 5431416 population 3
WARNING: no counts at SNP 5431416 population 5
WARNING: no counts at SNP 5431417 population 2
WARNING: no counts at SNP 5431417 population 3
WARNING: no counts at SNP 5431417 population 5
WARNING: no counts at SNP 5431418 population 2
WARNING: no counts at SNP 5431418 population 3
WARNING: no counts at SNP 5431418 population 5
WARNING: no counts at SNP 5431419 population 2
WARNING: no counts at SNP 5431419 population 3
WARNING: no counts at SNP 5431419 population 5
WARNING: no counts at SNP 5431420 population 2
WARNING: no counts at SNP 5431420 population 3
WARNING: no counts at SNP 5431420 population 5
WARNING: no counts at SNP 5431421 population 2
WARNING: no counts at SNP 5431421 population 3
WARNING: no counts at SNP 5431421 population 5
WARNING: no counts at SNP 5431422 population 0
WARNING: no counts at SNP 5431422 population 2
WARNING: no counts at SNP 5431422 population 3
WARNING: no counts at SNP 5431422 population 4
WARNING: no counts at SNP 5431422 population 5
WARNING: no counts at SNP 5431423 population 0
WARNING: no counts at SNP 5431423 population 2
WARNING: no counts at SNP 5431423 population 3
WARNING: no counts at SNP 5431423 population 5
WARNING: no counts at SNP 5431424 population 2
WARNING: no counts at SNP 5431424 population 3
WARNING: no counts at SNP 5431424 population 4
WARNING: no counts at SNP 5431424 population 5
WARNING: no counts at SNP 5431425 population 2
WARNING: no counts at SNP 5431425 population 3
WARNING: no counts at SNP 5431425 population 5
WARNING: no counts at SNP 5431426 population 2
WARNING: no counts at SNP 5431426 population 3
WARNING: no counts at SNP 5431426 population 5
WARNING: no counts at SNP 5431427 population 2
WARNING: no counts at SNP 5431427 population 3
WARNING: no counts at SNP 5431427 population 5
WARNING: no counts at SNP 5431428 population 2
WARNING: no counts at SNP 5431428 population 3
WARNING: no counts at SNP 5431428 population 5
WARNING: no counts at SNP 5431429 population 2
WARNING: no counts at SNP 5431429 population 3
WARNING: no counts at SNP 5431429 population 5
WARNING: no counts at SNP 5431430 population 2
WARNING: no counts at SNP 5431430 population 3
WARNING: no counts at SNP 5431430 population 5
WARNING: no counts at SNP 5431431 population 2
WARNING: no counts at SNP 5431431 population 3
WARNING: no counts at SNP 5431431 population 5
WARNING: no counts at SNP 5431432 population 2
WARNING: no counts at SNP 5431432 population 3
WARNING: no counts at SNP 5431432 population 5
WARNING: no counts at SNP 5431433 population 2
WARNING: no counts at SNP 5431433 population 3
WARNING: no counts at SNP 5431433 population 5
WARNING: no counts at SNP 5431434 population 2
WARNING: no counts at SNP 5431434 population 3
WARNING: no counts at SNP 5431434 population 5
WARNING: no counts at SNP 5431435 population 1
WARNING: no counts at SNP 5431435 population 2
WARNING: no counts at SNP 5431435 population 3
WARNING: no counts at SNP 5431435 population 5
WARNING: no counts at SNP 5431436 population 1
WARNING: no counts at SNP 5431436 population 2
WARNING: no counts at SNP 5431436 population 3
WARNING: no counts at SNP 5431436 population 5
WARNING: no counts at SNP 5431437 population 1
WARNING: no counts at SNP 5431437 population 2
WARNING: no counts at SNP 5431437 population 3
WARNING: no counts at SNP 5431437 population 5
WARNING: no counts at SNP 5431438 population 1
WARNING: no counts at SNP 5431438 population 2
WARNING: no counts at SNP 5431438 population 3
WARNING: no counts at SNP 5431438 population 5
WARNING: no counts at SNP 5431439 population 2
WARNING: no counts at SNP 5431439 population 3
WARNING: no counts at SNP 5431439 population 5
WARNING: no counts at SNP 5431440 population 2
WARNING: no counts at SNP 5431440 population 3
WARNING: no counts at SNP 5431440 population 5
WARNING: no counts at SNP 5431441 population 2
WARNING: no counts at SNP 5431441 population 3
WARNING: no counts at SNP 5431441 population 5
WARNING: no counts at SNP 5431442 population 2
WARNING: no counts at SNP 5431442 population 3
WARNING: no counts at SNP 5431442 population 5
WARNING: no counts at SNP 5431443 population 2
WARNING: no counts at SNP 5431443 population 3
WARNING: no counts at SNP 5431443 population 5
WARNING: no counts at SNP 5431444 population 2
WARNING: no counts at SNP 5431444 population 3
WARNING: no counts at SNP 5431444 population 5
WARNING: no counts at SNP 5431445 population 2
WARNING: no counts at SNP 5431445 population 3
WARNING: no counts at SNP 5431445 population 4
WARNING: no counts at SNP 5431445 population 5
WARNING: no counts at SNP 5431446 population 2
WARNING: no counts at SNP 5431446 population 3
WARNING: no counts at SNP 5431446 population 5
WARNING: no counts at SNP 5431447 population 2
WARNING: no counts at SNP 5431447 population 3
WARNING: no counts at SNP 5431447 population 5
WARNING: no counts at SNP 5431448 population 2
WARNING: no counts at SNP 5431448 population 3
WARNING: no counts at SNP 5431448 population 4
WARNING: no counts at SNP 5431448 population 5
WARNING: no counts at SNP 5431449 population 2
WARNING: no counts at SNP 5431449 population 3
WARNING: no counts at SNP 5431449 population 4
WARNING: no counts at SNP 5431449 population 5
WARNING: no counts at SNP 5431450 population 2
WARNING: no counts at SNP 5431450 population 3
WARNING: no counts at SNP 5431450 population 4
WARNING: no counts at SNP 5431450 population 5
WARNING: no counts at SNP 5431451 population 2
WARNING: no counts at SNP 5431451 population 3
WARNING: no counts at SNP 5431451 population 4
WARNING: no counts at SNP 5431451 population 5
WARNING: no counts at SNP 5431452 population 2
WARNING: no counts at SNP 5431452 population 3
WARNING: no counts at SNP 5431452 population 4
WARNING: no counts at SNP 5431452 population 5
WARNING: no counts at SNP 5431453 population 2
WARNING: no counts at SNP 5431453 population 3
WARNING: no counts at SNP 5431453 population 4
WARNING: no counts at SNP 5431453 population 5
WARNING: no counts at SNP 5431454 population 2
WARNING: no counts at SNP 5431454 population 3
WARNING: no counts at SNP 5431454 population 4
WARNING: no counts at SNP 5431454 population 5
WARNING: no counts at SNP 5431455 population 2
WARNING: no counts at SNP 5431455 population 3
WARNING: no counts at SNP 5431455 population 4
WARNING: no counts at SNP 5431455 population 5
WARNING: no counts at SNP 5431456 population 2
WARNING: no counts at SNP 5431456 population 3
WARNING: no counts at SNP 5431456 population 4
WARNING: no counts at SNP 5431456 population 5
WARNING: no counts at SNP 5431457 population 2
WARNING: no counts at SNP 5431457 population 3
WARNING: no counts at SNP 5431457 population 4
WARNING: no counts at SNP 5431457 population 5
WARNING: no counts at SNP 5431458 population 2
WARNING: no counts at SNP 5431458 population 3
WARNING: no counts at SNP 5431458 population 4
WARNING: no counts at SNP 5431458 population 5
WARNING: no counts at SNP 5431459 population 2
WARNING: no counts at SNP 5431459 population 3
WARNING: no counts at SNP 5431459 population 4
WARNING: no counts at SNP 5431459 population 5
WARNING: no counts at SNP 5431460 population 2
WARNING: no counts at SNP 5431460 population 3
WARNING: no counts at SNP 5431460 population 4
WARNING: no counts at SNP 5431460 population 5
WARNING: no counts at SNP 5431461 population 2
WARNING: no counts at SNP 5431461 population 3
WARNING: no counts at SNP 5431461 population 4
WARNING: no counts at SNP 5431461 population 5
WARNING: no counts at SNP 5431462 population 2
WARNING: no counts at SNP 5431462 population 3
WARNING: no counts at SNP 5431462 population 4
WARNING: no counts at SNP 5431462 population 5
WARNING: no counts at SNP 5431463 population 2
WARNING: no counts at SNP 5431463 population 3
WARNING: no counts at SNP 5431463 population 4
WARNING: no counts at SNP 5431463 population 5
WARNING: no counts at SNP 5431464 population 2
WARNING: no counts at SNP 5431464 population 3
WARNING: no counts at SNP 5431464 population 4
WARNING: no counts at SNP 5431464 population 5
WARNING: no counts at SNP 5431465 population 2
WARNING: no counts at SNP 5431465 population 3
WARNING: no counts at SNP 5431465 population 5
WARNING: no counts at SNP 5431466 population 2
WARNING: no counts at SNP 5431466 population 3
WARNING: no counts at SNP 5431466 population 5
WARNING: no counts at SNP 5431467 population 2
WARNING: no counts at SNP 5431467 population 3
WARNING: no counts at SNP 5431467 population 5
WARNING: no counts at SNP 5431468 population 2
WARNING: no counts at SNP 5431468 population 3
WARNING: no counts at SNP 5431468 population 5
WARNING: no counts at SNP 5431469 population 2
WARNING: no counts at SNP 5431469 population 3
WARNING: no counts at SNP 5431469 population 5
WARNING: no counts at SNP 5431470 population 2
WARNING: no counts at SNP 5431470 population 3
WARNING: no counts at SNP 5431470 population 5
WARNING: no counts at SNP 5431471 population 2
WARNING: no counts at SNP 5431471 population 3
WARNING: no counts at SNP 5431471 population 5
WARNING: no counts at SNP 5431472 population 2
WARNING: no counts at SNP 5431472 population 3
WARNING: no counts at SNP 5431472 population 5
WARNING: no counts at SNP 5431473 population 2
WARNING: no counts at SNP 5431473 population 3
WARNING: no counts at SNP 5431473 population 5
WARNING: no counts at SNP 5431474 population 2
WARNING: no counts at SNP 5431474 population 3
WARNING: no counts at SNP 5431474 population 5
WARNING: no counts at SNP 5431475 population 2
WARNING: no counts at SNP 5431475 population 3
WARNING: no counts at SNP 5431475 population 5
WARNING: no counts at SNP 5431476 population 2
WARNING: no counts at SNP 5431476 population 3
WARNING: no counts at SNP 5431476 population 5
WARNING: no counts at SNP 5431477 population 0
WARNING: no counts at SNP 5431477 population 1
WARNING: no counts at SNP 5431477 population 2
WARNING: no counts at SNP 5431477 population 3
WARNING: no counts at SNP 5431477 population 5
WARNING: no counts at SNP 5431478 population 0
WARNING: no counts at SNP 5431478 population 2
WARNING: no counts at SNP 5431478 population 3
WARNING: no counts at SNP 5431478 population 4
WARNING: no counts at SNP 5431478 population 5
WARNING: no counts at SNP 5431479 population 0
WARNING: no counts at SNP 5431479 population 2
WARNING: no counts at SNP 5431479 population 3
WARNING: no counts at SNP 5431479 population 5
WARNING: no counts at SNP 5431480 population 0
WARNING: no counts at SNP 5431480 population 2
WARNING: no counts at SNP 5431480 population 3
WARNING: no counts at SNP 5431480 population 4
WARNING: no counts at SNP 5431480 population 5
WARNING: no counts at SNP 5431481 population 0
WARNING: no counts at SNP 5431481 population 2
WARNING: no counts at SNP 5431481 population 3
WARNING: no counts at SNP 5431481 population 4
WARNING: no counts at SNP 5431481 population 5
WARNING: no counts at SNP 5431482 population 2
WARNING: no counts at SNP 5431482 population 3
WARNING: no counts at SNP 5431482 population 4
WARNING: no counts at SNP 5431482 population 5
WARNING: no counts at SNP 5431483 population 2
WARNING: no counts at SNP 5431483 population 3
WARNING: no counts at SNP 5431483 population 4
WARNING: no counts at SNP 5431483 population 5
WARNING: no counts at SNP 5431484 population 2
WARNING: no counts at SNP 5431484 population 3
WARNING: no counts at SNP 5431484 population 4
WARNING: no counts at SNP 5431484 population 5
WARNING: no counts at SNP 5431485 population 2
WARNING: no counts at SNP 5431485 population 3
WARNING: no counts at SNP 5431485 population 4
WARNING: no counts at SNP 5431485 population 5
WARNING: no counts at SNP 5431486 population 0
WARNING: no counts at SNP 5431486 population 2
WARNING: no counts at SNP 5431486 population 3
WARNING: no counts at SNP 5431486 population 4
WARNING: no counts at SNP 5431486 population 5
WARNING: no counts at SNP 5431487 population 0
WARNING: no counts at SNP 5431487 population 2
WARNING: no counts at SNP 5431487 population 3
WARNING: no counts at SNP 5431487 population 4
WARNING: no counts at SNP 5431487 population 5
WARNING: no counts at SNP 5431488 population 0
WARNING: no counts at SNP 5431488 population 2
WARNING: no counts at SNP 5431488 population 3
WARNING: no counts at SNP 5431488 population 4
WARNING: no counts at SNP 5431488 population 5
WARNING: no counts at SNP 5431489 population 0
WARNING: no counts at SNP 5431489 population 2
WARNING: no counts at SNP 5431489 population 3
WARNING: no counts at SNP 5431489 population 4
WARNING: no counts at SNP 5431489 population 5
WARNING: no counts at SNP 5431490 population 0
WARNING: no counts at SNP 5431490 population 2
WARNING: no counts at SNP 5431490 population 3
WARNING: no counts at SNP 5431490 population 4
WARNING: no counts at SNP 5431490 population 5
WARNING: no counts at SNP 5431491 population 0
WARNING: no counts at SNP 5431491 population 2
WARNING: no counts at SNP 5431491 population 3
WARNING: no counts at SNP 5431491 population 4
WARNING: no counts at SNP 5431491 population 5
WARNING: no counts at SNP 5431492 population 0
WARNING: no counts at SNP 5431492 population 2
WARNING: no counts at SNP 5431492 population 3
WARNING: no counts at SNP 5431492 population 4
WARNING: no counts at SNP 5431492 population 5
WARNING: no counts at SNP 5431493 population 0
WARNING: no counts at SNP 5431493 population 2
WARNING: no counts at SNP 5431493 population 3
WARNING: no counts at SNP 5431493 population 4
WARNING: no counts at SNP 5431493 population 5
WARNING: no counts at SNP 5431494 population 0
WARNING: no counts at SNP 5431494 population 2
WARNING: no counts at SNP 5431494 population 3
WARNING: no counts at SNP 5431494 population 4
WARNING: no counts at SNP 5431494 population 5
WARNING: no counts at SNP 5431495 population 0
WARNING: no counts at SNP 5431495 population 2
WARNING: no counts at SNP 5431495 population 3
WARNING: no counts at SNP 5431495 population 4
WARNING: no counts at SNP 5431495 population 5
WARNING: no counts at SNP 5431496 population 0
WARNING: no counts at SNP 5431496 population 2
WARNING: no counts at SNP 5431496 population 3
WARNING: no counts at SNP 5431496 population 4
WARNING: no counts at SNP 5431496 population 5
WARNING: no counts at SNP 5431497 population 0
WARNING: no counts at SNP 5431497 population 2
WARNING: no counts at SNP 5431497 population 3
WARNING: no counts at SNP 5431497 population 4
WARNING: no counts at SNP 5431497 population 5
WARNING: no counts at SNP 5431498 population 0
WARNING: no counts at SNP 5431498 population 2
WARNING: no counts at SNP 5431498 population 3
WARNING: no counts at SNP 5431498 population 4
WARNING: no counts at SNP 5431498 population 5
WARNING: no counts at SNP 5431499 population 0
WARNING: no counts at SNP 5431499 population 2
WARNING: no counts at SNP 5431499 population 3
WARNING: no counts at SNP 5431499 population 4
WARNING: no counts at SNP 5431499 population 5
WARNING: no counts at SNP 5431500 population 0
WARNING: no counts at SNP 5431500 population 2
WARNING: no counts at SNP 5431500 population 3
WARNING: no counts at SNP 5431500 population 4
WARNING: no counts at SNP 5431500 population 5
WARNING: no counts at SNP 5431501 population 0
WARNING: no counts at SNP 5431501 population 2
WARNING: no counts at SNP 5431501 population 3
WARNING: no counts at SNP 5431501 population 4
WARNING: no counts at SNP 5431501 population 5
WARNING: no counts at SNP 5431502 population 0
WARNING: no counts at SNP 5431502 population 2
WARNING: no counts at SNP 5431502 population 3
WARNING: no counts at SNP 5431502 population 4
WARNING: no counts at SNP 5431502 population 5
WARNING: no counts at SNP 5431503 population 0
WARNING: no counts at SNP 5431503 population 2
WARNING: no counts at SNP 5431503 population 3
WARNING: no counts at SNP 5431503 population 4
WARNING: no counts at SNP 5431503 population 5
WARNING: no counts at SNP 5431504 population 0
WARNING: no counts at SNP 5431504 population 2
WARNING: no counts at SNP 5431504 population 3
WARNING: no counts at SNP 5431504 population 4
WARNING: no counts at SNP 5431504 population 5
WARNING: no counts at SNP 5431505 population 0
WARNING: no counts at SNP 5431505 population 2
WARNING: no counts at SNP 5431505 population 3
WARNING: no counts at SNP 5431505 population 4
WARNING: no counts at SNP 5431505 population 5
WARNING: no counts at SNP 5431506 population 0
WARNING: no counts at SNP 5431506 population 2
WARNING: no counts at SNP 5431506 population 3
WARNING: no counts at SNP 5431506 population 4
WARNING: no counts at SNP 5431506 population 5
WARNING: no counts at SNP 5431507 population 2
WARNING: no counts at SNP 5431507 population 3
WARNING: no counts at SNP 5431507 population 4
WARNING: no counts at SNP 5431507 population 5
WARNING: no counts at SNP 5431508 population 2
WARNING: no counts at SNP 5431508 population 3
WARNING: no counts at SNP 5431508 population 4
WARNING: no counts at SNP 5431508 population 5
WARNING: no counts at SNP 5431509 population 2
WARNING: no counts at SNP 5431509 population 3
WARNING: no counts at SNP 5431509 population 4
WARNING: no counts at SNP 5431509 population 5
WARNING: no counts at SNP 5431510 population 2
WARNING: no counts at SNP 5431510 population 3
WARNING: no counts at SNP 5431510 population 4
WARNING: no counts at SNP 5431510 population 5
WARNING: no counts at SNP 5431511 population 2
WARNING: no counts at SNP 5431511 population 3
WARNING: no counts at SNP 5431511 population 4
WARNING: no counts at SNP 5431511 population 5
WARNING: no counts at SNP 5431512 population 2
WARNING: no counts at SNP 5431512 population 3
WARNING: no counts at SNP 5431512 population 4
WARNING: no counts at SNP 5431512 population 5
WARNING: no counts at SNP 5431513 population 2
WARNING: no counts at SNP 5431513 population 3
WARNING: no counts at SNP 5431513 population 4
WARNING: no counts at SNP 5431513 population 5
WARNING: no counts at SNP 5431514 population 2
WARNING: no counts at SNP 5431514 population 3
WARNING: no counts at SNP 5431514 population 4
WARNING: no counts at SNP 5431514 population 5
WARNING: no counts at SNP 5431515 population 2
WARNING: no counts at SNP 5431515 population 3
WARNING: no counts at SNP 5431515 population 4
WARNING: no counts at SNP 5431515 population 5
WARNING: no counts at SNP 5431516 population 0
WARNING: no counts at SNP 5431516 population 2
WARNING: no counts at SNP 5431516 population 3
WARNING: no counts at SNP 5431516 population 4
WARNING: no counts at SNP 5431516 population 5
WARNING: no counts at SNP 5431517 population 0
WARNING: no counts at SNP 5431517 population 2
WARNING: no counts at SNP 5431517 population 3
WARNING: no counts at SNP 5431517 population 5
WARNING: no counts at SNP 5431518 population 0
WARNING: no counts at SNP 5431518 population 2
WARNING: no counts at SNP 5431518 population 3
WARNING: no counts at SNP 5431518 population 5
WARNING: no counts at SNP 5431519 population 0
WARNING: no counts at SNP 5431519 population 2
WARNING: no counts at SNP 5431519 population 3
WARNING: no counts at SNP 5431519 population 4
WARNING: no counts at SNP 5431519 population 5
WARNING: no counts at SNP 5431520 population 0
WARNING: no counts at SNP 5431520 population 1
WARNING: no counts at SNP 5431520 population 2
WARNING: no counts at SNP 5431520 population 3
WARNING: no counts at SNP 5431520 population 4
WARNING: no counts at SNP 5431520 population 5
WARNING: no counts at SNP 5431521 population 0
WARNING: no counts at SNP 5431521 population 2
WARNING: no counts at SNP 5431521 population 3
WARNING: no counts at SNP 5431521 population 4
WARNING: no counts at SNP 5431521 population 5
WARNING: no counts at SNP 5431522 population 0
WARNING: no counts at SNP 5431522 population 2
WARNING: no counts at SNP 5431522 population 3
WARNING: no counts at SNP 5431522 population 4
WARNING: no counts at SNP 5431522 population 5
WARNING: no counts at SNP 5431523 population 0
WARNING: no counts at SNP 5431523 population 2
WARNING: no counts at SNP 5431523 population 3
WARNING: no counts at SNP 5431523 population 5
WARNING: no counts at SNP 5431524 population 0
WARNING: no counts at SNP 5431524 population 2
WARNING: no counts at SNP 5431524 population 3
WARNING: no counts at SNP 5431524 population 5
WARNING: no counts at SNP 5431525 population 0
WARNING: no counts at SNP 5431525 population 2
WARNING: no counts at SNP 5431525 population 3
WARNING: no counts at SNP 5431525 population 5
WARNING: no counts at SNP 5431526 population 0
WARNING: no counts at SNP 5431526 population 1
WARNING: no counts at SNP 5431526 population 2
WARNING: no counts at SNP 5431526 population 3
WARNING: no counts at SNP 5431526 population 4
WARNING: no counts at SNP 5431526 population 5
WARNING: no counts at SNP 5431527 population 0
WARNING: no counts at SNP 5431527 population 2
WARNING: no counts at SNP 5431527 population 3
WARNING: no counts at SNP 5431527 population 4
WARNING: no counts at SNP 5431527 population 5
WARNING: no counts at SNP 5431528 population 0
WARNING: no counts at SNP 5431528 population 1
WARNING: no counts at SNP 5431528 population 2
WARNING: no counts at SNP 5431528 population 3
WARNING: no counts at SNP 5431528 population 4
WARNING: no counts at SNP 5431528 population 5
WARNING: no counts at SNP 5431529 population 0
WARNING: no counts at SNP 5431529 population 1
WARNING: no counts at SNP 5431529 population 2
WARNING: no counts at SNP 5431529 population 3
WARNING: no counts at SNP 5431529 population 4
WARNING: no counts at SNP 5431529 population 5
WARNING: no counts at SNP 5431530 population 0
WARNING: no counts at SNP 5431530 population 2
WARNING: no counts at SNP 5431530 population 3
WARNING: no counts at SNP 5431530 population 4
WARNING: no counts at SNP 5431530 population 5
WARNING: no counts at SNP 5431531 population 0
WARNING: no counts at SNP 5431531 population 2
WARNING: no counts at SNP 5431531 population 3
WARNING: no counts at SNP 5431531 population 4
WARNING: no counts at SNP 5431531 population 5
WARNING: no counts at SNP 5431532 population 2
WARNING: no counts at SNP 5431532 population 3
WARNING: no counts at SNP 5431532 population 4
WARNING: no counts at SNP 5431532 population 5
WARNING: no counts at SNP 5431533 population 2
WARNING: no counts at SNP 5431533 population 3
WARNING: no counts at SNP 5431533 population 4
WARNING: no counts at SNP 5431533 population 5
WARNING: no counts at SNP 5431534 population 2
WARNING: no counts at SNP 5431534 population 3
WARNING: no counts at SNP 5431534 population 4
WARNING: no counts at SNP 5431534 population 5
WARNING: no counts at SNP 5431535 population 2
WARNING: no counts at SNP 5431535 population 3
WARNING: no counts at SNP 5431535 population 4
WARNING: no counts at SNP 5431535 population 5
WARNING: no counts at SNP 5431536 population 2
WARNING: no counts at SNP 5431536 population 3
WARNING: no counts at SNP 5431536 population 4
WARNING: no counts at SNP 5431536 population 5
WARNING: no counts at SNP 5431537 population 2
WARNING: no counts at SNP 5431537 population 3
WARNING: no counts at SNP 5431537 population 4
WARNING: no counts at SNP 5431537 population 5
WARNING: no counts at SNP 5431538 population 2
WARNING: no counts at SNP 5431538 population 3
WARNING: no counts at SNP 5431538 population 4
WARNING: no counts at SNP 5431538 population 5
WARNING: no counts at SNP 5431539 population 2
WARNING: no counts at SNP 5431539 population 3
WARNING: no counts at SNP 5431539 population 4
WARNING: no counts at SNP 5431539 population 5
WARNING: no counts at SNP 5431540 population 0
WARNING: no counts at SNP 5431540 population 2
WARNING: no counts at SNP 5431540 population 3
WARNING: no counts at SNP 5431540 population 4
WARNING: no counts at SNP 5431540 population 5
WARNING: no counts at SNP 5431541 population 0
WARNING: no counts at SNP 5431541 population 2
WARNING: no counts at SNP 5431541 population 3
WARNING: no counts at SNP 5431541 population 5
WARNING: no counts at SNP 5431542 population 2
WARNING: no counts at SNP 5431542 population 3
WARNING: no counts at SNP 5431542 population 4
WARNING: no counts at SNP 5431542 population 5
WARNING: no counts at SNP 5431543 population 2
WARNING: no counts at SNP 5431543 population 3
WARNING: no counts at SNP 5431543 population 4
WARNING: no counts at SNP 5431543 population 5
WARNING: no counts at SNP 5431544 population 2
WARNING: no counts at SNP 5431544 population 3
WARNING: no counts at SNP 5431544 population 5
WARNING: no counts at SNP 5431545 population 2
WARNING: no counts at SNP 5431545 population 3
WARNING: no counts at SNP 5431545 population 5
WARNING: no counts at SNP 5431546 population 2
WARNING: no counts at SNP 5431546 population 3
WARNING: no counts at SNP 5431546 population 5
WARNING: no counts at SNP 5431547 population 2
WARNING: no counts at SNP 5431547 population 3
WARNING: no counts at SNP 5431547 population 5
WARNING: no counts at SNP 5431548 population 2
WARNING: no counts at SNP 5431548 population 3
WARNING: no counts at SNP 5431548 population 5
WARNING: no counts at SNP 5431549 population 2
WARNING: no counts at SNP 5431549 population 3
WARNING: no counts at SNP 5431549 population 5
WARNING: no counts at SNP 5431550 population 2
WARNING: no counts at SNP 5431550 population 3
WARNING: no counts at SNP 5431550 population 5
WARNING: no counts at SNP 5431551 population 2
WARNING: no counts at SNP 5431551 population 3
WARNING: no counts at SNP 5431551 population 5
WARNING: no counts at SNP 5431552 population 2
WARNING: no counts at SNP 5431552 population 3
WARNING: no counts at SNP 5431552 population 5
WARNING: no counts at SNP 5431553 population 2
WARNING: no counts at SNP 5431553 population 3
WARNING: no counts at SNP 5431553 population 5
WARNING: no counts at SNP 5431554 population 2
WARNING: no counts at SNP 5431554 population 3
WARNING: no counts at SNP 5431554 population 5
WARNING: no counts at SNP 5431555 population 2
WARNING: no counts at SNP 5431555 population 3
WARNING: no counts at SNP 5431555 population 5
WARNING: no counts at SNP 5431556 population 2
WARNING: no counts at SNP 5431556 population 3
WARNING: no counts at SNP 5431556 population 5
WARNING: no counts at SNP 5431557 population 2
WARNING: no counts at SNP 5431557 population 3
WARNING: no counts at SNP 5431557 population 5
WARNING: no counts at SNP 5431558 population 2
WARNING: no counts at SNP 5431558 population 3
WARNING: no counts at SNP 5431558 population 5
WARNING: no counts at SNP 5431559 population 2
WARNING: no counts at SNP 5431559 population 3
WARNING: no counts at SNP 5431559 population 5
WARNING: no counts at SNP 5431560 population 2
WARNING: no counts at SNP 5431560 population 3
WARNING: no counts at SNP 5431560 population 5
WARNING: no counts at SNP 5431561 population 2
WARNING: no counts at SNP 5431561 population 3
WARNING: no counts at SNP 5431561 population 5
WARNING: no counts at SNP 5431562 population 2
WARNING: no counts at SNP 5431562 population 3
WARNING: no counts at SNP 5431562 population 5
WARNING: no counts at SNP 5431563 population 2
WARNING: no counts at SNP 5431563 population 3
WARNING: no counts at SNP 5431563 population 4
WARNING: no counts at SNP 5431563 population 5
WARNING: no counts at SNP 5431564 population 2
WARNING: no counts at SNP 5431564 population 3
WARNING: no counts at SNP 5431564 population 4
WARNING: no counts at SNP 5431564 population 5
WARNING: no counts at SNP 5431565 population 2
WARNING: no counts at SNP 5431565 population 3
WARNING: no counts at SNP 5431565 population 4
WARNING: no counts at SNP 5431565 population 5
WARNING: no counts at SNP 5431566 population 2
WARNING: no counts at SNP 5431566 population 3
WARNING: no counts at SNP 5431566 population 5
WARNING: no counts at SNP 5431567 population 2
WARNING: no counts at SNP 5431567 population 3
WARNING: no counts at SNP 5431567 population 5
WARNING: no counts at SNP 5431568 population 2
WARNING: no counts at SNP 5431568 population 3
WARNING: no counts at SNP 5431568 population 5
WARNING: no counts at SNP 5431569 population 0
WARNING: no counts at SNP 5431569 population 2
WARNING: no counts at SNP 5431569 population 3
WARNING: no counts at SNP 5431569 population 4
WARNING: no counts at SNP 5431569 population 5
WARNING: no counts at SNP 5431570 population 0
WARNING: no counts at SNP 5431570 population 2
WARNING: no counts at SNP 5431570 population 3
WARNING: no counts at SNP 5431570 population 5
WARNING: no counts at SNP 5431571 population 0
WARNING: no counts at SNP 5431571 population 2
WARNING: no counts at SNP 5431571 population 3
WARNING: no counts at SNP 5431571 population 4
WARNING: no counts at SNP 5431571 population 5
WARNING: no counts at SNP 5431572 population 2
WARNING: no counts at SNP 5431572 population 3
WARNING: no counts at SNP 5431572 population 4
WARNING: no counts at SNP 5431572 population 5
WARNING: no counts at SNP 5431573 population 2
WARNING: no counts at SNP 5431573 population 3
WARNING: no counts at SNP 5431573 population 4
WARNING: no counts at SNP 5431573 population 5
WARNING: no counts at SNP 5431574 population 0
WARNING: no counts at SNP 5431574 population 2
WARNING: no counts at SNP 5431574 population 3
WARNING: no counts at SNP 5431574 population 4
WARNING: no counts at SNP 5431574 population 5
WARNING: no counts at SNP 5431575 population 0
WARNING: no counts at SNP 5431575 population 2
WARNING: no counts at SNP 5431575 population 3
WARNING: no counts at SNP 5431575 population 4
WARNING: no counts at SNP 5431575 population 5
WARNING: no counts at SNP 5431576 population 0
WARNING: no counts at SNP 5431576 population 2
WARNING: no counts at SNP 5431576 population 3
WARNING: no counts at SNP 5431576 population 4
WARNING: no counts at SNP 5431576 population 5
WARNING: no counts at SNP 5431577 population 0
WARNING: no counts at SNP 5431577 population 2
WARNING: no counts at SNP 5431577 population 3
WARNING: no counts at SNP 5431577 population 5
WARNING: no counts at SNP 5431578 population 0
WARNING: no counts at SNP 5431578 population 2
WARNING: no counts at SNP 5431578 population 3
WARNING: no counts at SNP 5431578 population 5
WARNING: no counts at SNP 5431579 population 0
WARNING: no counts at SNP 5431579 population 2
WARNING: no counts at SNP 5431579 population 3
WARNING: no counts at SNP 5431579 population 4
WARNING: no counts at SNP 5431579 population 5
WARNING: no counts at SNP 5431580 population 0
WARNING: no counts at SNP 5431580 population 2
WARNING: no counts at SNP 5431580 population 3
WARNING: no counts at SNP 5431580 population 5
WARNING: no counts at SNP 5431581 population 0
WARNING: no counts at SNP 5431581 population 2
WARNING: no counts at SNP 5431581 population 3
WARNING: no counts at SNP 5431581 population 5
WARNING: no counts at SNP 5431582 population 0
WARNING: no counts at SNP 5431582 population 2
WARNING: no counts at SNP 5431582 population 3
WARNING: no counts at SNP 5431582 population 5
WARNING: no counts at SNP 5431583 population 0
WARNING: no counts at SNP 5431583 population 2
WARNING: no counts at SNP 5431583 population 3
WARNING: no counts at SNP 5431583 population 5
WARNING: no counts at SNP 5431584 population 0
WARNING: no counts at SNP 5431584 population 2
WARNING: no counts at SNP 5431584 population 3
WARNING: no counts at SNP 5431584 population 5
WARNING: no counts at SNP 5431585 population 0
WARNING: no counts at SNP 5431585 population 2
WARNING: no counts at SNP 5431585 population 3
WARNING: no counts at SNP 5431585 population 5
WARNING: no counts at SNP 5431586 population 0
WARNING: no counts at SNP 5431586 population 2
WARNING: no counts at SNP 5431586 population 3
WARNING: no counts at SNP 5431586 population 5
WARNING: no counts at SNP 5431587 population 0
WARNING: no counts at SNP 5431587 population 2
WARNING: no counts at SNP 5431587 population 3
WARNING: no counts at SNP 5431587 population 5
WARNING: no counts at SNP 5431588 population 0
WARNING: no counts at SNP 5431588 population 2
WARNING: no counts at SNP 5431588 population 3
WARNING: no counts at SNP 5431588 population 5
WARNING: no counts at SNP 5431589 population 0
WARNING: no counts at SNP 5431589 population 2
WARNING: no counts at SNP 5431589 population 3
WARNING: no counts at SNP 5431589 population 5
WARNING: no counts at SNP 5431590 population 0
WARNING: no counts at SNP 5431590 population 2
WARNING: no counts at SNP 5431590 population 3
WARNING: no counts at SNP 5431590 population 5
WARNING: no counts at SNP 5431591 population 0
WARNING: no counts at SNP 5431591 population 2
WARNING: no counts at SNP 5431591 population 3
WARNING: no counts at SNP 5431591 population 5
WARNING: no counts at SNP 5431592 population 0
WARNING: no counts at SNP 5431592 population 2
WARNING: no counts at SNP 5431592 population 3
WARNING: no counts at SNP 5431592 population 5
WARNING: no counts at SNP 5431593 population 0
WARNING: no counts at SNP 5431593 population 2
WARNING: no counts at SNP 5431593 population 3
WARNING: no counts at SNP 5431593 population 5
WARNING: no counts at SNP 5431594 population 0
WARNING: no counts at SNP 5431594 population 2
WARNING: no counts at SNP 5431594 population 3
WARNING: no counts at SNP 5431594 population 5
WARNING: no counts at SNP 5431595 population 0
WARNING: no counts at SNP 5431595 population 2
WARNING: no counts at SNP 5431595 population 3
WARNING: no counts at SNP 5431595 population 5
WARNING: no counts at SNP 5431596 population 0
WARNING: no counts at SNP 5431596 population 2
WARNING: no counts at SNP 5431596 population 3
WARNING: no counts at SNP 5431596 population 5
WARNING: no counts at SNP 5431597 population 0
WARNING: no counts at SNP 5431597 population 2
WARNING: no counts at SNP 5431597 population 3
WARNING: no counts at SNP 5431597 population 5
WARNING: no counts at SNP 5431598 population 0
WARNING: no counts at SNP 5431598 population 2
WARNING: no counts at SNP 5431598 population 3
WARNING: no counts at SNP 5431598 population 5
WARNING: no counts at SNP 5431599 population 0
WARNING: no counts at SNP 5431599 population 2
WARNING: no counts at SNP 5431599 population 3
WARNING: no counts at SNP 5431599 population 5
WARNING: no counts at SNP 5431600 population 0
WARNING: no counts at SNP 5431600 population 2
WARNING: no counts at SNP 5431600 population 3
WARNING: no counts at SNP 5431600 population 5
WARNING: no counts at SNP 5431601 population 0
WARNING: no counts at SNP 5431601 population 2
WARNING: no counts at SNP 5431601 population 3
WARNING: no counts at SNP 5431601 population 5
WARNING: no counts at SNP 5431602 population 0
WARNING: no counts at SNP 5431602 population 2
WARNING: no counts at SNP 5431602 population 3
WARNING: no counts at SNP 5431602 population 5
WARNING: no counts at SNP 5431603 population 0
WARNING: no counts at SNP 5431603 population 2
WARNING: no counts at SNP 5431603 population 3
WARNING: no counts at SNP 5431603 population 5
WARNING: no counts at SNP 5431604 population 0
WARNING: no counts at SNP 5431604 population 2
WARNING: no counts at SNP 5431604 population 3
WARNING: no counts at SNP 5431604 population 5
WARNING: no counts at SNP 5431605 population 0
WARNING: no counts at SNP 5431605 population 2
WARNING: no counts at SNP 5431605 population 3
WARNING: no counts at SNP 5431605 population 5
WARNING: no counts at SNP 5431606 population 0
WARNING: no counts at SNP 5431606 population 2
WARNING: no counts at SNP 5431606 population 3
WARNING: no counts at SNP 5431606 population 5
WARNING: no counts at SNP 5431607 population 0
WARNING: no counts at SNP 5431607 population 1
WARNING: no counts at SNP 5431607 population 2
WARNING: no counts at SNP 5431607 population 3
WARNING: no counts at SNP 5431607 population 5
WARNING: no counts at SNP 5431608 population 0
WARNING: no counts at SNP 5431608 population 2
WARNING: no counts at SNP 5431608 population 3
WARNING: no counts at SNP 5431608 population 4
WARNING: no counts at SNP 5431608 population 5
WARNING: no counts at SNP 5431609 population 0
WARNING: no counts at SNP 5431609 population 2
WARNING: no counts at SNP 5431609 population 3
WARNING: no counts at SNP 5431609 population 4
WARNING: no counts at SNP 5431609 population 5
Estimating covariance matrix in 17094 blocks of size 1000
SEED: 1585230444
Starting from:
(E.MaheNorth:0.0190567,(F.Curieuse:0.00888181,C.PraslinWest:0.00571639):0.0190567);
Adding B.PraslinPlaineHollandaise [4/8]
ln(likelihood): -3202992.8 
((E.MaheNorth:0.0174616,(F.Curieuse:0.0128082,C.PraslinWest:0.0087631):0.0010529):0.0139121,B.PraslinPlaineHollandaise:0.0139121);
Adding PML [5/8]
ln(likelihood): -6649.7245 
((F.Curieuse:0.00777646,E.MaheNorth:0.0115013):0,((B.PraslinPlaineHollandaise:0.000709532,C.PraslinWest:0.000560503):0.00607385,PML:0.882372):0);
Adding A.PraslinPasquereRiver [6/8]
ln(likelihood): -15468.993 
((F.Curieuse:0.00712303,E.MaheNorth:0.0112853):0,(PML:0.882258,((B.PraslinPlaineHollandaise:0.000818624,C.PraslinWest:0.000736905):0.0034326,A.PraslinPasquereRiver:0.00180256):0.00311973):0);
Adding D.LaDigue [7/8]
ln(likelihood): -7391.1547 
((E.MaheNorth:0.0101215,PML:0.880698):0.000737344,((((B.PraslinPlaineHollandaise:0.000880207,C.PraslinWest:0.000798585):0.00320743,A.PraslinPasquereRiver:0.00192853):0.00155842,F.Curieuse:0.00698292):0.00200421,D.LaDigue:0.00119826):0.000737344);
Adding G.MaheSouth [8/8]
ln(likelihood): -6761.2178 
(PML:0.440063,(G.MaheSouth:0.00816532,(E.MaheNorth:0.00977486,((((B.PraslinPlaineHollandaise:0.000768995,C.PraslinWest:0.000665089):0.0031764,A.PraslinPasquereRiver:0.00181504):0.00162903,F.Curieuse:0.00682735):0.00174808,D.LaDigue:0.00116025):0.00205411):0.000389084):0.440063);
Testing global rearrangements
PML:0.440063 D.LaDigue:0.00116025
-10827.341 -6761.2178
G.MaheSouth:0.00816532 PML:0.440063
-6761.2178 -6761.2178
G.MaheSouth:0.00816532 E.MaheNorth:0.00977486
-6806.9006 -6761.2178
G.MaheSouth:0.00816532 F.Curieuse:0.00682735
-31619.116 -6761.2178
E.MaheNorth:0.00977486 G.MaheSouth:0.00816532
-6806.9006 -6761.2178
B.PraslinPlaineHollandaise:0.000768995 E.MaheNorth:0.00977486
-79011.762 -6761.2178
B.PraslinPlaineHollandaise:0.000768995 A.PraslinPasquereRiver:0.00181504
-19049.272 -6761.2178
B.PraslinPlaineHollandaise:0.000768995 D.LaDigue:0.00116025
-44414.594 -6761.2178
A.PraslinPasquereRiver:0.00181504 E.MaheNorth:0.00977486
-49841.981 -6761.2178
A.PraslinPasquereRiver:0.00181504 B.PraslinPlaineHollandaise:0.000768995
-19049.272 -6761.2178
A.PraslinPasquereRiver:0.00181504 F.Curieuse:0.00682735
-12391.628 -6761.2178
F.Curieuse:0.00682735 PML:0.440063
-29779.849 -6761.2178
F.Curieuse:0.00682735 G.MaheSouth:0.00816532
-29779.849 -6761.2178
F.Curieuse:0.00682735 E.MaheNorth:0.00977486
-25646.988 -6761.2178
F.Curieuse:0.00682735 A.PraslinPasquereRiver:0.00181504
-12391.628 -6761.2178
D.LaDigue:0.00116025 PML:0.440063
-14435.716 -6761.2178
D.LaDigue:0.00116025 B.PraslinPlaineHollandaise:0.000768995
-32597.927 -6761.2178
D.LaDigue:0.00116025 (B.PraslinPlaineHollandaise:0.000768995,C.PraslinWest:0.000665089):0.0031764
-16519.848 -6761.2178
D.LaDigue:0.00116025 C.PraslinWest:0.000665089
-32597.927 -6761.2178
Set root above PML
Targeting migration to vicinity of:
PML D.LaDigue
F.Curieuse A.PraslinPasquereRiver
E.MaheNorth F.Curieuse
B.PraslinPlaineHollandaise D.LaDigue

C.PraslinWest D.LaDigue
B.PraslinPlaineHollandaise D.LaDigue
A.PraslinPasquereRiver F.Curieuse
E.MaheNorth F.Curieuse
F.Curieuse A.PraslinPasquereRiver
A.PraslinPasquereRiver F.Curieuse
D.LaDigue C.PraslinWest
D.LaDigue B.PraslinPlaineHollandaise
PML D.LaDigue
G.MaheSouth E.MaheNorth
Trying A.PraslinPasquereRiver F.Curieuse
A.PraslinPasquereRiver:0.00181504 F.Curieuse:0.00682735
1->2 0.42340454 -4876.6305 -6761.2178
2->1 0.18888661 -4599.5435 -4876.6305
p2->1 4.0751289e-05 -6761.2234 -4599.5435
Trying B.PraslinPlaineHollandaise D.LaDigue
(B.PraslinPlaineHollandaise:0.000768995,C.PraslinWest:0.000665089):0.00317634 D.LaDigue:0.00116025
1->2 0.37072515 -4173.3068 -4599.5435
2->1 0.38644284 -3314.5912 -4173.3068
p1->2 0.45741773 -5543.5811 -3314.5912
p2->1 0.4092955 -4962.712 -3314.5912
B.PraslinPlaineHollandaise:0.000770419 D.LaDigue:0.00115461
1->2 0.35709864 -4114.5988 -3314.5912
2->1 0.059442356 -6711.2276 -3314.5912
p2->1 6.2255936e-07 -6761.2174 -3314.5912
Trying C.PraslinWest D.LaDigue
(C.PraslinWest:0.000665087,B.PraslinPlaineHollandaise:0.000768998):0.00317641 D.LaDigue:0.00116025
C.PraslinWest:0.000665087 D.LaDigue:0.00116025
1->2 0.35709864 -4114.5988 -3314.5912
2->1 0.14989424 -5993.363 -3314.5912
p2->1 0.13957453 -6286.6113 -3314.5912
Trying D.LaDigue B.PraslinPlaineHollandaise
D.LaDigue:0.00115574 (B.PraslinPlaineHollandaise:0,C.PraslinWest:0.00201862):0.00386955
D.LaDigue:0.00115574 B.PraslinPlaineHollandaise:0
Trying D.LaDigue C.PraslinWest
D.LaDigue:0.00115574 (B.PraslinPlaineHollandaise:0,C.PraslinWest:0.00201862):0.00386955
D.LaDigue:0.00115574 C.PraslinWest:0.00201862
Trying E.MaheNorth F.Curieuse
E.MaheNorth:0.00977548 (F.Curieuse:0.0067356,(A.PraslinPasquereRiver:0.00158963,(B.PraslinPlaineHollandaise:0,C.PraslinWest:0.00201862):0.00386955):0.00178138):0.001875
1->2 0.29034957 -5795.0614 -3314.5912
2->1 0.18667983 -6426.9945 -3314.5912
p1->2 4.0751289e-05 -6761.2218 -3314.5912
E.MaheNorth:0.00977486 F.Curieuse:0.00682735
1->2 0.3237392 -5343.0814 -3314.5912
2->1 0.10837976 -5866.4845 -3314.5912
p1->2 0.35788319 -5539.3612 -3314.5912
Trying F.Curieuse A.PraslinPasquereRiver
F.Curieuse:0.0192217 A.PraslinPasquereRiver:0.00176635
Trying G.MaheSouth E.MaheNorth
G.MaheSouth:0.00816532 E.MaheNorth:0.00976121
1->2 0.11635422 -6178.4068 -3314.5912
2->1 0.094510399 -6178.4068 -3314.5912
p1->2 4.0751289e-05 -6761.2275 -3314.5912
Trying PML D.LaDigue
PML:0.440063 D.LaDigue:0.00116025
1->2 0.25067014 -4773.106 -3314.5912
2->1 0.45270643 -5073.1717 -3314.5912
p2->1 0.86050004 -6211.6176 -3314.5912
Migration added
Local updates around node 1: 0 ln(lk):-3314.5912 
Local updates around node 2: 0 ln(lk):-3314.5912 
Updates in migration position: 0 ln(lk):-3314.5912 
Switches in migration direction: 0 ln(lk):-3314.5912 
ln(likelihood):-3314.5914 
Targeting migration to vicinity of:
PML D.LaDigue
E.MaheNorth F.Curieuse
E.MaheNorth G.MaheSouth
B.PraslinPlaineHollandaise A.PraslinPasquereRiver

E.MaheNorth F.Curieuse
E.MaheNorth G.MaheSouth
D.LaDigue PML
G.MaheSouth E.MaheNorth
PML D.LaDigue
G.MaheSouth E.MaheNorth
Trying D.LaDigue PML
D.LaDigue:0.00178665 PML:0.440065
1->2 0.40749618 -1590.1087 -3314.5914
2->1 0.12317401 -1360.1371 -1590.1087
p1->2 0.41745722 -2714.2694 -1360.1371
Trying E.MaheNorth F.Curieuse
E.MaheNorth:0.00928281 F.Curieuse:0.00602572
1->2 0.2995432 -2576.6297 -1360.1371
2->1 0.1644669 -2478.3529 -1360.1371
p1->2 0.37776273 -2721.7995 -1360.1371
p2->1 0.19529486 -2691.9649 -1360.1371
Trying E.MaheNorth G.MaheSouth
E.MaheNorth:0.01617 G.MaheSouth:0.00794337
1->2 0.096129186 -2727.5448 -1360.1371
2->1 0.11878295 -2729.0412 -1360.1371
p2->1 4.0751289e-05 -3314.6012 -1360.1371
Trying G.MaheSouth E.MaheNorth
G.MaheSouth:0.00816887 E.MaheNorth:0.00977922
Trying PML D.LaDigue
PML:0.440065 D.LaDigue:0.00178665
Migration added
Local updates around node 1: 0 ln(lk):-1360.1371 
Local updates around node 2: 0 ln(lk):-1360.1371 
Updates in migration position: 0 ln(lk):-1360.1371 
Switches in migration direction: 0 ln(lk):-1360.1371 
ln(likelihood):-1341.6767 
Targeting migration to vicinity of:
E.MaheNorth G.MaheSouth
E.MaheNorth F.Curieuse
B.PraslinPlaineHollandaise A.PraslinPasquereRiver
D.LaDigue G.MaheSouth

B.PraslinPlaineHollandaise A.PraslinPasquereRiver
A.PraslinPasquereRiver F.Curieuse
A.PraslinPasquereRiver B.PraslinPlaineHollandaise
E.MaheNorth G.MaheSouth
F.Curieuse E.MaheNorth
F.Curieuse PML
D.LaDigue G.MaheSouth
E.MaheNorth F.Curieuse
D.LaDigue A.PraslinPasquereRiver
G.MaheSouth D.LaDigue
E.MaheNorth G.MaheSouth
D.LaDigue G.MaheSouth
G.MaheSouth E.MaheNorth
Trying A.PraslinPasquereRiver B.PraslinPlaineHollandaise
A.PraslinPasquereRiver:0 B.PraslinPlaineHollandaise:0.000770632
1->2 0.099120617 -1266.1643 -1341.6767
2->1 0.20817134 -1138.7475 -1266.1643
p1->2 0.099120617 -1266.1643 -1138.7475
((C.PraslinWest:0.000269107,B.PraslinPlaineHollandaise:0.00136998):0.0122338,A.PraslinPasquereRiver:0):0.00305704 B.PraslinPlaineHollandaise:0.00136998
p1->2 3.0968394e-07 -1341.6773 -1138.7475
Trying A.PraslinPasquereRiver F.Curieuse
A.PraslinPasquereRiver:0 F.Curieuse:0.00615056
1->2 0.098679066 -1341.6767 -1138.7475
2->1 0.60196745 -936.32004 -1138.7475
p2->1 0.72419119 -1246.5415 -936.32004
Trying B.PraslinPlaineHollandaise A.PraslinPasquereRiver
B.PraslinPlaineHollandaise:0.000769766 A.PraslinPasquereRiver:0.0270067
Trying D.LaDigue A.PraslinPasquereRiver
D.LaDigue:0.00347428 A.PraslinPasquereRiver:0.0270067
1->2 0.052000277 -1225.7054 -936.32004
2->1 0.13057403 -1088.2334 -936.32004
p1->2 0.021776898 -1334.1574 -936.32004
p2->1 0.13057403 -1088.2334 -936.32004
D.LaDigue:0.00533405 ((C.PraslinWest:0.000667256,B.PraslinPlaineHollandaise:0.000771163):0.0111528,A.PraslinPasquereRiver:0):0.00327826
1->2 0.28501752 -852.88161 -936.32004
p1->2 0.098679066 -1341.6767 -852.88161
p2->1 0.24859969 -1268.3459 -852.88161
Trying D.LaDigue G.MaheSouth
D.LaDigue:0.00703295 G.MaheSouth:0.00777805
1->2 3.0968394e-07 -1341.6769 -852.88161
2->1 0.038899023 -1229.8527 -852.88161
p1->2 4.030861e-06 -1341.6767 -852.88161
p2->1 0.023888497 -1337.2654 -852.88161
Trying E.MaheNorth F.Curieuse
E.MaheNorth:0.00955491 F.Curieuse:0.00615384
1->2 0.26325375 -706.43442 -852.88161
2->1 0.14225058 -889.33363 -706.43442
p1->2 0.31732842 -841.46492 -706.43442
p2->1 0.1747673 -1098.5258 -706.43442
Trying E.MaheNorth G.MaheSouth
E.MaheNorth:0.0149496 G.MaheSouth:0.00776079
1->2 0.084956534 -819.93373 -706.43442
2->1 0.33689713 -819.93373 -706.43442
p2->1 4.0751289e-05 -1341.6768 -706.43442
Trying F.Curieuse E.MaheNorth
F.Curieuse:0.00615056 E.MaheNorth:0.00955501
Trying F.Curieuse PML
F.Curieuse:0.00615056 PML:0.872558
1->2 0.19616486 -927.45132 -706.43442
2->1 0.011671776 -1318.3675 -706.43442
p1->2 0.31972772 -832.0136 -706.43442
Trying G.MaheSouth D.LaDigue
G.MaheSouth:0.00648078 D.LaDigue:0.00338514
Trying G.MaheSouth E.MaheNorth
G.MaheSouth:0.00648078 E.MaheNorth:0.00908758
Migration added
Local updates around node 1: 0 ln(lk):-706.43442 
Local updates around node 2: 1 ln(lk):-674.49765 
Updates in migration position: 0 ln(lk):-674.49765 
Switches in migration direction: 0 ln(lk):-674.49765 
Local updates around node 1: 0 ln(lk):-674.49765 
Local updates around node 2: 0 ln(lk):-674.49765 
Switches in migration direction: 0 ln(lk):-674.49765 
Updates in migration position: 0 ln(lk):-674.49765 
Trying all local rearrangements
Local rearrangements: 0 ln(lk):-674.49765 
Flipping migration edge
Flipping migration edge
ln(likelihood):-674.49762 
Targeting migration to vicinity of:
E.MaheNorth G.MaheSouth
F.Curieuse D.LaDigue
B.PraslinPlaineHollandaise A.PraslinPasquereRiver
C.PraslinWest PML

B.PraslinPlaineHollandaise A.PraslinPasquereRiver
C.PraslinWest PML
E.MaheNorth G.MaheSouth
G.MaheSouth E.MaheNorth
F.Curieuse D.LaDigue
Trying B.PraslinPlaineHollandaise A.PraslinPasquereRiver
B.PraslinPlaineHollandaise:0.00076903 A.PraslinPasquereRiver:0
1->2 0.074515007 -621.6825 -674.49762
2->1 0.13340558 -570.23495 -621.6825
p1->2 0.048166141 -658.15215 -570.23495
p2->1 0.13404581 -568.85539 -570.23495
Trying C.PraslinWest PML
C.PraslinWest:9.95164e-05 PML:0.876702
1->2 0.069499247 -368.07803 -568.85539
2->1 0.05029849 -496.39094 -368.07803
p1->2 0.090205498 -342.12663 -368.07803
p2->1 0.05029849 -496.39101 -342.12663
((B.PraslinPlaineHollandaise:0.000348408,C.PraslinWest:0.00116501):0.00351667,(F.Curieuse:0.0207205,A.PraslinPasquereRiver:1.15443e-05):0.00177068):0.00564763 PML:0.876541
1->2 0.11431409 -333.91121 -342.12663
2->1 0.11431409 -283.05353 -333.91121
p1->2 0.3627215 -659.41448 -283.05353
p2->1 0.20468213 -301.53878 -283.05353
(B.PraslinPlaineHollandaise:0.000769047,C.PraslinWest:0.000665141):0.0031496 PML:0.876825
2->1 0.034437578 -546.00434 -283.05353
p2->1 0.062041372 -555.30284 -283.05353
Trying E.MaheNorth G.MaheSouth
E.MaheNorth:0.00944105 G.MaheSouth:0.00767099
1->2 0.11741191 -186.96346 -283.05353
2->1 0.092128001 -217.08073 -186.96346
p2->1 6.2255936e-07 -674.49756 -186.96346
Trying F.Curieuse D.LaDigue
F.Curieuse:0.020742 D.LaDigue:0.0075007
1->2 0.024693295 -527.75194 -186.96346
2->1 0.017593713 -622.37274 -186.96346
p1->2 3.9682749e-07 -674.49759 -186.96346
p2->1 0.0085036624 -664.8961 -186.96346
F.Curieuse:0.0214573 (PML:0.876624,D.LaDigue:0.0075073):0.00190129
1->2 0.097651966 -275.5959 -186.96346
p1->2 0.12572485 -301.52585 -186.96346
Trying G.MaheSouth E.MaheNorth
G.MaheSouth:0.00713163 E.MaheNorth:0.00918201
Migration added
Local updates around node 1: 0 ln(lk):-186.96346 
Local updates around node 2: 0 ln(lk):-186.96346 
Updates in migration position: 2 ln(lk):-53.096649 
Switches in migration direction: 2 ln(lk):73.508242 
Local updates around node 1: 0 ln(lk):73.508242 
Local updates around node 2: 0 ln(lk):73.508242 
Switches in migration direction: 0 ln(lk):73.508242 
Updates in migration position: 0 ln(lk):73.508242 
Trying all local rearrangements
Local rearrangements: 1 ln(lk):325.81172 
Local updates around node 1: 0 ln(lk):325.81172 
Local updates around node 2: 0 ln(lk):325.81172 
Switches in migration direction: 0 ln(lk):325.81172 
Updates in migration position: 2 ln(lk):326.45948 
Local updates around node 1: 0 ln(lk):326.45948 
Local updates around node 2: 0 ln(lk):326.45948 
Switches in migration direction: 0 ln(lk):326.45948 
Updates in migration position: 0 ln(lk):326.45948 
Trying all local rearrangements
Local rearrangements: 0 ln(lk):326.45948 
Flipping migration edge
Flipping migration edge
ln(likelihood):326.65511 
Targeting migration to vicinity of:
D.LaDigue G.MaheSouth
E.MaheNorth PML
E.MaheNorth C.PraslinWest
B.PraslinPlaineHollandaise D.LaDigue

B.PraslinPlaineHollandaise D.LaDigue
D.LaDigue B.PraslinPlaineHollandaise
C.PraslinWest E.MaheNorth
C.PraslinWest G.MaheSouth
D.LaDigue G.MaheSouth
E.MaheNorth C.PraslinWest
G.MaheSouth C.PraslinWest
G.MaheSouth D.LaDigue
E.MaheNorth PML
Trying B.PraslinPlaineHollandaise D.LaDigue
B.PraslinPlaineHollandaise:0.00084758 D.LaDigue:0.00554463
1->2 0.088098921 330.12994 326.65511
2->1 0.011538696 328.136 330.12994
p2->1 0.0013479175 326.6615 330.12994
Trying C.PraslinWest E.MaheNorth
C.PraslinWest:0.000611686 E.MaheNorth:0.0189581
1->2 0.0027120281 327.21427 330.12994
2->1 0.018294288 341.32837 330.12994
p1->2 0.0022034352 326.99236 341.32837
p2->1 0.02218041 339.61745 341.32837
C.PraslinWest:0.00081431 (G.MaheSouth:0.00674458,E.MaheNorth:0.0189602):0.00124013
1->2 0.0030654953 326.92978 341.32837
p1->2 0.0020544988 326.67462 341.32837
p2->1 0.025814667 339.33458 341.32837
Trying C.PraslinWest G.MaheSouth
C.PraslinWest:0.000842584 G.MaheSouth:0.00674684
1->2 3.0968394e-07 326.65507 341.32837
2->1 0.020519698 339.57818 341.32837
p1->2 0.00052181922 326.66046 341.32837
C.PraslinWest:0.000615227 (E.MaheNorth:0.0189556,G.MaheSouth:0.00675605):0.00124465
Trying D.LaDigue B.PraslinPlaineHollandaise
(D.LaDigue:0.00554494,(B.PraslinPlaineHollandaise:0.000847572,C.PraslinWest:0.000615227):0.00284489):0.00250448 B.PraslinPlaineHollandaise:0.000847572
p1->2 5.6427712e-07 326.65507 341.32837
D.LaDigue:0.00554463 B.PraslinPlaineHollandaise:0.000847583
Trying D.LaDigue G.MaheSouth
D.LaDigue:0.00554463 G.MaheSouth:0.00674647
1->2 0.011093902 329.18851 341.32837
2->1 0.0055716191 329.29614 341.32837
p1->2 0.00052181922 326.66046 341.32837
p2->1 1.1085649e-05 326.65511 341.32837
Trying E.MaheNorth C.PraslinWest
E.MaheNorth:0.0189583 C.PraslinWest:0.000615199
(E.MaheNorth:0.0189583,G.MaheSouth:0.00674648):0.00124264 C.PraslinWest:0.000615199
Trying E.MaheNorth PML
E.MaheNorth:0.0189583 PML:0.878213
1->2 0.0048566568 329.41566 341.32837
2->1 7.7262215e-05 329.44399 341.32837
p1->2 4.0925456e-06 326.65511 341.32837
Trying G.MaheSouth C.PraslinWest
G.MaheSouth:0.00674647 C.PraslinWest:0.000615197
(G.MaheSouth:0.00674647,E.MaheNorth:0.0189583):0.00124262 C.PraslinWest:0.000615197
Trying G.MaheSouth D.LaDigue
G.MaheSouth:0.00674647 D.LaDigue:0.00554462
Migration added
Local updates around node 1: 0 ln(lk):341.32837 
Local updates around node 2: 0 ln(lk):341.32837 
Updates in migration position: 1 ln(lk):341.6437 
Switches in migration direction: 0 ln(lk):341.6437 
Local updates around node 1: 0 ln(lk):341.6437 
Local updates around node 2: 0 ln(lk):341.6437 
Switches in migration direction: 0 ln(lk):341.6437 
Updates in migration position: 0 ln(lk):341.6437 
Trying all local rearrangements
Local rearrangements: 0 ln(lk):341.6437 
ln(likelihood):343.60521 
DONE.
