
TreeMix v. 1.13
$Revision: 231 $

npop:8 nsnp:17094256
WARNING: no counts at SNP 5431404 population 0
WARNING: no counts at SNP 5431404 population 2
WARNING: no counts at SNP 5431404 population 3
WARNING: no counts at SNP 5431404 population 4
WARNING: no counts at SNP 5431404 population 5
WARNING: no counts at SNP 5431405 population 0
WARNING: no counts at SNP 5431405 population 2
WARNING: no counts at SNP 5431405 population 3
WARNING: no counts at SNP 5431405 population 4
WARNING: no counts at SNP 5431405 population 5
WARNING: no counts at SNP 5431406 population 0
WARNING: no counts at SNP 5431406 population 2
WARNING: no counts at SNP 5431406 population 3
WARNING: no counts at SNP 5431406 population 5
WARNING: no counts at SNP 5431407 population 0
WARNING: no counts at SNP 5431407 population 2
WARNING: no counts at SNP 5431407 population 3
WARNING: no counts at SNP 5431407 population 5
WARNING: no counts at SNP 5431408 population 0
WARNING: no counts at SNP 5431408 population 2
WARNING: no counts at SNP 5431408 population 3
WARNING: no counts at SNP 5431408 population 4
WARNING: no counts at SNP 5431408 population 5
WARNING: no counts at SNP 5431409 population 0
WARNING: no counts at SNP 5431409 population 2
WARNING: no counts at SNP 5431409 population 3
WARNING: no counts at SNP 5431409 population 4
WARNING: no counts at SNP 5431409 population 5
WARNING: no counts at SNP 5431410 population 0
WARNING: no counts at SNP 5431410 population 2
WARNING: no counts at SNP 5431410 population 3
WARNING: no counts at SNP 5431410 population 5
WARNING: no counts at SNP 5431411 population 0
WARNING: no counts at SNP 5431411 population 2
WARNING: no counts at SNP 5431411 population 3
WARNING: no counts at SNP 5431411 population 4
WARNING: no counts at SNP 5431411 population 5
WARNING: no counts at SNP 5431412 population 2
WARNING: no counts at SNP 5431412 population 3
WARNING: no counts at SNP 5431412 population 5
WARNING: no counts at SNP 5431413 population 2
WARNING: no counts at SNP 5431413 population 3
WARNING: no counts at SNP 5431413 population 5
WARNING: no counts at SNP 5431414 population 2
WARNING: no counts at SNP 5431414 population 3
WARNING: no counts at SNP 5431414 population 5
WARNING: no counts at SNP 5431415 population 2
WARNING: no counts at SNP 5431415 population 3
WARNING: no counts at SNP 5431415 population 5
WARNING: no counts at SNP 5431416 population 2
WARNING: no counts at SNP 5431416 population 3
WARNING: no counts at SNP 5431416 population 5
WARNING: no counts at SNP 5431417 population 2
WARNING: no counts at SNP 5431417 population 3
WARNING: no counts at SNP 5431417 population 5
WARNING: no counts at SNP 5431418 population 2
WARNING: no counts at SNP 5431418 population 3
WARNING: no counts at SNP 5431418 population 5
WARNING: no counts at SNP 5431419 population 2
WARNING: no counts at SNP 5431419 population 3
WARNING: no counts at SNP 5431419 population 5
WARNING: no counts at SNP 5431420 population 2
WARNING: no counts at SNP 5431420 population 3
WARNING: no counts at SNP 5431420 population 5
WARNING: no counts at SNP 5431421 population 2
WARNING: no counts at SNP 5431421 population 3
WARNING: no counts at SNP 5431421 population 5
WARNING: no counts at SNP 5431422 population 0
WARNING: no counts at SNP 5431422 population 2
WARNING: no counts at SNP 5431422 population 3
WARNING: no counts at SNP 5431422 population 4
WARNING: no counts at SNP 5431422 population 5
WARNING: no counts at SNP 5431423 population 0
WARNING: no counts at SNP 5431423 population 2
WARNING: no counts at SNP 5431423 population 3
WARNING: no counts at SNP 5431423 population 5
WARNING: no counts at SNP 5431424 population 2
WARNING: no counts at SNP 5431424 population 3
WARNING: no counts at SNP 5431424 population 4
WARNING: no counts at SNP 5431424 population 5
WARNING: no counts at SNP 5431425 population 2
WARNING: no counts at SNP 5431425 population 3
WARNING: no counts at SNP 5431425 population 5
WARNING: no counts at SNP 5431426 population 2
WARNING: no counts at SNP 5431426 population 3
WARNING: no counts at SNP 5431426 population 5
WARNING: no counts at SNP 5431427 population 2
WARNING: no counts at SNP 5431427 population 3
WARNING: no counts at SNP 5431427 population 5
WARNING: no counts at SNP 5431428 population 2
WARNING: no counts at SNP 5431428 population 3
WARNING: no counts at SNP 5431428 population 5
WARNING: no counts at SNP 5431429 population 2
WARNING: no counts at SNP 5431429 population 3
WARNING: no counts at SNP 5431429 population 5
WARNING: no counts at SNP 5431430 population 2
WARNING: no counts at SNP 5431430 population 3
WARNING: no counts at SNP 5431430 population 5
WARNING: no counts at SNP 5431431 population 2
WARNING: no counts at SNP 5431431 population 3
WARNING: no counts at SNP 5431431 population 5
WARNING: no counts at SNP 5431432 population 2
WARNING: no counts at SNP 5431432 population 3
WARNING: no counts at SNP 5431432 population 5
WARNING: no counts at SNP 5431433 population 2
WARNING: no counts at SNP 5431433 population 3
WARNING: no counts at SNP 5431433 population 5
WARNING: no counts at SNP 5431434 population 2
WARNING: no counts at SNP 5431434 population 3
WARNING: no counts at SNP 5431434 population 5
WARNING: no counts at SNP 5431435 population 1
WARNING: no counts at SNP 5431435 population 2
WARNING: no counts at SNP 5431435 population 3
WARNING: no counts at SNP 5431435 population 5
WARNING: no counts at SNP 5431436 population 1
WARNING: no counts at SNP 5431436 population 2
WARNING: no counts at SNP 5431436 population 3
WARNING: no counts at SNP 5431436 population 5
WARNING: no counts at SNP 5431437 population 1
WARNING: no counts at SNP 5431437 population 2
WARNING: no counts at SNP 5431437 population 3
WARNING: no counts at SNP 5431437 population 5
WARNING: no counts at SNP 5431438 population 1
WARNING: no counts at SNP 5431438 population 2
WARNING: no counts at SNP 5431438 population 3
WARNING: no counts at SNP 5431438 population 5
WARNING: no counts at SNP 5431439 population 2
WARNING: no counts at SNP 5431439 population 3
WARNING: no counts at SNP 5431439 population 5
WARNING: no counts at SNP 5431440 population 2
WARNING: no counts at SNP 5431440 population 3
WARNING: no counts at SNP 5431440 population 5
WARNING: no counts at SNP 5431441 population 2
WARNING: no counts at SNP 5431441 population 3
WARNING: no counts at SNP 5431441 population 5
WARNING: no counts at SNP 5431442 population 2
WARNING: no counts at SNP 5431442 population 3
WARNING: no counts at SNP 5431442 population 5
WARNING: no counts at SNP 5431443 population 2
WARNING: no counts at SNP 5431443 population 3
WARNING: no counts at SNP 5431443 population 5
WARNING: no counts at SNP 5431444 population 2
WARNING: no counts at SNP 5431444 population 3
WARNING: no counts at SNP 5431444 population 5
WARNING: no counts at SNP 5431445 population 2
WARNING: no counts at SNP 5431445 population 3
WARNING: no counts at SNP 5431445 population 4
WARNING: no counts at SNP 5431445 population 5
WARNING: no counts at SNP 5431446 population 2
WARNING: no counts at SNP 5431446 population 3
WARNING: no counts at SNP 5431446 population 5
WARNING: no counts at SNP 5431447 population 2
WARNING: no counts at SNP 5431447 population 3
WARNING: no counts at SNP 5431447 population 5
WARNING: no counts at SNP 5431448 population 2
WARNING: no counts at SNP 5431448 population 3
WARNING: no counts at SNP 5431448 population 4
WARNING: no counts at SNP 5431448 population 5
WARNING: no counts at SNP 5431449 population 2
WARNING: no counts at SNP 5431449 population 3
WARNING: no counts at SNP 5431449 population 4
WARNING: no counts at SNP 5431449 population 5
WARNING: no counts at SNP 5431450 population 2
WARNING: no counts at SNP 5431450 population 3
WARNING: no counts at SNP 5431450 population 4
WARNING: no counts at SNP 5431450 population 5
WARNING: no counts at SNP 5431451 population 2
WARNING: no counts at SNP 5431451 population 3
WARNING: no counts at SNP 5431451 population 4
WARNING: no counts at SNP 5431451 population 5
WARNING: no counts at SNP 5431452 population 2
WARNING: no counts at SNP 5431452 population 3
WARNING: no counts at SNP 5431452 population 4
WARNING: no counts at SNP 5431452 population 5
WARNING: no counts at SNP 5431453 population 2
WARNING: no counts at SNP 5431453 population 3
WARNING: no counts at SNP 5431453 population 4
WARNING: no counts at SNP 5431453 population 5
WARNING: no counts at SNP 5431454 population 2
WARNING: no counts at SNP 5431454 population 3
WARNING: no counts at SNP 5431454 population 4
WARNING: no counts at SNP 5431454 population 5
WARNING: no counts at SNP 5431455 population 2
WARNING: no counts at SNP 5431455 population 3
WARNING: no counts at SNP 5431455 population 4
WARNING: no counts at SNP 5431455 population 5
WARNING: no counts at SNP 5431456 population 2
WARNING: no counts at SNP 5431456 population 3
WARNING: no counts at SNP 5431456 population 4
WARNING: no counts at SNP 5431456 population 5
WARNING: no counts at SNP 5431457 population 2
WARNING: no counts at SNP 5431457 population 3
WARNING: no counts at SNP 5431457 population 4
WARNING: no counts at SNP 5431457 population 5
WARNING: no counts at SNP 5431458 population 2
WARNING: no counts at SNP 5431458 population 3
WARNING: no counts at SNP 5431458 population 4
WARNING: no counts at SNP 5431458 population 5
WARNING: no counts at SNP 5431459 population 2
WARNING: no counts at SNP 5431459 population 3
WARNING: no counts at SNP 5431459 population 4
WARNING: no counts at SNP 5431459 population 5
WARNING: no counts at SNP 5431460 population 2
WARNING: no counts at SNP 5431460 population 3
WARNING: no counts at SNP 5431460 population 4
WARNING: no counts at SNP 5431460 population 5
WARNING: no counts at SNP 5431461 population 2
WARNING: no counts at SNP 5431461 population 3
WARNING: no counts at SNP 5431461 population 4
WARNING: no counts at SNP 5431461 population 5
WARNING: no counts at SNP 5431462 population 2
WARNING: no counts at SNP 5431462 population 3
WARNING: no counts at SNP 5431462 population 4
WARNING: no counts at SNP 5431462 population 5
WARNING: no counts at SNP 5431463 population 2
WARNING: no counts at SNP 5431463 population 3
WARNING: no counts at SNP 5431463 population 4
WARNING: no counts at SNP 5431463 population 5
WARNING: no counts at SNP 5431464 population 2
WARNING: no counts at SNP 5431464 population 3
WARNING: no counts at SNP 5431464 population 4
WARNING: no counts at SNP 5431464 population 5
WARNING: no counts at SNP 5431465 population 2
WARNING: no counts at SNP 5431465 population 3
WARNING: no counts at SNP 5431465 population 5
WARNING: no counts at SNP 5431466 population 2
WARNING: no counts at SNP 5431466 population 3
WARNING: no counts at SNP 5431466 population 5
WARNING: no counts at SNP 5431467 population 2
WARNING: no counts at SNP 5431467 population 3
WARNING: no counts at SNP 5431467 population 5
WARNING: no counts at SNP 5431468 population 2
WARNING: no counts at SNP 5431468 population 3
WARNING: no counts at SNP 5431468 population 5
WARNING: no counts at SNP 5431469 population 2
WARNING: no counts at SNP 5431469 population 3
WARNING: no counts at SNP 5431469 population 5
WARNING: no counts at SNP 5431470 population 2
WARNING: no counts at SNP 5431470 population 3
WARNING: no counts at SNP 5431470 population 5
WARNING: no counts at SNP 5431471 population 2
WARNING: no counts at SNP 5431471 population 3
WARNING: no counts at SNP 5431471 population 5
WARNING: no counts at SNP 5431472 population 2
WARNING: no counts at SNP 5431472 population 3
WARNING: no counts at SNP 5431472 population 5
WARNING: no counts at SNP 5431473 population 2
WARNING: no counts at SNP 5431473 population 3
WARNING: no counts at SNP 5431473 population 5
WARNING: no counts at SNP 5431474 population 2
WARNING: no counts at SNP 5431474 population 3
WARNING: no counts at SNP 5431474 population 5
WARNING: no counts at SNP 5431475 population 2
WARNING: no counts at SNP 5431475 population 3
WARNING: no counts at SNP 5431475 population 5
WARNING: no counts at SNP 5431476 population 2
WARNING: no counts at SNP 5431476 population 3
WARNING: no counts at SNP 5431476 population 5
WARNING: no counts at SNP 5431477 population 0
WARNING: no counts at SNP 5431477 population 1
WARNING: no counts at SNP 5431477 population 2
WARNING: no counts at SNP 5431477 population 3
WARNING: no counts at SNP 5431477 population 5
WARNING: no counts at SNP 5431478 population 0
WARNING: no counts at SNP 5431478 population 2
WARNING: no counts at SNP 5431478 population 3
WARNING: no counts at SNP 5431478 population 4
WARNING: no counts at SNP 5431478 population 5
WARNING: no counts at SNP 5431479 population 0
WARNING: no counts at SNP 5431479 population 2
WARNING: no counts at SNP 5431479 population 3
WARNING: no counts at SNP 5431479 population 5
WARNING: no counts at SNP 5431480 population 0
WARNING: no counts at SNP 5431480 population 2
WARNING: no counts at SNP 5431480 population 3
WARNING: no counts at SNP 5431480 population 4
WARNING: no counts at SNP 5431480 population 5
WARNING: no counts at SNP 5431481 population 0
WARNING: no counts at SNP 5431481 population 2
WARNING: no counts at SNP 5431481 population 3
WARNING: no counts at SNP 5431481 population 4
WARNING: no counts at SNP 5431481 population 5
WARNING: no counts at SNP 5431482 population 2
WARNING: no counts at SNP 5431482 population 3
WARNING: no counts at SNP 5431482 population 4
WARNING: no counts at SNP 5431482 population 5
WARNING: no counts at SNP 5431483 population 2
WARNING: no counts at SNP 5431483 population 3
WARNING: no counts at SNP 5431483 population 4
WARNING: no counts at SNP 5431483 population 5
WARNING: no counts at SNP 5431484 population 2
WARNING: no counts at SNP 5431484 population 3
WARNING: no counts at SNP 5431484 population 4
WARNING: no counts at SNP 5431484 population 5
WARNING: no counts at SNP 5431485 population 2
WARNING: no counts at SNP 5431485 population 3
WARNING: no counts at SNP 5431485 population 4
WARNING: no counts at SNP 5431485 population 5
WARNING: no counts at SNP 5431486 population 0
WARNING: no counts at SNP 5431486 population 2
WARNING: no counts at SNP 5431486 population 3
WARNING: no counts at SNP 5431486 population 4
WARNING: no counts at SNP 5431486 population 5
WARNING: no counts at SNP 5431487 population 0
WARNING: no counts at SNP 5431487 population 2
WARNING: no counts at SNP 5431487 population 3
WARNING: no counts at SNP 5431487 population 4
WARNING: no counts at SNP 5431487 population 5
WARNING: no counts at SNP 5431488 population 0
WARNING: no counts at SNP 5431488 population 2
WARNING: no counts at SNP 5431488 population 3
WARNING: no counts at SNP 5431488 population 4
WARNING: no counts at SNP 5431488 population 5
WARNING: no counts at SNP 5431489 population 0
WARNING: no counts at SNP 5431489 population 2
WARNING: no counts at SNP 5431489 population 3
WARNING: no counts at SNP 5431489 population 4
WARNING: no counts at SNP 5431489 population 5
WARNING: no counts at SNP 5431490 population 0
WARNING: no counts at SNP 5431490 population 2
WARNING: no counts at SNP 5431490 population 3
WARNING: no counts at SNP 5431490 population 4
WARNING: no counts at SNP 5431490 population 5
WARNING: no counts at SNP 5431491 population 0
WARNING: no counts at SNP 5431491 population 2
WARNING: no counts at SNP 5431491 population 3
WARNING: no counts at SNP 5431491 population 4
WARNING: no counts at SNP 5431491 population 5
WARNING: no counts at SNP 5431492 population 0
WARNING: no counts at SNP 5431492 population 2
WARNING: no counts at SNP 5431492 population 3
WARNING: no counts at SNP 5431492 population 4
WARNING: no counts at SNP 5431492 population 5
WARNING: no counts at SNP 5431493 population 0
WARNING: no counts at SNP 5431493 population 2
WARNING: no counts at SNP 5431493 population 3
WARNING: no counts at SNP 5431493 population 4
WARNING: no counts at SNP 5431493 population 5
WARNING: no counts at SNP 5431494 population 0
WARNING: no counts at SNP 5431494 population 2
WARNING: no counts at SNP 5431494 population 3
WARNING: no counts at SNP 5431494 population 4
WARNING: no counts at SNP 5431494 population 5
WARNING: no counts at SNP 5431495 population 0
WARNING: no counts at SNP 5431495 population 2
WARNING: no counts at SNP 5431495 population 3
WARNING: no counts at SNP 5431495 population 4
WARNING: no counts at SNP 5431495 population 5
WARNING: no counts at SNP 5431496 population 0
WARNING: no counts at SNP 5431496 population 2
WARNING: no counts at SNP 5431496 population 3
WARNING: no counts at SNP 5431496 population 4
WARNING: no counts at SNP 5431496 population 5
WARNING: no counts at SNP 5431497 population 0
WARNING: no counts at SNP 5431497 population 2
WARNING: no counts at SNP 5431497 population 3
WARNING: no counts at SNP 5431497 population 4
WARNING: no counts at SNP 5431497 population 5
WARNING: no counts at SNP 5431498 population 0
WARNING: no counts at SNP 5431498 population 2
WARNING: no counts at SNP 5431498 population 3
WARNING: no counts at SNP 5431498 population 4
WARNING: no counts at SNP 5431498 population 5
WARNING: no counts at SNP 5431499 population 0
WARNING: no counts at SNP 5431499 population 2
WARNING: no counts at SNP 5431499 population 3
WARNING: no counts at SNP 5431499 population 4
WARNING: no counts at SNP 5431499 population 5
WARNING: no counts at SNP 5431500 population 0
WARNING: no counts at SNP 5431500 population 2
WARNING: no counts at SNP 5431500 population 3
WARNING: no counts at SNP 5431500 population 4
WARNING: no counts at SNP 5431500 population 5
WARNING: no counts at SNP 5431501 population 0
WARNING: no counts at SNP 5431501 population 2
WARNING: no counts at SNP 5431501 population 3
WARNING: no counts at SNP 5431501 population 4
WARNING: no counts at SNP 5431501 population 5
WARNING: no counts at SNP 5431502 population 0
WARNING: no counts at SNP 5431502 population 2
WARNING: no counts at SNP 5431502 population 3
WARNING: no counts at SNP 5431502 population 4
WARNING: no counts at SNP 5431502 population 5
WARNING: no counts at SNP 5431503 population 0
WARNING: no counts at SNP 5431503 population 2
WARNING: no counts at SNP 5431503 population 3
WARNING: no counts at SNP 5431503 population 4
WARNING: no counts at SNP 5431503 population 5
WARNING: no counts at SNP 5431504 population 0
WARNING: no counts at SNP 5431504 population 2
WARNING: no counts at SNP 5431504 population 3
WARNING: no counts at SNP 5431504 population 4
WARNING: no counts at SNP 5431504 population 5
WARNING: no counts at SNP 5431505 population 0
WARNING: no counts at SNP 5431505 population 2
WARNING: no counts at SNP 5431505 population 3
WARNING: no counts at SNP 5431505 population 4
WARNING: no counts at SNP 5431505 population 5
WARNING: no counts at SNP 5431506 population 0
WARNING: no counts at SNP 5431506 population 2
WARNING: no counts at SNP 5431506 population 3
WARNING: no counts at SNP 5431506 population 4
WARNING: no counts at SNP 5431506 population 5
WARNING: no counts at SNP 5431507 population 2
WARNING: no counts at SNP 5431507 population 3
WARNING: no counts at SNP 5431507 population 4
WARNING: no counts at SNP 5431507 population 5
WARNING: no counts at SNP 5431508 population 2
WARNING: no counts at SNP 5431508 population 3
WARNING: no counts at SNP 5431508 population 4
WARNING: no counts at SNP 5431508 population 5
WARNING: no counts at SNP 5431509 population 2
WARNING: no counts at SNP 5431509 population 3
WARNING: no counts at SNP 5431509 population 4
WARNING: no counts at SNP 5431509 population 5
WARNING: no counts at SNP 5431510 population 2
WARNING: no counts at SNP 5431510 population 3
WARNING: no counts at SNP 5431510 population 4
WARNING: no counts at SNP 5431510 population 5
WARNING: no counts at SNP 5431511 population 2
WARNING: no counts at SNP 5431511 population 3
WARNING: no counts at SNP 5431511 population 4
WARNING: no counts at SNP 5431511 population 5
WARNING: no counts at SNP 5431512 population 2
WARNING: no counts at SNP 5431512 population 3
WARNING: no counts at SNP 5431512 population 4
WARNING: no counts at SNP 5431512 population 5
WARNING: no counts at SNP 5431513 population 2
WARNING: no counts at SNP 5431513 population 3
WARNING: no counts at SNP 5431513 population 4
WARNING: no counts at SNP 5431513 population 5
WARNING: no counts at SNP 5431514 population 2
WARNING: no counts at SNP 5431514 population 3
WARNING: no counts at SNP 5431514 population 4
WARNING: no counts at SNP 5431514 population 5
WARNING: no counts at SNP 5431515 population 2
WARNING: no counts at SNP 5431515 population 3
WARNING: no counts at SNP 5431515 population 4
WARNING: no counts at SNP 5431515 population 5
WARNING: no counts at SNP 5431516 population 0
WARNING: no counts at SNP 5431516 population 2
WARNING: no counts at SNP 5431516 population 3
WARNING: no counts at SNP 5431516 population 4
WARNING: no counts at SNP 5431516 population 5
WARNING: no counts at SNP 5431517 population 0
WARNING: no counts at SNP 5431517 population 2
WARNING: no counts at SNP 5431517 population 3
WARNING: no counts at SNP 5431517 population 5
WARNING: no counts at SNP 5431518 population 0
WARNING: no counts at SNP 5431518 population 2
WARNING: no counts at SNP 5431518 population 3
WARNING: no counts at SNP 5431518 population 5
WARNING: no counts at SNP 5431519 population 0
WARNING: no counts at SNP 5431519 population 2
WARNING: no counts at SNP 5431519 population 3
WARNING: no counts at SNP 5431519 population 4
WARNING: no counts at SNP 5431519 population 5
WARNING: no counts at SNP 5431520 population 0
WARNING: no counts at SNP 5431520 population 1
WARNING: no counts at SNP 5431520 population 2
WARNING: no counts at SNP 5431520 population 3
WARNING: no counts at SNP 5431520 population 4
WARNING: no counts at SNP 5431520 population 5
WARNING: no counts at SNP 5431521 population 0
WARNING: no counts at SNP 5431521 population 2
WARNING: no counts at SNP 5431521 population 3
WARNING: no counts at SNP 5431521 population 4
WARNING: no counts at SNP 5431521 population 5
WARNING: no counts at SNP 5431522 population 0
WARNING: no counts at SNP 5431522 population 2
WARNING: no counts at SNP 5431522 population 3
WARNING: no counts at SNP 5431522 population 4
WARNING: no counts at SNP 5431522 population 5
WARNING: no counts at SNP 5431523 population 0
WARNING: no counts at SNP 5431523 population 2
WARNING: no counts at SNP 5431523 population 3
WARNING: no counts at SNP 5431523 population 5
WARNING: no counts at SNP 5431524 population 0
WARNING: no counts at SNP 5431524 population 2
WARNING: no counts at SNP 5431524 population 3
WARNING: no counts at SNP 5431524 population 5
WARNING: no counts at SNP 5431525 population 0
WARNING: no counts at SNP 5431525 population 2
WARNING: no counts at SNP 5431525 population 3
WARNING: no counts at SNP 5431525 population 5
WARNING: no counts at SNP 5431526 population 0
WARNING: no counts at SNP 5431526 population 1
WARNING: no counts at SNP 5431526 population 2
WARNING: no counts at SNP 5431526 population 3
WARNING: no counts at SNP 5431526 population 4
WARNING: no counts at SNP 5431526 population 5
WARNING: no counts at SNP 5431527 population 0
WARNING: no counts at SNP 5431527 population 2
WARNING: no counts at SNP 5431527 population 3
WARNING: no counts at SNP 5431527 population 4
WARNING: no counts at SNP 5431527 population 5
WARNING: no counts at SNP 5431528 population 0
WARNING: no counts at SNP 5431528 population 1
WARNING: no counts at SNP 5431528 population 2
WARNING: no counts at SNP 5431528 population 3
WARNING: no counts at SNP 5431528 population 4
WARNING: no counts at SNP 5431528 population 5
WARNING: no counts at SNP 5431529 population 0
WARNING: no counts at SNP 5431529 population 1
WARNING: no counts at SNP 5431529 population 2
WARNING: no counts at SNP 5431529 population 3
WARNING: no counts at SNP 5431529 population 4
WARNING: no counts at SNP 5431529 population 5
WARNING: no counts at SNP 5431530 population 0
WARNING: no counts at SNP 5431530 population 2
WARNING: no counts at SNP 5431530 population 3
WARNING: no counts at SNP 5431530 population 4
WARNING: no counts at SNP 5431530 population 5
WARNING: no counts at SNP 5431531 population 0
WARNING: no counts at SNP 5431531 population 2
WARNING: no counts at SNP 5431531 population 3
WARNING: no counts at SNP 5431531 population 4
WARNING: no counts at SNP 5431531 population 5
WARNING: no counts at SNP 5431532 population 2
WARNING: no counts at SNP 5431532 population 3
WARNING: no counts at SNP 5431532 population 4
WARNING: no counts at SNP 5431532 population 5
WARNING: no counts at SNP 5431533 population 2
WARNING: no counts at SNP 5431533 population 3
WARNING: no counts at SNP 5431533 population 4
WARNING: no counts at SNP 5431533 population 5
WARNING: no counts at SNP 5431534 population 2
WARNING: no counts at SNP 5431534 population 3
WARNING: no counts at SNP 5431534 population 4
WARNING: no counts at SNP 5431534 population 5
WARNING: no counts at SNP 5431535 population 2
WARNING: no counts at SNP 5431535 population 3
WARNING: no counts at SNP 5431535 population 4
WARNING: no counts at SNP 5431535 population 5
WARNING: no counts at SNP 5431536 population 2
WARNING: no counts at SNP 5431536 population 3
WARNING: no counts at SNP 5431536 population 4
WARNING: no counts at SNP 5431536 population 5
WARNING: no counts at SNP 5431537 population 2
WARNING: no counts at SNP 5431537 population 3
WARNING: no counts at SNP 5431537 population 4
WARNING: no counts at SNP 5431537 population 5
WARNING: no counts at SNP 5431538 population 2
WARNING: no counts at SNP 5431538 population 3
WARNING: no counts at SNP 5431538 population 4
WARNING: no counts at SNP 5431538 population 5
WARNING: no counts at SNP 5431539 population 2
WARNING: no counts at SNP 5431539 population 3
WARNING: no counts at SNP 5431539 population 4
WARNING: no counts at SNP 5431539 population 5
WARNING: no counts at SNP 5431540 population 0
WARNING: no counts at SNP 5431540 population 2
WARNING: no counts at SNP 5431540 population 3
WARNING: no counts at SNP 5431540 population 4
WARNING: no counts at SNP 5431540 population 5
WARNING: no counts at SNP 5431541 population 0
WARNING: no counts at SNP 5431541 population 2
WARNING: no counts at SNP 5431541 population 3
WARNING: no counts at SNP 5431541 population 5
WARNING: no counts at SNP 5431542 population 2
WARNING: no counts at SNP 5431542 population 3
WARNING: no counts at SNP 5431542 population 4
WARNING: no counts at SNP 5431542 population 5
WARNING: no counts at SNP 5431543 population 2
WARNING: no counts at SNP 5431543 population 3
WARNING: no counts at SNP 5431543 population 4
WARNING: no counts at SNP 5431543 population 5
WARNING: no counts at SNP 5431544 population 2
WARNING: no counts at SNP 5431544 population 3
WARNING: no counts at SNP 5431544 population 5
WARNING: no counts at SNP 5431545 population 2
WARNING: no counts at SNP 5431545 population 3
WARNING: no counts at SNP 5431545 population 5
WARNING: no counts at SNP 5431546 population 2
WARNING: no counts at SNP 5431546 population 3
WARNING: no counts at SNP 5431546 population 5
WARNING: no counts at SNP 5431547 population 2
WARNING: no counts at SNP 5431547 population 3
WARNING: no counts at SNP 5431547 population 5
WARNING: no counts at SNP 5431548 population 2
WARNING: no counts at SNP 5431548 population 3
WARNING: no counts at SNP 5431548 population 5
WARNING: no counts at SNP 5431549 population 2
WARNING: no counts at SNP 5431549 population 3
WARNING: no counts at SNP 5431549 population 5
WARNING: no counts at SNP 5431550 population 2
WARNING: no counts at SNP 5431550 population 3
WARNING: no counts at SNP 5431550 population 5
WARNING: no counts at SNP 5431551 population 2
WARNING: no counts at SNP 5431551 population 3
WARNING: no counts at SNP 5431551 population 5
WARNING: no counts at SNP 5431552 population 2
WARNING: no counts at SNP 5431552 population 3
WARNING: no counts at SNP 5431552 population 5
WARNING: no counts at SNP 5431553 population 2
WARNING: no counts at SNP 5431553 population 3
WARNING: no counts at SNP 5431553 population 5
WARNING: no counts at SNP 5431554 population 2
WARNING: no counts at SNP 5431554 population 3
WARNING: no counts at SNP 5431554 population 5
WARNING: no counts at SNP 5431555 population 2
WARNING: no counts at SNP 5431555 population 3
WARNING: no counts at SNP 5431555 population 5
WARNING: no counts at SNP 5431556 population 2
WARNING: no counts at SNP 5431556 population 3
WARNING: no counts at SNP 5431556 population 5
WARNING: no counts at SNP 5431557 population 2
WARNING: no counts at SNP 5431557 population 3
WARNING: no counts at SNP 5431557 population 5
WARNING: no counts at SNP 5431558 population 2
WARNING: no counts at SNP 5431558 population 3
WARNING: no counts at SNP 5431558 population 5
WARNING: no counts at SNP 5431559 population 2
WARNING: no counts at SNP 5431559 population 3
WARNING: no counts at SNP 5431559 population 5
WARNING: no counts at SNP 5431560 population 2
WARNING: no counts at SNP 5431560 population 3
WARNING: no counts at SNP 5431560 population 5
WARNING: no counts at SNP 5431561 population 2
WARNING: no counts at SNP 5431561 population 3
WARNING: no counts at SNP 5431561 population 5
WARNING: no counts at SNP 5431562 population 2
WARNING: no counts at SNP 5431562 population 3
WARNING: no counts at SNP 5431562 population 5
WARNING: no counts at SNP 5431563 population 2
WARNING: no counts at SNP 5431563 population 3
WARNING: no counts at SNP 5431563 population 4
WARNING: no counts at SNP 5431563 population 5
WARNING: no counts at SNP 5431564 population 2
WARNING: no counts at SNP 5431564 population 3
WARNING: no counts at SNP 5431564 population 4
WARNING: no counts at SNP 5431564 population 5
WARNING: no counts at SNP 5431565 population 2
WARNING: no counts at SNP 5431565 population 3
WARNING: no counts at SNP 5431565 population 4
WARNING: no counts at SNP 5431565 population 5
WARNING: no counts at SNP 5431566 population 2
WARNING: no counts at SNP 5431566 population 3
WARNING: no counts at SNP 5431566 population 5
WARNING: no counts at SNP 5431567 population 2
WARNING: no counts at SNP 5431567 population 3
WARNING: no counts at SNP 5431567 population 5
WARNING: no counts at SNP 5431568 population 2
WARNING: no counts at SNP 5431568 population 3
WARNING: no counts at SNP 5431568 population 5
WARNING: no counts at SNP 5431569 population 0
WARNING: no counts at SNP 5431569 population 2
WARNING: no counts at SNP 5431569 population 3
WARNING: no counts at SNP 5431569 population 4
WARNING: no counts at SNP 5431569 population 5
WARNING: no counts at SNP 5431570 population 0
WARNING: no counts at SNP 5431570 population 2
WARNING: no counts at SNP 5431570 population 3
WARNING: no counts at SNP 5431570 population 5
WARNING: no counts at SNP 5431571 population 0
WARNING: no counts at SNP 5431571 population 2
WARNING: no counts at SNP 5431571 population 3
WARNING: no counts at SNP 5431571 population 4
WARNING: no counts at SNP 5431571 population 5
WARNING: no counts at SNP 5431572 population 2
WARNING: no counts at SNP 5431572 population 3
WARNING: no counts at SNP 5431572 population 4
WARNING: no counts at SNP 5431572 population 5
WARNING: no counts at SNP 5431573 population 2
WARNING: no counts at SNP 5431573 population 3
WARNING: no counts at SNP 5431573 population 4
WARNING: no counts at SNP 5431573 population 5
WARNING: no counts at SNP 5431574 population 0
WARNING: no counts at SNP 5431574 population 2
WARNING: no counts at SNP 5431574 population 3
WARNING: no counts at SNP 5431574 population 4
WARNING: no counts at SNP 5431574 population 5
WARNING: no counts at SNP 5431575 population 0
WARNING: no counts at SNP 5431575 population 2
WARNING: no counts at SNP 5431575 population 3
WARNING: no counts at SNP 5431575 population 4
WARNING: no counts at SNP 5431575 population 5
WARNING: no counts at SNP 5431576 population 0
WARNING: no counts at SNP 5431576 population 2
WARNING: no counts at SNP 5431576 population 3
WARNING: no counts at SNP 5431576 population 4
WARNING: no counts at SNP 5431576 population 5
WARNING: no counts at SNP 5431577 population 0
WARNING: no counts at SNP 5431577 population 2
WARNING: no counts at SNP 5431577 population 3
WARNING: no counts at SNP 5431577 population 5
WARNING: no counts at SNP 5431578 population 0
WARNING: no counts at SNP 5431578 population 2
WARNING: no counts at SNP 5431578 population 3
WARNING: no counts at SNP 5431578 population 5
WARNING: no counts at SNP 5431579 population 0
WARNING: no counts at SNP 5431579 population 2
WARNING: no counts at SNP 5431579 population 3
WARNING: no counts at SNP 5431579 population 4
WARNING: no counts at SNP 5431579 population 5
WARNING: no counts at SNP 5431580 population 0
WARNING: no counts at SNP 5431580 population 2
WARNING: no counts at SNP 5431580 population 3
WARNING: no counts at SNP 5431580 population 5
WARNING: no counts at SNP 5431581 population 0
WARNING: no counts at SNP 5431581 population 2
WARNING: no counts at SNP 5431581 population 3
WARNING: no counts at SNP 5431581 population 5
WARNING: no counts at SNP 5431582 population 0
WARNING: no counts at SNP 5431582 population 2
WARNING: no counts at SNP 5431582 population 3
WARNING: no counts at SNP 5431582 population 5
WARNING: no counts at SNP 5431583 population 0
WARNING: no counts at SNP 5431583 population 2
WARNING: no counts at SNP 5431583 population 3
WARNING: no counts at SNP 5431583 population 5
WARNING: no counts at SNP 5431584 population 0
WARNING: no counts at SNP 5431584 population 2
WARNING: no counts at SNP 5431584 population 3
WARNING: no counts at SNP 5431584 population 5
WARNING: no counts at SNP 5431585 population 0
WARNING: no counts at SNP 5431585 population 2
WARNING: no counts at SNP 5431585 population 3
WARNING: no counts at SNP 5431585 population 5
WARNING: no counts at SNP 5431586 population 0
WARNING: no counts at SNP 5431586 population 2
WARNING: no counts at SNP 5431586 population 3
WARNING: no counts at SNP 5431586 population 5
WARNING: no counts at SNP 5431587 population 0
WARNING: no counts at SNP 5431587 population 2
WARNING: no counts at SNP 5431587 population 3
WARNING: no counts at SNP 5431587 population 5
WARNING: no counts at SNP 5431588 population 0
WARNING: no counts at SNP 5431588 population 2
WARNING: no counts at SNP 5431588 population 3
WARNING: no counts at SNP 5431588 population 5
WARNING: no counts at SNP 5431589 population 0
WARNING: no counts at SNP 5431589 population 2
WARNING: no counts at SNP 5431589 population 3
WARNING: no counts at SNP 5431589 population 5
WARNING: no counts at SNP 5431590 population 0
WARNING: no counts at SNP 5431590 population 2
WARNING: no counts at SNP 5431590 population 3
WARNING: no counts at SNP 5431590 population 5
WARNING: no counts at SNP 5431591 population 0
WARNING: no counts at SNP 5431591 population 2
WARNING: no counts at SNP 5431591 population 3
WARNING: no counts at SNP 5431591 population 5
WARNING: no counts at SNP 5431592 population 0
WARNING: no counts at SNP 5431592 population 2
WARNING: no counts at SNP 5431592 population 3
WARNING: no counts at SNP 5431592 population 5
WARNING: no counts at SNP 5431593 population 0
WARNING: no counts at SNP 5431593 population 2
WARNING: no counts at SNP 5431593 population 3
WARNING: no counts at SNP 5431593 population 5
WARNING: no counts at SNP 5431594 population 0
WARNING: no counts at SNP 5431594 population 2
WARNING: no counts at SNP 5431594 population 3
WARNING: no counts at SNP 5431594 population 5
WARNING: no counts at SNP 5431595 population 0
WARNING: no counts at SNP 5431595 population 2
WARNING: no counts at SNP 5431595 population 3
WARNING: no counts at SNP 5431595 population 5
WARNING: no counts at SNP 5431596 population 0
WARNING: no counts at SNP 5431596 population 2
WARNING: no counts at SNP 5431596 population 3
WARNING: no counts at SNP 5431596 population 5
WARNING: no counts at SNP 5431597 population 0
WARNING: no counts at SNP 5431597 population 2
WARNING: no counts at SNP 5431597 population 3
WARNING: no counts at SNP 5431597 population 5
WARNING: no counts at SNP 5431598 population 0
WARNING: no counts at SNP 5431598 population 2
WARNING: no counts at SNP 5431598 population 3
WARNING: no counts at SNP 5431598 population 5
WARNING: no counts at SNP 5431599 population 0
WARNING: no counts at SNP 5431599 population 2
WARNING: no counts at SNP 5431599 population 3
WARNING: no counts at SNP 5431599 population 5
WARNING: no counts at SNP 5431600 population 0
WARNING: no counts at SNP 5431600 population 2
WARNING: no counts at SNP 5431600 population 3
WARNING: no counts at SNP 5431600 population 5
WARNING: no counts at SNP 5431601 population 0
WARNING: no counts at SNP 5431601 population 2
WARNING: no counts at SNP 5431601 population 3
WARNING: no counts at SNP 5431601 population 5
WARNING: no counts at SNP 5431602 population 0
WARNING: no counts at SNP 5431602 population 2
WARNING: no counts at SNP 5431602 population 3
WARNING: no counts at SNP 5431602 population 5
WARNING: no counts at SNP 5431603 population 0
WARNING: no counts at SNP 5431603 population 2
WARNING: no counts at SNP 5431603 population 3
WARNING: no counts at SNP 5431603 population 5
WARNING: no counts at SNP 5431604 population 0
WARNING: no counts at SNP 5431604 population 2
WARNING: no counts at SNP 5431604 population 3
WARNING: no counts at SNP 5431604 population 5
WARNING: no counts at SNP 5431605 population 0
WARNING: no counts at SNP 5431605 population 2
WARNING: no counts at SNP 5431605 population 3
WARNING: no counts at SNP 5431605 population 5
WARNING: no counts at SNP 5431606 population 0
WARNING: no counts at SNP 5431606 population 2
WARNING: no counts at SNP 5431606 population 3
WARNING: no counts at SNP 5431606 population 5
WARNING: no counts at SNP 5431607 population 0
WARNING: no counts at SNP 5431607 population 1
WARNING: no counts at SNP 5431607 population 2
WARNING: no counts at SNP 5431607 population 3
WARNING: no counts at SNP 5431607 population 5
WARNING: no counts at SNP 5431608 population 0
WARNING: no counts at SNP 5431608 population 2
WARNING: no counts at SNP 5431608 population 3
WARNING: no counts at SNP 5431608 population 4
WARNING: no counts at SNP 5431608 population 5
WARNING: no counts at SNP 5431609 population 0
WARNING: no counts at SNP 5431609 population 2
WARNING: no counts at SNP 5431609 population 3
WARNING: no counts at SNP 5431609 population 4
WARNING: no counts at SNP 5431609 population 5
Estimating covariance matrix in 85471 blocks of size 200
SEED: 1585230444
Starting from:
(E.MaheNorth:0.0190567,(F.Curieuse:0.0088817,C.PraslinWest:0.00571634):0.0190567);
Adding B.PraslinPlaineHollandaise [4/8]
ln(likelihood): -5277306.1 
(E.MaheNorth:0.0182099,(F.Curieuse:0.0114264,(C.PraslinWest:0.00428775,B.PraslinPlaineHollandaise:0.00441771):0.00587789):0.0182099);
Adding PML [5/8]
ln(likelihood): -2357.2568 
((F.Curieuse:0.00722816,(C.PraslinWest:0.000532293,B.PraslinPlaineHollandaise:0.000681304):0.00515197):0.00135261,(E.MaheNorth:0.0103636,PML:0.881234):0.00135261);
Adding A.PraslinPasquereRiver [6/8]
ln(likelihood): -9777.1238 
((F.Curieuse:0.00687886,((C.PraslinWest:0.000719573,B.PraslinPlaineHollandaise:0.000801274):0.00343259,A.PraslinPasquereRiver:0.00178522):0.00198585):0.00168864,(E.MaheNorth:0.0096904,PML:0.880663):0.00168864);
Adding D.LaDigue [7/8]
ln(likelihood): -18803.175 
((E.MaheNorth:0.0101216,PML:0.880697):0.000737347,((F.Curieuse:0.00698285,((C.PraslinWest:0.000798576,B.PraslinPlaineHollandaise:0.00088018):0.00320742,A.PraslinPasquereRiver:0.00192851):0.00155839):0.00200423,D.LaDigue:0.00119823):0.000737347);
Adding G.MaheSouth [8/8]
ln(likelihood): -16114.827 
(((E.MaheNorth:0.00933947,G.MaheSouth:0.0079892):0.00070598,((F.Curieuse:0.00682727,((C.PraslinWest:0.000665079,B.PraslinPlaineHollandaise:0.000768967):0.00317639,A.PraslinPasquereRiver:0.00181502):0.00162901):0.00174811,D.LaDigue:0.00116022):0.0019485):0.44021,PML:0.44021);
Testing global rearrangements
E.MaheNorth:0.00933947 F.Curieuse:0.00682727
-52833.899 -16114.827
E.MaheNorth:0.00933947 (F.Curieuse:0.00682727,((C.PraslinWest:0.000665079,B.PraslinPlaineHollandaise:0.000768967):0.00317639,A.PraslinPasquereRiver:0.00181502):0.00162901):0.00174811
-31320.157 -16114.827
E.MaheNorth:0.00933947 C.PraslinWest:0.000665079
-147418.51 -16114.827
E.MaheNorth:0.00933947 (C.PraslinWest:0.000665079,B.PraslinPlaineHollandaise:0.000768967):0.00317639
-88983.3 -16114.827
E.MaheNorth:0.00933947 B.PraslinPlaineHollandaise:0.000768967
-147418.51 -16114.827
E.MaheNorth:0.00933947 ((C.PraslinWest:0.000665079,B.PraslinPlaineHollandaise:0.000768967):0.00317639,A.PraslinPasquereRiver:0.00181502):0.00162901
-51859.373 -16114.827
E.MaheNorth:0.00933947 A.PraslinPasquereRiver:0.00181502
-88983.3 -16114.827
(E.MaheNorth:0.00933947,G.MaheSouth:0.0079892):0.00070598 PML:0.44021
-16114.827 -16114.827
G.MaheSouth:0.0079892 F.Curieuse:0.00682727
-62538.75 -16114.827
G.MaheSouth:0.0079892 C.PraslinWest:0.000665079
-168211.41 -16114.827
G.MaheSouth:0.0079892 PML:0.44021
-16313.32 -16114.827
F.Curieuse:0.00682727 E.MaheNorth:0.00933947
-56904.975 -16114.827
F.Curieuse:0.00682727 (E.MaheNorth:0.00933947,G.MaheSouth:0.0079892):0.00070598
-42754.996 -16114.827
F.Curieuse:0.00682727 G.MaheSouth:0.0079892
-56904.975 -16114.827
F.Curieuse:0.00682727 A.PraslinPasquereRiver:0.00181502
-25959.204 -16114.827
C.PraslinWest:0.000665079 E.MaheNorth:0.00933947
-172175.66 -16114.827
C.PraslinWest:0.000665079 A.PraslinPasquereRiver:0.00181502
-42693.51 -16114.827
C.PraslinWest:0.000665079 D.LaDigue:0.00116022
-97594.515 -16114.827
A.PraslinPasquereRiver:0.00181502 E.MaheNorth:0.00933947
-117134.58 -16114.827
A.PraslinPasquereRiver:0.00181502 F.Curieuse:0.00682727
-25959.204 -16114.827
A.PraslinPasquereRiver:0.00181502 C.PraslinWest:0.000665079
-42693.51 -16114.827
D.LaDigue:0.00116022 C.PraslinWest:0.000665079
-81355.002 -16114.827
D.LaDigue:0.00116022 (C.PraslinWest:0.000665079,B.PraslinPlaineHollandaise:0.000768967):0.00317639
-42158.337 -16114.827
D.LaDigue:0.00116022 B.PraslinPlaineHollandaise:0.000768967
-81355.002 -16114.827
D.LaDigue:0.00116022 PML:0.44021
-26044.979 -16114.827
PML:0.44021 E.MaheNorth:0.00933947
-16500.69 -16114.827
PML:0.44021 (E.MaheNorth:0.00933947,G.MaheSouth:0.0079892):0.00070598
-16114.827 -16114.827
PML:0.44021 G.MaheSouth:0.0079892
-16313.32 -16114.827
PML:0.44021 D.LaDigue:0.00116022
-26044.979 -16114.827
Set root above PML
Targeting migration to vicinity of:
PML D.LaDigue
F.Curieuse A.PraslinPasquereRiver
E.MaheNorth F.Curieuse
B.PraslinPlaineHollandaise D.LaDigue

C.PraslinWest D.LaDigue
B.PraslinPlaineHollandaise D.LaDigue
A.PraslinPasquereRiver F.Curieuse
E.MaheNorth F.Curieuse
F.Curieuse A.PraslinPasquereRiver
A.PraslinPasquereRiver F.Curieuse
D.LaDigue C.PraslinWest
D.LaDigue B.PraslinPlaineHollandaise
PML D.LaDigue
Trying A.PraslinPasquereRiver F.Curieuse
A.PraslinPasquereRiver:0.00181502 F.Curieuse:0.00682727
1->2 0.42340454 -11831.926 -16114.827
2->1 0.28155011 -11108.601 -11831.926
p2->1 4.0751289e-05 -16114.842 -11108.601
Trying B.PraslinPlaineHollandaise D.LaDigue
(C.PraslinWest:0.000665079,B.PraslinPlaineHollandaise:0.000768967):0.00317633 D.LaDigue:0.00116022
1->2 0.34421873 -9058.6635 -11108.601
2->1 0.39270377 -7604.0024 -9058.6635
p1->2 0.39258492 -13548 -7604.0024
p2->1 0.42340454 -11825.463 -7604.0024
B.PraslinPlaineHollandaise:0.000770792 D.LaDigue:0.00116133
1->2 0.35011595 -8824.7338 -7604.0024
2->1 0.072206646 -15930.542 -7604.0024
p2->1 6.2353583e-06 -16114.848 -7604.0024
Trying C.PraslinWest D.LaDigue
(C.PraslinWest:0.000665041,B.PraslinPlaineHollandaise:0.000769014):0.00317643 D.LaDigue:0.00116022
C.PraslinWest:0.000665041 D.LaDigue:0.00116022
1->2 0.35011595 -8824.7338 -7604.0024
2->1 0.16046172 -14159.777 -7604.0024
p2->1 0.15147577 -14978.828 -7604.0024
Trying D.LaDigue B.PraslinPlaineHollandaise
D.LaDigue:0.00115704 (B.PraslinPlaineHollandaise:0,C.PraslinWest:0.00219942):0.00389779
D.LaDigue:0.00115704 B.PraslinPlaineHollandaise:0
Trying D.LaDigue C.PraslinWest
D.LaDigue:0.00115704 (B.PraslinPlaineHollandaise:0,C.PraslinWest:0.00219942):0.00389779
D.LaDigue:0.00115704 C.PraslinWest:0.00219942
Trying E.MaheNorth F.Curieuse
E.MaheNorth:0.00934042 (F.Curieuse:0.00672911,(A.PraslinPasquereRiver:0.00157144,(B.PraslinPlaineHollandaise:0,C.PraslinWest:0.00219942):0.00389779):0.00179359):0.00188103
1->2 0.28155011 -11748.395 -7604.0024
2->1 0.29624414 -13482.841 -7604.0024
p1->2 0.37906268 -14528.201 -7604.0024
p2->1 0.79610515 -15305.946 -7604.0024
E.MaheNorth:0.24853 F.Curieuse:0.00682727
1->2 0.28884163 -12486.174 -7604.0024
2->1 0.30009097 -12371.841 -7604.0024
p1->2 0.32391575 -12986.966 -7604.0024
(G.MaheSouth:0.00789439,E.MaheNorth:0.00924466):0.000912408 F.Curieuse:0.0172848
2->1 0.52988678 -10265.703 -7604.0024
p1->2 0.35196939 -13245.498 -7604.0024
p2->1 0.50737166 -14340.77 -7604.0024
Trying F.Curieuse A.PraslinPasquereRiver
F.Curieuse:0.00682727 A.PraslinPasquereRiver:0.00181502
Trying PML D.LaDigue
PML:0.438323 D.LaDigue:0.000183316
1->2 0.017555457 -12096.634 -7604.0024
2->1 0.31046814 -14398.121 -7604.0024
p2->1 0.95669675 -16114.827 -7604.0024
Migration added
Local updates around node 1: 0 ln(lk):-7604.0024 
Local updates around node 2: 0 ln(lk):-7604.0024 
Updates in migration position: 0 ln(lk):-7604.0024 
Switches in migration direction: 0 ln(lk):-7604.0024 
ln(likelihood):-7604.008 
Targeting migration to vicinity of:
PML D.LaDigue
E.MaheNorth F.Curieuse
PML G.MaheSouth
B.PraslinPlaineHollandaise A.PraslinPasquereRiver

E.MaheNorth F.Curieuse
PML D.LaDigue
PML G.MaheSouth
Trying E.MaheNorth F.Curieuse
E.MaheNorth:0.00934314 F.Curieuse:0.00600649
1->2 0.23288332 -5746.1735 -7604.008
2->1 0.28528348 -4314.4263 -5746.1735
p1->2 0.31465739 -6147.7988 -4314.4263
p2->1 0.32737961 -4684.4387 -4314.4263
E.MaheNorth:0.0229405 ((A.PraslinPasquereRiver:0,(C.PraslinWest:0.000669075,B.PraslinPlaineHollandaise:0.000772963):0.0118652):0.00309218,F.Curieuse:0.00595795):0.00323152
1->2 0.38732609 -3256.416 -4314.4263
p1->2 0.48780826 -5918.6639 -3256.416
p2->1 0.40306544 -6756.859 -3256.416
(G.MaheSouth:0.00654535,E.MaheNorth:0.0284867):0.00185459 F.Curieuse:0.00601096
2->1 0.40517294 -4246.1422 -3256.416
p1->2 0.38240144 -6276.3644 -3256.416
p2->1 0.99714512 -4697.1608 -3256.416
Trying PML D.LaDigue
PML:0 D.LaDigue:0.000429093
1->2 0.11319975 -3291.9784 -3256.416
2->1 0.29034957 -5747.2359 -3256.416
p2->1 0.95669675 -7604.008 -3256.416
Trying PML G.MaheSouth
PML:234.758 G.MaheSouth:0.00799288
1->2 0.33689713 -6787.9481 -3256.416
2->1 0.59104955 -6693.2347 -3256.416
p2->1 0.95669675 -7604.008 -3256.416
Migration added
Local updates around node 1: 0 ln(lk):-3256.416 
Local updates around node 2: 0 ln(lk):-3256.416 
Updates in migration position: 1 ln(lk):-3166.62 
Switches in migration direction: 0 ln(lk):-3166.62 
Local updates around node 1: 0 ln(lk):-3166.62 
Local updates around node 2: 0 ln(lk):-3166.62 
Switches in migration direction: 0 ln(lk):-3166.62 
Updates in migration position: 0 ln(lk):-3166.62 
Trying all local rearrangements
Local rearrangements: 0 ln(lk):-3166.62 
ln(likelihood):-3164.003 
Targeting migration to vicinity of:
PML D.LaDigue
B.PraslinPlaineHollandaise A.PraslinPasquereRiver
B.PraslinPlaineHollandaise D.LaDigue
C.PraslinWest D.LaDigue

B.PraslinPlaineHollandaise A.PraslinPasquereRiver
A.PraslinPasquereRiver B.PraslinPlaineHollandaise
C.PraslinWest D.LaDigue
B.PraslinPlaineHollandaise D.LaDigue
C.PraslinWest D.LaDigue
B.PraslinPlaineHollandaise D.LaDigue
PML D.LaDigue
Trying A.PraslinPasquereRiver B.PraslinPlaineHollandaise
A.PraslinPasquereRiver:0 B.PraslinPlaineHollandaise:0.000774434
1->2 0.093710199 -2996.1875 -3164.003
2->1 0.1482245 -2910.3112 -2996.1875
p1->2 0.093710199 -2996.1875 -2910.3112
((C.PraslinWest:0.000292421,B.PraslinPlaineHollandaise:0.0013402):0.0118886,A.PraslinPasquereRiver:0):0.00305921 B.PraslinPlaineHollandaise:0.0013402
p1->2 0.018254535 -3147.6831 -2910.3112
Trying B.PraslinPlaineHollandaise A.PraslinPasquereRiver
B.PraslinPlaineHollandaise:0.00087031 A.PraslinPasquereRiver:0
Trying B.PraslinPlaineHollandaise D.LaDigue
(C.PraslinWest:0.000602593,B.PraslinPlaineHollandaise:0.00087031):0.0110802 D.LaDigue:0
1->2 0.04331401 -2467.0965 -2910.3112
2->1 4.0751289e-05 -3164.0254 -2467.0965
p1->2 0.050748754 -2827.9514 -2467.0965
B.PraslinPlaineHollandaise:0.000772719 D.LaDigue:0
1->2 0.064880505 -2471.2889 -2467.0965
2->1 6.2255936e-07 -3163.9863 -2467.0965
p2->1 6.2255936e-07 -3163.9863 -2467.0965
(A.PraslinPasquereRiver:0,(C.PraslinWest:0.000670545,B.PraslinPlaineHollandaise:0.000774436):0.0108991):0.00310019 D.LaDigue:0
2->1 0.19629203 -2431.9414 -2467.0965
p1->2 0.019130768 -3129.3808 -2431.9414
p2->1 0.19629203 -2431.9414 -2431.9414
Trying C.PraslinWest D.LaDigue
(C.PraslinWest:0.000668631,B.PraslinPlaineHollandaise:0.000772519):0.01075 D.LaDigue:0
C.PraslinWest:0.000668631 D.LaDigue:0
1->2 0.065536126 -2463.5782 -2431.9414
2->1 0.048166141 -3015.9986 -2431.9414
p2->1 0.048166141 -3015.9986 -2431.9414
(A.PraslinPasquereRiver:0,(B.PraslinPlaineHollandaise:0.000499347,C.PraslinWest:0.00102462):0.0115664):0.00314133 D.LaDigue:0
Trying PML D.LaDigue
PML:0.439811 D.LaDigue:0
1->2 0.011221911 -1786.9427 -2431.9414
2->1 0.030577701 -3164.003 -1786.9427
p2->1 0.030577701 -3164.003 -1786.9427
Migration added
Local updates around node 1: 0 ln(lk):-1786.9427 
Local updates around node 2: 0 ln(lk):-1786.9427 
Updates in migration position: 1 ln(lk):-1678.9182 
Switches in migration direction: 1 ln(lk):-1519.9627 
Local updates around node 1: 0 ln(lk):-1519.9627 
Local updates around node 2: 0 ln(lk):-1519.9627 
Switches in migration direction: 0 ln(lk):-1519.9627 
Updates in migration position: 1 ln(lk):-1171.8513 
Local updates around node 1: 0 ln(lk):-1171.8513 
Local updates around node 2: 0 ln(lk):-1171.8513 
Switches in migration direction: 0 ln(lk):-1171.8513 
Updates in migration position: 0 ln(lk):-1171.8513 
Trying all local rearrangements
Local rearrangements: 0 ln(lk):-1171.8513 
ln(likelihood):-1078.8598 
Targeting migration to vicinity of:
B.PraslinPlaineHollandaise A.PraslinPasquereRiver
F.Curieuse A.PraslinPasquereRiver
F.Curieuse G.MaheSouth
F.Curieuse PML

B.PraslinPlaineHollandaise A.PraslinPasquereRiver
A.PraslinPasquereRiver F.Curieuse
A.PraslinPasquereRiver B.PraslinPlaineHollandaise
F.Curieuse A.PraslinPasquereRiver
A.PraslinPasquereRiver F.Curieuse
A.PraslinPasquereRiver B.PraslinPlaineHollandaise
D.LaDigue A.PraslinPasquereRiver
F.Curieuse G.MaheSouth
F.Curieuse PML
Trying A.PraslinPasquereRiver B.PraslinPlaineHollandaise
A.PraslinPasquereRiver:0 B.PraslinPlaineHollandaise:0.000770678
1->2 0.092428312 -916.75141 -1078.8598
2->1 0.16811693 -790.33045 -916.75141
p1->2 0.092428312 -916.75141 -790.33045
((C.PraslinWest:0.000299294,B.PraslinPlaineHollandaise:0.00132261):0.0121077,A.PraslinPasquereRiver:0):0.0029443 B.PraslinPlaineHollandaise:0.00132261
p1->2 3.8719494e-07 -1078.8609 -790.33045
Trying A.PraslinPasquereRiver F.Curieuse
A.PraslinPasquereRiver:0 F.Curieuse:0.00620385
1->2 8.6377241e-07 -1078.8601 -790.33045
2->1 0.12610076 -566.32087 -790.33045
p1->2 0.39919356 -1078.8601 -566.32087
p2->1 0.095008008 -943.95282 -566.32087
Trying B.PraslinPlaineHollandaise A.PraslinPasquereRiver
B.PraslinPlaineHollandaise:0.000769919 A.PraslinPasquereRiver:0
Trying D.LaDigue A.PraslinPasquereRiver
D.LaDigue:0.00297445 A.PraslinPasquereRiver:0
1->2 0.039913025 -950.81623 -566.32087
2->1 0.092614345 -785.66822 -566.32087
p1->2 0.017694261 -1066.7031 -566.32087
p2->1 0.092614345 -785.66822 -566.32087
D.LaDigue:0.00408645 ((C.PraslinWest:0.000667062,B.PraslinPlaineHollandaise:0.00077095):0.0111304,A.PraslinPasquereRiver:0):0.00314732
1->2 0.22678308 -274.79985 -566.32087
p1->2 4.0751289e-05 -1078.8599 -274.79985
p2->1 0.24590679 -1011.4688 -274.79985
Trying F.Curieuse A.PraslinPasquereRiver
F.Curieuse:0.00614936 A.PraslinPasquereRiver:0
Trying F.Curieuse G.MaheSouth
F.Curieuse:0.00614936 (G.MaheSouth:0.00682499,E.MaheNorth:0.0173515):0.00117085
1->2 0.044743251 -837.87438 -274.79985
2->1 0.20656899 -332.62965 -274.79985
p1->2 6.1674319e-07 -1078.8598 -274.79985
p2->1 0.21773507 -337.94077 -274.79985
F.Curieuse:0.0114552 G.MaheSouth:0.00661765
1->2 0.04230709 -877.24302 -274.79985
2->1 0.1644669 -369.32922 -274.79985
p1->2 0.018023519 -1077.2161 -274.79985
Trying F.Curieuse PML
F.Curieuse:0.00620443 PML:0.873338
1->2 0.034363974 -1000.0693 -274.79985
2->1 0.025149457 -899.09914 -274.79985
p1->2 3.0968394e-07 -1078.8598 -274.79985
Migration added
Local updates around node 1: 0 ln(lk):-274.79985 
Local updates around node 2: 0 ln(lk):-274.79985 
Updates in migration position: 1 ln(lk):-255.88086 
Switches in migration direction: 0 ln(lk):-255.88086 
Local updates around node 1: 0 ln(lk):-255.88086 
Local updates around node 2: 0 ln(lk):-255.88086 
Switches in migration direction: 0 ln(lk):-255.88086 
Updates in migration position: 0 ln(lk):-255.88086 
Trying all local rearrangements
Local rearrangements: 0 ln(lk):-255.88086 
ln(likelihood):-227.70865 
Targeting migration to vicinity of:
B.PraslinPlaineHollandaise A.PraslinPasquereRiver
F.Curieuse A.PraslinPasquereRiver
E.MaheNorth C.PraslinWest
F.Curieuse D.LaDigue

B.PraslinPlaineHollandaise A.PraslinPasquereRiver
A.PraslinPasquereRiver F.Curieuse
A.PraslinPasquereRiver B.PraslinPlaineHollandaise
E.MaheNorth C.PraslinWest
F.Curieuse A.PraslinPasquereRiver
A.PraslinPasquereRiver F.Curieuse
A.PraslinPasquereRiver B.PraslinPlaineHollandaise
D.LaDigue F.Curieuse
F.Curieuse D.LaDigue
A.PraslinPasquereRiver F.Curieuse
D.LaDigue F.Curieuse
Trying A.PraslinPasquereRiver B.PraslinPlaineHollandaise
A.PraslinPasquereRiver:0 B.PraslinPlaineHollandaise:0.000769721
1->2 0.097336501 -59.232478 -227.70865
2->1 0.017394302 -184.17155 -59.232478
p1->2 0.050470028 -59.23245 -59.232478
p2->1 0.82084608 -188.38292 -59.23245
(A.PraslinPasquereRiver:0,(C.PraslinWest:0.000665287,B.PraslinPlaineHollandaise:0.000769175):0.0120993):0.00519593 B.PraslinPlaineHollandaise:0.000769175
p1->2 3.8719494e-07 -227.70993 -59.23245
Trying A.PraslinPasquereRiver F.Curieuse
A.PraslinPasquereRiver:0 F.Curieuse:0.00477058
1->2 6.2255936e-07 -227.70865 -59.23245
2->1 0.097336501 -49.120548 -59.23245
p1->2 4.0751289e-05 -227.70866 -49.120548
p2->1 0.22057226 -75.491772 -49.120548
Trying B.PraslinPlaineHollandaise A.PraslinPasquereRiver
B.PraslinPlaineHollandaise:0.000769043 A.PraslinPasquereRiver:0.000778652
Trying D.LaDigue F.Curieuse
D.LaDigue:0.00277237 F.Curieuse:0.0049979
1->2 0.0026159249 -227.65618 -49.120548
2->1 0.040135913 -123.96682 -49.120548
p1->2 5.6427712e-07 -227.70867 -49.120548
p2->1 0.30592677 -79.773089 -49.120548
Trying E.MaheNorth C.PraslinWest
(G.MaheSouth:0.00686639,E.MaheNorth:0.0166134):0.00114328 C.PraslinWest:0.000665223
1->2 0.040413067 -29.105986 -49.120548
2->1 0.010827526 -214.48418 -29.105986
p1->2 0.041983463 -29.272755 -29.105986
p2->1 0.0041454961 -221.35675 -29.105986
E.MaheNorth:0.0166097 C.PraslinWest:0.000665969
1->2 0.033068746 -20.354653 -29.105986
2->1 0.014303165 -207.74974 -20.354653
p2->1 0.0096984636 -208.98056 -20.354653
Trying F.Curieuse A.PraslinPasquereRiver
F.Curieuse:0.00477507 A.PraslinPasquereRiver:0
Trying F.Curieuse D.LaDigue
F.Curieuse:0.00477507 D.LaDigue:0.0028302
Migration added
Local updates around node 1: 0 ln(lk):-20.354653 
Local updates around node 2: 0 ln(lk):-20.354653 
Updates in migration position: 0 ln(lk):-20.354653 
Switches in migration direction: 0 ln(lk):-20.354653 
ln(likelihood):76.762955 
DONE.
