
TreeMix v. 1.13
$Revision: 231 $

npop:8 nsnp:17094256
WARNING: no counts at SNP 5431404 population 0
WARNING: no counts at SNP 5431404 population 2
WARNING: no counts at SNP 5431404 population 3
WARNING: no counts at SNP 5431404 population 4
WARNING: no counts at SNP 5431404 population 5
WARNING: no counts at SNP 5431405 population 0
WARNING: no counts at SNP 5431405 population 2
WARNING: no counts at SNP 5431405 population 3
WARNING: no counts at SNP 5431405 population 4
WARNING: no counts at SNP 5431405 population 5
WARNING: no counts at SNP 5431406 population 0
WARNING: no counts at SNP 5431406 population 2
WARNING: no counts at SNP 5431406 population 3
WARNING: no counts at SNP 5431406 population 5
WARNING: no counts at SNP 5431407 population 0
WARNING: no counts at SNP 5431407 population 2
WARNING: no counts at SNP 5431407 population 3
WARNING: no counts at SNP 5431407 population 5
WARNING: no counts at SNP 5431408 population 0
WARNING: no counts at SNP 5431408 population 2
WARNING: no counts at SNP 5431408 population 3
WARNING: no counts at SNP 5431408 population 4
WARNING: no counts at SNP 5431408 population 5
WARNING: no counts at SNP 5431409 population 0
WARNING: no counts at SNP 5431409 population 2
WARNING: no counts at SNP 5431409 population 3
WARNING: no counts at SNP 5431409 population 4
WARNING: no counts at SNP 5431409 population 5
WARNING: no counts at SNP 5431410 population 0
WARNING: no counts at SNP 5431410 population 2
WARNING: no counts at SNP 5431410 population 3
WARNING: no counts at SNP 5431410 population 5
WARNING: no counts at SNP 5431411 population 0
WARNING: no counts at SNP 5431411 population 2
WARNING: no counts at SNP 5431411 population 3
WARNING: no counts at SNP 5431411 population 4
WARNING: no counts at SNP 5431411 population 5
WARNING: no counts at SNP 5431412 population 2
WARNING: no counts at SNP 5431412 population 3
WARNING: no counts at SNP 5431412 population 5
WARNING: no counts at SNP 5431413 population 2
WARNING: no counts at SNP 5431413 population 3
WARNING: no counts at SNP 5431413 population 5
WARNING: no counts at SNP 5431414 population 2
WARNING: no counts at SNP 5431414 population 3
WARNING: no counts at SNP 5431414 population 5
WARNING: no counts at SNP 5431415 population 2
WARNING: no counts at SNP 5431415 population 3
WARNING: no counts at SNP 5431415 population 5
WARNING: no counts at SNP 5431416 population 2
WARNING: no counts at SNP 5431416 population 3
WARNING: no counts at SNP 5431416 population 5
WARNING: no counts at SNP 5431417 population 2
WARNING: no counts at SNP 5431417 population 3
WARNING: no counts at SNP 5431417 population 5
WARNING: no counts at SNP 5431418 population 2
WARNING: no counts at SNP 5431418 population 3
WARNING: no counts at SNP 5431418 population 5
WARNING: no counts at SNP 5431419 population 2
WARNING: no counts at SNP 5431419 population 3
WARNING: no counts at SNP 5431419 population 5
WARNING: no counts at SNP 5431420 population 2
WARNING: no counts at SNP 5431420 population 3
WARNING: no counts at SNP 5431420 population 5
WARNING: no counts at SNP 5431421 population 2
WARNING: no counts at SNP 5431421 population 3
WARNING: no counts at SNP 5431421 population 5
WARNING: no counts at SNP 5431422 population 0
WARNING: no counts at SNP 5431422 population 2
WARNING: no counts at SNP 5431422 population 3
WARNING: no counts at SNP 5431422 population 4
WARNING: no counts at SNP 5431422 population 5
WARNING: no counts at SNP 5431423 population 0
WARNING: no counts at SNP 5431423 population 2
WARNING: no counts at SNP 5431423 population 3
WARNING: no counts at SNP 5431423 population 5
WARNING: no counts at SNP 5431424 population 2
WARNING: no counts at SNP 5431424 population 3
WARNING: no counts at SNP 5431424 population 4
WARNING: no counts at SNP 5431424 population 5
WARNING: no counts at SNP 5431425 population 2
WARNING: no counts at SNP 5431425 population 3
WARNING: no counts at SNP 5431425 population 5
WARNING: no counts at SNP 5431426 population 2
WARNING: no counts at SNP 5431426 population 3
WARNING: no counts at SNP 5431426 population 5
WARNING: no counts at SNP 5431427 population 2
WARNING: no counts at SNP 5431427 population 3
WARNING: no counts at SNP 5431427 population 5
WARNING: no counts at SNP 5431428 population 2
WARNING: no counts at SNP 5431428 population 3
WARNING: no counts at SNP 5431428 population 5
WARNING: no counts at SNP 5431429 population 2
WARNING: no counts at SNP 5431429 population 3
WARNING: no counts at SNP 5431429 population 5
WARNING: no counts at SNP 5431430 population 2
WARNING: no counts at SNP 5431430 population 3
WARNING: no counts at SNP 5431430 population 5
WARNING: no counts at SNP 5431431 population 2
WARNING: no counts at SNP 5431431 population 3
WARNING: no counts at SNP 5431431 population 5
WARNING: no counts at SNP 5431432 population 2
WARNING: no counts at SNP 5431432 population 3
WARNING: no counts at SNP 5431432 population 5
WARNING: no counts at SNP 5431433 population 2
WARNING: no counts at SNP 5431433 population 3
WARNING: no counts at SNP 5431433 population 5
WARNING: no counts at SNP 5431434 population 2
WARNING: no counts at SNP 5431434 population 3
WARNING: no counts at SNP 5431434 population 5
WARNING: no counts at SNP 5431435 population 1
WARNING: no counts at SNP 5431435 population 2
WARNING: no counts at SNP 5431435 population 3
WARNING: no counts at SNP 5431435 population 5
WARNING: no counts at SNP 5431436 population 1
WARNING: no counts at SNP 5431436 population 2
WARNING: no counts at SNP 5431436 population 3
WARNING: no counts at SNP 5431436 population 5
WARNING: no counts at SNP 5431437 population 1
WARNING: no counts at SNP 5431437 population 2
WARNING: no counts at SNP 5431437 population 3
WARNING: no counts at SNP 5431437 population 5
WARNING: no counts at SNP 5431438 population 1
WARNING: no counts at SNP 5431438 population 2
WARNING: no counts at SNP 5431438 population 3
WARNING: no counts at SNP 5431438 population 5
WARNING: no counts at SNP 5431439 population 2
WARNING: no counts at SNP 5431439 population 3
WARNING: no counts at SNP 5431439 population 5
WARNING: no counts at SNP 5431440 population 2
WARNING: no counts at SNP 5431440 population 3
WARNING: no counts at SNP 5431440 population 5
WARNING: no counts at SNP 5431441 population 2
WARNING: no counts at SNP 5431441 population 3
WARNING: no counts at SNP 5431441 population 5
WARNING: no counts at SNP 5431442 population 2
WARNING: no counts at SNP 5431442 population 3
WARNING: no counts at SNP 5431442 population 5
WARNING: no counts at SNP 5431443 population 2
WARNING: no counts at SNP 5431443 population 3
WARNING: no counts at SNP 5431443 population 5
WARNING: no counts at SNP 5431444 population 2
WARNING: no counts at SNP 5431444 population 3
WARNING: no counts at SNP 5431444 population 5
WARNING: no counts at SNP 5431445 population 2
WARNING: no counts at SNP 5431445 population 3
WARNING: no counts at SNP 5431445 population 4
WARNING: no counts at SNP 5431445 population 5
WARNING: no counts at SNP 5431446 population 2
WARNING: no counts at SNP 5431446 population 3
WARNING: no counts at SNP 5431446 population 5
WARNING: no counts at SNP 5431447 population 2
WARNING: no counts at SNP 5431447 population 3
WARNING: no counts at SNP 5431447 population 5
WARNING: no counts at SNP 5431448 population 2
WARNING: no counts at SNP 5431448 population 3
WARNING: no counts at SNP 5431448 population 4
WARNING: no counts at SNP 5431448 population 5
WARNING: no counts at SNP 5431449 population 2
WARNING: no counts at SNP 5431449 population 3
WARNING: no counts at SNP 5431449 population 4
WARNING: no counts at SNP 5431449 population 5
WARNING: no counts at SNP 5431450 population 2
WARNING: no counts at SNP 5431450 population 3
WARNING: no counts at SNP 5431450 population 4
WARNING: no counts at SNP 5431450 population 5
WARNING: no counts at SNP 5431451 population 2
WARNING: no counts at SNP 5431451 population 3
WARNING: no counts at SNP 5431451 population 4
WARNING: no counts at SNP 5431451 population 5
WARNING: no counts at SNP 5431452 population 2
WARNING: no counts at SNP 5431452 population 3
WARNING: no counts at SNP 5431452 population 4
WARNING: no counts at SNP 5431452 population 5
WARNING: no counts at SNP 5431453 population 2
WARNING: no counts at SNP 5431453 population 3
WARNING: no counts at SNP 5431453 population 4
WARNING: no counts at SNP 5431453 population 5
WARNING: no counts at SNP 5431454 population 2
WARNING: no counts at SNP 5431454 population 3
WARNING: no counts at SNP 5431454 population 4
WARNING: no counts at SNP 5431454 population 5
WARNING: no counts at SNP 5431455 population 2
WARNING: no counts at SNP 5431455 population 3
WARNING: no counts at SNP 5431455 population 4
WARNING: no counts at SNP 5431455 population 5
WARNING: no counts at SNP 5431456 population 2
WARNING: no counts at SNP 5431456 population 3
WARNING: no counts at SNP 5431456 population 4
WARNING: no counts at SNP 5431456 population 5
WARNING: no counts at SNP 5431457 population 2
WARNING: no counts at SNP 5431457 population 3
WARNING: no counts at SNP 5431457 population 4
WARNING: no counts at SNP 5431457 population 5
WARNING: no counts at SNP 5431458 population 2
WARNING: no counts at SNP 5431458 population 3
WARNING: no counts at SNP 5431458 population 4
WARNING: no counts at SNP 5431458 population 5
WARNING: no counts at SNP 5431459 population 2
WARNING: no counts at SNP 5431459 population 3
WARNING: no counts at SNP 5431459 population 4
WARNING: no counts at SNP 5431459 population 5
WARNING: no counts at SNP 5431460 population 2
WARNING: no counts at SNP 5431460 population 3
WARNING: no counts at SNP 5431460 population 4
WARNING: no counts at SNP 5431460 population 5
WARNING: no counts at SNP 5431461 population 2
WARNING: no counts at SNP 5431461 population 3
WARNING: no counts at SNP 5431461 population 4
WARNING: no counts at SNP 5431461 population 5
WARNING: no counts at SNP 5431462 population 2
WARNING: no counts at SNP 5431462 population 3
WARNING: no counts at SNP 5431462 population 4
WARNING: no counts at SNP 5431462 population 5
WARNING: no counts at SNP 5431463 population 2
WARNING: no counts at SNP 5431463 population 3
WARNING: no counts at SNP 5431463 population 4
WARNING: no counts at SNP 5431463 population 5
WARNING: no counts at SNP 5431464 population 2
WARNING: no counts at SNP 5431464 population 3
WARNING: no counts at SNP 5431464 population 4
WARNING: no counts at SNP 5431464 population 5
WARNING: no counts at SNP 5431465 population 2
WARNING: no counts at SNP 5431465 population 3
WARNING: no counts at SNP 5431465 population 5
WARNING: no counts at SNP 5431466 population 2
WARNING: no counts at SNP 5431466 population 3
WARNING: no counts at SNP 5431466 population 5
WARNING: no counts at SNP 5431467 population 2
WARNING: no counts at SNP 5431467 population 3
WARNING: no counts at SNP 5431467 population 5
WARNING: no counts at SNP 5431468 population 2
WARNING: no counts at SNP 5431468 population 3
WARNING: no counts at SNP 5431468 population 5
WARNING: no counts at SNP 5431469 population 2
WARNING: no counts at SNP 5431469 population 3
WARNING: no counts at SNP 5431469 population 5
WARNING: no counts at SNP 5431470 population 2
WARNING: no counts at SNP 5431470 population 3
WARNING: no counts at SNP 5431470 population 5
WARNING: no counts at SNP 5431471 population 2
WARNING: no counts at SNP 5431471 population 3
WARNING: no counts at SNP 5431471 population 5
WARNING: no counts at SNP 5431472 population 2
WARNING: no counts at SNP 5431472 population 3
WARNING: no counts at SNP 5431472 population 5
WARNING: no counts at SNP 5431473 population 2
WARNING: no counts at SNP 5431473 population 3
WARNING: no counts at SNP 5431473 population 5
WARNING: no counts at SNP 5431474 population 2
WARNING: no counts at SNP 5431474 population 3
WARNING: no counts at SNP 5431474 population 5
WARNING: no counts at SNP 5431475 population 2
WARNING: no counts at SNP 5431475 population 3
WARNING: no counts at SNP 5431475 population 5
WARNING: no counts at SNP 5431476 population 2
WARNING: no counts at SNP 5431476 population 3
WARNING: no counts at SNP 5431476 population 5
WARNING: no counts at SNP 5431477 population 0
WARNING: no counts at SNP 5431477 population 1
WARNING: no counts at SNP 5431477 population 2
WARNING: no counts at SNP 5431477 population 3
WARNING: no counts at SNP 5431477 population 5
WARNING: no counts at SNP 5431478 population 0
WARNING: no counts at SNP 5431478 population 2
WARNING: no counts at SNP 5431478 population 3
WARNING: no counts at SNP 5431478 population 4
WARNING: no counts at SNP 5431478 population 5
WARNING: no counts at SNP 5431479 population 0
WARNING: no counts at SNP 5431479 population 2
WARNING: no counts at SNP 5431479 population 3
WARNING: no counts at SNP 5431479 population 5
WARNING: no counts at SNP 5431480 population 0
WARNING: no counts at SNP 5431480 population 2
WARNING: no counts at SNP 5431480 population 3
WARNING: no counts at SNP 5431480 population 4
WARNING: no counts at SNP 5431480 population 5
WARNING: no counts at SNP 5431481 population 0
WARNING: no counts at SNP 5431481 population 2
WARNING: no counts at SNP 5431481 population 3
WARNING: no counts at SNP 5431481 population 4
WARNING: no counts at SNP 5431481 population 5
WARNING: no counts at SNP 5431482 population 2
WARNING: no counts at SNP 5431482 population 3
WARNING: no counts at SNP 5431482 population 4
WARNING: no counts at SNP 5431482 population 5
WARNING: no counts at SNP 5431483 population 2
WARNING: no counts at SNP 5431483 population 3
WARNING: no counts at SNP 5431483 population 4
WARNING: no counts at SNP 5431483 population 5
WARNING: no counts at SNP 5431484 population 2
WARNING: no counts at SNP 5431484 population 3
WARNING: no counts at SNP 5431484 population 4
WARNING: no counts at SNP 5431484 population 5
WARNING: no counts at SNP 5431485 population 2
WARNING: no counts at SNP 5431485 population 3
WARNING: no counts at SNP 5431485 population 4
WARNING: no counts at SNP 5431485 population 5
WARNING: no counts at SNP 5431486 population 0
WARNING: no counts at SNP 5431486 population 2
WARNING: no counts at SNP 5431486 population 3
WARNING: no counts at SNP 5431486 population 4
WARNING: no counts at SNP 5431486 population 5
WARNING: no counts at SNP 5431487 population 0
WARNING: no counts at SNP 5431487 population 2
WARNING: no counts at SNP 5431487 population 3
WARNING: no counts at SNP 5431487 population 4
WARNING: no counts at SNP 5431487 population 5
WARNING: no counts at SNP 5431488 population 0
WARNING: no counts at SNP 5431488 population 2
WARNING: no counts at SNP 5431488 population 3
WARNING: no counts at SNP 5431488 population 4
WARNING: no counts at SNP 5431488 population 5
WARNING: no counts at SNP 5431489 population 0
WARNING: no counts at SNP 5431489 population 2
WARNING: no counts at SNP 5431489 population 3
WARNING: no counts at SNP 5431489 population 4
WARNING: no counts at SNP 5431489 population 5
WARNING: no counts at SNP 5431490 population 0
WARNING: no counts at SNP 5431490 population 2
WARNING: no counts at SNP 5431490 population 3
WARNING: no counts at SNP 5431490 population 4
WARNING: no counts at SNP 5431490 population 5
WARNING: no counts at SNP 5431491 population 0
WARNING: no counts at SNP 5431491 population 2
WARNING: no counts at SNP 5431491 population 3
WARNING: no counts at SNP 5431491 population 4
WARNING: no counts at SNP 5431491 population 5
WARNING: no counts at SNP 5431492 population 0
WARNING: no counts at SNP 5431492 population 2
WARNING: no counts at SNP 5431492 population 3
WARNING: no counts at SNP 5431492 population 4
WARNING: no counts at SNP 5431492 population 5
WARNING: no counts at SNP 5431493 population 0
WARNING: no counts at SNP 5431493 population 2
WARNING: no counts at SNP 5431493 population 3
WARNING: no counts at SNP 5431493 population 4
WARNING: no counts at SNP 5431493 population 5
WARNING: no counts at SNP 5431494 population 0
WARNING: no counts at SNP 5431494 population 2
WARNING: no counts at SNP 5431494 population 3
WARNING: no counts at SNP 5431494 population 4
WARNING: no counts at SNP 5431494 population 5
WARNING: no counts at SNP 5431495 population 0
WARNING: no counts at SNP 5431495 population 2
WARNING: no counts at SNP 5431495 population 3
WARNING: no counts at SNP 5431495 population 4
WARNING: no counts at SNP 5431495 population 5
WARNING: no counts at SNP 5431496 population 0
WARNING: no counts at SNP 5431496 population 2
WARNING: no counts at SNP 5431496 population 3
WARNING: no counts at SNP 5431496 population 4
WARNING: no counts at SNP 5431496 population 5
WARNING: no counts at SNP 5431497 population 0
WARNING: no counts at SNP 5431497 population 2
WARNING: no counts at SNP 5431497 population 3
WARNING: no counts at SNP 5431497 population 4
WARNING: no counts at SNP 5431497 population 5
WARNING: no counts at SNP 5431498 population 0
WARNING: no counts at SNP 5431498 population 2
WARNING: no counts at SNP 5431498 population 3
WARNING: no counts at SNP 5431498 population 4
WARNING: no counts at SNP 5431498 population 5
WARNING: no counts at SNP 5431499 population 0
WARNING: no counts at SNP 5431499 population 2
WARNING: no counts at SNP 5431499 population 3
WARNING: no counts at SNP 5431499 population 4
WARNING: no counts at SNP 5431499 population 5
WARNING: no counts at SNP 5431500 population 0
WARNING: no counts at SNP 5431500 population 2
WARNING: no counts at SNP 5431500 population 3
WARNING: no counts at SNP 5431500 population 4
WARNING: no counts at SNP 5431500 population 5
WARNING: no counts at SNP 5431501 population 0
WARNING: no counts at SNP 5431501 population 2
WARNING: no counts at SNP 5431501 population 3
WARNING: no counts at SNP 5431501 population 4
WARNING: no counts at SNP 5431501 population 5
WARNING: no counts at SNP 5431502 population 0
WARNING: no counts at SNP 5431502 population 2
WARNING: no counts at SNP 5431502 population 3
WARNING: no counts at SNP 5431502 population 4
WARNING: no counts at SNP 5431502 population 5
WARNING: no counts at SNP 5431503 population 0
WARNING: no counts at SNP 5431503 population 2
WARNING: no counts at SNP 5431503 population 3
WARNING: no counts at SNP 5431503 population 4
WARNING: no counts at SNP 5431503 population 5
WARNING: no counts at SNP 5431504 population 0
WARNING: no counts at SNP 5431504 population 2
WARNING: no counts at SNP 5431504 population 3
WARNING: no counts at SNP 5431504 population 4
WARNING: no counts at SNP 5431504 population 5
WARNING: no counts at SNP 5431505 population 0
WARNING: no counts at SNP 5431505 population 2
WARNING: no counts at SNP 5431505 population 3
WARNING: no counts at SNP 5431505 population 4
WARNING: no counts at SNP 5431505 population 5
WARNING: no counts at SNP 5431506 population 0
WARNING: no counts at SNP 5431506 population 2
WARNING: no counts at SNP 5431506 population 3
WARNING: no counts at SNP 5431506 population 4
WARNING: no counts at SNP 5431506 population 5
WARNING: no counts at SNP 5431507 population 2
WARNING: no counts at SNP 5431507 population 3
WARNING: no counts at SNP 5431507 population 4
WARNING: no counts at SNP 5431507 population 5
WARNING: no counts at SNP 5431508 population 2
WARNING: no counts at SNP 5431508 population 3
WARNING: no counts at SNP 5431508 population 4
WARNING: no counts at SNP 5431508 population 5
WARNING: no counts at SNP 5431509 population 2
WARNING: no counts at SNP 5431509 population 3
WARNING: no counts at SNP 5431509 population 4
WARNING: no counts at SNP 5431509 population 5
WARNING: no counts at SNP 5431510 population 2
WARNING: no counts at SNP 5431510 population 3
WARNING: no counts at SNP 5431510 population 4
WARNING: no counts at SNP 5431510 population 5
WARNING: no counts at SNP 5431511 population 2
WARNING: no counts at SNP 5431511 population 3
WARNING: no counts at SNP 5431511 population 4
WARNING: no counts at SNP 5431511 population 5
WARNING: no counts at SNP 5431512 population 2
WARNING: no counts at SNP 5431512 population 3
WARNING: no counts at SNP 5431512 population 4
WARNING: no counts at SNP 5431512 population 5
WARNING: no counts at SNP 5431513 population 2
WARNING: no counts at SNP 5431513 population 3
WARNING: no counts at SNP 5431513 population 4
WARNING: no counts at SNP 5431513 population 5
WARNING: no counts at SNP 5431514 population 2
WARNING: no counts at SNP 5431514 population 3
WARNING: no counts at SNP 5431514 population 4
WARNING: no counts at SNP 5431514 population 5
WARNING: no counts at SNP 5431515 population 2
WARNING: no counts at SNP 5431515 population 3
WARNING: no counts at SNP 5431515 population 4
WARNING: no counts at SNP 5431515 population 5
WARNING: no counts at SNP 5431516 population 0
WARNING: no counts at SNP 5431516 population 2
WARNING: no counts at SNP 5431516 population 3
WARNING: no counts at SNP 5431516 population 4
WARNING: no counts at SNP 5431516 population 5
WARNING: no counts at SNP 5431517 population 0
WARNING: no counts at SNP 5431517 population 2
WARNING: no counts at SNP 5431517 population 3
WARNING: no counts at SNP 5431517 population 5
WARNING: no counts at SNP 5431518 population 0
WARNING: no counts at SNP 5431518 population 2
WARNING: no counts at SNP 5431518 population 3
WARNING: no counts at SNP 5431518 population 5
WARNING: no counts at SNP 5431519 population 0
WARNING: no counts at SNP 5431519 population 2
WARNING: no counts at SNP 5431519 population 3
WARNING: no counts at SNP 5431519 population 4
WARNING: no counts at SNP 5431519 population 5
WARNING: no counts at SNP 5431520 population 0
WARNING: no counts at SNP 5431520 population 1
WARNING: no counts at SNP 5431520 population 2
WARNING: no counts at SNP 5431520 population 3
WARNING: no counts at SNP 5431520 population 4
WARNING: no counts at SNP 5431520 population 5
WARNING: no counts at SNP 5431521 population 0
WARNING: no counts at SNP 5431521 population 2
WARNING: no counts at SNP 5431521 population 3
WARNING: no counts at SNP 5431521 population 4
WARNING: no counts at SNP 5431521 population 5
WARNING: no counts at SNP 5431522 population 0
WARNING: no counts at SNP 5431522 population 2
WARNING: no counts at SNP 5431522 population 3
WARNING: no counts at SNP 5431522 population 4
WARNING: no counts at SNP 5431522 population 5
WARNING: no counts at SNP 5431523 population 0
WARNING: no counts at SNP 5431523 population 2
WARNING: no counts at SNP 5431523 population 3
WARNING: no counts at SNP 5431523 population 5
WARNING: no counts at SNP 5431524 population 0
WARNING: no counts at SNP 5431524 population 2
WARNING: no counts at SNP 5431524 population 3
WARNING: no counts at SNP 5431524 population 5
WARNING: no counts at SNP 5431525 population 0
WARNING: no counts at SNP 5431525 population 2
WARNING: no counts at SNP 5431525 population 3
WARNING: no counts at SNP 5431525 population 5
WARNING: no counts at SNP 5431526 population 0
WARNING: no counts at SNP 5431526 population 1
WARNING: no counts at SNP 5431526 population 2
WARNING: no counts at SNP 5431526 population 3
WARNING: no counts at SNP 5431526 population 4
WARNING: no counts at SNP 5431526 population 5
WARNING: no counts at SNP 5431527 population 0
WARNING: no counts at SNP 5431527 population 2
WARNING: no counts at SNP 5431527 population 3
WARNING: no counts at SNP 5431527 population 4
WARNING: no counts at SNP 5431527 population 5
WARNING: no counts at SNP 5431528 population 0
WARNING: no counts at SNP 5431528 population 1
WARNING: no counts at SNP 5431528 population 2
WARNING: no counts at SNP 5431528 population 3
WARNING: no counts at SNP 5431528 population 4
WARNING: no counts at SNP 5431528 population 5
WARNING: no counts at SNP 5431529 population 0
WARNING: no counts at SNP 5431529 population 1
WARNING: no counts at SNP 5431529 population 2
WARNING: no counts at SNP 5431529 population 3
WARNING: no counts at SNP 5431529 population 4
WARNING: no counts at SNP 5431529 population 5
WARNING: no counts at SNP 5431530 population 0
WARNING: no counts at SNP 5431530 population 2
WARNING: no counts at SNP 5431530 population 3
WARNING: no counts at SNP 5431530 population 4
WARNING: no counts at SNP 5431530 population 5
WARNING: no counts at SNP 5431531 population 0
WARNING: no counts at SNP 5431531 population 2
WARNING: no counts at SNP 5431531 population 3
WARNING: no counts at SNP 5431531 population 4
WARNING: no counts at SNP 5431531 population 5
WARNING: no counts at SNP 5431532 population 2
WARNING: no counts at SNP 5431532 population 3
WARNING: no counts at SNP 5431532 population 4
WARNING: no counts at SNP 5431532 population 5
WARNING: no counts at SNP 5431533 population 2
WARNING: no counts at SNP 5431533 population 3
WARNING: no counts at SNP 5431533 population 4
WARNING: no counts at SNP 5431533 population 5
WARNING: no counts at SNP 5431534 population 2
WARNING: no counts at SNP 5431534 population 3
WARNING: no counts at SNP 5431534 population 4
WARNING: no counts at SNP 5431534 population 5
WARNING: no counts at SNP 5431535 population 2
WARNING: no counts at SNP 5431535 population 3
WARNING: no counts at SNP 5431535 population 4
WARNING: no counts at SNP 5431535 population 5
WARNING: no counts at SNP 5431536 population 2
WARNING: no counts at SNP 5431536 population 3
WARNING: no counts at SNP 5431536 population 4
WARNING: no counts at SNP 5431536 population 5
WARNING: no counts at SNP 5431537 population 2
WARNING: no counts at SNP 5431537 population 3
WARNING: no counts at SNP 5431537 population 4
WARNING: no counts at SNP 5431537 population 5
WARNING: no counts at SNP 5431538 population 2
WARNING: no counts at SNP 5431538 population 3
WARNING: no counts at SNP 5431538 population 4
WARNING: no counts at SNP 5431538 population 5
WARNING: no counts at SNP 5431539 population 2
WARNING: no counts at SNP 5431539 population 3
WARNING: no counts at SNP 5431539 population 4
WARNING: no counts at SNP 5431539 population 5
WARNING: no counts at SNP 5431540 population 0
WARNING: no counts at SNP 5431540 population 2
WARNING: no counts at SNP 5431540 population 3
WARNING: no counts at SNP 5431540 population 4
WARNING: no counts at SNP 5431540 population 5
WARNING: no counts at SNP 5431541 population 0
WARNING: no counts at SNP 5431541 population 2
WARNING: no counts at SNP 5431541 population 3
WARNING: no counts at SNP 5431541 population 5
WARNING: no counts at SNP 5431542 population 2
WARNING: no counts at SNP 5431542 population 3
WARNING: no counts at SNP 5431542 population 4
WARNING: no counts at SNP 5431542 population 5
WARNING: no counts at SNP 5431543 population 2
WARNING: no counts at SNP 5431543 population 3
WARNING: no counts at SNP 5431543 population 4
WARNING: no counts at SNP 5431543 population 5
WARNING: no counts at SNP 5431544 population 2
WARNING: no counts at SNP 5431544 population 3
WARNING: no counts at SNP 5431544 population 5
WARNING: no counts at SNP 5431545 population 2
WARNING: no counts at SNP 5431545 population 3
WARNING: no counts at SNP 5431545 population 5
WARNING: no counts at SNP 5431546 population 2
WARNING: no counts at SNP 5431546 population 3
WARNING: no counts at SNP 5431546 population 5
WARNING: no counts at SNP 5431547 population 2
WARNING: no counts at SNP 5431547 population 3
WARNING: no counts at SNP 5431547 population 5
WARNING: no counts at SNP 5431548 population 2
WARNING: no counts at SNP 5431548 population 3
WARNING: no counts at SNP 5431548 population 5
WARNING: no counts at SNP 5431549 population 2
WARNING: no counts at SNP 5431549 population 3
WARNING: no counts at SNP 5431549 population 5
WARNING: no counts at SNP 5431550 population 2
WARNING: no counts at SNP 5431550 population 3
WARNING: no counts at SNP 5431550 population 5
WARNING: no counts at SNP 5431551 population 2
WARNING: no counts at SNP 5431551 population 3
WARNING: no counts at SNP 5431551 population 5
WARNING: no counts at SNP 5431552 population 2
WARNING: no counts at SNP 5431552 population 3
WARNING: no counts at SNP 5431552 population 5
WARNING: no counts at SNP 5431553 population 2
WARNING: no counts at SNP 5431553 population 3
WARNING: no counts at SNP 5431553 population 5
WARNING: no counts at SNP 5431554 population 2
WARNING: no counts at SNP 5431554 population 3
WARNING: no counts at SNP 5431554 population 5
WARNING: no counts at SNP 5431555 population 2
WARNING: no counts at SNP 5431555 population 3
WARNING: no counts at SNP 5431555 population 5
WARNING: no counts at SNP 5431556 population 2
WARNING: no counts at SNP 5431556 population 3
WARNING: no counts at SNP 5431556 population 5
WARNING: no counts at SNP 5431557 population 2
WARNING: no counts at SNP 5431557 population 3
WARNING: no counts at SNP 5431557 population 5
WARNING: no counts at SNP 5431558 population 2
WARNING: no counts at SNP 5431558 population 3
WARNING: no counts at SNP 5431558 population 5
WARNING: no counts at SNP 5431559 population 2
WARNING: no counts at SNP 5431559 population 3
WARNING: no counts at SNP 5431559 population 5
WARNING: no counts at SNP 5431560 population 2
WARNING: no counts at SNP 5431560 population 3
WARNING: no counts at SNP 5431560 population 5
WARNING: no counts at SNP 5431561 population 2
WARNING: no counts at SNP 5431561 population 3
WARNING: no counts at SNP 5431561 population 5
WARNING: no counts at SNP 5431562 population 2
WARNING: no counts at SNP 5431562 population 3
WARNING: no counts at SNP 5431562 population 5
WARNING: no counts at SNP 5431563 population 2
WARNING: no counts at SNP 5431563 population 3
WARNING: no counts at SNP 5431563 population 4
WARNING: no counts at SNP 5431563 population 5
WARNING: no counts at SNP 5431564 population 2
WARNING: no counts at SNP 5431564 population 3
WARNING: no counts at SNP 5431564 population 4
WARNING: no counts at SNP 5431564 population 5
WARNING: no counts at SNP 5431565 population 2
WARNING: no counts at SNP 5431565 population 3
WARNING: no counts at SNP 5431565 population 4
WARNING: no counts at SNP 5431565 population 5
WARNING: no counts at SNP 5431566 population 2
WARNING: no counts at SNP 5431566 population 3
WARNING: no counts at SNP 5431566 population 5
WARNING: no counts at SNP 5431567 population 2
WARNING: no counts at SNP 5431567 population 3
WARNING: no counts at SNP 5431567 population 5
WARNING: no counts at SNP 5431568 population 2
WARNING: no counts at SNP 5431568 population 3
WARNING: no counts at SNP 5431568 population 5
WARNING: no counts at SNP 5431569 population 0
WARNING: no counts at SNP 5431569 population 2
WARNING: no counts at SNP 5431569 population 3
WARNING: no counts at SNP 5431569 population 4
WARNING: no counts at SNP 5431569 population 5
WARNING: no counts at SNP 5431570 population 0
WARNING: no counts at SNP 5431570 population 2
WARNING: no counts at SNP 5431570 population 3
WARNING: no counts at SNP 5431570 population 5
WARNING: no counts at SNP 5431571 population 0
WARNING: no counts at SNP 5431571 population 2
WARNING: no counts at SNP 5431571 population 3
WARNING: no counts at SNP 5431571 population 4
WARNING: no counts at SNP 5431571 population 5
WARNING: no counts at SNP 5431572 population 2
WARNING: no counts at SNP 5431572 population 3
WARNING: no counts at SNP 5431572 population 4
WARNING: no counts at SNP 5431572 population 5
WARNING: no counts at SNP 5431573 population 2
WARNING: no counts at SNP 5431573 population 3
WARNING: no counts at SNP 5431573 population 4
WARNING: no counts at SNP 5431573 population 5
WARNING: no counts at SNP 5431574 population 0
WARNING: no counts at SNP 5431574 population 2
WARNING: no counts at SNP 5431574 population 3
WARNING: no counts at SNP 5431574 population 4
WARNING: no counts at SNP 5431574 population 5
WARNING: no counts at SNP 5431575 population 0
WARNING: no counts at SNP 5431575 population 2
WARNING: no counts at SNP 5431575 population 3
WARNING: no counts at SNP 5431575 population 4
WARNING: no counts at SNP 5431575 population 5
WARNING: no counts at SNP 5431576 population 0
WARNING: no counts at SNP 5431576 population 2
WARNING: no counts at SNP 5431576 population 3
WARNING: no counts at SNP 5431576 population 4
WARNING: no counts at SNP 5431576 population 5
WARNING: no counts at SNP 5431577 population 0
WARNING: no counts at SNP 5431577 population 2
WARNING: no counts at SNP 5431577 population 3
WARNING: no counts at SNP 5431577 population 5
WARNING: no counts at SNP 5431578 population 0
WARNING: no counts at SNP 5431578 population 2
WARNING: no counts at SNP 5431578 population 3
WARNING: no counts at SNP 5431578 population 5
WARNING: no counts at SNP 5431579 population 0
WARNING: no counts at SNP 5431579 population 2
WARNING: no counts at SNP 5431579 population 3
WARNING: no counts at SNP 5431579 population 4
WARNING: no counts at SNP 5431579 population 5
WARNING: no counts at SNP 5431580 population 0
WARNING: no counts at SNP 5431580 population 2
WARNING: no counts at SNP 5431580 population 3
WARNING: no counts at SNP 5431580 population 5
WARNING: no counts at SNP 5431581 population 0
WARNING: no counts at SNP 5431581 population 2
WARNING: no counts at SNP 5431581 population 3
WARNING: no counts at SNP 5431581 population 5
WARNING: no counts at SNP 5431582 population 0
WARNING: no counts at SNP 5431582 population 2
WARNING: no counts at SNP 5431582 population 3
WARNING: no counts at SNP 5431582 population 5
WARNING: no counts at SNP 5431583 population 0
WARNING: no counts at SNP 5431583 population 2
WARNING: no counts at SNP 5431583 population 3
WARNING: no counts at SNP 5431583 population 5
WARNING: no counts at SNP 5431584 population 0
WARNING: no counts at SNP 5431584 population 2
WARNING: no counts at SNP 5431584 population 3
WARNING: no counts at SNP 5431584 population 5
WARNING: no counts at SNP 5431585 population 0
WARNING: no counts at SNP 5431585 population 2
WARNING: no counts at SNP 5431585 population 3
WARNING: no counts at SNP 5431585 population 5
WARNING: no counts at SNP 5431586 population 0
WARNING: no counts at SNP 5431586 population 2
WARNING: no counts at SNP 5431586 population 3
WARNING: no counts at SNP 5431586 population 5
WARNING: no counts at SNP 5431587 population 0
WARNING: no counts at SNP 5431587 population 2
WARNING: no counts at SNP 5431587 population 3
WARNING: no counts at SNP 5431587 population 5
WARNING: no counts at SNP 5431588 population 0
WARNING: no counts at SNP 5431588 population 2
WARNING: no counts at SNP 5431588 population 3
WARNING: no counts at SNP 5431588 population 5
WARNING: no counts at SNP 5431589 population 0
WARNING: no counts at SNP 5431589 population 2
WARNING: no counts at SNP 5431589 population 3
WARNING: no counts at SNP 5431589 population 5
WARNING: no counts at SNP 5431590 population 0
WARNING: no counts at SNP 5431590 population 2
WARNING: no counts at SNP 5431590 population 3
WARNING: no counts at SNP 5431590 population 5
WARNING: no counts at SNP 5431591 population 0
WARNING: no counts at SNP 5431591 population 2
WARNING: no counts at SNP 5431591 population 3
WARNING: no counts at SNP 5431591 population 5
WARNING: no counts at SNP 5431592 population 0
WARNING: no counts at SNP 5431592 population 2
WARNING: no counts at SNP 5431592 population 3
WARNING: no counts at SNP 5431592 population 5
WARNING: no counts at SNP 5431593 population 0
WARNING: no counts at SNP 5431593 population 2
WARNING: no counts at SNP 5431593 population 3
WARNING: no counts at SNP 5431593 population 5
WARNING: no counts at SNP 5431594 population 0
WARNING: no counts at SNP 5431594 population 2
WARNING: no counts at SNP 5431594 population 3
WARNING: no counts at SNP 5431594 population 5
WARNING: no counts at SNP 5431595 population 0
WARNING: no counts at SNP 5431595 population 2
WARNING: no counts at SNP 5431595 population 3
WARNING: no counts at SNP 5431595 population 5
WARNING: no counts at SNP 5431596 population 0
WARNING: no counts at SNP 5431596 population 2
WARNING: no counts at SNP 5431596 population 3
WARNING: no counts at SNP 5431596 population 5
WARNING: no counts at SNP 5431597 population 0
WARNING: no counts at SNP 5431597 population 2
WARNING: no counts at SNP 5431597 population 3
WARNING: no counts at SNP 5431597 population 5
WARNING: no counts at SNP 5431598 population 0
WARNING: no counts at SNP 5431598 population 2
WARNING: no counts at SNP 5431598 population 3
WARNING: no counts at SNP 5431598 population 5
WARNING: no counts at SNP 5431599 population 0
WARNING: no counts at SNP 5431599 population 2
WARNING: no counts at SNP 5431599 population 3
WARNING: no counts at SNP 5431599 population 5
WARNING: no counts at SNP 5431600 population 0
WARNING: no counts at SNP 5431600 population 2
WARNING: no counts at SNP 5431600 population 3
WARNING: no counts at SNP 5431600 population 5
WARNING: no counts at SNP 5431601 population 0
WARNING: no counts at SNP 5431601 population 2
WARNING: no counts at SNP 5431601 population 3
WARNING: no counts at SNP 5431601 population 5
WARNING: no counts at SNP 5431602 population 0
WARNING: no counts at SNP 5431602 population 2
WARNING: no counts at SNP 5431602 population 3
WARNING: no counts at SNP 5431602 population 5
WARNING: no counts at SNP 5431603 population 0
WARNING: no counts at SNP 5431603 population 2
WARNING: no counts at SNP 5431603 population 3
WARNING: no counts at SNP 5431603 population 5
WARNING: no counts at SNP 5431604 population 0
WARNING: no counts at SNP 5431604 population 2
WARNING: no counts at SNP 5431604 population 3
WARNING: no counts at SNP 5431604 population 5
WARNING: no counts at SNP 5431605 population 0
WARNING: no counts at SNP 5431605 population 2
WARNING: no counts at SNP 5431605 population 3
WARNING: no counts at SNP 5431605 population 5
WARNING: no counts at SNP 5431606 population 0
WARNING: no counts at SNP 5431606 population 2
WARNING: no counts at SNP 5431606 population 3
WARNING: no counts at SNP 5431606 population 5
WARNING: no counts at SNP 5431607 population 0
WARNING: no counts at SNP 5431607 population 1
WARNING: no counts at SNP 5431607 population 2
WARNING: no counts at SNP 5431607 population 3
WARNING: no counts at SNP 5431607 population 5
WARNING: no counts at SNP 5431608 population 0
WARNING: no counts at SNP 5431608 population 2
WARNING: no counts at SNP 5431608 population 3
WARNING: no counts at SNP 5431608 population 4
WARNING: no counts at SNP 5431608 population 5
WARNING: no counts at SNP 5431609 population 0
WARNING: no counts at SNP 5431609 population 2
WARNING: no counts at SNP 5431609 population 3
WARNING: no counts at SNP 5431609 population 4
WARNING: no counts at SNP 5431609 population 5
Estimating covariance matrix in 4498 blocks of size 3800
SEED: 1585230444
Starting from:
(E.MaheNorth:0.0190568,(F.Curieuse:0.00888217,C.PraslinWest:0.00571646):0.0190568);
Adding B.PraslinPlaineHollandaise [4/8]
ln(likelihood): -1754668 
((E.MaheNorth:0.0174616,(F.Curieuse:0.0128086,C.PraslinWest:0.00876316):0.0010529):0.0139123,B.PraslinPlaineHollandaise:0.0139123);
Adding PML [5/8]
ln(likelihood): -787.58712 
((E.MaheNorth:0.0103636,PML:0.881238):0.00135256,(F.Curieuse:0.00722864,(C.PraslinWest:0.000532401,B.PraslinPlaineHollandaise:0.000681537):0.00515198):0.00135256);
Adding A.PraslinPasquereRiver [6/8]
ln(likelihood): -2333.6257 
((E.MaheNorth:0.00969044,PML:0.880666):0.0016886,(F.Curieuse:0.00687932,((C.PraslinWest:0.000719682,B.PraslinPlaineHollandaise:0.000801499):0.00343262,A.PraslinPasquereRiver:0.00178561):0.00198581):0.0016886);
Adding D.LaDigue [7/8]
ln(likelihood): -3140.9963 
((E.MaheNorth:0.0101217,PML:0.880701):0.000737165,((F.Curieuse:0.00698327,((C.PraslinWest:0.00079866,B.PraslinPlaineHollandaise:0.000880379):0.00320745,A.PraslinPasquereRiver:0.00192887):0.00155834):0.00200448,D.LaDigue:0.00119849):0.000737165);
Adding G.MaheSouth [8/8]
ln(likelihood): -2998.6323 
(D.LaDigue:0.000580242,((F.Curieuse:0.00682771,((C.PraslinWest:0.00066517,B.PraslinPlaineHollandaise:0.000769173):0.00317642,A.PraslinPasquereRiver:0.00181539):0.00162895):0.00174836,(E.MaheNorth:0.00977505,(PML:0.88013,G.MaheSouth:0.00816583):0.000389141):0.00205373):0.000580242);
Testing global rearrangements
D.LaDigue:0.000580242 C.PraslinWest:0.00066517
-14439.021 -2998.6323
D.LaDigue:0.000580242 (C.PraslinWest:0.00066517,B.PraslinPlaineHollandaise:0.000769173):0.00317642
-6849.9396 -2998.6323
D.LaDigue:0.000580242 B.PraslinPlaineHollandaise:0.000769173
-14439.021 -2998.6323
D.LaDigue:0.000580242 PML:0.88013
-6502.0785 -2998.6323
F.Curieuse:0.00682771 A.PraslinPasquereRiver:0.00181539
-6118.3228 -2998.6323
F.Curieuse:0.00682771 E.MaheNorth:0.00977505
-13932.452 -2998.6323
C.PraslinWest:0.00066517 D.LaDigue:0.000580242
-21490.197 -2998.6323
C.PraslinWest:0.00066517 F.Curieuse:0.00682771
-18425.527 -2998.6323
C.PraslinWest:0.00066517 ((C.PraslinWest:0.00066517,B.PraslinPlaineHollandaise:0.000769173):0.00317642,A.PraslinPasquereRiver:0.00181539):0.00162895
-8977.9055 -2998.6323
(C.PraslinWest:0.00066517,B.PraslinPlaineHollandaise:0.000769173):0.00317642 D.LaDigue:0.000580242
-8327.0283 -2998.6323
B.PraslinPlaineHollandaise:0.000769173 A.PraslinPasquereRiver:0.00181539
-8977.9055 -2998.6323
A.PraslinPasquereRiver:0.00181539 F.Curieuse:0.00682771
-6118.3228 -2998.6323
A.PraslinPasquereRiver:0.00181539 E.MaheNorth:0.00977505
-25753.282 -2998.6323
A.PraslinPasquereRiver:0.00181539 (E.MaheNorth:0.00977505,(PML:0.88013,G.MaheSouth:0.00816583):0.000389141):0.00205373
-8353.7692 -2998.6323
A.PraslinPasquereRiver:0.00181539 PML:0.88013
-29771.712 -2998.6323
A.PraslinPasquereRiver:0.00181539 (PML:0.88013,G.MaheSouth:0.00816583):0.000389141
-25753.282 -2998.6323
A.PraslinPasquereRiver:0.00181539 G.MaheSouth:0.00816583
-29771.712 -2998.6323
E.MaheNorth:0.00977505 F.Curieuse:0.00682771
-14639.923 -2998.6323
E.MaheNorth:0.00977505 PML:0.88013
-3102.9417 -2998.6323
E.MaheNorth:0.00977505 G.MaheSouth:0.00816583
-3027.5986 -2998.6323
PML:0.88013 D.LaDigue:0.000580242
-4704.4212 -2998.6323
G.MaheSouth:0.00816583 F.Curieuse:0.00682771
-16807.437 -2998.6323
G.MaheSouth:0.00816583 E.MaheNorth:0.00977505
-3027.5986 -2998.6323
Set root above PML
Targeting migration to vicinity of:
PML D.LaDigue
F.Curieuse A.PraslinPasquereRiver
E.MaheNorth F.Curieuse
B.PraslinPlaineHollandaise D.LaDigue

C.PraslinWest D.LaDigue
B.PraslinPlaineHollandaise D.LaDigue
A.PraslinPasquereRiver F.Curieuse
E.MaheNorth F.Curieuse
F.Curieuse A.PraslinPasquereRiver
A.PraslinPasquereRiver F.Curieuse
D.LaDigue C.PraslinWest
D.LaDigue B.PraslinPlaineHollandaise
PML D.LaDigue
G.MaheSouth E.MaheNorth
Trying A.PraslinPasquereRiver F.Curieuse
A.PraslinPasquereRiver:0.00181539 F.Curieuse:0.00682771
1->2 0.42347974 -2072.3835 -2998.6323
2->1 0.18213156 -1944.7085 -2072.3835
p2->1 4.0751289e-05 -2998.635 -1944.7085
Trying B.PraslinPlaineHollandaise D.LaDigue
B.PraslinPlaineHollandaise:0.000769173 D.LaDigue:0.00116048
1->2 0.35401171 -1913.0844 -1944.7085
2->1 0.058083266 -2977.7311 -1913.0844
p1->2 0.37330741 -1928.1341 -1913.0844
p2->1 8.6377241e-07 -2998.6342 -1913.0844
(C.PraslinWest:0.000665167,B.PraslinPlaineHollandaise:0.000769177):0.00317642 D.LaDigue:0.00116049
2->1 0.38328123 -1435.0859 -1913.0844
p1->2 0.47365472 -2471.9567 -1435.0859
p2->1 0.39919356 -2138.7853 -1435.0859
Trying C.PraslinWest D.LaDigue
C.PraslinWest:0.000666298 D.LaDigue:0.00115035
1->2 0.35401171 -1913.0844 -1435.0859
2->1 0.14292625 -2662.7966 -1435.0859
p2->1 0.13237517 -2778.848 -1435.0859
(B.PraslinPlaineHollandaise:0,C.PraslinWest:0.00191341):0.00385244 D.LaDigue:0.00115529
Trying D.LaDigue B.PraslinPlaineHollandaise
D.LaDigue:0.00115529 B.PraslinPlaineHollandaise:0
D.LaDigue:0.00115529 (B.PraslinPlaineHollandaise:0,C.PraslinWest:0.00191341):0.00385244
Trying D.LaDigue C.PraslinWest
D.LaDigue:0.00115529 C.PraslinWest:0.00191341
D.LaDigue:0.00115529 (B.PraslinPlaineHollandaise:0,C.PraslinWest:0.00191341):0.00385244
Trying E.MaheNorth F.Curieuse
E.MaheNorth:0.00977546 F.Curieuse:0.00673994
1->2 0.33331403 -2339.9145 -1435.0859
2->1 0.097772695 -2588.6426 -1435.0859
p1->2 0.36724028 -2431.67 -1435.0859
p2->1 0.17015018 -2880.2019 -1435.0859
E.MaheNorth:0.01508 ((A.PraslinPasquereRiver:0.00181539,(B.PraslinPlaineHollandaise:0.000769173,C.PraslinWest:0.00066517):0.00317642):0.00158173,F.Curieuse:0.00681196):0.00197923
1->2 0.10146535 -2671.9585 -1435.0859
p1->2 4.0751289e-05 -2998.6323 -1435.0859
Trying F.Curieuse A.PraslinPasquereRiver
F.Curieuse:0.00682771 A.PraslinPasquereRiver:0.00181539
Trying G.MaheSouth E.MaheNorth
G.MaheSouth:0.00816583 E.MaheNorth:0.00977505
1->2 0.11705843 -2630.86 -1435.0859
2->1 0.095008008 -2630.8599 -1435.0859
p1->2 4.0751289e-05 -2998.6383 -1435.0859
Trying PML D.LaDigue
PML:0.440065 D.LaDigue:0.00116048
1->2 0.25082162 -2094.2064 -1435.0859
2->1 0.44458035 -2142.7167 -1435.0859
p2->1 0.86100608 -2650.4 -1435.0859
Migration added
Local updates around node 1: 0 ln(lk):-1435.0859 
Local updates around node 2: 0 ln(lk):-1435.0859 
Updates in migration position: 0 ln(lk):-1435.0859 
Switches in migration direction: 0 ln(lk):-1435.0859 
ln(likelihood):-1435.0861 
Targeting migration to vicinity of:
PML D.LaDigue
E.MaheNorth F.Curieuse
E.MaheNorth G.MaheSouth
B.PraslinPlaineHollandaise A.PraslinPasquereRiver

E.MaheNorth F.Curieuse
E.MaheNorth G.MaheSouth
D.LaDigue PML
G.MaheSouth E.MaheNorth
PML D.LaDigue
G.MaheSouth E.MaheNorth
Trying D.LaDigue PML
D.LaDigue:0.00178881 PML:0.440066
1->2 0.4061166 -527.20094 -1435.0861
2->1 0.084506661 -570.55377 -527.20094
p1->2 0.43977129 -1062.9845 -527.20094
Trying E.MaheNorth F.Curieuse
E.MaheNorth:0.00925835 F.Curieuse:0.00603036
1->2 0.32149988 -1075.1816 -527.20094
2->1 0.094817661 -1050.4284 -527.20094
p1->2 0.39546207 -1147.9131 -527.20094
p2->1 0.17986722 -1153.3168 -527.20094
Trying E.MaheNorth G.MaheSouth
E.MaheNorth:0.0154878 G.MaheSouth:0.00798031
1->2 0.097456887 -1060.4801 -527.20094
2->1 0.1200826 -1061.0085 -527.20094
p2->1 4.0751289e-05 -1435.0923 -527.20094
Trying G.MaheSouth E.MaheNorth
G.MaheSouth:0.0081693 E.MaheNorth:0.00977934
Trying PML D.LaDigue
PML:0.440066 D.LaDigue:0.00178881
Migration added
Local updates around node 1: 0 ln(lk):-527.20094 
Local updates around node 2: 0 ln(lk):-527.20094 
Updates in migration position: 0 ln(lk):-527.20094 
Switches in migration direction: 0 ln(lk):-527.20094 
ln(likelihood):-518.46741 
Targeting migration to vicinity of:
PML D.LaDigue
E.MaheNorth F.Curieuse
B.PraslinPlaineHollandaise A.PraslinPasquereRiver
B.PraslinPlaineHollandaise D.LaDigue

B.PraslinPlaineHollandaise A.PraslinPasquereRiver
A.PraslinPasquereRiver B.PraslinPlaineHollandaise
C.PraslinWest D.LaDigue
B.PraslinPlaineHollandaise D.LaDigue
E.MaheNorth F.Curieuse
PML D.LaDigue
Trying A.PraslinPasquereRiver B.PraslinPlaineHollandaise
(A.PraslinPasquereRiver:0,(C.PraslinWest:0.000670463,B.PraslinPlaineHollandaise:0.000774467):0.0106902):0.00308554 B.PraslinPlaineHollandaise:0.000774467
1->2 0.10342383 -482.8963 -518.46741
p1->2 6.2255936e-07 -518.46163 -482.8963
A.PraslinPasquereRiver:0 B.PraslinPlaineHollandaise:0.000774467
1->2 0.10342383 -482.8963 -482.8963
2->1 0.14173621 -452.82291 -482.8963
Trying B.PraslinPlaineHollandaise A.PraslinPasquereRiver
B.PraslinPlaineHollandaise:0.000792216 A.PraslinPasquereRiver:0.00126213
Trying B.PraslinPlaineHollandaise D.LaDigue
((C.PraslinWest:0.000650783,B.PraslinPlaineHollandaise:0.000792216):0.0115781,A.PraslinPasquereRiver:0.00126213):0.00232991 D.LaDigue:0.00265971
1->2 0.15576699 -329.28315 -452.82291
2->1 0.21737573 -342.14987 -329.28315
p1->2 0.14008233 -464.96559 -329.28315
p2->1 4.0751289e-05 -518.47211 -329.28315
B.PraslinPlaineHollandaise:0.000774467 D.LaDigue:0.0025378
1->2 0.27024966 -160.65267 -329.28315
2->1 6.2255936e-07 -518.46177 -160.65267
p1->2 0.14266784 -191.58155 -160.65267
p2->1 6.2255936e-07 -518.46195 -160.65267
(C.PraslinWest:0.000670463,B.PraslinPlaineHollandaise:0.000774468):0.0106902 D.LaDigue:0.0025378
p2->1 6.2353583e-06 -518.48078 -160.65267
Trying C.PraslinWest D.LaDigue
(A.PraslinPasquereRiver:0,(C.PraslinWest:0.000670463,B.PraslinPlaineHollandaise:0.000774467):0.0106904):0.00308556 D.LaDigue:0.00253779
(C.PraslinWest:0.000670463,B.PraslinPlaineHollandaise:0.000774467):0.0106904 D.LaDigue:0.00253779
C.PraslinWest:0.000670463 D.LaDigue:0.00253779
1->2 0.27024966 -160.65267 -160.65267
2->1 0.051028937 -487.83916 -160.65267
p2->1 0.054108895 -495.97145 -160.65267
Trying E.MaheNorth F.Curieuse
E.MaheNorth:0.00911585 F.Curieuse:0.0060135
1->2 0.203311 -313.6325 -160.65267
2->1 0.29597223 -267.66841 -160.65267
p1->2 0.25484535 -347.49784 -160.65267
p2->1 0.31311986 -298.84874 -160.65267
Trying PML D.LaDigue
PML:1.27393 D.LaDigue:0.00208582
1->2 0.030406212 -356.90929 -160.65267
p2->1 0.17724408 -518.46741 -160.65267
Migration added
Local updates around node 1: 0 ln(lk):-160.65267 
Local updates around node 2: 0 ln(lk):-160.65267 
Updates in migration position: 9 ln(lk):8.1593633 
Switches in migration direction: 0 ln(lk):8.1593633 
Local updates around node 1: 0 ln(lk):8.1593633 
Local updates around node 2: 0 ln(lk):8.1593633 
Switches in migration direction: 0 ln(lk):8.1593633 
Updates in migration position: 0 ln(lk):8.1593633 
Trying all local rearrangements
Local rearrangements: 0 ln(lk):8.1593633 
ln(likelihood):39.446518 
Targeting migration to vicinity of:
D.LaDigue G.MaheSouth
B.PraslinPlaineHollandaise A.PraslinPasquereRiver
E.MaheNorth C.PraslinWest
E.MaheNorth F.Curieuse

B.PraslinPlaineHollandaise A.PraslinPasquereRiver
A.PraslinPasquereRiver B.PraslinPlaineHollandaise
F.Curieuse E.MaheNorth
D.LaDigue G.MaheSouth
E.MaheNorth C.PraslinWest
E.MaheNorth F.Curieuse
G.MaheSouth D.LaDigue
Trying A.PraslinPasquereRiver B.PraslinPlaineHollandaise
A.PraslinPasquereRiver:0.000151667 B.PraslinPlaineHollandaise:0.000762997
1->2 0.12870331 92.985174 39.446518
2->1 0.13598205 57.359873 92.985174
p1->2 0.12647764 86.825534 92.985174
Trying B.PraslinPlaineHollandaise A.PraslinPasquereRiver
B.PraslinPlaineHollandaise:0.00162068 A.PraslinPasquereRiver:0.000215479
Trying D.LaDigue G.MaheSouth
D.LaDigue:0.00672113 G.MaheSouth:0.00634099
1->2 0.15006056 224.99063 92.985174
2->1 0.085235663 202.63627 224.99063
p1->2 1.6531682e-06 39.446518 224.99063
p2->1 0.18888661 174.97728 224.99063
Trying E.MaheNorth C.PraslinWest
E.MaheNorth:0.0087897 C.PraslinWest:0.000664514
1->2 0.044005293 107.23532 224.99063
2->1 0.033936135 90.762324 224.99063
p1->2 0.053882532 103.51899 224.99063
p2->1 0.076131091 112.78232 224.99063
Trying E.MaheNorth F.Curieuse
E.MaheNorth:0.0111434 F.Curieuse:0.00563024
1->2 0.012935668 48.593977 224.99063
2->1 0.25250572 239.67408 224.99063
p1->2 5.6427712e-07 39.446511 239.67408
p2->1 0.26005071 236.47394 239.67408
Trying F.Curieuse E.MaheNorth
F.Curieuse:0.00571833 E.MaheNorth:0.0184461
Trying G.MaheSouth D.LaDigue
G.MaheSouth:0.00682619 D.LaDigue:0.0061962
Migration added
Local updates around node 1: 1 ln(lk):255.45427 
Local updates around node 2: 0 ln(lk):255.45427 
Updates in migration position: 0 ln(lk):255.45427 
Switches in migration direction: 0 ln(lk):255.45427 
Local updates around node 1: 0 ln(lk):255.45427 
Local updates around node 2: 0 ln(lk):255.45427 
Switches in migration direction: 0 ln(lk):255.45427 
Updates in migration position: 0 ln(lk):255.45427 
Trying all local rearrangements
Local rearrangements: 0 ln(lk):255.45427 
Flipping migration edge
ln(likelihood):255.49249 
Targeting migration to vicinity of:
B.PraslinPlaineHollandaise A.PraslinPasquereRiver
F.Curieuse D.LaDigue
E.MaheNorth C.PraslinWest
C.PraslinWest D.LaDigue

B.PraslinPlaineHollandaise A.PraslinPasquereRiver
A.PraslinPasquereRiver B.PraslinPlaineHollandaise
F.Curieuse D.LaDigue
D.LaDigue F.Curieuse
Trying A.PraslinPasquereRiver B.PraslinPlaineHollandaise
A.PraslinPasquereRiver:8.52397e-05 B.PraslinPlaineHollandaise:0.000763697
1->2 0.12103068 302.44379 255.49249
2->1 0.16184694 281.65277 302.44379
p1->2 0.11820568 297.85449 302.44379
Trying B.PraslinPlaineHollandaise A.PraslinPasquereRiver
B.PraslinPlaineHollandaise:0.00155367 A.PraslinPasquereRiver:0.000150251
Trying D.LaDigue F.Curieuse
D.LaDigue:0.00587156 F.Curieuse:0.00571082
1->2 0.016086044 257.57006 302.44379
2->1 0.012209218 258.14374 302.44379
p1->2 0.0025434764 255.49594 302.44379
p2->1 0.0011115947 255.49578 302.44379
Trying F.Curieuse D.LaDigue
F.Curieuse:0.0056921 D.LaDigue:0.0059207
Migration added
Local updates around node 1: 0 ln(lk):302.44379 
Local updates around node 2: 0 ln(lk):302.44379 
Updates in migration position: 1 ln(lk):307.84729 
Switches in migration direction: 0 ln(lk):307.84729 
Local updates around node 1: 0 ln(lk):307.84729 
Local updates around node 2: 0 ln(lk):307.84729 
Switches in migration direction: 0 ln(lk):307.84729 
Updates in migration position: 0 ln(lk):307.84729 
Trying all local rearrangements
Local rearrangements: 0 ln(lk):307.84729 
Flipping migration edge
ln(likelihood):319.81639 
Flipping migration edge
DONE.
