
TreeMix v. 1.13
$Revision: 231 $

npop:8 nsnp:17094256
WARNING: no counts at SNP 5431404 population 0
WARNING: no counts at SNP 5431404 population 2
WARNING: no counts at SNP 5431404 population 3
WARNING: no counts at SNP 5431404 population 4
WARNING: no counts at SNP 5431404 population 5
WARNING: no counts at SNP 5431405 population 0
WARNING: no counts at SNP 5431405 population 2
WARNING: no counts at SNP 5431405 population 3
WARNING: no counts at SNP 5431405 population 4
WARNING: no counts at SNP 5431405 population 5
WARNING: no counts at SNP 5431406 population 0
WARNING: no counts at SNP 5431406 population 2
WARNING: no counts at SNP 5431406 population 3
WARNING: no counts at SNP 5431406 population 5
WARNING: no counts at SNP 5431407 population 0
WARNING: no counts at SNP 5431407 population 2
WARNING: no counts at SNP 5431407 population 3
WARNING: no counts at SNP 5431407 population 5
WARNING: no counts at SNP 5431408 population 0
WARNING: no counts at SNP 5431408 population 2
WARNING: no counts at SNP 5431408 population 3
WARNING: no counts at SNP 5431408 population 4
WARNING: no counts at SNP 5431408 population 5
WARNING: no counts at SNP 5431409 population 0
WARNING: no counts at SNP 5431409 population 2
WARNING: no counts at SNP 5431409 population 3
WARNING: no counts at SNP 5431409 population 4
WARNING: no counts at SNP 5431409 population 5
WARNING: no counts at SNP 5431410 population 0
WARNING: no counts at SNP 5431410 population 2
WARNING: no counts at SNP 5431410 population 3
WARNING: no counts at SNP 5431410 population 5
WARNING: no counts at SNP 5431411 population 0
WARNING: no counts at SNP 5431411 population 2
WARNING: no counts at SNP 5431411 population 3
WARNING: no counts at SNP 5431411 population 4
WARNING: no counts at SNP 5431411 population 5
WARNING: no counts at SNP 5431412 population 2
WARNING: no counts at SNP 5431412 population 3
WARNING: no counts at SNP 5431412 population 5
WARNING: no counts at SNP 5431413 population 2
WARNING: no counts at SNP 5431413 population 3
WARNING: no counts at SNP 5431413 population 5
WARNING: no counts at SNP 5431414 population 2
WARNING: no counts at SNP 5431414 population 3
WARNING: no counts at SNP 5431414 population 5
WARNING: no counts at SNP 5431415 population 2
WARNING: no counts at SNP 5431415 population 3
WARNING: no counts at SNP 5431415 population 5
WARNING: no counts at SNP 5431416 population 2
WARNING: no counts at SNP 5431416 population 3
WARNING: no counts at SNP 5431416 population 5
WARNING: no counts at SNP 5431417 population 2
WARNING: no counts at SNP 5431417 population 3
WARNING: no counts at SNP 5431417 population 5
WARNING: no counts at SNP 5431418 population 2
WARNING: no counts at SNP 5431418 population 3
WARNING: no counts at SNP 5431418 population 5
WARNING: no counts at SNP 5431419 population 2
WARNING: no counts at SNP 5431419 population 3
WARNING: no counts at SNP 5431419 population 5
WARNING: no counts at SNP 5431420 population 2
WARNING: no counts at SNP 5431420 population 3
WARNING: no counts at SNP 5431420 population 5
WARNING: no counts at SNP 5431421 population 2
WARNING: no counts at SNP 5431421 population 3
WARNING: no counts at SNP 5431421 population 5
WARNING: no counts at SNP 5431422 population 0
WARNING: no counts at SNP 5431422 population 2
WARNING: no counts at SNP 5431422 population 3
WARNING: no counts at SNP 5431422 population 4
WARNING: no counts at SNP 5431422 population 5
WARNING: no counts at SNP 5431423 population 0
WARNING: no counts at SNP 5431423 population 2
WARNING: no counts at SNP 5431423 population 3
WARNING: no counts at SNP 5431423 population 5
WARNING: no counts at SNP 5431424 population 2
WARNING: no counts at SNP 5431424 population 3
WARNING: no counts at SNP 5431424 population 4
WARNING: no counts at SNP 5431424 population 5
WARNING: no counts at SNP 5431425 population 2
WARNING: no counts at SNP 5431425 population 3
WARNING: no counts at SNP 5431425 population 5
WARNING: no counts at SNP 5431426 population 2
WARNING: no counts at SNP 5431426 population 3
WARNING: no counts at SNP 5431426 population 5
WARNING: no counts at SNP 5431427 population 2
WARNING: no counts at SNP 5431427 population 3
WARNING: no counts at SNP 5431427 population 5
WARNING: no counts at SNP 5431428 population 2
WARNING: no counts at SNP 5431428 population 3
WARNING: no counts at SNP 5431428 population 5
WARNING: no counts at SNP 5431429 population 2
WARNING: no counts at SNP 5431429 population 3
WARNING: no counts at SNP 5431429 population 5
WARNING: no counts at SNP 5431430 population 2
WARNING: no counts at SNP 5431430 population 3
WARNING: no counts at SNP 5431430 population 5
WARNING: no counts at SNP 5431431 population 2
WARNING: no counts at SNP 5431431 population 3
WARNING: no counts at SNP 5431431 population 5
WARNING: no counts at SNP 5431432 population 2
WARNING: no counts at SNP 5431432 population 3
WARNING: no counts at SNP 5431432 population 5
WARNING: no counts at SNP 5431433 population 2
WARNING: no counts at SNP 5431433 population 3
WARNING: no counts at SNP 5431433 population 5
WARNING: no counts at SNP 5431434 population 2
WARNING: no counts at SNP 5431434 population 3
WARNING: no counts at SNP 5431434 population 5
WARNING: no counts at SNP 5431435 population 1
WARNING: no counts at SNP 5431435 population 2
WARNING: no counts at SNP 5431435 population 3
WARNING: no counts at SNP 5431435 population 5
WARNING: no counts at SNP 5431436 population 1
WARNING: no counts at SNP 5431436 population 2
WARNING: no counts at SNP 5431436 population 3
WARNING: no counts at SNP 5431436 population 5
WARNING: no counts at SNP 5431437 population 1
WARNING: no counts at SNP 5431437 population 2
WARNING: no counts at SNP 5431437 population 3
WARNING: no counts at SNP 5431437 population 5
WARNING: no counts at SNP 5431438 population 1
WARNING: no counts at SNP 5431438 population 2
WARNING: no counts at SNP 5431438 population 3
WARNING: no counts at SNP 5431438 population 5
WARNING: no counts at SNP 5431439 population 2
WARNING: no counts at SNP 5431439 population 3
WARNING: no counts at SNP 5431439 population 5
WARNING: no counts at SNP 5431440 population 2
WARNING: no counts at SNP 5431440 population 3
WARNING: no counts at SNP 5431440 population 5
WARNING: no counts at SNP 5431441 population 2
WARNING: no counts at SNP 5431441 population 3
WARNING: no counts at SNP 5431441 population 5
WARNING: no counts at SNP 5431442 population 2
WARNING: no counts at SNP 5431442 population 3
WARNING: no counts at SNP 5431442 population 5
WARNING: no counts at SNP 5431443 population 2
WARNING: no counts at SNP 5431443 population 3
WARNING: no counts at SNP 5431443 population 5
WARNING: no counts at SNP 5431444 population 2
WARNING: no counts at SNP 5431444 population 3
WARNING: no counts at SNP 5431444 population 5
WARNING: no counts at SNP 5431445 population 2
WARNING: no counts at SNP 5431445 population 3
WARNING: no counts at SNP 5431445 population 4
WARNING: no counts at SNP 5431445 population 5
WARNING: no counts at SNP 5431446 population 2
WARNING: no counts at SNP 5431446 population 3
WARNING: no counts at SNP 5431446 population 5
WARNING: no counts at SNP 5431447 population 2
WARNING: no counts at SNP 5431447 population 3
WARNING: no counts at SNP 5431447 population 5
WARNING: no counts at SNP 5431448 population 2
WARNING: no counts at SNP 5431448 population 3
WARNING: no counts at SNP 5431448 population 4
WARNING: no counts at SNP 5431448 population 5
WARNING: no counts at SNP 5431449 population 2
WARNING: no counts at SNP 5431449 population 3
WARNING: no counts at SNP 5431449 population 4
WARNING: no counts at SNP 5431449 population 5
WARNING: no counts at SNP 5431450 population 2
WARNING: no counts at SNP 5431450 population 3
WARNING: no counts at SNP 5431450 population 4
WARNING: no counts at SNP 5431450 population 5
WARNING: no counts at SNP 5431451 population 2
WARNING: no counts at SNP 5431451 population 3
WARNING: no counts at SNP 5431451 population 4
WARNING: no counts at SNP 5431451 population 5
WARNING: no counts at SNP 5431452 population 2
WARNING: no counts at SNP 5431452 population 3
WARNING: no counts at SNP 5431452 population 4
WARNING: no counts at SNP 5431452 population 5
WARNING: no counts at SNP 5431453 population 2
WARNING: no counts at SNP 5431453 population 3
WARNING: no counts at SNP 5431453 population 4
WARNING: no counts at SNP 5431453 population 5
WARNING: no counts at SNP 5431454 population 2
WARNING: no counts at SNP 5431454 population 3
WARNING: no counts at SNP 5431454 population 4
WARNING: no counts at SNP 5431454 population 5
WARNING: no counts at SNP 5431455 population 2
WARNING: no counts at SNP 5431455 population 3
WARNING: no counts at SNP 5431455 population 4
WARNING: no counts at SNP 5431455 population 5
WARNING: no counts at SNP 5431456 population 2
WARNING: no counts at SNP 5431456 population 3
WARNING: no counts at SNP 5431456 population 4
WARNING: no counts at SNP 5431456 population 5
WARNING: no counts at SNP 5431457 population 2
WARNING: no counts at SNP 5431457 population 3
WARNING: no counts at SNP 5431457 population 4
WARNING: no counts at SNP 5431457 population 5
WARNING: no counts at SNP 5431458 population 2
WARNING: no counts at SNP 5431458 population 3
WARNING: no counts at SNP 5431458 population 4
WARNING: no counts at SNP 5431458 population 5
WARNING: no counts at SNP 5431459 population 2
WARNING: no counts at SNP 5431459 population 3
WARNING: no counts at SNP 5431459 population 4
WARNING: no counts at SNP 5431459 population 5
WARNING: no counts at SNP 5431460 population 2
WARNING: no counts at SNP 5431460 population 3
WARNING: no counts at SNP 5431460 population 4
WARNING: no counts at SNP 5431460 population 5
WARNING: no counts at SNP 5431461 population 2
WARNING: no counts at SNP 5431461 population 3
WARNING: no counts at SNP 5431461 population 4
WARNING: no counts at SNP 5431461 population 5
WARNING: no counts at SNP 5431462 population 2
WARNING: no counts at SNP 5431462 population 3
WARNING: no counts at SNP 5431462 population 4
WARNING: no counts at SNP 5431462 population 5
WARNING: no counts at SNP 5431463 population 2
WARNING: no counts at SNP 5431463 population 3
WARNING: no counts at SNP 5431463 population 4
WARNING: no counts at SNP 5431463 population 5
WARNING: no counts at SNP 5431464 population 2
WARNING: no counts at SNP 5431464 population 3
WARNING: no counts at SNP 5431464 population 4
WARNING: no counts at SNP 5431464 population 5
WARNING: no counts at SNP 5431465 population 2
WARNING: no counts at SNP 5431465 population 3
WARNING: no counts at SNP 5431465 population 5
WARNING: no counts at SNP 5431466 population 2
WARNING: no counts at SNP 5431466 population 3
WARNING: no counts at SNP 5431466 population 5
WARNING: no counts at SNP 5431467 population 2
WARNING: no counts at SNP 5431467 population 3
WARNING: no counts at SNP 5431467 population 5
WARNING: no counts at SNP 5431468 population 2
WARNING: no counts at SNP 5431468 population 3
WARNING: no counts at SNP 5431468 population 5
WARNING: no counts at SNP 5431469 population 2
WARNING: no counts at SNP 5431469 population 3
WARNING: no counts at SNP 5431469 population 5
WARNING: no counts at SNP 5431470 population 2
WARNING: no counts at SNP 5431470 population 3
WARNING: no counts at SNP 5431470 population 5
WARNING: no counts at SNP 5431471 population 2
WARNING: no counts at SNP 5431471 population 3
WARNING: no counts at SNP 5431471 population 5
WARNING: no counts at SNP 5431472 population 2
WARNING: no counts at SNP 5431472 population 3
WARNING: no counts at SNP 5431472 population 5
WARNING: no counts at SNP 5431473 population 2
WARNING: no counts at SNP 5431473 population 3
WARNING: no counts at SNP 5431473 population 5
WARNING: no counts at SNP 5431474 population 2
WARNING: no counts at SNP 5431474 population 3
WARNING: no counts at SNP 5431474 population 5
WARNING: no counts at SNP 5431475 population 2
WARNING: no counts at SNP 5431475 population 3
WARNING: no counts at SNP 5431475 population 5
WARNING: no counts at SNP 5431476 population 2
WARNING: no counts at SNP 5431476 population 3
WARNING: no counts at SNP 5431476 population 5
WARNING: no counts at SNP 5431477 population 0
WARNING: no counts at SNP 5431477 population 1
WARNING: no counts at SNP 5431477 population 2
WARNING: no counts at SNP 5431477 population 3
WARNING: no counts at SNP 5431477 population 5
WARNING: no counts at SNP 5431478 population 0
WARNING: no counts at SNP 5431478 population 2
WARNING: no counts at SNP 5431478 population 3
WARNING: no counts at SNP 5431478 population 4
WARNING: no counts at SNP 5431478 population 5
WARNING: no counts at SNP 5431479 population 0
WARNING: no counts at SNP 5431479 population 2
WARNING: no counts at SNP 5431479 population 3
WARNING: no counts at SNP 5431479 population 5
WARNING: no counts at SNP 5431480 population 0
WARNING: no counts at SNP 5431480 population 2
WARNING: no counts at SNP 5431480 population 3
WARNING: no counts at SNP 5431480 population 4
WARNING: no counts at SNP 5431480 population 5
WARNING: no counts at SNP 5431481 population 0
WARNING: no counts at SNP 5431481 population 2
WARNING: no counts at SNP 5431481 population 3
WARNING: no counts at SNP 5431481 population 4
WARNING: no counts at SNP 5431481 population 5
WARNING: no counts at SNP 5431482 population 2
WARNING: no counts at SNP 5431482 population 3
WARNING: no counts at SNP 5431482 population 4
WARNING: no counts at SNP 5431482 population 5
WARNING: no counts at SNP 5431483 population 2
WARNING: no counts at SNP 5431483 population 3
WARNING: no counts at SNP 5431483 population 4
WARNING: no counts at SNP 5431483 population 5
WARNING: no counts at SNP 5431484 population 2
WARNING: no counts at SNP 5431484 population 3
WARNING: no counts at SNP 5431484 population 4
WARNING: no counts at SNP 5431484 population 5
WARNING: no counts at SNP 5431485 population 2
WARNING: no counts at SNP 5431485 population 3
WARNING: no counts at SNP 5431485 population 4
WARNING: no counts at SNP 5431485 population 5
WARNING: no counts at SNP 5431486 population 0
WARNING: no counts at SNP 5431486 population 2
WARNING: no counts at SNP 5431486 population 3
WARNING: no counts at SNP 5431486 population 4
WARNING: no counts at SNP 5431486 population 5
WARNING: no counts at SNP 5431487 population 0
WARNING: no counts at SNP 5431487 population 2
WARNING: no counts at SNP 5431487 population 3
WARNING: no counts at SNP 5431487 population 4
WARNING: no counts at SNP 5431487 population 5
WARNING: no counts at SNP 5431488 population 0
WARNING: no counts at SNP 5431488 population 2
WARNING: no counts at SNP 5431488 population 3
WARNING: no counts at SNP 5431488 population 4
WARNING: no counts at SNP 5431488 population 5
WARNING: no counts at SNP 5431489 population 0
WARNING: no counts at SNP 5431489 population 2
WARNING: no counts at SNP 5431489 population 3
WARNING: no counts at SNP 5431489 population 4
WARNING: no counts at SNP 5431489 population 5
WARNING: no counts at SNP 5431490 population 0
WARNING: no counts at SNP 5431490 population 2
WARNING: no counts at SNP 5431490 population 3
WARNING: no counts at SNP 5431490 population 4
WARNING: no counts at SNP 5431490 population 5
WARNING: no counts at SNP 5431491 population 0
WARNING: no counts at SNP 5431491 population 2
WARNING: no counts at SNP 5431491 population 3
WARNING: no counts at SNP 5431491 population 4
WARNING: no counts at SNP 5431491 population 5
WARNING: no counts at SNP 5431492 population 0
WARNING: no counts at SNP 5431492 population 2
WARNING: no counts at SNP 5431492 population 3
WARNING: no counts at SNP 5431492 population 4
WARNING: no counts at SNP 5431492 population 5
WARNING: no counts at SNP 5431493 population 0
WARNING: no counts at SNP 5431493 population 2
WARNING: no counts at SNP 5431493 population 3
WARNING: no counts at SNP 5431493 population 4
WARNING: no counts at SNP 5431493 population 5
WARNING: no counts at SNP 5431494 population 0
WARNING: no counts at SNP 5431494 population 2
WARNING: no counts at SNP 5431494 population 3
WARNING: no counts at SNP 5431494 population 4
WARNING: no counts at SNP 5431494 population 5
WARNING: no counts at SNP 5431495 population 0
WARNING: no counts at SNP 5431495 population 2
WARNING: no counts at SNP 5431495 population 3
WARNING: no counts at SNP 5431495 population 4
WARNING: no counts at SNP 5431495 population 5
WARNING: no counts at SNP 5431496 population 0
WARNING: no counts at SNP 5431496 population 2
WARNING: no counts at SNP 5431496 population 3
WARNING: no counts at SNP 5431496 population 4
WARNING: no counts at SNP 5431496 population 5
WARNING: no counts at SNP 5431497 population 0
WARNING: no counts at SNP 5431497 population 2
WARNING: no counts at SNP 5431497 population 3
WARNING: no counts at SNP 5431497 population 4
WARNING: no counts at SNP 5431497 population 5
WARNING: no counts at SNP 5431498 population 0
WARNING: no counts at SNP 5431498 population 2
WARNING: no counts at SNP 5431498 population 3
WARNING: no counts at SNP 5431498 population 4
WARNING: no counts at SNP 5431498 population 5
WARNING: no counts at SNP 5431499 population 0
WARNING: no counts at SNP 5431499 population 2
WARNING: no counts at SNP 5431499 population 3
WARNING: no counts at SNP 5431499 population 4
WARNING: no counts at SNP 5431499 population 5
WARNING: no counts at SNP 5431500 population 0
WARNING: no counts at SNP 5431500 population 2
WARNING: no counts at SNP 5431500 population 3
WARNING: no counts at SNP 5431500 population 4
WARNING: no counts at SNP 5431500 population 5
WARNING: no counts at SNP 5431501 population 0
WARNING: no counts at SNP 5431501 population 2
WARNING: no counts at SNP 5431501 population 3
WARNING: no counts at SNP 5431501 population 4
WARNING: no counts at SNP 5431501 population 5
WARNING: no counts at SNP 5431502 population 0
WARNING: no counts at SNP 5431502 population 2
WARNING: no counts at SNP 5431502 population 3
WARNING: no counts at SNP 5431502 population 4
WARNING: no counts at SNP 5431502 population 5
WARNING: no counts at SNP 5431503 population 0
WARNING: no counts at SNP 5431503 population 2
WARNING: no counts at SNP 5431503 population 3
WARNING: no counts at SNP 5431503 population 4
WARNING: no counts at SNP 5431503 population 5
WARNING: no counts at SNP 5431504 population 0
WARNING: no counts at SNP 5431504 population 2
WARNING: no counts at SNP 5431504 population 3
WARNING: no counts at SNP 5431504 population 4
WARNING: no counts at SNP 5431504 population 5
WARNING: no counts at SNP 5431505 population 0
WARNING: no counts at SNP 5431505 population 2
WARNING: no counts at SNP 5431505 population 3
WARNING: no counts at SNP 5431505 population 4
WARNING: no counts at SNP 5431505 population 5
WARNING: no counts at SNP 5431506 population 0
WARNING: no counts at SNP 5431506 population 2
WARNING: no counts at SNP 5431506 population 3
WARNING: no counts at SNP 5431506 population 4
WARNING: no counts at SNP 5431506 population 5
WARNING: no counts at SNP 5431507 population 2
WARNING: no counts at SNP 5431507 population 3
WARNING: no counts at SNP 5431507 population 4
WARNING: no counts at SNP 5431507 population 5
WARNING: no counts at SNP 5431508 population 2
WARNING: no counts at SNP 5431508 population 3
WARNING: no counts at SNP 5431508 population 4
WARNING: no counts at SNP 5431508 population 5
WARNING: no counts at SNP 5431509 population 2
WARNING: no counts at SNP 5431509 population 3
WARNING: no counts at SNP 5431509 population 4
WARNING: no counts at SNP 5431509 population 5
WARNING: no counts at SNP 5431510 population 2
WARNING: no counts at SNP 5431510 population 3
WARNING: no counts at SNP 5431510 population 4
WARNING: no counts at SNP 5431510 population 5
WARNING: no counts at SNP 5431511 population 2
WARNING: no counts at SNP 5431511 population 3
WARNING: no counts at SNP 5431511 population 4
WARNING: no counts at SNP 5431511 population 5
WARNING: no counts at SNP 5431512 population 2
WARNING: no counts at SNP 5431512 population 3
WARNING: no counts at SNP 5431512 population 4
WARNING: no counts at SNP 5431512 population 5
WARNING: no counts at SNP 5431513 population 2
WARNING: no counts at SNP 5431513 population 3
WARNING: no counts at SNP 5431513 population 4
WARNING: no counts at SNP 5431513 population 5
WARNING: no counts at SNP 5431514 population 2
WARNING: no counts at SNP 5431514 population 3
WARNING: no counts at SNP 5431514 population 4
WARNING: no counts at SNP 5431514 population 5
WARNING: no counts at SNP 5431515 population 2
WARNING: no counts at SNP 5431515 population 3
WARNING: no counts at SNP 5431515 population 4
WARNING: no counts at SNP 5431515 population 5
WARNING: no counts at SNP 5431516 population 0
WARNING: no counts at SNP 5431516 population 2
WARNING: no counts at SNP 5431516 population 3
WARNING: no counts at SNP 5431516 population 4
WARNING: no counts at SNP 5431516 population 5
WARNING: no counts at SNP 5431517 population 0
WARNING: no counts at SNP 5431517 population 2
WARNING: no counts at SNP 5431517 population 3
WARNING: no counts at SNP 5431517 population 5
WARNING: no counts at SNP 5431518 population 0
WARNING: no counts at SNP 5431518 population 2
WARNING: no counts at SNP 5431518 population 3
WARNING: no counts at SNP 5431518 population 5
WARNING: no counts at SNP 5431519 population 0
WARNING: no counts at SNP 5431519 population 2
WARNING: no counts at SNP 5431519 population 3
WARNING: no counts at SNP 5431519 population 4
WARNING: no counts at SNP 5431519 population 5
WARNING: no counts at SNP 5431520 population 0
WARNING: no counts at SNP 5431520 population 1
WARNING: no counts at SNP 5431520 population 2
WARNING: no counts at SNP 5431520 population 3
WARNING: no counts at SNP 5431520 population 4
WARNING: no counts at SNP 5431520 population 5
WARNING: no counts at SNP 5431521 population 0
WARNING: no counts at SNP 5431521 population 2
WARNING: no counts at SNP 5431521 population 3
WARNING: no counts at SNP 5431521 population 4
WARNING: no counts at SNP 5431521 population 5
WARNING: no counts at SNP 5431522 population 0
WARNING: no counts at SNP 5431522 population 2
WARNING: no counts at SNP 5431522 population 3
WARNING: no counts at SNP 5431522 population 4
WARNING: no counts at SNP 5431522 population 5
WARNING: no counts at SNP 5431523 population 0
WARNING: no counts at SNP 5431523 population 2
WARNING: no counts at SNP 5431523 population 3
WARNING: no counts at SNP 5431523 population 5
WARNING: no counts at SNP 5431524 population 0
WARNING: no counts at SNP 5431524 population 2
WARNING: no counts at SNP 5431524 population 3
WARNING: no counts at SNP 5431524 population 5
WARNING: no counts at SNP 5431525 population 0
WARNING: no counts at SNP 5431525 population 2
WARNING: no counts at SNP 5431525 population 3
WARNING: no counts at SNP 5431525 population 5
WARNING: no counts at SNP 5431526 population 0
WARNING: no counts at SNP 5431526 population 1
WARNING: no counts at SNP 5431526 population 2
WARNING: no counts at SNP 5431526 population 3
WARNING: no counts at SNP 5431526 population 4
WARNING: no counts at SNP 5431526 population 5
WARNING: no counts at SNP 5431527 population 0
WARNING: no counts at SNP 5431527 population 2
WARNING: no counts at SNP 5431527 population 3
WARNING: no counts at SNP 5431527 population 4
WARNING: no counts at SNP 5431527 population 5
WARNING: no counts at SNP 5431528 population 0
WARNING: no counts at SNP 5431528 population 1
WARNING: no counts at SNP 5431528 population 2
WARNING: no counts at SNP 5431528 population 3
WARNING: no counts at SNP 5431528 population 4
WARNING: no counts at SNP 5431528 population 5
WARNING: no counts at SNP 5431529 population 0
WARNING: no counts at SNP 5431529 population 1
WARNING: no counts at SNP 5431529 population 2
WARNING: no counts at SNP 5431529 population 3
WARNING: no counts at SNP 5431529 population 4
WARNING: no counts at SNP 5431529 population 5
WARNING: no counts at SNP 5431530 population 0
WARNING: no counts at SNP 5431530 population 2
WARNING: no counts at SNP 5431530 population 3
WARNING: no counts at SNP 5431530 population 4
WARNING: no counts at SNP 5431530 population 5
WARNING: no counts at SNP 5431531 population 0
WARNING: no counts at SNP 5431531 population 2
WARNING: no counts at SNP 5431531 population 3
WARNING: no counts at SNP 5431531 population 4
WARNING: no counts at SNP 5431531 population 5
WARNING: no counts at SNP 5431532 population 2
WARNING: no counts at SNP 5431532 population 3
WARNING: no counts at SNP 5431532 population 4
WARNING: no counts at SNP 5431532 population 5
WARNING: no counts at SNP 5431533 population 2
WARNING: no counts at SNP 5431533 population 3
WARNING: no counts at SNP 5431533 population 4
WARNING: no counts at SNP 5431533 population 5
WARNING: no counts at SNP 5431534 population 2
WARNING: no counts at SNP 5431534 population 3
WARNING: no counts at SNP 5431534 population 4
WARNING: no counts at SNP 5431534 population 5
WARNING: no counts at SNP 5431535 population 2
WARNING: no counts at SNP 5431535 population 3
WARNING: no counts at SNP 5431535 population 4
WARNING: no counts at SNP 5431535 population 5
WARNING: no counts at SNP 5431536 population 2
WARNING: no counts at SNP 5431536 population 3
WARNING: no counts at SNP 5431536 population 4
WARNING: no counts at SNP 5431536 population 5
WARNING: no counts at SNP 5431537 population 2
WARNING: no counts at SNP 5431537 population 3
WARNING: no counts at SNP 5431537 population 4
WARNING: no counts at SNP 5431537 population 5
WARNING: no counts at SNP 5431538 population 2
WARNING: no counts at SNP 5431538 population 3
WARNING: no counts at SNP 5431538 population 4
WARNING: no counts at SNP 5431538 population 5
WARNING: no counts at SNP 5431539 population 2
WARNING: no counts at SNP 5431539 population 3
WARNING: no counts at SNP 5431539 population 4
WARNING: no counts at SNP 5431539 population 5
WARNING: no counts at SNP 5431540 population 0
WARNING: no counts at SNP 5431540 population 2
WARNING: no counts at SNP 5431540 population 3
WARNING: no counts at SNP 5431540 population 4
WARNING: no counts at SNP 5431540 population 5
WARNING: no counts at SNP 5431541 population 0
WARNING: no counts at SNP 5431541 population 2
WARNING: no counts at SNP 5431541 population 3
WARNING: no counts at SNP 5431541 population 5
WARNING: no counts at SNP 5431542 population 2
WARNING: no counts at SNP 5431542 population 3
WARNING: no counts at SNP 5431542 population 4
WARNING: no counts at SNP 5431542 population 5
WARNING: no counts at SNP 5431543 population 2
WARNING: no counts at SNP 5431543 population 3
WARNING: no counts at SNP 5431543 population 4
WARNING: no counts at SNP 5431543 population 5
WARNING: no counts at SNP 5431544 population 2
WARNING: no counts at SNP 5431544 population 3
WARNING: no counts at SNP 5431544 population 5
WARNING: no counts at SNP 5431545 population 2
WARNING: no counts at SNP 5431545 population 3
WARNING: no counts at SNP 5431545 population 5
WARNING: no counts at SNP 5431546 population 2
WARNING: no counts at SNP 5431546 population 3
WARNING: no counts at SNP 5431546 population 5
WARNING: no counts at SNP 5431547 population 2
WARNING: no counts at SNP 5431547 population 3
WARNING: no counts at SNP 5431547 population 5
WARNING: no counts at SNP 5431548 population 2
WARNING: no counts at SNP 5431548 population 3
WARNING: no counts at SNP 5431548 population 5
WARNING: no counts at SNP 5431549 population 2
WARNING: no counts at SNP 5431549 population 3
WARNING: no counts at SNP 5431549 population 5
WARNING: no counts at SNP 5431550 population 2
WARNING: no counts at SNP 5431550 population 3
WARNING: no counts at SNP 5431550 population 5
WARNING: no counts at SNP 5431551 population 2
WARNING: no counts at SNP 5431551 population 3
WARNING: no counts at SNP 5431551 population 5
WARNING: no counts at SNP 5431552 population 2
WARNING: no counts at SNP 5431552 population 3
WARNING: no counts at SNP 5431552 population 5
WARNING: no counts at SNP 5431553 population 2
WARNING: no counts at SNP 5431553 population 3
WARNING: no counts at SNP 5431553 population 5
WARNING: no counts at SNP 5431554 population 2
WARNING: no counts at SNP 5431554 population 3
WARNING: no counts at SNP 5431554 population 5
WARNING: no counts at SNP 5431555 population 2
WARNING: no counts at SNP 5431555 population 3
WARNING: no counts at SNP 5431555 population 5
WARNING: no counts at SNP 5431556 population 2
WARNING: no counts at SNP 5431556 population 3
WARNING: no counts at SNP 5431556 population 5
WARNING: no counts at SNP 5431557 population 2
WARNING: no counts at SNP 5431557 population 3
WARNING: no counts at SNP 5431557 population 5
WARNING: no counts at SNP 5431558 population 2
WARNING: no counts at SNP 5431558 population 3
WARNING: no counts at SNP 5431558 population 5
WARNING: no counts at SNP 5431559 population 2
WARNING: no counts at SNP 5431559 population 3
WARNING: no counts at SNP 5431559 population 5
WARNING: no counts at SNP 5431560 population 2
WARNING: no counts at SNP 5431560 population 3
WARNING: no counts at SNP 5431560 population 5
WARNING: no counts at SNP 5431561 population 2
WARNING: no counts at SNP 5431561 population 3
WARNING: no counts at SNP 5431561 population 5
WARNING: no counts at SNP 5431562 population 2
WARNING: no counts at SNP 5431562 population 3
WARNING: no counts at SNP 5431562 population 5
WARNING: no counts at SNP 5431563 population 2
WARNING: no counts at SNP 5431563 population 3
WARNING: no counts at SNP 5431563 population 4
WARNING: no counts at SNP 5431563 population 5
WARNING: no counts at SNP 5431564 population 2
WARNING: no counts at SNP 5431564 population 3
WARNING: no counts at SNP 5431564 population 4
WARNING: no counts at SNP 5431564 population 5
WARNING: no counts at SNP 5431565 population 2
WARNING: no counts at SNP 5431565 population 3
WARNING: no counts at SNP 5431565 population 4
WARNING: no counts at SNP 5431565 population 5
WARNING: no counts at SNP 5431566 population 2
WARNING: no counts at SNP 5431566 population 3
WARNING: no counts at SNP 5431566 population 5
WARNING: no counts at SNP 5431567 population 2
WARNING: no counts at SNP 5431567 population 3
WARNING: no counts at SNP 5431567 population 5
WARNING: no counts at SNP 5431568 population 2
WARNING: no counts at SNP 5431568 population 3
WARNING: no counts at SNP 5431568 population 5
WARNING: no counts at SNP 5431569 population 0
WARNING: no counts at SNP 5431569 population 2
WARNING: no counts at SNP 5431569 population 3
WARNING: no counts at SNP 5431569 population 4
WARNING: no counts at SNP 5431569 population 5
WARNING: no counts at SNP 5431570 population 0
WARNING: no counts at SNP 5431570 population 2
WARNING: no counts at SNP 5431570 population 3
WARNING: no counts at SNP 5431570 population 5
WARNING: no counts at SNP 5431571 population 0
WARNING: no counts at SNP 5431571 population 2
WARNING: no counts at SNP 5431571 population 3
WARNING: no counts at SNP 5431571 population 4
WARNING: no counts at SNP 5431571 population 5
WARNING: no counts at SNP 5431572 population 2
WARNING: no counts at SNP 5431572 population 3
WARNING: no counts at SNP 5431572 population 4
WARNING: no counts at SNP 5431572 population 5
WARNING: no counts at SNP 5431573 population 2
WARNING: no counts at SNP 5431573 population 3
WARNING: no counts at SNP 5431573 population 4
WARNING: no counts at SNP 5431573 population 5
WARNING: no counts at SNP 5431574 population 0
WARNING: no counts at SNP 5431574 population 2
WARNING: no counts at SNP 5431574 population 3
WARNING: no counts at SNP 5431574 population 4
WARNING: no counts at SNP 5431574 population 5
WARNING: no counts at SNP 5431575 population 0
WARNING: no counts at SNP 5431575 population 2
WARNING: no counts at SNP 5431575 population 3
WARNING: no counts at SNP 5431575 population 4
WARNING: no counts at SNP 5431575 population 5
WARNING: no counts at SNP 5431576 population 0
WARNING: no counts at SNP 5431576 population 2
WARNING: no counts at SNP 5431576 population 3
WARNING: no counts at SNP 5431576 population 4
WARNING: no counts at SNP 5431576 population 5
WARNING: no counts at SNP 5431577 population 0
WARNING: no counts at SNP 5431577 population 2
WARNING: no counts at SNP 5431577 population 3
WARNING: no counts at SNP 5431577 population 5
WARNING: no counts at SNP 5431578 population 0
WARNING: no counts at SNP 5431578 population 2
WARNING: no counts at SNP 5431578 population 3
WARNING: no counts at SNP 5431578 population 5
WARNING: no counts at SNP 5431579 population 0
WARNING: no counts at SNP 5431579 population 2
WARNING: no counts at SNP 5431579 population 3
WARNING: no counts at SNP 5431579 population 4
WARNING: no counts at SNP 5431579 population 5
WARNING: no counts at SNP 5431580 population 0
WARNING: no counts at SNP 5431580 population 2
WARNING: no counts at SNP 5431580 population 3
WARNING: no counts at SNP 5431580 population 5
WARNING: no counts at SNP 5431581 population 0
WARNING: no counts at SNP 5431581 population 2
WARNING: no counts at SNP 5431581 population 3
WARNING: no counts at SNP 5431581 population 5
WARNING: no counts at SNP 5431582 population 0
WARNING: no counts at SNP 5431582 population 2
WARNING: no counts at SNP 5431582 population 3
WARNING: no counts at SNP 5431582 population 5
WARNING: no counts at SNP 5431583 population 0
WARNING: no counts at SNP 5431583 population 2
WARNING: no counts at SNP 5431583 population 3
WARNING: no counts at SNP 5431583 population 5
WARNING: no counts at SNP 5431584 population 0
WARNING: no counts at SNP 5431584 population 2
WARNING: no counts at SNP 5431584 population 3
WARNING: no counts at SNP 5431584 population 5
WARNING: no counts at SNP 5431585 population 0
WARNING: no counts at SNP 5431585 population 2
WARNING: no counts at SNP 5431585 population 3
WARNING: no counts at SNP 5431585 population 5
WARNING: no counts at SNP 5431586 population 0
WARNING: no counts at SNP 5431586 population 2
WARNING: no counts at SNP 5431586 population 3
WARNING: no counts at SNP 5431586 population 5
WARNING: no counts at SNP 5431587 population 0
WARNING: no counts at SNP 5431587 population 2
WARNING: no counts at SNP 5431587 population 3
WARNING: no counts at SNP 5431587 population 5
WARNING: no counts at SNP 5431588 population 0
WARNING: no counts at SNP 5431588 population 2
WARNING: no counts at SNP 5431588 population 3
WARNING: no counts at SNP 5431588 population 5
WARNING: no counts at SNP 5431589 population 0
WARNING: no counts at SNP 5431589 population 2
WARNING: no counts at SNP 5431589 population 3
WARNING: no counts at SNP 5431589 population 5
WARNING: no counts at SNP 5431590 population 0
WARNING: no counts at SNP 5431590 population 2
WARNING: no counts at SNP 5431590 population 3
WARNING: no counts at SNP 5431590 population 5
WARNING: no counts at SNP 5431591 population 0
WARNING: no counts at SNP 5431591 population 2
WARNING: no counts at SNP 5431591 population 3
WARNING: no counts at SNP 5431591 population 5
WARNING: no counts at SNP 5431592 population 0
WARNING: no counts at SNP 5431592 population 2
WARNING: no counts at SNP 5431592 population 3
WARNING: no counts at SNP 5431592 population 5
WARNING: no counts at SNP 5431593 population 0
WARNING: no counts at SNP 5431593 population 2
WARNING: no counts at SNP 5431593 population 3
WARNING: no counts at SNP 5431593 population 5
WARNING: no counts at SNP 5431594 population 0
WARNING: no counts at SNP 5431594 population 2
WARNING: no counts at SNP 5431594 population 3
WARNING: no counts at SNP 5431594 population 5
WARNING: no counts at SNP 5431595 population 0
WARNING: no counts at SNP 5431595 population 2
WARNING: no counts at SNP 5431595 population 3
WARNING: no counts at SNP 5431595 population 5
WARNING: no counts at SNP 5431596 population 0
WARNING: no counts at SNP 5431596 population 2
WARNING: no counts at SNP 5431596 population 3
WARNING: no counts at SNP 5431596 population 5
WARNING: no counts at SNP 5431597 population 0
WARNING: no counts at SNP 5431597 population 2
WARNING: no counts at SNP 5431597 population 3
WARNING: no counts at SNP 5431597 population 5
WARNING: no counts at SNP 5431598 population 0
WARNING: no counts at SNP 5431598 population 2
WARNING: no counts at SNP 5431598 population 3
WARNING: no counts at SNP 5431598 population 5
WARNING: no counts at SNP 5431599 population 0
WARNING: no counts at SNP 5431599 population 2
WARNING: no counts at SNP 5431599 population 3
WARNING: no counts at SNP 5431599 population 5
WARNING: no counts at SNP 5431600 population 0
WARNING: no counts at SNP 5431600 population 2
WARNING: no counts at SNP 5431600 population 3
WARNING: no counts at SNP 5431600 population 5
WARNING: no counts at SNP 5431601 population 0
WARNING: no counts at SNP 5431601 population 2
WARNING: no counts at SNP 5431601 population 3
WARNING: no counts at SNP 5431601 population 5
WARNING: no counts at SNP 5431602 population 0
WARNING: no counts at SNP 5431602 population 2
WARNING: no counts at SNP 5431602 population 3
WARNING: no counts at SNP 5431602 population 5
WARNING: no counts at SNP 5431603 population 0
WARNING: no counts at SNP 5431603 population 2
WARNING: no counts at SNP 5431603 population 3
WARNING: no counts at SNP 5431603 population 5
WARNING: no counts at SNP 5431604 population 0
WARNING: no counts at SNP 5431604 population 2
WARNING: no counts at SNP 5431604 population 3
WARNING: no counts at SNP 5431604 population 5
WARNING: no counts at SNP 5431605 population 0
WARNING: no counts at SNP 5431605 population 2
WARNING: no counts at SNP 5431605 population 3
WARNING: no counts at SNP 5431605 population 5
WARNING: no counts at SNP 5431606 population 0
WARNING: no counts at SNP 5431606 population 2
WARNING: no counts at SNP 5431606 population 3
WARNING: no counts at SNP 5431606 population 5
WARNING: no counts at SNP 5431607 population 0
WARNING: no counts at SNP 5431607 population 1
WARNING: no counts at SNP 5431607 population 2
WARNING: no counts at SNP 5431607 population 3
WARNING: no counts at SNP 5431607 population 5
WARNING: no counts at SNP 5431608 population 0
WARNING: no counts at SNP 5431608 population 2
WARNING: no counts at SNP 5431608 population 3
WARNING: no counts at SNP 5431608 population 4
WARNING: no counts at SNP 5431608 population 5
WARNING: no counts at SNP 5431609 population 0
WARNING: no counts at SNP 5431609 population 2
WARNING: no counts at SNP 5431609 population 3
WARNING: no counts at SNP 5431609 population 4
WARNING: no counts at SNP 5431609 population 5
Estimating covariance matrix in 4748 blocks of size 3600
SEED: 1585230444
Starting from:
(E.MaheNorth:0.0190567,(F.Curieuse:0.00888205,C.PraslinWest:0.00571649):0.0190567);
Adding B.PraslinPlaineHollandaise [4/8]
ln(likelihood): -1800793.5 
((E.MaheNorth:0.0174615,(F.Curieuse:0.0128084,C.PraslinWest:0.00876317):0.00105288):0.0139123,B.PraslinPlaineHollandaise:0.0139123);
Adding PML [5/8]
ln(likelihood): -809.14733 
((E.MaheNorth:0.0103635,PML:0.881237):0.00135258,(F.Curieuse:0.00722847,(C.PraslinWest:0.000532386,B.PraslinPlaineHollandaise:0.000681516):0.005152):0.00135258);
Adding A.PraslinPasquereRiver [6/8]
ln(likelihood): -2419.4593 
((E.MaheNorth:0.00969031,PML:0.880665):0.00168861,(F.Curieuse:0.00687916,((C.PraslinWest:0.000719667,B.PraslinPlaineHollandaise:0.000801483):0.0034326,A.PraslinPasquereRiver:0.00178551):0.00198586):0.00168861);
Adding D.LaDigue [7/8]
ln(likelihood): -3262.1903 
((E.MaheNorth:0.0101215,PML:0.8807):0.000737202,((F.Curieuse:0.00698311,((C.PraslinWest:0.000798648,B.PraslinPlaineHollandaise:0.000880369):0.00320744,A.PraslinPasquereRiver:0.00192878):0.0015584):0.00200443,D.LaDigue:0.00119844):0.000737202);
Adding G.MaheSouth [8/8]
ln(likelihood): -3115.1117 
(((PML:0.880128,G.MaheSouth:0.00816565):0.000389163,((F.Curieuse:0.00682755,((C.PraslinWest:0.000665158,B.PraslinPlaineHollandaise:0.000769161):0.00317641,A.PraslinPasquereRiver:0.0018153):0.00162901):0.00174831,D.LaDigue:0.00116043):0.00205379):0.00488746,E.MaheNorth:0.00488746);
Testing global rearrangements
PML:0.880128 D.LaDigue:0.00116043
-4897.0007 -3115.1117
(PML:0.880128,G.MaheSouth:0.00816565):0.000389163 E.MaheNorth:0.00488746
-3115.1117 -3115.1117
G.MaheSouth:0.00816565 F.Curieuse:0.00682755
-17447.224 -3115.1117
G.MaheSouth:0.00816565 C.PraslinWest:0.000665158
-49250.799 -3115.1117
G.MaheSouth:0.00816565 E.MaheNorth:0.00488746
-3145.5946 -3115.1117
F.Curieuse:0.00682755 G.MaheSouth:0.00816565
-16709.741 -3115.1117
F.Curieuse:0.00682755 A.PraslinPasquereRiver:0.0018153
-6336.3627 -3115.1117
F.Curieuse:0.00682755 E.MaheNorth:0.00488746
-14422.696 -3115.1117
C.PraslinWest:0.000665158 F.Curieuse:0.00682755
-18928.523 -3115.1117
C.PraslinWest:0.000665158 ((C.PraslinWest:0.000665158,B.PraslinPlaineHollandaise:0.000769161):0.00317641,A.PraslinPasquereRiver:0.0018153):0.00162901
-9276.5402 -3115.1117
C.PraslinWest:0.000665158 D.LaDigue:0.00116043
-22085.663 -3115.1117
B.PraslinPlaineHollandaise:0.000769161 A.PraslinPasquereRiver:0.0018153
-9276.5402 -3115.1117
A.PraslinPasquereRiver:0.0018153 PML:0.880128
-30955.286 -3115.1117
A.PraslinPasquereRiver:0.0018153 (PML:0.880128,G.MaheSouth:0.00816565):0.000389163
-26707.272 -3115.1117
A.PraslinPasquereRiver:0.0018153 G.MaheSouth:0.00816565
-30955.286 -3115.1117
A.PraslinPasquereRiver:0.0018153 F.Curieuse:0.00682755
-6336.3627 -3115.1117
A.PraslinPasquereRiver:0.0018153 E.MaheNorth:0.00488746
-26707.272 -3115.1117
D.LaDigue:0.00116043 PML:0.880128
-6757.5896 -3115.1117
D.LaDigue:0.00116043 (PML:0.880128,G.MaheSouth:0.00816565):0.000389163
-6250.678 -3115.1117
D.LaDigue:0.00116043 G.MaheSouth:0.00816565
-6793.2267 -3115.1117
D.LaDigue:0.00116043 C.PraslinWest:0.000665158
-14896.124 -3115.1117
D.LaDigue:0.00116043 (C.PraslinWest:0.000665158,B.PraslinPlaineHollandaise:0.000769161):0.00317641
-7148.1543 -3115.1117
D.LaDigue:0.00116043 B.PraslinPlaineHollandaise:0.000769161
-14896.124 -3115.1117
E.MaheNorth:0.00488746 G.MaheSouth:0.00816565
-3145.5946 -3115.1117
E.MaheNorth:0.00488746 F.Curieuse:0.00682755
-15129.494 -3115.1117
E.MaheNorth:0.00488746 D.LaDigue:0.00116043
-6250.678 -3115.1117
Set root above PML
DONE.
